<?xml version="1.0" encoding="UTF-8"?>
<testsuites name="Run all test case" time="2025.118" tests="50" failures="0" errors="0">
   <testsuite name="Run all test case" tests="50" failures="0" errors="0" time="2025.118" skipped="0" timestamp="2022-02-18 23:13:17" hostname="ha.pham - HLBW2D3" id="Test Suites/Run all test case">
      <properties>
         <property name="deviceName" value=""/>
         <property name="devicePlatform" value=""/>
         <property name="logFolder" value="C:\\Users\\ha.pham\\Documents\\GitHub\\Bonus-SE\\Katalon_pj\\Bonus_SE\\Reports\\20220218_231305\\Run all test case\\20220218_231305"/>
         <property name="logFiles" value="C:\\Users\\ha.pham\\Documents\\GitHub\\Bonus-SE\\Katalon_pj\\Bonus_SE\\Reports\\20220218_231305\\Run all test case\\20220218_231305\\execution0.log"/>
         <property name="attachments" value=""/>
         <property name="hostName" value="ha.pham - HLBW2D3"/>
         <property name="os" value="Windows 10 64bit"/>
         <property name="katalonVersion" value="8.2.0.208"/>
         <property name="browser" value="Chrome 98.0.4758.102"/>
         <property name="hostAddress" value="192.168.1.14"/>
         <property name="sessionId" value="215274dd1f98a4362eeac385fc64126e"/>
         <property name="seleniumVersion" value="3.141.59"/>
         <property name="proxyInformation" value="ProxyInformation { proxyOption=NO_PROXY, proxyServerType=HTTP, username=, password=********, proxyServerAddress=, proxyServerPort=0, executionList=&quot;&quot;, isApplyToDesiredCapabilities=true }"/>
         <property name="platform" value="Windows 10"/>
      </properties>
      <testcase name="Test Cases/3.Log_out" time="38.613" classname="Test Cases/3.Log_out" status="PASSED">
         <system-out><![CDATA[2022-02-18 23:13:17 - [TEST_CASE][PASSED] - Test Cases/3.Log_out: Test Cases/3.Log_out

2022-02-18 23:13:18 - [TEST_STEP][PASSED] - openBrowser(""): Browser is opened with url: ''

2022-02-18 23:13:18 - [MESSAGE][INFO] - Starting 'Chrome' driver

2022-02-18 23:13:18 - [MESSAGE][INFO] - Action delay is set to 1,000 milliseconds

2022-02-18 23:13:21 - [MESSAGE][PASSED] - Browser is opened with url: ''

2022-02-18 23:13:21 - [TEST_STEP][PASSED] - navigateToUrl("http://localhost:8080/"): Navigate to 'http://localhost:8080/' successfully

2022-02-18 23:13:23 - [MESSAGE][PASSED] - Navigate to 'http://localhost:8080/' successfully

2022-02-18 23:13:23 - [TEST_STEP][PASSED] - verifyElementPresent(findTestObject("Page_Element/a_Sign In"), 0): Object 'Object Repository/Page_Element/a_Sign In' is present

2022-02-18 23:13:23 - [MESSAGE][WARNING] - Timeout '0' is invalid. Using default page load timeout: '30'

2022-02-18 23:13:27 - [MESSAGE][PASSED] - Object 'Object Repository/Page_Element/a_Sign In' is present

2022-02-18 23:13:27 - [TEST_STEP][PASSED] - click(findTestObject("Object Repository/Page_Element/div_Sign In")): Object: 'Object Repository/Page_Element/div_Sign In' is clicked on

2022-02-18 23:13:28 - [MESSAGE][PASSED] - Object: 'Object Repository/Page_Element/div_Sign In' is clicked on

2022-02-18 23:13:28 - [TEST_STEP][PASSED] - verifyElementText(findTestObject("Page_Element/a_Twitter"), "Twitter"): Actual text and expected text of test object 'Object Repository/Page_Element/a_Twitter' are matched.

2022-02-18 23:13:28 - [MESSAGE][PASSED] - Actual text and expected text of test object 'Object Repository/Page_Element/a_Twitter' are matched.

2022-02-18 23:13:28 - [TEST_STEP][PASSED] - setText(findTestObject("Object Repository/Page_Element/input_Sign in with_username"), "ptnha19"): Text 'ptnha19' is set on object 'Object Repository/Page_Element/input_Sign in with_username'

2022-02-18 23:13:32 - [MESSAGE][PASSED] - Text 'ptnha19' is set on object 'Object Repository/Page_Element/input_Sign in with_username'

2022-02-18 23:13:32 - [TEST_STEP][PASSED] - setEncryptedText(findTestObject("Object Repository/Page_Element/input_Username_password"), "5R3Ima4A+eOeCrCDRGMLmJpaGR3V3+YI"): Text ****** has been set on object 'Object Repository/Page_Element/input_Username_password'

2022-02-18 23:13:34 - [MESSAGE][PASSED] - Text ****** has been set on object 'Object Repository/Page_Element/input_Username_password'

2022-02-18 23:13:34 - [TEST_STEP][PASSED] - click(findTestObject("Object Repository/Page_Element/input_Forgot password_mx_Login_submit")): Object: 'Object Repository/Page_Element/input_Forgot password_mx_Login_submit' is clicked on

2022-02-18 23:13:36 - [MESSAGE][PASSED] - Object: 'Object Repository/Page_Element/input_Forgot password_mx_Login_submit' is clicked on

2022-02-18 23:13:36 - [TEST_STEP][PASSED] - delay(10): Delayed 10 second(s)

2022-02-18 23:13:46 - [MESSAGE][PASSED] - Delayed 10 second(s)

2022-02-18 23:13:46 - [TEST_STEP][PASSED] - click(findTestObject("Object Repository/Page_Element/div_Verify with Security Key")): Object: 'Object Repository/Page_Element/div_Verify with Security Key' is clicked on

2022-02-18 23:13:47 - [MESSAGE][PASSED] - Object: 'Object Repository/Page_Element/div_Verify with Security Key' is clicked on

2022-02-18 23:13:47 - [TEST_STEP][PASSED] - verifyElementPresent(findTestObject("Page_Element/div_Looks good"), 0): Object 'Object Repository/Page_Element/div_Looks good' is present

2022-02-18 23:13:47 - [MESSAGE][WARNING] - Timeout '0' is invalid. Using default page load timeout: '30'

2022-02-18 23:13:48 - [MESSAGE][PASSED] - Object 'Object Repository/Page_Element/div_Looks good' is present

2022-02-18 23:13:48 - [TEST_STEP][PASSED] - setEncryptedText(findTestObject("Object Repository/Page_Element/input_Security Key_mx_Field_4"), "T5dL0dZa3GcY/MrlN7YOn6WOTrovA4jj9xOYEG/i3Z769E9Kq/X7+gryZqF4ov+opBHLAWv3wACasluLqCMBHw=="): Text ****** has been set on object 'Object Repository/Page_Element/input_Security Key_mx_Field_4'

2022-02-18 23:13:50 - [MESSAGE][PASSED] - Text ****** has been set on object 'Object Repository/Page_Element/input_Security Key_mx_Field_4'

2022-02-18 23:13:50 - [TEST_STEP][PASSED] - click(findTestObject("Object Repository/Page_Element/button_Continue")): Object: 'Object Repository/Page_Element/button_Continue' is clicked on

2022-02-18 23:13:51 - [MESSAGE][PASSED] - Object: 'Object Repository/Page_Element/button_Continue' is clicked on

2022-02-18 23:13:51 - [TEST_STEP][PASSED] - click(findTestObject("Object Repository/Page_Element/div_Done")): Object: 'Object Repository/Page_Element/div_Done' is clicked on

2022-02-18 23:13:52 - [MESSAGE][PASSED] - Object: 'Object Repository/Page_Element/div_Done' is clicked on

2022-02-18 23:13:52 - [TEST_STEP][PASSED] - click(findTestObject("Object Repository/Page_Element/img_Enable_mx_BaseAvatar_image")): Object: 'Object Repository/Page_Element/img_Enable_mx_BaseAvatar_image' is clicked on

2022-02-18 23:13:54 - [MESSAGE][PASSED] - Object: 'Object Repository/Page_Element/img_Enable_mx_BaseAvatar_image' is clicked on

2022-02-18 23:13:54 - [TEST_STEP][PASSED] - click(findTestObject("Object Repository/Page_Element/span_Sign out")): Object: 'Object Repository/Page_Element/span_Sign out' is clicked on

2022-02-18 23:13:55 - [MESSAGE][PASSED] - Object: 'Object Repository/Page_Element/span_Sign out' is clicked on

2022-02-18 23:13:55 - [TEST_STEP][PASSED] - closeBrowser(): Browser is closed

2022-02-18 23:13:56 - [MESSAGE][PASSED] - Browser is closed]]></system-out>
         <system-err><![CDATA[]]></system-err>
      </testcase>
      <testcase name="Test Cases/44.SignOutThroughSetting" time="43.55" classname="Test Cases/44.SignOutThroughSetting" status="PASSED">
         <system-out><![CDATA[2022-02-18 23:13:56 - [TEST_CASE][PASSED] - Test Cases/44.SignOutThroughSetting: Test Cases/44.SignOutThroughSetting

2022-02-18 23:13:56 - [TEST_STEP][PASSED] - openBrowser(""): Browser is opened with url: ''

2022-02-18 23:13:56 - [MESSAGE][INFO] - Starting 'Chrome' driver

2022-02-18 23:13:56 - [MESSAGE][INFO] - Action delay is set to 1,000 milliseconds

2022-02-18 23:13:58 - [MESSAGE][PASSED] - Browser is opened with url: ''

2022-02-18 23:13:58 - [TEST_STEP][PASSED] - navigateToUrl("http://localhost:8080/"): Navigate to 'http://localhost:8080/' successfully

2022-02-18 23:14:00 - [MESSAGE][PASSED] - Navigate to 'http://localhost:8080/' successfully

2022-02-18 23:14:00 - [TEST_STEP][PASSED] - verifyElementPresent(findTestObject("Page_Element/a_Sign In"), 0): Object 'Object Repository/Page_Element/a_Sign In' is present

2022-02-18 23:14:00 - [MESSAGE][WARNING] - Timeout '0' is invalid. Using default page load timeout: '30'

2022-02-18 23:14:03 - [MESSAGE][PASSED] - Object 'Object Repository/Page_Element/a_Sign In' is present

2022-02-18 23:14:03 - [TEST_STEP][PASSED] - click(findTestObject("Object Repository/Page_Element/div_Sign In")): Object: 'Object Repository/Page_Element/div_Sign In' is clicked on

2022-02-18 23:14:04 - [MESSAGE][PASSED] - Object: 'Object Repository/Page_Element/div_Sign In' is clicked on

2022-02-18 23:14:04 - [TEST_STEP][PASSED] - verifyElementText(findTestObject("Page_Element/a_Twitter"), "Twitter"): Actual text and expected text of test object 'Object Repository/Page_Element/a_Twitter' are matched.

2022-02-18 23:14:04 - [MESSAGE][PASSED] - Actual text and expected text of test object 'Object Repository/Page_Element/a_Twitter' are matched.

2022-02-18 23:14:04 - [TEST_STEP][PASSED] - setText(findTestObject("Object Repository/Page_Element/input_Sign in with_username"), "ptnha19"): Text 'ptnha19' is set on object 'Object Repository/Page_Element/input_Sign in with_username'

2022-02-18 23:14:08 - [MESSAGE][PASSED] - Text 'ptnha19' is set on object 'Object Repository/Page_Element/input_Sign in with_username'

2022-02-18 23:14:08 - [TEST_STEP][PASSED] - setEncryptedText(findTestObject("Object Repository/Page_Element/input_Username_password"), "5R3Ima4A+eOeCrCDRGMLmJpaGR3V3+YI"): Text ****** has been set on object 'Object Repository/Page_Element/input_Username_password'

2022-02-18 23:14:10 - [MESSAGE][PASSED] - Text ****** has been set on object 'Object Repository/Page_Element/input_Username_password'

2022-02-18 23:14:10 - [TEST_STEP][PASSED] - click(findTestObject("Object Repository/Page_Element/input_Forgot password_mx_Login_submit")): Object: 'Object Repository/Page_Element/input_Forgot password_mx_Login_submit' is clicked on

2022-02-18 23:14:11 - [MESSAGE][PASSED] - Object: 'Object Repository/Page_Element/input_Forgot password_mx_Login_submit' is clicked on

2022-02-18 23:14:11 - [TEST_STEP][PASSED] - delay(10): Delayed 10 second(s)

2022-02-18 23:14:21 - [MESSAGE][PASSED] - Delayed 10 second(s)

2022-02-18 23:14:21 - [TEST_STEP][PASSED] - click(findTestObject("Object Repository/Page_Element/div_Verify with Security Key")): Object: 'Object Repository/Page_Element/div_Verify with Security Key' is clicked on

2022-02-18 23:14:25 - [MESSAGE][PASSED] - Object: 'Object Repository/Page_Element/div_Verify with Security Key' is clicked on

2022-02-18 23:14:25 - [TEST_STEP][PASSED] - verifyElementPresent(findTestObject("Page_Element/div_Looks good"), 0): Object 'Object Repository/Page_Element/div_Looks good' is present

2022-02-18 23:14:25 - [MESSAGE][WARNING] - Timeout '0' is invalid. Using default page load timeout: '30'

2022-02-18 23:14:26 - [MESSAGE][PASSED] - Object 'Object Repository/Page_Element/div_Looks good' is present

2022-02-18 23:14:26 - [TEST_STEP][PASSED] - setEncryptedText(findTestObject("Object Repository/Page_Element/input_Security Key_mx_Field_4"), "T5dL0dZa3GcY/MrlN7YOn6WOTrovA4jj9xOYEG/i3Z769E9Kq/X7+gryZqF4ov+opBHLAWv3wACasluLqCMBHw=="): Text ****** has been set on object 'Object Repository/Page_Element/input_Security Key_mx_Field_4'

2022-02-18 23:14:28 - [MESSAGE][PASSED] - Text ****** has been set on object 'Object Repository/Page_Element/input_Security Key_mx_Field_4'

2022-02-18 23:14:28 - [TEST_STEP][PASSED] - click(findTestObject("Object Repository/Page_Element/button_Continue")): Object: 'Object Repository/Page_Element/button_Continue' is clicked on

2022-02-18 23:14:30 - [MESSAGE][PASSED] - Object: 'Object Repository/Page_Element/button_Continue' is clicked on

2022-02-18 23:14:30 - [TEST_STEP][PASSED] - click(findTestObject("Object Repository/Page_Element/div_Done")): Object: 'Object Repository/Page_Element/div_Done' is clicked on

2022-02-18 23:14:31 - [MESSAGE][PASSED] - Object: 'Object Repository/Page_Element/div_Done' is clicked on

2022-02-18 23:14:31 - [TEST_STEP][PASSED] - click(findTestObject("Object Repository/Page_Element/img_Review_mx_BaseAvatar_image")): Object: 'Object Repository/Page_Element/img_Review_mx_BaseAvatar_image' is clicked on

2022-02-18 23:14:32 - [MESSAGE][PASSED] - Object: 'Object Repository/Page_Element/img_Review_mx_BaseAvatar_image' is clicked on

2022-02-18 23:14:32 - [TEST_STEP][PASSED] - verifyElementText(findTestObject("Page_Element/span_ptnha19matrix.org"), "@ptnha19:matrix.org"): Actual text and expected text of test object 'Object Repository/Page_Element/span_ptnha19matrix.org' are matched.

2022-02-18 23:14:32 - [MESSAGE][PASSED] - Actual text and expected text of test object 'Object Repository/Page_Element/span_ptnha19matrix.org' are matched.

2022-02-18 23:14:32 - [TEST_STEP][PASSED] - click(findTestObject("Object Repository/Page_Element/span_All settings")): Object: 'Object Repository/Page_Element/span_All settings' is clicked on

2022-02-18 23:14:33 - [MESSAGE][PASSED] - Object: 'Object Repository/Page_Element/span_All settings' is clicked on

2022-02-18 23:14:33 - [TEST_STEP][PASSED] - click(findTestObject("Object Repository/Page_Element/span_Security  Privacy")): Object: 'Object Repository/Page_Element/span_Security  Privacy' is clicked on

2022-02-18 23:14:34 - [MESSAGE][PASSED] - Object: 'Object Repository/Page_Element/span_Security  Privacy' is clicked on

2022-02-18 23:14:34 - [TEST_STEP][PASSED] - click(findTestObject("Object Repository/Page_Element/div_Sign Out")): Object: 'Object Repository/Page_Element/div_Sign Out' is clicked on

2022-02-18 23:14:36 - [MESSAGE][PASSED] - Object: 'Object Repository/Page_Element/div_Sign Out' is clicked on

2022-02-18 23:14:36 - [TEST_STEP][PASSED] - click(findTestObject("Page_Element/button_I dont want my encrypted messages")): Object: 'Object Repository/Page_Element/button_I dont want my encrypted messages' is clicked on

2022-02-18 23:14:38 - [MESSAGE][PASSED] - Object: 'Object Repository/Page_Element/button_I dont want my encrypted messages' is clicked on

2022-02-18 23:14:38 - [TEST_STEP][PASSED] - closeBrowser(): Browser is closed

2022-02-18 23:14:39 - [MESSAGE][PASSED] - Browser is closed]]></system-out>
         <system-err><![CDATA[]]></system-err>
      </testcase>
      <testcase name="Test Cases/6.Search_join_public_room" time="65.621" classname="Test Cases/6.Search_join_public_room" status="PASSED">
         <system-out><![CDATA[2022-02-18 23:14:39 - [TEST_CASE][PASSED] - Test Cases/6.Search_join_public_room: Test Cases/6.Search_join_public_room

2022-02-18 23:14:40 - [TEST_STEP][PASSED] - openBrowser(""): Browser is opened with url: ''

2022-02-18 23:14:40 - [MESSAGE][INFO] - Starting 'Chrome' driver

2022-02-18 23:14:40 - [MESSAGE][INFO] - Action delay is set to 1,000 milliseconds

2022-02-18 23:14:41 - [MESSAGE][PASSED] - Browser is opened with url: ''

2022-02-18 23:14:41 - [TEST_STEP][PASSED] - navigateToUrl("http://localhost:8080/"): Navigate to 'http://localhost:8080/' successfully

2022-02-18 23:14:44 - [MESSAGE][PASSED] - Navigate to 'http://localhost:8080/' successfully

2022-02-18 23:14:44 - [TEST_STEP][PASSED] - verifyElementPresent(findTestObject("Page_Element/a_Sign In"), 0): Object 'Object Repository/Page_Element/a_Sign In' is present

2022-02-18 23:14:44 - [MESSAGE][WARNING] - Timeout '0' is invalid. Using default page load timeout: '30'

2022-02-18 23:14:46 - [MESSAGE][PASSED] - Object 'Object Repository/Page_Element/a_Sign In' is present

2022-02-18 23:14:46 - [TEST_STEP][PASSED] - click(findTestObject("Object Repository/Page_Element/div_Sign In")): Object: 'Object Repository/Page_Element/div_Sign In' is clicked on

2022-02-18 23:14:47 - [MESSAGE][PASSED] - Object: 'Object Repository/Page_Element/div_Sign In' is clicked on

2022-02-18 23:14:47 - [TEST_STEP][PASSED] - verifyElementText(findTestObject("Page_Element/a_Twitter"), "Twitter"): Actual text and expected text of test object 'Object Repository/Page_Element/a_Twitter' are matched.

2022-02-18 23:14:47 - [MESSAGE][PASSED] - Actual text and expected text of test object 'Object Repository/Page_Element/a_Twitter' are matched.

2022-02-18 23:14:47 - [TEST_STEP][PASSED] - setText(findTestObject("Object Repository/Page_Element/input_Sign in with_username"), "ptnha19"): Text 'ptnha19' is set on object 'Object Repository/Page_Element/input_Sign in with_username'

2022-02-18 23:14:51 - [MESSAGE][PASSED] - Text 'ptnha19' is set on object 'Object Repository/Page_Element/input_Sign in with_username'

2022-02-18 23:14:51 - [TEST_STEP][PASSED] - setEncryptedText(findTestObject("Object Repository/Page_Element/input_Username_password"), "5R3Ima4A+eOeCrCDRGMLmJpaGR3V3+YI"): Text ****** has been set on object 'Object Repository/Page_Element/input_Username_password'

2022-02-18 23:14:53 - [MESSAGE][PASSED] - Text ****** has been set on object 'Object Repository/Page_Element/input_Username_password'

2022-02-18 23:14:53 - [TEST_STEP][PASSED] - click(findTestObject("Object Repository/Page_Element/input_Forgot password_mx_Login_submit")): Object: 'Object Repository/Page_Element/input_Forgot password_mx_Login_submit' is clicked on

2022-02-18 23:14:54 - [MESSAGE][PASSED] - Object: 'Object Repository/Page_Element/input_Forgot password_mx_Login_submit' is clicked on

2022-02-18 23:14:54 - [TEST_STEP][PASSED] - delay(10): Delayed 10 second(s)

2022-02-18 23:15:04 - [MESSAGE][PASSED] - Delayed 10 second(s)

2022-02-18 23:15:04 - [TEST_STEP][PASSED] - click(findTestObject("Object Repository/Page_Element/div_Verify with Security Key")): Object: 'Object Repository/Page_Element/div_Verify with Security Key' is clicked on

2022-02-18 23:15:05 - [MESSAGE][PASSED] - Object: 'Object Repository/Page_Element/div_Verify with Security Key' is clicked on

2022-02-18 23:15:05 - [TEST_STEP][PASSED] - verifyElementPresent(findTestObject("Page_Element/div_Looks good"), 0): Object 'Object Repository/Page_Element/div_Looks good' is present

2022-02-18 23:15:05 - [MESSAGE][WARNING] - Timeout '0' is invalid. Using default page load timeout: '30'

2022-02-18 23:15:06 - [MESSAGE][PASSED] - Object 'Object Repository/Page_Element/div_Looks good' is present

2022-02-18 23:15:06 - [TEST_STEP][PASSED] - setEncryptedText(findTestObject("Object Repository/Page_Element/input_Security Key_mx_Field_4"), "T5dL0dZa3GcY/MrlN7YOn6WOTrovA4jj9xOYEG/i3Z769E9Kq/X7+gryZqF4ov+opBHLAWv3wACasluLqCMBHw=="): Text ****** has been set on object 'Object Repository/Page_Element/input_Security Key_mx_Field_4'

2022-02-18 23:15:09 - [MESSAGE][PASSED] - Text ****** has been set on object 'Object Repository/Page_Element/input_Security Key_mx_Field_4'

2022-02-18 23:15:09 - [TEST_STEP][PASSED] - click(findTestObject("Object Repository/Page_Element/button_Continue")): Object: 'Object Repository/Page_Element/button_Continue' is clicked on

2022-02-18 23:15:10 - [MESSAGE][PASSED] - Object: 'Object Repository/Page_Element/button_Continue' is clicked on

2022-02-18 23:15:10 - [TEST_STEP][PASSED] - click(findTestObject("Object Repository/Page_Element/div_Done")): Object: 'Object Repository/Page_Element/div_Done' is clicked on

2022-02-18 23:15:11 - [MESSAGE][PASSED] - Object: 'Object Repository/Page_Element/div_Done' is clicked on

2022-02-18 23:15:11 - [TEST_STEP][PASSED] - click(findTestObject("Object Repository/Page_Element/div_Rooms_mx_AccessibleButton mx_RoomSublis_27fc2e")): Object: 'Object Repository/Page_Element/div_Rooms_mx_AccessibleButton mx_RoomSublis_27fc2e' is clicked on

2022-02-18 23:15:12 - [MESSAGE][PASSED] - Object: 'Object Repository/Page_Element/div_Rooms_mx_AccessibleButton mx_RoomSublis_27fc2e' is clicked on

2022-02-18 23:15:12 - [TEST_STEP][PASSED] - click(findTestObject("Object Repository/Page_Element/span_Explore public rooms")): Object: 'Object Repository/Page_Element/span_Explore public rooms' is clicked on

2022-02-18 23:15:32 - [MESSAGE][PASSED] - Object: 'Object Repository/Page_Element/span_Explore public rooms' is clicked on

2022-02-18 23:15:32 - [TEST_STEP][PASSED] - verifyElementPresent(findTestObject("Page_Element 1/input_Create a new room_dirsearch"), 0): Object 'Object Repository/Page_Element 1/input_Create a new room_dirsearch' is present

2022-02-18 23:15:32 - [MESSAGE][WARNING] - Timeout '0' is invalid. Using default page load timeout: '30'

2022-02-18 23:15:33 - [MESSAGE][PASSED] - Object 'Object Repository/Page_Element 1/input_Create a new room_dirsearch' is present

2022-02-18 23:15:33 - [TEST_STEP][PASSED] - setText(findTestObject("Object Repository/Page_Element/input_Create a new room_dirsearch"), "haha4"): Text 'haha4' is set on object 'Object Repository/Page_Element/input_Create a new room_dirsearch'

2022-02-18 23:15:35 - [MESSAGE][PASSED] - Text 'haha4' is set on object 'Object Repository/Page_Element/input_Create a new room_dirsearch'

2022-02-18 23:15:35 - [TEST_STEP][PASSED] - delay(5): Delayed 5 second(s)

2022-02-18 23:15:40 - [MESSAGE][PASSED] - Delayed 5 second(s)

2022-02-18 23:15:40 - [TEST_STEP][PASSED] - click(findTestObject("Object Repository/Page_Element/div_hahahaha4duangaomatrix.org")): Object: 'Object Repository/Page_Element/div_hahahaha4duangaomatrix.org' is clicked on

2022-02-18 23:15:41 - [MESSAGE][PASSED] - Object: 'Object Repository/Page_Element/div_hahahaha4duangaomatrix.org' is clicked on

2022-02-18 23:15:41 - [TEST_STEP][PASSED] - click(findTestObject("Object Repository/Page_Element/div_Join")): Object: 'Object Repository/Page_Element/div_Join' is clicked on

2022-02-18 23:15:42 - [MESSAGE][PASSED] - Object: 'Object Repository/Page_Element/div_Join' is clicked on

2022-02-18 23:15:42 - [TEST_STEP][PASSED] - click(findTestObject("Object Repository/Page_Element  haha/div_haha")): Object: 'Object Repository/Page_Element  haha/div_haha' is clicked on

2022-02-18 23:15:44 - [MESSAGE][PASSED] - Object: 'Object Repository/Page_Element  haha/div_haha' is clicked on

2022-02-18 23:15:44 - [TEST_STEP][PASSED] - closeBrowser(): Browser is closed

2022-02-18 23:15:45 - [MESSAGE][PASSED] - Browser is closed]]></system-out>
         <system-err><![CDATA[]]></system-err>
      </testcase>
      <testcase name="Test Cases/43.InvalidSecurityKey" time="36.569" classname="Test Cases/43.InvalidSecurityKey" status="PASSED">
         <system-out><![CDATA[2022-02-18 23:15:45 - [TEST_CASE][PASSED] - Test Cases/43.InvalidSecurityKey: Test Cases/43.InvalidSecurityKey

2022-02-18 23:15:45 - [TEST_STEP][PASSED] - openBrowser(""): Browser is opened with url: ''

2022-02-18 23:15:45 - [MESSAGE][INFO] - Starting 'Chrome' driver

2022-02-18 23:15:45 - [MESSAGE][INFO] - Action delay is set to 1,000 milliseconds

2022-02-18 23:15:47 - [MESSAGE][PASSED] - Browser is opened with url: ''

2022-02-18 23:15:47 - [TEST_STEP][PASSED] - navigateToUrl("http://localhost:8080/"): Navigate to 'http://localhost:8080/' successfully

2022-02-18 23:15:49 - [MESSAGE][PASSED] - Navigate to 'http://localhost:8080/' successfully

2022-02-18 23:15:49 - [TEST_STEP][PASSED] - verifyElementPresent(findTestObject("Page_Element/a_Sign In"), 0): Object 'Object Repository/Page_Element/a_Sign In' is present

2022-02-18 23:15:50 - [MESSAGE][WARNING] - Timeout '0' is invalid. Using default page load timeout: '30'

2022-02-18 23:15:52 - [MESSAGE][PASSED] - Object 'Object Repository/Page_Element/a_Sign In' is present

2022-02-18 23:15:52 - [TEST_STEP][PASSED] - click(findTestObject("Object Repository/Page_Element/div_Sign In")): Object: 'Object Repository/Page_Element/div_Sign In' is clicked on

2022-02-18 23:15:53 - [MESSAGE][PASSED] - Object: 'Object Repository/Page_Element/div_Sign In' is clicked on

2022-02-18 23:15:53 - [TEST_STEP][PASSED] - verifyElementText(findTestObject("Page_Element/a_Twitter"), "Twitter"): Actual text and expected text of test object 'Object Repository/Page_Element/a_Twitter' are matched.

2022-02-18 23:15:53 - [MESSAGE][PASSED] - Actual text and expected text of test object 'Object Repository/Page_Element/a_Twitter' are matched.

2022-02-18 23:15:53 - [TEST_STEP][PASSED] - setText(findTestObject("Object Repository/Page_Element/input_Sign in with_username"), "ptnha19"): Text 'ptnha19' is set on object 'Object Repository/Page_Element/input_Sign in with_username'

2022-02-18 23:16:01 - [MESSAGE][PASSED] - Text 'ptnha19' is set on object 'Object Repository/Page_Element/input_Sign in with_username'

2022-02-18 23:16:01 - [TEST_STEP][PASSED] - setEncryptedText(findTestObject("Object Repository/Page_Element/input_Username_password"), "5R3Ima4A+eOeCrCDRGMLmJpaGR3V3+YI"): Text ****** has been set on object 'Object Repository/Page_Element/input_Username_password'

2022-02-18 23:16:03 - [MESSAGE][PASSED] - Text ****** has been set on object 'Object Repository/Page_Element/input_Username_password'

2022-02-18 23:16:03 - [TEST_STEP][PASSED] - click(findTestObject("Object Repository/Page_Element/input_Forgot password_mx_Login_submit")): Object: 'Object Repository/Page_Element/input_Forgot password_mx_Login_submit' is clicked on

2022-02-18 23:16:05 - [MESSAGE][PASSED] - Object: 'Object Repository/Page_Element/input_Forgot password_mx_Login_submit' is clicked on

2022-02-18 23:16:05 - [TEST_STEP][PASSED] - delay(10): Delayed 10 second(s)

2022-02-18 23:16:15 - [MESSAGE][PASSED] - Delayed 10 second(s)

2022-02-18 23:16:15 - [TEST_STEP][PASSED] - click(findTestObject("Object Repository/Page_Element/div_Verify with Security Key")): Object: 'Object Repository/Page_Element/div_Verify with Security Key' is clicked on

2022-02-18 23:16:16 - [MESSAGE][PASSED] - Object: 'Object Repository/Page_Element/div_Verify with Security Key' is clicked on

2022-02-18 23:16:16 - [TEST_STEP][PASSED] - verifyElementPresent(findTestObject("Page_Element/div_Looks good"), 0): Object 'Object Repository/Page_Element/div_Looks good' is present

2022-02-18 23:16:16 - [MESSAGE][WARNING] - Timeout '0' is invalid. Using default page load timeout: '30'

2022-02-18 23:16:17 - [MESSAGE][PASSED] - Object 'Object Repository/Page_Element/div_Looks good' is present

2022-02-18 23:16:17 - [TEST_STEP][PASSED] - setEncryptedText(findTestObject("Object Repository/Page_Element/input_Security Key_mx_Field_4"), "5R3Ima4A+eOeCrCDRGMLmJpaGR3V3+YI"): Text ****** has been set on object 'Object Repository/Page_Element/input_Security Key_mx_Field_4'

2022-02-18 23:16:19 - [MESSAGE][PASSED] - Text ****** has been set on object 'Object Repository/Page_Element/input_Security Key_mx_Field_4'

2022-02-18 23:16:19 - [TEST_STEP][PASSED] - click(findTestObject("Object Repository/Page_Element/div_Invalid Security Key")): Object: 'Object Repository/Page_Element/div_Invalid Security Key' is clicked on

2022-02-18 23:16:20 - [MESSAGE][PASSED] - Object: 'Object Repository/Page_Element/div_Invalid Security Key' is clicked on

2022-02-18 23:16:20 - [TEST_STEP][PASSED] - verifyElementPresent(findTestObject("Page_Element/h2_Security Key"), 0): Object 'Object Repository/Page_Element/h2_Security Key' is present

2022-02-18 23:16:20 - [MESSAGE][WARNING] - Timeout '0' is invalid. Using default page load timeout: '30'

2022-02-18 23:16:20 - [MESSAGE][PASSED] - Object 'Object Repository/Page_Element/h2_Security Key' is present

2022-02-18 23:16:20 - [TEST_STEP][PASSED] - closeBrowser(): Browser is closed

2022-02-18 23:16:22 - [MESSAGE][PASSED] - Browser is closed]]></system-out>
         <system-err><![CDATA[]]></system-err>
      </testcase>
      <testcase name="Test Cases/55.ShareLink" time="40.994" classname="Test Cases/55.ShareLink" status="PASSED">
         <system-out><![CDATA[2022-02-18 23:16:22 - [TEST_CASE][PASSED] - Test Cases/55.ShareLink: Test Cases/55.ShareLink

2022-02-18 23:16:22 - [TEST_STEP][PASSED] - openBrowser(""): Browser is opened with url: ''

2022-02-18 23:16:22 - [MESSAGE][INFO] - Starting 'Chrome' driver

2022-02-18 23:16:22 - [MESSAGE][INFO] - Action delay is set to 1,000 milliseconds

2022-02-18 23:16:24 - [MESSAGE][PASSED] - Browser is opened with url: ''

2022-02-18 23:16:24 - [TEST_STEP][PASSED] - navigateToUrl("http://localhost:8080/"): Navigate to 'http://localhost:8080/' successfully

2022-02-18 23:16:26 - [MESSAGE][PASSED] - Navigate to 'http://localhost:8080/' successfully

2022-02-18 23:16:26 - [TEST_STEP][PASSED] - verifyElementPresent(findTestObject("Page_Element/a_Sign In"), 0): Object 'Object Repository/Page_Element/a_Sign In' is present

2022-02-18 23:16:26 - [MESSAGE][WARNING] - Timeout '0' is invalid. Using default page load timeout: '30'

2022-02-18 23:16:29 - [MESSAGE][PASSED] - Object 'Object Repository/Page_Element/a_Sign In' is present

2022-02-18 23:16:29 - [TEST_STEP][PASSED] - click(findTestObject("Object Repository/Page_Element/div_Sign In")): Object: 'Object Repository/Page_Element/div_Sign In' is clicked on

2022-02-18 23:16:30 - [MESSAGE][PASSED] - Object: 'Object Repository/Page_Element/div_Sign In' is clicked on

2022-02-18 23:16:30 - [TEST_STEP][PASSED] - verifyElementText(findTestObject("Page_Element/a_Twitter"), "Twitter"): Actual text and expected text of test object 'Object Repository/Page_Element/a_Twitter' are matched.

2022-02-18 23:16:30 - [MESSAGE][PASSED] - Actual text and expected text of test object 'Object Repository/Page_Element/a_Twitter' are matched.

2022-02-18 23:16:30 - [TEST_STEP][PASSED] - setText(findTestObject("Object Repository/Page_Element/input_Sign in with_username"), "ptnha19"): Text 'ptnha19' is set on object 'Object Repository/Page_Element/input_Sign in with_username'

2022-02-18 23:16:33 - [MESSAGE][PASSED] - Text 'ptnha19' is set on object 'Object Repository/Page_Element/input_Sign in with_username'

2022-02-18 23:16:33 - [TEST_STEP][PASSED] - setEncryptedText(findTestObject("Object Repository/Page_Element/input_Username_password"), "5R3Ima4A+eOeCrCDRGMLmJpaGR3V3+YI"): Text ****** has been set on object 'Object Repository/Page_Element/input_Username_password'

2022-02-18 23:16:36 - [MESSAGE][PASSED] - Text ****** has been set on object 'Object Repository/Page_Element/input_Username_password'

2022-02-18 23:16:36 - [TEST_STEP][PASSED] - click(findTestObject("Object Repository/Page_Element/input_Forgot password_mx_Login_submit")): Object: 'Object Repository/Page_Element/input_Forgot password_mx_Login_submit' is clicked on

2022-02-18 23:16:37 - [MESSAGE][PASSED] - Object: 'Object Repository/Page_Element/input_Forgot password_mx_Login_submit' is clicked on

2022-02-18 23:16:37 - [TEST_STEP][PASSED] - delay(10): Delayed 10 second(s)

2022-02-18 23:16:47 - [MESSAGE][PASSED] - Delayed 10 second(s)

2022-02-18 23:16:47 - [TEST_STEP][PASSED] - click(findTestObject("Object Repository/Page_Element/div_Verify with Security Key")): Object: 'Object Repository/Page_Element/div_Verify with Security Key' is clicked on

2022-02-18 23:16:48 - [MESSAGE][PASSED] - Object: 'Object Repository/Page_Element/div_Verify with Security Key' is clicked on

2022-02-18 23:16:48 - [TEST_STEP][PASSED] - verifyElementPresent(findTestObject("Page_Element/div_Looks good"), 0): Object 'Object Repository/Page_Element/div_Looks good' is present

2022-02-18 23:16:48 - [MESSAGE][WARNING] - Timeout '0' is invalid. Using default page load timeout: '30'

2022-02-18 23:16:49 - [MESSAGE][PASSED] - Object 'Object Repository/Page_Element/div_Looks good' is present

2022-02-18 23:16:49 - [TEST_STEP][PASSED] - setEncryptedText(findTestObject("Object Repository/Page_Element/input_Security Key_mx_Field_4"), "T5dL0dZa3GcY/MrlN7YOn6WOTrovA4jj9xOYEG/i3Z769E9Kq/X7+gryZqF4ov+opBHLAWv3wACasluLqCMBHw=="): Text ****** has been set on object 'Object Repository/Page_Element/input_Security Key_mx_Field_4'

2022-02-18 23:16:51 - [MESSAGE][PASSED] - Text ****** has been set on object 'Object Repository/Page_Element/input_Security Key_mx_Field_4'

2022-02-18 23:16:51 - [TEST_STEP][PASSED] - click(findTestObject("Object Repository/Page_Element/button_Continue")): Object: 'Object Repository/Page_Element/button_Continue' is clicked on

2022-02-18 23:16:53 - [MESSAGE][PASSED] - Object: 'Object Repository/Page_Element/button_Continue' is clicked on

2022-02-18 23:16:53 - [TEST_STEP][PASSED] - click(findTestObject("Object Repository/Page_Element/div_Done")): Object: 'Object Repository/Page_Element/div_Done' is clicked on

2022-02-18 23:16:54 - [MESSAGE][PASSED] - Object: 'Object Repository/Page_Element/div_Done' is clicked on

2022-02-18 23:16:54 - [TEST_STEP][PASSED] - verifyElementPresent(findTestObject("Page_Element/div_Administrator_mx_AccessibleButton mx_RoomTile_notificationsButton mx_RoomTile_iconBellCrossed mx_RoomTile_notificationsButton_show"), 0): Object 'Object Repository/Page_Element/div_Administrator_mx_AccessibleButton mx_RoomTile_notificationsButton mx_RoomTile_iconBellCrossed mx_RoomTile_notificationsButton_show' is present

2022-02-18 23:16:54 - [MESSAGE][WARNING] - Timeout '0' is invalid. Using default page load timeout: '30'

2022-02-18 23:16:54 - [MESSAGE][PASSED] - Object 'Object Repository/Page_Element/div_Administrator_mx_AccessibleButton mx_RoomTile_notificationsButton mx_RoomTile_iconBellCrossed mx_RoomTile_notificationsButton_show' is present

2022-02-18 23:16:54 - [TEST_STEP][PASSED] - click(findTestObject("Object Repository/Page_Element/div_Tr Cao Thin")): Object: 'Object Repository/Page_Element/div_Tr Cao Thin' is clicked on

2022-02-18 23:16:55 - [MESSAGE][PASSED] - Object: 'Object Repository/Page_Element/div_Tr Cao Thin' is clicked on

2022-02-18 23:16:55 - [TEST_STEP][PASSED] - click(findTestObject("Object Repository/Page_Element  Tr Cao Thin/div_Tr Cao Thin_mx_AccessibleButton mx_Righ_04f030")): Object: 'Object Repository/Page_Element  Tr Cao Thin/div_Tr Cao Thin_mx_AccessibleButton mx_Righ_04f030' is clicked on

2022-02-18 23:16:57 - [MESSAGE][PASSED] - Object: 'Object Repository/Page_Element  Tr Cao Thin/div_Tr Cao Thin_mx_AccessibleButton mx_Righ_04f030' is clicked on

2022-02-18 23:16:57 - [TEST_STEP][PASSED] - verifyElementClickable(findTestObject("Page_Element  Administrator/h2_Administrator"), STOP_ON_FAILURE): Object 'Object Repository/Page_Element  Administrator/h2_Administrator' is clickable

2022-02-18 23:16:57 - [MESSAGE][PASSED] - Object 'Object Repository/Page_Element  Administrator/h2_Administrator' is clickable

2022-02-18 23:16:57 - [TEST_STEP][PASSED] - click(findTestObject("Object Repository/Page_Element  Tr Cao Thin/div_Share room")): Object: 'Object Repository/Page_Element  Tr Cao Thin/div_Share room' is clicked on

2022-02-18 23:16:58 - [MESSAGE][PASSED] - Object: 'Object Repository/Page_Element  Tr Cao Thin/div_Share room' is clicked on

2022-02-18 23:16:58 - [TEST_STEP][PASSED] - click(findTestObject("Object Repository/Page_Element  Tr Cao Thin/div_httpsmatrix.toFfCpvSioZvOdNBsrLematrix._1ba303")): Object: 'Object Repository/Page_Element  Tr Cao Thin/div_httpsmatrix.toFfCpvSioZvOdNBsrLematrix._1ba303' is clicked on

2022-02-18 23:16:59 - [MESSAGE][PASSED] - Object: 'Object Repository/Page_Element  Tr Cao Thin/div_httpsmatrix.toFfCpvSioZvOdNBsrLematrix._1ba303' is clicked on

2022-02-18 23:16:59 - [TEST_STEP][PASSED] - click(findTestObject("Object Repository/Page_Element  Tr Cao Thin/div_Share Room_mx_AccessibleButton mx_Dialo_364380")): Object: 'Object Repository/Page_Element  Tr Cao Thin/div_Share Room_mx_AccessibleButton mx_Dialo_364380' is clicked on

2022-02-18 23:17:00 - [MESSAGE][PASSED] - Object: 'Object Repository/Page_Element  Tr Cao Thin/div_Share Room_mx_AccessibleButton mx_Dialo_364380' is clicked on

2022-02-18 23:17:00 - [TEST_STEP][PASSED] - click(findTestObject("Object Repository/Page_Element  Tr Cao Thin/div_Tr Cao Thin")): Object: 'Object Repository/Page_Element  Tr Cao Thin/div_Tr Cao Thin' is clicked on

2022-02-18 23:17:01 - [MESSAGE][PASSED] - Object: 'Object Repository/Page_Element  Tr Cao Thin/div_Tr Cao Thin' is clicked on

2022-02-18 23:17:01 - [TEST_STEP][PASSED] - closeBrowser(): Browser is closed

2022-02-18 23:17:03 - [MESSAGE][PASSED] - Browser is closed]]></system-out>
         <system-err><![CDATA[]]></system-err>
      </testcase>
      <testcase name="Test Cases/78.RightClickSpace" time="38.502" classname="Test Cases/78.RightClickSpace" status="PASSED">
         <system-out><![CDATA[2022-02-18 23:17:03 - [TEST_CASE][PASSED] - Test Cases/78.RightClickSpace: Test Cases/78.RightClickSpace

2022-02-18 23:17:03 - [TEST_STEP][PASSED] - openBrowser(""): Browser is opened with url: ''

2022-02-18 23:17:03 - [MESSAGE][INFO] - Starting 'Chrome' driver

2022-02-18 23:17:03 - [MESSAGE][INFO] - Action delay is set to 1,000 milliseconds

2022-02-18 23:17:05 - [MESSAGE][PASSED] - Browser is opened with url: ''

2022-02-18 23:17:05 - [TEST_STEP][PASSED] - navigateToUrl("http://localhost:8080/"): Navigate to 'http://localhost:8080/' successfully

2022-02-18 23:17:07 - [MESSAGE][PASSED] - Navigate to 'http://localhost:8080/' successfully

2022-02-18 23:17:07 - [TEST_STEP][PASSED] - verifyElementPresent(findTestObject("Page_Element/a_Sign In"), 0): Object 'Object Repository/Page_Element/a_Sign In' is present

2022-02-18 23:17:07 - [MESSAGE][WARNING] - Timeout '0' is invalid. Using default page load timeout: '30'

2022-02-18 23:17:10 - [MESSAGE][PASSED] - Object 'Object Repository/Page_Element/a_Sign In' is present

2022-02-18 23:17:10 - [TEST_STEP][PASSED] - click(findTestObject("Object Repository/Page_Element/div_Sign In")): Object: 'Object Repository/Page_Element/div_Sign In' is clicked on

2022-02-18 23:17:11 - [MESSAGE][PASSED] - Object: 'Object Repository/Page_Element/div_Sign In' is clicked on

2022-02-18 23:17:11 - [TEST_STEP][PASSED] - verifyElementText(findTestObject("Page_Element/a_Twitter"), "Twitter"): Actual text and expected text of test object 'Object Repository/Page_Element/a_Twitter' are matched.

2022-02-18 23:17:11 - [MESSAGE][PASSED] - Actual text and expected text of test object 'Object Repository/Page_Element/a_Twitter' are matched.

2022-02-18 23:17:11 - [TEST_STEP][PASSED] - setText(findTestObject("Object Repository/Page_Element/input_Sign in with_username"), "ptnha19"): Text 'ptnha19' is set on object 'Object Repository/Page_Element/input_Sign in with_username'

2022-02-18 23:17:14 - [MESSAGE][PASSED] - Text 'ptnha19' is set on object 'Object Repository/Page_Element/input_Sign in with_username'

2022-02-18 23:17:14 - [TEST_STEP][PASSED] - setEncryptedText(findTestObject("Object Repository/Page_Element/input_Username_password"), "5R3Ima4A+eOeCrCDRGMLmJpaGR3V3+YI"): Text ****** has been set on object 'Object Repository/Page_Element/input_Username_password'

2022-02-18 23:17:17 - [MESSAGE][PASSED] - Text ****** has been set on object 'Object Repository/Page_Element/input_Username_password'

2022-02-18 23:17:17 - [TEST_STEP][PASSED] - click(findTestObject("Page_Element/input_Forgot password_mx_Login_submit")): Object: 'Object Repository/Page_Element/input_Forgot password_mx_Login_submit' is clicked on

2022-02-18 23:17:18 - [MESSAGE][PASSED] - Object: 'Object Repository/Page_Element/input_Forgot password_mx_Login_submit' is clicked on

2022-02-18 23:17:18 - [TEST_STEP][PASSED] - delay(10): Delayed 10 second(s)

2022-02-18 23:17:28 - [MESSAGE][PASSED] - Delayed 10 second(s)

2022-02-18 23:17:28 - [TEST_STEP][PASSED] - click(findTestObject("Object Repository/Page_Element/div_Verify with Security Key")): Object: 'Object Repository/Page_Element/div_Verify with Security Key' is clicked on

2022-02-18 23:17:29 - [MESSAGE][PASSED] - Object: 'Object Repository/Page_Element/div_Verify with Security Key' is clicked on

2022-02-18 23:17:29 - [TEST_STEP][PASSED] - verifyElementPresent(findTestObject("Page_Element/div_Looks good"), 0): Object 'Object Repository/Page_Element/div_Looks good' is present

2022-02-18 23:17:29 - [MESSAGE][WARNING] - Timeout '0' is invalid. Using default page load timeout: '30'

2022-02-18 23:17:30 - [MESSAGE][PASSED] - Object 'Object Repository/Page_Element/div_Looks good' is present

2022-02-18 23:17:30 - [TEST_STEP][PASSED] - setEncryptedText(findTestObject("Object Repository/Page_Element/input_Security Key_mx_Field_4"), "T5dL0dZa3GcY/MrlN7YOn6WOTrovA4jj9xOYEG/i3Z769E9Kq/X7+gryZqF4ov+opBHLAWv3wACasluLqCMBHw=="): Text ****** has been set on object 'Object Repository/Page_Element/input_Security Key_mx_Field_4'

2022-02-18 23:17:32 - [MESSAGE][PASSED] - Text ****** has been set on object 'Object Repository/Page_Element/input_Security Key_mx_Field_4'

2022-02-18 23:17:32 - [TEST_STEP][PASSED] - click(findTestObject("Object Repository/Page_Element/button_Continue")): Object: 'Object Repository/Page_Element/button_Continue' is clicked on

2022-02-18 23:17:33 - [MESSAGE][PASSED] - Object: 'Object Repository/Page_Element/button_Continue' is clicked on

2022-02-18 23:17:33 - [TEST_STEP][PASSED] - click(findTestObject("Object Repository/Page_Element/div_Done")): Object: 'Object Repository/Page_Element/div_Done' is clicked on

2022-02-18 23:17:34 - [MESSAGE][PASSED] - Object: 'Object Repository/Page_Element/div_Done' is clicked on

2022-02-18 23:17:34 - [TEST_STEP][PASSED] - verifyElementClickable(findTestObject("Page_Element  Tmp Private/span_T")): Object 'Object Repository/Page_Element  Tmp Private/span_T' is clickable

2022-02-18 23:17:35 - [MESSAGE][PASSED] - Object 'Object Repository/Page_Element  Tmp Private/span_T' is clickable

2022-02-18 23:17:35 - [TEST_STEP][PASSED] - rightClick(findTestObject("Object Repository/Page_Element/span_H")): Object: 'Object Repository/Page_Element/span_H' is right clicked on

2022-02-18 23:17:35 - [MESSAGE][PASSED] - Object: 'Object Repository/Page_Element/span_H' is right clicked on

2022-02-18 23:17:35 - [TEST_STEP][PASSED] - click(findTestObject("Object Repository/Page_Element/span_Manage  explore rooms")): Object: 'Object Repository/Page_Element/span_Manage  explore rooms' is clicked on

2022-02-18 23:17:36 - [MESSAGE][PASSED] - Object: 'Object Repository/Page_Element/span_Manage  explore rooms' is clicked on

2022-02-18 23:17:36 - [TEST_STEP][PASSED] - verifyElementPresent(findTestObject("Page_Element  hey ban Khoa/div_This is a test space"), 0): Object 'Object Repository/Page_Element  hey ban Khoa/div_This is a test space' is present

2022-02-18 23:17:36 - [MESSAGE][WARNING] - Timeout '0' is invalid. Using default page load timeout: '30'

2022-02-18 23:17:36 - [MESSAGE][PASSED] - Object 'Object Repository/Page_Element  hey ban Khoa/div_This is a test space' is present

2022-02-18 23:17:36 - [TEST_STEP][PASSED] - setText(findTestObject("Object Repository/Page_Element  hey ban Khoa/input_This is a test space_mx_textinput_ico_852234"), "abc"): Text 'abc' is set on object 'Object Repository/Page_Element  hey ban Khoa/input_This is a test space_mx_textinput_ico_852234'

2022-02-18 23:17:39 - [MESSAGE][PASSED] - Text 'abc' is set on object 'Object Repository/Page_Element  hey ban Khoa/input_This is a test space_mx_textinput_ico_852234'

2022-02-18 23:17:39 - [TEST_STEP][PASSED] - click(findTestObject("Object Repository/Page_Element  hey ban Khoa/div_This is a test space_mx_AccessibleButto_bf32ba")): Object: 'Object Repository/Page_Element  hey ban Khoa/div_This is a test space_mx_AccessibleButto_bf32ba' is clicked on

2022-02-18 23:17:40 - [MESSAGE][PASSED] - Object: 'Object Repository/Page_Element  hey ban Khoa/div_This is a test space_mx_AccessibleButto_bf32ba' is clicked on

2022-02-18 23:17:40 - [TEST_STEP][PASSED] - closeBrowser(): Browser is closed

2022-02-18 23:17:41 - [MESSAGE][PASSED] - Browser is closed]]></system-out>
         <system-err><![CDATA[]]></system-err>
      </testcase>
      <testcase name="Test Cases/80.PreferemcesSpace_RightClick" time="39.302" classname="Test Cases/80.PreferemcesSpace_RightClick" status="PASSED">
         <system-out><![CDATA[2022-02-18 23:17:41 - [TEST_CASE][PASSED] - Test Cases/80.PreferemcesSpace_RightClick: Test Cases/80.PreferemcesSpace_RightClick

2022-02-18 23:17:41 - [TEST_STEP][PASSED] - openBrowser(""): Browser is opened with url: ''

2022-02-18 23:17:41 - [MESSAGE][INFO] - Starting 'Chrome' driver

2022-02-18 23:17:41 - [MESSAGE][INFO] - Action delay is set to 1,000 milliseconds

2022-02-18 23:17:43 - [MESSAGE][PASSED] - Browser is opened with url: ''

2022-02-18 23:17:43 - [TEST_STEP][PASSED] - navigateToUrl("http://localhost:8080/"): Navigate to 'http://localhost:8080/' successfully

2022-02-18 23:17:45 - [MESSAGE][PASSED] - Navigate to 'http://localhost:8080/' successfully

2022-02-18 23:17:45 - [TEST_STEP][PASSED] - verifyElementPresent(findTestObject("Page_Element/a_Sign In"), 0): Object 'Object Repository/Page_Element/a_Sign In' is present

2022-02-18 23:17:46 - [MESSAGE][WARNING] - Timeout '0' is invalid. Using default page load timeout: '30'

2022-02-18 23:17:49 - [MESSAGE][PASSED] - Object 'Object Repository/Page_Element/a_Sign In' is present

2022-02-18 23:17:49 - [TEST_STEP][PASSED] - click(findTestObject("Object Repository/Page_Element/div_Sign In")): Object: 'Object Repository/Page_Element/div_Sign In' is clicked on

2022-02-18 23:17:50 - [MESSAGE][PASSED] - Object: 'Object Repository/Page_Element/div_Sign In' is clicked on

2022-02-18 23:17:50 - [TEST_STEP][PASSED] - verifyElementText(findTestObject("Page_Element/a_Twitter"), "Twitter"): Actual text and expected text of test object 'Object Repository/Page_Element/a_Twitter' are matched.

2022-02-18 23:17:50 - [MESSAGE][PASSED] - Actual text and expected text of test object 'Object Repository/Page_Element/a_Twitter' are matched.

2022-02-18 23:17:50 - [TEST_STEP][PASSED] - setText(findTestObject("Object Repository/Page_Element/input_Sign in with_username"), "ptnha19"): Text 'ptnha19' is set on object 'Object Repository/Page_Element/input_Sign in with_username'

2022-02-18 23:17:54 - [MESSAGE][PASSED] - Text 'ptnha19' is set on object 'Object Repository/Page_Element/input_Sign in with_username'

2022-02-18 23:17:54 - [TEST_STEP][PASSED] - setEncryptedText(findTestObject("Object Repository/Page_Element/input_Username_password"), "5R3Ima4A+eOeCrCDRGMLmJpaGR3V3+YI"): Text ****** has been set on object 'Object Repository/Page_Element/input_Username_password'

2022-02-18 23:17:56 - [MESSAGE][PASSED] - Text ****** has been set on object 'Object Repository/Page_Element/input_Username_password'

2022-02-18 23:17:56 - [TEST_STEP][PASSED] - click(findTestObject("Object Repository/Page_Element/input_Forgot password_mx_Login_submit")): Object: 'Object Repository/Page_Element/input_Forgot password_mx_Login_submit' is clicked on

2022-02-18 23:17:57 - [MESSAGE][PASSED] - Object: 'Object Repository/Page_Element/input_Forgot password_mx_Login_submit' is clicked on

2022-02-18 23:17:57 - [TEST_STEP][PASSED] - delay(10): Delayed 10 second(s)

2022-02-18 23:18:07 - [MESSAGE][PASSED] - Delayed 10 second(s)

2022-02-18 23:18:07 - [TEST_STEP][PASSED] - click(findTestObject("Object Repository/Page_Element/div_Verify with Security Key")): Object: 'Object Repository/Page_Element/div_Verify with Security Key' is clicked on

2022-02-18 23:18:08 - [MESSAGE][PASSED] - Object: 'Object Repository/Page_Element/div_Verify with Security Key' is clicked on

2022-02-18 23:18:08 - [TEST_STEP][PASSED] - verifyElementPresent(findTestObject("Page_Element/div_Looks good"), 0): Object 'Object Repository/Page_Element/div_Looks good' is present

2022-02-18 23:18:08 - [MESSAGE][WARNING] - Timeout '0' is invalid. Using default page load timeout: '30'

2022-02-18 23:18:09 - [MESSAGE][PASSED] - Object 'Object Repository/Page_Element/div_Looks good' is present

2022-02-18 23:18:09 - [TEST_STEP][PASSED] - setEncryptedText(findTestObject("Object Repository/Page_Element/input_Security Key_mx_Field_4"), "T5dL0dZa3GcY/MrlN7YOn6WOTrovA4jj9xOYEG/i3Z769E9Kq/X7+gryZqF4ov+opBHLAWv3wACasluLqCMBHw=="): Text ****** has been set on object 'Object Repository/Page_Element/input_Security Key_mx_Field_4'

2022-02-18 23:18:12 - [MESSAGE][PASSED] - Text ****** has been set on object 'Object Repository/Page_Element/input_Security Key_mx_Field_4'

2022-02-18 23:18:12 - [TEST_STEP][PASSED] - click(findTestObject("Object Repository/Page_Element/button_Continue")): Object: 'Object Repository/Page_Element/button_Continue' is clicked on

2022-02-18 23:18:13 - [MESSAGE][PASSED] - Object: 'Object Repository/Page_Element/button_Continue' is clicked on

2022-02-18 23:18:13 - [TEST_STEP][PASSED] - click(findTestObject("Object Repository/Page_Element/div_Done")): Object: 'Object Repository/Page_Element/div_Done' is clicked on

2022-02-18 23:18:14 - [MESSAGE][PASSED] - Object: 'Object Repository/Page_Element/div_Done' is clicked on

2022-02-18 23:18:14 - [TEST_STEP][PASSED] - rightClick(findTestObject("Object Repository/Page_Element/span_H")): Object: 'Object Repository/Page_Element/span_H' is right clicked on

2022-02-18 23:18:14 - [MESSAGE][PASSED] - Object: 'Object Repository/Page_Element/span_H' is right clicked on

2022-02-18 23:18:14 - [TEST_STEP][PASSED] - verifyElementClickable(findTestObject("Page_Element/span_Settings")): Object 'Object Repository/Page_Element/span_Settings' is clickable

2022-02-18 23:18:14 - [MESSAGE][PASSED] - Object 'Object Repository/Page_Element/span_Settings' is clickable

2022-02-18 23:18:14 - [TEST_STEP][PASSED] - verifyElementPresent(findTestObject("Page_Element  hey ban Khoa/span_Space home"), 0): Object 'Object Repository/Page_Element  hey ban Khoa/span_Space home' is present

2022-02-18 23:18:15 - [MESSAGE][WARNING] - Timeout '0' is invalid. Using default page load timeout: '30'

2022-02-18 23:18:15 - [MESSAGE][PASSED] - Object 'Object Repository/Page_Element  hey ban Khoa/span_Space home' is present

2022-02-18 23:18:15 - [TEST_STEP][PASSED] - click(findTestObject("Object Repository/Page_Element/span_Preferences")): Object: 'Object Repository/Page_Element/span_Preferences' is clicked on

2022-02-18 23:18:16 - [MESSAGE][PASSED] - Object: 'Object Repository/Page_Element/span_Preferences' is clicked on

2022-02-18 23:18:16 - [TEST_STEP][PASSED] - click(findTestObject("Object Repository/Page_Element/div_Sections to show_mx_Checkbox_background")): Object: 'Object Repository/Page_Element/div_Sections to show_mx_Checkbox_background' is clicked on

2022-02-18 23:18:17 - [MESSAGE][PASSED] - Object: 'Object Repository/Page_Element/div_Sections to show_mx_Checkbox_background' is clicked on

2022-02-18 23:18:17 - [TEST_STEP][PASSED] - click(findTestObject("Object Repository/Page_Element/div_Sections to show_mx_Checkbox_checkmark")): Object: 'Object Repository/Page_Element/div_Sections to show_mx_Checkbox_checkmark' is clicked on

2022-02-18 23:18:18 - [MESSAGE][PASSED] - Object: 'Object Repository/Page_Element/div_Sections to show_mx_Checkbox_checkmark' is clicked on

2022-02-18 23:18:18 - [TEST_STEP][PASSED] - click(findTestObject("Object Repository/Page_Element/div_Preferences_mx_AccessibleButton mx_Dial_364915")): Object: 'Object Repository/Page_Element/div_Preferences_mx_AccessibleButton mx_Dial_364915' is clicked on

2022-02-18 23:18:19 - [MESSAGE][PASSED] - Object: 'Object Repository/Page_Element/div_Preferences_mx_AccessibleButton mx_Dial_364915' is clicked on

2022-02-18 23:18:19 - [TEST_STEP][PASSED] - closeBrowser(): Browser is closed

2022-02-18 23:18:21 - [MESSAGE][PASSED] - Browser is closed]]></system-out>
         <system-err><![CDATA[]]></system-err>
      </testcase>
      <testcase name="Test Cases/73.InviteToSpacec" time="38.009" classname="Test Cases/73.InviteToSpacec" status="PASSED">
         <system-out><![CDATA[2022-02-18 23:18:21 - [TEST_CASE][PASSED] - Test Cases/73.InviteToSpacec: Test Cases/73.InviteToSpacec

2022-02-18 23:18:21 - [TEST_STEP][PASSED] - openBrowser(""): Browser is opened with url: ''

2022-02-18 23:18:21 - [MESSAGE][INFO] - Starting 'Chrome' driver

2022-02-18 23:18:21 - [MESSAGE][INFO] - Action delay is set to 1,000 milliseconds

2022-02-18 23:18:22 - [MESSAGE][PASSED] - Browser is opened with url: ''

2022-02-18 23:18:22 - [TEST_STEP][PASSED] - navigateToUrl("http://localhost:8080/"): Navigate to 'http://localhost:8080/' successfully

2022-02-18 23:18:25 - [MESSAGE][PASSED] - Navigate to 'http://localhost:8080/' successfully

2022-02-18 23:18:25 - [TEST_STEP][PASSED] - verifyElementPresent(findTestObject("Page_Element/a_Sign In"), 0): Object 'Object Repository/Page_Element/a_Sign In' is present

2022-02-18 23:18:25 - [MESSAGE][WARNING] - Timeout '0' is invalid. Using default page load timeout: '30'

2022-02-18 23:18:27 - [MESSAGE][PASSED] - Object 'Object Repository/Page_Element/a_Sign In' is present

2022-02-18 23:18:27 - [TEST_STEP][PASSED] - click(findTestObject("Object Repository/Page_Element/div_Sign In")): Object: 'Object Repository/Page_Element/div_Sign In' is clicked on

2022-02-18 23:18:29 - [MESSAGE][PASSED] - Object: 'Object Repository/Page_Element/div_Sign In' is clicked on

2022-02-18 23:18:29 - [TEST_STEP][PASSED] - verifyElementText(findTestObject("Page_Element/a_Twitter"), "Twitter"): Actual text and expected text of test object 'Object Repository/Page_Element/a_Twitter' are matched.

2022-02-18 23:18:29 - [MESSAGE][PASSED] - Actual text and expected text of test object 'Object Repository/Page_Element/a_Twitter' are matched.

2022-02-18 23:18:29 - [TEST_STEP][PASSED] - setText(findTestObject("Object Repository/Page_Element/input_Sign in with_username"), "ptnha19"): Text 'ptnha19' is set on object 'Object Repository/Page_Element/input_Sign in with_username'

2022-02-18 23:18:32 - [MESSAGE][PASSED] - Text 'ptnha19' is set on object 'Object Repository/Page_Element/input_Sign in with_username'

2022-02-18 23:18:32 - [TEST_STEP][PASSED] - setEncryptedText(findTestObject("Object Repository/Page_Element/input_Username_password"), "5R3Ima4A+eOeCrCDRGMLmJpaGR3V3+YI"): Text ****** has been set on object 'Object Repository/Page_Element/input_Username_password'

2022-02-18 23:18:34 - [MESSAGE][PASSED] - Text ****** has been set on object 'Object Repository/Page_Element/input_Username_password'

2022-02-18 23:18:34 - [TEST_STEP][PASSED] - click(findTestObject("Object Repository/Page_Element/input_Forgot password_mx_Login_submit")): Object: 'Object Repository/Page_Element/input_Forgot password_mx_Login_submit' is clicked on

2022-02-18 23:18:36 - [MESSAGE][PASSED] - Object: 'Object Repository/Page_Element/input_Forgot password_mx_Login_submit' is clicked on

2022-02-18 23:18:36 - [TEST_STEP][PASSED] - delay(10): Delayed 10 second(s)

2022-02-18 23:18:46 - [MESSAGE][PASSED] - Delayed 10 second(s)

2022-02-18 23:18:46 - [TEST_STEP][PASSED] - click(findTestObject("Object Repository/Page_Element/div_Verify with Security Key")): Object: 'Object Repository/Page_Element/div_Verify with Security Key' is clicked on

2022-02-18 23:18:47 - [MESSAGE][PASSED] - Object: 'Object Repository/Page_Element/div_Verify with Security Key' is clicked on

2022-02-18 23:18:47 - [TEST_STEP][PASSED] - verifyElementPresent(findTestObject("Page_Element/div_Looks good"), 0): Object 'Object Repository/Page_Element/div_Looks good' is present

2022-02-18 23:18:47 - [MESSAGE][WARNING] - Timeout '0' is invalid. Using default page load timeout: '30'

2022-02-18 23:18:48 - [MESSAGE][PASSED] - Object 'Object Repository/Page_Element/div_Looks good' is present

2022-02-18 23:18:48 - [TEST_STEP][PASSED] - click(findTestObject("Object Repository/Page_Element/button_Go Back")): Object: 'Object Repository/Page_Element/button_Go Back' is clicked on

2022-02-18 23:18:49 - [MESSAGE][PASSED] - Object: 'Object Repository/Page_Element/button_Go Back' is clicked on

2022-02-18 23:18:49 - [TEST_STEP][PASSED] - click(findTestObject("Object Repository/Page_Element/div_Verify this device_mx_AccessibleButton _90ce45")): Object: 'Object Repository/Page_Element/div_Verify this device_mx_AccessibleButton _90ce45' is clicked on

2022-02-18 23:18:50 - [MESSAGE][PASSED] - Object: 'Object Repository/Page_Element/div_Verify this device_mx_AccessibleButton _90ce45' is clicked on

2022-02-18 23:18:50 - [TEST_STEP][PASSED] - verifyElementClickable(findTestObject("Page_Element/h2_Are you sure")): Object 'Object Repository/Page_Element/h2_Are you sure' is clickable

2022-02-18 23:18:50 - [MESSAGE][PASSED] - Object 'Object Repository/Page_Element/h2_Are you sure' is clickable

2022-02-18 23:18:50 - [TEST_STEP][PASSED] - click(findTestObject("Object Repository/Page_Element/div_Ill verify later")): Object: 'Object Repository/Page_Element/div_Ill verify later' is clicked on

2022-02-18 23:18:51 - [MESSAGE][PASSED] - Object: 'Object Repository/Page_Element/div_Ill verify later' is clicked on

2022-02-18 23:18:51 - [TEST_STEP][PASSED] - click(findTestObject("Object Repository/Page_Element/span_H")): Object: 'Object Repository/Page_Element/span_H' is clicked on

2022-02-18 23:18:53 - [MESSAGE][PASSED] - Object: 'Object Repository/Page_Element/span_H' is clicked on

2022-02-18 23:18:53 - [TEST_STEP][PASSED] - verifyElementClickable(findTestObject("Page_Element  hey ban Khoa/div_Invite")): Object 'Object Repository/Page_Element  hey ban Khoa/div_Invite' is clickable

2022-02-18 23:18:53 - [MESSAGE][PASSED] - Object 'Object Repository/Page_Element  hey ban Khoa/div_Invite' is clickable

2022-02-18 23:18:53 - [TEST_STEP][PASSED] - click(findTestObject("Page_Element  hey ban Khoa/div_Invite")): Object: 'Object Repository/Page_Element  hey ban Khoa/div_Invite' is clicked on

2022-02-18 23:18:54 - [MESSAGE][PASSED] - Object: 'Object Repository/Page_Element  hey ban Khoa/div_Invite' is clicked on

2022-02-18 23:18:54 - [TEST_STEP][PASSED] - click(findTestObject("Object Repository/Page_Element  hey ban Khoa/div_Vvntuan13579vntuan13579matrix.org7 days ago")): Object: 'Object Repository/Page_Element  hey ban Khoa/div_Vvntuan13579vntuan13579matrix.org7 days ago' is clicked on

2022-02-18 23:18:55 - [MESSAGE][PASSED] - Object: 'Object Repository/Page_Element  hey ban Khoa/div_Vvntuan13579vntuan13579matrix.org7 days ago' is clicked on

2022-02-18 23:18:55 - [TEST_STEP][PASSED] - click(findTestObject("Object Repository/Page_Element  hey ban Khoa/div_vntuan13579_mx_AccessibleButton mx_Invi_91ef3a")): Object: 'Object Repository/Page_Element  hey ban Khoa/div_vntuan13579_mx_AccessibleButton mx_Invi_91ef3a' is clicked on

2022-02-18 23:18:56 - [MESSAGE][PASSED] - Object: 'Object Repository/Page_Element  hey ban Khoa/div_vntuan13579_mx_AccessibleButton mx_Invi_91ef3a' is clicked on

2022-02-18 23:18:56 - [TEST_STEP][PASSED] - click(findTestObject("Object Repository/Page_Element  hey ban Khoa/div_Invite to hey ban Khoa_mx_AccessibleBut_34124f")): Object: 'Object Repository/Page_Element  hey ban Khoa/div_Invite to hey ban Khoa_mx_AccessibleBut_34124f' is clicked on

2022-02-18 23:18:57 - [MESSAGE][PASSED] - Object: 'Object Repository/Page_Element  hey ban Khoa/div_Invite to hey ban Khoa_mx_AccessibleBut_34124f' is clicked on

2022-02-18 23:18:57 - [TEST_STEP][PASSED] - closeBrowser(): Browser is closed

2022-02-18 23:18:59 - [MESSAGE][PASSED] - Browser is closed]]></system-out>
         <system-err><![CDATA[]]></system-err>
      </testcase>
      <testcase name="Test Cases/76.AddInvalidPhoneNumber" time="45.09" classname="Test Cases/76.AddInvalidPhoneNumber" status="PASSED">
         <system-out><![CDATA[2022-02-18 23:18:59 - [TEST_CASE][PASSED] - Test Cases/76.AddInvalidPhoneNumber: Test Cases/76.AddInvalidPhoneNumber

2022-02-18 23:18:59 - [TEST_STEP][PASSED] - openBrowser(""): Browser is opened with url: ''

2022-02-18 23:18:59 - [MESSAGE][INFO] - Starting 'Chrome' driver

2022-02-18 23:18:59 - [MESSAGE][INFO] - Action delay is set to 1,000 milliseconds

2022-02-18 23:19:00 - [MESSAGE][PASSED] - Browser is opened with url: ''

2022-02-18 23:19:00 - [TEST_STEP][PASSED] - navigateToUrl("http://localhost:8080/"): Navigate to 'http://localhost:8080/' successfully

2022-02-18 23:19:03 - [MESSAGE][PASSED] - Navigate to 'http://localhost:8080/' successfully

2022-02-18 23:19:03 - [TEST_STEP][PASSED] - verifyElementPresent(findTestObject("Page_Element/a_Sign In"), 0): Object 'Object Repository/Page_Element/a_Sign In' is present

2022-02-18 23:19:03 - [MESSAGE][WARNING] - Timeout '0' is invalid. Using default page load timeout: '30'

2022-02-18 23:19:05 - [MESSAGE][PASSED] - Object 'Object Repository/Page_Element/a_Sign In' is present

2022-02-18 23:19:05 - [TEST_STEP][PASSED] - click(findTestObject("Object Repository/Page_Element/div_Sign In")): Object: 'Object Repository/Page_Element/div_Sign In' is clicked on

2022-02-18 23:19:06 - [MESSAGE][PASSED] - Object: 'Object Repository/Page_Element/div_Sign In' is clicked on

2022-02-18 23:19:06 - [TEST_STEP][PASSED] - verifyElementText(findTestObject("Page_Element/a_Twitter"), "Twitter"): Actual text and expected text of test object 'Object Repository/Page_Element/a_Twitter' are matched.

2022-02-18 23:19:07 - [MESSAGE][PASSED] - Actual text and expected text of test object 'Object Repository/Page_Element/a_Twitter' are matched.

2022-02-18 23:19:07 - [TEST_STEP][PASSED] - setText(findTestObject("Object Repository/Page_Element/input_Sign in with_username"), "ptnha19"): Text 'ptnha19' is set on object 'Object Repository/Page_Element/input_Sign in with_username'

2022-02-18 23:19:10 - [MESSAGE][PASSED] - Text 'ptnha19' is set on object 'Object Repository/Page_Element/input_Sign in with_username'

2022-02-18 23:19:10 - [TEST_STEP][PASSED] - setEncryptedText(findTestObject("Object Repository/Page_Element/input_Username_password"), "5R3Ima4A+eOeCrCDRGMLmJpaGR3V3+YI"): Text ****** has been set on object 'Object Repository/Page_Element/input_Username_password'

2022-02-18 23:19:12 - [MESSAGE][PASSED] - Text ****** has been set on object 'Object Repository/Page_Element/input_Username_password'

2022-02-18 23:19:12 - [TEST_STEP][PASSED] - click(findTestObject("Object Repository/Page_Element/input_Forgot password_mx_Login_submit")): Object: 'Object Repository/Page_Element/input_Forgot password_mx_Login_submit' is clicked on

2022-02-18 23:19:13 - [MESSAGE][PASSED] - Object: 'Object Repository/Page_Element/input_Forgot password_mx_Login_submit' is clicked on

2022-02-18 23:19:13 - [TEST_STEP][PASSED] - delay(10): Delayed 10 second(s)

2022-02-18 23:19:23 - [MESSAGE][PASSED] - Delayed 10 second(s)

2022-02-18 23:19:23 - [TEST_STEP][PASSED] - click(findTestObject("Object Repository/Page_Element/div_Verify with Security Key")): Object: 'Object Repository/Page_Element/div_Verify with Security Key' is clicked on

2022-02-18 23:19:24 - [MESSAGE][PASSED] - Object: 'Object Repository/Page_Element/div_Verify with Security Key' is clicked on

2022-02-18 23:19:24 - [TEST_STEP][PASSED] - verifyElementPresent(findTestObject("Page_Element/div_Looks good"), 0): Object 'Object Repository/Page_Element/div_Looks good' is present

2022-02-18 23:19:24 - [MESSAGE][WARNING] - Timeout '0' is invalid. Using default page load timeout: '30'

2022-02-18 23:19:25 - [MESSAGE][PASSED] - Object 'Object Repository/Page_Element/div_Looks good' is present

2022-02-18 23:19:25 - [TEST_STEP][PASSED] - setEncryptedText(findTestObject("Object Repository/Page_Element/input_Security Key_mx_Field_4"), "T5dL0dZa3GcY/MrlN7YOn6WOTrovA4jj9xOYEG/i3Z769E9Kq/X7+gryZqF4ov+opBHLAWv3wACasluLqCMBHw=="): Text ****** has been set on object 'Object Repository/Page_Element/input_Security Key_mx_Field_4'

2022-02-18 23:19:28 - [MESSAGE][PASSED] - Text ****** has been set on object 'Object Repository/Page_Element/input_Security Key_mx_Field_4'

2022-02-18 23:19:28 - [TEST_STEP][PASSED] - click(findTestObject("Object Repository/Page_Element/button_Continue")): Object: 'Object Repository/Page_Element/button_Continue' is clicked on

2022-02-18 23:19:29 - [MESSAGE][PASSED] - Object: 'Object Repository/Page_Element/button_Continue' is clicked on

2022-02-18 23:19:29 - [TEST_STEP][PASSED] - click(findTestObject("Object Repository/Page_Element/div_Done")): Object: 'Object Repository/Page_Element/div_Done' is clicked on

2022-02-18 23:19:30 - [MESSAGE][PASSED] - Object: 'Object Repository/Page_Element/div_Done' is clicked on

2022-02-18 23:19:30 - [TEST_STEP][PASSED] - click(findTestObject("Object Repository/Page_Element/img_Review_mx_BaseAvatar_image")): Object: 'Object Repository/Page_Element/img_Review_mx_BaseAvatar_image' is clicked on

2022-02-18 23:19:31 - [MESSAGE][PASSED] - Object: 'Object Repository/Page_Element/img_Review_mx_BaseAvatar_image' is clicked on

2022-02-18 23:19:31 - [TEST_STEP][PASSED] - verifyElementClickable(findTestObject("Page_Element/span_ptnha19matrix.org"), STOP_ON_FAILURE): Object 'Object Repository/Page_Element/span_ptnha19matrix.org' is clickable

2022-02-18 23:19:31 - [MESSAGE][PASSED] - Object 'Object Repository/Page_Element/span_ptnha19matrix.org' is clickable

2022-02-18 23:19:31 - [TEST_STEP][PASSED] - click(findTestObject("Object Repository/Page_Element/span_All settings")): Object: 'Object Repository/Page_Element/span_All settings' is clicked on

2022-02-18 23:19:32 - [MESSAGE][PASSED] - Object: 'Object Repository/Page_Element/span_All settings' is clicked on

2022-02-18 23:19:32 - [TEST_STEP][PASSED] - setText(findTestObject("Object Repository/Page_Element/input__mx_Field_11"), "1233333"): Text '1233333' is set on object 'Object Repository/Page_Element/input__mx_Field_11'

2022-02-18 23:19:38 - [MESSAGE][PASSED] - Text '1233333' is set on object 'Object Repository/Page_Element/input__mx_Field_11'

2022-02-18 23:19:38 - [TEST_STEP][PASSED] - click(findTestObject("Object Repository/Page_Element/div_Add")): Object: 'Object Repository/Page_Element/div_Add' is clicked on

2022-02-18 23:19:39 - [MESSAGE][PASSED] - Object: 'Object Repository/Page_Element/div_Add' is clicked on

2022-02-18 23:19:39 - [TEST_STEP][PASSED] - click(findTestObject("Object Repository/Page_Element/button_OK")): Object: 'Object Repository/Page_Element/button_OK' is clicked on

2022-02-18 23:19:42 - [MESSAGE][PASSED] - Object: 'Object Repository/Page_Element/button_OK' is clicked on

2022-02-18 23:19:42 - [TEST_STEP][PASSED] - closeBrowser(): Browser is closed

2022-02-18 23:19:44 - [MESSAGE][PASSED] - Browser is closed]]></system-out>
         <system-err><![CDATA[]]></system-err>
      </testcase>
      <testcase name="Test Cases/79.InvitePeopleToSpace_RightClick" time="36.881" classname="Test Cases/79.InvitePeopleToSpace_RightClick" status="PASSED">
         <system-out><![CDATA[2022-02-18 23:19:44 - [TEST_CASE][PASSED] - Test Cases/79.InvitePeopleToSpace_RightClick: Test Cases/79.InvitePeopleToSpace_RightClick

2022-02-18 23:19:44 - [TEST_STEP][PASSED] - openBrowser(""): Browser is opened with url: ''

2022-02-18 23:19:44 - [MESSAGE][INFO] - Starting 'Chrome' driver

2022-02-18 23:19:44 - [MESSAGE][INFO] - Action delay is set to 1,000 milliseconds

2022-02-18 23:19:46 - [MESSAGE][PASSED] - Browser is opened with url: ''

2022-02-18 23:19:46 - [TEST_STEP][PASSED] - navigateToUrl("http://localhost:8080/"): Navigate to 'http://localhost:8080/' successfully

2022-02-18 23:19:48 - [MESSAGE][PASSED] - Navigate to 'http://localhost:8080/' successfully

2022-02-18 23:19:48 - [TEST_STEP][PASSED] - verifyElementPresent(findTestObject("Page_Element/a_Sign In"), 0): Object 'Object Repository/Page_Element/a_Sign In' is present

2022-02-18 23:19:48 - [MESSAGE][WARNING] - Timeout '0' is invalid. Using default page load timeout: '30'

2022-02-18 23:19:51 - [MESSAGE][PASSED] - Object 'Object Repository/Page_Element/a_Sign In' is present

2022-02-18 23:19:51 - [TEST_STEP][PASSED] - click(findTestObject("Object Repository/Page_Element/div_Sign In")): Object: 'Object Repository/Page_Element/div_Sign In' is clicked on

2022-02-18 23:19:52 - [MESSAGE][PASSED] - Object: 'Object Repository/Page_Element/div_Sign In' is clicked on

2022-02-18 23:19:52 - [TEST_STEP][PASSED] - verifyElementText(findTestObject("Page_Element/a_Twitter"), "Twitter"): Actual text and expected text of test object 'Object Repository/Page_Element/a_Twitter' are matched.

2022-02-18 23:19:52 - [MESSAGE][PASSED] - Actual text and expected text of test object 'Object Repository/Page_Element/a_Twitter' are matched.

2022-02-18 23:19:52 - [TEST_STEP][PASSED] - setText(findTestObject("Object Repository/Page_Element/input_Sign in with_username"), "ptnha19"): Text 'ptnha19' is set on object 'Object Repository/Page_Element/input_Sign in with_username'

2022-02-18 23:19:56 - [MESSAGE][PASSED] - Text 'ptnha19' is set on object 'Object Repository/Page_Element/input_Sign in with_username'

2022-02-18 23:19:56 - [TEST_STEP][PASSED] - setEncryptedText(findTestObject("Object Repository/Page_Element/input_Username_password"), "5R3Ima4A+eOeCrCDRGMLmJpaGR3V3+YI"): Text ****** has been set on object 'Object Repository/Page_Element/input_Username_password'

2022-02-18 23:19:58 - [MESSAGE][PASSED] - Text ****** has been set on object 'Object Repository/Page_Element/input_Username_password'

2022-02-18 23:19:58 - [TEST_STEP][PASSED] - click(findTestObject("Object Repository/Page_Element/input_Forgot password_mx_Login_submit")): Object: 'Object Repository/Page_Element/input_Forgot password_mx_Login_submit' is clicked on

2022-02-18 23:19:59 - [MESSAGE][PASSED] - Object: 'Object Repository/Page_Element/input_Forgot password_mx_Login_submit' is clicked on

2022-02-18 23:19:59 - [TEST_STEP][PASSED] - delay(10): Delayed 10 second(s)

2022-02-18 23:20:09 - [MESSAGE][PASSED] - Delayed 10 second(s)

2022-02-18 23:20:09 - [TEST_STEP][PASSED] - click(findTestObject("Object Repository/Page_Element/div_Verify with Security Key")): Object: 'Object Repository/Page_Element/div_Verify with Security Key' is clicked on

2022-02-18 23:20:10 - [MESSAGE][PASSED] - Object: 'Object Repository/Page_Element/div_Verify with Security Key' is clicked on

2022-02-18 23:20:10 - [TEST_STEP][PASSED] - verifyElementPresent(findTestObject("Page_Element/div_Looks good"), 0): Object 'Object Repository/Page_Element/div_Looks good' is present

2022-02-18 23:20:10 - [MESSAGE][WARNING] - Timeout '0' is invalid. Using default page load timeout: '30'

2022-02-18 23:20:11 - [MESSAGE][PASSED] - Object 'Object Repository/Page_Element/div_Looks good' is present

2022-02-18 23:20:11 - [TEST_STEP][PASSED] - setEncryptedText(findTestObject("Object Repository/Page_Element/input_Security Key_mx_Field_4"), "T5dL0dZa3GcY/MrlN7YOn6WOTrovA4jj9xOYEG/i3Z769E9Kq/X7+gryZqF4ov+opBHLAWv3wACasluLqCMBHw=="): Text ****** has been set on object 'Object Repository/Page_Element/input_Security Key_mx_Field_4'

2022-02-18 23:20:14 - [MESSAGE][PASSED] - Text ****** has been set on object 'Object Repository/Page_Element/input_Security Key_mx_Field_4'

2022-02-18 23:20:14 - [TEST_STEP][PASSED] - click(findTestObject("Object Repository/Page_Element/button_Continue")): Object: 'Object Repository/Page_Element/button_Continue' is clicked on

2022-02-18 23:20:15 - [MESSAGE][PASSED] - Object: 'Object Repository/Page_Element/button_Continue' is clicked on

2022-02-18 23:20:15 - [TEST_STEP][PASSED] - click(findTestObject("Object Repository/Page_Element/div_Done")): Object: 'Object Repository/Page_Element/div_Done' is clicked on

2022-02-18 23:20:16 - [MESSAGE][PASSED] - Object: 'Object Repository/Page_Element/div_Done' is clicked on

2022-02-18 23:20:16 - [TEST_STEP][PASSED] - rightClick(findTestObject("Object Repository/Page_Element/span_H")): Object: 'Object Repository/Page_Element/span_H' is right clicked on

2022-02-18 23:20:17 - [MESSAGE][PASSED] - Object: 'Object Repository/Page_Element/span_H' is right clicked on

2022-02-18 23:20:17 - [TEST_STEP][PASSED] - verifyElementText(findTestObject("Page_Element  hey ban Khoa/div_hey ban Khoa"), "hey ban Khoa"): Actual text and expected text of test object 'Object Repository/Page_Element  hey ban Khoa/div_hey ban Khoa' are matched.

2022-02-18 23:20:17 - [MESSAGE][PASSED] - Actual text and expected text of test object 'Object Repository/Page_Element  hey ban Khoa/div_hey ban Khoa' are matched.

2022-02-18 23:20:17 - [TEST_STEP][PASSED] - click(findTestObject("Object Repository/Page_Element/span_Invite")): Object: 'Object Repository/Page_Element/span_Invite' is clicked on

2022-02-18 23:20:18 - [MESSAGE][PASSED] - Object: 'Object Repository/Page_Element/span_Invite' is clicked on

2022-02-18 23:20:18 - [TEST_STEP][PASSED] - click(findTestObject("Object Repository/Page_Element/input_share this space_focus-visible")): Object: 'Object Repository/Page_Element/input_share this space_focus-visible' is clicked on

2022-02-18 23:20:19 - [MESSAGE][PASSED] - Object: 'Object Repository/Page_Element/input_share this space_focus-visible' is clicked on

2022-02-18 23:20:19 - [TEST_STEP][PASSED] - closeBrowser(): Browser is closed

2022-02-18 23:20:21 - [MESSAGE][PASSED] - Browser is closed]]></system-out>
         <system-err><![CDATA[]]></system-err>
      </testcase>
      <testcase name="Test Cases/81.SettingSpace_RightClick" time="35.934" classname="Test Cases/81.SettingSpace_RightClick" status="PASSED">
         <system-out><![CDATA[2022-02-18 23:20:21 - [TEST_CASE][PASSED] - Test Cases/81.SettingSpace_RightClick: Test Cases/81.SettingSpace_RightClick

2022-02-18 23:20:21 - [TEST_STEP][PASSED] - openBrowser(""): Browser is opened with url: ''

2022-02-18 23:20:21 - [MESSAGE][INFO] - Starting 'Chrome' driver

2022-02-18 23:20:21 - [MESSAGE][INFO] - Action delay is set to 1,000 milliseconds

2022-02-18 23:20:22 - [MESSAGE][PASSED] - Browser is opened with url: ''

2022-02-18 23:20:22 - [TEST_STEP][PASSED] - navigateToUrl("http://localhost:8080/"): Navigate to 'http://localhost:8080/' successfully

2022-02-18 23:20:25 - [MESSAGE][PASSED] - Navigate to 'http://localhost:8080/' successfully

2022-02-18 23:20:25 - [TEST_STEP][PASSED] - verifyElementPresent(findTestObject("Page_Element/a_Sign In"), 0): Object 'Object Repository/Page_Element/a_Sign In' is present

2022-02-18 23:20:25 - [MESSAGE][WARNING] - Timeout '0' is invalid. Using default page load timeout: '30'

2022-02-18 23:20:28 - [MESSAGE][PASSED] - Object 'Object Repository/Page_Element/a_Sign In' is present

2022-02-18 23:20:28 - [TEST_STEP][PASSED] - click(findTestObject("Object Repository/Page_Element/div_Sign In")): Object: 'Object Repository/Page_Element/div_Sign In' is clicked on

2022-02-18 23:20:29 - [MESSAGE][PASSED] - Object: 'Object Repository/Page_Element/div_Sign In' is clicked on

2022-02-18 23:20:29 - [TEST_STEP][PASSED] - verifyElementText(findTestObject("Page_Element/a_Twitter"), "Twitter"): Actual text and expected text of test object 'Object Repository/Page_Element/a_Twitter' are matched.

2022-02-18 23:20:29 - [MESSAGE][PASSED] - Actual text and expected text of test object 'Object Repository/Page_Element/a_Twitter' are matched.

2022-02-18 23:20:29 - [TEST_STEP][PASSED] - setText(findTestObject("Object Repository/Page_Element/input_Sign in with_username"), "ptnha19"): Text 'ptnha19' is set on object 'Object Repository/Page_Element/input_Sign in with_username'

2022-02-18 23:20:32 - [MESSAGE][PASSED] - Text 'ptnha19' is set on object 'Object Repository/Page_Element/input_Sign in with_username'

2022-02-18 23:20:32 - [TEST_STEP][PASSED] - setEncryptedText(findTestObject("Object Repository/Page_Element/input_Username_password"), "5R3Ima4A+eOeCrCDRGMLmJpaGR3V3+YI"): Text ****** has been set on object 'Object Repository/Page_Element/input_Username_password'

2022-02-18 23:20:34 - [MESSAGE][PASSED] - Text ****** has been set on object 'Object Repository/Page_Element/input_Username_password'

2022-02-18 23:20:34 - [TEST_STEP][PASSED] - click(findTestObject("Object Repository/Page_Element/input_Forgot password_mx_Login_submit")): Object: 'Object Repository/Page_Element/input_Forgot password_mx_Login_submit' is clicked on

2022-02-18 23:20:35 - [MESSAGE][PASSED] - Object: 'Object Repository/Page_Element/input_Forgot password_mx_Login_submit' is clicked on

2022-02-18 23:20:35 - [TEST_STEP][PASSED] - delay(10): Delayed 10 second(s)

2022-02-18 23:20:45 - [MESSAGE][PASSED] - Delayed 10 second(s)

2022-02-18 23:20:45 - [TEST_STEP][PASSED] - click(findTestObject("Object Repository/Page_Element/div_Verify with Security Key")): Object: 'Object Repository/Page_Element/div_Verify with Security Key' is clicked on

2022-02-18 23:20:47 - [MESSAGE][PASSED] - Object: 'Object Repository/Page_Element/div_Verify with Security Key' is clicked on

2022-02-18 23:20:47 - [TEST_STEP][PASSED] - verifyElementPresent(findTestObject("Page_Element/div_Looks good"), 0): Object 'Object Repository/Page_Element/div_Looks good' is present

2022-02-18 23:20:47 - [MESSAGE][WARNING] - Timeout '0' is invalid. Using default page load timeout: '30'

2022-02-18 23:20:48 - [MESSAGE][PASSED] - Object 'Object Repository/Page_Element/div_Looks good' is present

2022-02-18 23:20:48 - [TEST_STEP][PASSED] - setEncryptedText(findTestObject("Object Repository/Page_Element/input_Security Key_mx_Field_4"), "T5dL0dZa3GcY/MrlN7YOn6WOTrovA4jj9xOYEG/i3Z769E9Kq/X7+gryZqF4ov+opBHLAWv3wACasluLqCMBHw=="): Text ****** has been set on object 'Object Repository/Page_Element/input_Security Key_mx_Field_4'

2022-02-18 23:20:50 - [MESSAGE][PASSED] - Text ****** has been set on object 'Object Repository/Page_Element/input_Security Key_mx_Field_4'

2022-02-18 23:20:50 - [TEST_STEP][PASSED] - click(findTestObject("Object Repository/Page_Element/button_Continue")): Object: 'Object Repository/Page_Element/button_Continue' is clicked on

2022-02-18 23:20:51 - [MESSAGE][PASSED] - Object: 'Object Repository/Page_Element/button_Continue' is clicked on

2022-02-18 23:20:51 - [TEST_STEP][PASSED] - click(findTestObject("Object Repository/Page_Element/div_Done")): Object: 'Object Repository/Page_Element/div_Done' is clicked on

2022-02-18 23:20:52 - [MESSAGE][PASSED] - Object: 'Object Repository/Page_Element/div_Done' is clicked on

2022-02-18 23:20:52 - [TEST_STEP][PASSED] - rightClick(findTestObject("Object Repository/Page_Element/span_H")): Object: 'Object Repository/Page_Element/span_H' is right clicked on

2022-02-18 23:20:53 - [MESSAGE][PASSED] - Object: 'Object Repository/Page_Element/span_H' is right clicked on

2022-02-18 23:20:53 - [TEST_STEP][PASSED] - verifyElementText(findTestObject("Page_Element  hey ban Khoa/div_hey ban Khoa"), "hey ban Khoa"): Actual text and expected text of test object 'Object Repository/Page_Element  hey ban Khoa/div_hey ban Khoa' are matched.

2022-02-18 23:20:53 - [MESSAGE][PASSED] - Actual text and expected text of test object 'Object Repository/Page_Element  hey ban Khoa/div_hey ban Khoa' are matched.

2022-02-18 23:20:53 - [TEST_STEP][PASSED] - click(findTestObject("Object Repository/Page_Element/span_Settings")): Object: 'Object Repository/Page_Element/span_Settings' is clicked on

2022-02-18 23:20:54 - [MESSAGE][PASSED] - Object: 'Object Repository/Page_Element/span_Settings' is clicked on

2022-02-18 23:20:54 - [TEST_STEP][PASSED] - click(findTestObject("Object Repository/Page_Element/input_Upload_spaceName")): Object: 'Object Repository/Page_Element/input_Upload_spaceName' is clicked on

2022-02-18 23:20:55 - [MESSAGE][PASSED] - Object: 'Object Repository/Page_Element/input_Upload_spaceName' is clicked on

2022-02-18 23:20:55 - [TEST_STEP][PASSED] - closeBrowser(): Browser is closed

2022-02-18 23:20:56 - [MESSAGE][PASSED] - Browser is closed]]></system-out>
         <system-err><![CDATA[]]></system-err>
      </testcase>
      <testcase name="Test Cases/84.CreateNewRoomThroughExploreRoom" time="40.548" classname="Test Cases/84.CreateNewRoomThroughExploreRoom" status="PASSED">
         <system-out><![CDATA[2022-02-18 23:20:56 - [TEST_CASE][PASSED] - Test Cases/84.CreateNewRoomThroughExploreRoom: Test Cases/84.CreateNewRoomThroughExploreRoom

2022-02-18 23:20:57 - [TEST_STEP][PASSED] - openBrowser(""): Browser is opened with url: ''

2022-02-18 23:20:57 - [MESSAGE][INFO] - Starting 'Chrome' driver

2022-02-18 23:20:57 - [MESSAGE][INFO] - Action delay is set to 1,000 milliseconds

2022-02-18 23:20:58 - [MESSAGE][PASSED] - Browser is opened with url: ''

2022-02-18 23:20:58 - [TEST_STEP][PASSED] - navigateToUrl("http://localhost:8080/"): Navigate to 'http://localhost:8080/' successfully

2022-02-18 23:21:01 - [MESSAGE][PASSED] - Navigate to 'http://localhost:8080/' successfully

2022-02-18 23:21:01 - [TEST_STEP][PASSED] - verifyElementPresent(findTestObject("Page_Element/a_Sign In"), 0): Object 'Object Repository/Page_Element/a_Sign In' is present

2022-02-18 23:21:01 - [MESSAGE][WARNING] - Timeout '0' is invalid. Using default page load timeout: '30'

2022-02-18 23:21:04 - [MESSAGE][PASSED] - Object 'Object Repository/Page_Element/a_Sign In' is present

2022-02-18 23:21:04 - [TEST_STEP][PASSED] - click(findTestObject("Object Repository/Page_Element/div_Sign In")): Object: 'Object Repository/Page_Element/div_Sign In' is clicked on

2022-02-18 23:21:05 - [MESSAGE][PASSED] - Object: 'Object Repository/Page_Element/div_Sign In' is clicked on

2022-02-18 23:21:05 - [TEST_STEP][PASSED] - verifyElementText(findTestObject("Page_Element/a_Twitter"), "Twitter"): Actual text and expected text of test object 'Object Repository/Page_Element/a_Twitter' are matched.

2022-02-18 23:21:05 - [MESSAGE][PASSED] - Actual text and expected text of test object 'Object Repository/Page_Element/a_Twitter' are matched.

2022-02-18 23:21:05 - [TEST_STEP][PASSED] - setText(findTestObject("Object Repository/Page_Element/input_Sign in with_username"), "ptnha19"): Text 'ptnha19' is set on object 'Object Repository/Page_Element/input_Sign in with_username'

2022-02-18 23:21:09 - [MESSAGE][PASSED] - Text 'ptnha19' is set on object 'Object Repository/Page_Element/input_Sign in with_username'

2022-02-18 23:21:09 - [TEST_STEP][PASSED] - setEncryptedText(findTestObject("Object Repository/Page_Element/input_Username_password"), "5R3Ima4A+eOeCrCDRGMLmJpaGR3V3+YI"): Text ****** has been set on object 'Object Repository/Page_Element/input_Username_password'

2022-02-18 23:21:11 - [MESSAGE][PASSED] - Text ****** has been set on object 'Object Repository/Page_Element/input_Username_password'

2022-02-18 23:21:11 - [TEST_STEP][PASSED] - click(findTestObject("Object Repository/Page_Element/input_Forgot password_mx_Login_submit")): Object: 'Object Repository/Page_Element/input_Forgot password_mx_Login_submit' is clicked on

2022-02-18 23:21:13 - [MESSAGE][PASSED] - Object: 'Object Repository/Page_Element/input_Forgot password_mx_Login_submit' is clicked on

2022-02-18 23:21:13 - [TEST_STEP][PASSED] - delay(10): Delayed 10 second(s)

2022-02-18 23:21:23 - [MESSAGE][PASSED] - Delayed 10 second(s)

2022-02-18 23:21:23 - [TEST_STEP][PASSED] - click(findTestObject("Object Repository/Page_Element/div_Verify with Security Key")): Object: 'Object Repository/Page_Element/div_Verify with Security Key' is clicked on

2022-02-18 23:21:24 - [MESSAGE][PASSED] - Object: 'Object Repository/Page_Element/div_Verify with Security Key' is clicked on

2022-02-18 23:21:24 - [TEST_STEP][PASSED] - verifyElementPresent(findTestObject("Page_Element/div_Looks good"), 0): Object 'Object Repository/Page_Element/div_Looks good' is present

2022-02-18 23:21:24 - [MESSAGE][WARNING] - Timeout '0' is invalid. Using default page load timeout: '30'

2022-02-18 23:21:25 - [MESSAGE][PASSED] - Object 'Object Repository/Page_Element/div_Looks good' is present

2022-02-18 23:21:25 - [TEST_STEP][PASSED] - setEncryptedText(findTestObject("Object Repository/Page_Element/input_Security Key_mx_Field_4"), "T5dL0dZa3GcY/MrlN7YOn6WOTrovA4jj9xOYEG/i3Z769E9Kq/X7+gryZqF4ov+opBHLAWv3wACasluLqCMBHw=="): Text ****** has been set on object 'Object Repository/Page_Element/input_Security Key_mx_Field_4'

2022-02-18 23:21:27 - [MESSAGE][PASSED] - Text ****** has been set on object 'Object Repository/Page_Element/input_Security Key_mx_Field_4'

2022-02-18 23:21:27 - [TEST_STEP][PASSED] - click(findTestObject("Object Repository/Page_Element/button_Continue")): Object: 'Object Repository/Page_Element/button_Continue' is clicked on

2022-02-18 23:21:28 - [MESSAGE][PASSED] - Object: 'Object Repository/Page_Element/button_Continue' is clicked on

2022-02-18 23:21:28 - [TEST_STEP][PASSED] - click(findTestObject("Object Repository/Page_Element/div_Done")): Object: 'Object Repository/Page_Element/div_Done' is clicked on

2022-02-18 23:21:30 - [MESSAGE][PASSED] - Object: 'Object Repository/Page_Element/div_Done' is clicked on

2022-02-18 23:21:30 - [TEST_STEP][PASSED] - click(findTestObject("Object Repository/Page_Element/div_Ctrl K_mx_AccessibleButton mx_LeftPanel_88084c")): Object: 'Object Repository/Page_Element/div_Ctrl K_mx_AccessibleButton mx_LeftPanel_88084c' is clicked on

2022-02-18 23:21:31 - [MESSAGE][PASSED] - Object: 'Object Repository/Page_Element/div_Ctrl K_mx_AccessibleButton mx_LeftPanel_88084c' is clicked on

2022-02-18 23:21:31 - [TEST_STEP][PASSED] - verifyElementText(findTestObject("Page_Element/h2_Explore rooms"), "Explore rooms"): Actual text and expected text of test object 'Object Repository/Page_Element/h2_Explore rooms' are matched.

2022-02-18 23:21:31 - [MESSAGE][PASSED] - Actual text and expected text of test object 'Object Repository/Page_Element/h2_Explore rooms' are matched.

2022-02-18 23:21:31 - [TEST_STEP][PASSED] - click(findTestObject("Object Repository/Page_Element/div_Create a new room")): Object: 'Object Repository/Page_Element/div_Create a new room' is clicked on

2022-02-18 23:21:32 - [MESSAGE][PASSED] - Object: 'Object Repository/Page_Element/div_Create a new room' is clicked on

2022-02-18 23:21:32 - [TEST_STEP][PASSED] - setText(findTestObject("Object Repository/Page_Element/input_Create a public room_mx_Field_5"), "abc"): Text 'abc' is set on object 'Object Repository/Page_Element/input_Create a public room_mx_Field_5'

2022-02-18 23:21:34 - [MESSAGE][PASSED] - Text 'abc' is set on object 'Object Repository/Page_Element/input_Create a public room_mx_Field_5'

2022-02-18 23:21:34 - [TEST_STEP][PASSED] - click(findTestObject("Object Repository/Page_Element/button_Cancel")): Object: 'Object Repository/Page_Element/button_Cancel' is clicked on

2022-02-18 23:21:35 - [MESSAGE][PASSED] - Object: 'Object Repository/Page_Element/button_Cancel' is clicked on

2022-02-18 23:21:35 - [TEST_STEP][PASSED] - closeBrowser(): Browser is closed

2022-02-18 23:21:37 - [MESSAGE][PASSED] - Browser is closed]]></system-out>
         <system-err><![CDATA[]]></system-err>
      </testcase>
      <testcase name="Test Cases/87.CreateRoomShowAdvanced" time="39.257" classname="Test Cases/87.CreateRoomShowAdvanced" status="PASSED">
         <system-out><![CDATA[2022-02-18 23:21:37 - [TEST_CASE][PASSED] - Test Cases/87.CreateRoomShowAdvanced: Test Cases/87.CreateRoomShowAdvanced

2022-02-18 23:21:37 - [TEST_STEP][PASSED] - openBrowser(""): Browser is opened with url: ''

2022-02-18 23:21:37 - [MESSAGE][INFO] - Starting 'Chrome' driver

2022-02-18 23:21:37 - [MESSAGE][INFO] - Action delay is set to 1,000 milliseconds

2022-02-18 23:21:39 - [MESSAGE][PASSED] - Browser is opened with url: ''

2022-02-18 23:21:39 - [TEST_STEP][PASSED] - navigateToUrl("http://localhost:8080/"): Navigate to 'http://localhost:8080/' successfully

2022-02-18 23:21:41 - [MESSAGE][PASSED] - Navigate to 'http://localhost:8080/' successfully

2022-02-18 23:21:41 - [TEST_STEP][PASSED] - verifyElementPresent(findTestObject("Page_Element/a_Sign In"), 0): Object 'Object Repository/Page_Element/a_Sign In' is present

2022-02-18 23:21:41 - [MESSAGE][WARNING] - Timeout '0' is invalid. Using default page load timeout: '30'

2022-02-18 23:21:44 - [MESSAGE][PASSED] - Object 'Object Repository/Page_Element/a_Sign In' is present

2022-02-18 23:21:44 - [TEST_STEP][PASSED] - click(findTestObject("Object Repository/Page_Element/div_Sign In")): Object: 'Object Repository/Page_Element/div_Sign In' is clicked on

2022-02-18 23:21:45 - [MESSAGE][PASSED] - Object: 'Object Repository/Page_Element/div_Sign In' is clicked on

2022-02-18 23:21:45 - [TEST_STEP][PASSED] - verifyElementText(findTestObject("Page_Element/a_Twitter"), "Twitter"): Actual text and expected text of test object 'Object Repository/Page_Element/a_Twitter' are matched.

2022-02-18 23:21:45 - [MESSAGE][PASSED] - Actual text and expected text of test object 'Object Repository/Page_Element/a_Twitter' are matched.

2022-02-18 23:21:45 - [TEST_STEP][PASSED] - setText(findTestObject("Object Repository/Page_Element/input_Sign in with_username"), "ptnha19"): Text 'ptnha19' is set on object 'Object Repository/Page_Element/input_Sign in with_username'

2022-02-18 23:21:49 - [MESSAGE][PASSED] - Text 'ptnha19' is set on object 'Object Repository/Page_Element/input_Sign in with_username'

2022-02-18 23:21:49 - [TEST_STEP][PASSED] - setEncryptedText(findTestObject("Object Repository/Page_Element/input_Username_password"), "5R3Ima4A+eOeCrCDRGMLmJpaGR3V3+YI"): Text ****** has been set on object 'Object Repository/Page_Element/input_Username_password'

2022-02-18 23:21:51 - [MESSAGE][PASSED] - Text ****** has been set on object 'Object Repository/Page_Element/input_Username_password'

2022-02-18 23:21:51 - [TEST_STEP][PASSED] - click(findTestObject("Object Repository/Page_Element/input_Forgot password_mx_Login_submit")): Object: 'Object Repository/Page_Element/input_Forgot password_mx_Login_submit' is clicked on

2022-02-18 23:21:52 - [MESSAGE][PASSED] - Object: 'Object Repository/Page_Element/input_Forgot password_mx_Login_submit' is clicked on

2022-02-18 23:21:52 - [TEST_STEP][PASSED] - delay(10): Delayed 10 second(s)

2022-02-18 23:22:02 - [MESSAGE][PASSED] - Delayed 10 second(s)

2022-02-18 23:22:02 - [TEST_STEP][PASSED] - click(findTestObject("Object Repository/Page_Element/div_Verify with Security Key")): Object: 'Object Repository/Page_Element/div_Verify with Security Key' is clicked on

2022-02-18 23:22:03 - [MESSAGE][PASSED] - Object: 'Object Repository/Page_Element/div_Verify with Security Key' is clicked on

2022-02-18 23:22:03 - [TEST_STEP][PASSED] - verifyElementPresent(findTestObject("Page_Element/div_Looks good"), 0): Object 'Object Repository/Page_Element/div_Looks good' is present

2022-02-18 23:22:03 - [MESSAGE][WARNING] - Timeout '0' is invalid. Using default page load timeout: '30'

2022-02-18 23:22:04 - [MESSAGE][PASSED] - Object 'Object Repository/Page_Element/div_Looks good' is present

2022-02-18 23:22:04 - [TEST_STEP][PASSED] - setEncryptedText(findTestObject("Object Repository/Page_Element/input_Security Key_mx_Field_4"), "T5dL0dZa3GcY/MrlN7YOn6WOTrovA4jj9xOYEG/i3Z769E9Kq/X7+gryZqF4ov+opBHLAWv3wACasluLqCMBHw=="): Text ****** has been set on object 'Object Repository/Page_Element/input_Security Key_mx_Field_4'

2022-02-18 23:22:06 - [MESSAGE][PASSED] - Text ****** has been set on object 'Object Repository/Page_Element/input_Security Key_mx_Field_4'

2022-02-18 23:22:06 - [TEST_STEP][PASSED] - click(findTestObject("Object Repository/Page_Element/button_Continue")): Object: 'Object Repository/Page_Element/button_Continue' is clicked on

2022-02-18 23:22:08 - [MESSAGE][PASSED] - Object: 'Object Repository/Page_Element/button_Continue' is clicked on

2022-02-18 23:22:08 - [TEST_STEP][PASSED] - click(findTestObject("Object Repository/Page_Element/div_Done")): Object: 'Object Repository/Page_Element/div_Done' is clicked on

2022-02-18 23:22:09 - [MESSAGE][PASSED] - Object: 'Object Repository/Page_Element/div_Done' is clicked on

2022-02-18 23:22:09 - [TEST_STEP][PASSED] - verifyElementText(findTestObject("Page_Element/h4_Own your conversations"), "Own your conversations."): Actual text and expected text of test object 'Object Repository/Page_Element/h4_Own your conversations' are matched.

2022-02-18 23:22:09 - [MESSAGE][PASSED] - Actual text and expected text of test object 'Object Repository/Page_Element/h4_Own your conversations' are matched.

2022-02-18 23:22:09 - [TEST_STEP][PASSED] - click(findTestObject("Object Repository/Page_Element/div_Create a Group Chat")): Object: 'Object Repository/Page_Element/div_Create a Group Chat' is clicked on

2022-02-18 23:22:10 - [MESSAGE][PASSED] - Object: 'Object Repository/Page_Element/div_Create a Group Chat' is clicked on

2022-02-18 23:22:10 - [TEST_STEP][PASSED] - click(findTestObject("Object Repository/Page_Element/summary_Show advanced")): Object: 'Object Repository/Page_Element/summary_Show advanced' is clicked on

2022-02-18 23:22:11 - [MESSAGE][PASSED] - Object: 'Object Repository/Page_Element/summary_Show advanced' is clicked on

2022-02-18 23:22:11 - [TEST_STEP][PASSED] - verifyElementPresent(findTestObject("Page_Element/h2_Create a private room"), 0): Object 'Object Repository/Page_Element/h2_Create a private room' is present

2022-02-18 23:22:11 - [MESSAGE][WARNING] - Timeout '0' is invalid. Using default page load timeout: '30'

2022-02-18 23:22:11 - [MESSAGE][PASSED] - Object 'Object Repository/Page_Element/h2_Create a private room' is present

2022-02-18 23:22:11 - [TEST_STEP][PASSED] - setText(findTestObject("Object Repository/Page_Element/input_Name_mx_Field_6"), "abc"): Text 'abc' is set on object 'Object Repository/Page_Element/input_Name_mx_Field_6'

2022-02-18 23:22:14 - [MESSAGE][PASSED] - Text 'abc' is set on object 'Object Repository/Page_Element/input_Name_mx_Field_6'

2022-02-18 23:22:14 - [TEST_STEP][PASSED] - click(findTestObject("Object Repository/Page_Element/button_Cancel")): Object: 'Object Repository/Page_Element/button_Cancel' is clicked on

2022-02-18 23:22:15 - [MESSAGE][PASSED] - Object: 'Object Repository/Page_Element/button_Cancel' is clicked on

2022-02-18 23:22:15 - [TEST_STEP][PASSED] - closeBrowser(): Browser is closed

2022-02-18 23:22:16 - [MESSAGE][PASSED] - Browser is closed]]></system-out>
         <system-err><![CDATA[]]></system-err>
      </testcase>
      <testcase name="Test Cases/89.SendMessageExploreRoom" time="40.272" classname="Test Cases/89.SendMessageExploreRoom" status="PASSED">
         <system-out><![CDATA[2022-02-18 23:22:16 - [TEST_CASE][PASSED] - Test Cases/89.SendMessageExploreRoom: Test Cases/89.SendMessageExploreRoom

2022-02-18 23:22:16 - [TEST_STEP][PASSED] - openBrowser(""): Browser is opened with url: ''

2022-02-18 23:22:16 - [MESSAGE][INFO] - Starting 'Chrome' driver

2022-02-18 23:22:16 - [MESSAGE][INFO] - Action delay is set to 1,000 milliseconds

2022-02-18 23:22:18 - [MESSAGE][PASSED] - Browser is opened with url: ''

2022-02-18 23:22:18 - [TEST_STEP][PASSED] - navigateToUrl("http://localhost:8080/"): Navigate to 'http://localhost:8080/' successfully

2022-02-18 23:22:21 - [MESSAGE][PASSED] - Navigate to 'http://localhost:8080/' successfully

2022-02-18 23:22:21 - [TEST_STEP][PASSED] - verifyElementPresent(findTestObject("Page_Element/a_Sign In"), 0): Object 'Object Repository/Page_Element/a_Sign In' is present

2022-02-18 23:22:21 - [MESSAGE][WARNING] - Timeout '0' is invalid. Using default page load timeout: '30'

2022-02-18 23:22:24 - [MESSAGE][PASSED] - Object 'Object Repository/Page_Element/a_Sign In' is present

2022-02-18 23:22:24 - [TEST_STEP][PASSED] - click(findTestObject("Object Repository/Page_Element/div_Sign In")): Object: 'Object Repository/Page_Element/div_Sign In' is clicked on

2022-02-18 23:22:25 - [MESSAGE][PASSED] - Object: 'Object Repository/Page_Element/div_Sign In' is clicked on

2022-02-18 23:22:25 - [TEST_STEP][PASSED] - verifyElementText(findTestObject("Page_Element/a_Twitter"), "Twitter"): Actual text and expected text of test object 'Object Repository/Page_Element/a_Twitter' are matched.

2022-02-18 23:22:25 - [MESSAGE][PASSED] - Actual text and expected text of test object 'Object Repository/Page_Element/a_Twitter' are matched.

2022-02-18 23:22:25 - [TEST_STEP][PASSED] - setText(findTestObject("Object Repository/Page_Element/input_Sign in with_username"), "ptnha19"): Text 'ptnha19' is set on object 'Object Repository/Page_Element/input_Sign in with_username'

2022-02-18 23:22:29 - [MESSAGE][PASSED] - Text 'ptnha19' is set on object 'Object Repository/Page_Element/input_Sign in with_username'

2022-02-18 23:22:29 - [TEST_STEP][PASSED] - setEncryptedText(findTestObject("Object Repository/Page_Element/input_Username_password"), "5R3Ima4A+eOeCrCDRGMLmJpaGR3V3+YI"): Text ****** has been set on object 'Object Repository/Page_Element/input_Username_password'

2022-02-18 23:22:31 - [MESSAGE][PASSED] - Text ****** has been set on object 'Object Repository/Page_Element/input_Username_password'

2022-02-18 23:22:31 - [TEST_STEP][PASSED] - click(findTestObject("Object Repository/Page_Element/input_Forgot password_mx_Login_submit")): Object: 'Object Repository/Page_Element/input_Forgot password_mx_Login_submit' is clicked on

2022-02-18 23:22:32 - [MESSAGE][PASSED] - Object: 'Object Repository/Page_Element/input_Forgot password_mx_Login_submit' is clicked on

2022-02-18 23:22:32 - [TEST_STEP][PASSED] - delay(10): Delayed 10 second(s)

2022-02-18 23:22:42 - [MESSAGE][PASSED] - Delayed 10 second(s)

2022-02-18 23:22:42 - [TEST_STEP][PASSED] - click(findTestObject("Object Repository/Page_Element/div_Verify with Security Key")): Object: 'Object Repository/Page_Element/div_Verify with Security Key' is clicked on

2022-02-18 23:22:43 - [MESSAGE][PASSED] - Object: 'Object Repository/Page_Element/div_Verify with Security Key' is clicked on

2022-02-18 23:22:43 - [TEST_STEP][PASSED] - verifyElementPresent(findTestObject("Page_Element/div_Looks good"), 0): Object 'Object Repository/Page_Element/div_Looks good' is present

2022-02-18 23:22:43 - [MESSAGE][WARNING] - Timeout '0' is invalid. Using default page load timeout: '30'

2022-02-18 23:22:44 - [MESSAGE][PASSED] - Object 'Object Repository/Page_Element/div_Looks good' is present

2022-02-18 23:22:44 - [TEST_STEP][PASSED] - setEncryptedText(findTestObject("Object Repository/Page_Element/input_Security Key_mx_Field_4"), "T5dL0dZa3GcY/MrlN7YOn6WOTrovA4jj9xOYEG/i3Z769E9Kq/X7+gryZqF4ov+opBHLAWv3wACasluLqCMBHw=="): Text ****** has been set on object 'Object Repository/Page_Element/input_Security Key_mx_Field_4'

2022-02-18 23:22:47 - [MESSAGE][PASSED] - Text ****** has been set on object 'Object Repository/Page_Element/input_Security Key_mx_Field_4'

2022-02-18 23:22:47 - [TEST_STEP][PASSED] - click(findTestObject("Object Repository/Page_Element/button_Continue")): Object: 'Object Repository/Page_Element/button_Continue' is clicked on

2022-02-18 23:22:48 - [MESSAGE][PASSED] - Object: 'Object Repository/Page_Element/button_Continue' is clicked on

2022-02-18 23:22:48 - [TEST_STEP][PASSED] - click(findTestObject("Object Repository/Page_Element/div_Done")): Object: 'Object Repository/Page_Element/div_Done' is clicked on

2022-02-18 23:22:49 - [MESSAGE][PASSED] - Object: 'Object Repository/Page_Element/div_Done' is clicked on

2022-02-18 23:22:49 - [TEST_STEP][PASSED] - click(findTestObject("Page_Element/span_Send a Direct Message")): Object: 'Object Repository/Page_Element/span_Send a Direct Message' is clicked on

2022-02-18 23:22:50 - [MESSAGE][PASSED] - Object: 'Object Repository/Page_Element/span_Send a Direct Message' is clicked on

2022-02-18 23:22:50 - [TEST_STEP][PASSED] - click(findTestObject("Page_Element/div_Direct Messages_mx_AccessibleButton mx__57a7bb")): Object: 'Object Repository/Page_Element/div_Direct Messages_mx_AccessibleButton mx__57a7bb' is clicked on

2022-02-18 23:22:51 - [MESSAGE][PASSED] - Object: 'Object Repository/Page_Element/div_Direct Messages_mx_AccessibleButton mx__57a7bb' is clicked on

2022-02-18 23:22:51 - [TEST_STEP][PASSED] - click(findTestObject("Object Repository/Page_Element/div_Explore Public Rooms")): Object: 'Object Repository/Page_Element/div_Explore Public Rooms' is clicked on

2022-02-18 23:22:53 - [MESSAGE][PASSED] - Object: 'Object Repository/Page_Element/div_Explore Public Rooms' is clicked on

2022-02-18 23:22:53 - [TEST_STEP][PASSED] - verifyElementText(findTestObject("Page_Element/h2_Create a public room"), "Explore rooms"): Actual text and expected text of test object 'Object Repository/Page_Element/h2_Create a public room' are matched.

2022-02-18 23:22:53 - [MESSAGE][PASSED] - Actual text and expected text of test object 'Object Repository/Page_Element/h2_Create a public room' are matched.

2022-02-18 23:22:53 - [TEST_STEP][PASSED] - click(findTestObject("Object Repository/Page_Element/div_Create a new room")): Object: 'Object Repository/Page_Element/div_Create a new room' is clicked on

2022-02-18 23:22:54 - [MESSAGE][PASSED] - Object: 'Object Repository/Page_Element/div_Create a new room' is clicked on

2022-02-18 23:22:54 - [TEST_STEP][PASSED] - click(findTestObject("Object Repository/Page_Element/div_Create a public room_mx_AccessibleButto_14c7c4")): Object: 'Object Repository/Page_Element/div_Create a public room_mx_AccessibleButto_14c7c4' is clicked on

2022-02-18 23:22:55 - [MESSAGE][PASSED] - Object: 'Object Repository/Page_Element/div_Create a public room_mx_AccessibleButto_14c7c4' is clicked on

2022-02-18 23:22:55 - [TEST_STEP][PASSED] - closeBrowser(): Browser is closed

2022-02-18 23:22:57 - [MESSAGE][PASSED] - Browser is closed]]></system-out>
         <system-err><![CDATA[]]></system-err>
      </testcase>
      <testcase name="Test Cases/29.EnableEmailNotifications" time="39.574" classname="Test Cases/29.EnableEmailNotifications" status="PASSED">
         <system-out><![CDATA[2022-02-18 23:22:57 - [TEST_CASE][PASSED] - Test Cases/29.EnableEmailNotifications: Test Cases/29.EnableEmailNotifications

2022-02-18 23:22:57 - [TEST_STEP][PASSED] - openBrowser(""): Browser is opened with url: ''

2022-02-18 23:22:57 - [MESSAGE][INFO] - Starting 'Chrome' driver

2022-02-18 23:22:57 - [MESSAGE][INFO] - Action delay is set to 1,000 milliseconds

2022-02-18 23:22:58 - [MESSAGE][PASSED] - Browser is opened with url: ''

2022-02-18 23:22:58 - [TEST_STEP][PASSED] - navigateToUrl("http://localhost:8080/"): Navigate to 'http://localhost:8080/' successfully

2022-02-18 23:23:01 - [MESSAGE][PASSED] - Navigate to 'http://localhost:8080/' successfully

2022-02-18 23:23:01 - [TEST_STEP][PASSED] - verifyElementPresent(findTestObject("Page_Element/a_Sign In"), 0): Object 'Object Repository/Page_Element/a_Sign In' is present

2022-02-18 23:23:01 - [MESSAGE][WARNING] - Timeout '0' is invalid. Using default page load timeout: '30'

2022-02-18 23:23:04 - [MESSAGE][PASSED] - Object 'Object Repository/Page_Element/a_Sign In' is present

2022-02-18 23:23:04 - [TEST_STEP][PASSED] - click(findTestObject("Object Repository/Page_Element/div_Sign In")): Object: 'Object Repository/Page_Element/div_Sign In' is clicked on

2022-02-18 23:23:05 - [MESSAGE][PASSED] - Object: 'Object Repository/Page_Element/div_Sign In' is clicked on

2022-02-18 23:23:05 - [TEST_STEP][PASSED] - verifyElementText(findTestObject("Page_Element/a_Twitter"), "Twitter"): Actual text and expected text of test object 'Object Repository/Page_Element/a_Twitter' are matched.

2022-02-18 23:23:05 - [MESSAGE][PASSED] - Actual text and expected text of test object 'Object Repository/Page_Element/a_Twitter' are matched.

2022-02-18 23:23:05 - [TEST_STEP][PASSED] - setText(findTestObject("Object Repository/Page_Element/input_Sign in with_username"), "ptnha19"): Text 'ptnha19' is set on object 'Object Repository/Page_Element/input_Sign in with_username'

2022-02-18 23:23:09 - [MESSAGE][PASSED] - Text 'ptnha19' is set on object 'Object Repository/Page_Element/input_Sign in with_username'

2022-02-18 23:23:09 - [TEST_STEP][PASSED] - setEncryptedText(findTestObject("Object Repository/Page_Element/input_Username_password"), "5R3Ima4A+eOeCrCDRGMLmJpaGR3V3+YI"): Text ****** has been set on object 'Object Repository/Page_Element/input_Username_password'

2022-02-18 23:23:11 - [MESSAGE][PASSED] - Text ****** has been set on object 'Object Repository/Page_Element/input_Username_password'

2022-02-18 23:23:11 - [TEST_STEP][PASSED] - click(findTestObject("Object Repository/Page_Element/input_Forgot password_mx_Login_submit")): Object: 'Object Repository/Page_Element/input_Forgot password_mx_Login_submit' is clicked on

2022-02-18 23:23:12 - [MESSAGE][PASSED] - Object: 'Object Repository/Page_Element/input_Forgot password_mx_Login_submit' is clicked on

2022-02-18 23:23:12 - [TEST_STEP][PASSED] - delay(10): Delayed 10 second(s)

2022-02-18 23:23:22 - [MESSAGE][PASSED] - Delayed 10 second(s)

2022-02-18 23:23:22 - [TEST_STEP][PASSED] - click(findTestObject("Object Repository/Page_Element/div_Verify with Security Key")): Object: 'Object Repository/Page_Element/div_Verify with Security Key' is clicked on

2022-02-18 23:23:23 - [MESSAGE][PASSED] - Object: 'Object Repository/Page_Element/div_Verify with Security Key' is clicked on

2022-02-18 23:23:23 - [TEST_STEP][PASSED] - verifyElementPresent(findTestObject("Page_Element/div_Looks good"), 0): Object 'Object Repository/Page_Element/div_Looks good' is present

2022-02-18 23:23:23 - [MESSAGE][WARNING] - Timeout '0' is invalid. Using default page load timeout: '30'

2022-02-18 23:23:24 - [MESSAGE][PASSED] - Object 'Object Repository/Page_Element/div_Looks good' is present

2022-02-18 23:23:24 - [TEST_STEP][PASSED] - setEncryptedText(findTestObject("Object Repository/Page_Element/input_Security Key_mx_Field_4"), "T5dL0dZa3GcY/MrlN7YOn6WOTrovA4jj9xOYEG/i3Z769E9Kq/X7+gryZqF4ov+opBHLAWv3wACasluLqCMBHw=="): Text ****** has been set on object 'Object Repository/Page_Element/input_Security Key_mx_Field_4'

2022-02-18 23:23:27 - [MESSAGE][PASSED] - Text ****** has been set on object 'Object Repository/Page_Element/input_Security Key_mx_Field_4'

2022-02-18 23:23:27 - [TEST_STEP][PASSED] - click(findTestObject("Object Repository/Page_Element/button_Continue")): Object: 'Object Repository/Page_Element/button_Continue' is clicked on

2022-02-18 23:23:28 - [MESSAGE][PASSED] - Object: 'Object Repository/Page_Element/button_Continue' is clicked on

2022-02-18 23:23:28 - [TEST_STEP][PASSED] - click(findTestObject("Object Repository/Page_Element/div_Done")): Object: 'Object Repository/Page_Element/div_Done' is clicked on

2022-02-18 23:23:29 - [MESSAGE][PASSED] - Object: 'Object Repository/Page_Element/div_Done' is clicked on

2022-02-18 23:23:29 - [TEST_STEP][PASSED] - click(findTestObject("Object Repository/Page_Element/img_Enable_mx_BaseAvatar_image")): Object: 'Object Repository/Page_Element/img_Enable_mx_BaseAvatar_image' is clicked on

2022-02-18 23:23:30 - [MESSAGE][PASSED] - Object: 'Object Repository/Page_Element/img_Enable_mx_BaseAvatar_image' is clicked on

2022-02-18 23:23:30 - [TEST_STEP][PASSED] - click(findTestObject("Object Repository/Page_Element/span_Notifications")): Object: 'Object Repository/Page_Element/span_Notifications' is clicked on

2022-02-18 23:23:32 - [MESSAGE][PASSED] - Object: 'Object Repository/Page_Element/span_Notifications' is clicked on

2022-02-18 23:23:32 - [TEST_STEP][PASSED] - verifyElementPresent(findTestObject("Page_Element 1/div_Notifications"), 0): Object 'Object Repository/Page_Element 1/div_Notifications' is present

2022-02-18 23:23:32 - [MESSAGE][WARNING] - Timeout '0' is invalid. Using default page load timeout: '30'

2022-02-18 23:23:32 - [MESSAGE][PASSED] - Object 'Object Repository/Page_Element 1/div_Notifications' is present

2022-02-18 23:23:32 - [TEST_STEP][PASSED] - click(findTestObject("Object Repository/Page_Element/div_Enable email notifications for selena.n_56c593")): Object: 'Object Repository/Page_Element/div_Enable email notifications for selena.n_56c593' is clicked on

2022-02-18 23:23:34 - [MESSAGE][PASSED] - Object: 'Object Repository/Page_Element/div_Enable email notifications for selena.n_56c593' is clicked on

2022-02-18 23:23:34 - [TEST_STEP][PASSED] - click(findTestObject("Object Repository/Page_Element/div_Enable email notifications for selena.n_56c593_1")): Object: 'Object Repository/Page_Element/div_Enable email notifications for selena.n_56c593_1' is clicked on

2022-02-18 23:23:35 - [MESSAGE][PASSED] - Object: 'Object Repository/Page_Element/div_Enable email notifications for selena.n_56c593_1' is clicked on

2022-02-18 23:23:35 - [TEST_STEP][PASSED] - closeBrowser(): Browser is closed

2022-02-18 23:23:36 - [MESSAGE][PASSED] - Browser is closed]]></system-out>
         <system-err><![CDATA[]]></system-err>
      </testcase>
      <testcase name="Test Cases/30.ReferencesRoomList" time="43.962" classname="Test Cases/30.ReferencesRoomList" status="PASSED">
         <system-out><![CDATA[2022-02-18 23:23:36 - [TEST_CASE][PASSED] - Test Cases/30.ReferencesRoomList: Test Cases/30.ReferencesRoomList

2022-02-18 23:23:36 - [TEST_STEP][PASSED] - openBrowser(""): Browser is opened with url: ''

2022-02-18 23:23:36 - [MESSAGE][INFO] - Starting 'Chrome' driver

2022-02-18 23:23:36 - [MESSAGE][INFO] - Action delay is set to 1,000 milliseconds

2022-02-18 23:23:38 - [MESSAGE][PASSED] - Browser is opened with url: ''

2022-02-18 23:23:38 - [TEST_STEP][PASSED] - navigateToUrl("http://localhost:8080/"): Navigate to 'http://localhost:8080/' successfully

2022-02-18 23:23:40 - [MESSAGE][PASSED] - Navigate to 'http://localhost:8080/' successfully

2022-02-18 23:23:40 - [TEST_STEP][PASSED] - verifyElementPresent(findTestObject("Page_Element/a_Sign In"), 0): Object 'Object Repository/Page_Element/a_Sign In' is present

2022-02-18 23:23:40 - [MESSAGE][WARNING] - Timeout '0' is invalid. Using default page load timeout: '30'

2022-02-18 23:23:44 - [MESSAGE][PASSED] - Object 'Object Repository/Page_Element/a_Sign In' is present

2022-02-18 23:23:44 - [TEST_STEP][PASSED] - click(findTestObject("Object Repository/Page_Element/div_Sign In")): Object: 'Object Repository/Page_Element/div_Sign In' is clicked on

2022-02-18 23:23:45 - [MESSAGE][PASSED] - Object: 'Object Repository/Page_Element/div_Sign In' is clicked on

2022-02-18 23:23:45 - [TEST_STEP][PASSED] - verifyElementText(findTestObject("Page_Element/a_Twitter"), "Twitter"): Actual text and expected text of test object 'Object Repository/Page_Element/a_Twitter' are matched.

2022-02-18 23:23:45 - [MESSAGE][PASSED] - Actual text and expected text of test object 'Object Repository/Page_Element/a_Twitter' are matched.

2022-02-18 23:23:45 - [TEST_STEP][PASSED] - setText(findTestObject("Object Repository/Page_Element/input_Sign in with_username"), "ptnha19"): Text 'ptnha19' is set on object 'Object Repository/Page_Element/input_Sign in with_username'

2022-02-18 23:23:49 - [MESSAGE][PASSED] - Text 'ptnha19' is set on object 'Object Repository/Page_Element/input_Sign in with_username'

2022-02-18 23:23:49 - [TEST_STEP][PASSED] - setEncryptedText(findTestObject("Object Repository/Page_Element/input_Username_password"), "5R3Ima4A+eOeCrCDRGMLmJpaGR3V3+YI"): Text ****** has been set on object 'Object Repository/Page_Element/input_Username_password'

2022-02-18 23:23:51 - [MESSAGE][PASSED] - Text ****** has been set on object 'Object Repository/Page_Element/input_Username_password'

2022-02-18 23:23:51 - [TEST_STEP][PASSED] - click(findTestObject("Object Repository/Page_Element/input_Forgot password_mx_Login_submit")): Object: 'Object Repository/Page_Element/input_Forgot password_mx_Login_submit' is clicked on

2022-02-18 23:23:52 - [MESSAGE][PASSED] - Object: 'Object Repository/Page_Element/input_Forgot password_mx_Login_submit' is clicked on

2022-02-18 23:23:52 - [TEST_STEP][PASSED] - delay(10): Delayed 10 second(s)

2022-02-18 23:24:02 - [MESSAGE][PASSED] - Delayed 10 second(s)

2022-02-18 23:24:02 - [TEST_STEP][PASSED] - click(findTestObject("Object Repository/Page_Element/div_Verify with Security Key")): Object: 'Object Repository/Page_Element/div_Verify with Security Key' is clicked on

2022-02-18 23:24:05 - [MESSAGE][PASSED] - Object: 'Object Repository/Page_Element/div_Verify with Security Key' is clicked on

2022-02-18 23:24:05 - [TEST_STEP][PASSED] - verifyElementPresent(findTestObject("Page_Element/div_Looks good"), 0): Object 'Object Repository/Page_Element/div_Looks good' is present

2022-02-18 23:24:05 - [MESSAGE][WARNING] - Timeout '0' is invalid. Using default page load timeout: '30'

2022-02-18 23:24:05 - [MESSAGE][PASSED] - Object 'Object Repository/Page_Element/div_Looks good' is present

2022-02-18 23:24:05 - [TEST_STEP][PASSED] - setEncryptedText(findTestObject("Object Repository/Page_Element/input_Security Key_mx_Field_4"), "T5dL0dZa3GcY/MrlN7YOn6WOTrovA4jj9xOYEG/i3Z769E9Kq/X7+gryZqF4ov+opBHLAWv3wACasluLqCMBHw=="): Text ****** has been set on object 'Object Repository/Page_Element/input_Security Key_mx_Field_4'

2022-02-18 23:24:08 - [MESSAGE][PASSED] - Text ****** has been set on object 'Object Repository/Page_Element/input_Security Key_mx_Field_4'

2022-02-18 23:24:08 - [TEST_STEP][PASSED] - click(findTestObject("Object Repository/Page_Element/button_Continue")): Object: 'Object Repository/Page_Element/button_Continue' is clicked on

2022-02-18 23:24:09 - [MESSAGE][PASSED] - Object: 'Object Repository/Page_Element/button_Continue' is clicked on

2022-02-18 23:24:09 - [TEST_STEP][PASSED] - click(findTestObject("Object Repository/Page_Element/div_Done")): Object: 'Object Repository/Page_Element/div_Done' is clicked on

2022-02-18 23:24:10 - [MESSAGE][PASSED] - Object: 'Object Repository/Page_Element/div_Done' is clicked on

2022-02-18 23:24:10 - [TEST_STEP][PASSED] - click(findTestObject("Object Repository/Page_Element/span_P")): Object: 'Object Repository/Page_Element/span_P' is clicked on

2022-02-18 23:24:12 - [MESSAGE][PASSED] - Object: 'Object Repository/Page_Element/span_P' is clicked on

2022-02-18 23:24:12 - [TEST_STEP][PASSED] - click(findTestObject("Object Repository/Page_Element/span_All settings")): Object: 'Object Repository/Page_Element/span_All settings' is clicked on

2022-02-18 23:24:13 - [MESSAGE][PASSED] - Object: 'Object Repository/Page_Element/span_All settings' is clicked on

2022-02-18 23:24:13 - [TEST_STEP][PASSED] - verifyElementPresent(findTestObject("Page_Element 1/span_Sidebar_mx_TabbedView_maskedIcon mx_UserSettingsDialog_voiceIcon"), 0): Object 'Object Repository/Page_Element 1/span_Sidebar_mx_TabbedView_maskedIcon mx_UserSettingsDialog_voiceIcon' is present

2022-02-18 23:24:13 - [MESSAGE][WARNING] - Timeout '0' is invalid. Using default page load timeout: '30'

2022-02-18 23:24:13 - [MESSAGE][PASSED] - Object 'Object Repository/Page_Element 1/span_Sidebar_mx_TabbedView_maskedIcon mx_UserSettingsDialog_voiceIcon' is present

2022-02-18 23:24:13 - [TEST_STEP][PASSED] - click(findTestObject("Page_Element 1/span_Preferences")): Object: 'Object Repository/Page_Element 1/span_Preferences' is clicked on

2022-02-18 23:24:14 - [MESSAGE][PASSED] - Object: 'Object Repository/Page_Element 1/span_Preferences' is clicked on

2022-02-18 23:24:14 - [TEST_STEP][PASSED] - verifyElementClickable(findTestObject("Page_Element 1/div_click here")): Object 'Object Repository/Page_Element 1/div_click here' is clickable

2022-02-18 23:24:14 - [MESSAGE][PASSED] - Object 'Object Repository/Page_Element 1/div_click here' is clickable

2022-02-18 23:24:14 - [TEST_STEP][PASSED] - click(findTestObject("Object Repository/Page_Element/div_Show shortcuts to recently viewed rooms_bf3284")): Object: 'Object Repository/Page_Element/div_Show shortcuts to recently viewed rooms_bf3284' is clicked on

2022-02-18 23:24:15 - [MESSAGE][PASSED] - Object: 'Object Repository/Page_Element/div_Show shortcuts to recently viewed rooms_bf3284' is clicked on

2022-02-18 23:24:15 - [TEST_STEP][PASSED] - click(findTestObject("Object Repository/Page_Element/div_Show shortcuts to recently viewed rooms_2eb3ce")): Object: 'Object Repository/Page_Element/div_Show shortcuts to recently viewed rooms_2eb3ce' is clicked on

2022-02-18 23:24:16 - [MESSAGE][PASSED] - Object: 'Object Repository/Page_Element/div_Show shortcuts to recently viewed rooms_2eb3ce' is clicked on

2022-02-18 23:24:16 - [TEST_STEP][PASSED] - click(findTestObject("Object Repository/Page_Element/div_Show shortcuts to recently viewed rooms_2eb3ce")): Object: 'Object Repository/Page_Element/div_Show shortcuts to recently viewed rooms_2eb3ce' is clicked on

2022-02-18 23:24:17 - [MESSAGE][PASSED] - Object: 'Object Repository/Page_Element/div_Show shortcuts to recently viewed rooms_2eb3ce' is clicked on

2022-02-18 23:24:17 - [TEST_STEP][PASSED] - click(findTestObject("Object Repository/Page_Element/div_concat(All rooms you, , re in will appe_115007")): Object: 'Object Repository/Page_Element/div_concat(All rooms you, , re in will appe_115007' is clicked on

2022-02-18 23:24:19 - [MESSAGE][PASSED] - Object: 'Object Repository/Page_Element/div_concat(All rooms you, , re in will appe_115007' is clicked on

2022-02-18 23:24:19 - [TEST_STEP][PASSED] - closeBrowser(): Browser is closed

2022-02-18 23:24:20 - [MESSAGE][PASSED] - Browser is closed]]></system-out>
         <system-err><![CDATA[]]></system-err>
      </testcase>
      <testcase name="Test Cases/31.FAQ" time="44.316" classname="Test Cases/31.FAQ" status="PASSED">
         <system-out><![CDATA[2022-02-18 23:24:20 - [TEST_CASE][PASSED] - Test Cases/31.FAQ: Test Cases/31.FAQ

2022-02-18 23:24:20 - [TEST_STEP][PASSED] - openBrowser(""): Browser is opened with url: ''

2022-02-18 23:24:20 - [MESSAGE][INFO] - Starting 'Chrome' driver

2022-02-18 23:24:20 - [MESSAGE][INFO] - Action delay is set to 1,000 milliseconds

2022-02-18 23:24:22 - [MESSAGE][PASSED] - Browser is opened with url: ''

2022-02-18 23:24:22 - [TEST_STEP][PASSED] - navigateToUrl("http://localhost:8080/"): Navigate to 'http://localhost:8080/' successfully

2022-02-18 23:24:24 - [MESSAGE][PASSED] - Navigate to 'http://localhost:8080/' successfully

2022-02-18 23:24:24 - [TEST_STEP][PASSED] - verifyElementPresent(findTestObject("Page_Element/a_Sign In"), 0): Object 'Object Repository/Page_Element/a_Sign In' is present

2022-02-18 23:24:24 - [MESSAGE][WARNING] - Timeout '0' is invalid. Using default page load timeout: '30'

2022-02-18 23:24:27 - [MESSAGE][PASSED] - Object 'Object Repository/Page_Element/a_Sign In' is present

2022-02-18 23:24:28 - [TEST_STEP][PASSED] - click(findTestObject("Object Repository/Page_Element/div_Sign In")): Object: 'Object Repository/Page_Element/div_Sign In' is clicked on

2022-02-18 23:24:29 - [MESSAGE][PASSED] - Object: 'Object Repository/Page_Element/div_Sign In' is clicked on

2022-02-18 23:24:29 - [TEST_STEP][PASSED] - verifyElementText(findTestObject("Page_Element/a_Twitter"), "Twitter"): Actual text and expected text of test object 'Object Repository/Page_Element/a_Twitter' are matched.

2022-02-18 23:24:29 - [MESSAGE][PASSED] - Actual text and expected text of test object 'Object Repository/Page_Element/a_Twitter' are matched.

2022-02-18 23:24:29 - [TEST_STEP][PASSED] - setText(findTestObject("Object Repository/Page_Element/input_Sign in with_username"), "ptnha19"): Text 'ptnha19' is set on object 'Object Repository/Page_Element/input_Sign in with_username'

2022-02-18 23:24:33 - [MESSAGE][PASSED] - Text 'ptnha19' is set on object 'Object Repository/Page_Element/input_Sign in with_username'

2022-02-18 23:24:33 - [TEST_STEP][PASSED] - setEncryptedText(findTestObject("Object Repository/Page_Element/input_Username_password"), "5R3Ima4A+eOeCrCDRGMLmJpaGR3V3+YI"): Text ****** has been set on object 'Object Repository/Page_Element/input_Username_password'

2022-02-18 23:24:35 - [MESSAGE][PASSED] - Text ****** has been set on object 'Object Repository/Page_Element/input_Username_password'

2022-02-18 23:24:35 - [TEST_STEP][PASSED] - click(findTestObject("Object Repository/Page_Element/input_Forgot password_mx_Login_submit")): Object: 'Object Repository/Page_Element/input_Forgot password_mx_Login_submit' is clicked on

2022-02-18 23:24:37 - [MESSAGE][PASSED] - Object: 'Object Repository/Page_Element/input_Forgot password_mx_Login_submit' is clicked on

2022-02-18 23:24:37 - [TEST_STEP][PASSED] - delay(10): Delayed 10 second(s)

2022-02-18 23:24:47 - [MESSAGE][PASSED] - Delayed 10 second(s)

2022-02-18 23:24:47 - [TEST_STEP][PASSED] - click(findTestObject("Object Repository/Page_Element/div_Verify with Security Key")): Object: 'Object Repository/Page_Element/div_Verify with Security Key' is clicked on

2022-02-18 23:24:49 - [MESSAGE][PASSED] - Object: 'Object Repository/Page_Element/div_Verify with Security Key' is clicked on

2022-02-18 23:24:49 - [TEST_STEP][PASSED] - verifyElementPresent(findTestObject("Page_Element/div_Looks good"), 0): Object 'Object Repository/Page_Element/div_Looks good' is present

2022-02-18 23:24:49 - [MESSAGE][WARNING] - Timeout '0' is invalid. Using default page load timeout: '30'

2022-02-18 23:24:50 - [MESSAGE][PASSED] - Object 'Object Repository/Page_Element/div_Looks good' is present

2022-02-18 23:24:50 - [TEST_STEP][PASSED] - setEncryptedText(findTestObject("Object Repository/Page_Element/input_Security Key_mx_Field_4"), "T5dL0dZa3GcY/MrlN7YOn6WOTrovA4jj9xOYEG/i3Z769E9Kq/X7+gryZqF4ov+opBHLAWv3wACasluLqCMBHw=="): Text ****** has been set on object 'Object Repository/Page_Element/input_Security Key_mx_Field_4'

2022-02-18 23:24:52 - [MESSAGE][PASSED] - Text ****** has been set on object 'Object Repository/Page_Element/input_Security Key_mx_Field_4'

2022-02-18 23:24:52 - [TEST_STEP][PASSED] - click(findTestObject("Object Repository/Page_Element/button_Continue")): Object: 'Object Repository/Page_Element/button_Continue' is clicked on

2022-02-18 23:24:53 - [MESSAGE][PASSED] - Object: 'Object Repository/Page_Element/button_Continue' is clicked on

2022-02-18 23:24:53 - [TEST_STEP][PASSED] - click(findTestObject("Object Repository/Page_Element/div_Done")): Object: 'Object Repository/Page_Element/div_Done' is clicked on

2022-02-18 23:24:55 - [MESSAGE][PASSED] - Object: 'Object Repository/Page_Element/div_Done' is clicked on

2022-02-18 23:24:55 - [TEST_STEP][PASSED] - verifyElementPresent(findTestObject("Page_Element/span_P"), 0): Object 'Object Repository/Page_Element/span_P' is present

2022-02-18 23:24:55 - [MESSAGE][WARNING] - Timeout '0' is invalid. Using default page load timeout: '30'

2022-02-18 23:24:55 - [MESSAGE][PASSED] - Object 'Object Repository/Page_Element/span_P' is present

2022-02-18 23:24:55 - [TEST_STEP][PASSED] - click(findTestObject("Object Repository/Page_Element/img_Enable_mx_BaseAvatar_image")): Object: 'Object Repository/Page_Element/img_Enable_mx_BaseAvatar_image' is clicked on

2022-02-18 23:24:56 - [MESSAGE][PASSED] - Object: 'Object Repository/Page_Element/img_Enable_mx_BaseAvatar_image' is clicked on

2022-02-18 23:24:56 - [TEST_STEP][PASSED] - click(findTestObject("Object Repository/Page_Element/span_All settings")): Object: 'Object Repository/Page_Element/span_All settings' is clicked on

2022-02-18 23:24:57 - [MESSAGE][PASSED] - Object: 'Object Repository/Page_Element/span_All settings' is clicked on

2022-02-18 23:24:57 - [TEST_STEP][PASSED] - click(findTestObject("Object Repository/Page_Element/span_Help  About")): Object: 'Object Repository/Page_Element/span_Help  About' is clicked on

2022-02-18 23:24:58 - [MESSAGE][PASSED] - Object: 'Object Repository/Page_Element/span_Help  About' is clicked on

2022-02-18 23:24:58 - [TEST_STEP][PASSED] - verifyElementPresent(findTestObject("Page_Element 1/span_Versions"), 0): Object 'Object Repository/Page_Element 1/span_Versions' is present

2022-02-18 23:24:58 - [MESSAGE][WARNING] - Timeout '0' is invalid. Using default page load timeout: '30'

2022-02-18 23:24:58 - [MESSAGE][PASSED] - Object 'Object Repository/Page_Element 1/span_Versions' is present

2022-02-18 23:24:58 - [TEST_STEP][PASSED] - click(findTestObject("Object Repository/Page_Element/div_Keyboard Shortcuts")): Object: 'Object Repository/Page_Element/div_Keyboard Shortcuts' is clicked on

2022-02-18 23:25:00 - [MESSAGE][PASSED] - Object: 'Object Repository/Page_Element/div_Keyboard Shortcuts' is clicked on

2022-02-18 23:25:00 - [TEST_STEP][PASSED] - click(findTestObject("Object Repository/Page_Element/div_Keyboard Shortcuts_mx_AccessibleButton _622478")): Object: 'Object Repository/Page_Element/div_Keyboard Shortcuts_mx_AccessibleButton _622478' is clicked on

2022-02-18 23:25:01 - [MESSAGE][PASSED] - Object: 'Object Repository/Page_Element/div_Keyboard Shortcuts_mx_AccessibleButton _622478' is clicked on

2022-02-18 23:25:01 - [TEST_STEP][PASSED] - click(findTestObject("Object Repository/Page_Element/div_Settings_mx_AccessibleButton mx_Dialog__4987e8")): Object: 'Object Repository/Page_Element/div_Settings_mx_AccessibleButton mx_Dialog__4987e8' is clicked on

2022-02-18 23:25:02 - [MESSAGE][PASSED] - Object: 'Object Repository/Page_Element/div_Settings_mx_AccessibleButton mx_Dialog__4987e8' is clicked on

2022-02-18 23:25:02 - [TEST_STEP][PASSED] - click(findTestObject("Object Repository/Page_Element/img_Enable_mx_BaseAvatar_image")): Object: 'Object Repository/Page_Element/img_Enable_mx_BaseAvatar_image' is clicked on

2022-02-18 23:25:03 - [MESSAGE][PASSED] - Object: 'Object Repository/Page_Element/img_Enable_mx_BaseAvatar_image' is clicked on

2022-02-18 23:25:03 - [TEST_STEP][PASSED] - closeBrowser(): Browser is closed

2022-02-18 23:25:04 - [MESSAGE][PASSED] - Browser is closed]]></system-out>
         <system-err><![CDATA[]]></system-err>
      </testcase>
      <testcase name="Test Cases/33.SettingVoiceVideo" time="42.12" classname="Test Cases/33.SettingVoiceVideo" status="PASSED">
         <system-out><![CDATA[2022-02-18 23:25:04 - [TEST_CASE][PASSED] - Test Cases/33.SettingVoiceVideo: Test Cases/33.SettingVoiceVideo

2022-02-18 23:25:05 - [TEST_STEP][PASSED] - openBrowser(""): Browser is opened with url: ''

2022-02-18 23:25:05 - [MESSAGE][INFO] - Starting 'Chrome' driver

2022-02-18 23:25:05 - [MESSAGE][INFO] - Action delay is set to 1,000 milliseconds

2022-02-18 23:25:06 - [MESSAGE][PASSED] - Browser is opened with url: ''

2022-02-18 23:25:06 - [TEST_STEP][PASSED] - navigateToUrl("http://localhost:8080/"): Navigate to 'http://localhost:8080/' successfully

2022-02-18 23:25:09 - [MESSAGE][PASSED] - Navigate to 'http://localhost:8080/' successfully

2022-02-18 23:25:09 - [TEST_STEP][PASSED] - verifyElementPresent(findTestObject("Page_Element/a_Sign In"), 0): Object 'Object Repository/Page_Element/a_Sign In' is present

2022-02-18 23:25:09 - [MESSAGE][WARNING] - Timeout '0' is invalid. Using default page load timeout: '30'

2022-02-18 23:25:11 - [MESSAGE][PASSED] - Object 'Object Repository/Page_Element/a_Sign In' is present

2022-02-18 23:25:11 - [TEST_STEP][PASSED] - click(findTestObject("Object Repository/Page_Element/div_Sign In")): Object: 'Object Repository/Page_Element/div_Sign In' is clicked on

2022-02-18 23:25:12 - [MESSAGE][PASSED] - Object: 'Object Repository/Page_Element/div_Sign In' is clicked on

2022-02-18 23:25:12 - [TEST_STEP][PASSED] - verifyElementText(findTestObject("Page_Element/a_Twitter"), "Twitter"): Actual text and expected text of test object 'Object Repository/Page_Element/a_Twitter' are matched.

2022-02-18 23:25:12 - [MESSAGE][PASSED] - Actual text and expected text of test object 'Object Repository/Page_Element/a_Twitter' are matched.

2022-02-18 23:25:12 - [TEST_STEP][PASSED] - setText(findTestObject("Object Repository/Page_Element/input_Sign in with_username"), "ptnha19"): Text 'ptnha19' is set on object 'Object Repository/Page_Element/input_Sign in with_username'

2022-02-18 23:25:16 - [MESSAGE][PASSED] - Text 'ptnha19' is set on object 'Object Repository/Page_Element/input_Sign in with_username'

2022-02-18 23:25:16 - [TEST_STEP][PASSED] - setEncryptedText(findTestObject("Object Repository/Page_Element/input_Username_password"), "5R3Ima4A+eOeCrCDRGMLmJpaGR3V3+YI"): Text ****** has been set on object 'Object Repository/Page_Element/input_Username_password'

2022-02-18 23:25:18 - [MESSAGE][PASSED] - Text ****** has been set on object 'Object Repository/Page_Element/input_Username_password'

2022-02-18 23:25:18 - [TEST_STEP][PASSED] - click(findTestObject("Object Repository/Page_Element/input_Forgot password_mx_Login_submit")): Object: 'Object Repository/Page_Element/input_Forgot password_mx_Login_submit' is clicked on

2022-02-18 23:25:19 - [MESSAGE][PASSED] - Object: 'Object Repository/Page_Element/input_Forgot password_mx_Login_submit' is clicked on

2022-02-18 23:25:19 - [TEST_STEP][PASSED] - delay(10): Delayed 10 second(s)

2022-02-18 23:25:29 - [MESSAGE][PASSED] - Delayed 10 second(s)

2022-02-18 23:25:29 - [TEST_STEP][PASSED] - click(findTestObject("Object Repository/Page_Element/div_Verify with Security Key")): Object: 'Object Repository/Page_Element/div_Verify with Security Key' is clicked on

2022-02-18 23:25:30 - [MESSAGE][PASSED] - Object: 'Object Repository/Page_Element/div_Verify with Security Key' is clicked on

2022-02-18 23:25:30 - [TEST_STEP][PASSED] - verifyElementPresent(findTestObject("Page_Element/div_Looks good"), 0): Object 'Object Repository/Page_Element/div_Looks good' is present

2022-02-18 23:25:30 - [MESSAGE][WARNING] - Timeout '0' is invalid. Using default page load timeout: '30'

2022-02-18 23:25:31 - [MESSAGE][PASSED] - Object 'Object Repository/Page_Element/div_Looks good' is present

2022-02-18 23:25:31 - [TEST_STEP][PASSED] - setEncryptedText(findTestObject("Object Repository/Page_Element/input_Security Key_mx_Field_4"), "T5dL0dZa3GcY/MrlN7YOn6WOTrovA4jj9xOYEG/i3Z769E9Kq/X7+gryZqF4ov+opBHLAWv3wACasluLqCMBHw=="): Text ****** has been set on object 'Object Repository/Page_Element/input_Security Key_mx_Field_4'

2022-02-18 23:25:33 - [MESSAGE][PASSED] - Text ****** has been set on object 'Object Repository/Page_Element/input_Security Key_mx_Field_4'

2022-02-18 23:25:33 - [TEST_STEP][PASSED] - click(findTestObject("Object Repository/Page_Element/button_Continue")): Object: 'Object Repository/Page_Element/button_Continue' is clicked on

2022-02-18 23:25:34 - [MESSAGE][PASSED] - Object: 'Object Repository/Page_Element/button_Continue' is clicked on

2022-02-18 23:25:34 - [TEST_STEP][PASSED] - click(findTestObject("Object Repository/Page_Element/div_Done")): Object: 'Object Repository/Page_Element/div_Done' is clicked on

2022-02-18 23:25:36 - [MESSAGE][PASSED] - Object: 'Object Repository/Page_Element/div_Done' is clicked on

2022-02-18 23:25:36 - [TEST_STEP][PASSED] - click(findTestObject("Object Repository/Page_Element/img_Enable_mx_BaseAvatar_image")): Object: 'Object Repository/Page_Element/img_Enable_mx_BaseAvatar_image' is clicked on

2022-02-18 23:25:37 - [MESSAGE][PASSED] - Object: 'Object Repository/Page_Element/img_Enable_mx_BaseAvatar_image' is clicked on

2022-02-18 23:25:37 - [TEST_STEP][PASSED] - click(findTestObject("Object Repository/Page_Element/span_All settings")): Object: 'Object Repository/Page_Element/span_All settings' is clicked on

2022-02-18 23:25:38 - [MESSAGE][PASSED] - Object: 'Object Repository/Page_Element/span_All settings' is clicked on

2022-02-18 23:25:38 - [TEST_STEP][PASSED] - verifyElementPresent(findTestObject("Page_Element 1/span_Keyboard_mx_TabbedView_maskedIcon mx_UserSettingsDialog_sidebarIcon"), 0): Object 'Object Repository/Page_Element 1/span_Keyboard_mx_TabbedView_maskedIcon mx_UserSettingsDialog_sidebarIcon' is present

2022-02-18 23:25:38 - [MESSAGE][WARNING] - Timeout '0' is invalid. Using default page load timeout: '30'

2022-02-18 23:25:38 - [MESSAGE][PASSED] - Object 'Object Repository/Page_Element 1/span_Keyboard_mx_TabbedView_maskedIcon mx_UserSettingsDialog_sidebarIcon' is present

2022-02-18 23:25:38 - [TEST_STEP][PASSED] - click(findTestObject("Page_Element 1/span_Keyboard_mx_TabbedView_maskedIcon mx_UserSettingsDialog_sidebarIcon")): Object: 'Object Repository/Page_Element 1/span_Keyboard_mx_TabbedView_maskedIcon mx_UserSettingsDialog_sidebarIcon' is clicked on

2022-02-18 23:25:39 - [MESSAGE][PASSED] - Object: 'Object Repository/Page_Element 1/span_Keyboard_mx_TabbedView_maskedIcon mx_UserSettingsDialog_sidebarIcon' is clicked on

2022-02-18 23:25:39 - [TEST_STEP][PASSED] - click(findTestObject("Page_Element 1/div_Voice  Video"), STOP_ON_FAILURE): Object: 'Object Repository/Page_Element 1/div_Voice  Video' is clicked on

2022-02-18 23:25:41 - [MESSAGE][PASSED] - Object: 'Object Repository/Page_Element 1/div_Voice  Video' is clicked on

2022-02-18 23:25:41 - [TEST_STEP][PASSED] - click(findTestObject("Page_Element/div_Mirror local video feed_mx_ToggleSwitch_ball")): Object: 'Object Repository/Page_Element/div_Mirror local video feed_mx_ToggleSwitch_ball' is clicked on

2022-02-18 23:25:42 - [MESSAGE][PASSED] - Object: 'Object Repository/Page_Element/div_Mirror local video feed_mx_ToggleSwitch_ball' is clicked on

2022-02-18 23:25:42 - [TEST_STEP][PASSED] - click(findTestObject("Object Repository/Page_Element/div_Mirror local video feed_mx_ToggleSwitch_ball")): Object: 'Object Repository/Page_Element/div_Mirror local video feed_mx_ToggleSwitch_ball' is clicked on

2022-02-18 23:25:43 - [MESSAGE][PASSED] - Object: 'Object Repository/Page_Element/div_Mirror local video feed_mx_ToggleSwitch_ball' is clicked on

2022-02-18 23:25:43 - [TEST_STEP][PASSED] - click(findTestObject("Object Repository/Page_Element/div_Settings_mx_AccessibleButton mx_Dialog__4987e8")): Object: 'Object Repository/Page_Element/div_Settings_mx_AccessibleButton mx_Dialog__4987e8' is clicked on

2022-02-18 23:25:44 - [MESSAGE][PASSED] - Object: 'Object Repository/Page_Element/div_Settings_mx_AccessibleButton mx_Dialog__4987e8' is clicked on

2022-02-18 23:25:44 - [TEST_STEP][PASSED] - click(findTestObject("Object Repository/Page_Element/img_Enable_mx_BaseAvatar_image")): Object: 'Object Repository/Page_Element/img_Enable_mx_BaseAvatar_image' is clicked on

2022-02-18 23:25:45 - [MESSAGE][PASSED] - Object: 'Object Repository/Page_Element/img_Enable_mx_BaseAvatar_image' is clicked on

2022-02-18 23:25:45 - [TEST_STEP][PASSED] - closeBrowser(): Browser is closed

2022-02-18 23:25:47 - [MESSAGE][PASSED] - Browser is closed]]></system-out>
         <system-err><![CDATA[]]></system-err>
      </testcase>
      <testcase name="Test Cases/34.ExploreRoom" time="42.205" classname="Test Cases/34.ExploreRoom" status="PASSED">
         <system-out><![CDATA[2022-02-18 23:25:47 - [TEST_CASE][PASSED] - Test Cases/34.ExploreRoom: Test Cases/34.ExploreRoom

2022-02-18 23:25:47 - [TEST_STEP][PASSED] - openBrowser(""): Browser is opened with url: ''

2022-02-18 23:25:47 - [MESSAGE][INFO] - Starting 'Chrome' driver

2022-02-18 23:25:47 - [MESSAGE][INFO] - Action delay is set to 1,000 milliseconds

2022-02-18 23:25:49 - [MESSAGE][PASSED] - Browser is opened with url: ''

2022-02-18 23:25:49 - [TEST_STEP][PASSED] - navigateToUrl("http://localhost:8080/"): Navigate to 'http://localhost:8080/' successfully

2022-02-18 23:25:51 - [MESSAGE][PASSED] - Navigate to 'http://localhost:8080/' successfully

2022-02-18 23:25:51 - [TEST_STEP][PASSED] - verifyElementPresent(findTestObject("Page_Element/a_Sign In"), 0): Object 'Object Repository/Page_Element/a_Sign In' is present

2022-02-18 23:25:51 - [MESSAGE][WARNING] - Timeout '0' is invalid. Using default page load timeout: '30'

2022-02-18 23:25:54 - [MESSAGE][PASSED] - Object 'Object Repository/Page_Element/a_Sign In' is present

2022-02-18 23:25:54 - [TEST_STEP][PASSED] - click(findTestObject("Object Repository/Page_Element/div_Sign In")): Object: 'Object Repository/Page_Element/div_Sign In' is clicked on

2022-02-18 23:25:55 - [MESSAGE][PASSED] - Object: 'Object Repository/Page_Element/div_Sign In' is clicked on

2022-02-18 23:25:55 - [TEST_STEP][PASSED] - verifyElementText(findTestObject("Page_Element/a_Twitter"), "Twitter"): Actual text and expected text of test object 'Object Repository/Page_Element/a_Twitter' are matched.

2022-02-18 23:25:55 - [MESSAGE][PASSED] - Actual text and expected text of test object 'Object Repository/Page_Element/a_Twitter' are matched.

2022-02-18 23:25:55 - [TEST_STEP][PASSED] - setText(findTestObject("Object Repository/Page_Element/input_Sign in with_username"), "ptnha19"): Text 'ptnha19' is set on object 'Object Repository/Page_Element/input_Sign in with_username'

2022-02-18 23:25:58 - [MESSAGE][PASSED] - Text 'ptnha19' is set on object 'Object Repository/Page_Element/input_Sign in with_username'

2022-02-18 23:25:58 - [TEST_STEP][PASSED] - setEncryptedText(findTestObject("Object Repository/Page_Element/input_Username_password"), "5R3Ima4A+eOeCrCDRGMLmJpaGR3V3+YI"): Text ****** has been set on object 'Object Repository/Page_Element/input_Username_password'

2022-02-18 23:26:01 - [MESSAGE][PASSED] - Text ****** has been set on object 'Object Repository/Page_Element/input_Username_password'

2022-02-18 23:26:01 - [TEST_STEP][PASSED] - click(findTestObject("Object Repository/Page_Element/input_Forgot password_mx_Login_submit")): Object: 'Object Repository/Page_Element/input_Forgot password_mx_Login_submit' is clicked on

2022-02-18 23:26:02 - [MESSAGE][PASSED] - Object: 'Object Repository/Page_Element/input_Forgot password_mx_Login_submit' is clicked on

2022-02-18 23:26:02 - [TEST_STEP][PASSED] - delay(10): Delayed 10 second(s)

2022-02-18 23:26:12 - [MESSAGE][PASSED] - Delayed 10 second(s)

2022-02-18 23:26:12 - [TEST_STEP][PASSED] - click(findTestObject("Object Repository/Page_Element/div_Verify with Security Key")): Object: 'Object Repository/Page_Element/div_Verify with Security Key' is clicked on

2022-02-18 23:26:13 - [MESSAGE][PASSED] - Object: 'Object Repository/Page_Element/div_Verify with Security Key' is clicked on

2022-02-18 23:26:13 - [TEST_STEP][PASSED] - verifyElementPresent(findTestObject("Page_Element/div_Looks good"), 0): Object 'Object Repository/Page_Element/div_Looks good' is present

2022-02-18 23:26:13 - [MESSAGE][WARNING] - Timeout '0' is invalid. Using default page load timeout: '30'

2022-02-18 23:26:14 - [MESSAGE][PASSED] - Object 'Object Repository/Page_Element/div_Looks good' is present

2022-02-18 23:26:14 - [TEST_STEP][PASSED] - setEncryptedText(findTestObject("Object Repository/Page_Element/input_Security Key_mx_Field_4"), "T5dL0dZa3GcY/MrlN7YOn6WOTrovA4jj9xOYEG/i3Z769E9Kq/X7+gryZqF4ov+opBHLAWv3wACasluLqCMBHw=="): Text ****** has been set on object 'Object Repository/Page_Element/input_Security Key_mx_Field_4'

2022-02-18 23:26:16 - [MESSAGE][PASSED] - Text ****** has been set on object 'Object Repository/Page_Element/input_Security Key_mx_Field_4'

2022-02-18 23:26:16 - [TEST_STEP][PASSED] - click(findTestObject("Object Repository/Page_Element/button_Continue")): Object: 'Object Repository/Page_Element/button_Continue' is clicked on

2022-02-18 23:26:17 - [MESSAGE][PASSED] - Object: 'Object Repository/Page_Element/button_Continue' is clicked on

2022-02-18 23:26:17 - [TEST_STEP][PASSED] - click(findTestObject("Object Repository/Page_Element/div_Done")): Object: 'Object Repository/Page_Element/div_Done' is clicked on

2022-02-18 23:26:18 - [MESSAGE][PASSED] - Object: 'Object Repository/Page_Element/div_Done' is clicked on

2022-02-18 23:26:18 - [TEST_STEP][PASSED] - click(findTestObject("Page_Element/div_Ctrl K_mx_AccessibleButton mx_LeftPanel_88084c")): Object: 'Object Repository/Page_Element/div_Ctrl K_mx_AccessibleButton mx_LeftPanel_88084c' is clicked on

2022-02-18 23:26:20 - [MESSAGE][PASSED] - Object: 'Object Repository/Page_Element/div_Ctrl K_mx_AccessibleButton mx_LeftPanel_88084c' is clicked on

2022-02-18 23:26:20 - [TEST_STEP][PASSED] - verifyElementPresent(findTestObject("Page_Element 1/div_Preview"), 0): Object 'Object Repository/Page_Element 1/div_Preview' is present

2022-02-18 23:26:20 - [MESSAGE][WARNING] - Timeout '0' is invalid. Using default page load timeout: '30'

2022-02-18 23:26:22 - [MESSAGE][PASSED] - Object 'Object Repository/Page_Element 1/div_Preview' is present

2022-02-18 23:26:22 - [TEST_STEP][PASSED] - verifyElementPresent(findTestObject("Page_Element 1/span_Matrix rooms"), 0): Object 'Object Repository/Page_Element 1/span_Matrix rooms' is present

2022-02-18 23:26:22 - [MESSAGE][WARNING] - Timeout '0' is invalid. Using default page load timeout: '30'

2022-02-18 23:26:22 - [MESSAGE][PASSED] - Object 'Object Repository/Page_Element 1/span_Matrix rooms' is present

2022-02-18 23:26:22 - [TEST_STEP][PASSED] - setText(findTestObject("Object Repository/Page_Element/input_Create a new room_dirsearch"), "abc"): Text 'abc' is set on object 'Object Repository/Page_Element/input_Create a new room_dirsearch'

2022-02-18 23:26:24 - [MESSAGE][PASSED] - Text 'abc' is set on object 'Object Repository/Page_Element/input_Create a new room_dirsearch'

2022-02-18 23:26:24 - [TEST_STEP][PASSED] - click(findTestObject("Object Repository/Page_Element/span_(matrix.org)")): Object: 'Object Repository/Page_Element/span_(matrix.org)' is clicked on

2022-02-18 23:26:25 - [MESSAGE][PASSED] - Object: 'Object Repository/Page_Element/span_(matrix.org)' is clicked on

2022-02-18 23:26:25 - [TEST_STEP][PASSED] - click(findTestObject("Object Repository/Page_Element/div_This room is public_mx_ContextualMenu_b_fc4f75")): Object: 'Object Repository/Page_Element/div_This room is public_mx_ContextualMenu_b_fc4f75' is clicked on

2022-02-18 23:26:26 - [MESSAGE][PASSED] - Object: 'Object Repository/Page_Element/div_This room is public_mx_ContextualMenu_b_fc4f75' is clicked on

2022-02-18 23:26:26 - [TEST_STEP][PASSED] - click(findTestObject("Object Repository/Page_Element/div_Explore rooms_mx_AccessibleButton mx_Di_ac37a4")): Object: 'Object Repository/Page_Element/div_Explore rooms_mx_AccessibleButton mx_Di_ac37a4' is clicked on

2022-02-18 23:26:27 - [MESSAGE][PASSED] - Object: 'Object Repository/Page_Element/div_Explore rooms_mx_AccessibleButton mx_Di_ac37a4' is clicked on

2022-02-18 23:26:27 - [TEST_STEP][PASSED] - closeBrowser(): Browser is closed

2022-02-18 23:26:29 - [MESSAGE][PASSED] - Browser is closed]]></system-out>
         <system-err><![CDATA[]]></system-err>
      </testcase>
      <testcase name="Test Cases/35.ExpandPeopleBar" time="36.372" classname="Test Cases/35.ExpandPeopleBar" status="PASSED">
         <system-out><![CDATA[2022-02-18 23:26:29 - [TEST_CASE][PASSED] - Test Cases/35.ExpandPeopleBar: Test Cases/35.ExpandPeopleBar

2022-02-18 23:26:29 - [TEST_STEP][PASSED] - openBrowser(""): Browser is opened with url: ''

2022-02-18 23:26:29 - [MESSAGE][INFO] - Starting 'Chrome' driver

2022-02-18 23:26:29 - [MESSAGE][INFO] - Action delay is set to 1,000 milliseconds

2022-02-18 23:26:31 - [MESSAGE][PASSED] - Browser is opened with url: ''

2022-02-18 23:26:31 - [TEST_STEP][PASSED] - navigateToUrl("http://localhost:8080/"): Navigate to 'http://localhost:8080/' successfully

2022-02-18 23:26:33 - [MESSAGE][PASSED] - Navigate to 'http://localhost:8080/' successfully

2022-02-18 23:26:33 - [TEST_STEP][PASSED] - verifyElementPresent(findTestObject("Page_Element/a_Sign In"), 0): Object 'Object Repository/Page_Element/a_Sign In' is present

2022-02-18 23:26:33 - [MESSAGE][WARNING] - Timeout '0' is invalid. Using default page load timeout: '30'

2022-02-18 23:26:36 - [MESSAGE][PASSED] - Object 'Object Repository/Page_Element/a_Sign In' is present

2022-02-18 23:26:36 - [TEST_STEP][PASSED] - click(findTestObject("Object Repository/Page_Element/div_Sign In")): Object: 'Object Repository/Page_Element/div_Sign In' is clicked on

2022-02-18 23:26:37 - [MESSAGE][PASSED] - Object: 'Object Repository/Page_Element/div_Sign In' is clicked on

2022-02-18 23:26:37 - [TEST_STEP][PASSED] - verifyElementText(findTestObject("Page_Element/a_Twitter"), "Twitter"): Actual text and expected text of test object 'Object Repository/Page_Element/a_Twitter' are matched.

2022-02-18 23:26:37 - [MESSAGE][PASSED] - Actual text and expected text of test object 'Object Repository/Page_Element/a_Twitter' are matched.

2022-02-18 23:26:37 - [TEST_STEP][PASSED] - setText(findTestObject("Object Repository/Page_Element/input_Sign in with_username"), "ptnha19"): Text 'ptnha19' is set on object 'Object Repository/Page_Element/input_Sign in with_username'

2022-02-18 23:26:40 - [MESSAGE][PASSED] - Text 'ptnha19' is set on object 'Object Repository/Page_Element/input_Sign in with_username'

2022-02-18 23:26:40 - [TEST_STEP][PASSED] - setEncryptedText(findTestObject("Object Repository/Page_Element/input_Username_password"), "5R3Ima4A+eOeCrCDRGMLmJpaGR3V3+YI"): Text ****** has been set on object 'Object Repository/Page_Element/input_Username_password'

2022-02-18 23:26:43 - [MESSAGE][PASSED] - Text ****** has been set on object 'Object Repository/Page_Element/input_Username_password'

2022-02-18 23:26:43 - [TEST_STEP][PASSED] - click(findTestObject("Object Repository/Page_Element/input_Forgot password_mx_Login_submit")): Object: 'Object Repository/Page_Element/input_Forgot password_mx_Login_submit' is clicked on

2022-02-18 23:26:44 - [MESSAGE][PASSED] - Object: 'Object Repository/Page_Element/input_Forgot password_mx_Login_submit' is clicked on

2022-02-18 23:26:44 - [TEST_STEP][PASSED] - delay(10): Delayed 10 second(s)

2022-02-18 23:26:54 - [MESSAGE][PASSED] - Delayed 10 second(s)

2022-02-18 23:26:54 - [TEST_STEP][PASSED] - click(findTestObject("Object Repository/Page_Element/div_Verify with Security Key")): Object: 'Object Repository/Page_Element/div_Verify with Security Key' is clicked on

2022-02-18 23:26:55 - [MESSAGE][PASSED] - Object: 'Object Repository/Page_Element/div_Verify with Security Key' is clicked on

2022-02-18 23:26:55 - [TEST_STEP][PASSED] - verifyElementPresent(findTestObject("Page_Element/div_Looks good"), 0): Object 'Object Repository/Page_Element/div_Looks good' is present

2022-02-18 23:26:55 - [MESSAGE][WARNING] - Timeout '0' is invalid. Using default page load timeout: '30'

2022-02-18 23:26:56 - [MESSAGE][PASSED] - Object 'Object Repository/Page_Element/div_Looks good' is present

2022-02-18 23:26:56 - [TEST_STEP][PASSED] - setEncryptedText(findTestObject("Object Repository/Page_Element/input_Security Key_mx_Field_4"), "T5dL0dZa3GcY/MrlN7YOn6WOTrovA4jj9xOYEG/i3Z769E9Kq/X7+gryZqF4ov+opBHLAWv3wACasluLqCMBHw=="): Text ****** has been set on object 'Object Repository/Page_Element/input_Security Key_mx_Field_4'

2022-02-18 23:26:59 - [MESSAGE][PASSED] - Text ****** has been set on object 'Object Repository/Page_Element/input_Security Key_mx_Field_4'

2022-02-18 23:26:59 - [TEST_STEP][PASSED] - click(findTestObject("Object Repository/Page_Element/button_Continue")): Object: 'Object Repository/Page_Element/button_Continue' is clicked on

2022-02-18 23:27:00 - [MESSAGE][PASSED] - Object: 'Object Repository/Page_Element/button_Continue' is clicked on

2022-02-18 23:27:00 - [TEST_STEP][PASSED] - click(findTestObject("Object Repository/Page_Element/div_Done")): Object: 'Object Repository/Page_Element/div_Done' is clicked on

2022-02-18 23:27:01 - [MESSAGE][PASSED] - Object: 'Object Repository/Page_Element/div_Done' is clicked on

2022-02-18 23:27:01 - [TEST_STEP][PASSED] - verifyElementPresent(findTestObject("Page_Element 1/span_Favorites"), 0): Object 'Object Repository/Page_Element 1/span_Favorites' is present

2022-02-18 23:27:01 - [MESSAGE][WARNING] - Timeout '0' is invalid. Using default page load timeout: '30'

2022-02-18 23:27:01 - [MESSAGE][PASSED] - Object 'Object Repository/Page_Element 1/span_Favorites' is present

2022-02-18 23:27:01 - [TEST_STEP][PASSED] - click(findTestObject("Object Repository/Page_Element/span_Favorites_mx_RoomSublist_collapseBtn")): Object: 'Object Repository/Page_Element/span_Favorites_mx_RoomSublist_collapseBtn' is clicked on

2022-02-18 23:27:02 - [MESSAGE][PASSED] - Object: 'Object Repository/Page_Element/span_Favorites_mx_RoomSublist_collapseBtn' is clicked on

2022-02-18 23:27:02 - [TEST_STEP][PASSED] - click(findTestObject("Object Repository/Page_Element/span_Favorites_mx_RoomSublist_collapseBtn m_10447f")): Object: 'Object Repository/Page_Element/span_Favorites_mx_RoomSublist_collapseBtn m_10447f' is clicked on

2022-02-18 23:27:04 - [MESSAGE][PASSED] - Object: 'Object Repository/Page_Element/span_Favorites_mx_RoomSublist_collapseBtn m_10447f' is clicked on

2022-02-18 23:27:04 - [TEST_STEP][PASSED] - verifyElementPresent(findTestObject("Page_Element 1/div_Favorites_mx_AccessibleButton mx_RoomSublist_menuButton"), 0): Object 'Object Repository/Page_Element 1/div_Favorites_mx_AccessibleButton mx_RoomSublist_menuButton' is present

2022-02-18 23:27:04 - [MESSAGE][WARNING] - Timeout '0' is invalid. Using default page load timeout: '30'

2022-02-18 23:27:04 - [MESSAGE][PASSED] - Object 'Object Repository/Page_Element 1/div_Favorites_mx_AccessibleButton mx_RoomSublist_menuButton' is present

2022-02-18 23:27:04 - [TEST_STEP][PASSED] - closeBrowser(): Browser is closed

2022-02-18 23:27:05 - [MESSAGE][PASSED] - Browser is closed]]></system-out>
         <system-err><![CDATA[]]></system-err>
      </testcase>
      <testcase name="Test Cases/49.LogInFail_03" time="18.301" classname="Test Cases/49.LogInFail_03" status="PASSED">
         <system-out><![CDATA[2022-02-18 23:27:05 - [TEST_CASE][PASSED] - Test Cases/49.LogInFail_03: Test Cases/49.LogInFail_03

2022-02-18 23:27:05 - [TEST_STEP][PASSED] - openBrowser(""): Browser is opened with url: ''

2022-02-18 23:27:05 - [MESSAGE][INFO] - Starting 'Chrome' driver

2022-02-18 23:27:05 - [MESSAGE][INFO] - Action delay is set to 1,000 milliseconds

2022-02-18 23:27:07 - [MESSAGE][PASSED] - Browser is opened with url: ''

2022-02-18 23:27:07 - [TEST_STEP][PASSED] - navigateToUrl("http://localhost:8080/"): Navigate to 'http://localhost:8080/' successfully

2022-02-18 23:27:10 - [MESSAGE][PASSED] - Navigate to 'http://localhost:8080/' successfully

2022-02-18 23:27:10 - [TEST_STEP][PASSED] - verifyElementPresent(findTestObject("Page_Element/a_Sign In"), 0): Object 'Object Repository/Page_Element/a_Sign In' is present

2022-02-18 23:27:10 - [MESSAGE][WARNING] - Timeout '0' is invalid. Using default page load timeout: '30'

2022-02-18 23:27:13 - [MESSAGE][PASSED] - Object 'Object Repository/Page_Element/a_Sign In' is present

2022-02-18 23:27:13 - [TEST_STEP][PASSED] - click(findTestObject("Object Repository/Page_Element/div_Sign In")): Object: 'Object Repository/Page_Element/div_Sign In' is clicked on

2022-02-18 23:27:14 - [MESSAGE][PASSED] - Object: 'Object Repository/Page_Element/div_Sign In' is clicked on

2022-02-18 23:27:14 - [TEST_STEP][PASSED] - verifyElementText(findTestObject("Page_Element/a_Twitter"), "Twitter"): Actual text and expected text of test object 'Object Repository/Page_Element/a_Twitter' are matched.

2022-02-18 23:27:14 - [MESSAGE][PASSED] - Actual text and expected text of test object 'Object Repository/Page_Element/a_Twitter' are matched.

2022-02-18 23:27:14 - [TEST_STEP][PASSED] - setText(findTestObject("Object Repository/Page_Element/input_Sign in with_username"), "Matrix"): Text 'Matrix' is set on object 'Object Repository/Page_Element/input_Sign in with_username'

2022-02-18 23:27:18 - [MESSAGE][PASSED] - Text 'Matrix' is set on object 'Object Repository/Page_Element/input_Sign in with_username'

2022-02-18 23:27:18 - [TEST_STEP][PASSED] - setEncryptedText(findTestObject("Object Repository/Page_Element/input_Username_password"), "wE3H8sMRrXo="): Text ****** has been set on object 'Object Repository/Page_Element/input_Username_password'

2022-02-18 23:27:20 - [MESSAGE][PASSED] - Text ****** has been set on object 'Object Repository/Page_Element/input_Username_password'

2022-02-18 23:27:20 - [TEST_STEP][PASSED] - click(findTestObject("Object Repository/Page_Element/input_Forgot password_mx_Login_submit")): Object: 'Object Repository/Page_Element/input_Forgot password_mx_Login_submit' is clicked on

2022-02-18 23:27:21 - [MESSAGE][PASSED] - Object: 'Object Repository/Page_Element/input_Forgot password_mx_Login_submit' is clicked on

2022-02-18 23:27:21 - [TEST_STEP][PASSED] - click(findTestObject("Object Repository/Page_Element/div_Incorrect username andor password")): Object: 'Object Repository/Page_Element/div_Incorrect username andor password' is clicked on

2022-02-18 23:27:22 - [MESSAGE][PASSED] - Object: 'Object Repository/Page_Element/div_Incorrect username andor password' is clicked on

2022-02-18 23:27:22 - [TEST_STEP][PASSED] - closeBrowser(): Browser is closed

2022-02-18 23:27:23 - [MESSAGE][PASSED] - Browser is closed]]></system-out>
         <system-err><![CDATA[]]></system-err>
      </testcase>
      <testcase name="Test Cases/77.PreferenceCodeBlock" time="39.995" classname="Test Cases/77.PreferenceCodeBlock" status="PASSED">
         <system-out><![CDATA[2022-02-18 23:27:23 - [TEST_CASE][PASSED] - Test Cases/77.PreferenceCodeBlock: Test Cases/77.PreferenceCodeBlock

2022-02-18 23:27:24 - [TEST_STEP][PASSED] - openBrowser(""): Browser is opened with url: ''

2022-02-18 23:27:24 - [MESSAGE][INFO] - Starting 'Chrome' driver

2022-02-18 23:27:24 - [MESSAGE][INFO] - Action delay is set to 1,000 milliseconds

2022-02-18 23:27:25 - [MESSAGE][PASSED] - Browser is opened with url: ''

2022-02-18 23:27:25 - [TEST_STEP][PASSED] - navigateToUrl("http://localhost:8080/"): Navigate to 'http://localhost:8080/' successfully

2022-02-18 23:27:28 - [MESSAGE][PASSED] - Navigate to 'http://localhost:8080/' successfully

2022-02-18 23:27:28 - [TEST_STEP][PASSED] - verifyElementPresent(findTestObject("Page_Element/a_Sign In"), 0): Object 'Object Repository/Page_Element/a_Sign In' is present

2022-02-18 23:27:28 - [MESSAGE][WARNING] - Timeout '0' is invalid. Using default page load timeout: '30'

2022-02-18 23:27:31 - [MESSAGE][PASSED] - Object 'Object Repository/Page_Element/a_Sign In' is present

2022-02-18 23:27:31 - [TEST_STEP][PASSED] - click(findTestObject("Object Repository/Page_Element/div_Sign In")): Object: 'Object Repository/Page_Element/div_Sign In' is clicked on

2022-02-18 23:27:32 - [MESSAGE][PASSED] - Object: 'Object Repository/Page_Element/div_Sign In' is clicked on

2022-02-18 23:27:32 - [TEST_STEP][PASSED] - verifyElementText(findTestObject("Page_Element/a_Twitter"), "Twitter"): Actual text and expected text of test object 'Object Repository/Page_Element/a_Twitter' are matched.

2022-02-18 23:27:32 - [MESSAGE][PASSED] - Actual text and expected text of test object 'Object Repository/Page_Element/a_Twitter' are matched.

2022-02-18 23:27:32 - [TEST_STEP][PASSED] - setText(findTestObject("Object Repository/Page_Element/input_Sign in with_username"), "ptnha19"): Text 'ptnha19' is set on object 'Object Repository/Page_Element/input_Sign in with_username'

2022-02-18 23:27:36 - [MESSAGE][PASSED] - Text 'ptnha19' is set on object 'Object Repository/Page_Element/input_Sign in with_username'

2022-02-18 23:27:36 - [TEST_STEP][PASSED] - setEncryptedText(findTestObject("Object Repository/Page_Element/input_Username_password"), "5R3Ima4A+eOeCrCDRGMLmJpaGR3V3+YI"): Text ****** has been set on object 'Object Repository/Page_Element/input_Username_password'

2022-02-18 23:27:38 - [MESSAGE][PASSED] - Text ****** has been set on object 'Object Repository/Page_Element/input_Username_password'

2022-02-18 23:27:38 - [TEST_STEP][PASSED] - click(findTestObject("Object Repository/Page_Element/input_Forgot password_mx_Login_submit")): Object: 'Object Repository/Page_Element/input_Forgot password_mx_Login_submit' is clicked on

2022-02-18 23:27:39 - [MESSAGE][PASSED] - Object: 'Object Repository/Page_Element/input_Forgot password_mx_Login_submit' is clicked on

2022-02-18 23:27:39 - [TEST_STEP][PASSED] - delay(10): Delayed 10 second(s)

2022-02-18 23:27:49 - [MESSAGE][PASSED] - Delayed 10 second(s)

2022-02-18 23:27:49 - [TEST_STEP][PASSED] - click(findTestObject("Object Repository/Page_Element/div_Verify with Security Key")): Object: 'Object Repository/Page_Element/div_Verify with Security Key' is clicked on

2022-02-18 23:27:50 - [MESSAGE][PASSED] - Object: 'Object Repository/Page_Element/div_Verify with Security Key' is clicked on

2022-02-18 23:27:50 - [TEST_STEP][PASSED] - verifyElementPresent(findTestObject("Page_Element/div_Looks good"), 0): Object 'Object Repository/Page_Element/div_Looks good' is present

2022-02-18 23:27:50 - [MESSAGE][WARNING] - Timeout '0' is invalid. Using default page load timeout: '30'

2022-02-18 23:27:51 - [MESSAGE][PASSED] - Object 'Object Repository/Page_Element/div_Looks good' is present

2022-02-18 23:27:51 - [TEST_STEP][PASSED] - setEncryptedText(findTestObject("Object Repository/Page_Element/input_Security Key_mx_Field_4"), "T5dL0dZa3GcY/MrlN7YOn6WOTrovA4jj9xOYEG/i3Z769E9Kq/X7+gryZqF4ov+opBHLAWv3wACasluLqCMBHw=="): Text ****** has been set on object 'Object Repository/Page_Element/input_Security Key_mx_Field_4'

2022-02-18 23:27:53 - [MESSAGE][PASSED] - Text ****** has been set on object 'Object Repository/Page_Element/input_Security Key_mx_Field_4'

2022-02-18 23:27:53 - [TEST_STEP][PASSED] - click(findTestObject("Object Repository/Page_Element/button_Continue")): Object: 'Object Repository/Page_Element/button_Continue' is clicked on

2022-02-18 23:27:55 - [MESSAGE][PASSED] - Object: 'Object Repository/Page_Element/button_Continue' is clicked on

2022-02-18 23:27:55 - [TEST_STEP][PASSED] - click(findTestObject("Object Repository/Page_Element/div_Done")): Object: 'Object Repository/Page_Element/div_Done' is clicked on

2022-02-18 23:27:56 - [MESSAGE][PASSED] - Object: 'Object Repository/Page_Element/div_Done' is clicked on

2022-02-18 23:27:56 - [TEST_STEP][PASSED] - rightClick(findTestObject("Object Repository/Page_Element/img_Review_mx_BaseAvatar_image")): Object: 'Object Repository/Page_Element/img_Review_mx_BaseAvatar_image' is right clicked on

2022-02-18 23:27:56 - [MESSAGE][PASSED] - Object: 'Object Repository/Page_Element/img_Review_mx_BaseAvatar_image' is right clicked on

2022-02-18 23:27:56 - [TEST_STEP][PASSED] - click(findTestObject("Object Repository/Page_Element/div_All settings")): Object: 'Object Repository/Page_Element/div_All settings' is clicked on

2022-02-18 23:27:57 - [MESSAGE][PASSED] - Object: 'Object Repository/Page_Element/div_All settings' is clicked on

2022-02-18 23:27:57 - [TEST_STEP][PASSED] - click(findTestObject("Object Repository/Page_Element/div_Preferences")): Object: 'Object Repository/Page_Element/div_Preferences' is clicked on

2022-02-18 23:27:59 - [MESSAGE][PASSED] - Object: 'Object Repository/Page_Element/div_Preferences' is clicked on

2022-02-18 23:27:59 - [TEST_STEP][PASSED] - verifyElementPresent(findTestObject("Page_Element/span_Spaces"), 0): Object 'Object Repository/Page_Element/span_Spaces' is present

2022-02-18 23:27:59 - [MESSAGE][WARNING] - Timeout '0' is invalid. Using default page load timeout: '30'

2022-02-18 23:27:59 - [MESSAGE][PASSED] - Object 'Object Repository/Page_Element/span_Spaces' is present

2022-02-18 23:27:59 - [TEST_STEP][PASSED] - click(findTestObject("Object Repository/Page_Element/div_Enable automatic language detection for_7a18d5")): Object: 'Object Repository/Page_Element/div_Enable automatic language detection for_7a18d5' is clicked on

2022-02-18 23:28:00 - [MESSAGE][PASSED] - Object: 'Object Repository/Page_Element/div_Enable automatic language detection for_7a18d5' is clicked on

2022-02-18 23:28:00 - [TEST_STEP][PASSED] - click(findTestObject("Object Repository/Page_Element/div_Enable automatic language detection for_9f13ec")): Object: 'Object Repository/Page_Element/div_Enable automatic language detection for_9f13ec' is clicked on

2022-02-18 23:28:01 - [MESSAGE][PASSED] - Object: 'Object Repository/Page_Element/div_Enable automatic language detection for_9f13ec' is clicked on

2022-02-18 23:28:01 - [TEST_STEP][PASSED] - click(findTestObject("Object Repository/Page_Element/div_Settings_mx_AccessibleButton mx_Dialog__4987e8")): Object: 'Object Repository/Page_Element/div_Settings_mx_AccessibleButton mx_Dialog__4987e8' is clicked on

2022-02-18 23:28:02 - [MESSAGE][PASSED] - Object: 'Object Repository/Page_Element/div_Settings_mx_AccessibleButton mx_Dialog__4987e8' is clicked on

2022-02-18 23:28:02 - [TEST_STEP][PASSED] - closeBrowser(): Browser is closed

2022-02-18 23:28:03 - [MESSAGE][PASSED] - Browser is closed]]></system-out>
         <system-err><![CDATA[]]></system-err>
      </testcase>
      <testcase name="Test Cases/82.SignIn02" time="50.793" classname="Test Cases/82.SignIn02" status="PASSED">
         <system-out><![CDATA[2022-02-18 23:28:03 - [TEST_CASE][PASSED] - Test Cases/82.SignIn02: Test Cases/82.SignIn02

2022-02-18 23:28:04 - [TEST_STEP][PASSED] - openBrowser(""): Browser is opened with url: ''

2022-02-18 23:28:04 - [MESSAGE][INFO] - Starting 'Chrome' driver

2022-02-18 23:28:04 - [MESSAGE][INFO] - Action delay is set to 1,000 milliseconds

2022-02-18 23:28:05 - [MESSAGE][PASSED] - Browser is opened with url: ''

2022-02-18 23:28:05 - [TEST_STEP][PASSED] - navigateToUrl("http://localhost:8080/"): Navigate to 'http://localhost:8080/' successfully

2022-02-18 23:28:08 - [MESSAGE][PASSED] - Navigate to 'http://localhost:8080/' successfully

2022-02-18 23:28:08 - [TEST_STEP][PASSED] - click(findTestObject("Page_Element/div_English")): Object: 'Object Repository/Page_Element/div_English' is clicked on

2022-02-18 23:28:12 - [MESSAGE][PASSED] - Object: 'Object Repository/Page_Element/div_English' is clicked on

2022-02-18 23:28:12 - [TEST_STEP][PASSED] - setText(findTestObject("Object Repository/Page_Element/input_Explore rooms_mx_LanguageDropdown_input"), "Dan"): Text 'Dan' is set on object 'Object Repository/Page_Element/input_Explore rooms_mx_LanguageDropdown_input'

2022-02-18 23:28:15 - [MESSAGE][PASSED] - Text 'Dan' is set on object 'Object Repository/Page_Element/input_Explore rooms_mx_LanguageDropdown_input'

2022-02-18 23:28:15 - [TEST_STEP][PASSED] - click(findTestObject("Object Repository/Page_Element/div_Dansk")): Object: 'Object Repository/Page_Element/div_Dansk' is clicked on

2022-02-18 23:28:17 - [MESSAGE][PASSED] - Object: 'Object Repository/Page_Element/div_Dansk' is clicked on

2022-02-18 23:28:17 - [TEST_STEP][PASSED] - verifyElementPresent(findTestObject("Page_Element/div_Opret brugerkonto"), 0): Object 'Object Repository/Page_Element/div_Opret brugerkonto' is present

2022-02-18 23:28:17 - [MESSAGE][WARNING] - Timeout '0' is invalid. Using default page load timeout: '30'

2022-02-18 23:28:18 - [MESSAGE][PASSED] - Object 'Object Repository/Page_Element/div_Opret brugerkonto' is present

2022-02-18 23:28:18 - [TEST_STEP][PASSED] - click(findTestObject("Object Repository/Page_Element/div_Dansk_1")): Object: 'Object Repository/Page_Element/div_Dansk_1' is clicked on

2022-02-18 23:28:20 - [MESSAGE][PASSED] - Object: 'Object Repository/Page_Element/div_Dansk_1' is clicked on

2022-02-18 23:28:20 - [TEST_STEP][PASSED] - setText(findTestObject("Object Repository/Page_Element/input_Explore rooms_mx_LanguageDropdown_input"), "Eng"): Text 'Eng' is set on object 'Object Repository/Page_Element/input_Explore rooms_mx_LanguageDropdown_input'

2022-02-18 23:28:22 - [MESSAGE][PASSED] - Text 'Eng' is set on object 'Object Repository/Page_Element/input_Explore rooms_mx_LanguageDropdown_input'

2022-02-18 23:28:22 - [TEST_STEP][PASSED] - click(findTestObject("Object Repository/Page_Element/div_English")): Object: 'Object Repository/Page_Element/div_English' is clicked on

2022-02-18 23:28:24 - [MESSAGE][PASSED] - Object: 'Object Repository/Page_Element/div_English' is clicked on

2022-02-18 23:28:24 - [TEST_STEP][PASSED] - click(findTestObject("Object Repository/Page_Element/div_Explore rooms")): Object: 'Object Repository/Page_Element/div_Explore rooms' is clicked on

2022-02-18 23:28:26 - [MESSAGE][PASSED] - Object: 'Object Repository/Page_Element/div_Explore rooms' is clicked on

2022-02-18 23:28:26 - [TEST_STEP][PASSED] - click(findTestObject("Object Repository/Page_Element/div_Explore rooms_mx_AccessibleButton mx_Di_ac37a4")): Object: 'Object Repository/Page_Element/div_Explore rooms_mx_AccessibleButton mx_Di_ac37a4' is clicked on

2022-02-18 23:28:28 - [MESSAGE][PASSED] - Object: 'Object Repository/Page_Element/div_Explore rooms_mx_AccessibleButton mx_Di_ac37a4' is clicked on

2022-02-18 23:28:28 - [TEST_STEP][PASSED] - click(findTestObject("Object Repository/Page_Element/div_Sign In")): Object: 'Object Repository/Page_Element/div_Sign In' is clicked on

2022-02-18 23:28:29 - [MESSAGE][PASSED] - Object: 'Object Repository/Page_Element/div_Sign In' is clicked on

2022-02-18 23:28:29 - [TEST_STEP][PASSED] - verifyElementText(findTestObject("Page_Element/h3_Homeserver"), "Homeserver"): Actual text and expected text of test object 'Object Repository/Page_Element/h3_Homeserver' are matched.

2022-02-18 23:28:29 - [MESSAGE][PASSED] - Actual text and expected text of test object 'Object Repository/Page_Element/h3_Homeserver' are matched.

2022-02-18 23:28:29 - [TEST_STEP][PASSED] - setText(findTestObject("Object Repository/Page_Element/input_Sign in with_username"), "ptnha19"): Text 'ptnha19' is set on object 'Object Repository/Page_Element/input_Sign in with_username'

2022-02-18 23:28:33 - [MESSAGE][PASSED] - Text 'ptnha19' is set on object 'Object Repository/Page_Element/input_Sign in with_username'

2022-02-18 23:28:33 - [TEST_STEP][PASSED] - setEncryptedText(findTestObject("Object Repository/Page_Element/input_Username_password"), "5R3Ima4A+eOeCrCDRGMLmJpaGR3V3+YI"): Text ****** has been set on object 'Object Repository/Page_Element/input_Username_password'

2022-02-18 23:28:35 - [MESSAGE][PASSED] - Text ****** has been set on object 'Object Repository/Page_Element/input_Username_password'

2022-02-18 23:28:35 - [TEST_STEP][PASSED] - click(findTestObject("Object Repository/Page_Element/input_Forgot password_mx_Login_submit")): Object: 'Object Repository/Page_Element/input_Forgot password_mx_Login_submit' is clicked on

2022-02-18 23:28:36 - [MESSAGE][PASSED] - Object: 'Object Repository/Page_Element/input_Forgot password_mx_Login_submit' is clicked on

2022-02-18 23:28:36 - [TEST_STEP][PASSED] - delay(10): Delayed 10 second(s)

2022-02-18 23:28:46 - [MESSAGE][PASSED] - Delayed 10 second(s)

2022-02-18 23:28:46 - [TEST_STEP][PASSED] - click(findTestObject("Object Repository/Page_Element/div_Verify with Security Key")): Object: 'Object Repository/Page_Element/div_Verify with Security Key' is clicked on

2022-02-18 23:28:47 - [MESSAGE][PASSED] - Object: 'Object Repository/Page_Element/div_Verify with Security Key' is clicked on

2022-02-18 23:28:47 - [TEST_STEP][PASSED] - setEncryptedText(findTestObject("Object Repository/Page_Element/input_Security Key_mx_Field_4"), "T5dL0dZa3GcY/MrlN7YOn6WOTrovA4jj9xOYEG/i3Z769E9Kq/X7+gryZqF4ov+opBHLAWv3wACasluLqCMBHw=="): Text ****** has been set on object 'Object Repository/Page_Element/input_Security Key_mx_Field_4'

2022-02-18 23:28:50 - [MESSAGE][PASSED] - Text ****** has been set on object 'Object Repository/Page_Element/input_Security Key_mx_Field_4'

2022-02-18 23:28:50 - [TEST_STEP][PASSED] - click(findTestObject("Object Repository/Page_Element/button_Continue")): Object: 'Object Repository/Page_Element/button_Continue' is clicked on

2022-02-18 23:28:52 - [MESSAGE][PASSED] - Object: 'Object Repository/Page_Element/button_Continue' is clicked on

2022-02-18 23:28:52 - [TEST_STEP][PASSED] - click(findTestObject("Object Repository/Page_Element/div_Done")): Object: 'Object Repository/Page_Element/div_Done' is clicked on

2022-02-18 23:28:53 - [MESSAGE][PASSED] - Object: 'Object Repository/Page_Element/div_Done' is clicked on

2022-02-18 23:28:53 - [TEST_STEP][PASSED] - closeBrowser(): Browser is closed

2022-02-18 23:28:54 - [MESSAGE][PASSED] - Browser is closed]]></system-out>
         <system-err><![CDATA[]]></system-err>
      </testcase>
      <testcase name="Test Cases/85.SignInFail02" time="33.7" classname="Test Cases/85.SignInFail02" status="PASSED">
         <system-out><![CDATA[2022-02-18 23:28:54 - [TEST_CASE][PASSED] - Test Cases/85.SignInFail02: Test Cases/85.SignInFail02

2022-02-18 23:28:54 - [TEST_STEP][PASSED] - openBrowser(""): Browser is opened with url: ''

2022-02-18 23:28:54 - [MESSAGE][INFO] - Starting 'Chrome' driver

2022-02-18 23:28:54 - [MESSAGE][INFO] - Action delay is set to 1,000 milliseconds

2022-02-18 23:28:56 - [MESSAGE][PASSED] - Browser is opened with url: ''

2022-02-18 23:28:56 - [TEST_STEP][PASSED] - navigateToUrl("http://localhost:8080/"): Navigate to 'http://localhost:8080/' successfully

2022-02-18 23:28:59 - [MESSAGE][PASSED] - Navigate to 'http://localhost:8080/' successfully

2022-02-18 23:28:59 - [TEST_STEP][PASSED] - click(findTestObject("Object Repository/Page_Element/div_Explore rooms")): Object: 'Object Repository/Page_Element/div_Explore rooms' is clicked on

2022-02-18 23:29:08 - [MESSAGE][PASSED] - Object: 'Object Repository/Page_Element/div_Explore rooms' is clicked on

2022-02-18 23:29:08 - [TEST_STEP][PASSED] - verifyElementPresent(findTestObject("Page_Element/div_Create a new room"), 0): Object 'Object Repository/Page_Element/div_Create a new room' is present

2022-02-18 23:29:08 - [MESSAGE][WARNING] - Timeout '0' is invalid. Using default page load timeout: '30'

2022-02-18 23:29:08 - [MESSAGE][PASSED] - Object 'Object Repository/Page_Element/div_Create a new room' is present

2022-02-18 23:29:08 - [TEST_STEP][PASSED] - setText(findTestObject("Object Repository/Page_Element/input_Create a new room_dirsearch"), "dhb"): Text 'dhb' is set on object 'Object Repository/Page_Element/input_Create a new room_dirsearch'

2022-02-18 23:29:10 - [MESSAGE][PASSED] - Text 'dhb' is set on object 'Object Repository/Page_Element/input_Create a new room_dirsearch'

2022-02-18 23:29:10 - [TEST_STEP][PASSED] - delay(5): Delayed 5 second(s)

2022-02-18 23:29:15 - [MESSAGE][PASSED] - Delayed 5 second(s)

2022-02-18 23:29:15 - [TEST_STEP][PASSED] - click(findTestObject("Object Repository/Page_Element/div_Preview")): Object: 'Object Repository/Page_Element/div_Preview' is clicked on

2022-02-18 23:29:19 - [MESSAGE][PASSED] - Object: 'Object Repository/Page_Element/div_Preview' is clicked on

2022-02-18 23:29:19 - [TEST_STEP][PASSED] - click(findTestObject("Object Repository/Page_Element/button_Sign In")): Object: 'Object Repository/Page_Element/button_Sign In' is clicked on

2022-02-18 23:29:20 - [MESSAGE][PASSED] - Object: 'Object Repository/Page_Element/button_Sign In' is clicked on

2022-02-18 23:29:20 - [TEST_STEP][PASSED] - verifyElementText(findTestObject("Page_Element/div_Edit"), "Edit"): Actual text and expected text of test object 'Object Repository/Page_Element/div_Edit' are matched.

2022-02-18 23:29:20 - [MESSAGE][PASSED] - Actual text and expected text of test object 'Object Repository/Page_Element/div_Edit' are matched.

2022-02-18 23:29:20 - [TEST_STEP][PASSED] - setText(findTestObject("Object Repository/Page_Element/input_Sign in with_username"), "ptnha19"): Text 'ptnha19' is set on object 'Object Repository/Page_Element/input_Sign in with_username'

2022-02-18 23:29:23 - [MESSAGE][PASSED] - Text 'ptnha19' is set on object 'Object Repository/Page_Element/input_Sign in with_username'

2022-02-18 23:29:23 - [TEST_STEP][PASSED] - setEncryptedText(findTestObject("Object Repository/Page_Element/input_Username_password"), "8ylGA/40/qI="): Text ****** has been set on object 'Object Repository/Page_Element/input_Username_password'

2022-02-18 23:29:25 - [MESSAGE][PASSED] - Text ****** has been set on object 'Object Repository/Page_Element/input_Username_password'

2022-02-18 23:29:25 - [TEST_STEP][PASSED] - click(findTestObject("Object Repository/Page_Element/input_Forgot password_mx_Login_submit")): Object: 'Object Repository/Page_Element/input_Forgot password_mx_Login_submit' is clicked on

2022-02-18 23:29:27 - [MESSAGE][PASSED] - Object: 'Object Repository/Page_Element/input_Forgot password_mx_Login_submit' is clicked on

2022-02-18 23:29:27 - [TEST_STEP][PASSED] - closeBrowser(): Browser is closed

2022-02-18 23:29:28 - [MESSAGE][PASSED] - Browser is closed]]></system-out>
         <system-err><![CDATA[]]></system-err>
      </testcase>
      <testcase name="Test Cases/90.ExploreRoomCreateGroup" time="44.153" classname="Test Cases/90.ExploreRoomCreateGroup" status="PASSED">
         <system-out><![CDATA[2022-02-18 23:29:28 - [TEST_CASE][PASSED] - Test Cases/90.ExploreRoomCreateGroup: Test Cases/90.ExploreRoomCreateGroup

2022-02-18 23:29:28 - [TEST_STEP][PASSED] - openBrowser(""): Browser is opened with url: ''

2022-02-18 23:29:28 - [MESSAGE][INFO] - Starting 'Chrome' driver

2022-02-18 23:29:28 - [MESSAGE][INFO] - Action delay is set to 1,000 milliseconds

2022-02-18 23:29:30 - [MESSAGE][PASSED] - Browser is opened with url: ''

2022-02-18 23:29:30 - [TEST_STEP][PASSED] - navigateToUrl("http://localhost:8080/"): Navigate to 'http://localhost:8080/' successfully

2022-02-18 23:29:33 - [MESSAGE][PASSED] - Navigate to 'http://localhost:8080/' successfully

2022-02-18 23:29:33 - [TEST_STEP][PASSED] - verifyElementPresent(findTestObject("Page_Element/a_Sign In"), 0): Object 'Object Repository/Page_Element/a_Sign In' is present

2022-02-18 23:29:33 - [MESSAGE][WARNING] - Timeout '0' is invalid. Using default page load timeout: '30'

2022-02-18 23:29:35 - [MESSAGE][PASSED] - Object 'Object Repository/Page_Element/a_Sign In' is present

2022-02-18 23:29:35 - [TEST_STEP][PASSED] - click(findTestObject("Object Repository/Page_Element/div_Sign In")): Object: 'Object Repository/Page_Element/div_Sign In' is clicked on

2022-02-18 23:29:37 - [MESSAGE][PASSED] - Object: 'Object Repository/Page_Element/div_Sign In' is clicked on

2022-02-18 23:29:37 - [TEST_STEP][PASSED] - verifyElementText(findTestObject("Page_Element/a_Twitter"), "Twitter"): Actual text and expected text of test object 'Object Repository/Page_Element/a_Twitter' are matched.

2022-02-18 23:29:37 - [MESSAGE][PASSED] - Actual text and expected text of test object 'Object Repository/Page_Element/a_Twitter' are matched.

2022-02-18 23:29:37 - [TEST_STEP][PASSED] - setText(findTestObject("Object Repository/Page_Element/input_Sign in with_username"), "ptnha19"): Text 'ptnha19' is set on object 'Object Repository/Page_Element/input_Sign in with_username'

2022-02-18 23:29:40 - [MESSAGE][PASSED] - Text 'ptnha19' is set on object 'Object Repository/Page_Element/input_Sign in with_username'

2022-02-18 23:29:40 - [TEST_STEP][PASSED] - setEncryptedText(findTestObject("Object Repository/Page_Element/input_Username_password"), "5R3Ima4A+eOeCrCDRGMLmJpaGR3V3+YI"): Text ****** has been set on object 'Object Repository/Page_Element/input_Username_password'

2022-02-18 23:29:43 - [MESSAGE][PASSED] - Text ****** has been set on object 'Object Repository/Page_Element/input_Username_password'

2022-02-18 23:29:43 - [TEST_STEP][PASSED] - click(findTestObject("Object Repository/Page_Element/input_Forgot password_mx_Login_submit")): Object: 'Object Repository/Page_Element/input_Forgot password_mx_Login_submit' is clicked on

2022-02-18 23:29:44 - [MESSAGE][PASSED] - Object: 'Object Repository/Page_Element/input_Forgot password_mx_Login_submit' is clicked on

2022-02-18 23:29:44 - [TEST_STEP][PASSED] - delay(10): Delayed 10 second(s)

2022-02-18 23:29:54 - [MESSAGE][PASSED] - Delayed 10 second(s)

2022-02-18 23:29:54 - [TEST_STEP][PASSED] - click(findTestObject("Object Repository/Page_Element/div_Verify with Security Key")): Object: 'Object Repository/Page_Element/div_Verify with Security Key' is clicked on

2022-02-18 23:29:55 - [MESSAGE][PASSED] - Object: 'Object Repository/Page_Element/div_Verify with Security Key' is clicked on

2022-02-18 23:29:55 - [TEST_STEP][PASSED] - verifyElementPresent(findTestObject("Page_Element/div_Looks good"), 0): Object 'Object Repository/Page_Element/div_Looks good' is present

2022-02-18 23:29:55 - [MESSAGE][WARNING] - Timeout '0' is invalid. Using default page load timeout: '30'

2022-02-18 23:29:56 - [MESSAGE][PASSED] - Object 'Object Repository/Page_Element/div_Looks good' is present

2022-02-18 23:29:56 - [TEST_STEP][PASSED] - setEncryptedText(findTestObject("Object Repository/Page_Element/input_Security Key_mx_Field_4"), "T5dL0dZa3GcY/MrlN7YOn6WOTrovA4jj9xOYEG/i3Z769E9Kq/X7+gryZqF4ov+opBHLAWv3wACasluLqCMBHw=="): Text ****** has been set on object 'Object Repository/Page_Element/input_Security Key_mx_Field_4'

2022-02-18 23:29:58 - [MESSAGE][PASSED] - Text ****** has been set on object 'Object Repository/Page_Element/input_Security Key_mx_Field_4'

2022-02-18 23:29:58 - [TEST_STEP][PASSED] - click(findTestObject("Object Repository/Page_Element/button_Continue")): Object: 'Object Repository/Page_Element/button_Continue' is clicked on

2022-02-18 23:29:59 - [MESSAGE][PASSED] - Object: 'Object Repository/Page_Element/button_Continue' is clicked on

2022-02-18 23:29:59 - [TEST_STEP][PASSED] - click(findTestObject("Object Repository/Page_Element/div_Done")): Object: 'Object Repository/Page_Element/div_Done' is clicked on

2022-02-18 23:30:01 - [MESSAGE][PASSED] - Object: 'Object Repository/Page_Element/div_Done' is clicked on

2022-02-18 23:30:01 - [TEST_STEP][PASSED] - click(findTestObject("Object Repository/Page_Element/span_Explore public rooms")): Object: 'Object Repository/Page_Element/span_Explore public rooms' is clicked on

2022-02-18 23:30:02 - [MESSAGE][PASSED] - Object: 'Object Repository/Page_Element/span_Explore public rooms' is clicked on

2022-02-18 23:30:02 - [TEST_STEP][PASSED] - setText(findTestObject("Object Repository/Page_Element/input_Create a new room_dirsearch"), "abc"): Text 'abc' is set on object 'Object Repository/Page_Element/input_Create a new room_dirsearch'

2022-02-18 23:30:05 - [MESSAGE][PASSED] - Text 'abc' is set on object 'Object Repository/Page_Element/input_Create a new room_dirsearch'

2022-02-18 23:30:05 - [TEST_STEP][PASSED] - click(findTestObject("Object Repository/Page_Element/div_Explore rooms_mx_AccessibleButton mx_Di_ac37a4")): Object: 'Object Repository/Page_Element/div_Explore rooms_mx_AccessibleButton mx_Di_ac37a4' is clicked on

2022-02-18 23:30:06 - [MESSAGE][PASSED] - Object: 'Object Repository/Page_Element/div_Explore rooms_mx_AccessibleButton mx_Di_ac37a4' is clicked on

2022-02-18 23:30:06 - [TEST_STEP][PASSED] - click(findTestObject("Object Repository/Page_Element/div_Create a Group Chat")): Object: 'Object Repository/Page_Element/div_Create a Group Chat' is clicked on

2022-02-18 23:30:07 - [MESSAGE][PASSED] - Object: 'Object Repository/Page_Element/div_Create a Group Chat' is clicked on

2022-02-18 23:30:07 - [TEST_STEP][PASSED] - click(findTestObject("Object Repository/Page_Element/div_Private room (invite only)")): Object: 'Object Repository/Page_Element/div_Private room (invite only)' is clicked on

2022-02-18 23:30:08 - [MESSAGE][PASSED] - Object: 'Object Repository/Page_Element/div_Private room (invite only)' is clicked on

2022-02-18 23:30:08 - [TEST_STEP][PASSED] - click(findTestObject("Object Repository/Page_Element/div_Public room")): Object: 'Object Repository/Page_Element/div_Public room' is clicked on

2022-02-18 23:30:10 - [MESSAGE][PASSED] - Object: 'Object Repository/Page_Element/div_Public room' is clicked on

2022-02-18 23:30:10 - [TEST_STEP][PASSED] - click(findTestObject("Object Repository/Page_Element/button_Cancel")): Object: 'Object Repository/Page_Element/button_Cancel' is clicked on

2022-02-18 23:30:11 - [MESSAGE][PASSED] - Object: 'Object Repository/Page_Element/button_Cancel' is clicked on

2022-02-18 23:30:11 - [TEST_STEP][PASSED] - closeBrowser(): Browser is closed

2022-02-18 23:30:12 - [MESSAGE][PASSED] - Browser is closed]]></system-out>
         <system-err><![CDATA[]]></system-err>
      </testcase>
      <testcase name="Test Cases/91.SendMessageCreateGroup" time="46.669" classname="Test Cases/91.SendMessageCreateGroup" status="PASSED">
         <system-out><![CDATA[2022-02-18 23:30:12 - [TEST_CASE][PASSED] - Test Cases/91.SendMessageCreateGroup: Test Cases/91.SendMessageCreateGroup

2022-02-18 23:30:12 - [TEST_STEP][PASSED] - openBrowser(""): Browser is opened with url: ''

2022-02-18 23:30:12 - [MESSAGE][INFO] - Starting 'Chrome' driver

2022-02-18 23:30:12 - [MESSAGE][INFO] - Action delay is set to 1,000 milliseconds

2022-02-18 23:30:14 - [MESSAGE][PASSED] - Browser is opened with url: ''

2022-02-18 23:30:14 - [TEST_STEP][PASSED] - navigateToUrl("http://localhost:8080/"): Navigate to 'http://localhost:8080/' successfully

2022-02-18 23:30:16 - [MESSAGE][PASSED] - Navigate to 'http://localhost:8080/' successfully

2022-02-18 23:30:16 - [TEST_STEP][PASSED] - verifyElementPresent(findTestObject("Page_Element/a_Sign In"), 0): Object 'Object Repository/Page_Element/a_Sign In' is present

2022-02-18 23:30:16 - [MESSAGE][WARNING] - Timeout '0' is invalid. Using default page load timeout: '30'

2022-02-18 23:30:20 - [MESSAGE][PASSED] - Object 'Object Repository/Page_Element/a_Sign In' is present

2022-02-18 23:30:20 - [TEST_STEP][PASSED] - click(findTestObject("Object Repository/Page_Element/div_Sign In")): Object: 'Object Repository/Page_Element/div_Sign In' is clicked on

2022-02-18 23:30:21 - [MESSAGE][PASSED] - Object: 'Object Repository/Page_Element/div_Sign In' is clicked on

2022-02-18 23:30:21 - [TEST_STEP][PASSED] - verifyElementText(findTestObject("Page_Element/a_Twitter"), "Twitter"): Actual text and expected text of test object 'Object Repository/Page_Element/a_Twitter' are matched.

2022-02-18 23:30:21 - [MESSAGE][PASSED] - Actual text and expected text of test object 'Object Repository/Page_Element/a_Twitter' are matched.

2022-02-18 23:30:21 - [TEST_STEP][PASSED] - setText(findTestObject("Object Repository/Page_Element/input_Sign in with_username"), "ptnha19"): Text 'ptnha19' is set on object 'Object Repository/Page_Element/input_Sign in with_username'

2022-02-18 23:30:24 - [MESSAGE][PASSED] - Text 'ptnha19' is set on object 'Object Repository/Page_Element/input_Sign in with_username'

2022-02-18 23:30:24 - [TEST_STEP][PASSED] - setEncryptedText(findTestObject("Object Repository/Page_Element/input_Username_password"), "5R3Ima4A+eOeCrCDRGMLmJpaGR3V3+YI"): Text ****** has been set on object 'Object Repository/Page_Element/input_Username_password'

2022-02-18 23:30:27 - [MESSAGE][PASSED] - Text ****** has been set on object 'Object Repository/Page_Element/input_Username_password'

2022-02-18 23:30:27 - [TEST_STEP][PASSED] - click(findTestObject("Object Repository/Page_Element/input_Forgot password_mx_Login_submit")): Object: 'Object Repository/Page_Element/input_Forgot password_mx_Login_submit' is clicked on

2022-02-18 23:30:28 - [MESSAGE][PASSED] - Object: 'Object Repository/Page_Element/input_Forgot password_mx_Login_submit' is clicked on

2022-02-18 23:30:28 - [TEST_STEP][PASSED] - delay(10): Delayed 10 second(s)

2022-02-18 23:30:38 - [MESSAGE][PASSED] - Delayed 10 second(s)

2022-02-18 23:30:38 - [TEST_STEP][PASSED] - click(findTestObject("Object Repository/Page_Element/div_Verify with Security Key")): Object: 'Object Repository/Page_Element/div_Verify with Security Key' is clicked on

2022-02-18 23:30:39 - [MESSAGE][PASSED] - Object: 'Object Repository/Page_Element/div_Verify with Security Key' is clicked on

2022-02-18 23:30:39 - [TEST_STEP][PASSED] - verifyElementPresent(findTestObject("Page_Element/div_Looks good"), 0): Object 'Object Repository/Page_Element/div_Looks good' is present

2022-02-18 23:30:39 - [MESSAGE][WARNING] - Timeout '0' is invalid. Using default page load timeout: '30'

2022-02-18 23:30:40 - [MESSAGE][PASSED] - Object 'Object Repository/Page_Element/div_Looks good' is present

2022-02-18 23:30:40 - [TEST_STEP][PASSED] - setEncryptedText(findTestObject("Object Repository/Page_Element/input_Security Key_mx_Field_4"), "T5dL0dZa3GcY/MrlN7YOn6WOTrovA4jj9xOYEG/i3Z769E9Kq/X7+gryZqF4ov+opBHLAWv3wACasluLqCMBHw=="): Text ****** has been set on object 'Object Repository/Page_Element/input_Security Key_mx_Field_4'

2022-02-18 23:30:42 - [MESSAGE][PASSED] - Text ****** has been set on object 'Object Repository/Page_Element/input_Security Key_mx_Field_4'

2022-02-18 23:30:42 - [TEST_STEP][PASSED] - click(findTestObject("Object Repository/Page_Element/button_Continue")): Object: 'Object Repository/Page_Element/button_Continue' is clicked on

2022-02-18 23:30:43 - [MESSAGE][PASSED] - Object: 'Object Repository/Page_Element/button_Continue' is clicked on

2022-02-18 23:30:43 - [TEST_STEP][PASSED] - click(findTestObject("Object Repository/Page_Element/div_Done")): Object: 'Object Repository/Page_Element/div_Done' is clicked on

2022-02-18 23:30:45 - [MESSAGE][PASSED] - Object: 'Object Repository/Page_Element/div_Done' is clicked on

2022-02-18 23:30:45 - [TEST_STEP][PASSED] - click(findTestObject("Object Repository/Page_Element/span_Send a Direct Message")): Object: 'Object Repository/Page_Element/span_Send a Direct Message' is clicked on

2022-02-18 23:30:46 - [MESSAGE][PASSED] - Object: 'Object Repository/Page_Element/span_Send a Direct Message' is clicked on

2022-02-18 23:30:46 - [TEST_STEP][PASSED] - click(findTestObject("Object Repository/Page_Element/div_Direct Messages_mx_AccessibleButton mx__57a7bb")): Object: 'Object Repository/Page_Element/div_Direct Messages_mx_AccessibleButton mx__57a7bb' is clicked on

2022-02-18 23:30:47 - [MESSAGE][PASSED] - Object: 'Object Repository/Page_Element/div_Direct Messages_mx_AccessibleButton mx__57a7bb' is clicked on

2022-02-18 23:30:47 - [TEST_STEP][PASSED] - click(findTestObject("Object Repository/Page_Element/div_Create a Group Chat")): Object: 'Object Repository/Page_Element/div_Create a Group Chat' is clicked on

2022-02-18 23:30:48 - [MESSAGE][PASSED] - Object: 'Object Repository/Page_Element/div_Create a Group Chat' is clicked on

2022-02-18 23:30:48 - [TEST_STEP][PASSED] - verifyElementPresent(findTestObject("Page_Element/h2_Create a private room"), 0): Object 'Object Repository/Page_Element/h2_Create a private room' is present

2022-02-18 23:30:48 - [MESSAGE][WARNING] - Timeout '0' is invalid. Using default page load timeout: '30'

2022-02-18 23:30:48 - [MESSAGE][PASSED] - Object 'Object Repository/Page_Element/h2_Create a private room' is present

2022-02-18 23:30:48 - [TEST_STEP][PASSED] - click(findTestObject("Object Repository/Page_Element/div_Enable end-to-end encryption_mx_Accessi_02f4c6")): Object: 'Object Repository/Page_Element/div_Enable end-to-end encryption_mx_Accessi_02f4c6' is clicked on

2022-02-18 23:30:49 - [MESSAGE][PASSED] - Object: 'Object Repository/Page_Element/div_Enable end-to-end encryption_mx_Accessi_02f4c6' is clicked on

2022-02-18 23:30:49 - [TEST_STEP][PASSED] - click(findTestObject("Object Repository/Page_Element/div_Enable end-to-end encryption_mx_Accessi_461c8f")): Object: 'Object Repository/Page_Element/div_Enable end-to-end encryption_mx_Accessi_461c8f' is clicked on

2022-02-18 23:30:51 - [MESSAGE][PASSED] - Object: 'Object Repository/Page_Element/div_Enable end-to-end encryption_mx_Accessi_461c8f' is clicked on

2022-02-18 23:30:51 - [TEST_STEP][PASSED] - click(findTestObject("Object Repository/Page_Element/div_Private room (invite only)")): Object: 'Object Repository/Page_Element/div_Private room (invite only)' is clicked on

2022-02-18 23:30:52 - [MESSAGE][PASSED] - Object: 'Object Repository/Page_Element/div_Private room (invite only)' is clicked on

2022-02-18 23:30:52 - [TEST_STEP][PASSED] - click(findTestObject("Object Repository/Page_Element/div_Public room")): Object: 'Object Repository/Page_Element/div_Public room' is clicked on

2022-02-18 23:30:53 - [MESSAGE][PASSED] - Object: 'Object Repository/Page_Element/div_Public room' is clicked on

2022-02-18 23:30:53 - [TEST_STEP][PASSED] - click(findTestObject("Object Repository/Page_Element/div_Public room_1")): Object: 'Object Repository/Page_Element/div_Public room_1' is clicked on

2022-02-18 23:30:54 - [MESSAGE][PASSED] - Object: 'Object Repository/Page_Element/div_Public room_1' is clicked on

2022-02-18 23:30:54 - [TEST_STEP][PASSED] - click(findTestObject("Object Repository/Page_Element/div_Private room (invite only)_1")): Object: 'Object Repository/Page_Element/div_Private room (invite only)_1' is clicked on

2022-02-18 23:30:55 - [MESSAGE][PASSED] - Object: 'Object Repository/Page_Element/div_Private room (invite only)_1' is clicked on

2022-02-18 23:30:55 - [TEST_STEP][PASSED] - click(findTestObject("Object Repository/Page_Element/summary_Show advanced")): Object: 'Object Repository/Page_Element/summary_Show advanced' is clicked on

2022-02-18 23:30:56 - [MESSAGE][PASSED] - Object: 'Object Repository/Page_Element/summary_Show advanced' is clicked on

2022-02-18 23:30:56 - [TEST_STEP][PASSED] - click(findTestObject("Object Repository/Page_Element/div_Create a private room_mx_AccessibleButt_34e55a")): Object: 'Object Repository/Page_Element/div_Create a private room_mx_AccessibleButt_34e55a' is clicked on

2022-02-18 23:30:57 - [MESSAGE][PASSED] - Object: 'Object Repository/Page_Element/div_Create a private room_mx_AccessibleButt_34e55a' is clicked on

2022-02-18 23:30:57 - [TEST_STEP][PASSED] - closeBrowser(): Browser is closed

2022-02-18 23:30:59 - [MESSAGE][PASSED] - Browser is closed]]></system-out>
         <system-err><![CDATA[]]></system-err>
      </testcase>
      <testcase name="Test Cases/93.SendMessageExploreRoomCreateGroup" time="42.36" classname="Test Cases/93.SendMessageExploreRoomCreateGroup" status="PASSED">
         <system-out><![CDATA[2022-02-18 23:30:59 - [TEST_CASE][PASSED] - Test Cases/93.SendMessageExploreRoomCreateGroup: Test Cases/93.SendMessageExploreRoomCreateGroup

2022-02-18 23:30:59 - [TEST_STEP][PASSED] - openBrowser(""): Browser is opened with url: ''

2022-02-18 23:30:59 - [MESSAGE][INFO] - Starting 'Chrome' driver

2022-02-18 23:30:59 - [MESSAGE][INFO] - Action delay is set to 1,000 milliseconds

2022-02-18 23:31:01 - [MESSAGE][PASSED] - Browser is opened with url: ''

2022-02-18 23:31:01 - [TEST_STEP][PASSED] - navigateToUrl("http://localhost:8080/"): Navigate to 'http://localhost:8080/' successfully

2022-02-18 23:31:03 - [MESSAGE][PASSED] - Navigate to 'http://localhost:8080/' successfully

2022-02-18 23:31:03 - [TEST_STEP][PASSED] - verifyElementPresent(findTestObject("Page_Element/a_Sign In"), 0): Object 'Object Repository/Page_Element/a_Sign In' is present

2022-02-18 23:31:03 - [MESSAGE][WARNING] - Timeout '0' is invalid. Using default page load timeout: '30'

2022-02-18 23:31:06 - [MESSAGE][PASSED] - Object 'Object Repository/Page_Element/a_Sign In' is present

2022-02-18 23:31:06 - [TEST_STEP][PASSED] - click(findTestObject("Object Repository/Page_Element/div_Sign In")): Object: 'Object Repository/Page_Element/div_Sign In' is clicked on

2022-02-18 23:31:07 - [MESSAGE][PASSED] - Object: 'Object Repository/Page_Element/div_Sign In' is clicked on

2022-02-18 23:31:07 - [TEST_STEP][PASSED] - verifyElementText(findTestObject("Page_Element/a_Twitter"), "Twitter"): Actual text and expected text of test object 'Object Repository/Page_Element/a_Twitter' are matched.

2022-02-18 23:31:07 - [MESSAGE][PASSED] - Actual text and expected text of test object 'Object Repository/Page_Element/a_Twitter' are matched.

2022-02-18 23:31:07 - [TEST_STEP][PASSED] - setText(findTestObject("Object Repository/Page_Element/input_Sign in with_username"), "ptnha19"): Text 'ptnha19' is set on object 'Object Repository/Page_Element/input_Sign in with_username'

2022-02-18 23:31:10 - [MESSAGE][PASSED] - Text 'ptnha19' is set on object 'Object Repository/Page_Element/input_Sign in with_username'

2022-02-18 23:31:10 - [TEST_STEP][PASSED] - click(findTestObject("Object Repository/Page_Element/input_Forgot password_mx_Login_submit")): Object: 'Object Repository/Page_Element/input_Forgot password_mx_Login_submit' is clicked on

2022-02-18 23:31:11 - [MESSAGE][PASSED] - Object: 'Object Repository/Page_Element/input_Forgot password_mx_Login_submit' is clicked on

2022-02-18 23:31:11 - [TEST_STEP][PASSED] - setEncryptedText(findTestObject("Object Repository/Page_Element/input_Username_password"), "5R3Ima4A+eOeCrCDRGMLmJpaGR3V3+YI"): Text ****** has been set on object 'Object Repository/Page_Element/input_Username_password'

2022-02-18 23:31:14 - [MESSAGE][PASSED] - Text ****** has been set on object 'Object Repository/Page_Element/input_Username_password'

2022-02-18 23:31:14 - [TEST_STEP][PASSED] - click(findTestObject("Object Repository/Page_Element/input_Forgot password_mx_Login_submit")): Object: 'Object Repository/Page_Element/input_Forgot password_mx_Login_submit' is clicked on

2022-02-18 23:31:15 - [MESSAGE][PASSED] - Object: 'Object Repository/Page_Element/input_Forgot password_mx_Login_submit' is clicked on

2022-02-18 23:31:15 - [TEST_STEP][PASSED] - delay(10): Delayed 10 second(s)

2022-02-18 23:31:25 - [MESSAGE][PASSED] - Delayed 10 second(s)

2022-02-18 23:31:25 - [TEST_STEP][PASSED] - click(findTestObject("Object Repository/Page_Element/div_Verify with Security Key")): Object: 'Object Repository/Page_Element/div_Verify with Security Key' is clicked on

2022-02-18 23:31:26 - [MESSAGE][PASSED] - Object: 'Object Repository/Page_Element/div_Verify with Security Key' is clicked on

2022-02-18 23:31:26 - [TEST_STEP][PASSED] - setEncryptedText(findTestObject("Object Repository/Page_Element/input_Security Key_mx_Field_4"), "T5dL0dZa3GcY/MrlN7YOn6WOTrovA4jj9xOYEG/i3Z769E9Kq/X7+gryZqF4ov+opBHLAWv3wACasluLqCMBHw=="): Text ****** has been set on object 'Object Repository/Page_Element/input_Security Key_mx_Field_4'

2022-02-18 23:31:29 - [MESSAGE][PASSED] - Text ****** has been set on object 'Object Repository/Page_Element/input_Security Key_mx_Field_4'

2022-02-18 23:31:29 - [TEST_STEP][PASSED] - click(findTestObject("Object Repository/Page_Element/button_Continue")): Object: 'Object Repository/Page_Element/button_Continue' is clicked on

2022-02-18 23:31:30 - [MESSAGE][PASSED] - Object: 'Object Repository/Page_Element/button_Continue' is clicked on

2022-02-18 23:31:30 - [TEST_STEP][PASSED] - click(findTestObject("Object Repository/Page_Element/div_Done")): Object: 'Object Repository/Page_Element/div_Done' is clicked on

2022-02-18 23:31:31 - [MESSAGE][PASSED] - Object: 'Object Repository/Page_Element/div_Done' is clicked on

2022-02-18 23:31:31 - [TEST_STEP][PASSED] - click(findTestObject("Object Repository/Page_Element/span_Send a Direct Message")): Object: 'Object Repository/Page_Element/span_Send a Direct Message' is clicked on

2022-02-18 23:31:33 - [MESSAGE][PASSED] - Object: 'Object Repository/Page_Element/span_Send a Direct Message' is clicked on

2022-02-18 23:31:33 - [TEST_STEP][PASSED] - verifyElementPresent(findTestObject("Page_Element 1/h2_Direct Messages"), 0): Object 'Object Repository/Page_Element 1/h2_Direct Messages' is present

2022-02-18 23:31:33 - [MESSAGE][WARNING] - Timeout '0' is invalid. Using default page load timeout: '30'

2022-02-18 23:31:33 - [MESSAGE][PASSED] - Object 'Object Repository/Page_Element 1/h2_Direct Messages' is present

2022-02-18 23:31:33 - [TEST_STEP][PASSED] - click(findTestObject("Object Repository/Page_Element/div_Direct Messages_mx_AccessibleButton mx__57a7bb")): Object: 'Object Repository/Page_Element/div_Direct Messages_mx_AccessibleButton mx__57a7bb' is clicked on

2022-02-18 23:31:34 - [MESSAGE][PASSED] - Object: 'Object Repository/Page_Element/div_Direct Messages_mx_AccessibleButton mx__57a7bb' is clicked on

2022-02-18 23:31:34 - [TEST_STEP][PASSED] - click(findTestObject("Object Repository/Page_Element/span_Explore public rooms")): Object: 'Object Repository/Page_Element/span_Explore public rooms' is clicked on

2022-02-18 23:31:35 - [MESSAGE][PASSED] - Object: 'Object Repository/Page_Element/span_Explore public rooms' is clicked on

2022-02-18 23:31:35 - [TEST_STEP][PASSED] - verifyElementText(findTestObject("Page_Element 1/h2_Explore rooms"), "Explore rooms"): Actual text and expected text of test object 'Object Repository/Page_Element 1/h2_Explore rooms' are matched.

2022-02-18 23:31:35 - [MESSAGE][PASSED] - Actual text and expected text of test object 'Object Repository/Page_Element 1/h2_Explore rooms' are matched.

2022-02-18 23:31:35 - [TEST_STEP][PASSED] - click(findTestObject("Object Repository/Page_Element/div_Create a new room")): Object: 'Object Repository/Page_Element/div_Create a new room' is clicked on

2022-02-18 23:31:36 - [MESSAGE][PASSED] - Object: 'Object Repository/Page_Element/div_Create a new room' is clicked on

2022-02-18 23:31:36 - [TEST_STEP][PASSED] - click(findTestObject("Object Repository/Page_Element/div_Create a public room_mx_AccessibleButto_14c7c4")): Object: 'Object Repository/Page_Element/div_Create a public room_mx_AccessibleButto_14c7c4' is clicked on

2022-02-18 23:31:38 - [MESSAGE][PASSED] - Object: 'Object Repository/Page_Element/div_Create a public room_mx_AccessibleButto_14c7c4' is clicked on

2022-02-18 23:31:38 - [TEST_STEP][PASSED] - click(findTestObject("Page_Element/div_Create a Group Chat")): Object: 'Object Repository/Page_Element/div_Create a Group Chat' is clicked on

2022-02-18 23:31:39 - [MESSAGE][PASSED] - Object: 'Object Repository/Page_Element/div_Create a Group Chat' is clicked on

2022-02-18 23:31:39 - [TEST_STEP][PASSED] - click(findTestObject("Object Repository/Page_Element/button_Cancel")): Object: 'Object Repository/Page_Element/button_Cancel' is clicked on

2022-02-18 23:31:40 - [MESSAGE][PASSED] - Object: 'Object Repository/Page_Element/button_Cancel' is clicked on

2022-02-18 23:31:40 - [TEST_STEP][PASSED] - closeBrowser(): Browser is closed

2022-02-18 23:31:41 - [MESSAGE][PASSED] - Browser is closed]]></system-out>
         <system-err><![CDATA[]]></system-err>
      </testcase>
      <testcase name="Test Cases/1.Sign_in_Pass" time="36.516" classname="Test Cases/1.Sign_in_Pass" status="PASSED">
         <system-out><![CDATA[2022-02-18 23:31:41 - [TEST_CASE][PASSED] - Test Cases/1.Sign_in_Pass: Test Cases/1.Sign_in_Pass

2022-02-18 23:31:41 - [TEST_STEP][PASSED] - openBrowser(""): Browser is opened with url: ''

2022-02-18 23:31:41 - [MESSAGE][INFO] - Starting 'Chrome' driver

2022-02-18 23:31:41 - [MESSAGE][INFO] - Action delay is set to 1,000 milliseconds

2022-02-18 23:31:43 - [MESSAGE][PASSED] - Browser is opened with url: ''

2022-02-18 23:31:43 - [TEST_STEP][PASSED] - navigateToUrl("http://localhost:8080/"): Navigate to 'http://localhost:8080/' successfully

2022-02-18 23:31:45 - [MESSAGE][PASSED] - Navigate to 'http://localhost:8080/' successfully

2022-02-18 23:31:45 - [TEST_STEP][PASSED] - verifyElementPresent(findTestObject("Page_Element/img_Welcome to Element_mx_Logo"), 0): Object 'Object Repository/Page_Element/img_Welcome to Element_mx_Logo' is present

2022-02-18 23:31:45 - [MESSAGE][WARNING] - Timeout '0' is invalid. Using default page load timeout: '30'

2022-02-18 23:31:48 - [MESSAGE][PASSED] - Object 'Object Repository/Page_Element/img_Welcome to Element_mx_Logo' is present

2022-02-18 23:31:48 - [TEST_STEP][PASSED] - verifyElementText(findTestObject("Page_Element/a_Blog"), "Blog"): Actual text and expected text of test object 'Object Repository/Page_Element/a_Blog' are matched.

2022-02-18 23:31:48 - [MESSAGE][PASSED] - Actual text and expected text of test object 'Object Repository/Page_Element/a_Blog' are matched.

2022-02-18 23:31:48 - [TEST_STEP][PASSED] - click(findTestObject("Object Repository/Page_Element/a_Sign In")): Object: 'Object Repository/Page_Element/a_Sign In' is clicked on

2022-02-18 23:31:49 - [MESSAGE][PASSED] - Object: 'Object Repository/Page_Element/a_Sign In' is clicked on

2022-02-18 23:31:49 - [TEST_STEP][PASSED] - setText(findTestObject("Object Repository/Page_Element/input_Sign in with_username"), "ptnha19"): Text 'ptnha19' is set on object 'Object Repository/Page_Element/input_Sign in with_username'

2022-02-18 23:31:53 - [MESSAGE][PASSED] - Text 'ptnha19' is set on object 'Object Repository/Page_Element/input_Sign in with_username'

2022-02-18 23:31:53 - [TEST_STEP][PASSED] - setEncryptedText(findTestObject("Object Repository/Page_Element/input_Username_password"), "5R3Ima4A+eOeCrCDRGMLmJpaGR3V3+YI"): Text ****** has been set on object 'Object Repository/Page_Element/input_Username_password'

2022-02-18 23:31:55 - [MESSAGE][PASSED] - Text ****** has been set on object 'Object Repository/Page_Element/input_Username_password'

2022-02-18 23:31:55 - [TEST_STEP][PASSED] - click(findTestObject("Object Repository/Page_Element/input_Forgot password_mx_Login_submit")): Object: 'Object Repository/Page_Element/input_Forgot password_mx_Login_submit' is clicked on

2022-02-18 23:31:56 - [MESSAGE][PASSED] - Object: 'Object Repository/Page_Element/input_Forgot password_mx_Login_submit' is clicked on

2022-02-18 23:31:56 - [TEST_STEP][PASSED] - delay(10): Delayed 10 second(s)

2022-02-18 23:32:06 - [MESSAGE][PASSED] - Delayed 10 second(s)

2022-02-18 23:32:06 - [TEST_STEP][PASSED] - click(findTestObject("Object Repository/Page_Element/div_Verify with Security Key")): Object: 'Object Repository/Page_Element/div_Verify with Security Key' is clicked on

2022-02-18 23:32:07 - [MESSAGE][PASSED] - Object: 'Object Repository/Page_Element/div_Verify with Security Key' is clicked on

2022-02-18 23:32:07 - [TEST_STEP][PASSED] - click(findTestObject("Object Repository/Page_Element/div_Security Key")): Object: 'Object Repository/Page_Element/div_Security Key' is clicked on

2022-02-18 23:32:09 - [MESSAGE][PASSED] - Object: 'Object Repository/Page_Element/div_Security Key' is clicked on

2022-02-18 23:32:09 - [TEST_STEP][PASSED] - setEncryptedText(findTestObject("Object Repository/Page_Element/input_Security Key_mx_Field_4"), "T5dL0dZa3GcY/MrlN7YOn6WOTrovA4jj9xOYEG/i3Z769E9Kq/X7+gryZqF4ov+opBHLAWv3wACasluLqCMBHw=="): Text ****** has been set on object 'Object Repository/Page_Element/input_Security Key_mx_Field_4'

2022-02-18 23:32:11 - [MESSAGE][PASSED] - Text ****** has been set on object 'Object Repository/Page_Element/input_Security Key_mx_Field_4'

2022-02-18 23:32:11 - [TEST_STEP][PASSED] - click(findTestObject("Object Repository/Page_Element/button_Continue")): Object: 'Object Repository/Page_Element/button_Continue' is clicked on

2022-02-18 23:32:12 - [MESSAGE][PASSED] - Object: 'Object Repository/Page_Element/button_Continue' is clicked on

2022-02-18 23:32:12 - [TEST_STEP][PASSED] - click(findTestObject("Object Repository/Page_Element/div_Done")): Object: 'Object Repository/Page_Element/div_Done' is clicked on

2022-02-18 23:32:14 - [MESSAGE][PASSED] - Object: 'Object Repository/Page_Element/div_Done' is clicked on

2022-02-18 23:32:14 - [TEST_STEP][PASSED] - click(findTestObject("Object Repository/Page_Element/img_Enable_mx_BaseAvatar_image")): Object: 'Object Repository/Page_Element/img_Enable_mx_BaseAvatar_image' is clicked on

2022-02-18 23:32:15 - [MESSAGE][PASSED] - Object: 'Object Repository/Page_Element/img_Enable_mx_BaseAvatar_image' is clicked on

2022-02-18 23:32:15 - [TEST_STEP][PASSED] - click(findTestObject("Object Repository/Page_Element/div_This room is public_mx_ContextualMenu_b_fc4f75")): Object: 'Object Repository/Page_Element/div_This room is public_mx_ContextualMenu_b_fc4f75' is clicked on

2022-02-18 23:32:16 - [MESSAGE][PASSED] - Object: 'Object Repository/Page_Element/div_This room is public_mx_ContextualMenu_b_fc4f75' is clicked on

2022-02-18 23:32:16 - [TEST_STEP][PASSED] - closeBrowser(): Browser is closed

2022-02-18 23:32:18 - [MESSAGE][PASSED] - Browser is closed]]></system-out>
         <system-err><![CDATA[]]></system-err>
      </testcase>
      <testcase name="Test Cases/2.Sign_in_Fail" time="18.226" classname="Test Cases/2.Sign_in_Fail" status="PASSED">
         <system-out><![CDATA[2022-02-18 23:32:18 - [TEST_CASE][PASSED] - Test Cases/2.Sign_in_Fail: Test Cases/2.Sign_in_Fail

2022-02-18 23:32:18 - [TEST_STEP][PASSED] - openBrowser(""): Browser is opened with url: ''

2022-02-18 23:32:18 - [MESSAGE][INFO] - Starting 'Chrome' driver

2022-02-18 23:32:18 - [MESSAGE][INFO] - Action delay is set to 1,000 milliseconds

2022-02-18 23:32:20 - [MESSAGE][PASSED] - Browser is opened with url: ''

2022-02-18 23:32:20 - [TEST_STEP][PASSED] - navigateToUrl("http://localhost:8080/"): Navigate to 'http://localhost:8080/' successfully

2022-02-18 23:32:22 - [MESSAGE][PASSED] - Navigate to 'http://localhost:8080/' successfully

2022-02-18 23:32:22 - [TEST_STEP][PASSED] - verifyElementPresent(findTestObject("Page_Element/a_Powered by Matrix"), 0): Object 'Object Repository/Page_Element/a_Powered by Matrix' is present

2022-02-18 23:32:22 - [MESSAGE][WARNING] - Timeout '0' is invalid. Using default page load timeout: '30'

2022-02-18 23:32:26 - [MESSAGE][PASSED] - Object 'Object Repository/Page_Element/a_Powered by Matrix' is present

2022-02-18 23:32:26 - [TEST_STEP][PASSED] - click(findTestObject("Object Repository/Page_Element/a_Sign In")): Object: 'Object Repository/Page_Element/a_Sign In' is clicked on

2022-02-18 23:32:27 - [MESSAGE][PASSED] - Object: 'Object Repository/Page_Element/a_Sign In' is clicked on

2022-02-18 23:32:27 - [TEST_STEP][PASSED] - setText(findTestObject("Object Repository/Page_Element/input_Sign in with_username"), "ptsajfk"): Text 'ptsajfk' is set on object 'Object Repository/Page_Element/input_Sign in with_username'

2022-02-18 23:32:31 - [MESSAGE][PASSED] - Text 'ptsajfk' is set on object 'Object Repository/Page_Element/input_Sign in with_username'

2022-02-18 23:32:31 - [TEST_STEP][PASSED] - setEncryptedText(findTestObject("Object Repository/Page_Element/input_Username_password"), "nLM6O7ELZdU="): Text ****** has been set on object 'Object Repository/Page_Element/input_Username_password'

2022-02-18 23:32:33 - [MESSAGE][PASSED] - Text ****** has been set on object 'Object Repository/Page_Element/input_Username_password'

2022-02-18 23:32:33 - [TEST_STEP][PASSED] - click(findTestObject("Object Repository/Page_Element/input_Forgot password_mx_Login_submit")): Object: 'Object Repository/Page_Element/input_Forgot password_mx_Login_submit' is clicked on

2022-02-18 23:32:34 - [MESSAGE][PASSED] - Object: 'Object Repository/Page_Element/input_Forgot password_mx_Login_submit' is clicked on

2022-02-18 23:32:34 - [TEST_STEP][PASSED] - verifyElementPresent(findTestObject("Page_Element/div_Incorrect username andor password"), 0): Object 'Object Repository/Page_Element/div_Incorrect username andor password' is present

2022-02-18 23:32:34 - [MESSAGE][WARNING] - Timeout '0' is invalid. Using default page load timeout: '30'

2022-02-18 23:32:35 - [MESSAGE][PASSED] - Object 'Object Repository/Page_Element/div_Incorrect username andor password' is present

2022-02-18 23:32:35 - [TEST_STEP][PASSED] - closeBrowser(): Browser is closed

2022-02-18 23:32:36 - [MESSAGE][PASSED] - Browser is closed]]></system-out>
         <system-err><![CDATA[]]></system-err>
      </testcase>
      <testcase name="Test Cases/4.Create_private_room" time="42.997" classname="Test Cases/4.Create_private_room" status="PASSED">
         <system-out><![CDATA[2022-02-18 23:32:36 - [TEST_CASE][PASSED] - Test Cases/4.Create_private_room: Test Cases/4.Create_private_room

2022-02-18 23:32:36 - [TEST_STEP][PASSED] - openBrowser(""): Browser is opened with url: ''

2022-02-18 23:32:36 - [MESSAGE][INFO] - Starting 'Chrome' driver

2022-02-18 23:32:36 - [MESSAGE][INFO] - Action delay is set to 1,000 milliseconds

2022-02-18 23:32:38 - [MESSAGE][PASSED] - Browser is opened with url: ''

2022-02-18 23:32:38 - [TEST_STEP][PASSED] - navigateToUrl("http://localhost:8080/"): Navigate to 'http://localhost:8080/' successfully

2022-02-18 23:32:40 - [MESSAGE][PASSED] - Navigate to 'http://localhost:8080/' successfully

2022-02-18 23:32:40 - [TEST_STEP][PASSED] - verifyElementPresent(findTestObject("Page_Element/a_Sign In"), 0): Object 'Object Repository/Page_Element/a_Sign In' is present

2022-02-18 23:32:40 - [MESSAGE][WARNING] - Timeout '0' is invalid. Using default page load timeout: '30'

2022-02-18 23:32:43 - [MESSAGE][PASSED] - Object 'Object Repository/Page_Element/a_Sign In' is present

2022-02-18 23:32:43 - [TEST_STEP][PASSED] - click(findTestObject("Object Repository/Page_Element/div_Sign In")): Object: 'Object Repository/Page_Element/div_Sign In' is clicked on

2022-02-18 23:32:44 - [MESSAGE][PASSED] - Object: 'Object Repository/Page_Element/div_Sign In' is clicked on

2022-02-18 23:32:44 - [TEST_STEP][PASSED] - verifyElementText(findTestObject("Page_Element/a_Twitter"), "Twitter"): Actual text and expected text of test object 'Object Repository/Page_Element/a_Twitter' are matched.

2022-02-18 23:32:44 - [MESSAGE][PASSED] - Actual text and expected text of test object 'Object Repository/Page_Element/a_Twitter' are matched.

2022-02-18 23:32:44 - [TEST_STEP][PASSED] - setText(findTestObject("Object Repository/Page_Element/input_Sign in with_username"), "ptnha19"): Text 'ptnha19' is set on object 'Object Repository/Page_Element/input_Sign in with_username'

2022-02-18 23:32:47 - [MESSAGE][PASSED] - Text 'ptnha19' is set on object 'Object Repository/Page_Element/input_Sign in with_username'

2022-02-18 23:32:47 - [TEST_STEP][PASSED] - setEncryptedText(findTestObject("Object Repository/Page_Element/input_Username_password"), "5R3Ima4A+eOeCrCDRGMLmJpaGR3V3+YI"): Text ****** has been set on object 'Object Repository/Page_Element/input_Username_password'

2022-02-18 23:32:49 - [MESSAGE][PASSED] - Text ****** has been set on object 'Object Repository/Page_Element/input_Username_password'

2022-02-18 23:32:49 - [TEST_STEP][PASSED] - click(findTestObject("Object Repository/Page_Element/input_Forgot password_mx_Login_submit")): Object: 'Object Repository/Page_Element/input_Forgot password_mx_Login_submit' is clicked on

2022-02-18 23:32:51 - [MESSAGE][PASSED] - Object: 'Object Repository/Page_Element/input_Forgot password_mx_Login_submit' is clicked on

2022-02-18 23:32:51 - [TEST_STEP][PASSED] - delay(10): Delayed 10 second(s)

2022-02-18 23:33:01 - [MESSAGE][PASSED] - Delayed 10 second(s)

2022-02-18 23:33:01 - [TEST_STEP][PASSED] - click(findTestObject("Object Repository/Page_Element/div_Verify with Security Key")): Object: 'Object Repository/Page_Element/div_Verify with Security Key' is clicked on

2022-02-18 23:33:02 - [MESSAGE][PASSED] - Object: 'Object Repository/Page_Element/div_Verify with Security Key' is clicked on

2022-02-18 23:33:02 - [TEST_STEP][PASSED] - verifyElementPresent(findTestObject("Page_Element/div_Looks good"), 0): Object 'Object Repository/Page_Element/div_Looks good' is present

2022-02-18 23:33:02 - [MESSAGE][WARNING] - Timeout '0' is invalid. Using default page load timeout: '30'

2022-02-18 23:33:02 - [MESSAGE][PASSED] - Object 'Object Repository/Page_Element/div_Looks good' is present

2022-02-18 23:33:02 - [TEST_STEP][PASSED] - setEncryptedText(findTestObject("Object Repository/Page_Element/input_Security Key_mx_Field_4"), "T5dL0dZa3GcY/MrlN7YOn6WOTrovA4jj9xOYEG/i3Z769E9Kq/X7+gryZqF4ov+opBHLAWv3wACasluLqCMBHw=="): Text ****** has been set on object 'Object Repository/Page_Element/input_Security Key_mx_Field_4'

2022-02-18 23:33:05 - [MESSAGE][PASSED] - Text ****** has been set on object 'Object Repository/Page_Element/input_Security Key_mx_Field_4'

2022-02-18 23:33:05 - [TEST_STEP][PASSED] - click(findTestObject("Object Repository/Page_Element/button_Continue")): Object: 'Object Repository/Page_Element/button_Continue' is clicked on

2022-02-18 23:33:06 - [MESSAGE][PASSED] - Object: 'Object Repository/Page_Element/button_Continue' is clicked on

2022-02-18 23:33:06 - [TEST_STEP][PASSED] - click(findTestObject("Object Repository/Page_Element/div_Done")): Object: 'Object Repository/Page_Element/div_Done' is clicked on

2022-02-18 23:33:07 - [MESSAGE][PASSED] - Object: 'Object Repository/Page_Element/div_Done' is clicked on

2022-02-18 23:33:07 - [TEST_STEP][PASSED] - click(findTestObject("Object Repository/Page_Element/div_Rooms_mx_AccessibleButton mx_RoomSublis_27fc2e")): Object: 'Object Repository/Page_Element/div_Rooms_mx_AccessibleButton mx_RoomSublis_27fc2e' is clicked on

2022-02-18 23:33:09 - [MESSAGE][PASSED] - Object: 'Object Repository/Page_Element/div_Rooms_mx_AccessibleButton mx_RoomSublis_27fc2e' is clicked on

2022-02-18 23:33:09 - [TEST_STEP][PASSED] - click(findTestObject("Object Repository/Page_Element/span_Create new room")): Object: 'Object Repository/Page_Element/span_Create new room' is clicked on

2022-02-18 23:33:10 - [MESSAGE][PASSED] - Object: 'Object Repository/Page_Element/span_Create new room' is clicked on

2022-02-18 23:33:10 - [TEST_STEP][PASSED] - verifyElementPresent(findTestObject("Page_Element/p_You cant disable this later. Bridges  most bots wont work yet"), 0): Object 'Object Repository/Page_Element/p_You cant disable this later. Bridges  most bots wont work yet' is present

2022-02-18 23:33:10 - [MESSAGE][WARNING] - Timeout '0' is invalid. Using default page load timeout: '30'

2022-02-18 23:33:10 - [MESSAGE][PASSED] - Object 'Object Repository/Page_Element/p_You cant disable this later. Bridges  most bots wont work yet' is present

2022-02-18 23:33:10 - [TEST_STEP][PASSED] - verifyElementClickable(findTestObject("Page_Element/button_Cancel")): Object 'Object Repository/Page_Element/button_Cancel' is clickable

2022-02-18 23:33:10 - [MESSAGE][PASSED] - Object 'Object Repository/Page_Element/button_Cancel' is clickable

2022-02-18 23:33:10 - [TEST_STEP][PASSED] - setText(findTestObject("Object Repository/Page_Element/input_Create a private room_mx_Field_5"), "Room1"): Text 'Room1' is set on object 'Object Repository/Page_Element/input_Create a private room_mx_Field_5'

2022-02-18 23:33:12 - [MESSAGE][PASSED] - Text 'Room1' is set on object 'Object Repository/Page_Element/input_Create a private room_mx_Field_5'

2022-02-18 23:33:12 - [TEST_STEP][PASSED] - click(findTestObject("Object Repository/Page_Element/button_Create Room")): Object: 'Object Repository/Page_Element/button_Create Room' is clicked on

2022-02-18 23:33:13 - [MESSAGE][PASSED] - Object: 'Object Repository/Page_Element/button_Create Room' is clicked on

2022-02-18 23:33:13 - [TEST_STEP][PASSED] - click(findTestObject("Object Repository/Page_Element  Empty room/div_Room1")): Object: 'Object Repository/Page_Element  Empty room/div_Room1' is clicked on

2022-02-18 23:33:18 - [MESSAGE][PASSED] - Object: 'Object Repository/Page_Element  Empty room/div_Room1' is clicked on

2022-02-18 23:33:18 - [TEST_STEP][PASSED] - closeBrowser(): Browser is closed

2022-02-18 23:33:19 - [MESSAGE][PASSED] - Browser is closed]]></system-out>
         <system-err><![CDATA[]]></system-err>
      </testcase>
      <testcase name="Test Cases/23.ChangeFronSizeValid" time="39.181" classname="Test Cases/23.ChangeFronSizeValid" status="PASSED">
         <system-out><![CDATA[2022-02-18 23:33:19 - [TEST_CASE][PASSED] - Test Cases/23.ChangeFronSizeValid: Test Cases/23.ChangeFronSizeValid

2022-02-18 23:33:19 - [TEST_STEP][PASSED] - openBrowser(""): Browser is opened with url: ''

2022-02-18 23:33:19 - [MESSAGE][INFO] - Starting 'Chrome' driver

2022-02-18 23:33:19 - [MESSAGE][INFO] - Action delay is set to 1,000 milliseconds

2022-02-18 23:33:21 - [MESSAGE][PASSED] - Browser is opened with url: ''

2022-02-18 23:33:21 - [TEST_STEP][PASSED] - navigateToUrl("http://localhost:8080/"): Navigate to 'http://localhost:8080/' successfully

2022-02-18 23:33:23 - [MESSAGE][PASSED] - Navigate to 'http://localhost:8080/' successfully

2022-02-18 23:33:23 - [TEST_STEP][PASSED] - verifyElementPresent(findTestObject("Page_Element/a_Sign In"), 0): Object 'Object Repository/Page_Element/a_Sign In' is present

2022-02-18 23:33:23 - [MESSAGE][WARNING] - Timeout '0' is invalid. Using default page load timeout: '30'

2022-02-18 23:33:26 - [MESSAGE][PASSED] - Object 'Object Repository/Page_Element/a_Sign In' is present

2022-02-18 23:33:26 - [TEST_STEP][PASSED] - click(findTestObject("Object Repository/Page_Element/div_Sign In")): Object: 'Object Repository/Page_Element/div_Sign In' is clicked on

2022-02-18 23:33:27 - [MESSAGE][PASSED] - Object: 'Object Repository/Page_Element/div_Sign In' is clicked on

2022-02-18 23:33:27 - [TEST_STEP][PASSED] - verifyElementText(findTestObject("Page_Element/a_Twitter"), "Twitter"): Actual text and expected text of test object 'Object Repository/Page_Element/a_Twitter' are matched.

2022-02-18 23:33:28 - [MESSAGE][PASSED] - Actual text and expected text of test object 'Object Repository/Page_Element/a_Twitter' are matched.

2022-02-18 23:33:28 - [TEST_STEP][PASSED] - setText(findTestObject("Object Repository/Page_Element/input_Sign in with_username"), "ptnha19"): Text 'ptnha19' is set on object 'Object Repository/Page_Element/input_Sign in with_username'

2022-02-18 23:33:31 - [MESSAGE][PASSED] - Text 'ptnha19' is set on object 'Object Repository/Page_Element/input_Sign in with_username'

2022-02-18 23:33:31 - [TEST_STEP][PASSED] - setEncryptedText(findTestObject("Object Repository/Page_Element/input_Username_password"), "5R3Ima4A+eOeCrCDRGMLmJpaGR3V3+YI"): Text ****** has been set on object 'Object Repository/Page_Element/input_Username_password'

2022-02-18 23:33:33 - [MESSAGE][PASSED] - Text ****** has been set on object 'Object Repository/Page_Element/input_Username_password'

2022-02-18 23:33:33 - [TEST_STEP][PASSED] - click(findTestObject("Object Repository/Page_Element/input_Forgot password_mx_Login_submit")): Object: 'Object Repository/Page_Element/input_Forgot password_mx_Login_submit' is clicked on

2022-02-18 23:33:34 - [MESSAGE][PASSED] - Object: 'Object Repository/Page_Element/input_Forgot password_mx_Login_submit' is clicked on

2022-02-18 23:33:34 - [TEST_STEP][PASSED] - delay(10): Delayed 10 second(s)

2022-02-18 23:33:44 - [MESSAGE][PASSED] - Delayed 10 second(s)

2022-02-18 23:33:44 - [TEST_STEP][PASSED] - click(findTestObject("Object Repository/Page_Element/div_Verify with Security Key")): Object: 'Object Repository/Page_Element/div_Verify with Security Key' is clicked on

2022-02-18 23:33:45 - [MESSAGE][PASSED] - Object: 'Object Repository/Page_Element/div_Verify with Security Key' is clicked on

2022-02-18 23:33:45 - [TEST_STEP][PASSED] - verifyElementPresent(findTestObject("Page_Element/div_Looks good"), 0): Object 'Object Repository/Page_Element/div_Looks good' is present

2022-02-18 23:33:45 - [MESSAGE][WARNING] - Timeout '0' is invalid. Using default page load timeout: '30'

2022-02-18 23:33:47 - [MESSAGE][PASSED] - Object 'Object Repository/Page_Element/div_Looks good' is present

2022-02-18 23:33:47 - [TEST_STEP][PASSED] - setEncryptedText(findTestObject("Object Repository/Page_Element/input_Security Key_mx_Field_4"), "T5dL0dZa3GcY/MrlN7YOn6WOTrovA4jj9xOYEG/i3Z769E9Kq/X7+gryZqF4ov+opBHLAWv3wACasluLqCMBHw=="): Text ****** has been set on object 'Object Repository/Page_Element/input_Security Key_mx_Field_4'

2022-02-18 23:33:49 - [MESSAGE][PASSED] - Text ****** has been set on object 'Object Repository/Page_Element/input_Security Key_mx_Field_4'

2022-02-18 23:33:49 - [TEST_STEP][PASSED] - click(findTestObject("Object Repository/Page_Element/button_Continue")): Object: 'Object Repository/Page_Element/button_Continue' is clicked on

2022-02-18 23:33:51 - [MESSAGE][PASSED] - Object: 'Object Repository/Page_Element/button_Continue' is clicked on

2022-02-18 23:33:51 - [TEST_STEP][PASSED] - click(findTestObject("Object Repository/Page_Element/div_Done")): Object: 'Object Repository/Page_Element/div_Done' is clicked on

2022-02-18 23:33:52 - [MESSAGE][PASSED] - Object: 'Object Repository/Page_Element/div_Done' is clicked on

2022-02-18 23:33:52 - [TEST_STEP][PASSED] - click(findTestObject("Object Repository/Page_Element/img_Enable_mx_BaseAvatar_image")): Object: 'Object Repository/Page_Element/img_Enable_mx_BaseAvatar_image' is clicked on

2022-02-18 23:33:53 - [MESSAGE][PASSED] - Object: 'Object Repository/Page_Element/img_Enable_mx_BaseAvatar_image' is clicked on

2022-02-18 23:33:53 - [TEST_STEP][PASSED] - click(findTestObject("Object Repository/Page_Element/span_All settings")): Object: 'Object Repository/Page_Element/span_All settings' is clicked on

2022-02-18 23:33:54 - [MESSAGE][PASSED] - Object: 'Object Repository/Page_Element/span_All settings' is clicked on

2022-02-18 23:33:54 - [TEST_STEP][PASSED] - click(findTestObject("Object Repository/Page_Element/span_Appearance")): Object: 'Object Repository/Page_Element/span_Appearance' is clicked on

2022-02-18 23:33:55 - [MESSAGE][PASSED] - Object: 'Object Repository/Page_Element/span_Appearance' is clicked on

2022-02-18 23:33:55 - [TEST_STEP][PASSED] - verifyElementNotChecked(findTestObject("Page_Element 1/div_Theme_mx_Checkbox_background"), 0): Object 'Object Repository/Page_Element 1/div_Theme_mx_Checkbox_background' is not checked

2022-02-18 23:33:56 - [MESSAGE][WARNING] - Timeout '0' is invalid. Using default page load timeout: '30'

2022-02-18 23:33:56 - [MESSAGE][PASSED] - Object 'Object Repository/Page_Element 1/div_Theme_mx_Checkbox_background' is not checked

2022-02-18 23:33:56 - [TEST_STEP][PASSED] - click(findTestObject("Object Repository/Page_Element/div_Aa_mx_Slider_dot mx_Slider_dotActive")): Object: 'Object Repository/Page_Element/div_Aa_mx_Slider_dot mx_Slider_dotActive' is clicked on

2022-02-18 23:33:57 - [MESSAGE][PASSED] - Object: 'Object Repository/Page_Element/div_Aa_mx_Slider_dot mx_Slider_dotActive' is clicked on

2022-02-18 23:33:57 - [TEST_STEP][PASSED] - closeBrowser(): Browser is closed

2022-02-18 23:33:58 - [MESSAGE][PASSED] - Browser is closed]]></system-out>
         <system-err><![CDATA[]]></system-err>
      </testcase>
      <testcase name="Test Cases/24.ChangeDisplayName" time="51.307" classname="Test Cases/24.ChangeDisplayName" status="PASSED">
         <system-out><![CDATA[2022-02-18 23:33:58 - [TEST_CASE][PASSED] - Test Cases/24.ChangeDisplayName: Test Cases/24.ChangeDisplayName

2022-02-18 23:33:58 - [TEST_STEP][PASSED] - openBrowser(""): Browser is opened with url: ''

2022-02-18 23:33:58 - [MESSAGE][INFO] - Starting 'Chrome' driver

2022-02-18 23:33:58 - [MESSAGE][INFO] - Action delay is set to 1,000 milliseconds

2022-02-18 23:34:00 - [MESSAGE][PASSED] - Browser is opened with url: ''

2022-02-18 23:34:00 - [TEST_STEP][PASSED] - navigateToUrl("http://localhost:8080/"): Navigate to 'http://localhost:8080/' successfully

2022-02-18 23:34:03 - [MESSAGE][PASSED] - Navigate to 'http://localhost:8080/' successfully

2022-02-18 23:34:03 - [TEST_STEP][PASSED] - verifyElementPresent(findTestObject("Page_Element/a_Sign In"), 0): Object 'Object Repository/Page_Element/a_Sign In' is present

2022-02-18 23:34:03 - [MESSAGE][WARNING] - Timeout '0' is invalid. Using default page load timeout: '30'

2022-02-18 23:34:08 - [MESSAGE][PASSED] - Object 'Object Repository/Page_Element/a_Sign In' is present

2022-02-18 23:34:08 - [TEST_STEP][PASSED] - click(findTestObject("Object Repository/Page_Element/div_Sign In")): Object: 'Object Repository/Page_Element/div_Sign In' is clicked on

2022-02-18 23:34:09 - [MESSAGE][PASSED] - Object: 'Object Repository/Page_Element/div_Sign In' is clicked on

2022-02-18 23:34:09 - [TEST_STEP][PASSED] - verifyElementText(findTestObject("Page_Element/a_Twitter"), "Twitter"): Actual text and expected text of test object 'Object Repository/Page_Element/a_Twitter' are matched.

2022-02-18 23:34:09 - [MESSAGE][PASSED] - Actual text and expected text of test object 'Object Repository/Page_Element/a_Twitter' are matched.

2022-02-18 23:34:09 - [TEST_STEP][PASSED] - setText(findTestObject("Object Repository/Page_Element/input_Sign in with_username"), "ptnha19"): Text 'ptnha19' is set on object 'Object Repository/Page_Element/input_Sign in with_username'

2022-02-18 23:34:22 - [MESSAGE][PASSED] - Text 'ptnha19' is set on object 'Object Repository/Page_Element/input_Sign in with_username'

2022-02-18 23:34:22 - [TEST_STEP][PASSED] - setEncryptedText(findTestObject("Object Repository/Page_Element/input_Username_password"), "5R3Ima4A+eOeCrCDRGMLmJpaGR3V3+YI"): Text ****** has been set on object 'Object Repository/Page_Element/input_Username_password'

2022-02-18 23:34:24 - [MESSAGE][PASSED] - Text ****** has been set on object 'Object Repository/Page_Element/input_Username_password'

2022-02-18 23:34:24 - [TEST_STEP][PASSED] - click(findTestObject("Object Repository/Page_Element/input_Forgot password_mx_Login_submit")): Object: 'Object Repository/Page_Element/input_Forgot password_mx_Login_submit' is clicked on

2022-02-18 23:34:25 - [MESSAGE][PASSED] - Object: 'Object Repository/Page_Element/input_Forgot password_mx_Login_submit' is clicked on

2022-02-18 23:34:25 - [TEST_STEP][PASSED] - delay(10): Delayed 10 second(s)

2022-02-18 23:34:35 - [MESSAGE][PASSED] - Delayed 10 second(s)

2022-02-18 23:34:35 - [TEST_STEP][PASSED] - click(findTestObject("Object Repository/Page_Element/div_Verify with Security Key")): Object: 'Object Repository/Page_Element/div_Verify with Security Key' is clicked on

2022-02-18 23:34:36 - [MESSAGE][PASSED] - Object: 'Object Repository/Page_Element/div_Verify with Security Key' is clicked on

2022-02-18 23:34:36 - [TEST_STEP][PASSED] - verifyElementPresent(findTestObject("Page_Element/div_Looks good"), 0): Object 'Object Repository/Page_Element/div_Looks good' is present

2022-02-18 23:34:36 - [MESSAGE][WARNING] - Timeout '0' is invalid. Using default page load timeout: '30'

2022-02-18 23:34:37 - [MESSAGE][PASSED] - Object 'Object Repository/Page_Element/div_Looks good' is present

2022-02-18 23:34:37 - [TEST_STEP][PASSED] - setEncryptedText(findTestObject("Object Repository/Page_Element/input_Security Key_mx_Field_4"), "T5dL0dZa3GcY/MrlN7YOn6WOTrovA4jj9xOYEG/i3Z769E9Kq/X7+gryZqF4ov+opBHLAWv3wACasluLqCMBHw=="): Text ****** has been set on object 'Object Repository/Page_Element/input_Security Key_mx_Field_4'

2022-02-18 23:34:39 - [MESSAGE][PASSED] - Text ****** has been set on object 'Object Repository/Page_Element/input_Security Key_mx_Field_4'

2022-02-18 23:34:39 - [TEST_STEP][PASSED] - click(findTestObject("Object Repository/Page_Element/button_Continue")): Object: 'Object Repository/Page_Element/button_Continue' is clicked on

2022-02-18 23:34:41 - [MESSAGE][PASSED] - Object: 'Object Repository/Page_Element/button_Continue' is clicked on

2022-02-18 23:34:41 - [TEST_STEP][PASSED] - click(findTestObject("Object Repository/Page_Element/div_Done")): Object: 'Object Repository/Page_Element/div_Done' is clicked on

2022-02-18 23:34:42 - [MESSAGE][PASSED] - Object: 'Object Repository/Page_Element/div_Done' is clicked on

2022-02-18 23:34:42 - [TEST_STEP][PASSED] - click(findTestObject("Object Repository/Page_Element/img_Review_mx_BaseAvatar_image")): Object: 'Object Repository/Page_Element/img_Review_mx_BaseAvatar_image' is clicked on

2022-02-18 23:34:43 - [MESSAGE][PASSED] - Object: 'Object Repository/Page_Element/img_Review_mx_BaseAvatar_image' is clicked on

2022-02-18 23:34:43 - [TEST_STEP][PASSED] - verifyElementPresent(findTestObject("Page_Element 1/div_ptnha19matrix.org_mx_AccessibleButton mx_UserMenu_contextMenu_themeButton"), 0): Object 'Object Repository/Page_Element 1/div_ptnha19matrix.org_mx_AccessibleButton mx_UserMenu_contextMenu_themeButton' is present

2022-02-18 23:34:43 - [MESSAGE][WARNING] - Timeout '0' is invalid. Using default page load timeout: '30'

2022-02-18 23:34:43 - [MESSAGE][PASSED] - Object 'Object Repository/Page_Element 1/div_ptnha19matrix.org_mx_AccessibleButton mx_UserMenu_contextMenu_themeButton' is present

2022-02-18 23:34:43 - [TEST_STEP][PASSED] - click(findTestObject("Object Repository/Page_Element/span_All settings")): Object: 'Object Repository/Page_Element/span_All settings' is clicked on

2022-02-18 23:34:44 - [MESSAGE][PASSED] - Object: 'Object Repository/Page_Element/span_All settings' is clicked on

2022-02-18 23:34:44 - [TEST_STEP][PASSED] - setText(findTestObject("Object Repository/Page_Element/input_Profile_mx_Field_5"), "ptnha1"): Text 'ptnha1' is set on object 'Object Repository/Page_Element/input_Profile_mx_Field_5'

2022-02-18 23:34:47 - [MESSAGE][PASSED] - Text 'ptnha1' is set on object 'Object Repository/Page_Element/input_Profile_mx_Field_5'

2022-02-18 23:34:47 - [TEST_STEP][PASSED] - click(findTestObject("Object Repository/Page_Element/div_Save")): Object: 'Object Repository/Page_Element/div_Save' is clicked on

2022-02-18 23:34:48 - [MESSAGE][PASSED] - Object: 'Object Repository/Page_Element/div_Save' is clicked on

2022-02-18 23:34:48 - [TEST_STEP][PASSED] - closeBrowser(): Browser is closed

2022-02-18 23:34:49 - [MESSAGE][PASSED] - Browser is closed]]></system-out>
         <system-err><![CDATA[]]></system-err>
      </testcase>
      <testcase name="Test Cases/25.ChangePasswordInvalid" time="45.997" classname="Test Cases/25.ChangePasswordInvalid" status="PASSED">
         <system-out><![CDATA[2022-02-18 23:34:49 - [TEST_CASE][PASSED] - Test Cases/25.ChangePasswordInvalid: Test Cases/25.ChangePasswordInvalid

2022-02-18 23:34:50 - [TEST_STEP][PASSED] - openBrowser(""): Browser is opened with url: ''

2022-02-18 23:34:50 - [MESSAGE][INFO] - Starting 'Chrome' driver

2022-02-18 23:34:50 - [MESSAGE][INFO] - Action delay is set to 1,000 milliseconds

2022-02-18 23:34:51 - [MESSAGE][PASSED] - Browser is opened with url: ''

2022-02-18 23:34:51 - [TEST_STEP][PASSED] - navigateToUrl("http://localhost:8080/"): Navigate to 'http://localhost:8080/' successfully

2022-02-18 23:34:54 - [MESSAGE][PASSED] - Navigate to 'http://localhost:8080/' successfully

2022-02-18 23:34:54 - [TEST_STEP][PASSED] - verifyElementPresent(findTestObject("Page_Element/a_Sign In"), 0): Object 'Object Repository/Page_Element/a_Sign In' is present

2022-02-18 23:34:54 - [MESSAGE][WARNING] - Timeout '0' is invalid. Using default page load timeout: '30'

2022-02-18 23:34:59 - [MESSAGE][PASSED] - Object 'Object Repository/Page_Element/a_Sign In' is present

2022-02-18 23:34:59 - [TEST_STEP][PASSED] - click(findTestObject("Object Repository/Page_Element/div_Sign In")): Object: 'Object Repository/Page_Element/div_Sign In' is clicked on

2022-02-18 23:35:00 - [MESSAGE][PASSED] - Object: 'Object Repository/Page_Element/div_Sign In' is clicked on

2022-02-18 23:35:00 - [TEST_STEP][PASSED] - verifyElementText(findTestObject("Page_Element/a_Twitter"), "Twitter"): Actual text and expected text of test object 'Object Repository/Page_Element/a_Twitter' are matched.

2022-02-18 23:35:00 - [MESSAGE][PASSED] - Actual text and expected text of test object 'Object Repository/Page_Element/a_Twitter' are matched.

2022-02-18 23:35:00 - [TEST_STEP][PASSED] - setText(findTestObject("Object Repository/Page_Element/input_Sign in with_username"), "ptnha19"): Text 'ptnha19' is set on object 'Object Repository/Page_Element/input_Sign in with_username'

2022-02-18 23:35:03 - [MESSAGE][PASSED] - Text 'ptnha19' is set on object 'Object Repository/Page_Element/input_Sign in with_username'

2022-02-18 23:35:03 - [TEST_STEP][PASSED] - setEncryptedText(findTestObject("Object Repository/Page_Element/input_Username_password"), "5R3Ima4A+eOeCrCDRGMLmJpaGR3V3+YI"): Text ****** has been set on object 'Object Repository/Page_Element/input_Username_password'

2022-02-18 23:35:05 - [MESSAGE][PASSED] - Text ****** has been set on object 'Object Repository/Page_Element/input_Username_password'

2022-02-18 23:35:05 - [TEST_STEP][PASSED] - click(findTestObject("Object Repository/Page_Element/input_Forgot password_mx_Login_submit")): Object: 'Object Repository/Page_Element/input_Forgot password_mx_Login_submit' is clicked on

2022-02-18 23:35:07 - [MESSAGE][PASSED] - Object: 'Object Repository/Page_Element/input_Forgot password_mx_Login_submit' is clicked on

2022-02-18 23:35:07 - [TEST_STEP][PASSED] - delay(10): Delayed 10 second(s)

2022-02-18 23:35:17 - [MESSAGE][PASSED] - Delayed 10 second(s)

2022-02-18 23:35:17 - [TEST_STEP][PASSED] - click(findTestObject("Object Repository/Page_Element/div_Verify with Security Key")): Object: 'Object Repository/Page_Element/div_Verify with Security Key' is clicked on

2022-02-18 23:35:18 - [MESSAGE][PASSED] - Object: 'Object Repository/Page_Element/div_Verify with Security Key' is clicked on

2022-02-18 23:35:18 - [TEST_STEP][PASSED] - verifyElementPresent(findTestObject("Page_Element/div_Looks good"), 0): Object 'Object Repository/Page_Element/div_Looks good' is present

2022-02-18 23:35:18 - [MESSAGE][WARNING] - Timeout '0' is invalid. Using default page load timeout: '30'

2022-02-18 23:35:19 - [MESSAGE][PASSED] - Object 'Object Repository/Page_Element/div_Looks good' is present

2022-02-18 23:35:19 - [TEST_STEP][PASSED] - setEncryptedText(findTestObject("Object Repository/Page_Element/input_Security Key_mx_Field_4"), "T5dL0dZa3GcY/MrlN7YOn6WOTrovA4jj9xOYEG/i3Z769E9Kq/X7+gryZqF4ov+opBHLAWv3wACasluLqCMBHw=="): Text ****** has been set on object 'Object Repository/Page_Element/input_Security Key_mx_Field_4'

2022-02-18 23:35:21 - [MESSAGE][PASSED] - Text ****** has been set on object 'Object Repository/Page_Element/input_Security Key_mx_Field_4'

2022-02-18 23:35:21 - [TEST_STEP][PASSED] - click(findTestObject("Object Repository/Page_Element/button_Continue")): Object: 'Object Repository/Page_Element/button_Continue' is clicked on

2022-02-18 23:35:22 - [MESSAGE][PASSED] - Object: 'Object Repository/Page_Element/button_Continue' is clicked on

2022-02-18 23:35:22 - [TEST_STEP][PASSED] - click(findTestObject("Object Repository/Page_Element/div_Done")): Object: 'Object Repository/Page_Element/div_Done' is clicked on

2022-02-18 23:35:23 - [MESSAGE][PASSED] - Object: 'Object Repository/Page_Element/div_Done' is clicked on

2022-02-18 23:35:23 - [TEST_STEP][PASSED] - click(findTestObject("Object Repository/Page_Element/img_Enable_mx_BaseAvatar_image")): Object: 'Object Repository/Page_Element/img_Enable_mx_BaseAvatar_image' is clicked on

2022-02-18 23:35:25 - [MESSAGE][PASSED] - Object: 'Object Repository/Page_Element/img_Enable_mx_BaseAvatar_image' is clicked on

2022-02-18 23:35:25 - [TEST_STEP][PASSED] - click(findTestObject("Object Repository/Page_Element/span_All settings")): Object: 'Object Repository/Page_Element/span_All settings' is clicked on

2022-02-18 23:35:26 - [MESSAGE][PASSED] - Object: 'Object Repository/Page_Element/span_All settings' is clicked on

2022-02-18 23:35:26 - [TEST_STEP][PASSED] - verifyElementPresent(findTestObject("Page_Element 1/div_Add"), 0): Object 'Object Repository/Page_Element 1/div_Add' is present

2022-02-18 23:35:26 - [MESSAGE][WARNING] - Timeout '0' is invalid. Using default page load timeout: '30'

2022-02-18 23:35:26 - [MESSAGE][PASSED] - Object 'Object Repository/Page_Element 1/div_Add' is present

2022-02-18 23:35:26 - [TEST_STEP][PASSED] - setEncryptedText(findTestObject("Object Repository/Page_Element/input_Account_mx_Field_7"), "cH9eeb27K7k="): Text ****** has been set on object 'Object Repository/Page_Element/input_Account_mx_Field_7'

2022-02-18 23:35:28 - [MESSAGE][PASSED] - Text ****** has been set on object 'Object Repository/Page_Element/input_Account_mx_Field_7'

2022-02-18 23:35:28 - [TEST_STEP][PASSED] - setEncryptedText(findTestObject("Object Repository/Page_Element/input_Current password_mx_Field_8"), "YYdYgnpZIxc="): Text ****** has been set on object 'Object Repository/Page_Element/input_Current password_mx_Field_8'

2022-02-18 23:35:31 - [MESSAGE][PASSED] - Text ****** has been set on object 'Object Repository/Page_Element/input_Current password_mx_Field_8'

2022-02-18 23:35:31 - [TEST_STEP][PASSED] - setEncryptedText(findTestObject("Object Repository/Page_Element/input_New Password_mx_Field_9"), "YYdYgnpZIxc="): Text ****** has been set on object 'Object Repository/Page_Element/input_New Password_mx_Field_9'

2022-02-18 23:35:33 - [MESSAGE][PASSED] - Text ****** has been set on object 'Object Repository/Page_Element/input_New Password_mx_Field_9'

2022-02-18 23:35:33 - [TEST_STEP][PASSED] - click(findTestObject("Object Repository/Page_Element/div_Change Password")): Object: 'Object Repository/Page_Element/div_Change Password' is clicked on

2022-02-18 23:35:34 - [MESSAGE][PASSED] - Object: 'Object Repository/Page_Element/div_Change Password' is clicked on

2022-02-18 23:35:34 - [TEST_STEP][PASSED] - closeBrowser(): Browser is closed

2022-02-18 23:35:35 - [MESSAGE][PASSED] - Browser is closed]]></system-out>
         <system-err><![CDATA[]]></system-err>
      </testcase>
      <testcase name="Test Cases/28.EnableDesktopNotificationsForThisSession" time="40.26" classname="Test Cases/28.EnableDesktopNotificationsForThisSession" status="PASSED">
         <system-out><![CDATA[2022-02-18 23:35:35 - [TEST_CASE][PASSED] - Test Cases/28.EnableDesktopNotificationsForThisSession: Test Cases/28.EnableDesktopNotificationsForThisSession

2022-02-18 23:35:36 - [TEST_STEP][PASSED] - openBrowser(""): Browser is opened with url: ''

2022-02-18 23:35:36 - [MESSAGE][INFO] - Starting 'Chrome' driver

2022-02-18 23:35:36 - [MESSAGE][INFO] - Action delay is set to 1,000 milliseconds

2022-02-18 23:35:37 - [MESSAGE][PASSED] - Browser is opened with url: ''

2022-02-18 23:35:37 - [TEST_STEP][PASSED] - navigateToUrl("http://localhost:8080/"): Navigate to 'http://localhost:8080/' successfully

2022-02-18 23:35:40 - [MESSAGE][PASSED] - Navigate to 'http://localhost:8080/' successfully

2022-02-18 23:35:40 - [TEST_STEP][PASSED] - verifyElementPresent(findTestObject("Page_Element/a_Sign In"), 0): Object 'Object Repository/Page_Element/a_Sign In' is present

2022-02-18 23:35:40 - [MESSAGE][WARNING] - Timeout '0' is invalid. Using default page load timeout: '30'

2022-02-18 23:35:43 - [MESSAGE][PASSED] - Object 'Object Repository/Page_Element/a_Sign In' is present

2022-02-18 23:35:43 - [TEST_STEP][PASSED] - click(findTestObject("Object Repository/Page_Element/div_Sign In")): Object: 'Object Repository/Page_Element/div_Sign In' is clicked on

2022-02-18 23:35:44 - [MESSAGE][PASSED] - Object: 'Object Repository/Page_Element/div_Sign In' is clicked on

2022-02-18 23:35:44 - [TEST_STEP][PASSED] - verifyElementText(findTestObject("Page_Element/a_Twitter"), "Twitter"): Actual text and expected text of test object 'Object Repository/Page_Element/a_Twitter' are matched.

2022-02-18 23:35:44 - [MESSAGE][PASSED] - Actual text and expected text of test object 'Object Repository/Page_Element/a_Twitter' are matched.

2022-02-18 23:35:44 - [TEST_STEP][PASSED] - setText(findTestObject("Object Repository/Page_Element/input_Sign in with_username"), "ptnha19"): Text 'ptnha19' is set on object 'Object Repository/Page_Element/input_Sign in with_username'

2022-02-18 23:35:47 - [MESSAGE][PASSED] - Text 'ptnha19' is set on object 'Object Repository/Page_Element/input_Sign in with_username'

2022-02-18 23:35:47 - [TEST_STEP][PASSED] - setEncryptedText(findTestObject("Object Repository/Page_Element/input_Username_password"), "5R3Ima4A+eOeCrCDRGMLmJpaGR3V3+YI"): Text ****** has been set on object 'Object Repository/Page_Element/input_Username_password'

2022-02-18 23:35:50 - [MESSAGE][PASSED] - Text ****** has been set on object 'Object Repository/Page_Element/input_Username_password'

2022-02-18 23:35:50 - [TEST_STEP][PASSED] - click(findTestObject("Object Repository/Page_Element/input_Forgot password_mx_Login_submit")): Object: 'Object Repository/Page_Element/input_Forgot password_mx_Login_submit' is clicked on

2022-02-18 23:35:51 - [MESSAGE][PASSED] - Object: 'Object Repository/Page_Element/input_Forgot password_mx_Login_submit' is clicked on

2022-02-18 23:35:51 - [TEST_STEP][PASSED] - delay(10): Delayed 10 second(s)

2022-02-18 23:36:01 - [MESSAGE][PASSED] - Delayed 10 second(s)

2022-02-18 23:36:01 - [TEST_STEP][PASSED] - click(findTestObject("Object Repository/Page_Element/div_Verify with Security Key")): Object: 'Object Repository/Page_Element/div_Verify with Security Key' is clicked on

2022-02-18 23:36:02 - [MESSAGE][PASSED] - Object: 'Object Repository/Page_Element/div_Verify with Security Key' is clicked on

2022-02-18 23:36:02 - [TEST_STEP][PASSED] - verifyElementPresent(findTestObject("Page_Element/div_Looks good"), 0): Object 'Object Repository/Page_Element/div_Looks good' is present

2022-02-18 23:36:02 - [MESSAGE][WARNING] - Timeout '0' is invalid. Using default page load timeout: '30'

2022-02-18 23:36:03 - [MESSAGE][PASSED] - Object 'Object Repository/Page_Element/div_Looks good' is present

2022-02-18 23:36:03 - [TEST_STEP][PASSED] - setEncryptedText(findTestObject("Object Repository/Page_Element/input_Security Key_mx_Field_4"), "T5dL0dZa3GcY/MrlN7YOn6WOTrovA4jj9xOYEG/i3Z769E9Kq/X7+gryZqF4ov+opBHLAWv3wACasluLqCMBHw=="): Text ****** has been set on object 'Object Repository/Page_Element/input_Security Key_mx_Field_4'

2022-02-18 23:36:05 - [MESSAGE][PASSED] - Text ****** has been set on object 'Object Repository/Page_Element/input_Security Key_mx_Field_4'

2022-02-18 23:36:05 - [TEST_STEP][PASSED] - click(findTestObject("Object Repository/Page_Element/button_Continue")): Object: 'Object Repository/Page_Element/button_Continue' is clicked on

2022-02-18 23:36:06 - [MESSAGE][PASSED] - Object: 'Object Repository/Page_Element/button_Continue' is clicked on

2022-02-18 23:36:06 - [TEST_STEP][PASSED] - click(findTestObject("Object Repository/Page_Element/div_Done")): Object: 'Object Repository/Page_Element/div_Done' is clicked on

2022-02-18 23:36:07 - [MESSAGE][PASSED] - Object: 'Object Repository/Page_Element/div_Done' is clicked on

2022-02-18 23:36:07 - [TEST_STEP][PASSED] - click(findTestObject("Object Repository/Page_Element/img_Enable_mx_BaseAvatar_image")): Object: 'Object Repository/Page_Element/img_Enable_mx_BaseAvatar_image' is clicked on

2022-02-18 23:36:09 - [MESSAGE][PASSED] - Object: 'Object Repository/Page_Element/img_Enable_mx_BaseAvatar_image' is clicked on

2022-02-18 23:36:09 - [TEST_STEP][PASSED] - click(findTestObject("Object Repository/Page_Element/span_Notifications")): Object: 'Object Repository/Page_Element/span_Notifications' is clicked on

2022-02-18 23:36:10 - [MESSAGE][PASSED] - Object: 'Object Repository/Page_Element/span_Notifications' is clicked on

2022-02-18 23:36:10 - [TEST_STEP][PASSED] - verifyElementPresent(findTestObject("Page_Element/h2_Settings"), 0): Object 'Object Repository/Page_Element/h2_Settings' is present

2022-02-18 23:36:10 - [MESSAGE][WARNING] - Timeout '0' is invalid. Using default page load timeout: '30'

2022-02-18 23:36:10 - [MESSAGE][PASSED] - Object 'Object Repository/Page_Element/h2_Settings' is present

2022-02-18 23:36:10 - [TEST_STEP][PASSED] - click(findTestObject("Object Repository/Page_Element/div_Enable desktop notifications for this s_6cd3cd")): Object: 'Object Repository/Page_Element/div_Enable desktop notifications for this s_6cd3cd' is clicked on

2022-02-18 23:36:12 - [MESSAGE][PASSED] - Object: 'Object Repository/Page_Element/div_Enable desktop notifications for this s_6cd3cd' is clicked on

2022-02-18 23:36:12 - [TEST_STEP][PASSED] - click(findTestObject("Object Repository/Page_Element/div_Enable desktop notifications for this s_6cd3cd")): Object: 'Object Repository/Page_Element/div_Enable desktop notifications for this s_6cd3cd' is clicked on

2022-02-18 23:36:13 - [MESSAGE][PASSED] - Object: 'Object Repository/Page_Element/div_Enable desktop notifications for this s_6cd3cd' is clicked on

2022-02-18 23:36:13 - [TEST_STEP][PASSED] - click(findTestObject("Object Repository/Page_Element/div_Enable desktop notifications for this s_6cd3cd_1")): Object: 'Object Repository/Page_Element/div_Enable desktop notifications for this s_6cd3cd_1' is clicked on

2022-02-18 23:36:14 - [MESSAGE][PASSED] - Object: 'Object Repository/Page_Element/div_Enable desktop notifications for this s_6cd3cd_1' is clicked on

2022-02-18 23:36:14 - [TEST_STEP][PASSED] - closeBrowser(): Browser is closed

2022-02-18 23:36:16 - [MESSAGE][PASSED] - Browser is closed]]></system-out>
         <system-err><![CDATA[]]></system-err>
      </testcase>
      <testcase name="Test Cases/37.SettingPeople" time="39.94" classname="Test Cases/37.SettingPeople" status="PASSED">
         <system-out><![CDATA[2022-02-18 23:36:16 - [TEST_CASE][PASSED] - Test Cases/37.SettingPeople: Test Cases/37.SettingPeople

2022-02-18 23:36:16 - [TEST_STEP][PASSED] - openBrowser(""): Browser is opened with url: ''

2022-02-18 23:36:16 - [MESSAGE][INFO] - Starting 'Chrome' driver

2022-02-18 23:36:16 - [MESSAGE][INFO] - Action delay is set to 1,000 milliseconds

2022-02-18 23:36:18 - [MESSAGE][PASSED] - Browser is opened with url: ''

2022-02-18 23:36:18 - [TEST_STEP][PASSED] - navigateToUrl("http://localhost:8080/"): Navigate to 'http://localhost:8080/' successfully

2022-02-18 23:36:20 - [MESSAGE][PASSED] - Navigate to 'http://localhost:8080/' successfully

2022-02-18 23:36:20 - [TEST_STEP][PASSED] - verifyElementPresent(findTestObject("Page_Element/a_Sign In"), 0): Object 'Object Repository/Page_Element/a_Sign In' is present

2022-02-18 23:36:20 - [MESSAGE][WARNING] - Timeout '0' is invalid. Using default page load timeout: '30'

2022-02-18 23:36:24 - [MESSAGE][PASSED] - Object 'Object Repository/Page_Element/a_Sign In' is present

2022-02-18 23:36:24 - [TEST_STEP][PASSED] - click(findTestObject("Object Repository/Page_Element/div_Sign In")): Object: 'Object Repository/Page_Element/div_Sign In' is clicked on

2022-02-18 23:36:25 - [MESSAGE][PASSED] - Object: 'Object Repository/Page_Element/div_Sign In' is clicked on

2022-02-18 23:36:25 - [TEST_STEP][PASSED] - verifyElementText(findTestObject("Page_Element/a_Twitter"), "Twitter"): Actual text and expected text of test object 'Object Repository/Page_Element/a_Twitter' are matched.

2022-02-18 23:36:25 - [MESSAGE][PASSED] - Actual text and expected text of test object 'Object Repository/Page_Element/a_Twitter' are matched.

2022-02-18 23:36:25 - [TEST_STEP][PASSED] - setText(findTestObject("Object Repository/Page_Element/input_Sign in with_username"), "ptnha19"): Text 'ptnha19' is set on object 'Object Repository/Page_Element/input_Sign in with_username'

2022-02-18 23:36:28 - [MESSAGE][PASSED] - Text 'ptnha19' is set on object 'Object Repository/Page_Element/input_Sign in with_username'

2022-02-18 23:36:28 - [TEST_STEP][PASSED] - setEncryptedText(findTestObject("Object Repository/Page_Element/input_Username_password"), "5R3Ima4A+eOeCrCDRGMLmJpaGR3V3+YI"): Text ****** has been set on object 'Object Repository/Page_Element/input_Username_password'

2022-02-18 23:36:30 - [MESSAGE][PASSED] - Text ****** has been set on object 'Object Repository/Page_Element/input_Username_password'

2022-02-18 23:36:30 - [TEST_STEP][PASSED] - click(findTestObject("Object Repository/Page_Element/input_Forgot password_mx_Login_submit")): Object: 'Object Repository/Page_Element/input_Forgot password_mx_Login_submit' is clicked on

2022-02-18 23:36:31 - [MESSAGE][PASSED] - Object: 'Object Repository/Page_Element/input_Forgot password_mx_Login_submit' is clicked on

2022-02-18 23:36:31 - [TEST_STEP][PASSED] - delay(10): Delayed 10 second(s)

2022-02-18 23:36:41 - [MESSAGE][PASSED] - Delayed 10 second(s)

2022-02-18 23:36:41 - [TEST_STEP][PASSED] - click(findTestObject("Object Repository/Page_Element/div_Verify with Security Key")): Object: 'Object Repository/Page_Element/div_Verify with Security Key' is clicked on

2022-02-18 23:36:43 - [MESSAGE][PASSED] - Object: 'Object Repository/Page_Element/div_Verify with Security Key' is clicked on

2022-02-18 23:36:43 - [TEST_STEP][PASSED] - verifyElementPresent(findTestObject("Page_Element/div_Looks good"), 0): Object 'Object Repository/Page_Element/div_Looks good' is present

2022-02-18 23:36:43 - [MESSAGE][WARNING] - Timeout '0' is invalid. Using default page load timeout: '30'

2022-02-18 23:36:44 - [MESSAGE][PASSED] - Object 'Object Repository/Page_Element/div_Looks good' is present

2022-02-18 23:36:44 - [TEST_STEP][PASSED] - setEncryptedText(findTestObject("Object Repository/Page_Element/input_Security Key_mx_Field_4"), "T5dL0dZa3GcY/MrlN7YOn6WOTrovA4jj9xOYEG/i3Z769E9Kq/X7+gryZqF4ov+opBHLAWv3wACasluLqCMBHw=="): Text ****** has been set on object 'Object Repository/Page_Element/input_Security Key_mx_Field_4'

2022-02-18 23:36:46 - [MESSAGE][PASSED] - Text ****** has been set on object 'Object Repository/Page_Element/input_Security Key_mx_Field_4'

2022-02-18 23:36:46 - [TEST_STEP][PASSED] - click(findTestObject("Object Repository/Page_Element/button_Continue")): Object: 'Object Repository/Page_Element/button_Continue' is clicked on

2022-02-18 23:36:47 - [MESSAGE][PASSED] - Object: 'Object Repository/Page_Element/button_Continue' is clicked on

2022-02-18 23:36:47 - [TEST_STEP][PASSED] - click(findTestObject("Object Repository/Page_Element/div_Done")): Object: 'Object Repository/Page_Element/div_Done' is clicked on

2022-02-18 23:36:48 - [MESSAGE][PASSED] - Object: 'Object Repository/Page_Element/div_Done' is clicked on

2022-02-18 23:36:48 - [TEST_STEP][PASSED] - verifyElementPresent(findTestObject("Page_Element/div_Administrator_mx_AccessibleButton mx_RoomTile_notificationsButton mx_RoomTile_iconBellCrossed mx_RoomTile_notificationsButton_show"), 0): Object 'Object Repository/Page_Element/div_Administrator_mx_AccessibleButton mx_RoomTile_notificationsButton mx_RoomTile_iconBellCrossed mx_RoomTile_notificationsButton_show' is present

2022-02-18 23:36:48 - [MESSAGE][WARNING] - Timeout '0' is invalid. Using default page load timeout: '30'

2022-02-18 23:36:49 - [MESSAGE][PASSED] - Object 'Object Repository/Page_Element/div_Administrator_mx_AccessibleButton mx_RoomTile_notificationsButton mx_RoomTile_iconBellCrossed mx_RoomTile_notificationsButton_show' is present

2022-02-18 23:36:49 - [TEST_STEP][PASSED] - click(findTestObject("Object Repository/Page_Element/div_Tr Cao Thin")): Object: 'Object Repository/Page_Element/div_Tr Cao Thin' is clicked on

2022-02-18 23:36:50 - [MESSAGE][PASSED] - Object: 'Object Repository/Page_Element/div_Tr Cao Thin' is clicked on

2022-02-18 23:36:50 - [TEST_STEP][PASSED] - click(findTestObject("Object Repository/Page_Element  Tr Cao Thin/div_Tr Cao Thin_mx_AccessibleButton mx_Room_04dc30")): Object: 'Object Repository/Page_Element  Tr Cao Thin/div_Tr Cao Thin_mx_AccessibleButton mx_Room_04dc30' is clicked on

2022-02-18 23:36:51 - [MESSAGE][PASSED] - Object: 'Object Repository/Page_Element  Tr Cao Thin/div_Tr Cao Thin_mx_AccessibleButton mx_Room_04dc30' is clicked on

2022-02-18 23:36:51 - [TEST_STEP][PASSED] - click(findTestObject("Object Repository/Page_Element  Tr Cao Thin/span_Settings")): Object: 'Object Repository/Page_Element  Tr Cao Thin/span_Settings' is clicked on

2022-02-18 23:36:52 - [MESSAGE][PASSED] - Object: 'Object Repository/Page_Element  Tr Cao Thin/span_Settings' is clicked on

2022-02-18 23:36:52 - [TEST_STEP][PASSED] - click(findTestObject("Object Repository/Page_Element  Tr Cao Thin/div_Room Settings - Tr Cao Thin_mx_Accessib_be264e")): Object: 'Object Repository/Page_Element  Tr Cao Thin/div_Room Settings - Tr Cao Thin_mx_Accessib_be264e' is clicked on

2022-02-18 23:36:53 - [MESSAGE][PASSED] - Object: 'Object Repository/Page_Element  Tr Cao Thin/div_Room Settings - Tr Cao Thin_mx_Accessib_be264e' is clicked on

2022-02-18 23:36:53 - [TEST_STEP][PASSED] - click(findTestObject("Object Repository/Page_Element  Tr Cao Thin/div_Tr Cao Thin")): Object: 'Object Repository/Page_Element  Tr Cao Thin/div_Tr Cao Thin' is clicked on

2022-02-18 23:36:54 - [MESSAGE][PASSED] - Object: 'Object Repository/Page_Element  Tr Cao Thin/div_Tr Cao Thin' is clicked on

2022-02-18 23:36:54 - [TEST_STEP][PASSED] - closeBrowser(): Browser is closed

2022-02-18 23:36:56 - [MESSAGE][PASSED] - Browser is closed]]></system-out>
         <system-err><![CDATA[]]></system-err>
      </testcase>
      <testcase name="Test Cases/38.TurnOffOnNotiPeople" time="38.483" classname="Test Cases/38.TurnOffOnNotiPeople" status="PASSED">
         <system-out><![CDATA[2022-02-18 23:36:56 - [TEST_CASE][PASSED] - Test Cases/38.TurnOffOnNotiPeople: Test Cases/38.TurnOffOnNotiPeople

2022-02-18 23:36:56 - [TEST_STEP][PASSED] - openBrowser(""): Browser is opened with url: ''

2022-02-18 23:36:56 - [MESSAGE][INFO] - Starting 'Chrome' driver

2022-02-18 23:36:56 - [MESSAGE][INFO] - Action delay is set to 1,000 milliseconds

2022-02-18 23:36:57 - [MESSAGE][PASSED] - Browser is opened with url: ''

2022-02-18 23:36:57 - [TEST_STEP][PASSED] - navigateToUrl("http://localhost:8080/"): Navigate to 'http://localhost:8080/' successfully

2022-02-18 23:37:00 - [MESSAGE][PASSED] - Navigate to 'http://localhost:8080/' successfully

2022-02-18 23:37:00 - [TEST_STEP][PASSED] - verifyElementPresent(findTestObject("Page_Element/a_Sign In"), 0): Object 'Object Repository/Page_Element/a_Sign In' is present

2022-02-18 23:37:00 - [MESSAGE][WARNING] - Timeout '0' is invalid. Using default page load timeout: '30'

2022-02-18 23:37:03 - [MESSAGE][PASSED] - Object 'Object Repository/Page_Element/a_Sign In' is present

2022-02-18 23:37:03 - [TEST_STEP][PASSED] - click(findTestObject("Object Repository/Page_Element/div_Sign In")): Object: 'Object Repository/Page_Element/div_Sign In' is clicked on

2022-02-18 23:37:04 - [MESSAGE][PASSED] - Object: 'Object Repository/Page_Element/div_Sign In' is clicked on

2022-02-18 23:37:04 - [TEST_STEP][PASSED] - verifyElementText(findTestObject("Page_Element/a_Twitter"), "Twitter"): Actual text and expected text of test object 'Object Repository/Page_Element/a_Twitter' are matched.

2022-02-18 23:37:04 - [MESSAGE][PASSED] - Actual text and expected text of test object 'Object Repository/Page_Element/a_Twitter' are matched.

2022-02-18 23:37:04 - [TEST_STEP][PASSED] - setText(findTestObject("Object Repository/Page_Element/input_Sign in with_username"), "ptnha19"): Text 'ptnha19' is set on object 'Object Repository/Page_Element/input_Sign in with_username'

2022-02-18 23:37:08 - [MESSAGE][PASSED] - Text 'ptnha19' is set on object 'Object Repository/Page_Element/input_Sign in with_username'

2022-02-18 23:37:08 - [TEST_STEP][PASSED] - setEncryptedText(findTestObject("Object Repository/Page_Element/input_Username_password"), "5R3Ima4A+eOeCrCDRGMLmJpaGR3V3+YI"): Text ****** has been set on object 'Object Repository/Page_Element/input_Username_password'

2022-02-18 23:37:10 - [MESSAGE][PASSED] - Text ****** has been set on object 'Object Repository/Page_Element/input_Username_password'

2022-02-18 23:37:10 - [TEST_STEP][PASSED] - click(findTestObject("Object Repository/Page_Element/input_Forgot password_mx_Login_submit")): Object: 'Object Repository/Page_Element/input_Forgot password_mx_Login_submit' is clicked on

2022-02-18 23:37:11 - [MESSAGE][PASSED] - Object: 'Object Repository/Page_Element/input_Forgot password_mx_Login_submit' is clicked on

2022-02-18 23:37:11 - [TEST_STEP][PASSED] - delay(10): Delayed 10 second(s)

2022-02-18 23:37:21 - [MESSAGE][PASSED] - Delayed 10 second(s)

2022-02-18 23:37:21 - [TEST_STEP][PASSED] - click(findTestObject("Object Repository/Page_Element/div_Verify with Security Key")): Object: 'Object Repository/Page_Element/div_Verify with Security Key' is clicked on

2022-02-18 23:37:22 - [MESSAGE][PASSED] - Object: 'Object Repository/Page_Element/div_Verify with Security Key' is clicked on

2022-02-18 23:37:22 - [TEST_STEP][PASSED] - verifyElementPresent(findTestObject("Page_Element/div_Looks good"), 0): Object 'Object Repository/Page_Element/div_Looks good' is present

2022-02-18 23:37:22 - [MESSAGE][WARNING] - Timeout '0' is invalid. Using default page load timeout: '30'

2022-02-18 23:37:23 - [MESSAGE][PASSED] - Object 'Object Repository/Page_Element/div_Looks good' is present

2022-02-18 23:37:23 - [TEST_STEP][PASSED] - setEncryptedText(findTestObject("Object Repository/Page_Element/input_Security Key_mx_Field_4"), "T5dL0dZa3GcY/MrlN7YOn6WOTrovA4jj9xOYEG/i3Z769E9Kq/X7+gryZqF4ov+opBHLAWv3wACasluLqCMBHw=="): Text ****** has been set on object 'Object Repository/Page_Element/input_Security Key_mx_Field_4'

2022-02-18 23:37:25 - [MESSAGE][PASSED] - Text ****** has been set on object 'Object Repository/Page_Element/input_Security Key_mx_Field_4'

2022-02-18 23:37:25 - [TEST_STEP][PASSED] - click(findTestObject("Object Repository/Page_Element/button_Continue")): Object: 'Object Repository/Page_Element/button_Continue' is clicked on

2022-02-18 23:37:26 - [MESSAGE][PASSED] - Object: 'Object Repository/Page_Element/button_Continue' is clicked on

2022-02-18 23:37:26 - [TEST_STEP][PASSED] - click(findTestObject("Object Repository/Page_Element/div_Done")): Object: 'Object Repository/Page_Element/div_Done' is clicked on

2022-02-18 23:37:28 - [MESSAGE][PASSED] - Object: 'Object Repository/Page_Element/div_Done' is clicked on

2022-02-18 23:37:28 - [TEST_STEP][PASSED] - verifyElementPresent(findTestObject("Page_Element/div_Administrator_mx_AccessibleButton mx_RoomTile_notificationsButton mx_RoomTile_iconBellCrossed mx_RoomTile_notificationsButton_show"), 0): Object 'Object Repository/Page_Element/div_Administrator_mx_AccessibleButton mx_RoomTile_notificationsButton mx_RoomTile_iconBellCrossed mx_RoomTile_notificationsButton_show' is present

2022-02-18 23:37:28 - [MESSAGE][WARNING] - Timeout '0' is invalid. Using default page load timeout: '30'

2022-02-18 23:37:28 - [MESSAGE][PASSED] - Object 'Object Repository/Page_Element/div_Administrator_mx_AccessibleButton mx_RoomTile_notificationsButton mx_RoomTile_iconBellCrossed mx_RoomTile_notificationsButton_show' is present

2022-02-18 23:37:28 - [TEST_STEP][PASSED] - click(findTestObject("Object Repository/Page_Element/div_Tr Cao Thin")): Object: 'Object Repository/Page_Element/div_Tr Cao Thin' is clicked on

2022-02-18 23:37:29 - [MESSAGE][PASSED] - Object: 'Object Repository/Page_Element/div_Tr Cao Thin' is clicked on

2022-02-18 23:37:29 - [TEST_STEP][PASSED] - click(findTestObject("Object Repository/Page_Element  Tr Cao Thin/div_Tr Cao Thin_mx_AccessibleButton mx_Room_44fb40")): Object: 'Object Repository/Page_Element  Tr Cao Thin/div_Tr Cao Thin_mx_AccessibleButton mx_Room_44fb40' is clicked on

2022-02-18 23:37:30 - [MESSAGE][PASSED] - Object: 'Object Repository/Page_Element  Tr Cao Thin/div_Tr Cao Thin_mx_AccessibleButton mx_Room_44fb40' is clicked on

2022-02-18 23:37:30 - [TEST_STEP][PASSED] - click(findTestObject("Object Repository/Page_Element  Tr Cao Thin/span_None")): Object: 'Object Repository/Page_Element  Tr Cao Thin/span_None' is clicked on

2022-02-18 23:37:32 - [MESSAGE][PASSED] - Object: 'Object Repository/Page_Element  Tr Cao Thin/span_None' is clicked on

2022-02-18 23:37:32 - [TEST_STEP][PASSED] - click(findTestObject("Object Repository/Page_Element  Tr Cao Thin/span_Use default")): Object: 'Object Repository/Page_Element  Tr Cao Thin/span_Use default' is clicked on

2022-02-18 23:37:33 - [MESSAGE][PASSED] - Object: 'Object Repository/Page_Element  Tr Cao Thin/span_Use default' is clicked on

2022-02-18 23:37:33 - [TEST_STEP][PASSED] - closeBrowser(): Browser is closed

2022-02-18 23:37:34 - [MESSAGE][PASSED] - Browser is closed]]></system-out>
         <system-err><![CDATA[]]></system-err>
      </testcase>
      <testcase name="Test Cases/41.ChangeLanguage" time="55.745" classname="Test Cases/41.ChangeLanguage" status="PASSED">
         <system-out><![CDATA[2022-02-18 23:37:34 - [TEST_CASE][PASSED] - Test Cases/41.ChangeLanguage: Test Cases/41.ChangeLanguage

2022-02-18 23:37:34 - [TEST_STEP][PASSED] - openBrowser(""): Browser is opened with url: ''

2022-02-18 23:37:34 - [MESSAGE][INFO] - Starting 'Chrome' driver

2022-02-18 23:37:34 - [MESSAGE][INFO] - Action delay is set to 1,000 milliseconds

2022-02-18 23:37:36 - [MESSAGE][PASSED] - Browser is opened with url: ''

2022-02-18 23:37:36 - [TEST_STEP][PASSED] - navigateToUrl("http://localhost:8080/"): Navigate to 'http://localhost:8080/' successfully

2022-02-18 23:37:38 - [MESSAGE][PASSED] - Navigate to 'http://localhost:8080/' successfully

2022-02-18 23:37:38 - [TEST_STEP][PASSED] - verifyElementPresent(findTestObject("Page_Element/a_Sign In"), 0): Object 'Object Repository/Page_Element/a_Sign In' is present

2022-02-18 23:37:38 - [MESSAGE][WARNING] - Timeout '0' is invalid. Using default page load timeout: '30'

2022-02-18 23:37:42 - [MESSAGE][PASSED] - Object 'Object Repository/Page_Element/a_Sign In' is present

2022-02-18 23:37:42 - [TEST_STEP][PASSED] - click(findTestObject("Object Repository/Page_Element/div_Sign In")): Object: 'Object Repository/Page_Element/div_Sign In' is clicked on

2022-02-18 23:37:43 - [MESSAGE][PASSED] - Object: 'Object Repository/Page_Element/div_Sign In' is clicked on

2022-02-18 23:37:43 - [TEST_STEP][PASSED] - verifyElementText(findTestObject("Page_Element/a_Twitter"), "Twitter"): Actual text and expected text of test object 'Object Repository/Page_Element/a_Twitter' are matched.

2022-02-18 23:37:43 - [MESSAGE][PASSED] - Actual text and expected text of test object 'Object Repository/Page_Element/a_Twitter' are matched.

2022-02-18 23:37:43 - [TEST_STEP][PASSED] - setText(findTestObject("Object Repository/Page_Element/input_Sign in with_username"), "ptnha19"): Text 'ptnha19' is set on object 'Object Repository/Page_Element/input_Sign in with_username'

2022-02-18 23:37:46 - [MESSAGE][PASSED] - Text 'ptnha19' is set on object 'Object Repository/Page_Element/input_Sign in with_username'

2022-02-18 23:37:46 - [TEST_STEP][PASSED] - setEncryptedText(findTestObject("Object Repository/Page_Element/input_Username_password"), "5R3Ima4A+eOeCrCDRGMLmJpaGR3V3+YI"): Text ****** has been set on object 'Object Repository/Page_Element/input_Username_password'

2022-02-18 23:37:48 - [MESSAGE][PASSED] - Text ****** has been set on object 'Object Repository/Page_Element/input_Username_password'

2022-02-18 23:37:48 - [TEST_STEP][PASSED] - click(findTestObject("Object Repository/Page_Element/input_Forgot password_mx_Login_submit")): Object: 'Object Repository/Page_Element/input_Forgot password_mx_Login_submit' is clicked on

2022-02-18 23:37:50 - [MESSAGE][PASSED] - Object: 'Object Repository/Page_Element/input_Forgot password_mx_Login_submit' is clicked on

2022-02-18 23:37:50 - [TEST_STEP][PASSED] - delay(10): Delayed 10 second(s)

2022-02-18 23:38:00 - [MESSAGE][PASSED] - Delayed 10 second(s)

2022-02-18 23:38:00 - [TEST_STEP][PASSED] - click(findTestObject("Object Repository/Page_Element/div_Verify with Security Key")): Object: 'Object Repository/Page_Element/div_Verify with Security Key' is clicked on

2022-02-18 23:38:01 - [MESSAGE][PASSED] - Object: 'Object Repository/Page_Element/div_Verify with Security Key' is clicked on

2022-02-18 23:38:01 - [TEST_STEP][PASSED] - verifyElementPresent(findTestObject("Page_Element/div_Looks good"), 0): Object 'Object Repository/Page_Element/div_Looks good' is present

2022-02-18 23:38:01 - [MESSAGE][WARNING] - Timeout '0' is invalid. Using default page load timeout: '30'

2022-02-18 23:38:02 - [MESSAGE][PASSED] - Object 'Object Repository/Page_Element/div_Looks good' is present

2022-02-18 23:38:02 - [TEST_STEP][PASSED] - setEncryptedText(findTestObject("Object Repository/Page_Element/input_Security Key_mx_Field_4"), "T5dL0dZa3GcY/MrlN7YOn6WOTrovA4jj9xOYEG/i3Z769E9Kq/X7+gryZqF4ov+opBHLAWv3wACasluLqCMBHw=="): Text ****** has been set on object 'Object Repository/Page_Element/input_Security Key_mx_Field_4'

2022-02-18 23:38:04 - [MESSAGE][PASSED] - Text ****** has been set on object 'Object Repository/Page_Element/input_Security Key_mx_Field_4'

2022-02-18 23:38:04 - [TEST_STEP][PASSED] - click(findTestObject("Object Repository/Page_Element/button_Continue")): Object: 'Object Repository/Page_Element/button_Continue' is clicked on

2022-02-18 23:38:05 - [MESSAGE][PASSED] - Object: 'Object Repository/Page_Element/button_Continue' is clicked on

2022-02-18 23:38:05 - [TEST_STEP][PASSED] - click(findTestObject("Object Repository/Page_Element/div_Done")): Object: 'Object Repository/Page_Element/div_Done' is clicked on

2022-02-18 23:38:06 - [MESSAGE][PASSED] - Object: 'Object Repository/Page_Element/div_Done' is clicked on

2022-02-18 23:38:06 - [TEST_STEP][PASSED] - click(findTestObject("Object Repository/Page_Element/img_Review_mx_BaseAvatar_image")): Object: 'Object Repository/Page_Element/img_Review_mx_BaseAvatar_image' is clicked on

2022-02-18 23:38:08 - [MESSAGE][PASSED] - Object: 'Object Repository/Page_Element/img_Review_mx_BaseAvatar_image' is clicked on

2022-02-18 23:38:08 - [TEST_STEP][PASSED] - verifyElementText(findTestObject("Page_Element/span_ptnha19matrix.org"), "@ptnha19:matrix.org"): Actual text and expected text of test object 'Object Repository/Page_Element/span_ptnha19matrix.org' are matched.

2022-02-18 23:38:08 - [MESSAGE][PASSED] - Actual text and expected text of test object 'Object Repository/Page_Element/span_ptnha19matrix.org' are matched.

2022-02-18 23:38:08 - [TEST_STEP][PASSED] - click(findTestObject("Object Repository/Page_Element/span_All settings")): Object: 'Object Repository/Page_Element/span_All settings' is clicked on

2022-02-18 23:38:09 - [MESSAGE][PASSED] - Object: 'Object Repository/Page_Element/span_All settings' is clicked on

2022-02-18 23:38:09 - [TEST_STEP][PASSED] - click(findTestObject("Page_Element/div_English (US)")): Object: 'Object Repository/Page_Element/div_English (US)' is clicked on

2022-02-18 23:38:10 - [MESSAGE][PASSED] - Object: 'Object Repository/Page_Element/div_English (US)' is clicked on

2022-02-18 23:38:10 - [TEST_STEP][PASSED] - setText(findTestObject("Object Repository/Page_Element/input_Language and region_mx_LanguageDropdo_2fd689"), "Ti"): Text 'Ti' is set on object 'Object Repository/Page_Element/input_Language and region_mx_LanguageDropdo_2fd689'

2022-02-18 23:38:12 - [MESSAGE][PASSED] - Text 'Ti' is set on object 'Object Repository/Page_Element/input_Language and region_mx_LanguageDropdo_2fd689'

2022-02-18 23:38:12 - [TEST_STEP][PASSED] - click(findTestObject("Object Repository/Page_Element/div_Ting Vit")): Object: 'Object Repository/Page_Element/div_Ting Vit' is clicked on

2022-02-18 23:38:15 - [MESSAGE][PASSED] - Object: 'Object Repository/Page_Element/div_Ting Vit' is clicked on

2022-02-18 23:38:15 - [TEST_STEP][PASSED] - click(findTestObject("Object Repository/Page_Element/img_Review_mx_BaseAvatar_image")): Object: 'Object Repository/Page_Element/img_Review_mx_BaseAvatar_image' is clicked on

2022-02-18 23:38:20 - [MESSAGE][PASSED] - Object: 'Object Repository/Page_Element/img_Review_mx_BaseAvatar_image' is clicked on

2022-02-18 23:38:20 - [TEST_STEP][PASSED] - click(findTestObject("Object Repository/Page_Element/span_Bo mt  Quyn ring t")): Object: 'Object Repository/Page_Element/span_Bo mt  Quyn ring t' is clicked on

2022-02-18 23:38:22 - [MESSAGE][PASSED] - Object: 'Object Repository/Page_Element/span_Bo mt  Quyn ring t' is clicked on

2022-02-18 23:38:22 - [TEST_STEP][PASSED] - click(findTestObject("Object Repository/Page_Element/span_Tng quan")): Object: 'Object Repository/Page_Element/span_Tng quan' is clicked on

2022-02-18 23:38:23 - [MESSAGE][PASSED] - Object: 'Object Repository/Page_Element/span_Tng quan' is clicked on

2022-02-18 23:38:23 - [TEST_STEP][PASSED] - click(findTestObject("Object Repository/Page_Element/div_Ting Vit_1")): Object: 'Object Repository/Page_Element/div_Ting Vit_1' is clicked on

2022-02-18 23:38:24 - [MESSAGE][PASSED] - Object: 'Object Repository/Page_Element/div_Ting Vit_1' is clicked on

2022-02-18 23:38:24 - [TEST_STEP][PASSED] - setText(findTestObject("Object Repository/Page_Element/input_Language and region_mx_LanguageDropdo_2fd689"), "E"): Text 'E' is set on object 'Object Repository/Page_Element/input_Language and region_mx_LanguageDropdo_2fd689'

2022-02-18 23:38:26 - [MESSAGE][PASSED] - Text 'E' is set on object 'Object Repository/Page_Element/input_Language and region_mx_LanguageDropdo_2fd689'

2022-02-18 23:38:26 - [TEST_STEP][PASSED] - click(findTestObject("Page_Element/div_English (US) (1)")): Object: 'Object Repository/Page_Element/div_English (US) (1)' is clicked on

2022-02-18 23:38:29 - [MESSAGE][PASSED] - Object: 'Object Repository/Page_Element/div_English (US) (1)' is clicked on

2022-02-18 23:38:29 - [TEST_STEP][PASSED] - closeBrowser(): Browser is closed

2022-02-18 23:38:30 - [MESSAGE][PASSED] - Browser is closed]]></system-out>
         <system-err><![CDATA[]]></system-err>
      </testcase>
      <testcase name="Test Cases/45.ChangeLanguageInSigninPage" time="39.091" classname="Test Cases/45.ChangeLanguageInSigninPage" status="PASSED">
         <system-out><![CDATA[2022-02-18 23:38:30 - [TEST_CASE][PASSED] - Test Cases/45.ChangeLanguageInSigninPage: Test Cases/45.ChangeLanguageInSigninPage

2022-02-18 23:38:30 - [TEST_STEP][PASSED] - openBrowser(""): Browser is opened with url: ''

2022-02-18 23:38:30 - [MESSAGE][INFO] - Starting 'Chrome' driver

2022-02-18 23:38:30 - [MESSAGE][INFO] - Action delay is set to 1,000 milliseconds

2022-02-18 23:38:32 - [MESSAGE][PASSED] - Browser is opened with url: ''

2022-02-18 23:38:32 - [TEST_STEP][PASSED] - navigateToUrl("http://localhost:8080/"): Navigate to 'http://localhost:8080/' successfully

2022-02-18 23:38:34 - [MESSAGE][PASSED] - Navigate to 'http://localhost:8080/' successfully

2022-02-18 23:38:34 - [TEST_STEP][PASSED] - verifyElementPresent(findTestObject("Page_Element/a_Sign In"), 0): Object 'Object Repository/Page_Element/a_Sign In' is present

2022-02-18 23:38:34 - [MESSAGE][WARNING] - Timeout '0' is invalid. Using default page load timeout: '30'

2022-02-18 23:38:37 - [MESSAGE][PASSED] - Object 'Object Repository/Page_Element/a_Sign In' is present

2022-02-18 23:38:37 - [TEST_STEP][PASSED] - click(findTestObject("Object Repository/Page_Element/div_Sign In")): Object: 'Object Repository/Page_Element/div_Sign In' is clicked on

2022-02-18 23:38:38 - [MESSAGE][PASSED] - Object: 'Object Repository/Page_Element/div_Sign In' is clicked on

2022-02-18 23:38:38 - [TEST_STEP][PASSED] - verifyElementText(findTestObject("Page_Element/a_Twitter"), "Twitter"): Actual text and expected text of test object 'Object Repository/Page_Element/a_Twitter' are matched.

2022-02-18 23:38:38 - [MESSAGE][PASSED] - Actual text and expected text of test object 'Object Repository/Page_Element/a_Twitter' are matched.

2022-02-18 23:38:38 - [TEST_STEP][PASSED] - click(findTestObject("Page_Element/div_English")): Object: 'Object Repository/Page_Element/div_English' is clicked on

2022-02-18 23:38:39 - [MESSAGE][PASSED] - Object: 'Object Repository/Page_Element/div_English' is clicked on

2022-02-18 23:38:39 - [TEST_STEP][PASSED] - setText(findTestObject("Object Repository/Page_Element/input_Catal_mx_LanguageDropdown_input"), "Ti"): Text 'Ti' is set on object 'Object Repository/Page_Element/input_Catal_mx_LanguageDropdown_input'

2022-02-18 23:38:42 - [MESSAGE][PASSED] - Text 'Ti' is set on object 'Object Repository/Page_Element/input_Catal_mx_LanguageDropdown_input'

2022-02-18 23:38:42 - [TEST_STEP][PASSED] - click(findTestObject("Object Repository/Page_Element/div_Ting Vit")): Object: 'Object Repository/Page_Element/div_Ting Vit' is clicked on

2022-02-18 23:38:44 - [MESSAGE][PASSED] - Object: 'Object Repository/Page_Element/div_Ting Vit' is clicked on

2022-02-18 23:38:44 - [TEST_STEP][PASSED] - setText(findTestObject("Object Repository/Page_Element/input_ng nhp vi_username"), "ptnha19"): Text 'ptnha19' is set on object 'Object Repository/Page_Element/input_ng nhp vi_username'

2022-02-18 23:38:50 - [MESSAGE][PASSED] - Text 'ptnha19' is set on object 'Object Repository/Page_Element/input_ng nhp vi_username'

2022-02-18 23:38:50 - [TEST_STEP][PASSED] - setEncryptedText(findTestObject("Object Repository/Page_Element/input_Tn ti khon_password"), "5R3Ima4A+eOeCrCDRGMLmJpaGR3V3+YI"): Text ****** has been set on object 'Object Repository/Page_Element/input_Tn ti khon_password'

2022-02-18 23:38:52 - [MESSAGE][PASSED] - Text ****** has been set on object 'Object Repository/Page_Element/input_Tn ti khon_password'

2022-02-18 23:38:52 - [TEST_STEP][PASSED] - click(findTestObject("Object Repository/Page_Element/input_Qun mt khu_mx_Login_submit")): Object: 'Object Repository/Page_Element/input_Qun mt khu_mx_Login_submit' is clicked on

2022-02-18 23:38:53 - [MESSAGE][PASSED] - Object: 'Object Repository/Page_Element/input_Qun mt khu_mx_Login_submit' is clicked on

2022-02-18 23:38:53 - [TEST_STEP][PASSED] - click(findTestObject("Object Repository/Page_Element/div_Xc minh bng Kha Bo mt")): Object: 'Object Repository/Page_Element/div_Xc minh bng Kha Bo mt' is clicked on

2022-02-18 23:39:01 - [MESSAGE][PASSED] - Object: 'Object Repository/Page_Element/div_Xc minh bng Kha Bo mt' is clicked on

2022-02-18 23:39:01 - [TEST_STEP][PASSED] - verifyElementPresent(findTestObject("Page_Element/div_Looks good"), 0): Object 'Object Repository/Page_Element/div_Looks good' is present

2022-02-18 23:39:01 - [MESSAGE][WARNING] - Timeout '0' is invalid. Using default page load timeout: '30'

2022-02-18 23:39:01 - [MESSAGE][PASSED] - Object 'Object Repository/Page_Element/div_Looks good' is present

2022-02-18 23:39:01 - [TEST_STEP][PASSED] - setEncryptedText(findTestObject("Object Repository/Page_Element/input_Cha kha bo mt_mx_Field_4"), "T5dL0dZa3GcY/MrlN7YOn6WOTrovA4jj9xOYEG/i3Z769E9Kq/X7+gryZqF4ov+opBHLAWv3wACasluLqCMBHw=="): Text ****** has been set on object 'Object Repository/Page_Element/input_Cha kha bo mt_mx_Field_4'

2022-02-18 23:39:04 - [MESSAGE][PASSED] - Text ****** has been set on object 'Object Repository/Page_Element/input_Cha kha bo mt_mx_Field_4'

2022-02-18 23:39:04 - [TEST_STEP][PASSED] - click(findTestObject("Object Repository/Page_Element/button_Tip tc")): Object: 'Object Repository/Page_Element/button_Tip tc' is clicked on

2022-02-18 23:39:05 - [MESSAGE][PASSED] - Object: 'Object Repository/Page_Element/button_Tip tc' is clicked on

2022-02-18 23:39:05 - [TEST_STEP][PASSED] - click(findTestObject("Object Repository/Page_Element/div_Xong")): Object: 'Object Repository/Page_Element/div_Xong' is clicked on

2022-02-18 23:39:06 - [MESSAGE][PASSED] - Object: 'Object Repository/Page_Element/div_Xong' is clicked on

2022-02-18 23:39:06 - [TEST_STEP][PASSED] - click(findTestObject("Object Repository/Page_Element/img_Kim tra li_mx_BaseAvatar_image")): Object: 'Object Repository/Page_Element/img_Kim tra li_mx_BaseAvatar_image' is clicked on

2022-02-18 23:39:07 - [MESSAGE][PASSED] - Object: 'Object Repository/Page_Element/img_Kim tra li_mx_BaseAvatar_image' is clicked on

2022-02-18 23:39:07 - [TEST_STEP][PASSED] - verifyElementPresent(findTestObject("Page_Element/span_ptnha19matrix.org"), 0): Object 'Object Repository/Page_Element/span_ptnha19matrix.org' is present

2022-02-18 23:39:08 - [MESSAGE][WARNING] - Timeout '0' is invalid. Using default page load timeout: '30'

2022-02-18 23:39:08 - [MESSAGE][PASSED] - Object 'Object Repository/Page_Element/span_ptnha19matrix.org' is present

2022-02-18 23:39:08 - [TEST_STEP][PASSED] - closeBrowser(): Browser is closed

2022-02-18 23:39:09 - [MESSAGE][PASSED] - Browser is closed]]></system-out>
         <system-err><![CDATA[]]></system-err>
      </testcase>
      <testcase name="Test Cases/54.ShareLinkToUser" time="41.332" classname="Test Cases/54.ShareLinkToUser" status="PASSED">
         <system-out><![CDATA[2022-02-18 23:39:09 - [TEST_CASE][PASSED] - Test Cases/54.ShareLinkToUser: Test Cases/54.ShareLinkToUser

2022-02-18 23:39:09 - [TEST_STEP][PASSED] - openBrowser(""): Browser is opened with url: ''

2022-02-18 23:39:09 - [MESSAGE][INFO] - Starting 'Chrome' driver

2022-02-18 23:39:09 - [MESSAGE][INFO] - Action delay is set to 1,000 milliseconds

2022-02-18 23:39:11 - [MESSAGE][PASSED] - Browser is opened with url: ''

2022-02-18 23:39:11 - [TEST_STEP][PASSED] - navigateToUrl("http://localhost:8080/"): Navigate to 'http://localhost:8080/' successfully

2022-02-18 23:39:13 - [MESSAGE][PASSED] - Navigate to 'http://localhost:8080/' successfully

2022-02-18 23:39:13 - [TEST_STEP][PASSED] - verifyElementPresent(findTestObject("Page_Element/a_Sign In"), 0): Object 'Object Repository/Page_Element/a_Sign In' is present

2022-02-18 23:39:13 - [MESSAGE][WARNING] - Timeout '0' is invalid. Using default page load timeout: '30'

2022-02-18 23:39:16 - [MESSAGE][PASSED] - Object 'Object Repository/Page_Element/a_Sign In' is present

2022-02-18 23:39:16 - [TEST_STEP][PASSED] - click(findTestObject("Object Repository/Page_Element/div_Sign In")): Object: 'Object Repository/Page_Element/div_Sign In' is clicked on

2022-02-18 23:39:17 - [MESSAGE][PASSED] - Object: 'Object Repository/Page_Element/div_Sign In' is clicked on

2022-02-18 23:39:17 - [TEST_STEP][PASSED] - verifyElementText(findTestObject("Page_Element/a_Twitter"), "Twitter"): Actual text and expected text of test object 'Object Repository/Page_Element/a_Twitter' are matched.

2022-02-18 23:39:18 - [MESSAGE][PASSED] - Actual text and expected text of test object 'Object Repository/Page_Element/a_Twitter' are matched.

2022-02-18 23:39:18 - [TEST_STEP][PASSED] - setText(findTestObject("Object Repository/Page_Element/input_Sign in with_username"), "ptnha19"): Text 'ptnha19' is set on object 'Object Repository/Page_Element/input_Sign in with_username'

2022-02-18 23:39:21 - [MESSAGE][PASSED] - Text 'ptnha19' is set on object 'Object Repository/Page_Element/input_Sign in with_username'

2022-02-18 23:39:21 - [TEST_STEP][PASSED] - setEncryptedText(findTestObject("Object Repository/Page_Element/input_Username_password"), "5R3Ima4A+eOeCrCDRGMLmJpaGR3V3+YI"): Text ****** has been set on object 'Object Repository/Page_Element/input_Username_password'

2022-02-18 23:39:23 - [MESSAGE][PASSED] - Text ****** has been set on object 'Object Repository/Page_Element/input_Username_password'

2022-02-18 23:39:23 - [TEST_STEP][PASSED] - click(findTestObject("Object Repository/Page_Element/input_Forgot password_mx_Login_submit")): Object: 'Object Repository/Page_Element/input_Forgot password_mx_Login_submit' is clicked on

2022-02-18 23:39:25 - [MESSAGE][PASSED] - Object: 'Object Repository/Page_Element/input_Forgot password_mx_Login_submit' is clicked on

2022-02-18 23:39:25 - [TEST_STEP][PASSED] - delay(10): Delayed 10 second(s)

2022-02-18 23:39:35 - [MESSAGE][PASSED] - Delayed 10 second(s)

2022-02-18 23:39:35 - [TEST_STEP][PASSED] - click(findTestObject("Object Repository/Page_Element/div_Verify with Security Key")): Object: 'Object Repository/Page_Element/div_Verify with Security Key' is clicked on

2022-02-18 23:39:36 - [MESSAGE][PASSED] - Object: 'Object Repository/Page_Element/div_Verify with Security Key' is clicked on

2022-02-18 23:39:36 - [TEST_STEP][PASSED] - verifyElementPresent(findTestObject("Page_Element/div_Looks good"), 0): Object 'Object Repository/Page_Element/div_Looks good' is present

2022-02-18 23:39:36 - [MESSAGE][WARNING] - Timeout '0' is invalid. Using default page load timeout: '30'

2022-02-18 23:39:37 - [MESSAGE][PASSED] - Object 'Object Repository/Page_Element/div_Looks good' is present

2022-02-18 23:39:37 - [TEST_STEP][PASSED] - setEncryptedText(findTestObject("Object Repository/Page_Element/input_Security Key_mx_Field_4"), "T5dL0dZa3GcY/MrlN7YOn6WOTrovA4jj9xOYEG/i3Z769E9Kq/X7+gryZqF4ov+opBHLAWv3wACasluLqCMBHw=="): Text ****** has been set on object 'Object Repository/Page_Element/input_Security Key_mx_Field_4'

2022-02-18 23:39:39 - [MESSAGE][PASSED] - Text ****** has been set on object 'Object Repository/Page_Element/input_Security Key_mx_Field_4'

2022-02-18 23:39:39 - [TEST_STEP][PASSED] - click(findTestObject("Object Repository/Page_Element/button_Continue")): Object: 'Object Repository/Page_Element/button_Continue' is clicked on

2022-02-18 23:39:40 - [MESSAGE][PASSED] - Object: 'Object Repository/Page_Element/button_Continue' is clicked on

2022-02-18 23:39:40 - [TEST_STEP][PASSED] - click(findTestObject("Object Repository/Page_Element/div_Done")): Object: 'Object Repository/Page_Element/div_Done' is clicked on

2022-02-18 23:39:42 - [MESSAGE][PASSED] - Object: 'Object Repository/Page_Element/div_Done' is clicked on

2022-02-18 23:39:42 - [TEST_STEP][PASSED] - verifyElementPresent(findTestObject("Page_Element/div_Administrator_mx_AccessibleButton mx_RoomTile_notificationsButton mx_RoomTile_iconBellCrossed mx_RoomTile_notificationsButton_show"), 0): Object 'Object Repository/Page_Element/div_Administrator_mx_AccessibleButton mx_RoomTile_notificationsButton mx_RoomTile_iconBellCrossed mx_RoomTile_notificationsButton_show' is present

2022-02-18 23:39:42 - [MESSAGE][WARNING] - Timeout '0' is invalid. Using default page load timeout: '30'

2022-02-18 23:39:42 - [MESSAGE][PASSED] - Object 'Object Repository/Page_Element/div_Administrator_mx_AccessibleButton mx_RoomTile_notificationsButton mx_RoomTile_iconBellCrossed mx_RoomTile_notificationsButton_show' is present

2022-02-18 23:39:42 - [TEST_STEP][PASSED] - click(findTestObject("Object Repository/Page_Element/div_Tr Cao Thin")): Object: 'Object Repository/Page_Element/div_Tr Cao Thin' is clicked on

2022-02-18 23:39:43 - [MESSAGE][PASSED] - Object: 'Object Repository/Page_Element/div_Tr Cao Thin' is clicked on

2022-02-18 23:39:43 - [TEST_STEP][PASSED] - click(findTestObject("Object Repository/Page_Element  Tr Cao Thin/div_Tr Cao Thin_mx_AccessibleButton mx_Righ_04f030")): Object: 'Object Repository/Page_Element  Tr Cao Thin/div_Tr Cao Thin_mx_AccessibleButton mx_Righ_04f030' is clicked on

2022-02-18 23:39:44 - [MESSAGE][PASSED] - Object: 'Object Repository/Page_Element  Tr Cao Thin/div_Tr Cao Thin_mx_AccessibleButton mx_Righ_04f030' is clicked on

2022-02-18 23:39:44 - [TEST_STEP][PASSED] - click(findTestObject("Object Repository/Page_Element  Tr Cao Thin/div_People2")): Object: 'Object Repository/Page_Element  Tr Cao Thin/div_People2' is clicked on

2022-02-18 23:39:46 - [MESSAGE][PASSED] - Object: 'Object Repository/Page_Element  Tr Cao Thin/div_People2' is clicked on

2022-02-18 23:39:46 - [TEST_STEP][PASSED] - verifyElementPresent(findTestObject("Page_Element  Administrator/span_Invite to this room"), 0): Object 'Object Repository/Page_Element  Administrator/span_Invite to this room' is present

2022-02-18 23:39:46 - [MESSAGE][WARNING] - Timeout '0' is invalid. Using default page load timeout: '30'

2022-02-18 23:39:46 - [MESSAGE][PASSED] - Object 'Object Repository/Page_Element  Administrator/span_Invite to this room' is present

2022-02-18 23:39:46 - [TEST_STEP][PASSED] - click(findTestObject("Object Repository/Page_Element  Tr Cao Thin/div_ptnha19")): Object: 'Object Repository/Page_Element  Tr Cao Thin/div_ptnha19' is clicked on

2022-02-18 23:39:47 - [MESSAGE][PASSED] - Object: 'Object Repository/Page_Element  Tr Cao Thin/div_ptnha19' is clicked on

2022-02-18 23:39:47 - [TEST_STEP][PASSED] - click(findTestObject("Object Repository/Page_Element  Tr Cao Thin/div_Share Link to User")): Object: 'Object Repository/Page_Element  Tr Cao Thin/div_Share Link to User' is clicked on

2022-02-18 23:39:48 - [MESSAGE][PASSED] - Object: 'Object Repository/Page_Element  Tr Cao Thin/div_Share Link to User' is clicked on

2022-02-18 23:39:48 - [TEST_STEP][PASSED] - click(findTestObject("Object Repository/Page_Element  Tr Cao Thin/div_httpsmatrix.toptnha19matrix.org_mx_Acce_452c44")): Object: 'Object Repository/Page_Element  Tr Cao Thin/div_httpsmatrix.toptnha19matrix.org_mx_Acce_452c44' is clicked on

2022-02-18 23:39:49 - [MESSAGE][PASSED] - Object: 'Object Repository/Page_Element  Tr Cao Thin/div_httpsmatrix.toptnha19matrix.org_mx_Acce_452c44' is clicked on

2022-02-18 23:39:49 - [TEST_STEP][PASSED] - closeBrowser(): Browser is closed

2022-02-18 23:39:50 - [MESSAGE][PASSED] - Browser is closed]]></system-out>
         <system-err><![CDATA[]]></system-err>
      </testcase>
      <testcase name="Test Cases/56.SeeFileInRoom" time="39.857" classname="Test Cases/56.SeeFileInRoom" status="PASSED">
         <system-out><![CDATA[2022-02-18 23:39:50 - [TEST_CASE][PASSED] - Test Cases/56.SeeFileInRoom: Test Cases/56.SeeFileInRoom

2022-02-18 23:39:51 - [TEST_STEP][PASSED] - openBrowser(""): Browser is opened with url: ''

2022-02-18 23:39:51 - [MESSAGE][INFO] - Starting 'Chrome' driver

2022-02-18 23:39:51 - [MESSAGE][INFO] - Action delay is set to 1,000 milliseconds

2022-02-18 23:39:52 - [MESSAGE][PASSED] - Browser is opened with url: ''

2022-02-18 23:39:52 - [TEST_STEP][PASSED] - navigateToUrl("http://localhost:8080/"): Navigate to 'http://localhost:8080/' successfully

2022-02-18 23:39:55 - [MESSAGE][PASSED] - Navigate to 'http://localhost:8080/' successfully

2022-02-18 23:39:55 - [TEST_STEP][PASSED] - verifyElementPresent(findTestObject("Page_Element/a_Sign In"), 0): Object 'Object Repository/Page_Element/a_Sign In' is present

2022-02-18 23:39:55 - [MESSAGE][WARNING] - Timeout '0' is invalid. Using default page load timeout: '30'

2022-02-18 23:39:58 - [MESSAGE][PASSED] - Object 'Object Repository/Page_Element/a_Sign In' is present

2022-02-18 23:39:58 - [TEST_STEP][PASSED] - click(findTestObject("Object Repository/Page_Element/div_Sign In")): Object: 'Object Repository/Page_Element/div_Sign In' is clicked on

2022-02-18 23:39:59 - [MESSAGE][PASSED] - Object: 'Object Repository/Page_Element/div_Sign In' is clicked on

2022-02-18 23:39:59 - [TEST_STEP][PASSED] - verifyElementText(findTestObject("Page_Element/a_Twitter"), "Twitter"): Actual text and expected text of test object 'Object Repository/Page_Element/a_Twitter' are matched.

2022-02-18 23:39:59 - [MESSAGE][PASSED] - Actual text and expected text of test object 'Object Repository/Page_Element/a_Twitter' are matched.

2022-02-18 23:39:59 - [TEST_STEP][PASSED] - setText(findTestObject("Object Repository/Page_Element/input_Sign in with_username"), "ptnha19"): Text 'ptnha19' is set on object 'Object Repository/Page_Element/input_Sign in with_username'

2022-02-18 23:40:03 - [MESSAGE][PASSED] - Text 'ptnha19' is set on object 'Object Repository/Page_Element/input_Sign in with_username'

2022-02-18 23:40:03 - [TEST_STEP][PASSED] - setEncryptedText(findTestObject("Object Repository/Page_Element/input_Username_password"), "5R3Ima4A+eOeCrCDRGMLmJpaGR3V3+YI"): Text ****** has been set on object 'Object Repository/Page_Element/input_Username_password'

2022-02-18 23:40:05 - [MESSAGE][PASSED] - Text ****** has been set on object 'Object Repository/Page_Element/input_Username_password'

2022-02-18 23:40:05 - [TEST_STEP][PASSED] - click(findTestObject("Object Repository/Page_Element/input_Forgot password_mx_Login_submit")): Object: 'Object Repository/Page_Element/input_Forgot password_mx_Login_submit' is clicked on

2022-02-18 23:40:06 - [MESSAGE][PASSED] - Object: 'Object Repository/Page_Element/input_Forgot password_mx_Login_submit' is clicked on

2022-02-18 23:40:06 - [TEST_STEP][PASSED] - delay(10): Delayed 10 second(s)

2022-02-18 23:40:16 - [MESSAGE][PASSED] - Delayed 10 second(s)

2022-02-18 23:40:16 - [TEST_STEP][PASSED] - click(findTestObject("Object Repository/Page_Element/div_Verify with Security Key")): Object: 'Object Repository/Page_Element/div_Verify with Security Key' is clicked on

2022-02-18 23:40:17 - [MESSAGE][PASSED] - Object: 'Object Repository/Page_Element/div_Verify with Security Key' is clicked on

2022-02-18 23:40:17 - [TEST_STEP][PASSED] - verifyElementPresent(findTestObject("Page_Element/div_Looks good"), 0): Object 'Object Repository/Page_Element/div_Looks good' is present

2022-02-18 23:40:18 - [MESSAGE][WARNING] - Timeout '0' is invalid. Using default page load timeout: '30'

2022-02-18 23:40:18 - [MESSAGE][PASSED] - Object 'Object Repository/Page_Element/div_Looks good' is present

2022-02-18 23:40:18 - [TEST_STEP][PASSED] - setEncryptedText(findTestObject("Object Repository/Page_Element/input_Security Key_mx_Field_4"), "T5dL0dZa3GcY/MrlN7YOn6WOTrovA4jj9xOYEG/i3Z769E9Kq/X7+gryZqF4ov+opBHLAWv3wACasluLqCMBHw=="): Text ****** has been set on object 'Object Repository/Page_Element/input_Security Key_mx_Field_4'

2022-02-18 23:40:21 - [MESSAGE][PASSED] - Text ****** has been set on object 'Object Repository/Page_Element/input_Security Key_mx_Field_4'

2022-02-18 23:40:21 - [TEST_STEP][PASSED] - click(findTestObject("Object Repository/Page_Element/button_Continue")): Object: 'Object Repository/Page_Element/button_Continue' is clicked on

2022-02-18 23:40:22 - [MESSAGE][PASSED] - Object: 'Object Repository/Page_Element/button_Continue' is clicked on

2022-02-18 23:40:22 - [TEST_STEP][PASSED] - click(findTestObject("Object Repository/Page_Element/div_Done")): Object: 'Object Repository/Page_Element/div_Done' is clicked on

2022-02-18 23:40:23 - [MESSAGE][PASSED] - Object: 'Object Repository/Page_Element/div_Done' is clicked on

2022-02-18 23:40:23 - [TEST_STEP][PASSED] - verifyElementPresent(findTestObject("Page_Element/div_Administrator_mx_AccessibleButton mx_RoomTile_notificationsButton mx_RoomTile_iconBellCrossed mx_RoomTile_notificationsButton_show"), 0): Object 'Object Repository/Page_Element/div_Administrator_mx_AccessibleButton mx_RoomTile_notificationsButton mx_RoomTile_iconBellCrossed mx_RoomTile_notificationsButton_show' is present

2022-02-18 23:40:23 - [MESSAGE][WARNING] - Timeout '0' is invalid. Using default page load timeout: '30'

2022-02-18 23:40:23 - [MESSAGE][PASSED] - Object 'Object Repository/Page_Element/div_Administrator_mx_AccessibleButton mx_RoomTile_notificationsButton mx_RoomTile_iconBellCrossed mx_RoomTile_notificationsButton_show' is present

2022-02-18 23:40:23 - [TEST_STEP][PASSED] - click(findTestObject("Object Repository/Page_Element/div_Tr Cao Thin")): Object: 'Object Repository/Page_Element/div_Tr Cao Thin' is clicked on

2022-02-18 23:40:24 - [MESSAGE][PASSED] - Object: 'Object Repository/Page_Element/div_Tr Cao Thin' is clicked on

2022-02-18 23:40:24 - [TEST_STEP][PASSED] - click(findTestObject("Object Repository/Page_Element  Tr Cao Thin/div_Tr Cao Thin_mx_AccessibleButton mx_Righ_04f030")): Object: 'Object Repository/Page_Element  Tr Cao Thin/div_Tr Cao Thin_mx_AccessibleButton mx_Righ_04f030' is clicked on

2022-02-18 23:40:26 - [MESSAGE][PASSED] - Object: 'Object Repository/Page_Element  Tr Cao Thin/div_Tr Cao Thin_mx_AccessibleButton mx_Righ_04f030' is clicked on

2022-02-18 23:40:26 - [TEST_STEP][PASSED] - verifyElementClickable(findTestObject("Page_Element  Administrator/h2_Administrator"), STOP_ON_FAILURE): Object 'Object Repository/Page_Element  Administrator/h2_Administrator' is clickable

2022-02-18 23:40:26 - [MESSAGE][PASSED] - Object 'Object Repository/Page_Element  Administrator/h2_Administrator' is clickable

2022-02-18 23:40:26 - [TEST_STEP][PASSED] - click(findTestObject("Object Repository/Page_Element  Tr Cao Thin/div_Files")): Object: 'Object Repository/Page_Element  Tr Cao Thin/div_Files' is clicked on

2022-02-18 23:40:27 - [MESSAGE][PASSED] - Object: 'Object Repository/Page_Element  Tr Cao Thin/div_Files' is clicked on

2022-02-18 23:40:27 - [TEST_STEP][PASSED] - click(findTestObject("Object Repository/Page_Element  Tr Cao Thin/div_Message deleted_mx_AccessibleButton mx__334218")): Object: 'Object Repository/Page_Element  Tr Cao Thin/div_Message deleted_mx_AccessibleButton mx__334218' is clicked on

2022-02-18 23:40:28 - [MESSAGE][PASSED] - Object: 'Object Repository/Page_Element  Tr Cao Thin/div_Message deleted_mx_AccessibleButton mx__334218' is clicked on

2022-02-18 23:40:28 - [TEST_STEP][PASSED] - click(findTestObject("Object Repository/Page_Element  Tr Cao Thin/div_Message deleted_mx_AccessibleButton mx__0a07ff")): Object: 'Object Repository/Page_Element  Tr Cao Thin/div_Message deleted_mx_AccessibleButton mx__0a07ff' is clicked on

2022-02-18 23:40:29 - [MESSAGE][PASSED] - Object: 'Object Repository/Page_Element  Tr Cao Thin/div_Message deleted_mx_AccessibleButton mx__0a07ff' is clicked on

2022-02-18 23:40:29 - [TEST_STEP][PASSED] - closeBrowser(): Browser is closed

2022-02-18 23:40:30 - [MESSAGE][PASSED] - Browser is closed]]></system-out>
         <system-err><![CDATA[]]></system-err>
      </testcase>
      <testcase name="Test Cases/58.AdvancedInRoomSetting" time="42.894" classname="Test Cases/58.AdvancedInRoomSetting" status="PASSED">
         <system-out><![CDATA[2022-02-18 23:40:30 - [TEST_CASE][PASSED] - Test Cases/58.AdvancedInRoomSetting: Test Cases/58.AdvancedInRoomSetting

2022-02-18 23:40:30 - [TEST_STEP][PASSED] - openBrowser(""): Browser is opened with url: ''

2022-02-18 23:40:30 - [MESSAGE][INFO] - Starting 'Chrome' driver

2022-02-18 23:40:30 - [MESSAGE][INFO] - Action delay is set to 1,000 milliseconds

2022-02-18 23:40:32 - [MESSAGE][PASSED] - Browser is opened with url: ''

2022-02-18 23:40:32 - [TEST_STEP][PASSED] - navigateToUrl("http://localhost:8080/"): Navigate to 'http://localhost:8080/' successfully

2022-02-18 23:40:34 - [MESSAGE][PASSED] - Navigate to 'http://localhost:8080/' successfully

2022-02-18 23:40:34 - [TEST_STEP][PASSED] - verifyElementPresent(findTestObject("Page_Element/a_Sign In"), 0): Object 'Object Repository/Page_Element/a_Sign In' is present

2022-02-18 23:40:35 - [MESSAGE][WARNING] - Timeout '0' is invalid. Using default page load timeout: '30'

2022-02-18 23:40:37 - [MESSAGE][PASSED] - Object 'Object Repository/Page_Element/a_Sign In' is present

2022-02-18 23:40:37 - [TEST_STEP][PASSED] - click(findTestObject("Object Repository/Page_Element/div_Sign In")): Object: 'Object Repository/Page_Element/div_Sign In' is clicked on

2022-02-18 23:40:38 - [MESSAGE][PASSED] - Object: 'Object Repository/Page_Element/div_Sign In' is clicked on

2022-02-18 23:40:38 - [TEST_STEP][PASSED] - verifyElementText(findTestObject("Page_Element/a_Twitter"), "Twitter"): Actual text and expected text of test object 'Object Repository/Page_Element/a_Twitter' are matched.

2022-02-18 23:40:39 - [MESSAGE][PASSED] - Actual text and expected text of test object 'Object Repository/Page_Element/a_Twitter' are matched.

2022-02-18 23:40:39 - [TEST_STEP][PASSED] - setText(findTestObject("Object Repository/Page_Element/input_Sign in with_username"), "ptnha19"): Text 'ptnha19' is set on object 'Object Repository/Page_Element/input_Sign in with_username'

2022-02-18 23:40:42 - [MESSAGE][PASSED] - Text 'ptnha19' is set on object 'Object Repository/Page_Element/input_Sign in with_username'

2022-02-18 23:40:42 - [TEST_STEP][PASSED] - setEncryptedText(findTestObject("Object Repository/Page_Element/input_Username_password"), "5R3Ima4A+eOeCrCDRGMLmJpaGR3V3+YI"): Text ****** has been set on object 'Object Repository/Page_Element/input_Username_password'

2022-02-18 23:40:44 - [MESSAGE][PASSED] - Text ****** has been set on object 'Object Repository/Page_Element/input_Username_password'

2022-02-18 23:40:44 - [TEST_STEP][PASSED] - click(findTestObject("Object Repository/Page_Element/input_Forgot password_mx_Login_submit")): Object: 'Object Repository/Page_Element/input_Forgot password_mx_Login_submit' is clicked on

2022-02-18 23:40:45 - [MESSAGE][PASSED] - Object: 'Object Repository/Page_Element/input_Forgot password_mx_Login_submit' is clicked on

2022-02-18 23:40:45 - [TEST_STEP][PASSED] - delay(10): Delayed 10 second(s)

2022-02-18 23:40:55 - [MESSAGE][PASSED] - Delayed 10 second(s)

2022-02-18 23:40:55 - [TEST_STEP][PASSED] - click(findTestObject("Object Repository/Page_Element/div_Verify with Security Key")): Object: 'Object Repository/Page_Element/div_Verify with Security Key' is clicked on

2022-02-18 23:40:57 - [MESSAGE][PASSED] - Object: 'Object Repository/Page_Element/div_Verify with Security Key' is clicked on

2022-02-18 23:40:57 - [TEST_STEP][PASSED] - verifyElementPresent(findTestObject("Page_Element/div_Looks good"), 0): Object 'Object Repository/Page_Element/div_Looks good' is present

2022-02-18 23:40:57 - [MESSAGE][WARNING] - Timeout '0' is invalid. Using default page load timeout: '30'

2022-02-18 23:40:57 - [MESSAGE][PASSED] - Object 'Object Repository/Page_Element/div_Looks good' is present

2022-02-18 23:40:57 - [TEST_STEP][PASSED] - setEncryptedText(findTestObject("Object Repository/Page_Element/input_Security Key_mx_Field_4"), "T5dL0dZa3GcY/MrlN7YOn6WOTrovA4jj9xOYEG/i3Z769E9Kq/X7+gryZqF4ov+opBHLAWv3wACasluLqCMBHw=="): Text ****** has been set on object 'Object Repository/Page_Element/input_Security Key_mx_Field_4'

2022-02-18 23:41:00 - [MESSAGE][PASSED] - Text ****** has been set on object 'Object Repository/Page_Element/input_Security Key_mx_Field_4'

2022-02-18 23:41:00 - [TEST_STEP][PASSED] - click(findTestObject("Object Repository/Page_Element/button_Continue")): Object: 'Object Repository/Page_Element/button_Continue' is clicked on

2022-02-18 23:41:01 - [MESSAGE][PASSED] - Object: 'Object Repository/Page_Element/button_Continue' is clicked on

2022-02-18 23:41:01 - [TEST_STEP][PASSED] - click(findTestObject("Object Repository/Page_Element/div_Done")): Object: 'Object Repository/Page_Element/div_Done' is clicked on

2022-02-18 23:41:02 - [MESSAGE][PASSED] - Object: 'Object Repository/Page_Element/div_Done' is clicked on

2022-02-18 23:41:02 - [TEST_STEP][PASSED] - verifyElementPresent(findTestObject("Page_Element/div_Administrator_mx_AccessibleButton mx_RoomTile_notificationsButton mx_RoomTile_iconBellCrossed mx_RoomTile_notificationsButton_show"), 0): Object 'Object Repository/Page_Element/div_Administrator_mx_AccessibleButton mx_RoomTile_notificationsButton mx_RoomTile_iconBellCrossed mx_RoomTile_notificationsButton_show' is present

2022-02-18 23:41:02 - [MESSAGE][WARNING] - Timeout '0' is invalid. Using default page load timeout: '30'

2022-02-18 23:41:02 - [MESSAGE][PASSED] - Object 'Object Repository/Page_Element/div_Administrator_mx_AccessibleButton mx_RoomTile_notificationsButton mx_RoomTile_iconBellCrossed mx_RoomTile_notificationsButton_show' is present

2022-02-18 23:41:02 - [TEST_STEP][PASSED] - click(findTestObject("Object Repository/Page_Element/div_Tr Cao Thin")): Object: 'Object Repository/Page_Element/div_Tr Cao Thin' is clicked on

2022-02-18 23:41:04 - [MESSAGE][PASSED] - Object: 'Object Repository/Page_Element/div_Tr Cao Thin' is clicked on

2022-02-18 23:41:04 - [TEST_STEP][PASSED] - click(findTestObject("Object Repository/Page_Element  Tr Cao Thin/div_Tr Cao Thin_mx_AccessibleButton mx_Righ_04f030")): Object: 'Object Repository/Page_Element  Tr Cao Thin/div_Tr Cao Thin_mx_AccessibleButton mx_Righ_04f030' is clicked on

2022-02-18 23:41:05 - [MESSAGE][PASSED] - Object: 'Object Repository/Page_Element  Tr Cao Thin/div_Tr Cao Thin_mx_AccessibleButton mx_Righ_04f030' is clicked on

2022-02-18 23:41:05 - [TEST_STEP][PASSED] - verifyElementClickable(findTestObject("Page_Element  Administrator/h2_Administrator"), STOP_ON_FAILURE): Object 'Object Repository/Page_Element  Administrator/h2_Administrator' is clickable

2022-02-18 23:41:05 - [MESSAGE][PASSED] - Object 'Object Repository/Page_Element  Administrator/h2_Administrator' is clickable

2022-02-18 23:41:05 - [TEST_STEP][PASSED] - click(findTestObject("Object Repository/Page_Element  Tr Cao Thin/div_Room settings")): Object: 'Object Repository/Page_Element  Tr Cao Thin/div_Room settings' is clicked on

2022-02-18 23:41:06 - [MESSAGE][PASSED] - Object: 'Object Repository/Page_Element  Tr Cao Thin/div_Room settings' is clicked on

2022-02-18 23:41:06 - [TEST_STEP][PASSED] - click(findTestObject("Object Repository/Page_Element  Tr Cao Thin/span_Advanced")): Object: 'Object Repository/Page_Element  Tr Cao Thin/span_Advanced' is clicked on

2022-02-18 23:41:07 - [MESSAGE][PASSED] - Object: 'Object Repository/Page_Element  Tr Cao Thin/span_Advanced' is clicked on

2022-02-18 23:41:07 - [TEST_STEP][PASSED] - click(findTestObject("Object Repository/Page_Element  Tr Cao Thin/div_Open Devtools")): Object: 'Object Repository/Page_Element  Tr Cao Thin/div_Open Devtools' is clicked on

2022-02-18 23:41:08 - [MESSAGE][PASSED] - Object: 'Object Repository/Page_Element  Tr Cao Thin/div_Open Devtools' is clicked on

2022-02-18 23:41:08 - [TEST_STEP][PASSED] - click(findTestObject("Object Repository/Page_Element  Tr Cao Thin/button_Send Custom Event")): Object: 'Object Repository/Page_Element  Tr Cao Thin/button_Send Custom Event' is clicked on

2022-02-18 23:41:10 - [MESSAGE][PASSED] - Object: 'Object Repository/Page_Element  Tr Cao Thin/button_Send Custom Event' is clicked on

2022-02-18 23:41:10 - [TEST_STEP][PASSED] - click(findTestObject("Object Repository/Page_Element  Tr Cao Thin/button_Back")): Object: 'Object Repository/Page_Element  Tr Cao Thin/button_Back' is clicked on

2022-02-18 23:41:11 - [MESSAGE][PASSED] - Object: 'Object Repository/Page_Element  Tr Cao Thin/button_Back' is clicked on

2022-02-18 23:41:11 - [TEST_STEP][PASSED] - click(findTestObject("Object Repository/Page_Element  Tr Cao Thin/button_Cancel")): Object: 'Object Repository/Page_Element  Tr Cao Thin/button_Cancel' is clicked on

2022-02-18 23:41:12 - [MESSAGE][PASSED] - Object: 'Object Repository/Page_Element  Tr Cao Thin/button_Cancel' is clicked on

2022-02-18 23:41:12 - [TEST_STEP][PASSED] - closeBrowser(): Browser is closed

2022-02-18 23:41:13 - [MESSAGE][PASSED] - Browser is closed]]></system-out>
         <system-err><![CDATA[]]></system-err>
      </testcase>
      <testcase name="Test Cases/59.SearchInRoom" time="39.54" classname="Test Cases/59.SearchInRoom" status="PASSED">
         <system-out><![CDATA[2022-02-18 23:41:13 - [TEST_CASE][PASSED] - Test Cases/59.SearchInRoom: Test Cases/59.SearchInRoom

2022-02-18 23:41:13 - [TEST_STEP][PASSED] - openBrowser(""): Browser is opened with url: ''

2022-02-18 23:41:13 - [MESSAGE][INFO] - Starting 'Chrome' driver

2022-02-18 23:41:13 - [MESSAGE][INFO] - Action delay is set to 1,000 milliseconds

2022-02-18 23:41:15 - [MESSAGE][PASSED] - Browser is opened with url: ''

2022-02-18 23:41:15 - [TEST_STEP][PASSED] - navigateToUrl("http://localhost:8080/"): Navigate to 'http://localhost:8080/' successfully

2022-02-18 23:41:17 - [MESSAGE][PASSED] - Navigate to 'http://localhost:8080/' successfully

2022-02-18 23:41:17 - [TEST_STEP][PASSED] - verifyElementPresent(findTestObject("Page_Element/a_Sign In"), 0): Object 'Object Repository/Page_Element/a_Sign In' is present

2022-02-18 23:41:17 - [MESSAGE][WARNING] - Timeout '0' is invalid. Using default page load timeout: '30'

2022-02-18 23:41:20 - [MESSAGE][PASSED] - Object 'Object Repository/Page_Element/a_Sign In' is present

2022-02-18 23:41:20 - [TEST_STEP][PASSED] - click(findTestObject("Object Repository/Page_Element/div_Sign In")): Object: 'Object Repository/Page_Element/div_Sign In' is clicked on

2022-02-18 23:41:21 - [MESSAGE][PASSED] - Object: 'Object Repository/Page_Element/div_Sign In' is clicked on

2022-02-18 23:41:21 - [TEST_STEP][PASSED] - verifyElementText(findTestObject("Page_Element/a_Twitter"), "Twitter"): Actual text and expected text of test object 'Object Repository/Page_Element/a_Twitter' are matched.

2022-02-18 23:41:22 - [MESSAGE][PASSED] - Actual text and expected text of test object 'Object Repository/Page_Element/a_Twitter' are matched.

2022-02-18 23:41:22 - [TEST_STEP][PASSED] - setText(findTestObject("Object Repository/Page_Element/input_Sign in with_username"), "ptnha19"): Text 'ptnha19' is set on object 'Object Repository/Page_Element/input_Sign in with_username'

2022-02-18 23:41:25 - [MESSAGE][PASSED] - Text 'ptnha19' is set on object 'Object Repository/Page_Element/input_Sign in with_username'

2022-02-18 23:41:25 - [TEST_STEP][PASSED] - setEncryptedText(findTestObject("Object Repository/Page_Element/input_Username_password"), "5R3Ima4A+eOeCrCDRGMLmJpaGR3V3+YI"): Text ****** has been set on object 'Object Repository/Page_Element/input_Username_password'

2022-02-18 23:41:27 - [MESSAGE][PASSED] - Text ****** has been set on object 'Object Repository/Page_Element/input_Username_password'

2022-02-18 23:41:27 - [TEST_STEP][PASSED] - click(findTestObject("Object Repository/Page_Element/input_Forgot password_mx_Login_submit")): Object: 'Object Repository/Page_Element/input_Forgot password_mx_Login_submit' is clicked on

2022-02-18 23:41:28 - [MESSAGE][PASSED] - Object: 'Object Repository/Page_Element/input_Forgot password_mx_Login_submit' is clicked on

2022-02-18 23:41:28 - [TEST_STEP][PASSED] - delay(10): Delayed 10 second(s)

2022-02-18 23:41:38 - [MESSAGE][PASSED] - Delayed 10 second(s)

2022-02-18 23:41:38 - [TEST_STEP][PASSED] - click(findTestObject("Object Repository/Page_Element/div_Verify with Security Key")): Object: 'Object Repository/Page_Element/div_Verify with Security Key' is clicked on

2022-02-18 23:41:40 - [MESSAGE][PASSED] - Object: 'Object Repository/Page_Element/div_Verify with Security Key' is clicked on

2022-02-18 23:41:40 - [TEST_STEP][PASSED] - verifyElementPresent(findTestObject("Page_Element/div_Looks good"), 0): Object 'Object Repository/Page_Element/div_Looks good' is present

2022-02-18 23:41:40 - [MESSAGE][WARNING] - Timeout '0' is invalid. Using default page load timeout: '30'

2022-02-18 23:41:41 - [MESSAGE][PASSED] - Object 'Object Repository/Page_Element/div_Looks good' is present

2022-02-18 23:41:41 - [TEST_STEP][PASSED] - setEncryptedText(findTestObject("Object Repository/Page_Element/input_Security Key_mx_Field_4"), "T5dL0dZa3GcY/MrlN7YOn6WOTrovA4jj9xOYEG/i3Z769E9Kq/X7+gryZqF4ov+opBHLAWv3wACasluLqCMBHw=="): Text ****** has been set on object 'Object Repository/Page_Element/input_Security Key_mx_Field_4'

2022-02-18 23:41:43 - [MESSAGE][PASSED] - Text ****** has been set on object 'Object Repository/Page_Element/input_Security Key_mx_Field_4'

2022-02-18 23:41:43 - [TEST_STEP][PASSED] - click(findTestObject("Object Repository/Page_Element/button_Continue")): Object: 'Object Repository/Page_Element/button_Continue' is clicked on

2022-02-18 23:41:44 - [MESSAGE][PASSED] - Object: 'Object Repository/Page_Element/button_Continue' is clicked on

2022-02-18 23:41:44 - [TEST_STEP][PASSED] - click(findTestObject("Object Repository/Page_Element/div_Done")): Object: 'Object Repository/Page_Element/div_Done' is clicked on

2022-02-18 23:41:45 - [MESSAGE][PASSED] - Object: 'Object Repository/Page_Element/div_Done' is clicked on

2022-02-18 23:41:45 - [TEST_STEP][PASSED] - verifyElementPresent(findTestObject("Page_Element/div_Administrator_mx_AccessibleButton mx_RoomTile_notificationsButton mx_RoomTile_iconBellCrossed mx_RoomTile_notificationsButton_show"), 0): Object 'Object Repository/Page_Element/div_Administrator_mx_AccessibleButton mx_RoomTile_notificationsButton mx_RoomTile_iconBellCrossed mx_RoomTile_notificationsButton_show' is present

2022-02-18 23:41:45 - [MESSAGE][WARNING] - Timeout '0' is invalid. Using default page load timeout: '30'

2022-02-18 23:41:46 - [MESSAGE][PASSED] - Object 'Object Repository/Page_Element/div_Administrator_mx_AccessibleButton mx_RoomTile_notificationsButton mx_RoomTile_iconBellCrossed mx_RoomTile_notificationsButton_show' is present

2022-02-18 23:41:46 - [TEST_STEP][PASSED] - click(findTestObject("Object Repository/Page_Element/div_Tr Cao Thin")): Object: 'Object Repository/Page_Element/div_Tr Cao Thin' is clicked on

2022-02-18 23:41:47 - [MESSAGE][PASSED] - Object: 'Object Repository/Page_Element/div_Tr Cao Thin' is clicked on

2022-02-18 23:41:47 - [TEST_STEP][PASSED] - click(findTestObject("Object Repository/Page_Element  Tr Cao Thin/div_Tr Cao Thin_mx_AccessibleButton mx_Room_93b1eb")): Object: 'Object Repository/Page_Element  Tr Cao Thin/div_Tr Cao Thin_mx_AccessibleButton mx_Room_93b1eb' is clicked on

2022-02-18 23:41:48 - [MESSAGE][PASSED] - Object: 'Object Repository/Page_Element  Tr Cao Thin/div_Tr Cao Thin_mx_AccessibleButton mx_Room_93b1eb' is clicked on

2022-02-18 23:41:48 - [TEST_STEP][PASSED] - setText(findTestObject("Object Repository/Page_Element  Tr Cao Thin/input_All Rooms_focus-visible"), "ABC"): Text 'ABC' is set on object 'Object Repository/Page_Element  Tr Cao Thin/input_All Rooms_focus-visible'

2022-02-18 23:41:50 - [MESSAGE][PASSED] - Text 'ABC' is set on object 'Object Repository/Page_Element  Tr Cao Thin/input_All Rooms_focus-visible'

2022-02-18 23:41:50 - [TEST_STEP][PASSED] - sendKeys(findTestObject("Object Repository/Page_Element  Tr Cao Thin/input_All Rooms_focus-visible"), Keys.chord(ENTER)): Keys 'ENTER + ' sent to object: 'Object Repository/Page_Element  Tr Cao Thin/input_All Rooms_focus-visible'

2022-02-18 23:41:51 - [MESSAGE][PASSED] - Keys 'ENTER + ' sent to object: 'Object Repository/Page_Element  Tr Cao Thin/input_All Rooms_focus-visible'

2022-02-18 23:41:51 - [TEST_STEP][PASSED] - closeBrowser(): Browser is closed

2022-02-18 23:41:53 - [MESSAGE][PASSED] - Browser is closed]]></system-out>
         <system-err><![CDATA[]]></system-err>
      </testcase>
      <testcase name="Test Cases/62.SignInWithoutVerify" time="34.506" classname="Test Cases/62.SignInWithoutVerify" status="PASSED">
         <system-out><![CDATA[2022-02-18 23:41:53 - [TEST_CASE][PASSED] - Test Cases/62.SignInWithoutVerify: Test Cases/62.SignInWithoutVerify

2022-02-18 23:41:53 - [TEST_STEP][PASSED] - openBrowser(""): Browser is opened with url: ''

2022-02-18 23:41:53 - [MESSAGE][INFO] - Starting 'Chrome' driver

2022-02-18 23:41:53 - [MESSAGE][INFO] - Action delay is set to 1,000 milliseconds

2022-02-18 23:41:55 - [MESSAGE][PASSED] - Browser is opened with url: ''

2022-02-18 23:41:55 - [TEST_STEP][PASSED] - navigateToUrl("http://localhost:8080/"): Navigate to 'http://localhost:8080/' successfully

2022-02-18 23:41:57 - [MESSAGE][PASSED] - Navigate to 'http://localhost:8080/' successfully

2022-02-18 23:41:57 - [TEST_STEP][PASSED] - verifyElementPresent(findTestObject("Page_Element/a_Sign In"), 0): Object 'Object Repository/Page_Element/a_Sign In' is present

2022-02-18 23:41:57 - [MESSAGE][WARNING] - Timeout '0' is invalid. Using default page load timeout: '30'

2022-02-18 23:42:01 - [MESSAGE][PASSED] - Object 'Object Repository/Page_Element/a_Sign In' is present

2022-02-18 23:42:01 - [TEST_STEP][PASSED] - click(findTestObject("Object Repository/Page_Element/div_Sign In")): Object: 'Object Repository/Page_Element/div_Sign In' is clicked on

2022-02-18 23:42:03 - [MESSAGE][PASSED] - Object: 'Object Repository/Page_Element/div_Sign In' is clicked on

2022-02-18 23:42:03 - [TEST_STEP][PASSED] - verifyElementText(findTestObject("Page_Element/a_Twitter"), "Twitter"): Actual text and expected text of test object 'Object Repository/Page_Element/a_Twitter' are matched.

2022-02-18 23:42:03 - [MESSAGE][PASSED] - Actual text and expected text of test object 'Object Repository/Page_Element/a_Twitter' are matched.

2022-02-18 23:42:03 - [TEST_STEP][PASSED] - setText(findTestObject("Object Repository/Page_Element/input_Sign in with_username"), "ptnha19"): Text 'ptnha19' is set on object 'Object Repository/Page_Element/input_Sign in with_username'

2022-02-18 23:42:06 - [MESSAGE][PASSED] - Text 'ptnha19' is set on object 'Object Repository/Page_Element/input_Sign in with_username'

2022-02-18 23:42:06 - [TEST_STEP][PASSED] - setEncryptedText(findTestObject("Object Repository/Page_Element/input_Username_password"), "5R3Ima4A+eOeCrCDRGMLmJpaGR3V3+YI"): Text ****** has been set on object 'Object Repository/Page_Element/input_Username_password'

2022-02-18 23:42:08 - [MESSAGE][PASSED] - Text ****** has been set on object 'Object Repository/Page_Element/input_Username_password'

2022-02-18 23:42:08 - [TEST_STEP][PASSED] - click(findTestObject("Object Repository/Page_Element/input_Forgot password_mx_Login_submit")): Object: 'Object Repository/Page_Element/input_Forgot password_mx_Login_submit' is clicked on

2022-02-18 23:42:09 - [MESSAGE][PASSED] - Object: 'Object Repository/Page_Element/input_Forgot password_mx_Login_submit' is clicked on

2022-02-18 23:42:09 - [TEST_STEP][PASSED] - delay(10): Delayed 10 second(s)

2022-02-18 23:42:19 - [MESSAGE][PASSED] - Delayed 10 second(s)

2022-02-18 23:42:19 - [TEST_STEP][PASSED] - click(findTestObject("Object Repository/Page_Element/div_Verify with Security Key")): Object: 'Object Repository/Page_Element/div_Verify with Security Key' is clicked on

2022-02-18 23:42:20 - [MESSAGE][PASSED] - Object: 'Object Repository/Page_Element/div_Verify with Security Key' is clicked on

2022-02-18 23:42:20 - [TEST_STEP][PASSED] - verifyElementPresent(findTestObject("Page_Element/div_Looks good"), 0): Object 'Object Repository/Page_Element/div_Looks good' is present

2022-02-18 23:42:20 - [MESSAGE][WARNING] - Timeout '0' is invalid. Using default page load timeout: '30'

2022-02-18 23:42:21 - [MESSAGE][PASSED] - Object 'Object Repository/Page_Element/div_Looks good' is present

2022-02-18 23:42:21 - [TEST_STEP][PASSED] - click(findTestObject("Object Repository/Page_Element/button_Go Back")): Object: 'Object Repository/Page_Element/button_Go Back' is clicked on

2022-02-18 23:42:22 - [MESSAGE][PASSED] - Object: 'Object Repository/Page_Element/button_Go Back' is clicked on

2022-02-18 23:42:22 - [TEST_STEP][PASSED] - click(findTestObject("Object Repository/Page_Element/div_Verify this device_mx_AccessibleButton _90ce45")): Object: 'Object Repository/Page_Element/div_Verify this device_mx_AccessibleButton _90ce45' is clicked on

2022-02-18 23:42:23 - [MESSAGE][PASSED] - Object: 'Object Repository/Page_Element/div_Verify this device_mx_AccessibleButton _90ce45' is clicked on

2022-02-18 23:42:23 - [TEST_STEP][PASSED] - verifyElementClickable(findTestObject("Page_Element/h2_Are you sure")): Object 'Object Repository/Page_Element/h2_Are you sure' is clickable

2022-02-18 23:42:23 - [MESSAGE][PASSED] - Object 'Object Repository/Page_Element/h2_Are you sure' is clickable

2022-02-18 23:42:23 - [TEST_STEP][PASSED] - click(findTestObject("Object Repository/Page_Element/div_Ill verify later")): Object: 'Object Repository/Page_Element/div_Ill verify later' is clicked on

2022-02-18 23:42:24 - [MESSAGE][PASSED] - Object: 'Object Repository/Page_Element/div_Ill verify later' is clicked on

2022-02-18 23:42:24 - [TEST_STEP][PASSED] - click(findTestObject("Object Repository/Page_Element/img_Verify_mx_BaseAvatar_image")): Object: 'Object Repository/Page_Element/img_Verify_mx_BaseAvatar_image' is clicked on

2022-02-18 23:42:26 - [MESSAGE][PASSED] - Object: 'Object Repository/Page_Element/img_Verify_mx_BaseAvatar_image' is clicked on

2022-02-18 23:42:26 - [TEST_STEP][PASSED] - closeBrowser(): Browser is closed

2022-02-18 23:42:27 - [MESSAGE][PASSED] - Browser is closed]]></system-out>
         <system-err><![CDATA[]]></system-err>
      </testcase>
      <testcase name="Test Cases/63.ServerOptions" time="35.647" classname="Test Cases/63.ServerOptions" status="PASSED">
         <system-out><![CDATA[2022-02-18 23:42:27 - [TEST_CASE][PASSED] - Test Cases/63.ServerOptions: Test Cases/63.ServerOptions

2022-02-18 23:42:27 - [TEST_STEP][PASSED] - openBrowser(""): Browser is opened with url: ''

2022-02-18 23:42:27 - [MESSAGE][INFO] - Starting 'Chrome' driver

2022-02-18 23:42:27 - [MESSAGE][INFO] - Action delay is set to 1,000 milliseconds

2022-02-18 23:42:29 - [MESSAGE][PASSED] - Browser is opened with url: ''

2022-02-18 23:42:29 - [TEST_STEP][PASSED] - navigateToUrl("http://localhost:8080/"): Navigate to 'http://localhost:8080/' successfully

2022-02-18 23:42:31 - [MESSAGE][PASSED] - Navigate to 'http://localhost:8080/' successfully

2022-02-18 23:42:31 - [TEST_STEP][PASSED] - verifyElementPresent(findTestObject("Page_Element/a_Sign In"), 0): Object 'Object Repository/Page_Element/a_Sign In' is present

2022-02-18 23:42:31 - [MESSAGE][WARNING] - Timeout '0' is invalid. Using default page load timeout: '30'

2022-02-18 23:42:34 - [MESSAGE][PASSED] - Object 'Object Repository/Page_Element/a_Sign In' is present

2022-02-18 23:42:34 - [TEST_STEP][PASSED] - click(findTestObject("Object Repository/Page_Element/div_Sign In")): Object: 'Object Repository/Page_Element/div_Sign In' is clicked on

2022-02-18 23:42:36 - [MESSAGE][PASSED] - Object: 'Object Repository/Page_Element/div_Sign In' is clicked on

2022-02-18 23:42:36 - [TEST_STEP][PASSED] - verifyElementText(findTestObject("Page_Element/a_Twitter"), "Twitter"): Actual text and expected text of test object 'Object Repository/Page_Element/a_Twitter' are matched.

2022-02-18 23:42:36 - [MESSAGE][PASSED] - Actual text and expected text of test object 'Object Repository/Page_Element/a_Twitter' are matched.

2022-02-18 23:42:36 - [TEST_STEP][PASSED] - click(findTestObject("Object Repository/Page_Element/div_Homeserver_mx_AccessibleButton mx_Serve_8ed01c")): Object: 'Object Repository/Page_Element/div_Homeserver_mx_AccessibleButton mx_Serve_8ed01c' is clicked on

2022-02-18 23:42:37 - [MESSAGE][PASSED] - Object: 'Object Repository/Page_Element/div_Homeserver_mx_AccessibleButton mx_Serve_8ed01c' is clicked on

2022-02-18 23:42:37 - [TEST_STEP][PASSED] - click(findTestObject("Object Repository/Page_Element/button_Dismiss")): Object: 'Object Repository/Page_Element/button_Dismiss' is clicked on

2022-02-18 23:42:38 - [MESSAGE][PASSED] - Object: 'Object Repository/Page_Element/button_Dismiss' is clicked on

2022-02-18 23:42:38 - [TEST_STEP][PASSED] - setText(findTestObject("Object Repository/Page_Element/input_Sign in with_username"), "ptnha19"): Text 'ptnha19' is set on object 'Object Repository/Page_Element/input_Sign in with_username'

2022-02-18 23:42:40 - [MESSAGE][PASSED] - Text 'ptnha19' is set on object 'Object Repository/Page_Element/input_Sign in with_username'

2022-02-18 23:42:40 - [TEST_STEP][PASSED] - setEncryptedText(findTestObject("Object Repository/Page_Element/input_Username_password"), "5R3Ima4A+eOeCrCDRGMLmJpaGR3V3+YI"): Text ****** has been set on object 'Object Repository/Page_Element/input_Username_password'

2022-02-18 23:42:42 - [MESSAGE][PASSED] - Text ****** has been set on object 'Object Repository/Page_Element/input_Username_password'

2022-02-18 23:42:42 - [TEST_STEP][PASSED] - click(findTestObject("Object Repository/Page_Element/input_Forgot password_mx_Login_submit")): Object: 'Object Repository/Page_Element/input_Forgot password_mx_Login_submit' is clicked on

2022-02-18 23:42:43 - [MESSAGE][PASSED] - Object: 'Object Repository/Page_Element/input_Forgot password_mx_Login_submit' is clicked on

2022-02-18 23:42:43 - [TEST_STEP][PASSED] - delay(10): Delayed 10 second(s)

2022-02-18 23:42:53 - [MESSAGE][PASSED] - Delayed 10 second(s)

2022-02-18 23:42:53 - [TEST_STEP][PASSED] - click(findTestObject("Object Repository/Page_Element/div_Verify with Security Key")): Object: 'Object Repository/Page_Element/div_Verify with Security Key' is clicked on

2022-02-18 23:42:55 - [MESSAGE][PASSED] - Object: 'Object Repository/Page_Element/div_Verify with Security Key' is clicked on

2022-02-18 23:42:55 - [TEST_STEP][PASSED] - verifyElementPresent(findTestObject("Page_Element/div_Looks good"), 0): Object 'Object Repository/Page_Element/div_Looks good' is present

2022-02-18 23:42:55 - [MESSAGE][WARNING] - Timeout '0' is invalid. Using default page load timeout: '30'

2022-02-18 23:42:55 - [MESSAGE][PASSED] - Object 'Object Repository/Page_Element/div_Looks good' is present

2022-02-18 23:42:55 - [TEST_STEP][PASSED] - setEncryptedText(findTestObject("Object Repository/Page_Element/input_Security Key_mx_Field_4"), "T5dL0dZa3GcY/MrlN7YOn6WOTrovA4jj9xOYEG/i3Z769E9Kq/X7+gryZqF4ov+opBHLAWv3wACasluLqCMBHw=="): Text ****** has been set on object 'Object Repository/Page_Element/input_Security Key_mx_Field_4'

2022-02-18 23:42:58 - [MESSAGE][PASSED] - Text ****** has been set on object 'Object Repository/Page_Element/input_Security Key_mx_Field_4'

2022-02-18 23:42:58 - [TEST_STEP][PASSED] - click(findTestObject("Object Repository/Page_Element/button_Continue")): Object: 'Object Repository/Page_Element/button_Continue' is clicked on

2022-02-18 23:42:59 - [MESSAGE][PASSED] - Object: 'Object Repository/Page_Element/button_Continue' is clicked on

2022-02-18 23:42:59 - [TEST_STEP][PASSED] - click(findTestObject("Object Repository/Page_Element/div_Done")): Object: 'Object Repository/Page_Element/div_Done' is clicked on

2022-02-18 23:43:00 - [MESSAGE][PASSED] - Object: 'Object Repository/Page_Element/div_Done' is clicked on

2022-02-18 23:43:00 - [TEST_STEP][PASSED] - click(findTestObject("Object Repository/Page_Element/img_Review_mx_BaseAvatar_image")): Object: 'Object Repository/Page_Element/img_Review_mx_BaseAvatar_image' is clicked on

2022-02-18 23:43:01 - [MESSAGE][PASSED] - Object: 'Object Repository/Page_Element/img_Review_mx_BaseAvatar_image' is clicked on

2022-02-18 23:43:01 - [TEST_STEP][PASSED] - verifyElementPresent(findTestObject("Page_Element/span_ptnha19matrix.org"), 0): Object 'Object Repository/Page_Element/span_ptnha19matrix.org' is present

2022-02-18 23:43:02 - [MESSAGE][WARNING] - Timeout '0' is invalid. Using default page load timeout: '30'

2022-02-18 23:43:02 - [MESSAGE][PASSED] - Object 'Object Repository/Page_Element/span_ptnha19matrix.org' is present

2022-02-18 23:43:02 - [TEST_STEP][PASSED] - closeBrowser(): Browser is closed

2022-02-18 23:43:03 - [MESSAGE][PASSED] - Browser is closed]]></system-out>
         <system-err><![CDATA[]]></system-err>
      </testcase>
      <testcase name="Test Cases/65.UploadSecurityKey" time="31.942" classname="Test Cases/65.UploadSecurityKey" status="PASSED">
         <system-out><![CDATA[2022-02-18 23:43:03 - [TEST_CASE][PASSED] - Test Cases/65.UploadSecurityKey: Test Cases/65.UploadSecurityKey

2022-02-18 23:43:03 - [TEST_STEP][PASSED] - openBrowser(""): Browser is opened with url: ''

2022-02-18 23:43:03 - [MESSAGE][INFO] - Starting 'Chrome' driver

2022-02-18 23:43:03 - [MESSAGE][INFO] - Action delay is set to 1,000 milliseconds

2022-02-18 23:43:05 - [MESSAGE][PASSED] - Browser is opened with url: ''

2022-02-18 23:43:05 - [TEST_STEP][PASSED] - navigateToUrl("http://localhost:8080/"): Navigate to 'http://localhost:8080/' successfully

2022-02-18 23:43:07 - [MESSAGE][PASSED] - Navigate to 'http://localhost:8080/' successfully

2022-02-18 23:43:07 - [TEST_STEP][PASSED] - verifyElementPresent(findTestObject("Page_Element/a_Sign In"), 0): Object 'Object Repository/Page_Element/a_Sign In' is present

2022-02-18 23:43:07 - [MESSAGE][WARNING] - Timeout '0' is invalid. Using default page load timeout: '30'

2022-02-18 23:43:12 - [MESSAGE][PASSED] - Object 'Object Repository/Page_Element/a_Sign In' is present

2022-02-18 23:43:12 - [TEST_STEP][PASSED] - click(findTestObject("Object Repository/Page_Element/div_Sign In")): Object: 'Object Repository/Page_Element/div_Sign In' is clicked on

2022-02-18 23:43:14 - [MESSAGE][PASSED] - Object: 'Object Repository/Page_Element/div_Sign In' is clicked on

2022-02-18 23:43:14 - [TEST_STEP][PASSED] - verifyElementText(findTestObject("Page_Element/a_Twitter"), "Twitter"): Actual text and expected text of test object 'Object Repository/Page_Element/a_Twitter' are matched.

2022-02-18 23:43:14 - [MESSAGE][PASSED] - Actual text and expected text of test object 'Object Repository/Page_Element/a_Twitter' are matched.

2022-02-18 23:43:14 - [TEST_STEP][PASSED] - setText(findTestObject("Object Repository/Page_Element/input_Sign in with_username"), "ptnha19"): Text 'ptnha19' is set on object 'Object Repository/Page_Element/input_Sign in with_username'

2022-02-18 23:43:17 - [MESSAGE][PASSED] - Text 'ptnha19' is set on object 'Object Repository/Page_Element/input_Sign in with_username'

2022-02-18 23:43:17 - [TEST_STEP][PASSED] - setEncryptedText(findTestObject("Object Repository/Page_Element/input_Username_password"), "5R3Ima4A+eOeCrCDRGMLmJpaGR3V3+YI"): Text ****** has been set on object 'Object Repository/Page_Element/input_Username_password'

2022-02-18 23:43:19 - [MESSAGE][PASSED] - Text ****** has been set on object 'Object Repository/Page_Element/input_Username_password'

2022-02-18 23:43:19 - [TEST_STEP][PASSED] - click(findTestObject("Object Repository/Page_Element/input_Forgot password_mx_Login_submit")): Object: 'Object Repository/Page_Element/input_Forgot password_mx_Login_submit' is clicked on

2022-02-18 23:43:20 - [MESSAGE][PASSED] - Object: 'Object Repository/Page_Element/input_Forgot password_mx_Login_submit' is clicked on

2022-02-18 23:43:20 - [TEST_STEP][PASSED] - delay(10): Delayed 10 second(s)

2022-02-18 23:43:30 - [MESSAGE][PASSED] - Delayed 10 second(s)

2022-02-18 23:43:30 - [TEST_STEP][PASSED] - click(findTestObject("Object Repository/Page_Element/div_Verify with Security Key")): Object: 'Object Repository/Page_Element/div_Verify with Security Key' is clicked on

2022-02-18 23:43:32 - [MESSAGE][PASSED] - Object: 'Object Repository/Page_Element/div_Verify with Security Key' is clicked on

2022-02-18 23:43:32 - [TEST_STEP][PASSED] - verifyElementPresent(findTestObject("Page_Element/div_Looks good"), 0): Object 'Object Repository/Page_Element/div_Looks good' is present

2022-02-18 23:43:32 - [MESSAGE][WARNING] - Timeout '0' is invalid. Using default page load timeout: '30'

2022-02-18 23:43:32 - [MESSAGE][PASSED] - Object 'Object Repository/Page_Element/div_Looks good' is present

2022-02-18 23:43:32 - [TEST_STEP][PASSED] - click(findTestObject("Object Repository/Page_Element/div_Upload")): Object: 'Object Repository/Page_Element/div_Upload' is clicked on

2022-02-18 23:43:33 - [MESSAGE][PASSED] - Object: 'Object Repository/Page_Element/div_Upload' is clicked on

2022-02-18 23:43:33 - [TEST_STEP][PASSED] - closeBrowser(): Browser is closed

2022-02-18 23:43:35 - [MESSAGE][PASSED] - Browser is closed]]></system-out>
         <system-err><![CDATA[]]></system-err>
      </testcase>
      <testcase name="Test Cases/67.ExpandSpaceBar" time="34.991" classname="Test Cases/67.ExpandSpaceBar" status="PASSED">
         <system-out><![CDATA[2022-02-18 23:43:35 - [TEST_CASE][PASSED] - Test Cases/67.ExpandSpaceBar: Test Cases/67.ExpandSpaceBar

2022-02-18 23:43:35 - [TEST_STEP][PASSED] - openBrowser(""): Browser is opened with url: ''

2022-02-18 23:43:35 - [MESSAGE][INFO] - Starting 'Chrome' driver

2022-02-18 23:43:35 - [MESSAGE][INFO] - Action delay is set to 1,000 milliseconds

2022-02-18 23:43:37 - [MESSAGE][PASSED] - Browser is opened with url: ''

2022-02-18 23:43:37 - [TEST_STEP][PASSED] - navigateToUrl("http://localhost:8080/"): Navigate to 'http://localhost:8080/' successfully

2022-02-18 23:43:39 - [MESSAGE][PASSED] - Navigate to 'http://localhost:8080/' successfully

2022-02-18 23:43:39 - [TEST_STEP][PASSED] - verifyElementPresent(findTestObject("Page_Element/a_Sign In"), 0): Object 'Object Repository/Page_Element/a_Sign In' is present

2022-02-18 23:43:39 - [MESSAGE][WARNING] - Timeout '0' is invalid. Using default page load timeout: '30'

2022-02-18 23:43:41 - [MESSAGE][PASSED] - Object 'Object Repository/Page_Element/a_Sign In' is present

2022-02-18 23:43:41 - [TEST_STEP][PASSED] - click(findTestObject("Object Repository/Page_Element/div_Sign In")): Object: 'Object Repository/Page_Element/div_Sign In' is clicked on

2022-02-18 23:43:42 - [MESSAGE][PASSED] - Object: 'Object Repository/Page_Element/div_Sign In' is clicked on

2022-02-18 23:43:42 - [TEST_STEP][PASSED] - verifyElementText(findTestObject("Page_Element/a_Twitter"), "Twitter"): Actual text and expected text of test object 'Object Repository/Page_Element/a_Twitter' are matched.

2022-02-18 23:43:43 - [MESSAGE][PASSED] - Actual text and expected text of test object 'Object Repository/Page_Element/a_Twitter' are matched.

2022-02-18 23:43:43 - [TEST_STEP][PASSED] - setText(findTestObject("Object Repository/Page_Element/input_Sign in with_username"), "ptnha19"): Text 'ptnha19' is set on object 'Object Repository/Page_Element/input_Sign in with_username'

2022-02-18 23:43:46 - [MESSAGE][PASSED] - Text 'ptnha19' is set on object 'Object Repository/Page_Element/input_Sign in with_username'

2022-02-18 23:43:46 - [TEST_STEP][PASSED] - setEncryptedText(findTestObject("Object Repository/Page_Element/input_Username_password"), "5R3Ima4A+eOeCrCDRGMLmJpaGR3V3+YI"): Text ****** has been set on object 'Object Repository/Page_Element/input_Username_password'

2022-02-18 23:43:48 - [MESSAGE][PASSED] - Text ****** has been set on object 'Object Repository/Page_Element/input_Username_password'

2022-02-18 23:43:48 - [TEST_STEP][PASSED] - click(findTestObject("Object Repository/Page_Element/input_Forgot password_mx_Login_submit")): Object: 'Object Repository/Page_Element/input_Forgot password_mx_Login_submit' is clicked on

2022-02-18 23:43:49 - [MESSAGE][PASSED] - Object: 'Object Repository/Page_Element/input_Forgot password_mx_Login_submit' is clicked on

2022-02-18 23:43:49 - [TEST_STEP][PASSED] - delay(10): Delayed 10 second(s)

2022-02-18 23:43:59 - [MESSAGE][PASSED] - Delayed 10 second(s)

2022-02-18 23:43:59 - [TEST_STEP][PASSED] - click(findTestObject("Object Repository/Page_Element/div_Verify with Security Key")): Object: 'Object Repository/Page_Element/div_Verify with Security Key' is clicked on

2022-02-18 23:44:00 - [MESSAGE][PASSED] - Object: 'Object Repository/Page_Element/div_Verify with Security Key' is clicked on

2022-02-18 23:44:00 - [TEST_STEP][PASSED] - verifyElementPresent(findTestObject("Page_Element/div_Looks good"), 0): Object 'Object Repository/Page_Element/div_Looks good' is present

2022-02-18 23:44:00 - [MESSAGE][WARNING] - Timeout '0' is invalid. Using default page load timeout: '30'

2022-02-18 23:44:01 - [MESSAGE][PASSED] - Object 'Object Repository/Page_Element/div_Looks good' is present

2022-02-18 23:44:01 - [TEST_STEP][PASSED] - setEncryptedText(findTestObject("Object Repository/Page_Element/input_Security Key_mx_Field_4"), "T5dL0dZa3GcY/MrlN7YOn6WOTrovA4jj9xOYEG/i3Z769E9Kq/X7+gryZqF4ov+opBHLAWv3wACasluLqCMBHw=="): Text ****** has been set on object 'Object Repository/Page_Element/input_Security Key_mx_Field_4'

2022-02-18 23:44:03 - [MESSAGE][PASSED] - Text ****** has been set on object 'Object Repository/Page_Element/input_Security Key_mx_Field_4'

2022-02-18 23:44:03 - [TEST_STEP][PASSED] - click(findTestObject("Object Repository/Page_Element/button_Continue")): Object: 'Object Repository/Page_Element/button_Continue' is clicked on

2022-02-18 23:44:05 - [MESSAGE][PASSED] - Object: 'Object Repository/Page_Element/button_Continue' is clicked on

2022-02-18 23:44:05 - [TEST_STEP][PASSED] - click(findTestObject("Object Repository/Page_Element/div_Done")): Object: 'Object Repository/Page_Element/div_Done' is clicked on

2022-02-18 23:44:06 - [MESSAGE][PASSED] - Object: 'Object Repository/Page_Element/div_Done' is clicked on

2022-02-18 23:44:06 - [TEST_STEP][PASSED] - click(findTestObject("Object Repository/Page_Element/div_Review_mx_AccessibleButton mx_SpacePane_f02940")): Object: 'Object Repository/Page_Element/div_Review_mx_AccessibleButton mx_SpacePane_f02940' is clicked on

2022-02-18 23:44:07 - [MESSAGE][PASSED] - Object: 'Object Repository/Page_Element/div_Review_mx_AccessibleButton mx_SpacePane_f02940' is clicked on

2022-02-18 23:44:07 - [TEST_STEP][PASSED] - verifyElementText(findTestObject("Page_Element  hey ban Khoa/span_hey ban Khoa"), "hey ban Khoa"): Actual text and expected text of test object 'Object Repository/Page_Element  hey ban Khoa/span_hey ban Khoa' are matched.

2022-02-18 23:44:07 - [MESSAGE][PASSED] - Actual text and expected text of test object 'Object Repository/Page_Element  hey ban Khoa/span_hey ban Khoa' are matched.

2022-02-18 23:44:07 - [TEST_STEP][PASSED] - click(findTestObject("Object Repository/Page_Element/span_H")): Object: 'Object Repository/Page_Element/span_H' is clicked on

2022-02-18 23:44:08 - [MESSAGE][PASSED] - Object: 'Object Repository/Page_Element/span_H' is clicked on

2022-02-18 23:44:08 - [TEST_STEP][PASSED] - closeBrowser(): Browser is closed

2022-02-18 23:44:10 - [MESSAGE][PASSED] - Browser is closed]]></system-out>
         <system-err><![CDATA[]]></system-err>
      </testcase>
      <testcase name="Test Cases/71.SpaceSetting" time="37.076" classname="Test Cases/71.SpaceSetting" status="PASSED">
         <system-out><![CDATA[2022-02-18 23:44:10 - [TEST_CASE][PASSED] - Test Cases/71.SpaceSetting: Test Cases/71.SpaceSetting

2022-02-18 23:44:10 - [TEST_STEP][PASSED] - openBrowser(""): Browser is opened with url: ''

2022-02-18 23:44:10 - [MESSAGE][INFO] - Starting 'Chrome' driver

2022-02-18 23:44:10 - [MESSAGE][INFO] - Action delay is set to 1,000 milliseconds

2022-02-18 23:44:12 - [MESSAGE][PASSED] - Browser is opened with url: ''

2022-02-18 23:44:12 - [TEST_STEP][PASSED] - navigateToUrl("http://localhost:8080/"): Navigate to 'http://localhost:8080/' successfully

2022-02-18 23:44:14 - [MESSAGE][PASSED] - Navigate to 'http://localhost:8080/' successfully

2022-02-18 23:44:14 - [TEST_STEP][PASSED] - verifyElementPresent(findTestObject("Page_Element/a_Sign In"), 0): Object 'Object Repository/Page_Element/a_Sign In' is present

2022-02-18 23:44:14 - [MESSAGE][WARNING] - Timeout '0' is invalid. Using default page load timeout: '30'

2022-02-18 23:44:17 - [MESSAGE][PASSED] - Object 'Object Repository/Page_Element/a_Sign In' is present

2022-02-18 23:44:17 - [TEST_STEP][PASSED] - click(findTestObject("Object Repository/Page_Element/div_Sign In")): Object: 'Object Repository/Page_Element/div_Sign In' is clicked on

2022-02-18 23:44:18 - [MESSAGE][PASSED] - Object: 'Object Repository/Page_Element/div_Sign In' is clicked on

2022-02-18 23:44:18 - [TEST_STEP][PASSED] - verifyElementText(findTestObject("Page_Element/a_Twitter"), "Twitter"): Actual text and expected text of test object 'Object Repository/Page_Element/a_Twitter' are matched.

2022-02-18 23:44:19 - [MESSAGE][PASSED] - Actual text and expected text of test object 'Object Repository/Page_Element/a_Twitter' are matched.

2022-02-18 23:44:19 - [TEST_STEP][PASSED] - setText(findTestObject("Object Repository/Page_Element/input_Sign in with_username"), "ptnha19"): Text 'ptnha19' is set on object 'Object Repository/Page_Element/input_Sign in with_username'

2022-02-18 23:44:22 - [MESSAGE][PASSED] - Text 'ptnha19' is set on object 'Object Repository/Page_Element/input_Sign in with_username'

2022-02-18 23:44:22 - [TEST_STEP][PASSED] - setEncryptedText(findTestObject("Object Repository/Page_Element/input_Username_password"), "5R3Ima4A+eOeCrCDRGMLmJpaGR3V3+YI"): Text ****** has been set on object 'Object Repository/Page_Element/input_Username_password'

2022-02-18 23:44:24 - [MESSAGE][PASSED] - Text ****** has been set on object 'Object Repository/Page_Element/input_Username_password'

2022-02-18 23:44:24 - [TEST_STEP][PASSED] - click(findTestObject("Object Repository/Page_Element/input_Forgot password_mx_Login_submit")): Object: 'Object Repository/Page_Element/input_Forgot password_mx_Login_submit' is clicked on

2022-02-18 23:44:25 - [MESSAGE][PASSED] - Object: 'Object Repository/Page_Element/input_Forgot password_mx_Login_submit' is clicked on

2022-02-18 23:44:25 - [TEST_STEP][PASSED] - delay(10): Delayed 10 second(s)

2022-02-18 23:44:35 - [MESSAGE][PASSED] - Delayed 10 second(s)

2022-02-18 23:44:35 - [TEST_STEP][PASSED] - click(findTestObject("Object Repository/Page_Element/div_Verify with Security Key")): Object: 'Object Repository/Page_Element/div_Verify with Security Key' is clicked on

2022-02-18 23:44:36 - [MESSAGE][PASSED] - Object: 'Object Repository/Page_Element/div_Verify with Security Key' is clicked on

2022-02-18 23:44:36 - [TEST_STEP][PASSED] - verifyElementPresent(findTestObject("Page_Element/div_Looks good"), 0): Object 'Object Repository/Page_Element/div_Looks good' is present

2022-02-18 23:44:36 - [MESSAGE][WARNING] - Timeout '0' is invalid. Using default page load timeout: '30'

2022-02-18 23:44:37 - [MESSAGE][PASSED] - Object 'Object Repository/Page_Element/div_Looks good' is present

2022-02-18 23:44:37 - [TEST_STEP][PASSED] - setEncryptedText(findTestObject("Object Repository/Page_Element/input_Security Key_mx_Field_4"), "T5dL0dZa3GcY/MrlN7YOn6WOTrovA4jj9xOYEG/i3Z769E9Kq/X7+gryZqF4ov+opBHLAWv3wACasluLqCMBHw=="): Text ****** has been set on object 'Object Repository/Page_Element/input_Security Key_mx_Field_4'

2022-02-18 23:44:39 - [MESSAGE][PASSED] - Text ****** has been set on object 'Object Repository/Page_Element/input_Security Key_mx_Field_4'

2022-02-18 23:44:39 - [TEST_STEP][PASSED] - click(findTestObject("Object Repository/Page_Element/button_Continue")): Object: 'Object Repository/Page_Element/button_Continue' is clicked on

2022-02-18 23:44:41 - [MESSAGE][PASSED] - Object: 'Object Repository/Page_Element/button_Continue' is clicked on

2022-02-18 23:44:41 - [TEST_STEP][PASSED] - click(findTestObject("Object Repository/Page_Element/div_Done")): Object: 'Object Repository/Page_Element/div_Done' is clicked on

2022-02-18 23:44:42 - [MESSAGE][PASSED] - Object: 'Object Repository/Page_Element/div_Done' is clicked on

2022-02-18 23:44:42 - [TEST_STEP][PASSED] - click(findTestObject("Object Repository/Page_Element/div_Review_mx_AccessibleButton mx_SpacePane_f02940")): Object: 'Object Repository/Page_Element/div_Review_mx_AccessibleButton mx_SpacePane_f02940' is clicked on

2022-02-18 23:44:43 - [MESSAGE][PASSED] - Object: 'Object Repository/Page_Element/div_Review_mx_AccessibleButton mx_SpacePane_f02940' is clicked on

2022-02-18 23:44:43 - [TEST_STEP][PASSED] - verifyElementText(findTestObject("Page_Element  hey ban Khoa/span_hey ban Khoa"), "hey ban Khoa"): Actual text and expected text of test object 'Object Repository/Page_Element  hey ban Khoa/span_hey ban Khoa' are matched.

2022-02-18 23:44:43 - [MESSAGE][PASSED] - Actual text and expected text of test object 'Object Repository/Page_Element  hey ban Khoa/span_hey ban Khoa' are matched.

2022-02-18 23:44:43 - [TEST_STEP][PASSED] - click(findTestObject("Object Repository/Page_Element/span_hey ban Khoa")): Object: 'Object Repository/Page_Element/span_hey ban Khoa' is clicked on

2022-02-18 23:44:44 - [MESSAGE][PASSED] - Object: 'Object Repository/Page_Element/span_hey ban Khoa' is clicked on

2022-02-18 23:44:44 - [TEST_STEP][PASSED] - click(findTestObject("Object Repository/Page_Element  hey ban Khoa/div_Invite_mx_AccessibleButton mx_SpaceRoom_87964d")): Object: 'Object Repository/Page_Element  hey ban Khoa/div_Invite_mx_AccessibleButton mx_SpaceRoom_87964d' is clicked on

2022-02-18 23:44:46 - [MESSAGE][PASSED] - Object: 'Object Repository/Page_Element  hey ban Khoa/div_Invite_mx_AccessibleButton mx_SpaceRoom_87964d' is clicked on

2022-02-18 23:44:46 - [TEST_STEP][PASSED] - closeBrowser(): Browser is closed

2022-02-18 23:44:47 - [MESSAGE][PASSED] - Browser is closed]]></system-out>
         <system-err><![CDATA[]]></system-err>
      </testcase>
      <testcase name="Test Cases/40.FeedBack" time="48.529" classname="Test Cases/40.FeedBack" status="PASSED">
         <system-out><![CDATA[2022-02-18 23:44:47 - [TEST_CASE][PASSED] - Test Cases/40.FeedBack: Test Cases/40.FeedBack

2022-02-18 23:44:47 - [TEST_STEP][PASSED] - openBrowser(""): Browser is opened with url: ''

2022-02-18 23:44:47 - [MESSAGE][INFO] - Starting 'Chrome' driver

2022-02-18 23:44:47 - [MESSAGE][INFO] - Action delay is set to 1,000 milliseconds

2022-02-18 23:44:49 - [MESSAGE][PASSED] - Browser is opened with url: ''

2022-02-18 23:44:49 - [TEST_STEP][PASSED] - navigateToUrl("http://localhost:8080/"): Navigate to 'http://localhost:8080/' successfully

2022-02-18 23:44:51 - [MESSAGE][PASSED] - Navigate to 'http://localhost:8080/' successfully

2022-02-18 23:44:51 - [TEST_STEP][PASSED] - verifyElementPresent(findTestObject("Page_Element/a_Sign In"), 0): Object 'Object Repository/Page_Element/a_Sign In' is present

2022-02-18 23:44:51 - [MESSAGE][WARNING] - Timeout '0' is invalid. Using default page load timeout: '30'

2022-02-18 23:44:54 - [MESSAGE][PASSED] - Object 'Object Repository/Page_Element/a_Sign In' is present

2022-02-18 23:44:54 - [TEST_STEP][PASSED] - click(findTestObject("Object Repository/Page_Element/div_Sign In")): Object: 'Object Repository/Page_Element/div_Sign In' is clicked on

2022-02-18 23:44:55 - [MESSAGE][PASSED] - Object: 'Object Repository/Page_Element/div_Sign In' is clicked on

2022-02-18 23:44:55 - [TEST_STEP][PASSED] - verifyElementText(findTestObject("Page_Element/a_Twitter"), "Twitter"): Actual text and expected text of test object 'Object Repository/Page_Element/a_Twitter' are matched.

2022-02-18 23:44:55 - [MESSAGE][PASSED] - Actual text and expected text of test object 'Object Repository/Page_Element/a_Twitter' are matched.

2022-02-18 23:44:55 - [TEST_STEP][PASSED] - setText(findTestObject("Object Repository/Page_Element/input_Sign in with_username"), "ptnha19"): Text 'ptnha19' is set on object 'Object Repository/Page_Element/input_Sign in with_username'

2022-02-18 23:44:58 - [MESSAGE][PASSED] - Text 'ptnha19' is set on object 'Object Repository/Page_Element/input_Sign in with_username'

2022-02-18 23:44:58 - [TEST_STEP][PASSED] - setEncryptedText(findTestObject("Object Repository/Page_Element/input_Username_password"), "5R3Ima4A+eOeCrCDRGMLmJpaGR3V3+YI"): Text ****** has been set on object 'Object Repository/Page_Element/input_Username_password'

2022-02-18 23:45:00 - [MESSAGE][PASSED] - Text ****** has been set on object 'Object Repository/Page_Element/input_Username_password'

2022-02-18 23:45:00 - [TEST_STEP][PASSED] - click(findTestObject("Object Repository/Page_Element/input_Forgot password_mx_Login_submit")): Object: 'Object Repository/Page_Element/input_Forgot password_mx_Login_submit' is clicked on

2022-02-18 23:45:02 - [MESSAGE][PASSED] - Object: 'Object Repository/Page_Element/input_Forgot password_mx_Login_submit' is clicked on

2022-02-18 23:45:02 - [TEST_STEP][PASSED] - delay(10): Delayed 10 second(s)

2022-02-18 23:45:12 - [MESSAGE][PASSED] - Delayed 10 second(s)

2022-02-18 23:45:12 - [TEST_STEP][PASSED] - click(findTestObject("Object Repository/Page_Element/div_Verify with Security Key")): Object: 'Object Repository/Page_Element/div_Verify with Security Key' is clicked on

2022-02-18 23:45:13 - [MESSAGE][PASSED] - Object: 'Object Repository/Page_Element/div_Verify with Security Key' is clicked on

2022-02-18 23:45:13 - [TEST_STEP][PASSED] - verifyElementPresent(findTestObject("Page_Element/div_Looks good"), 0): Object 'Object Repository/Page_Element/div_Looks good' is present

2022-02-18 23:45:13 - [MESSAGE][WARNING] - Timeout '0' is invalid. Using default page load timeout: '30'

2022-02-18 23:45:14 - [MESSAGE][PASSED] - Object 'Object Repository/Page_Element/div_Looks good' is present

2022-02-18 23:45:14 - [TEST_STEP][PASSED] - setEncryptedText(findTestObject("Object Repository/Page_Element/input_Security Key_mx_Field_4"), "T5dL0dZa3GcY/MrlN7YOn6WOTrovA4jj9xOYEG/i3Z769E9Kq/X7+gryZqF4ov+opBHLAWv3wACasluLqCMBHw=="): Text ****** has been set on object 'Object Repository/Page_Element/input_Security Key_mx_Field_4'

2022-02-18 23:45:16 - [MESSAGE][PASSED] - Text ****** has been set on object 'Object Repository/Page_Element/input_Security Key_mx_Field_4'

2022-02-18 23:45:16 - [TEST_STEP][PASSED] - click(findTestObject("Object Repository/Page_Element/button_Continue")): Object: 'Object Repository/Page_Element/button_Continue' is clicked on

2022-02-18 23:45:17 - [MESSAGE][PASSED] - Object: 'Object Repository/Page_Element/button_Continue' is clicked on

2022-02-18 23:45:17 - [TEST_STEP][PASSED] - click(findTestObject("Object Repository/Page_Element/div_Done")): Object: 'Object Repository/Page_Element/div_Done' is clicked on

2022-02-18 23:45:19 - [MESSAGE][PASSED] - Object: 'Object Repository/Page_Element/div_Done' is clicked on

2022-02-18 23:45:19 - [TEST_STEP][PASSED] - verifyElementPresent(findTestObject("Page_Element/img_Review_mx_BaseAvatar_image"), 0): Object 'Object Repository/Page_Element/img_Review_mx_BaseAvatar_image' is present

2022-02-18 23:45:19 - [MESSAGE][WARNING] - Timeout '0' is invalid. Using default page load timeout: '30'

2022-02-18 23:45:19 - [MESSAGE][PASSED] - Object 'Object Repository/Page_Element/img_Review_mx_BaseAvatar_image' is present

2022-02-18 23:45:19 - [TEST_STEP][PASSED] - rightClick(findTestObject("Object Repository/Page_Element/img_Review_mx_BaseAvatar_image")): Object: 'Object Repository/Page_Element/img_Review_mx_BaseAvatar_image' is right clicked on

2022-02-18 23:45:19 - [MESSAGE][PASSED] - Object: 'Object Repository/Page_Element/img_Review_mx_BaseAvatar_image' is right clicked on

2022-02-18 23:45:19 - [TEST_STEP][PASSED] - click(findTestObject("Object Repository/Page_Element/span_Feedback")): Object: 'Object Repository/Page_Element/span_Feedback' is clicked on

2022-02-18 23:45:20 - [MESSAGE][PASSED] - Object: 'Object Repository/Page_Element/span_Feedback' is clicked on

2022-02-18 23:45:20 - [TEST_STEP][PASSED] - delay(5): Delayed 5 second(s)

2022-02-18 23:45:25 - [MESSAGE][PASSED] - Delayed 5 second(s)

2022-02-18 23:45:25 - [TEST_STEP][PASSED] - verifyElementText(findTestObject("Page_Element/h3_Comment"), "Comment"): Actual text and expected text of test object 'Object Repository/Page_Element/h3_Comment' are matched.

2022-02-18 23:45:25 - [MESSAGE][PASSED] - Actual text and expected text of test object 'Object Repository/Page_Element/h3_Comment' are matched.

2022-02-18 23:45:25 - [TEST_STEP][PASSED] - setText(findTestObject("Object Repository/Page_Element/textarea_a"), "a"): Text 'a' is set on object 'Object Repository/Page_Element/textarea_a'

2022-02-18 23:45:27 - [MESSAGE][PASSED] - Text 'a' is set on object 'Object Repository/Page_Element/textarea_a'

2022-02-18 23:45:27 - [TEST_STEP][PASSED] - setText(findTestObject("Object Repository/Page_Element/textarea_ab"), "ab"): Text 'ab' is set on object 'Object Repository/Page_Element/textarea_ab'

2022-02-18 23:45:30 - [MESSAGE][PASSED] - Text 'ab' is set on object 'Object Repository/Page_Element/textarea_ab'

2022-02-18 23:45:30 - [TEST_STEP][PASSED] - setText(findTestObject("Object Repository/Page_Element/textarea_abc"), "abc"): Text 'abc' is set on object 'Object Repository/Page_Element/textarea_abc'

2022-02-18 23:45:32 - [MESSAGE][PASSED] - Text 'abc' is set on object 'Object Repository/Page_Element/textarea_abc'

2022-02-18 23:45:32 - [TEST_STEP][PASSED] - click(findTestObject("Object Repository/Page_Element/button_Send feedback")): Object: 'Object Repository/Page_Element/button_Send feedback' is clicked on

2022-02-18 23:45:33 - [MESSAGE][PASSED] - Object: 'Object Repository/Page_Element/button_Send feedback' is clicked on

2022-02-18 23:45:33 - [TEST_STEP][PASSED] - click(findTestObject("Object Repository/Page_Element/button_OK")): Object: 'Object Repository/Page_Element/button_OK' is clicked on

2022-02-18 23:45:34 - [MESSAGE][PASSED] - Object: 'Object Repository/Page_Element/button_OK' is clicked on

2022-02-18 23:45:34 - [TEST_STEP][PASSED] - closeBrowser(): Browser is closed

2022-02-18 23:45:35 - [MESSAGE][PASSED] - Browser is closed]]></system-out>
         <system-err><![CDATA[]]></system-err>
      </testcase>
      <testcase name="Test Cases/51.ChangeRoomName" time="45.951" classname="Test Cases/51.ChangeRoomName" status="PASSED">
         <system-out><![CDATA[2022-02-18 23:45:35 - [TEST_CASE][PASSED] - Test Cases/51.ChangeRoomName: Test Cases/51.ChangeRoomName

2022-02-18 23:45:36 - [TEST_STEP][PASSED] - openBrowser(""): Browser is opened with url: ''

2022-02-18 23:45:36 - [MESSAGE][INFO] - Starting 'Chrome' driver

2022-02-18 23:45:36 - [MESSAGE][INFO] - Action delay is set to 1,000 milliseconds

2022-02-18 23:45:37 - [MESSAGE][PASSED] - Browser is opened with url: ''

2022-02-18 23:45:37 - [TEST_STEP][PASSED] - navigateToUrl("http://localhost:8080/"): Navigate to 'http://localhost:8080/' successfully

2022-02-18 23:45:40 - [MESSAGE][PASSED] - Navigate to 'http://localhost:8080/' successfully

2022-02-18 23:45:40 - [TEST_STEP][PASSED] - verifyElementPresent(findTestObject("Page_Element/a_Sign In"), 0): Object 'Object Repository/Page_Element/a_Sign In' is present

2022-02-18 23:45:40 - [MESSAGE][WARNING] - Timeout '0' is invalid. Using default page load timeout: '30'

2022-02-18 23:45:42 - [MESSAGE][PASSED] - Object 'Object Repository/Page_Element/a_Sign In' is present

2022-02-18 23:45:42 - [TEST_STEP][PASSED] - click(findTestObject("Object Repository/Page_Element/div_Sign In")): Object: 'Object Repository/Page_Element/div_Sign In' is clicked on

2022-02-18 23:45:44 - [MESSAGE][PASSED] - Object: 'Object Repository/Page_Element/div_Sign In' is clicked on

2022-02-18 23:45:44 - [TEST_STEP][PASSED] - verifyElementText(findTestObject("Page_Element/a_Twitter"), "Twitter"): Actual text and expected text of test object 'Object Repository/Page_Element/a_Twitter' are matched.

2022-02-18 23:45:44 - [MESSAGE][PASSED] - Actual text and expected text of test object 'Object Repository/Page_Element/a_Twitter' are matched.

2022-02-18 23:45:44 - [TEST_STEP][PASSED] - setText(findTestObject("Object Repository/Page_Element/input_Sign in with_username"), "ptnha19"): Text 'ptnha19' is set on object 'Object Repository/Page_Element/input_Sign in with_username'

2022-02-18 23:45:47 - [MESSAGE][PASSED] - Text 'ptnha19' is set on object 'Object Repository/Page_Element/input_Sign in with_username'

2022-02-18 23:45:47 - [TEST_STEP][PASSED] - setEncryptedText(findTestObject("Object Repository/Page_Element/input_Username_password"), "5R3Ima4A+eOeCrCDRGMLmJpaGR3V3+YI"): Text ****** has been set on object 'Object Repository/Page_Element/input_Username_password'

2022-02-18 23:45:49 - [MESSAGE][PASSED] - Text ****** has been set on object 'Object Repository/Page_Element/input_Username_password'

2022-02-18 23:45:49 - [TEST_STEP][PASSED] - click(findTestObject("Object Repository/Page_Element/input_Forgot password_mx_Login_submit")): Object: 'Object Repository/Page_Element/input_Forgot password_mx_Login_submit' is clicked on

2022-02-18 23:45:50 - [MESSAGE][PASSED] - Object: 'Object Repository/Page_Element/input_Forgot password_mx_Login_submit' is clicked on

2022-02-18 23:45:50 - [TEST_STEP][PASSED] - delay(10): Delayed 10 second(s)

2022-02-18 23:46:00 - [MESSAGE][PASSED] - Delayed 10 second(s)

2022-02-18 23:46:00 - [TEST_STEP][PASSED] - click(findTestObject("Object Repository/Page_Element/div_Verify with Security Key")): Object: 'Object Repository/Page_Element/div_Verify with Security Key' is clicked on

2022-02-18 23:46:01 - [MESSAGE][PASSED] - Object: 'Object Repository/Page_Element/div_Verify with Security Key' is clicked on

2022-02-18 23:46:01 - [TEST_STEP][PASSED] - verifyElementPresent(findTestObject("Page_Element/div_Looks good"), 0): Object 'Object Repository/Page_Element/div_Looks good' is present

2022-02-18 23:46:01 - [MESSAGE][WARNING] - Timeout '0' is invalid. Using default page load timeout: '30'

2022-02-18 23:46:02 - [MESSAGE][PASSED] - Object 'Object Repository/Page_Element/div_Looks good' is present

2022-02-18 23:46:02 - [TEST_STEP][PASSED] - setEncryptedText(findTestObject("Object Repository/Page_Element/input_Security Key_mx_Field_4"), "T5dL0dZa3GcY/MrlN7YOn6WOTrovA4jj9xOYEG/i3Z769E9Kq/X7+gryZqF4ov+opBHLAWv3wACasluLqCMBHw=="): Text ****** has been set on object 'Object Repository/Page_Element/input_Security Key_mx_Field_4'

2022-02-18 23:46:05 - [MESSAGE][PASSED] - Text ****** has been set on object 'Object Repository/Page_Element/input_Security Key_mx_Field_4'

2022-02-18 23:46:05 - [TEST_STEP][PASSED] - click(findTestObject("Object Repository/Page_Element/button_Continue")): Object: 'Object Repository/Page_Element/button_Continue' is clicked on

2022-02-18 23:46:06 - [MESSAGE][PASSED] - Object: 'Object Repository/Page_Element/button_Continue' is clicked on

2022-02-18 23:46:06 - [TEST_STEP][PASSED] - click(findTestObject("Object Repository/Page_Element/div_Done")): Object: 'Object Repository/Page_Element/div_Done' is clicked on

2022-02-18 23:46:07 - [MESSAGE][PASSED] - Object: 'Object Repository/Page_Element/div_Done' is clicked on

2022-02-18 23:46:07 - [TEST_STEP][PASSED] - verifyElementClickable(findTestObject("Page_Element/div_Administrator_mx_AccessibleButton mx_RoomTile_notificationsButton mx_RoomTile_iconBellCrossed mx_RoomTile_notificationsButton_show")): Object 'Object Repository/Page_Element/div_Administrator_mx_AccessibleButton mx_RoomTile_notificationsButton mx_RoomTile_iconBellCrossed mx_RoomTile_notificationsButton_show' is clickable

2022-02-18 23:46:07 - [MESSAGE][PASSED] - Object 'Object Repository/Page_Element/div_Administrator_mx_AccessibleButton mx_RoomTile_notificationsButton mx_RoomTile_iconBellCrossed mx_RoomTile_notificationsButton_show' is clickable

2022-02-18 23:46:07 - [TEST_STEP][PASSED] - click(findTestObject("Object Repository/Page_Element/div_Tr Cao Thin")): Object: 'Object Repository/Page_Element/div_Tr Cao Thin' is clicked on

2022-02-18 23:46:09 - [MESSAGE][PASSED] - Object: 'Object Repository/Page_Element/div_Tr Cao Thin' is clicked on

2022-02-18 23:46:09 - [TEST_STEP][PASSED] - click(findTestObject("Object Repository/Page_Element  Tr Cao Thin/div_Tr Cao Thin_mx_AccessibleButton mx_Righ_04f030")): Object: 'Object Repository/Page_Element  Tr Cao Thin/div_Tr Cao Thin_mx_AccessibleButton mx_Righ_04f030' is clicked on

2022-02-18 23:46:10 - [MESSAGE][PASSED] - Object: 'Object Repository/Page_Element  Tr Cao Thin/div_Tr Cao Thin_mx_AccessibleButton mx_Righ_04f030' is clicked on

2022-02-18 23:46:10 - [TEST_STEP][PASSED] - verifyElementClickable(findTestObject("Page_Element  Administrator/h2_Administrator")): Object 'Object Repository/Page_Element  Administrator/h2_Administrator' is clickable

2022-02-18 23:46:10 - [MESSAGE][PASSED] - Object 'Object Repository/Page_Element  Administrator/h2_Administrator' is clickable

2022-02-18 23:46:10 - [TEST_STEP][PASSED] - click(findTestObject("Object Repository/Page_Element  Tr Cao Thin/div_Room settings")): Object: 'Object Repository/Page_Element  Tr Cao Thin/div_Room settings' is clicked on

2022-02-18 23:46:11 - [MESSAGE][PASSED] - Object: 'Object Repository/Page_Element  Tr Cao Thin/div_Room settings' is clicked on

2022-02-18 23:46:11 - [TEST_STEP][PASSED] - click(findTestObject("Object Repository/Page_Element  Tr Cao Thin/input_General_mx_Field_5")): Object: 'Object Repository/Page_Element  Tr Cao Thin/input_General_mx_Field_5' is clicked on

2022-02-18 23:46:12 - [MESSAGE][PASSED] - Object: 'Object Repository/Page_Element  Tr Cao Thin/input_General_mx_Field_5' is clicked on

2022-02-18 23:46:12 - [TEST_STEP][PASSED] - setText(findTestObject("Object Repository/Page_Element  Tr Cao Thin/input_General_mx_Field_5"), "ABC"): Text 'ABC' is set on object 'Object Repository/Page_Element  Tr Cao Thin/input_General_mx_Field_5'

2022-02-18 23:46:14 - [MESSAGE][PASSED] - Text 'ABC' is set on object 'Object Repository/Page_Element  Tr Cao Thin/input_General_mx_Field_5'

2022-02-18 23:46:14 - [TEST_STEP][PASSED] - click(findTestObject("Object Repository/Page_Element  Tr Cao Thin/div_Save")): Object: 'Object Repository/Page_Element  Tr Cao Thin/div_Save' is clicked on

2022-02-18 23:46:16 - [MESSAGE][PASSED] - Object: 'Object Repository/Page_Element  Tr Cao Thin/div_Save' is clicked on

2022-02-18 23:46:16 - [TEST_STEP][PASSED] - click(findTestObject("Object Repository/Page_Element  Tr Cao Thin/div_GeneralSecurity  PrivacyRoles  Permissi_f2bebd")): Object: 'Object Repository/Page_Element  Tr Cao Thin/div_GeneralSecurity  PrivacyRoles  Permissi_f2bebd' is clicked on

2022-02-18 23:46:17 - [MESSAGE][PASSED] - Object: 'Object Repository/Page_Element  Tr Cao Thin/div_GeneralSecurity  PrivacyRoles  Permissi_f2bebd' is clicked on

2022-02-18 23:46:17 - [TEST_STEP][PASSED] - setText(findTestObject("Object Repository/Page_Element  Tr Cao Thin/input_General_mx_Field_5"), ""): Text '' is set on object 'Object Repository/Page_Element  Tr Cao Thin/input_General_mx_Field_5'

2022-02-18 23:46:19 - [MESSAGE][PASSED] - Text '' is set on object 'Object Repository/Page_Element  Tr Cao Thin/input_General_mx_Field_5'

2022-02-18 23:46:19 - [TEST_STEP][PASSED] - click(findTestObject("Object Repository/Page_Element  Tr Cao Thin/div_Save")): Object: 'Object Repository/Page_Element  Tr Cao Thin/div_Save' is clicked on

2022-02-18 23:46:20 - [MESSAGE][PASSED] - Object: 'Object Repository/Page_Element  Tr Cao Thin/div_Save' is clicked on

2022-02-18 23:46:20 - [TEST_STEP][PASSED] - closeBrowser(): Browser is closed

2022-02-18 23:46:21 - [MESSAGE][PASSED] - Browser is closed]]></system-out>
         <system-err><![CDATA[]]></system-err>
      </testcase>
      <testcase name="Test Cases/20.Set_favorate_room" time="40.88" classname="Test Cases/20.Set_favorate_room" status="PASSED">
         <system-out><![CDATA[2022-02-18 23:46:21 - [TEST_CASE][PASSED] - Test Cases/20.Set_favorate_room: Test Cases/20.Set_favorate_room

2022-02-18 23:46:22 - [TEST_STEP][PASSED] - openBrowser(""): Browser is opened with url: ''

2022-02-18 23:46:22 - [MESSAGE][INFO] - Starting 'Chrome' driver

2022-02-18 23:46:22 - [MESSAGE][INFO] - Action delay is set to 1,000 milliseconds

2022-02-18 23:46:23 - [MESSAGE][PASSED] - Browser is opened with url: ''

2022-02-18 23:46:23 - [TEST_STEP][PASSED] - openBrowser(""): Browser is opened with url: ''

2022-02-18 23:46:23 - [MESSAGE][WARNING] - A browser is already opened. Closing browser and opening a new one

2022-02-18 23:46:24 - [MESSAGE][INFO] - Starting 'Chrome' driver

2022-02-18 23:46:24 - [MESSAGE][INFO] - Action delay is set to 1,000 milliseconds

2022-02-18 23:46:26 - [MESSAGE][PASSED] - Browser is opened with url: ''

2022-02-18 23:46:26 - [TEST_STEP][PASSED] - navigateToUrl("http://localhost:8080/"): Navigate to 'http://localhost:8080/' successfully

2022-02-18 23:46:28 - [MESSAGE][PASSED] - Navigate to 'http://localhost:8080/' successfully

2022-02-18 23:46:28 - [TEST_STEP][PASSED] - verifyElementPresent(findTestObject("Page_Element/a_Sign In"), 0): Object 'Object Repository/Page_Element/a_Sign In' is present

2022-02-18 23:46:28 - [MESSAGE][WARNING] - Timeout '0' is invalid. Using default page load timeout: '30'

2022-02-18 23:46:31 - [MESSAGE][PASSED] - Object 'Object Repository/Page_Element/a_Sign In' is present

2022-02-18 23:46:31 - [TEST_STEP][PASSED] - click(findTestObject("Object Repository/Page_Element/div_Sign In")): Object: 'Object Repository/Page_Element/div_Sign In' is clicked on

2022-02-18 23:46:32 - [MESSAGE][PASSED] - Object: 'Object Repository/Page_Element/div_Sign In' is clicked on

2022-02-18 23:46:32 - [TEST_STEP][PASSED] - verifyElementText(findTestObject("Page_Element/a_Twitter"), "Twitter"): Actual text and expected text of test object 'Object Repository/Page_Element/a_Twitter' are matched.

2022-02-18 23:46:33 - [MESSAGE][PASSED] - Actual text and expected text of test object 'Object Repository/Page_Element/a_Twitter' are matched.

2022-02-18 23:46:33 - [TEST_STEP][PASSED] - setText(findTestObject("Object Repository/Page_Element/input_Sign in with_username"), "ptnha19"): Text 'ptnha19' is set on object 'Object Repository/Page_Element/input_Sign in with_username'

2022-02-18 23:46:36 - [MESSAGE][PASSED] - Text 'ptnha19' is set on object 'Object Repository/Page_Element/input_Sign in with_username'

2022-02-18 23:46:36 - [TEST_STEP][PASSED] - setEncryptedText(findTestObject("Object Repository/Page_Element/input_Username_password"), "5R3Ima4A+eOeCrCDRGMLmJpaGR3V3+YI"): Text ****** has been set on object 'Object Repository/Page_Element/input_Username_password'

2022-02-18 23:46:38 - [MESSAGE][PASSED] - Text ****** has been set on object 'Object Repository/Page_Element/input_Username_password'

2022-02-18 23:46:38 - [TEST_STEP][PASSED] - click(findTestObject("Object Repository/Page_Element/input_Forgot password_mx_Login_submit")): Object: 'Object Repository/Page_Element/input_Forgot password_mx_Login_submit' is clicked on

2022-02-18 23:46:39 - [MESSAGE][PASSED] - Object: 'Object Repository/Page_Element/input_Forgot password_mx_Login_submit' is clicked on

2022-02-18 23:46:39 - [TEST_STEP][PASSED] - delay(10): Delayed 10 second(s)

2022-02-18 23:46:49 - [MESSAGE][PASSED] - Delayed 10 second(s)

2022-02-18 23:46:49 - [TEST_STEP][PASSED] - click(findTestObject("Object Repository/Page_Element/div_Verify with Security Key")): Object: 'Object Repository/Page_Element/div_Verify with Security Key' is clicked on

2022-02-18 23:46:50 - [MESSAGE][PASSED] - Object: 'Object Repository/Page_Element/div_Verify with Security Key' is clicked on

2022-02-18 23:46:50 - [TEST_STEP][PASSED] - verifyElementPresent(findTestObject("Page_Element/div_Looks good"), 0): Object 'Object Repository/Page_Element/div_Looks good' is present

2022-02-18 23:46:50 - [MESSAGE][WARNING] - Timeout '0' is invalid. Using default page load timeout: '30'

2022-02-18 23:46:51 - [MESSAGE][PASSED] - Object 'Object Repository/Page_Element/div_Looks good' is present

2022-02-18 23:46:51 - [TEST_STEP][PASSED] - setEncryptedText(findTestObject("Object Repository/Page_Element/input_Security Key_mx_Field_4"), "T5dL0dZa3GcY/MrlN7YOn6WOTrovA4jj9xOYEG/i3Z769E9Kq/X7+gryZqF4ov+opBHLAWv3wACasluLqCMBHw=="): Text ****** has been set on object 'Object Repository/Page_Element/input_Security Key_mx_Field_4'

2022-02-18 23:46:54 - [MESSAGE][PASSED] - Text ****** has been set on object 'Object Repository/Page_Element/input_Security Key_mx_Field_4'

2022-02-18 23:46:54 - [TEST_STEP][PASSED] - click(findTestObject("Object Repository/Page_Element/button_Continue")): Object: 'Object Repository/Page_Element/button_Continue' is clicked on

2022-02-18 23:46:55 - [MESSAGE][PASSED] - Object: 'Object Repository/Page_Element/button_Continue' is clicked on

2022-02-18 23:46:55 - [TEST_STEP][PASSED] - click(findTestObject("Object Repository/Page_Element/div_Done")): Object: 'Object Repository/Page_Element/div_Done' is clicked on

2022-02-18 23:46:56 - [MESSAGE][PASSED] - Object: 'Object Repository/Page_Element/div_Done' is clicked on

2022-02-18 23:46:56 - [TEST_STEP][PASSED] - verifyElementText(findTestObject("Page_Element/h4_Own your conversations"), "Own your conversations."): Actual text and expected text of test object 'Object Repository/Page_Element/h4_Own your conversations' are matched.

2022-02-18 23:46:56 - [MESSAGE][PASSED] - Actual text and expected text of test object 'Object Repository/Page_Element/h4_Own your conversations' are matched.

2022-02-18 23:46:56 - [TEST_STEP][PASSED] - click(findTestObject("Object Repository/Page_Element/div_hehe")): Object: 'Object Repository/Page_Element/div_hehe' is clicked on

2022-02-18 23:46:57 - [MESSAGE][PASSED] - Object: 'Object Repository/Page_Element/div_hehe' is clicked on

2022-02-18 23:46:57 - [TEST_STEP][PASSED] - click(findTestObject("Object Repository/Page_Element  hehe/div_hehe_mx_RoomHeader_chevron")): Object: 'Object Repository/Page_Element  hehe/div_hehe_mx_RoomHeader_chevron' is clicked on

2022-02-18 23:46:59 - [MESSAGE][PASSED] - Object: 'Object Repository/Page_Element  hehe/div_hehe_mx_RoomHeader_chevron' is clicked on

2022-02-18 23:46:59 - [TEST_STEP][PASSED] - click(findTestObject("Object Repository/Page_Element  hehe/div_Favorite")): Object: 'Object Repository/Page_Element  hehe/div_Favorite' is clicked on

2022-02-18 23:47:00 - [MESSAGE][PASSED] - Object: 'Object Repository/Page_Element  hehe/div_Favorite' is clicked on

2022-02-18 23:47:00 - [TEST_STEP][PASSED] - click(findTestObject("Object Repository/Page_Element  hehe/div_This room is public_mx_ContextualMenu_b_fc4f75")): Object: 'Object Repository/Page_Element  hehe/div_This room is public_mx_ContextualMenu_b_fc4f75' is clicked on

2022-02-18 23:47:01 - [MESSAGE][PASSED] - Object: 'Object Repository/Page_Element  hehe/div_This room is public_mx_ContextualMenu_b_fc4f75' is clicked on

2022-02-18 23:47:01 - [TEST_STEP][PASSED] - closeBrowser(): Browser is closed

2022-02-18 23:47:02 - [MESSAGE][PASSED] - Browser is closed]]></system-out>
         <system-err><![CDATA[]]></system-err>
      </testcase>
      <system-out><![CDATA[2022-02-18 23:13:17 - [TEST_SUITE][PASSED] - Run all test case: Test Cases/20.Set_favorate_room]]></system-out>
      <system-err><![CDATA[]]></system-err>
   </testsuite>
</testsuites>
