<?xml version="1.0" encoding="UTF-8"?>
<testsuites name="Run all test case" time="1885.537" tests="50" failures="5" errors="0">
   <testsuite name="Run all test case" tests="50" failures="5" errors="0" time="1885.537" skipped="0" timestamp="2022-01-17 18:38:22" hostname="Pikachu - PIKACHU-PC" id="Test Suites/Run all test case">
      <properties>
         <property name="deviceName" value=""/>
         <property name="devicePlatform" value=""/>
         <property name="logFolder" value="C:\\Users\\Pikachu\\Documents\\Bonus-SE\\Katalon_pj\\Bonus_SE\\Reports\\20220117_183812\\Run all test case\\20220117_183812"/>
         <property name="logFiles" value="C:\\Users\\Pikachu\\Documents\\Bonus-SE\\Katalon_pj\\Bonus_SE\\Reports\\20220117_183812\\Run all test case\\20220117_183812\\execution0.log"/>
         <property name="attachments" value="C:\\Users\\Pikachu\\Documents\\Bonus-SE\\Katalon_pj\\Bonus_SE\\Reports\\20220117_183812\\Run all test case\\20220117_183812\\1642419681033.png, C:\\Users\\Pikachu\\Documents\\Bonus-SE\\Katalon_pj\\Bonus_SE\\Reports\\20220117_183812\\Run all test case\\20220117_183812\\1642420016594.png, C:\\Users\\Pikachu\\Documents\\Bonus-SE\\Katalon_pj\\Bonus_SE\\Reports\\20220117_183812\\Run all test case\\20220117_183812\\1642420274221.png, C:\\Users\\Pikachu\\Documents\\Bonus-SE\\Katalon_pj\\Bonus_SE\\Reports\\20220117_183812\\Run all test case\\20220117_183812\\1642420560694.png, C:\\Users\\Pikachu\\Documents\\Bonus-SE\\Katalon_pj\\Bonus_SE\\Reports\\20220117_183812\\Run all test case\\20220117_183812\\1642421180576.png"/>
         <property name="hostName" value="Pikachu - PIKACHU-PC"/>
         <property name="os" value="Windows 10 64bit"/>
         <property name="katalonVersion" value="8.2.0.208"/>
         <property name="browser" value="Chrome 97.0.4692.71"/>
         <property name="hostAddress" value="192.168.1.152"/>
         <property name="sessionId" value="a3c46a414c3344f6fbd4190c726a4628"/>
         <property name="seleniumVersion" value="3.141.59"/>
         <property name="proxyInformation" value="ProxyInformation { proxyOption=NO_PROXY, proxyServerType=HTTP, username=, password=********, proxyServerAddress=, proxyServerPort=0, executionList=&quot;&quot;, isApplyToDesiredCapabilities=true }"/>
         <property name="platform" value="Windows 10"/>
      </properties>
      <testcase name="Test Cases/40.FeedBack" time="50.163" classname="Test Cases/40.FeedBack" status="PASSED">
         <system-out><![CDATA[2022-01-17 18:38:23 - [TEST_CASE][PASSED] - Test Cases/40.FeedBack: Test Cases/40.FeedBack

2022-01-17 18:38:23 - [TEST_STEP][PASSED] - openBrowser(""): Browser is opened with url: ''

2022-01-17 18:38:24 - [MESSAGE][INFO] - Starting 'Chrome' driver

2022-01-17 18:38:24 - [MESSAGE][INFO] - Action delay is set to 1,000 milliseconds

2022-01-17 18:38:26 - [MESSAGE][PASSED] - Browser is opened with url: ''

2022-01-17 18:38:26 - [TEST_STEP][PASSED] - navigateToUrl("http://localhost:8080/"): Navigate to 'http://localhost:8080/' successfully

2022-01-17 18:38:29 - [MESSAGE][PASSED] - Navigate to 'http://localhost:8080/' successfully

2022-01-17 18:38:29 - [TEST_STEP][PASSED] - click(findTestObject("Object Repository/Page_Element/div_Sign In")): Object: 'Object Repository/Page_Element/div_Sign In' is clicked on

2022-01-17 18:38:36 - [MESSAGE][PASSED] - Object: 'Object Repository/Page_Element/div_Sign In' is clicked on

2022-01-17 18:38:36 - [TEST_STEP][PASSED] - setText(findTestObject("Object Repository/Page_Element/input_Sign in with_username"), "ptnha19"): Text 'ptnha19' is set on object 'Object Repository/Page_Element/input_Sign in with_username'

2022-01-17 18:38:40 - [MESSAGE][PASSED] - Text 'ptnha19' is set on object 'Object Repository/Page_Element/input_Sign in with_username'

2022-01-17 18:38:40 - [TEST_STEP][PASSED] - setEncryptedText(findTestObject("Object Repository/Page_Element/input_Username_password"), "5R3Ima4A+eOeCrCDRGMLmJpaGR3V3+YI"): Text ****** has been set on object 'Object Repository/Page_Element/input_Username_password'

2022-01-17 18:38:42 - [MESSAGE][PASSED] - Text ****** has been set on object 'Object Repository/Page_Element/input_Username_password'

2022-01-17 18:38:42 - [TEST_STEP][PASSED] - click(findTestObject("Object Repository/Page_Element/input_Forgot password_mx_Login_submit")): Object: 'Object Repository/Page_Element/input_Forgot password_mx_Login_submit' is clicked on

2022-01-17 18:38:43 - [MESSAGE][PASSED] - Object: 'Object Repository/Page_Element/input_Forgot password_mx_Login_submit' is clicked on

2022-01-17 18:38:43 - [TEST_STEP][PASSED] - click(findTestObject("Object Repository/Page_Element/div_Verify with Security Key")): Object: 'Object Repository/Page_Element/div_Verify with Security Key' is clicked on

2022-01-17 18:38:50 - [MESSAGE][PASSED] - Object: 'Object Repository/Page_Element/div_Verify with Security Key' is clicked on

2022-01-17 18:38:50 - [TEST_STEP][PASSED] - setEncryptedText(findTestObject("Object Repository/Page_Element/input_Security Key_mx_Field_4"), "PF4jXtbe/5x5+S5PgN4Kl/QbANAkWZYKqKaG9gW6gn+Po31AOnak0DX8GoEzAUkskgpeON1UhfEqZG0XXngJPA=="): Text ****** has been set on object 'Object Repository/Page_Element/input_Security Key_mx_Field_4'

2022-01-17 18:38:53 - [MESSAGE][PASSED] - Text ****** has been set on object 'Object Repository/Page_Element/input_Security Key_mx_Field_4'

2022-01-17 18:38:53 - [TEST_STEP][PASSED] - click(findTestObject("Object Repository/Page_Element/button_Continue")): Object: 'Object Repository/Page_Element/button_Continue' is clicked on

2022-01-17 18:38:54 - [MESSAGE][PASSED] - Object: 'Object Repository/Page_Element/button_Continue' is clicked on

2022-01-17 18:38:54 - [TEST_STEP][PASSED] - click(findTestObject("Object Repository/Page_Element/div_Done")): Object: 'Object Repository/Page_Element/div_Done' is clicked on

2022-01-17 18:38:56 - [MESSAGE][PASSED] - Object: 'Object Repository/Page_Element/div_Done' is clicked on

2022-01-17 18:38:56 - [TEST_STEP][PASSED] - rightClick(findTestObject("Object Repository/Page_Element/img_Review_mx_BaseAvatar_image")): Object: 'Object Repository/Page_Element/img_Review_mx_BaseAvatar_image' is right clicked on

2022-01-17 18:38:57 - [MESSAGE][PASSED] - Object: 'Object Repository/Page_Element/img_Review_mx_BaseAvatar_image' is right clicked on

2022-01-17 18:38:57 - [TEST_STEP][PASSED] - click(findTestObject("Object Repository/Page_Element/span_Feedback")): Object: 'Object Repository/Page_Element/span_Feedback' is clicked on

2022-01-17 18:38:58 - [MESSAGE][PASSED] - Object: 'Object Repository/Page_Element/span_Feedback' is clicked on

2022-01-17 18:38:58 - [TEST_STEP][PASSED] - delay(5): Delayed 5 second(s)

2022-01-17 18:39:03 - [MESSAGE][PASSED] - Delayed 5 second(s)

2022-01-17 18:39:03 - [TEST_STEP][PASSED] - setText(findTestObject("Object Repository/Page_Element/textarea_a"), "a"): Text 'a' is set on object 'Object Repository/Page_Element/textarea_a'

2022-01-17 18:39:06 - [MESSAGE][PASSED] - Text 'a' is set on object 'Object Repository/Page_Element/textarea_a'

2022-01-17 18:39:06 - [TEST_STEP][PASSED] - setText(findTestObject("Object Repository/Page_Element/textarea_ab"), "ab"): Text 'ab' is set on object 'Object Repository/Page_Element/textarea_ab'

2022-01-17 18:39:08 - [MESSAGE][PASSED] - Text 'ab' is set on object 'Object Repository/Page_Element/textarea_ab'

2022-01-17 18:39:08 - [TEST_STEP][PASSED] - setText(findTestObject("Object Repository/Page_Element/textarea_abc"), "abc"): Text 'abc' is set on object 'Object Repository/Page_Element/textarea_abc'

2022-01-17 18:39:10 - [MESSAGE][PASSED] - Text 'abc' is set on object 'Object Repository/Page_Element/textarea_abc'

2022-01-17 18:39:10 - [TEST_STEP][PASSED] - click(findTestObject("Object Repository/Page_Element/button_Send feedback")): Object: 'Object Repository/Page_Element/button_Send feedback' is clicked on

2022-01-17 18:39:11 - [MESSAGE][PASSED] - Object: 'Object Repository/Page_Element/button_Send feedback' is clicked on

2022-01-17 18:39:11 - [TEST_STEP][PASSED] - click(findTestObject("Object Repository/Page_Element/button_OK")): Object: 'Object Repository/Page_Element/button_OK' is clicked on

2022-01-17 18:39:12 - [MESSAGE][PASSED] - Object: 'Object Repository/Page_Element/button_OK' is clicked on

2022-01-17 18:39:12 - [TEST_STEP][PASSED] - closeBrowser(): Browser is closed

2022-01-17 18:39:13 - [MESSAGE][PASSED] - Browser is closed]]></system-out>
         <system-err><![CDATA[]]></system-err>
      </testcase>
      <testcase name="Test Cases/49.LogInFail_03" time="18.253" classname="Test Cases/49.LogInFail_03" status="PASSED">
         <system-out><![CDATA[2022-01-17 18:39:13 - [TEST_CASE][PASSED] - Test Cases/49.LogInFail_03: Test Cases/49.LogInFail_03

2022-01-17 18:39:13 - [TEST_STEP][PASSED] - openBrowser(""): Browser is opened with url: ''

2022-01-17 18:39:13 - [MESSAGE][INFO] - Starting 'Chrome' driver

2022-01-17 18:39:13 - [MESSAGE][INFO] - Action delay is set to 1,000 milliseconds

2022-01-17 18:39:14 - [MESSAGE][PASSED] - Browser is opened with url: ''

2022-01-17 18:39:14 - [TEST_STEP][PASSED] - navigateToUrl("http://localhost:8080/"): Navigate to 'http://localhost:8080/' successfully

2022-01-17 18:39:17 - [MESSAGE][PASSED] - Navigate to 'http://localhost:8080/' successfully

2022-01-17 18:39:17 - [TEST_STEP][PASSED] - click(findTestObject("Object Repository/Page_Element/div_Sign In")): Object: 'Object Repository/Page_Element/div_Sign In' is clicked on

2022-01-17 18:39:22 - [MESSAGE][PASSED] - Object: 'Object Repository/Page_Element/div_Sign In' is clicked on

2022-01-17 18:39:22 - [TEST_STEP][PASSED] - setText(findTestObject("Object Repository/Page_Element/input_Sign in with_username"), "Matrix"): Text 'Matrix' is set on object 'Object Repository/Page_Element/input_Sign in with_username'

2022-01-17 18:39:26 - [MESSAGE][PASSED] - Text 'Matrix' is set on object 'Object Repository/Page_Element/input_Sign in with_username'

2022-01-17 18:39:26 - [TEST_STEP][PASSED] - setEncryptedText(findTestObject("Object Repository/Page_Element/input_Username_password"), "wE3H8sMRrXo="): Text ****** has been set on object 'Object Repository/Page_Element/input_Username_password'

2022-01-17 18:39:28 - [MESSAGE][PASSED] - Text ****** has been set on object 'Object Repository/Page_Element/input_Username_password'

2022-01-17 18:39:28 - [TEST_STEP][PASSED] - click(findTestObject("Object Repository/Page_Element/input_Forgot password_mx_Login_submit")): Object: 'Object Repository/Page_Element/input_Forgot password_mx_Login_submit' is clicked on

2022-01-17 18:39:29 - [MESSAGE][PASSED] - Object: 'Object Repository/Page_Element/input_Forgot password_mx_Login_submit' is clicked on

2022-01-17 18:39:29 - [TEST_STEP][PASSED] - click(findTestObject("Object Repository/Page_Element/div_Incorrect username andor password")): Object: 'Object Repository/Page_Element/div_Incorrect username andor password' is clicked on

2022-01-17 18:39:30 - [MESSAGE][PASSED] - Object: 'Object Repository/Page_Element/div_Incorrect username andor password' is clicked on

2022-01-17 18:39:30 - [TEST_STEP][PASSED] - closeBrowser(): Browser is closed

2022-01-17 18:39:31 - [MESSAGE][PASSED] - Browser is closed]]></system-out>
         <system-err><![CDATA[]]></system-err>
      </testcase>
      <testcase name="Test Cases/77.PreferenceCodeBlock" time="35.671" classname="Test Cases/77.PreferenceCodeBlock" status="PASSED">
         <system-out><![CDATA[2022-01-17 18:39:31 - [TEST_CASE][PASSED] - Test Cases/77.PreferenceCodeBlock: Test Cases/77.PreferenceCodeBlock

2022-01-17 18:39:31 - [TEST_STEP][PASSED] - openBrowser(""): Browser is opened with url: ''

2022-01-17 18:39:31 - [MESSAGE][INFO] - Starting 'Chrome' driver

2022-01-17 18:39:31 - [MESSAGE][INFO] - Action delay is set to 1,000 milliseconds

2022-01-17 18:39:33 - [MESSAGE][PASSED] - Browser is opened with url: ''

2022-01-17 18:39:33 - [TEST_STEP][PASSED] - navigateToUrl("http://localhost:8080/"): Navigate to 'http://localhost:8080/' successfully

2022-01-17 18:39:35 - [MESSAGE][PASSED] - Navigate to 'http://localhost:8080/' successfully

2022-01-17 18:39:35 - [TEST_STEP][PASSED] - click(findTestObject("Object Repository/Page_Element/div_Sign In")): Object: 'Object Repository/Page_Element/div_Sign In' is clicked on

2022-01-17 18:39:39 - [MESSAGE][PASSED] - Object: 'Object Repository/Page_Element/div_Sign In' is clicked on

2022-01-17 18:39:39 - [TEST_STEP][PASSED] - setText(findTestObject("Object Repository/Page_Element/input_Sign in with_username"), "ptnha19"): Text 'ptnha19' is set on object 'Object Repository/Page_Element/input_Sign in with_username'

2022-01-17 18:39:43 - [MESSAGE][PASSED] - Text 'ptnha19' is set on object 'Object Repository/Page_Element/input_Sign in with_username'

2022-01-17 18:39:43 - [TEST_STEP][PASSED] - setEncryptedText(findTestObject("Object Repository/Page_Element/input_Username_password"), "5R3Ima4A+eOeCrCDRGMLmJpaGR3V3+YI"): Text ****** has been set on object 'Object Repository/Page_Element/input_Username_password'

2022-01-17 18:39:45 - [MESSAGE][PASSED] - Text ****** has been set on object 'Object Repository/Page_Element/input_Username_password'

2022-01-17 18:39:45 - [TEST_STEP][PASSED] - click(findTestObject("Object Repository/Page_Element/input_Forgot password_mx_Login_submit")): Object: 'Object Repository/Page_Element/input_Forgot password_mx_Login_submit' is clicked on

2022-01-17 18:39:47 - [MESSAGE][PASSED] - Object: 'Object Repository/Page_Element/input_Forgot password_mx_Login_submit' is clicked on

2022-01-17 18:39:47 - [TEST_STEP][PASSED] - click(findTestObject("Object Repository/Page_Element/div_Verify with Security Key")): Object: 'Object Repository/Page_Element/div_Verify with Security Key' is clicked on

2022-01-17 18:39:53 - [MESSAGE][PASSED] - Object: 'Object Repository/Page_Element/div_Verify with Security Key' is clicked on

2022-01-17 18:39:53 - [TEST_STEP][PASSED] - setEncryptedText(findTestObject("Object Repository/Page_Element/input_Security Key_mx_Field_4"), "PF4jXtbe/5x5+S5PgN4Kl/QbANAkWZYKqKaG9gW6gn+Po31AOnak0DX8GoEzAUkskgpeON1UhfEqZG0XXngJPA=="): Text ****** has been set on object 'Object Repository/Page_Element/input_Security Key_mx_Field_4'

2022-01-17 18:39:55 - [MESSAGE][PASSED] - Text ****** has been set on object 'Object Repository/Page_Element/input_Security Key_mx_Field_4'

2022-01-17 18:39:55 - [TEST_STEP][PASSED] - click(findTestObject("Object Repository/Page_Element/button_Continue")): Object: 'Object Repository/Page_Element/button_Continue' is clicked on

2022-01-17 18:39:56 - [MESSAGE][PASSED] - Object: 'Object Repository/Page_Element/button_Continue' is clicked on

2022-01-17 18:39:56 - [TEST_STEP][PASSED] - click(findTestObject("Object Repository/Page_Element/div_Done")): Object: 'Object Repository/Page_Element/div_Done' is clicked on

2022-01-17 18:39:59 - [MESSAGE][PASSED] - Object: 'Object Repository/Page_Element/div_Done' is clicked on

2022-01-17 18:39:59 - [TEST_STEP][PASSED] - rightClick(findTestObject("Object Repository/Page_Element/img_Review_mx_BaseAvatar_image")): Object: 'Object Repository/Page_Element/img_Review_mx_BaseAvatar_image' is right clicked on

2022-01-17 18:39:59 - [MESSAGE][PASSED] - Object: 'Object Repository/Page_Element/img_Review_mx_BaseAvatar_image' is right clicked on

2022-01-17 18:39:59 - [TEST_STEP][PASSED] - click(findTestObject("Object Repository/Page_Element/div_All settings")): Object: 'Object Repository/Page_Element/div_All settings' is clicked on

2022-01-17 18:40:00 - [MESSAGE][PASSED] - Object: 'Object Repository/Page_Element/div_All settings' is clicked on

2022-01-17 18:40:00 - [TEST_STEP][PASSED] - click(findTestObject("Object Repository/Page_Element/div_Preferences")): Object: 'Object Repository/Page_Element/div_Preferences' is clicked on

2022-01-17 18:40:02 - [MESSAGE][PASSED] - Object: 'Object Repository/Page_Element/div_Preferences' is clicked on

2022-01-17 18:40:02 - [TEST_STEP][PASSED] - click(findTestObject("Object Repository/Page_Element/div_Enable automatic language detection for_7a18d5")): Object: 'Object Repository/Page_Element/div_Enable automatic language detection for_7a18d5' is clicked on

2022-01-17 18:40:04 - [MESSAGE][PASSED] - Object: 'Object Repository/Page_Element/div_Enable automatic language detection for_7a18d5' is clicked on

2022-01-17 18:40:04 - [TEST_STEP][PASSED] - click(findTestObject("Object Repository/Page_Element/div_Enable automatic language detection for_9f13ec")): Object: 'Object Repository/Page_Element/div_Enable automatic language detection for_9f13ec' is clicked on

2022-01-17 18:40:05 - [MESSAGE][PASSED] - Object: 'Object Repository/Page_Element/div_Enable automatic language detection for_9f13ec' is clicked on

2022-01-17 18:40:05 - [TEST_STEP][PASSED] - click(findTestObject("Object Repository/Page_Element/div_Settings_mx_AccessibleButton mx_Dialog__4987e8")): Object: 'Object Repository/Page_Element/div_Settings_mx_AccessibleButton mx_Dialog__4987e8' is clicked on

2022-01-17 18:40:06 - [MESSAGE][PASSED] - Object: 'Object Repository/Page_Element/div_Settings_mx_AccessibleButton mx_Dialog__4987e8' is clicked on

2022-01-17 18:40:06 - [TEST_STEP][PASSED] - closeBrowser(): Browser is closed

2022-01-17 18:40:07 - [MESSAGE][PASSED] - Browser is closed]]></system-out>
         <system-err><![CDATA[]]></system-err>
      </testcase>
      <testcase name="Test Cases/78.RightClickSpace" time="31.661" classname="Test Cases/78.RightClickSpace" status="PASSED">
         <system-out><![CDATA[2022-01-17 18:40:07 - [TEST_CASE][PASSED] - Test Cases/78.RightClickSpace: Test Cases/78.RightClickSpace

2022-01-17 18:40:07 - [TEST_STEP][PASSED] - openBrowser(""): Browser is opened with url: ''

2022-01-17 18:40:07 - [MESSAGE][INFO] - Starting 'Chrome' driver

2022-01-17 18:40:07 - [MESSAGE][INFO] - Action delay is set to 1,000 milliseconds

2022-01-17 18:40:08 - [MESSAGE][PASSED] - Browser is opened with url: ''

2022-01-17 18:40:08 - [TEST_STEP][PASSED] - navigateToUrl("http://localhost:8080/"): Navigate to 'http://localhost:8080/' successfully

2022-01-17 18:40:11 - [MESSAGE][PASSED] - Navigate to 'http://localhost:8080/' successfully

2022-01-17 18:40:11 - [TEST_STEP][PASSED] - click(findTestObject("Object Repository/Page_Element/div_Sign In")): Object: 'Object Repository/Page_Element/div_Sign In' is clicked on

2022-01-17 18:40:15 - [MESSAGE][PASSED] - Object: 'Object Repository/Page_Element/div_Sign In' is clicked on

2022-01-17 18:40:15 - [TEST_STEP][PASSED] - setText(findTestObject("Object Repository/Page_Element/input_Sign in with_username"), "ptnha19"): Text 'ptnha19' is set on object 'Object Repository/Page_Element/input_Sign in with_username'

2022-01-17 18:40:18 - [MESSAGE][PASSED] - Text 'ptnha19' is set on object 'Object Repository/Page_Element/input_Sign in with_username'

2022-01-17 18:40:18 - [TEST_STEP][PASSED] - setEncryptedText(findTestObject("Object Repository/Page_Element/input_Username_password"), "5R3Ima4A+eOeCrCDRGMLmJpaGR3V3+YI"): Text ****** has been set on object 'Object Repository/Page_Element/input_Username_password'

2022-01-17 18:40:20 - [MESSAGE][PASSED] - Text ****** has been set on object 'Object Repository/Page_Element/input_Username_password'

2022-01-17 18:40:20 - [TEST_STEP][PASSED] - click(findTestObject("Object Repository/Page_Element/input_Forgot password_mx_Login_submit")): Object: 'Object Repository/Page_Element/input_Forgot password_mx_Login_submit' is clicked on

2022-01-17 18:40:21 - [MESSAGE][PASSED] - Object: 'Object Repository/Page_Element/input_Forgot password_mx_Login_submit' is clicked on

2022-01-17 18:40:21 - [TEST_STEP][PASSED] - click(findTestObject("Object Repository/Page_Element/div_Verify with Security Key")): Object: 'Object Repository/Page_Element/div_Verify with Security Key' is clicked on

2022-01-17 18:40:27 - [MESSAGE][PASSED] - Object: 'Object Repository/Page_Element/div_Verify with Security Key' is clicked on

2022-01-17 18:40:27 - [TEST_STEP][PASSED] - setEncryptedText(findTestObject("Object Repository/Page_Element/input_Security Key_mx_Field_4"), "PF4jXtbe/5x5+S5PgN4Kl/QbANAkWZYKqKaG9gW6gn+Po31AOnak0DX8GoEzAUkskgpeON1UhfEqZG0XXngJPA=="): Text ****** has been set on object 'Object Repository/Page_Element/input_Security Key_mx_Field_4'

2022-01-17 18:40:30 - [MESSAGE][PASSED] - Text ****** has been set on object 'Object Repository/Page_Element/input_Security Key_mx_Field_4'

2022-01-17 18:40:30 - [TEST_STEP][PASSED] - click(findTestObject("Object Repository/Page_Element/button_Continue")): Object: 'Object Repository/Page_Element/button_Continue' is clicked on

2022-01-17 18:40:31 - [MESSAGE][PASSED] - Object: 'Object Repository/Page_Element/button_Continue' is clicked on

2022-01-17 18:40:31 - [TEST_STEP][PASSED] - click(findTestObject("Object Repository/Page_Element/div_Done")): Object: 'Object Repository/Page_Element/div_Done' is clicked on

2022-01-17 18:40:33 - [MESSAGE][PASSED] - Object: 'Object Repository/Page_Element/div_Done' is clicked on

2022-01-17 18:40:33 - [TEST_STEP][PASSED] - rightClick(findTestObject("Object Repository/Page_Element/span_H")): Object: 'Object Repository/Page_Element/span_H' is right clicked on

2022-01-17 18:40:33 - [MESSAGE][PASSED] - Object: 'Object Repository/Page_Element/span_H' is right clicked on

2022-01-17 18:40:33 - [TEST_STEP][PASSED] - click(findTestObject("Object Repository/Page_Element/span_Manage  explore rooms")): Object: 'Object Repository/Page_Element/span_Manage  explore rooms' is clicked on

2022-01-17 18:40:34 - [MESSAGE][PASSED] - Object: 'Object Repository/Page_Element/span_Manage  explore rooms' is clicked on

2022-01-17 18:40:34 - [TEST_STEP][PASSED] - setText(findTestObject("Object Repository/Page_Element  hey ban Khoa/input_This is a test space_mx_textinput_ico_852234"), "abc"): Text 'abc' is set on object 'Object Repository/Page_Element  hey ban Khoa/input_This is a test space_mx_textinput_ico_852234'

2022-01-17 18:40:37 - [MESSAGE][PASSED] - Text 'abc' is set on object 'Object Repository/Page_Element  hey ban Khoa/input_This is a test space_mx_textinput_ico_852234'

2022-01-17 18:40:37 - [TEST_STEP][PASSED] - click(findTestObject("Object Repository/Page_Element  hey ban Khoa/div_This is a test space_mx_AccessibleButto_bf32ba")): Object: 'Object Repository/Page_Element  hey ban Khoa/div_This is a test space_mx_AccessibleButto_bf32ba' is clicked on

2022-01-17 18:40:38 - [MESSAGE][PASSED] - Object: 'Object Repository/Page_Element  hey ban Khoa/div_This is a test space_mx_AccessibleButto_bf32ba' is clicked on

2022-01-17 18:40:38 - [TEST_STEP][PASSED] - closeBrowser(): Browser is closed

2022-01-17 18:40:38 - [MESSAGE][PASSED] - Browser is closed]]></system-out>
         <system-err><![CDATA[]]></system-err>
      </testcase>
      <testcase name="Test Cases/80.PreferemcesSpace_RightClick" time="33.2" classname="Test Cases/80.PreferemcesSpace_RightClick" status="PASSED">
         <system-out><![CDATA[2022-01-17 18:40:38 - [TEST_CASE][PASSED] - Test Cases/80.PreferemcesSpace_RightClick: Test Cases/80.PreferemcesSpace_RightClick

2022-01-17 18:40:39 - [TEST_STEP][PASSED] - openBrowser(""): Browser is opened with url: ''

2022-01-17 18:40:39 - [MESSAGE][INFO] - Starting 'Chrome' driver

2022-01-17 18:40:39 - [MESSAGE][INFO] - Action delay is set to 1,000 milliseconds

2022-01-17 18:40:40 - [MESSAGE][PASSED] - Browser is opened with url: ''

2022-01-17 18:40:40 - [TEST_STEP][PASSED] - navigateToUrl("http://localhost:8080/"): Navigate to 'http://localhost:8080/' successfully

2022-01-17 18:40:42 - [MESSAGE][PASSED] - Navigate to 'http://localhost:8080/' successfully

2022-01-17 18:40:42 - [TEST_STEP][PASSED] - click(findTestObject("Object Repository/Page_Element/div_Sign In")): Object: 'Object Repository/Page_Element/div_Sign In' is clicked on

2022-01-17 18:40:46 - [MESSAGE][PASSED] - Object: 'Object Repository/Page_Element/div_Sign In' is clicked on

2022-01-17 18:40:46 - [TEST_STEP][PASSED] - setText(findTestObject("Object Repository/Page_Element/input_Sign in with_username"), "ptnha19"): Text 'ptnha19' is set on object 'Object Repository/Page_Element/input_Sign in with_username'

2022-01-17 18:40:51 - [MESSAGE][PASSED] - Text 'ptnha19' is set on object 'Object Repository/Page_Element/input_Sign in with_username'

2022-01-17 18:40:51 - [TEST_STEP][PASSED] - setEncryptedText(findTestObject("Object Repository/Page_Element/input_Username_password"), "5R3Ima4A+eOeCrCDRGMLmJpaGR3V3+YI"): Text ****** has been set on object 'Object Repository/Page_Element/input_Username_password'

2022-01-17 18:40:53 - [MESSAGE][PASSED] - Text ****** has been set on object 'Object Repository/Page_Element/input_Username_password'

2022-01-17 18:40:53 - [TEST_STEP][PASSED] - click(findTestObject("Object Repository/Page_Element/input_Forgot password_mx_Login_submit")): Object: 'Object Repository/Page_Element/input_Forgot password_mx_Login_submit' is clicked on

2022-01-17 18:40:54 - [MESSAGE][PASSED] - Object: 'Object Repository/Page_Element/input_Forgot password_mx_Login_submit' is clicked on

2022-01-17 18:40:54 - [TEST_STEP][PASSED] - click(findTestObject("Object Repository/Page_Element/div_Verify with Security Key")): Object: 'Object Repository/Page_Element/div_Verify with Security Key' is clicked on

2022-01-17 18:41:00 - [MESSAGE][PASSED] - Object: 'Object Repository/Page_Element/div_Verify with Security Key' is clicked on

2022-01-17 18:41:00 - [TEST_STEP][PASSED] - setEncryptedText(findTestObject("Object Repository/Page_Element/input_Security Key_mx_Field_4"), "PF4jXtbe/5x5+S5PgN4Kl/QbANAkWZYKqKaG9gW6gn+Po31AOnak0DX8GoEzAUkskgpeON1UhfEqZG0XXngJPA=="): Text ****** has been set on object 'Object Repository/Page_Element/input_Security Key_mx_Field_4'

2022-01-17 18:41:03 - [MESSAGE][PASSED] - Text ****** has been set on object 'Object Repository/Page_Element/input_Security Key_mx_Field_4'

2022-01-17 18:41:03 - [TEST_STEP][PASSED] - click(findTestObject("Object Repository/Page_Element/button_Continue")): Object: 'Object Repository/Page_Element/button_Continue' is clicked on

2022-01-17 18:41:04 - [MESSAGE][PASSED] - Object: 'Object Repository/Page_Element/button_Continue' is clicked on

2022-01-17 18:41:04 - [TEST_STEP][PASSED] - click(findTestObject("Object Repository/Page_Element/div_Done")): Object: 'Object Repository/Page_Element/div_Done' is clicked on

2022-01-17 18:41:06 - [MESSAGE][PASSED] - Object: 'Object Repository/Page_Element/div_Done' is clicked on

2022-01-17 18:41:06 - [TEST_STEP][PASSED] - rightClick(findTestObject("Object Repository/Page_Element/span_H")): Object: 'Object Repository/Page_Element/span_H' is right clicked on

2022-01-17 18:41:06 - [MESSAGE][PASSED] - Object: 'Object Repository/Page_Element/span_H' is right clicked on

2022-01-17 18:41:06 - [TEST_STEP][PASSED] - click(findTestObject("Object Repository/Page_Element/span_Preferences")): Object: 'Object Repository/Page_Element/span_Preferences' is clicked on

2022-01-17 18:41:07 - [MESSAGE][PASSED] - Object: 'Object Repository/Page_Element/span_Preferences' is clicked on

2022-01-17 18:41:07 - [TEST_STEP][PASSED] - click(findTestObject("Object Repository/Page_Element/div_Sections to show_mx_Checkbox_background")): Object: 'Object Repository/Page_Element/div_Sections to show_mx_Checkbox_background' is clicked on

2022-01-17 18:41:08 - [MESSAGE][PASSED] - Object: 'Object Repository/Page_Element/div_Sections to show_mx_Checkbox_background' is clicked on

2022-01-17 18:41:08 - [TEST_STEP][PASSED] - click(findTestObject("Object Repository/Page_Element/div_Sections to show_mx_Checkbox_checkmark")): Object: 'Object Repository/Page_Element/div_Sections to show_mx_Checkbox_checkmark' is clicked on

2022-01-17 18:41:10 - [MESSAGE][PASSED] - Object: 'Object Repository/Page_Element/div_Sections to show_mx_Checkbox_checkmark' is clicked on

2022-01-17 18:41:10 - [TEST_STEP][PASSED] - click(findTestObject("Object Repository/Page_Element/div_Preferences_mx_AccessibleButton mx_Dial_364915")): Object: 'Object Repository/Page_Element/div_Preferences_mx_AccessibleButton mx_Dial_364915' is clicked on

2022-01-17 18:41:11 - [MESSAGE][PASSED] - Object: 'Object Repository/Page_Element/div_Preferences_mx_AccessibleButton mx_Dial_364915' is clicked on

2022-01-17 18:41:11 - [TEST_STEP][PASSED] - closeBrowser(): Browser is closed

2022-01-17 18:41:12 - [MESSAGE][PASSED] - Browser is closed]]></system-out>
         <system-err><![CDATA[]]></system-err>
      </testcase>
      <testcase name="Test Cases/82.SignIn02" time="9.988" classname="Test Cases/82.SignIn02" status="FAILED">
         <failure type="FAILED" message="Test Cases/82.SignIn02 FAILED.
Reason:
com.kms.katalon.core.exception.StepFailedException: Unable to click on object 'Object Repository/Page_Element/div_English (US)'
	at com.kms.katalon.core.webui.keyword.internal.WebUIKeywordMain.stepFailed(WebUIKeywordMain.groovy:64)
	at com.kms.katalon.core.webui.keyword.internal.WebUIKeywordMain.runKeyword(WebUIKeywordMain.groovy:26)
	at com.kms.katalon.core.webui.keyword.builtin.ClickKeyword.click(ClickKeyword.groovy:74)
	at com.kms.katalon.core.webui.keyword.builtin.ClickKeyword.execute(ClickKeyword.groovy:40)
	at com.kms.katalon.core.keyword.internal.KeywordExecutor.executeKeywordForPlatform(KeywordExecutor.groovy:74)
	at com.kms.katalon.core.webui.keyword.WebUiBuiltInKeywords.click(WebUiBuiltInKeywords.groovy:620)
	at com.kms.katalon.core.webui.keyword.WebUiBuiltInKeywords$click$1.call(Unknown Source)
	at 82.SignIn02.run(82.SignIn02:24)
	at com.kms.katalon.core.main.ScriptEngine.run(ScriptEngine.java:194)
	at com.kms.katalon.core.main.ScriptEngine.runScriptAsRawText(ScriptEngine.java:119)
	at com.kms.katalon.core.main.TestCaseExecutor.runScript(TestCaseExecutor.java:442)
	at com.kms.katalon.core.main.TestCaseExecutor.doExecute(TestCaseExecutor.java:433)
	at com.kms.katalon.core.main.TestCaseExecutor.processExecutionPhase(TestCaseExecutor.java:412)
	at com.kms.katalon.core.main.TestCaseExecutor.accessMainPhase(TestCaseExecutor.java:404)
	at com.kms.katalon.core.main.TestCaseExecutor.execute(TestCaseExecutor.java:281)
	at com.kms.katalon.core.main.TestSuiteExecutor.accessTestCaseMainPhase(TestSuiteExecutor.java:202)
	at com.kms.katalon.core.main.TestSuiteExecutor.accessTestSuiteMainPhase(TestSuiteExecutor.java:164)
	at com.kms.katalon.core.main.TestSuiteExecutor.execute(TestSuiteExecutor.java:105)
	at com.kms.katalon.core.main.TestCaseMain.startTestSuite(TestCaseMain.java:181)
	at com.kms.katalon.core.main.TestCaseMain$startTestSuite$0.call(Unknown Source)
	at TempTestSuite1642419492812.run(TempTestSuite1642419492812.groovy:36)
Caused by: org.openqa.selenium.StaleElementReferenceException: stale element reference: element is not attached to the page document
  (Session info: chrome=97.0.4692.71)
For documentation on this error, please visit: https://www.seleniumhq.org/exceptions/stale_element_reference.html
Build info: version: '3.141.59', revision: 'e82be7d358', time: '2018-11-14T08:25:53'
System info: host: 'PIKACHU-PC', ip: '192.168.1.152', os.name: 'Windows 10', os.arch: 'amd64', os.version: '10.0', java.version: '1.8.0_282'
Driver info: com.kms.katalon.selenium.driver.CChromeDriver
Capabilities {acceptInsecureCerts: false, browserName: chrome, browserVersion: 97.0.4692.71, chrome: {chromedriverVersion: 97.0.4692.71 (adefa7837d02a..., userDataDir: C:\Users\Pikachu\AppData\Lo...}, goog:chromeOptions: {debuggerAddress: localhost:51049}, javascriptEnabled: true, networkConnectionEnabled: false, pageLoadStrategy: normal, platform: WINDOWS, platformName: WINDOWS, proxy: Proxy(), setWindowRect: true, strictFileInteractability: false, timeouts: {implicit: 0, pageLoad: 300000, script: 30000}, unhandledPromptBehavior: dismiss and notify, webauthn:extension:credBlob: true, webauthn:extension:largeBlob: true, webauthn:virtualAuthenticators: true}
Session ID: 6335bdf951f4f1f290f7a6e4db7ec24f
	at org.openqa.selenium.remote.http.W3CHttpResponseCodec.createException(W3CHttpResponseCodec.java:187)
	at org.openqa.selenium.remote.http.W3CHttpResponseCodec.decode(W3CHttpResponseCodec.java:122)
	at org.openqa.selenium.remote.http.W3CHttpResponseCodec.decode(W3CHttpResponseCodec.java:49)
	at org.openqa.selenium.remote.HttpCommandExecutor.execute(HttpCommandExecutor.java:158)
	at org.openqa.selenium.remote.service.DriverCommandExecutor.execute(DriverCommandExecutor.java:83)
	at org.openqa.selenium.remote.RemoteWebDriver.execute(RemoteWebDriver.java:552)
	at com.kms.katalon.selenium.driver.CChromeDriver.execute(CChromeDriver.java:19)
	at org.openqa.selenium.remote.RemoteWebElement.execute(RemoteWebElement.java:285)
	at org.openqa.selenium.remote.RemoteWebElement.click(RemoteWebElement.java:84)
	at org.openqa.selenium.support.events.EventFiringWebDriver$EventFiringWebElement.lambda$new$0(EventFiringWebDriver.java:404)
	at com.sun.proxy.$Proxy11.click(Unknown Source)
	at org.openqa.selenium.support.events.EventFiringWebDriver$EventFiringWebElement.click(EventFiringWebDriver.java:417)
	at org.openqa.selenium.WebElement$click.call(Unknown Source)
	at com.kms.katalon.core.webui.keyword.builtin.ClickKeyword.clickUntilSuccessWithTimeout(ClickKeyword.groovy:81)
	at com.kms.katalon.core.webui.keyword.builtin.ClickKeyword.clickUntilSuccessWithTimeout(ClickKeyword.groovy)
	at com.kms.katalon.core.webui.keyword.builtin.ClickKeyword$_click_closure1.doCall(ClickKeyword.groovy:67)
	at com.kms.katalon.core.webui.keyword.builtin.ClickKeyword$_click_closure1.call(ClickKeyword.groovy)
	at com.kms.katalon.core.webui.keyword.internal.WebUIKeywordMain.runKeyword(WebUIKeywordMain.groovy:20)
	... 19 more
"/>
         <system-out><![CDATA[2022-01-17 18:41:12 - [TEST_CASE][FAILED] - Test Cases/82.SignIn02: Test Cases/82.SignIn02 FAILED.
Reason:
com.kms.katalon.core.exception.StepFailedException: Unable to click on object 'Object Repository/Page_Element/div_English (US)'
	at com.kms.katalon.core.webui.keyword.internal.WebUIKeywordMain.stepFailed(WebUIKeywordMain.groovy:64)
	at com.kms.katalon.core.webui.keyword.internal.WebUIKeywordMain.runKeyword(WebUIKeywordMain.groovy:26)
	at com.kms.katalon.core.webui.keyword.builtin.ClickKeyword.click(ClickKeyword.groovy:74)
	at com.kms.katalon.core.webui.keyword.builtin.ClickKeyword.execute(ClickKeyword.groovy:40)
	at com.kms.katalon.core.keyword.internal.KeywordExecutor.executeKeywordForPlatform(KeywordExecutor.groovy:74)
	at com.kms.katalon.core.webui.keyword.WebUiBuiltInKeywords.click(WebUiBuiltInKeywords.groovy:620)
	at com.kms.katalon.core.webui.keyword.WebUiBuiltInKeywords$click$1.call(Unknown Source)
	at 82.SignIn02.run(82.SignIn02:24)
	at com.kms.katalon.core.main.ScriptEngine.run(ScriptEngine.java:194)
	at com.kms.katalon.core.main.ScriptEngine.runScriptAsRawText(ScriptEngine.java:119)
	at com.kms.katalon.core.main.TestCaseExecutor.runScript(TestCaseExecutor.java:442)
	at com.kms.katalon.core.main.TestCaseExecutor.doExecute(TestCaseExecutor.java:433)
	at com.kms.katalon.core.main.TestCaseExecutor.processExecutionPhase(TestCaseExecutor.java:412)
	at com.kms.katalon.core.main.TestCaseExecutor.accessMainPhase(TestCaseExecutor.java:404)
	at com.kms.katalon.core.main.TestCaseExecutor.execute(TestCaseExecutor.java:281)
	at com.kms.katalon.core.main.TestSuiteExecutor.accessTestCaseMainPhase(TestSuiteExecutor.java:202)
	at com.kms.katalon.core.main.TestSuiteExecutor.accessTestSuiteMainPhase(TestSuiteExecutor.java:164)
	at com.kms.katalon.core.main.TestSuiteExecutor.execute(TestSuiteExecutor.java:105)
	at com.kms.katalon.core.main.TestCaseMain.startTestSuite(TestCaseMain.java:181)
	at com.kms.katalon.core.main.TestCaseMain$startTestSuite$0.call(Unknown Source)
	at TempTestSuite1642419492812.run(TempTestSuite1642419492812.groovy:36)
Caused by: org.openqa.selenium.StaleElementReferenceException: stale element reference: element is not attached to the page document
  (Session info: chrome=97.0.4692.71)
For documentation on this error, please visit: https://www.seleniumhq.org/exceptions/stale_element_reference.html
Build info: version: '3.141.59', revision: 'e82be7d358', time: '2018-11-14T08:25:53'
System info: host: 'PIKACHU-PC', ip: '192.168.1.152', os.name: 'Windows 10', os.arch: 'amd64', os.version: '10.0', java.version: '1.8.0_282'
Driver info: com.kms.katalon.selenium.driver.CChromeDriver
Capabilities {acceptInsecureCerts: false, browserName: chrome, browserVersion: 97.0.4692.71, chrome: {chromedriverVersion: 97.0.4692.71 (adefa7837d02a..., userDataDir: C:\Users\Pikachu\AppData\Lo...}, goog:chromeOptions: {debuggerAddress: localhost:51049}, javascriptEnabled: true, networkConnectionEnabled: false, pageLoadStrategy: normal, platform: WINDOWS, platformName: WINDOWS, proxy: Proxy(), setWindowRect: true, strictFileInteractability: false, timeouts: {implicit: 0, pageLoad: 300000, script: 30000}, unhandledPromptBehavior: dismiss and notify, webauthn:extension:credBlob: true, webauthn:extension:largeBlob: true, webauthn:virtualAuthenticators: true}
Session ID: 6335bdf951f4f1f290f7a6e4db7ec24f
	at org.openqa.selenium.remote.http.W3CHttpResponseCodec.createException(W3CHttpResponseCodec.java:187)
	at org.openqa.selenium.remote.http.W3CHttpResponseCodec.decode(W3CHttpResponseCodec.java:122)
	at org.openqa.selenium.remote.http.W3CHttpResponseCodec.decode(W3CHttpResponseCodec.java:49)
	at org.openqa.selenium.remote.HttpCommandExecutor.execute(HttpCommandExecutor.java:158)
	at org.openqa.selenium.remote.service.DriverCommandExecutor.execute(DriverCommandExecutor.java:83)
	at org.openqa.selenium.remote.RemoteWebDriver.execute(RemoteWebDriver.java:552)
	at com.kms.katalon.selenium.driver.CChromeDriver.execute(CChromeDriver.java:19)
	at org.openqa.selenium.remote.RemoteWebElement.execute(RemoteWebElement.java:285)
	at org.openqa.selenium.remote.RemoteWebElement.click(RemoteWebElement.java:84)
	at org.openqa.selenium.support.events.EventFiringWebDriver$EventFiringWebElement.lambda$new$0(EventFiringWebDriver.java:404)
	at com.sun.proxy.$Proxy11.click(Unknown Source)
	at org.openqa.selenium.support.events.EventFiringWebDriver$EventFiringWebElement.click(EventFiringWebDriver.java:417)
	at org.openqa.selenium.WebElement$click.call(Unknown Source)
	at com.kms.katalon.core.webui.keyword.builtin.ClickKeyword.clickUntilSuccessWithTimeout(ClickKeyword.groovy:81)
	at com.kms.katalon.core.webui.keyword.builtin.ClickKeyword.clickUntilSuccessWithTimeout(ClickKeyword.groovy)
	at com.kms.katalon.core.webui.keyword.builtin.ClickKeyword$_click_closure1.doCall(ClickKeyword.groovy:67)
	at com.kms.katalon.core.webui.keyword.builtin.ClickKeyword$_click_closure1.call(ClickKeyword.groovy)
	at com.kms.katalon.core.webui.keyword.internal.WebUIKeywordMain.runKeyword(WebUIKeywordMain.groovy:20)
	... 19 more


2022-01-17 18:41:12 - [TEST_STEP][PASSED] - openBrowser(""): Browser is opened with url: ''

2022-01-17 18:41:12 - [MESSAGE][INFO] - Starting 'Chrome' driver

2022-01-17 18:41:12 - [MESSAGE][INFO] - Action delay is set to 1,000 milliseconds

2022-01-17 18:41:13 - [MESSAGE][PASSED] - Browser is opened with url: ''

2022-01-17 18:41:13 - [TEST_STEP][PASSED] - navigateToUrl("http://localhost:8080/"): Navigate to 'http://localhost:8080/' successfully

2022-01-17 18:41:16 - [MESSAGE][PASSED] - Navigate to 'http://localhost:8080/' successfully

2022-01-17 18:41:16 - [TEST_STEP][FAILED] - click(findTestObject("Object Repository/Page_Element/div_English (US)")): Unable to click on object 'Object Repository/Page_Element/div_English (US)' (Root cause: com.kms.katalon.core.exception.StepFailedException: Unable to click on object 'Object Repository/Page_Element/div_English (US)'
	at com.kms.katalon.core.webui.keyword.internal.WebUIKeywordMain.stepFailed(WebUIKeywordMain.groovy:64)
	at com.kms.katalon.core.webui.keyword.internal.WebUIKeywordMain.runKeyword(WebUIKeywordMain.groovy:26)
	at com.kms.katalon.core.webui.keyword.builtin.ClickKeyword.click(ClickKeyword.groovy:74)
	at com.kms.katalon.core.webui.keyword.builtin.ClickKeyword.execute(ClickKeyword.groovy:40)
	at com.kms.katalon.core.keyword.internal.KeywordExecutor.executeKeywordForPlatform(KeywordExecutor.groovy:74)
	at com.kms.katalon.core.webui.keyword.WebUiBuiltInKeywords.click(WebUiBuiltInKeywords.groovy:620)
	at com.kms.katalon.core.webui.keyword.WebUiBuiltInKeywords$click$1.call(Unknown Source)
	at 82.SignIn02.run(82.SignIn02:24)
	at com.kms.katalon.core.main.ScriptEngine.run(ScriptEngine.java:194)
	at com.kms.katalon.core.main.ScriptEngine.runScriptAsRawText(ScriptEngine.java:119)
	at com.kms.katalon.core.main.TestCaseExecutor.runScript(TestCaseExecutor.java:442)
	at com.kms.katalon.core.main.TestCaseExecutor.doExecute(TestCaseExecutor.java:433)
	at com.kms.katalon.core.main.TestCaseExecutor.processExecutionPhase(TestCaseExecutor.java:412)
	at com.kms.katalon.core.main.TestCaseExecutor.accessMainPhase(TestCaseExecutor.java:404)
	at com.kms.katalon.core.main.TestCaseExecutor.execute(TestCaseExecutor.java:281)
	at com.kms.katalon.core.main.TestSuiteExecutor.accessTestCaseMainPhase(TestSuiteExecutor.java:202)
	at com.kms.katalon.core.main.TestSuiteExecutor.accessTestSuiteMainPhase(TestSuiteExecutor.java:164)
	at com.kms.katalon.core.main.TestSuiteExecutor.execute(TestSuiteExecutor.java:105)
	at com.kms.katalon.core.main.TestCaseMain.startTestSuite(TestCaseMain.java:181)
	at com.kms.katalon.core.main.TestCaseMain$startTestSuite$0.call(Unknown Source)
	at TempTestSuite1642419492812.run(TempTestSuite1642419492812.groovy:36)
Caused by: org.openqa.selenium.StaleElementReferenceException: stale element reference: element is not attached to the page document
  (Session info: chrome=97.0.4692.71)
For documentation on this error, please visit: https://www.seleniumhq.org/exceptions/stale_element_reference.html
Build info: version: '3.141.59', revision: 'e82be7d358', time: '2018-11-14T08:25:53'
System info: host: 'PIKACHU-PC', ip: '192.168.1.152', os.name: 'Windows 10', os.arch: 'amd64', os.version: '10.0', java.version: '1.8.0_282'
Driver info: com.kms.katalon.selenium.driver.CChromeDriver
Capabilities {acceptInsecureCerts: false, browserName: chrome, browserVersion: 97.0.4692.71, chrome: {chromedriverVersion: 97.0.4692.71 (adefa7837d02a..., userDataDir: C:\Users\Pikachu\AppData\Lo...}, goog:chromeOptions: {debuggerAddress: localhost:51049}, javascriptEnabled: true, networkConnectionEnabled: false, pageLoadStrategy: normal, platform: WINDOWS, platformName: WINDOWS, proxy: Proxy(), setWindowRect: true, strictFileInteractability: false, timeouts: {implicit: 0, pageLoad: 300000, script: 30000}, unhandledPromptBehavior: dismiss and notify, webauthn:extension:credBlob: true, webauthn:extension:largeBlob: true, webauthn:virtualAuthenticators: true}
Session ID: 6335bdf951f4f1f290f7a6e4db7ec24f
	at org.openqa.selenium.remote.http.W3CHttpResponseCodec.createException(W3CHttpResponseCodec.java:187)
	at org.openqa.selenium.remote.http.W3CHttpResponseCodec.decode(W3CHttpResponseCodec.java:122)
	at org.openqa.selenium.remote.http.W3CHttpResponseCodec.decode(W3CHttpResponseCodec.java:49)
	at org.openqa.selenium.remote.HttpCommandExecutor.execute(HttpCommandExecutor.java:158)
	at org.openqa.selenium.remote.service.DriverCommandExecutor.execute(DriverCommandExecutor.java:83)
	at org.openqa.selenium.remote.RemoteWebDriver.execute(RemoteWebDriver.java:552)
	at com.kms.katalon.selenium.driver.CChromeDriver.execute(CChromeDriver.java:19)
	at org.openqa.selenium.remote.RemoteWebElement.execute(RemoteWebElement.java:285)
	at org.openqa.selenium.remote.RemoteWebElement.click(RemoteWebElement.java:84)
	at org.openqa.selenium.support.events.EventFiringWebDriver$EventFiringWebElement.lambda$new$0(EventFiringWebDriver.java:404)
	at com.sun.proxy.$Proxy11.click(Unknown Source)
	at org.openqa.selenium.support.events.EventFiringWebDriver$EventFiringWebElement.click(EventFiringWebDriver.java:417)
	at org.openqa.selenium.WebElement$click.call(Unknown Source)
	at com.kms.katalon.core.webui.keyword.builtin.ClickKeyword.clickUntilSuccessWithTimeout(ClickKeyword.groovy:81)
	at com.kms.katalon.core.webui.keyword.builtin.ClickKeyword.clickUntilSuccessWithTimeout(ClickKeyword.groovy)
	at com.kms.katalon.core.webui.keyword.builtin.ClickKeyword$_click_closure1.doCall(ClickKeyword.groovy:67)
	at com.kms.katalon.core.webui.keyword.builtin.ClickKeyword$_click_closure1.call(ClickKeyword.groovy)
	at com.kms.katalon.core.webui.keyword.internal.WebUIKeywordMain.runKeyword(WebUIKeywordMain.groovy:20)
	at com.kms.katalon.core.webui.keyword.builtin.ClickKeyword.click(ClickKeyword.groovy:74)
	at com.kms.katalon.core.webui.keyword.builtin.ClickKeyword.execute(ClickKeyword.groovy:40)
	at com.kms.katalon.core.keyword.internal.KeywordExecutor.executeKeywordForPlatform(KeywordExecutor.groovy:74)
	at com.kms.katalon.core.webui.keyword.WebUiBuiltInKeywords.click(WebUiBuiltInKeywords.groovy:620)
	at com.kms.katalon.core.webui.keyword.WebUiBuiltInKeywords$click$1.call(Unknown Source)
	at Script1642351650600.run(Script1642351650600.groovy:24)
	... 13 more
)

2022-01-17 18:41:22 - [MESSAGE][FAILED] - Unable to click on object 'Object Repository/Page_Element/div_English (US)' (Root cause: com.kms.katalon.core.exception.StepFailedException: Unable to click on object 'Object Repository/Page_Element/div_English (US)'
	at com.kms.katalon.core.webui.keyword.internal.WebUIKeywordMain.stepFailed(WebUIKeywordMain.groovy:64)
	at com.kms.katalon.core.webui.keyword.internal.WebUIKeywordMain.runKeyword(WebUIKeywordMain.groovy:26)
	at com.kms.katalon.core.webui.keyword.builtin.ClickKeyword.click(ClickKeyword.groovy:74)
	at com.kms.katalon.core.webui.keyword.builtin.ClickKeyword.execute(ClickKeyword.groovy:40)
	at com.kms.katalon.core.keyword.internal.KeywordExecutor.executeKeywordForPlatform(KeywordExecutor.groovy:74)
	at com.kms.katalon.core.webui.keyword.WebUiBuiltInKeywords.click(WebUiBuiltInKeywords.groovy:620)
	at com.kms.katalon.core.webui.keyword.WebUiBuiltInKeywords$click$1.call(Unknown Source)
	at 82.SignIn02.run(82.SignIn02:24)
	at com.kms.katalon.core.main.ScriptEngine.run(ScriptEngine.java:194)
	at com.kms.katalon.core.main.ScriptEngine.runScriptAsRawText(ScriptEngine.java:119)
	at com.kms.katalon.core.main.TestCaseExecutor.runScript(TestCaseExecutor.java:442)
	at com.kms.katalon.core.main.TestCaseExecutor.doExecute(TestCaseExecutor.java:433)
	at com.kms.katalon.core.main.TestCaseExecutor.processExecutionPhase(TestCaseExecutor.java:412)
	at com.kms.katalon.core.main.TestCaseExecutor.accessMainPhase(TestCaseExecutor.java:404)
	at com.kms.katalon.core.main.TestCaseExecutor.execute(TestCaseExecutor.java:281)
	at com.kms.katalon.core.main.TestSuiteExecutor.accessTestCaseMainPhase(TestSuiteExecutor.java:202)
	at com.kms.katalon.core.main.TestSuiteExecutor.accessTestSuiteMainPhase(TestSuiteExecutor.java:164)
	at com.kms.katalon.core.main.TestSuiteExecutor.execute(TestSuiteExecutor.java:105)
	at com.kms.katalon.core.main.TestCaseMain.startTestSuite(TestCaseMain.java:181)
	at com.kms.katalon.core.main.TestCaseMain$startTestSuite$0.call(Unknown Source)
	at TempTestSuite1642419492812.run(TempTestSuite1642419492812.groovy:36)
Caused by: org.openqa.selenium.StaleElementReferenceException: stale element reference: element is not attached to the page document
  (Session info: chrome=97.0.4692.71)
For documentation on this error, please visit: https://www.seleniumhq.org/exceptions/stale_element_reference.html
Build info: version: '3.141.59', revision: 'e82be7d358', time: '2018-11-14T08:25:53'
System info: host: 'PIKACHU-PC', ip: '192.168.1.152', os.name: 'Windows 10', os.arch: 'amd64', os.version: '10.0', java.version: '1.8.0_282'
Driver info: com.kms.katalon.selenium.driver.CChromeDriver
Capabilities {acceptInsecureCerts: false, browserName: chrome, browserVersion: 97.0.4692.71, chrome: {chromedriverVersion: 97.0.4692.71 (adefa7837d02a..., userDataDir: C:\Users\Pikachu\AppData\Lo...}, goog:chromeOptions: {debuggerAddress: localhost:51049}, javascriptEnabled: true, networkConnectionEnabled: false, pageLoadStrategy: normal, platform: WINDOWS, platformName: WINDOWS, proxy: Proxy(), setWindowRect: true, strictFileInteractability: false, timeouts: {implicit: 0, pageLoad: 300000, script: 30000}, unhandledPromptBehavior: dismiss and notify, webauthn:extension:credBlob: true, webauthn:extension:largeBlob: true, webauthn:virtualAuthenticators: true}
Session ID: 6335bdf951f4f1f290f7a6e4db7ec24f
	at org.openqa.selenium.remote.http.W3CHttpResponseCodec.createException(W3CHttpResponseCodec.java:187)
	at org.openqa.selenium.remote.http.W3CHttpResponseCodec.decode(W3CHttpResponseCodec.java:122)
	at org.openqa.selenium.remote.http.W3CHttpResponseCodec.decode(W3CHttpResponseCodec.java:49)
	at org.openqa.selenium.remote.HttpCommandExecutor.execute(HttpCommandExecutor.java:158)
	at org.openqa.selenium.remote.service.DriverCommandExecutor.execute(DriverCommandExecutor.java:83)
	at org.openqa.selenium.remote.RemoteWebDriver.execute(RemoteWebDriver.java:552)
	at com.kms.katalon.selenium.driver.CChromeDriver.execute(CChromeDriver.java:19)
	at org.openqa.selenium.remote.RemoteWebElement.execute(RemoteWebElement.java:285)
	at org.openqa.selenium.remote.RemoteWebElement.click(RemoteWebElement.java:84)
	at org.openqa.selenium.support.events.EventFiringWebDriver$EventFiringWebElement.lambda$new$0(EventFiringWebDriver.java:404)
	at com.sun.proxy.$Proxy11.click(Unknown Source)
	at org.openqa.selenium.support.events.EventFiringWebDriver$EventFiringWebElement.click(EventFiringWebDriver.java:417)
	at org.openqa.selenium.WebElement$click.call(Unknown Source)
	at com.kms.katalon.core.webui.keyword.builtin.ClickKeyword.clickUntilSuccessWithTimeout(ClickKeyword.groovy:81)
	at com.kms.katalon.core.webui.keyword.builtin.ClickKeyword.clickUntilSuccessWithTimeout(ClickKeyword.groovy)
	at com.kms.katalon.core.webui.keyword.builtin.ClickKeyword$_click_closure1.doCall(ClickKeyword.groovy:67)
	at com.kms.katalon.core.webui.keyword.builtin.ClickKeyword$_click_closure1.call(ClickKeyword.groovy)
	at com.kms.katalon.core.webui.keyword.internal.WebUIKeywordMain.runKeyword(WebUIKeywordMain.groovy:20)
	at com.kms.katalon.core.webui.keyword.builtin.ClickKeyword.click(ClickKeyword.groovy:74)
	at com.kms.katalon.core.webui.keyword.builtin.ClickKeyword.execute(ClickKeyword.groovy:40)
	at com.kms.katalon.core.keyword.internal.KeywordExecutor.executeKeywordForPlatform(KeywordExecutor.groovy:74)
	at com.kms.katalon.core.webui.keyword.WebUiBuiltInKeywords.click(WebUiBuiltInKeywords.groovy:620)
	at com.kms.katalon.core.webui.keyword.WebUiBuiltInKeywords$click$1.call(Unknown Source)
	at Script1642351650600.run(Script1642351650600.groovy:24)
	... 13 more
)
[[ATTACHMENT|C:\\Users\\Pikachu\\Documents\\Bonus-SE\\Katalon_pj\\Bonus_SE\\Reports\\20220117_183812\\Run all test case\\20220117_183812\\1642419681033.png]]]]></system-out>
         <system-err><![CDATA[2022-01-17 18:41:12 - [TEST_CASE][FAILED] - Test Cases/82.SignIn02: Test Cases/82.SignIn02 FAILED.
Reason:
com.kms.katalon.core.exception.StepFailedException: Unable to click on object 'Object Repository/Page_Element/div_English (US)'
	at com.kms.katalon.core.webui.keyword.internal.WebUIKeywordMain.stepFailed(WebUIKeywordMain.groovy:64)
	at com.kms.katalon.core.webui.keyword.internal.WebUIKeywordMain.runKeyword(WebUIKeywordMain.groovy:26)
	at com.kms.katalon.core.webui.keyword.builtin.ClickKeyword.click(ClickKeyword.groovy:74)
	at com.kms.katalon.core.webui.keyword.builtin.ClickKeyword.execute(ClickKeyword.groovy:40)
	at com.kms.katalon.core.keyword.internal.KeywordExecutor.executeKeywordForPlatform(KeywordExecutor.groovy:74)
	at com.kms.katalon.core.webui.keyword.WebUiBuiltInKeywords.click(WebUiBuiltInKeywords.groovy:620)
	at com.kms.katalon.core.webui.keyword.WebUiBuiltInKeywords$click$1.call(Unknown Source)
	at 82.SignIn02.run(82.SignIn02:24)
	at com.kms.katalon.core.main.ScriptEngine.run(ScriptEngine.java:194)
	at com.kms.katalon.core.main.ScriptEngine.runScriptAsRawText(ScriptEngine.java:119)
	at com.kms.katalon.core.main.TestCaseExecutor.runScript(TestCaseExecutor.java:442)
	at com.kms.katalon.core.main.TestCaseExecutor.doExecute(TestCaseExecutor.java:433)
	at com.kms.katalon.core.main.TestCaseExecutor.processExecutionPhase(TestCaseExecutor.java:412)
	at com.kms.katalon.core.main.TestCaseExecutor.accessMainPhase(TestCaseExecutor.java:404)
	at com.kms.katalon.core.main.TestCaseExecutor.execute(TestCaseExecutor.java:281)
	at com.kms.katalon.core.main.TestSuiteExecutor.accessTestCaseMainPhase(TestSuiteExecutor.java:202)
	at com.kms.katalon.core.main.TestSuiteExecutor.accessTestSuiteMainPhase(TestSuiteExecutor.java:164)
	at com.kms.katalon.core.main.TestSuiteExecutor.execute(TestSuiteExecutor.java:105)
	at com.kms.katalon.core.main.TestCaseMain.startTestSuite(TestCaseMain.java:181)
	at com.kms.katalon.core.main.TestCaseMain$startTestSuite$0.call(Unknown Source)
	at TempTestSuite1642419492812.run(TempTestSuite1642419492812.groovy:36)
Caused by: org.openqa.selenium.StaleElementReferenceException: stale element reference: element is not attached to the page document
  (Session info: chrome=97.0.4692.71)
For documentation on this error, please visit: https://www.seleniumhq.org/exceptions/stale_element_reference.html
Build info: version: '3.141.59', revision: 'e82be7d358', time: '2018-11-14T08:25:53'
System info: host: 'PIKACHU-PC', ip: '192.168.1.152', os.name: 'Windows 10', os.arch: 'amd64', os.version: '10.0', java.version: '1.8.0_282'
Driver info: com.kms.katalon.selenium.driver.CChromeDriver
Capabilities {acceptInsecureCerts: false, browserName: chrome, browserVersion: 97.0.4692.71, chrome: {chromedriverVersion: 97.0.4692.71 (adefa7837d02a..., userDataDir: C:\Users\Pikachu\AppData\Lo...}, goog:chromeOptions: {debuggerAddress: localhost:51049}, javascriptEnabled: true, networkConnectionEnabled: false, pageLoadStrategy: normal, platform: WINDOWS, platformName: WINDOWS, proxy: Proxy(), setWindowRect: true, strictFileInteractability: false, timeouts: {implicit: 0, pageLoad: 300000, script: 30000}, unhandledPromptBehavior: dismiss and notify, webauthn:extension:credBlob: true, webauthn:extension:largeBlob: true, webauthn:virtualAuthenticators: true}
Session ID: 6335bdf951f4f1f290f7a6e4db7ec24f
	at org.openqa.selenium.remote.http.W3CHttpResponseCodec.createException(W3CHttpResponseCodec.java:187)
	at org.openqa.selenium.remote.http.W3CHttpResponseCodec.decode(W3CHttpResponseCodec.java:122)
	at org.openqa.selenium.remote.http.W3CHttpResponseCodec.decode(W3CHttpResponseCodec.java:49)
	at org.openqa.selenium.remote.HttpCommandExecutor.execute(HttpCommandExecutor.java:158)
	at org.openqa.selenium.remote.service.DriverCommandExecutor.execute(DriverCommandExecutor.java:83)
	at org.openqa.selenium.remote.RemoteWebDriver.execute(RemoteWebDriver.java:552)
	at com.kms.katalon.selenium.driver.CChromeDriver.execute(CChromeDriver.java:19)
	at org.openqa.selenium.remote.RemoteWebElement.execute(RemoteWebElement.java:285)
	at org.openqa.selenium.remote.RemoteWebElement.click(RemoteWebElement.java:84)
	at org.openqa.selenium.support.events.EventFiringWebDriver$EventFiringWebElement.lambda$new$0(EventFiringWebDriver.java:404)
	at com.sun.proxy.$Proxy11.click(Unknown Source)
	at org.openqa.selenium.support.events.EventFiringWebDriver$EventFiringWebElement.click(EventFiringWebDriver.java:417)
	at org.openqa.selenium.WebElement$click.call(Unknown Source)
	at com.kms.katalon.core.webui.keyword.builtin.ClickKeyword.clickUntilSuccessWithTimeout(ClickKeyword.groovy:81)
	at com.kms.katalon.core.webui.keyword.builtin.ClickKeyword.clickUntilSuccessWithTimeout(ClickKeyword.groovy)
	at com.kms.katalon.core.webui.keyword.builtin.ClickKeyword$_click_closure1.doCall(ClickKeyword.groovy:67)
	at com.kms.katalon.core.webui.keyword.builtin.ClickKeyword$_click_closure1.call(ClickKeyword.groovy)
	at com.kms.katalon.core.webui.keyword.internal.WebUIKeywordMain.runKeyword(WebUIKeywordMain.groovy:20)
	... 19 more]]></system-err>
      </testcase>
      <testcase name="Test Cases/85.SignInFail02" time="27.996" classname="Test Cases/85.SignInFail02" status="PASSED">
         <system-out><![CDATA[2022-01-17 18:41:22 - [TEST_CASE][PASSED] - Test Cases/85.SignInFail02: Test Cases/85.SignInFail02

2022-01-17 18:41:22 - [TEST_STEP][PASSED] - openBrowser(""): Browser is opened with url: ''

2022-01-17 18:41:22 - [MESSAGE][WARNING] - A browser is already opened. Closing browser and opening a new one

2022-01-17 18:41:23 - [MESSAGE][INFO] - Starting 'Chrome' driver

2022-01-17 18:41:23 - [MESSAGE][INFO] - Action delay is set to 1,000 milliseconds

2022-01-17 18:41:25 - [MESSAGE][PASSED] - Browser is opened with url: ''

2022-01-17 18:41:25 - [TEST_STEP][PASSED] - navigateToUrl("http://localhost:8080/"): Navigate to 'http://localhost:8080/' successfully

2022-01-17 18:41:27 - [MESSAGE][PASSED] - Navigate to 'http://localhost:8080/' successfully

2022-01-17 18:41:27 - [TEST_STEP][PASSED] - click(findTestObject("Object Repository/Page_Element/div_Explore rooms")): Object: 'Object Repository/Page_Element/div_Explore rooms' is clicked on

2022-01-17 18:41:31 - [MESSAGE][PASSED] - Object: 'Object Repository/Page_Element/div_Explore rooms' is clicked on

2022-01-17 18:41:31 - [TEST_STEP][PASSED] - setText(findTestObject("Object Repository/Page_Element/input_Create a new room_dirsearch"), "dhb"): Text 'dhb' is set on object 'Object Repository/Page_Element/input_Create a new room_dirsearch'

2022-01-17 18:41:33 - [MESSAGE][PASSED] - Text 'dhb' is set on object 'Object Repository/Page_Element/input_Create a new room_dirsearch'

2022-01-17 18:41:33 - [TEST_STEP][PASSED] - delay(5): Delayed 5 second(s)

2022-01-17 18:41:38 - [MESSAGE][PASSED] - Delayed 5 second(s)

2022-01-17 18:41:38 - [TEST_STEP][PASSED] - click(findTestObject("Object Repository/Page_Element/div_Preview")): Object: 'Object Repository/Page_Element/div_Preview' is clicked on

2022-01-17 18:41:41 - [MESSAGE][PASSED] - Object: 'Object Repository/Page_Element/div_Preview' is clicked on

2022-01-17 18:41:41 - [TEST_STEP][PASSED] - click(findTestObject("Object Repository/Page_Element/button_Sign In")): Object: 'Object Repository/Page_Element/button_Sign In' is clicked on

2022-01-17 18:41:42 - [MESSAGE][PASSED] - Object: 'Object Repository/Page_Element/button_Sign In' is clicked on

2022-01-17 18:41:42 - [TEST_STEP][PASSED] - setText(findTestObject("Object Repository/Page_Element/input_Sign in with_username"), "ptnha19"): Text 'ptnha19' is set on object 'Object Repository/Page_Element/input_Sign in with_username'

2022-01-17 18:41:46 - [MESSAGE][PASSED] - Text 'ptnha19' is set on object 'Object Repository/Page_Element/input_Sign in with_username'

2022-01-17 18:41:46 - [TEST_STEP][PASSED] - setEncryptedText(findTestObject("Object Repository/Page_Element/input_Username_password"), "8ylGA/40/qI="): Text ****** has been set on object 'Object Repository/Page_Element/input_Username_password'

2022-01-17 18:41:48 - [MESSAGE][PASSED] - Text ****** has been set on object 'Object Repository/Page_Element/input_Username_password'

2022-01-17 18:41:48 - [TEST_STEP][PASSED] - click(findTestObject("Object Repository/Page_Element/input_Forgot password_mx_Login_submit")): Object: 'Object Repository/Page_Element/input_Forgot password_mx_Login_submit' is clicked on

2022-01-17 18:41:49 - [MESSAGE][PASSED] - Object: 'Object Repository/Page_Element/input_Forgot password_mx_Login_submit' is clicked on

2022-01-17 18:41:49 - [TEST_STEP][PASSED] - closeBrowser(): Browser is closed

2022-01-17 18:41:50 - [MESSAGE][PASSED] - Browser is closed]]></system-out>
         <system-err><![CDATA[]]></system-err>
      </testcase>
      <testcase name="Test Cases/90.ExploreRoomCreateGroup" time="39.238" classname="Test Cases/90.ExploreRoomCreateGroup" status="PASSED">
         <system-out><![CDATA[2022-01-17 18:41:50 - [TEST_CASE][PASSED] - Test Cases/90.ExploreRoomCreateGroup: Test Cases/90.ExploreRoomCreateGroup

2022-01-17 18:41:50 - [TEST_STEP][PASSED] - openBrowser(""): Browser is opened with url: ''

2022-01-17 18:41:50 - [MESSAGE][INFO] - Starting 'Chrome' driver

2022-01-17 18:41:50 - [MESSAGE][INFO] - Action delay is set to 1,000 milliseconds

2022-01-17 18:41:51 - [MESSAGE][PASSED] - Browser is opened with url: ''

2022-01-17 18:41:51 - [TEST_STEP][PASSED] - navigateToUrl("http://localhost:8080/"): Navigate to 'http://localhost:8080/' successfully

2022-01-17 18:41:54 - [MESSAGE][PASSED] - Navigate to 'http://localhost:8080/' successfully

2022-01-17 18:41:54 - [TEST_STEP][PASSED] - click(findTestObject("Object Repository/Page_Element/div_Sign In")): Object: 'Object Repository/Page_Element/div_Sign In' is clicked on

2022-01-17 18:41:58 - [MESSAGE][PASSED] - Object: 'Object Repository/Page_Element/div_Sign In' is clicked on

2022-01-17 18:41:58 - [TEST_STEP][PASSED] - setText(findTestObject("Object Repository/Page_Element/input_Sign in with_username"), "ptnha19"): Text 'ptnha19' is set on object 'Object Repository/Page_Element/input_Sign in with_username'

2022-01-17 18:42:02 - [MESSAGE][PASSED] - Text 'ptnha19' is set on object 'Object Repository/Page_Element/input_Sign in with_username'

2022-01-17 18:42:02 - [TEST_STEP][PASSED] - setEncryptedText(findTestObject("Object Repository/Page_Element/input_Username_password"), "5R3Ima4A+eOeCrCDRGMLmJpaGR3V3+YI"): Text ****** has been set on object 'Object Repository/Page_Element/input_Username_password'

2022-01-17 18:42:04 - [MESSAGE][PASSED] - Text ****** has been set on object 'Object Repository/Page_Element/input_Username_password'

2022-01-17 18:42:04 - [TEST_STEP][PASSED] - click(findTestObject("Object Repository/Page_Element/input_Forgot password_mx_Login_submit")): Object: 'Object Repository/Page_Element/input_Forgot password_mx_Login_submit' is clicked on

2022-01-17 18:42:05 - [MESSAGE][PASSED] - Object: 'Object Repository/Page_Element/input_Forgot password_mx_Login_submit' is clicked on

2022-01-17 18:42:05 - [TEST_STEP][PASSED] - click(findTestObject("Object Repository/Page_Element/div_Verify with Security Key")): Object: 'Object Repository/Page_Element/div_Verify with Security Key' is clicked on

2022-01-17 18:42:12 - [MESSAGE][PASSED] - Object: 'Object Repository/Page_Element/div_Verify with Security Key' is clicked on

2022-01-17 18:42:12 - [TEST_STEP][PASSED] - setEncryptedText(findTestObject("Object Repository/Page_Element/input_Security Key_mx_Field_4"), "PF4jXtbe/5x5+S5PgN4Kl/QbANAkWZYKqKaG9gW6gn+Po31AOnak0DX8GoEzAUkskgpeON1UhfEqZG0XXngJPA=="): Text ****** has been set on object 'Object Repository/Page_Element/input_Security Key_mx_Field_4'

2022-01-17 18:42:14 - [MESSAGE][PASSED] - Text ****** has been set on object 'Object Repository/Page_Element/input_Security Key_mx_Field_4'

2022-01-17 18:42:14 - [TEST_STEP][PASSED] - click(findTestObject("Object Repository/Page_Element/button_Continue")): Object: 'Object Repository/Page_Element/button_Continue' is clicked on

2022-01-17 18:42:15 - [MESSAGE][PASSED] - Object: 'Object Repository/Page_Element/button_Continue' is clicked on

2022-01-17 18:42:15 - [TEST_STEP][PASSED] - click(findTestObject("Object Repository/Page_Element/div_Done")): Object: 'Object Repository/Page_Element/div_Done' is clicked on

2022-01-17 18:42:17 - [MESSAGE][PASSED] - Object: 'Object Repository/Page_Element/div_Done' is clicked on

2022-01-17 18:42:17 - [TEST_STEP][PASSED] - click(findTestObject("Object Repository/Page_Element/span_Explore public rooms")): Object: 'Object Repository/Page_Element/span_Explore public rooms' is clicked on

2022-01-17 18:42:18 - [MESSAGE][PASSED] - Object: 'Object Repository/Page_Element/span_Explore public rooms' is clicked on

2022-01-17 18:42:18 - [TEST_STEP][PASSED] - setText(findTestObject("Object Repository/Page_Element/input_Create a new room_dirsearch"), "abc"): Text 'abc' is set on object 'Object Repository/Page_Element/input_Create a new room_dirsearch'

2022-01-17 18:42:22 - [MESSAGE][PASSED] - Text 'abc' is set on object 'Object Repository/Page_Element/input_Create a new room_dirsearch'

2022-01-17 18:42:22 - [TEST_STEP][PASSED] - click(findTestObject("Object Repository/Page_Element/div_Explore rooms_mx_AccessibleButton mx_Di_ac37a4")): Object: 'Object Repository/Page_Element/div_Explore rooms_mx_AccessibleButton mx_Di_ac37a4' is clicked on

2022-01-17 18:42:24 - [MESSAGE][PASSED] - Object: 'Object Repository/Page_Element/div_Explore rooms_mx_AccessibleButton mx_Di_ac37a4' is clicked on

2022-01-17 18:42:24 - [TEST_STEP][PASSED] - click(findTestObject("Object Repository/Page_Element/div_Create a Group Chat")): Object: 'Object Repository/Page_Element/div_Create a Group Chat' is clicked on

2022-01-17 18:42:25 - [MESSAGE][PASSED] - Object: 'Object Repository/Page_Element/div_Create a Group Chat' is clicked on

2022-01-17 18:42:25 - [TEST_STEP][PASSED] - click(findTestObject("Object Repository/Page_Element/div_Private room (invite only)")): Object: 'Object Repository/Page_Element/div_Private room (invite only)' is clicked on

2022-01-17 18:42:26 - [MESSAGE][PASSED] - Object: 'Object Repository/Page_Element/div_Private room (invite only)' is clicked on

2022-01-17 18:42:26 - [TEST_STEP][PASSED] - click(findTestObject("Object Repository/Page_Element/div_Public room")): Object: 'Object Repository/Page_Element/div_Public room' is clicked on

2022-01-17 18:42:27 - [MESSAGE][PASSED] - Object: 'Object Repository/Page_Element/div_Public room' is clicked on

2022-01-17 18:42:27 - [TEST_STEP][PASSED] - click(findTestObject("Object Repository/Page_Element/button_Cancel")): Object: 'Object Repository/Page_Element/button_Cancel' is clicked on

2022-01-17 18:42:28 - [MESSAGE][PASSED] - Object: 'Object Repository/Page_Element/button_Cancel' is clicked on

2022-01-17 18:42:28 - [TEST_STEP][PASSED] - closeBrowser(): Browser is closed

2022-01-17 18:42:29 - [MESSAGE][PASSED] - Browser is closed]]></system-out>
         <system-err><![CDATA[]]></system-err>
      </testcase>
      <testcase name="Test Cases/91.SendMessageCreateGroup" time="39.642" classname="Test Cases/91.SendMessageCreateGroup" status="PASSED">
         <system-out><![CDATA[2022-01-17 18:42:29 - [TEST_CASE][PASSED] - Test Cases/91.SendMessageCreateGroup: Test Cases/91.SendMessageCreateGroup

2022-01-17 18:42:29 - [TEST_STEP][PASSED] - openBrowser(""): Browser is opened with url: ''

2022-01-17 18:42:29 - [MESSAGE][INFO] - Starting 'Chrome' driver

2022-01-17 18:42:29 - [MESSAGE][INFO] - Action delay is set to 1,000 milliseconds

2022-01-17 18:42:30 - [MESSAGE][PASSED] - Browser is opened with url: ''

2022-01-17 18:42:30 - [TEST_STEP][PASSED] - navigateToUrl("http://localhost:8080/"): Navigate to 'http://localhost:8080/' successfully

2022-01-17 18:42:33 - [MESSAGE][PASSED] - Navigate to 'http://localhost:8080/' successfully

2022-01-17 18:42:33 - [TEST_STEP][PASSED] - click(findTestObject("Object Repository/Page_Element/div_Sign In")): Object: 'Object Repository/Page_Element/div_Sign In' is clicked on

2022-01-17 18:42:36 - [MESSAGE][PASSED] - Object: 'Object Repository/Page_Element/div_Sign In' is clicked on

2022-01-17 18:42:36 - [TEST_STEP][PASSED] - setText(findTestObject("Object Repository/Page_Element/input_Sign in with_username"), "ptnha19"): Text 'ptnha19' is set on object 'Object Repository/Page_Element/input_Sign in with_username'

2022-01-17 18:42:40 - [MESSAGE][PASSED] - Text 'ptnha19' is set on object 'Object Repository/Page_Element/input_Sign in with_username'

2022-01-17 18:42:40 - [TEST_STEP][PASSED] - setEncryptedText(findTestObject("Object Repository/Page_Element/input_Username_password"), "5R3Ima4A+eOeCrCDRGMLmJpaGR3V3+YI"): Text ****** has been set on object 'Object Repository/Page_Element/input_Username_password'

2022-01-17 18:42:42 - [MESSAGE][PASSED] - Text ****** has been set on object 'Object Repository/Page_Element/input_Username_password'

2022-01-17 18:42:42 - [TEST_STEP][PASSED] - click(findTestObject("Object Repository/Page_Element/input_Forgot password_mx_Login_submit")): Object: 'Object Repository/Page_Element/input_Forgot password_mx_Login_submit' is clicked on

2022-01-17 18:42:43 - [MESSAGE][PASSED] - Object: 'Object Repository/Page_Element/input_Forgot password_mx_Login_submit' is clicked on

2022-01-17 18:42:43 - [TEST_STEP][PASSED] - click(findTestObject("Object Repository/Page_Element/div_Verify with Security Key")): Object: 'Object Repository/Page_Element/div_Verify with Security Key' is clicked on

2022-01-17 18:42:49 - [MESSAGE][PASSED] - Object: 'Object Repository/Page_Element/div_Verify with Security Key' is clicked on

2022-01-17 18:42:49 - [TEST_STEP][PASSED] - setEncryptedText(findTestObject("Object Repository/Page_Element/input_Security Key_mx_Field_4"), "PF4jXtbe/5x5+S5PgN4Kl/QbANAkWZYKqKaG9gW6gn+Po31AOnak0DX8GoEzAUkskgpeON1UhfEqZG0XXngJPA=="): Text ****** has been set on object 'Object Repository/Page_Element/input_Security Key_mx_Field_4'

2022-01-17 18:42:52 - [MESSAGE][PASSED] - Text ****** has been set on object 'Object Repository/Page_Element/input_Security Key_mx_Field_4'

2022-01-17 18:42:52 - [TEST_STEP][PASSED] - click(findTestObject("Object Repository/Page_Element/button_Continue")): Object: 'Object Repository/Page_Element/button_Continue' is clicked on

2022-01-17 18:42:53 - [MESSAGE][PASSED] - Object: 'Object Repository/Page_Element/button_Continue' is clicked on

2022-01-17 18:42:53 - [TEST_STEP][PASSED] - click(findTestObject("Object Repository/Page_Element/div_Done")): Object: 'Object Repository/Page_Element/div_Done' is clicked on

2022-01-17 18:42:55 - [MESSAGE][PASSED] - Object: 'Object Repository/Page_Element/div_Done' is clicked on

2022-01-17 18:42:55 - [TEST_STEP][PASSED] - click(findTestObject("Object Repository/Page_Element/span_Send a Direct Message")): Object: 'Object Repository/Page_Element/span_Send a Direct Message' is clicked on

2022-01-17 18:42:56 - [MESSAGE][PASSED] - Object: 'Object Repository/Page_Element/span_Send a Direct Message' is clicked on

2022-01-17 18:42:56 - [TEST_STEP][PASSED] - click(findTestObject("Object Repository/Page_Element/div_Direct Messages_mx_AccessibleButton mx__57a7bb")): Object: 'Object Repository/Page_Element/div_Direct Messages_mx_AccessibleButton mx__57a7bb' is clicked on

2022-01-17 18:42:58 - [MESSAGE][PASSED] - Object: 'Object Repository/Page_Element/div_Direct Messages_mx_AccessibleButton mx__57a7bb' is clicked on

2022-01-17 18:42:58 - [TEST_STEP][PASSED] - click(findTestObject("Object Repository/Page_Element/div_Create a Group Chat")): Object: 'Object Repository/Page_Element/div_Create a Group Chat' is clicked on

2022-01-17 18:42:59 - [MESSAGE][PASSED] - Object: 'Object Repository/Page_Element/div_Create a Group Chat' is clicked on

2022-01-17 18:42:59 - [TEST_STEP][PASSED] - click(findTestObject("Object Repository/Page_Element/div_Enable end-to-end encryption_mx_Accessi_02f4c6")): Object: 'Object Repository/Page_Element/div_Enable end-to-end encryption_mx_Accessi_02f4c6' is clicked on

2022-01-17 18:43:00 - [MESSAGE][PASSED] - Object: 'Object Repository/Page_Element/div_Enable end-to-end encryption_mx_Accessi_02f4c6' is clicked on

2022-01-17 18:43:00 - [TEST_STEP][PASSED] - click(findTestObject("Object Repository/Page_Element/div_Enable end-to-end encryption_mx_Accessi_461c8f")): Object: 'Object Repository/Page_Element/div_Enable end-to-end encryption_mx_Accessi_461c8f' is clicked on

2022-01-17 18:43:01 - [MESSAGE][PASSED] - Object: 'Object Repository/Page_Element/div_Enable end-to-end encryption_mx_Accessi_461c8f' is clicked on

2022-01-17 18:43:01 - [TEST_STEP][PASSED] - click(findTestObject("Object Repository/Page_Element/div_Private room (invite only)")): Object: 'Object Repository/Page_Element/div_Private room (invite only)' is clicked on

2022-01-17 18:43:02 - [MESSAGE][PASSED] - Object: 'Object Repository/Page_Element/div_Private room (invite only)' is clicked on

2022-01-17 18:43:02 - [TEST_STEP][PASSED] - click(findTestObject("Object Repository/Page_Element/div_Public room")): Object: 'Object Repository/Page_Element/div_Public room' is clicked on

2022-01-17 18:43:03 - [MESSAGE][PASSED] - Object: 'Object Repository/Page_Element/div_Public room' is clicked on

2022-01-17 18:43:03 - [TEST_STEP][PASSED] - click(findTestObject("Object Repository/Page_Element/div_Public room_1")): Object: 'Object Repository/Page_Element/div_Public room_1' is clicked on

2022-01-17 18:43:04 - [MESSAGE][PASSED] - Object: 'Object Repository/Page_Element/div_Public room_1' is clicked on

2022-01-17 18:43:04 - [TEST_STEP][PASSED] - click(findTestObject("Object Repository/Page_Element/div_Private room (invite only)_1")): Object: 'Object Repository/Page_Element/div_Private room (invite only)_1' is clicked on

2022-01-17 18:43:06 - [MESSAGE][PASSED] - Object: 'Object Repository/Page_Element/div_Private room (invite only)_1' is clicked on

2022-01-17 18:43:06 - [TEST_STEP][PASSED] - click(findTestObject("Object Repository/Page_Element/summary_Show advanced")): Object: 'Object Repository/Page_Element/summary_Show advanced' is clicked on

2022-01-17 18:43:07 - [MESSAGE][PASSED] - Object: 'Object Repository/Page_Element/summary_Show advanced' is clicked on

2022-01-17 18:43:07 - [TEST_STEP][PASSED] - click(findTestObject("Object Repository/Page_Element/div_Create a private room_mx_AccessibleButt_34e55a")): Object: 'Object Repository/Page_Element/div_Create a private room_mx_AccessibleButt_34e55a' is clicked on

2022-01-17 18:43:08 - [MESSAGE][PASSED] - Object: 'Object Repository/Page_Element/div_Create a private room_mx_AccessibleButt_34e55a' is clicked on

2022-01-17 18:43:08 - [TEST_STEP][PASSED] - closeBrowser(): Browser is closed

2022-01-17 18:43:09 - [MESSAGE][PASSED] - Browser is closed]]></system-out>
         <system-err><![CDATA[]]></system-err>
      </testcase>
      <testcase name="Test Cases/93.SendMessageExploreRoomCreateGroup" time="35.314" classname="Test Cases/93.SendMessageExploreRoomCreateGroup" status="PASSED">
         <system-out><![CDATA[2022-01-17 18:43:09 - [TEST_CASE][PASSED] - Test Cases/93.SendMessageExploreRoomCreateGroup: Test Cases/93.SendMessageExploreRoomCreateGroup

2022-01-17 18:43:09 - [TEST_STEP][PASSED] - openBrowser(""): Browser is opened with url: ''

2022-01-17 18:43:09 - [MESSAGE][INFO] - Starting 'Chrome' driver

2022-01-17 18:43:09 - [MESSAGE][INFO] - Action delay is set to 1,000 milliseconds

2022-01-17 18:43:10 - [MESSAGE][PASSED] - Browser is opened with url: ''

2022-01-17 18:43:10 - [TEST_STEP][PASSED] - navigateToUrl("http://localhost:8080/"): Navigate to 'http://localhost:8080/' successfully

2022-01-17 18:43:12 - [MESSAGE][PASSED] - Navigate to 'http://localhost:8080/' successfully

2022-01-17 18:43:12 - [TEST_STEP][PASSED] - click(findTestObject("Object Repository/Page_Element/div_Sign In")): Object: 'Object Repository/Page_Element/div_Sign In' is clicked on

2022-01-17 18:43:16 - [MESSAGE][PASSED] - Object: 'Object Repository/Page_Element/div_Sign In' is clicked on

2022-01-17 18:43:16 - [TEST_STEP][PASSED] - setText(findTestObject("Object Repository/Page_Element/input_Sign in with_username"), "ptnha19"): Text 'ptnha19' is set on object 'Object Repository/Page_Element/input_Sign in with_username'

2022-01-17 18:43:19 - [MESSAGE][PASSED] - Text 'ptnha19' is set on object 'Object Repository/Page_Element/input_Sign in with_username'

2022-01-17 18:43:19 - [TEST_STEP][PASSED] - click(findTestObject("Object Repository/Page_Element/input_Forgot password_mx_Login_submit")): Object: 'Object Repository/Page_Element/input_Forgot password_mx_Login_submit' is clicked on

2022-01-17 18:43:20 - [MESSAGE][PASSED] - Object: 'Object Repository/Page_Element/input_Forgot password_mx_Login_submit' is clicked on

2022-01-17 18:43:20 - [TEST_STEP][PASSED] - setEncryptedText(findTestObject("Object Repository/Page_Element/input_Username_password"), "5R3Ima4A+eOeCrCDRGMLmJpaGR3V3+YI"): Text ****** has been set on object 'Object Repository/Page_Element/input_Username_password'

2022-01-17 18:43:22 - [MESSAGE][PASSED] - Text ****** has been set on object 'Object Repository/Page_Element/input_Username_password'

2022-01-17 18:43:22 - [TEST_STEP][PASSED] - click(findTestObject("Object Repository/Page_Element/input_Forgot password_mx_Login_submit")): Object: 'Object Repository/Page_Element/input_Forgot password_mx_Login_submit' is clicked on

2022-01-17 18:43:23 - [MESSAGE][PASSED] - Object: 'Object Repository/Page_Element/input_Forgot password_mx_Login_submit' is clicked on

2022-01-17 18:43:23 - [TEST_STEP][PASSED] - click(findTestObject("Object Repository/Page_Element/div_Verify with Security Key")): Object: 'Object Repository/Page_Element/div_Verify with Security Key' is clicked on

2022-01-17 18:43:29 - [MESSAGE][PASSED] - Object: 'Object Repository/Page_Element/div_Verify with Security Key' is clicked on

2022-01-17 18:43:29 - [TEST_STEP][PASSED] - setEncryptedText(findTestObject("Object Repository/Page_Element/input_Security Key_mx_Field_4"), "PF4jXtbe/5x5+S5PgN4Kl/QbANAkWZYKqKaG9gW6gn+Po31AOnak0DX8GoEzAUkskgpeON1UhfEqZG0XXngJPA=="): Text ****** has been set on object 'Object Repository/Page_Element/input_Security Key_mx_Field_4'

2022-01-17 18:43:32 - [MESSAGE][PASSED] - Text ****** has been set on object 'Object Repository/Page_Element/input_Security Key_mx_Field_4'

2022-01-17 18:43:32 - [TEST_STEP][PASSED] - click(findTestObject("Object Repository/Page_Element/button_Continue")): Object: 'Object Repository/Page_Element/button_Continue' is clicked on

2022-01-17 18:43:33 - [MESSAGE][PASSED] - Object: 'Object Repository/Page_Element/button_Continue' is clicked on

2022-01-17 18:43:33 - [TEST_STEP][PASSED] - click(findTestObject("Object Repository/Page_Element/div_Done")): Object: 'Object Repository/Page_Element/div_Done' is clicked on

2022-01-17 18:43:35 - [MESSAGE][PASSED] - Object: 'Object Repository/Page_Element/div_Done' is clicked on

2022-01-17 18:43:35 - [TEST_STEP][PASSED] - click(findTestObject("Object Repository/Page_Element/span_Send a Direct Message")): Object: 'Object Repository/Page_Element/span_Send a Direct Message' is clicked on

2022-01-17 18:43:36 - [MESSAGE][PASSED] - Object: 'Object Repository/Page_Element/span_Send a Direct Message' is clicked on

2022-01-17 18:43:36 - [TEST_STEP][PASSED] - click(findTestObject("Object Repository/Page_Element/div_Direct Messages_mx_AccessibleButton mx__57a7bb")): Object: 'Object Repository/Page_Element/div_Direct Messages_mx_AccessibleButton mx__57a7bb' is clicked on

2022-01-17 18:43:37 - [MESSAGE][PASSED] - Object: 'Object Repository/Page_Element/div_Direct Messages_mx_AccessibleButton mx__57a7bb' is clicked on

2022-01-17 18:43:37 - [TEST_STEP][PASSED] - click(findTestObject("Object Repository/Page_Element/span_Explore public rooms")): Object: 'Object Repository/Page_Element/span_Explore public rooms' is clicked on

2022-01-17 18:43:39 - [MESSAGE][PASSED] - Object: 'Object Repository/Page_Element/span_Explore public rooms' is clicked on

2022-01-17 18:43:39 - [TEST_STEP][PASSED] - click(findTestObject("Object Repository/Page_Element/div_Create a new room")): Object: 'Object Repository/Page_Element/div_Create a new room' is clicked on

2022-01-17 18:43:40 - [MESSAGE][PASSED] - Object: 'Object Repository/Page_Element/div_Create a new room' is clicked on

2022-01-17 18:43:40 - [TEST_STEP][PASSED] - click(findTestObject("Object Repository/Page_Element/div_Create a public room_mx_AccessibleButto_14c7c4")): Object: 'Object Repository/Page_Element/div_Create a public room_mx_AccessibleButto_14c7c4' is clicked on

2022-01-17 18:43:41 - [MESSAGE][PASSED] - Object: 'Object Repository/Page_Element/div_Create a public room_mx_AccessibleButto_14c7c4' is clicked on

2022-01-17 18:43:41 - [TEST_STEP][PASSED] - click(findTestObject("Object Repository/Page_Element/span_Create a Group Chat")): Object: 'Object Repository/Page_Element/span_Create a Group Chat' is clicked on

2022-01-17 18:43:42 - [MESSAGE][PASSED] - Object: 'Object Repository/Page_Element/span_Create a Group Chat' is clicked on

2022-01-17 18:43:42 - [TEST_STEP][PASSED] - click(findTestObject("Object Repository/Page_Element/button_Cancel")): Object: 'Object Repository/Page_Element/button_Cancel' is clicked on

2022-01-17 18:43:43 - [MESSAGE][PASSED] - Object: 'Object Repository/Page_Element/button_Cancel' is clicked on

2022-01-17 18:43:43 - [TEST_STEP][PASSED] - closeBrowser(): Browser is closed

2022-01-17 18:43:44 - [MESSAGE][PASSED] - Browser is closed]]></system-out>
         <system-err><![CDATA[]]></system-err>
      </testcase>
      <testcase name="Test Cases/1.Sign_in_Pass" time="36.878" classname="Test Cases/1.Sign_in_Pass" status="PASSED">
         <system-out><![CDATA[2022-01-17 18:43:44 - [TEST_CASE][PASSED] - Test Cases/1.Sign_in_Pass: Test Cases/1.Sign_in_Pass

2022-01-17 18:43:44 - [TEST_STEP][PASSED] - openBrowser(""): Browser is opened with url: ''

2022-01-17 18:43:44 - [MESSAGE][INFO] - Starting 'Chrome' driver

2022-01-17 18:43:44 - [MESSAGE][INFO] - Action delay is set to 1,000 milliseconds

2022-01-17 18:43:45 - [MESSAGE][PASSED] - Browser is opened with url: ''

2022-01-17 18:43:45 - [TEST_STEP][PASSED] - navigateToUrl("http://localhost:8080/"): Navigate to 'http://localhost:8080/' successfully

2022-01-17 18:43:48 - [MESSAGE][PASSED] - Navigate to 'http://localhost:8080/' successfully

2022-01-17 18:43:48 - [TEST_STEP][PASSED] - click(findTestObject("Object Repository/Page_Element/a_Sign In")): Object: 'Object Repository/Page_Element/a_Sign In' is clicked on

2022-01-17 18:43:52 - [MESSAGE][PASSED] - Object: 'Object Repository/Page_Element/a_Sign In' is clicked on

2022-01-17 18:43:52 - [TEST_STEP][PASSED] - setText(findTestObject("Object Repository/Page_Element/input_Sign in with_username"), "ptnha19"): Text 'ptnha19' is set on object 'Object Repository/Page_Element/input_Sign in with_username'

2022-01-17 18:43:56 - [MESSAGE][PASSED] - Text 'ptnha19' is set on object 'Object Repository/Page_Element/input_Sign in with_username'

2022-01-17 18:43:56 - [TEST_STEP][PASSED] - setEncryptedText(findTestObject("Object Repository/Page_Element/input_Username_password"), "5R3Ima4A+eOeCrCDRGMLmJpaGR3V3+YI"): Text ****** has been set on object 'Object Repository/Page_Element/input_Username_password'

2022-01-17 18:43:58 - [MESSAGE][PASSED] - Text ****** has been set on object 'Object Repository/Page_Element/input_Username_password'

2022-01-17 18:43:58 - [TEST_STEP][PASSED] - click(findTestObject("Object Repository/Page_Element/input_Forgot password_mx_Login_submit")): Object: 'Object Repository/Page_Element/input_Forgot password_mx_Login_submit' is clicked on

2022-01-17 18:43:59 - [MESSAGE][PASSED] - Object: 'Object Repository/Page_Element/input_Forgot password_mx_Login_submit' is clicked on

2022-01-17 18:43:59 - [TEST_STEP][PASSED] - click(findTestObject("Object Repository/Page_Element/div_Verify with Security Key")): Object: 'Object Repository/Page_Element/div_Verify with Security Key' is clicked on

2022-01-17 18:44:05 - [MESSAGE][PASSED] - Object: 'Object Repository/Page_Element/div_Verify with Security Key' is clicked on

2022-01-17 18:44:05 - [TEST_STEP][PASSED] - click(findTestObject("Object Repository/Page_Element/div_Security Key")): Object: 'Object Repository/Page_Element/div_Security Key' is clicked on

2022-01-17 18:44:11 - [MESSAGE][PASSED] - Object: 'Object Repository/Page_Element/div_Security Key' is clicked on

2022-01-17 18:44:11 - [TEST_STEP][PASSED] - setEncryptedText(findTestObject("Object Repository/Page_Element/input_Security Key_mx_Field_4"), "PF4jXtbe/5x5+S5PgN4Kl/QbANAkWZYKqKaG9gW6gn+Po31AOnak0DX8GoEzAUkskgpeON1UhfEqZG0XXngJPA=="): Text ****** has been set on object 'Object Repository/Page_Element/input_Security Key_mx_Field_4'

2022-01-17 18:44:13 - [MESSAGE][PASSED] - Text ****** has been set on object 'Object Repository/Page_Element/input_Security Key_mx_Field_4'

2022-01-17 18:44:13 - [TEST_STEP][PASSED] - click(findTestObject("Object Repository/Page_Element/button_Continue")): Object: 'Object Repository/Page_Element/button_Continue' is clicked on

2022-01-17 18:44:14 - [MESSAGE][PASSED] - Object: 'Object Repository/Page_Element/button_Continue' is clicked on

2022-01-17 18:44:14 - [TEST_STEP][PASSED] - click(findTestObject("Object Repository/Page_Element/div_Done")): Object: 'Object Repository/Page_Element/div_Done' is clicked on

2022-01-17 18:44:16 - [MESSAGE][PASSED] - Object: 'Object Repository/Page_Element/div_Done' is clicked on

2022-01-17 18:44:16 - [TEST_STEP][PASSED] - click(findTestObject("Object Repository/Page_Element/img_Enable_mx_BaseAvatar_image")): Object: 'Object Repository/Page_Element/img_Enable_mx_BaseAvatar_image' is clicked on

2022-01-17 18:44:18 - [MESSAGE][PASSED] - Object: 'Object Repository/Page_Element/img_Enable_mx_BaseAvatar_image' is clicked on

2022-01-17 18:44:18 - [TEST_STEP][PASSED] - click(findTestObject("Object Repository/Page_Element/div_This room is public_mx_ContextualMenu_b_fc4f75")): Object: 'Object Repository/Page_Element/div_This room is public_mx_ContextualMenu_b_fc4f75' is clicked on

2022-01-17 18:44:20 - [MESSAGE][PASSED] - Object: 'Object Repository/Page_Element/div_This room is public_mx_ContextualMenu_b_fc4f75' is clicked on

2022-01-17 18:44:20 - [TEST_STEP][PASSED] - closeBrowser(): Browser is closed

2022-01-17 18:44:21 - [MESSAGE][PASSED] - Browser is closed]]></system-out>
         <system-err><![CDATA[]]></system-err>
      </testcase>
      <testcase name="Test Cases/2.Sign_in_Fail" time="17.555" classname="Test Cases/2.Sign_in_Fail" status="PASSED">
         <system-out><![CDATA[2022-01-17 18:44:21 - [TEST_CASE][PASSED] - Test Cases/2.Sign_in_Fail: Test Cases/2.Sign_in_Fail

2022-01-17 18:44:21 - [TEST_STEP][PASSED] - openBrowser(""): Browser is opened with url: ''

2022-01-17 18:44:21 - [MESSAGE][INFO] - Starting 'Chrome' driver

2022-01-17 18:44:21 - [MESSAGE][INFO] - Action delay is set to 1,000 milliseconds

2022-01-17 18:44:22 - [MESSAGE][PASSED] - Browser is opened with url: ''

2022-01-17 18:44:22 - [TEST_STEP][PASSED] - navigateToUrl("http://localhost:8080/"): Navigate to 'http://localhost:8080/' successfully

2022-01-17 18:44:25 - [MESSAGE][PASSED] - Navigate to 'http://localhost:8080/' successfully

2022-01-17 18:44:25 - [TEST_STEP][PASSED] - click(findTestObject("Object Repository/Page_Element/a_Sign In")): Object: 'Object Repository/Page_Element/a_Sign In' is clicked on

2022-01-17 18:44:30 - [MESSAGE][PASSED] - Object: 'Object Repository/Page_Element/a_Sign In' is clicked on

2022-01-17 18:44:30 - [TEST_STEP][PASSED] - setText(findTestObject("Object Repository/Page_Element/input_Sign in with_username"), "ptsajfk"): Text 'ptsajfk' is set on object 'Object Repository/Page_Element/input_Sign in with_username'

2022-01-17 18:44:34 - [MESSAGE][PASSED] - Text 'ptsajfk' is set on object 'Object Repository/Page_Element/input_Sign in with_username'

2022-01-17 18:44:34 - [TEST_STEP][PASSED] - setEncryptedText(findTestObject("Object Repository/Page_Element/input_Username_password"), "nLM6O7ELZdU="): Text ****** has been set on object 'Object Repository/Page_Element/input_Username_password'

2022-01-17 18:44:36 - [MESSAGE][PASSED] - Text ****** has been set on object 'Object Repository/Page_Element/input_Username_password'

2022-01-17 18:44:36 - [TEST_STEP][PASSED] - click(findTestObject("Object Repository/Page_Element/input_Forgot password_mx_Login_submit")): Object: 'Object Repository/Page_Element/input_Forgot password_mx_Login_submit' is clicked on

2022-01-17 18:44:38 - [MESSAGE][PASSED] - Object: 'Object Repository/Page_Element/input_Forgot password_mx_Login_submit' is clicked on

2022-01-17 18:44:38 - [TEST_STEP][PASSED] - closeBrowser(): Browser is closed

2022-01-17 18:44:38 - [MESSAGE][PASSED] - Browser is closed]]></system-out>
         <system-err><![CDATA[]]></system-err>
      </testcase>
      <testcase name="Test Cases/3.Log_out" time="32.279" classname="Test Cases/3.Log_out" status="PASSED">
         <system-out><![CDATA[2022-01-17 18:44:38 - [TEST_CASE][PASSED] - Test Cases/3.Log_out: Test Cases/3.Log_out

2022-01-17 18:44:38 - [TEST_STEP][PASSED] - openBrowser(""): Browser is opened with url: ''

2022-01-17 18:44:38 - [MESSAGE][INFO] - Starting 'Chrome' driver

2022-01-17 18:44:39 - [MESSAGE][INFO] - Action delay is set to 1,000 milliseconds

2022-01-17 18:44:40 - [MESSAGE][PASSED] - Browser is opened with url: ''

2022-01-17 18:44:40 - [TEST_STEP][PASSED] - navigateToUrl("http://localhost:8080/"): Navigate to 'http://localhost:8080/' successfully

2022-01-17 18:44:42 - [MESSAGE][PASSED] - Navigate to 'http://localhost:8080/' successfully

2022-01-17 18:44:42 - [TEST_STEP][PASSED] - click(findTestObject("Object Repository/Page_Element/a_Sign In")): Object: 'Object Repository/Page_Element/a_Sign In' is clicked on

2022-01-17 18:44:46 - [MESSAGE][PASSED] - Object: 'Object Repository/Page_Element/a_Sign In' is clicked on

2022-01-17 18:44:46 - [TEST_STEP][PASSED] - setText(findTestObject("Object Repository/Page_Element/input_Sign in with_username"), "ptnha19"): Text 'ptnha19' is set on object 'Object Repository/Page_Element/input_Sign in with_username'

2022-01-17 18:44:51 - [MESSAGE][PASSED] - Text 'ptnha19' is set on object 'Object Repository/Page_Element/input_Sign in with_username'

2022-01-17 18:44:51 - [TEST_STEP][PASSED] - setEncryptedText(findTestObject("Object Repository/Page_Element/input_Username_password"), "5R3Ima4A+eOeCrCDRGMLmJpaGR3V3+YI"): Text ****** has been set on object 'Object Repository/Page_Element/input_Username_password'

2022-01-17 18:44:53 - [MESSAGE][PASSED] - Text ****** has been set on object 'Object Repository/Page_Element/input_Username_password'

2022-01-17 18:44:53 - [TEST_STEP][PASSED] - click(findTestObject("Object Repository/Page_Element/input_Forgot password_mx_Login_submit")): Object: 'Object Repository/Page_Element/input_Forgot password_mx_Login_submit' is clicked on

2022-01-17 18:44:54 - [MESSAGE][PASSED] - Object: 'Object Repository/Page_Element/input_Forgot password_mx_Login_submit' is clicked on

2022-01-17 18:44:54 - [TEST_STEP][PASSED] - click(findTestObject("Object Repository/Page_Element/div_Verify with Security Key")): Object: 'Object Repository/Page_Element/div_Verify with Security Key' is clicked on

2022-01-17 18:45:00 - [MESSAGE][PASSED] - Object: 'Object Repository/Page_Element/div_Verify with Security Key' is clicked on

2022-01-17 18:45:00 - [TEST_STEP][PASSED] - setEncryptedText(findTestObject("Object Repository/Page_Element/input_Security Key_mx_Field_4"), "PF4jXtbe/5x5+S5PgN4Kl/QbANAkWZYKqKaG9gW6gn+Po31AOnak0DX8GoEzAUkskgpeON1UhfEqZG0XXngJPA=="): Text ****** has been set on object 'Object Repository/Page_Element/input_Security Key_mx_Field_4'

2022-01-17 18:45:03 - [MESSAGE][PASSED] - Text ****** has been set on object 'Object Repository/Page_Element/input_Security Key_mx_Field_4'

2022-01-17 18:45:03 - [TEST_STEP][PASSED] - click(findTestObject("Object Repository/Page_Element/button_Continue")): Object: 'Object Repository/Page_Element/button_Continue' is clicked on

2022-01-17 18:45:04 - [MESSAGE][PASSED] - Object: 'Object Repository/Page_Element/button_Continue' is clicked on

2022-01-17 18:45:04 - [TEST_STEP][PASSED] - click(findTestObject("Object Repository/Page_Element/div_Done")): Object: 'Object Repository/Page_Element/div_Done' is clicked on

2022-01-17 18:45:06 - [MESSAGE][PASSED] - Object: 'Object Repository/Page_Element/div_Done' is clicked on

2022-01-17 18:45:06 - [TEST_STEP][PASSED] - click(findTestObject("Object Repository/Page_Element/img_Enable_mx_BaseAvatar_image")): Object: 'Object Repository/Page_Element/img_Enable_mx_BaseAvatar_image' is clicked on

2022-01-17 18:45:07 - [MESSAGE][PASSED] - Object: 'Object Repository/Page_Element/img_Enable_mx_BaseAvatar_image' is clicked on

2022-01-17 18:45:07 - [TEST_STEP][PASSED] - click(findTestObject("Object Repository/Page_Element/span_Sign out")): Object: 'Object Repository/Page_Element/span_Sign out' is clicked on

2022-01-17 18:45:09 - [MESSAGE][PASSED] - Object: 'Object Repository/Page_Element/span_Sign out' is clicked on

2022-01-17 18:45:09 - [TEST_STEP][PASSED] - click(findTestObject("Object Repository/Page_Element/button_Sign out")): Object: 'Object Repository/Page_Element/button_Sign out' is clicked on

2022-01-17 18:45:10 - [MESSAGE][PASSED] - Object: 'Object Repository/Page_Element/button_Sign out' is clicked on

2022-01-17 18:45:10 - [TEST_STEP][PASSED] - closeBrowser(): Browser is closed

2022-01-17 18:45:11 - [MESSAGE][PASSED] - Browser is closed]]></system-out>
         <system-err><![CDATA[]]></system-err>
      </testcase>
      <testcase name="Test Cases/4.Create_private_room" time="40.175" classname="Test Cases/4.Create_private_room" status="PASSED">
         <system-out><![CDATA[2022-01-17 18:45:11 - [TEST_CASE][PASSED] - Test Cases/4.Create_private_room: Test Cases/4.Create_private_room

2022-01-17 18:45:11 - [TEST_STEP][PASSED] - openBrowser(""): Browser is opened with url: ''

2022-01-17 18:45:11 - [MESSAGE][INFO] - Starting 'Chrome' driver

2022-01-17 18:45:11 - [MESSAGE][INFO] - Action delay is set to 1,000 milliseconds

2022-01-17 18:45:12 - [MESSAGE][PASSED] - Browser is opened with url: ''

2022-01-17 18:45:12 - [TEST_STEP][PASSED] - navigateToUrl("http://localhost:8080/"): Navigate to 'http://localhost:8080/' successfully

2022-01-17 18:45:16 - [MESSAGE][PASSED] - Navigate to 'http://localhost:8080/' successfully

2022-01-17 18:45:16 - [TEST_STEP][PASSED] - click(findTestObject("Object Repository/Page_Element/a_Sign In")): Object: 'Object Repository/Page_Element/a_Sign In' is clicked on

2022-01-17 18:45:19 - [MESSAGE][PASSED] - Object: 'Object Repository/Page_Element/a_Sign In' is clicked on

2022-01-17 18:45:19 - [TEST_STEP][PASSED] - setText(findTestObject("Object Repository/Page_Element/input_Sign in with_username"), "ptnha19"): Text 'ptnha19' is set on object 'Object Repository/Page_Element/input_Sign in with_username'

2022-01-17 18:45:22 - [MESSAGE][PASSED] - Text 'ptnha19' is set on object 'Object Repository/Page_Element/input_Sign in with_username'

2022-01-17 18:45:22 - [TEST_STEP][PASSED] - setEncryptedText(findTestObject("Object Repository/Page_Element/input_Username_password"), "5R3Ima4A+eOeCrCDRGMLmJpaGR3V3+YI"): Text ****** has been set on object 'Object Repository/Page_Element/input_Username_password'

2022-01-17 18:45:24 - [MESSAGE][PASSED] - Text ****** has been set on object 'Object Repository/Page_Element/input_Username_password'

2022-01-17 18:45:24 - [TEST_STEP][PASSED] - click(findTestObject("Object Repository/Page_Element/input_Forgot password_mx_Login_submit")): Object: 'Object Repository/Page_Element/input_Forgot password_mx_Login_submit' is clicked on

2022-01-17 18:45:26 - [MESSAGE][PASSED] - Object: 'Object Repository/Page_Element/input_Forgot password_mx_Login_submit' is clicked on

2022-01-17 18:45:26 - [TEST_STEP][PASSED] - click(findTestObject("Object Repository/Page_Element/div_Verify with Security Key")): Object: 'Object Repository/Page_Element/div_Verify with Security Key' is clicked on

2022-01-17 18:45:33 - [MESSAGE][PASSED] - Object: 'Object Repository/Page_Element/div_Verify with Security Key' is clicked on

2022-01-17 18:45:33 - [TEST_STEP][PASSED] - click(findTestObject("Object Repository/Page_Element/p_Use your Security Key to continue")): Object: 'Object Repository/Page_Element/p_Use your Security Key to continue' is clicked on

2022-01-17 18:45:34 - [MESSAGE][PASSED] - Object: 'Object Repository/Page_Element/p_Use your Security Key to continue' is clicked on

2022-01-17 18:45:34 - [TEST_STEP][PASSED] - setEncryptedText(findTestObject("Object Repository/Page_Element/input_Security Key_mx_Field_4"), "PF4jXtbe/5x5+S5PgN4Kl/QbANAkWZYKqKaG9gW6gn+Po31AOnak0DX8GoEzAUkskgpeON1UhfEqZG0XXngJPA=="): Text ****** has been set on object 'Object Repository/Page_Element/input_Security Key_mx_Field_4'

2022-01-17 18:45:36 - [MESSAGE][PASSED] - Text ****** has been set on object 'Object Repository/Page_Element/input_Security Key_mx_Field_4'

2022-01-17 18:45:36 - [TEST_STEP][PASSED] - click(findTestObject("Object Repository/Page_Element/button_Continue")): Object: 'Object Repository/Page_Element/button_Continue' is clicked on

2022-01-17 18:45:38 - [MESSAGE][PASSED] - Object: 'Object Repository/Page_Element/button_Continue' is clicked on

2022-01-17 18:45:38 - [TEST_STEP][PASSED] - click(findTestObject("Object Repository/Page_Element/div_Done")): Object: 'Object Repository/Page_Element/div_Done' is clicked on

2022-01-17 18:45:39 - [MESSAGE][PASSED] - Object: 'Object Repository/Page_Element/div_Done' is clicked on

2022-01-17 18:45:39 - [TEST_STEP][PASSED] - click(findTestObject("Object Repository/Page_Element/div_Rooms_mx_AccessibleButton mx_RoomSublis_27fc2e")): Object: 'Object Repository/Page_Element/div_Rooms_mx_AccessibleButton mx_RoomSublis_27fc2e' is clicked on

2022-01-17 18:45:41 - [MESSAGE][PASSED] - Object: 'Object Repository/Page_Element/div_Rooms_mx_AccessibleButton mx_RoomSublis_27fc2e' is clicked on

2022-01-17 18:45:41 - [TEST_STEP][PASSED] - click(findTestObject("Object Repository/Page_Element/span_Create new room")): Object: 'Object Repository/Page_Element/span_Create new room' is clicked on

2022-01-17 18:45:42 - [MESSAGE][PASSED] - Object: 'Object Repository/Page_Element/span_Create new room' is clicked on

2022-01-17 18:45:42 - [TEST_STEP][PASSED] - setText(findTestObject("Object Repository/Page_Element/input_Create a private room_mx_Field_5"), "Room1"): Text 'Room1' is set on object 'Object Repository/Page_Element/input_Create a private room_mx_Field_5'

2022-01-17 18:45:45 - [MESSAGE][PASSED] - Text 'Room1' is set on object 'Object Repository/Page_Element/input_Create a private room_mx_Field_5'

2022-01-17 18:45:45 - [TEST_STEP][PASSED] - click(findTestObject("Object Repository/Page_Element/button_Create Room")): Object: 'Object Repository/Page_Element/button_Create Room' is clicked on

2022-01-17 18:45:46 - [MESSAGE][PASSED] - Object: 'Object Repository/Page_Element/button_Create Room' is clicked on

2022-01-17 18:45:46 - [TEST_STEP][PASSED] - click(findTestObject("Object Repository/Page_Element  Empty room/div_Room1")): Object: 'Object Repository/Page_Element  Empty room/div_Room1' is clicked on

2022-01-17 18:45:50 - [MESSAGE][PASSED] - Object: 'Object Repository/Page_Element  Empty room/div_Room1' is clicked on

2022-01-17 18:45:50 - [TEST_STEP][PASSED] - closeBrowser(): Browser is closed

2022-01-17 18:45:51 - [MESSAGE][PASSED] - Browser is closed]]></system-out>
         <system-err><![CDATA[]]></system-err>
      </testcase>
      <testcase name="Test Cases/6.Search_join_public_room" time="65.473" classname="Test Cases/6.Search_join_public_room" status="FAILED">
         <failure type="FAILED" message="Test Cases/6.Search_join_public_room FAILED.
Reason:
com.kms.katalon.core.exception.StepFailedException: Unable to click on object 'Object Repository/Page_Element/span_Explore public rooms'
	at com.kms.katalon.core.webui.keyword.internal.WebUIKeywordMain.stepFailed(WebUIKeywordMain.groovy:64)
	at com.kms.katalon.core.webui.keyword.internal.WebUIKeywordMain.runKeyword(WebUIKeywordMain.groovy:26)
	at com.kms.katalon.core.webui.keyword.builtin.ClickKeyword.click(ClickKeyword.groovy:74)
	at com.kms.katalon.core.webui.keyword.builtin.ClickKeyword.execute(ClickKeyword.groovy:40)
	at com.kms.katalon.core.keyword.internal.KeywordExecutor.executeKeywordForPlatform(KeywordExecutor.groovy:74)
	at com.kms.katalon.core.webui.keyword.WebUiBuiltInKeywords.click(WebUiBuiltInKeywords.groovy:620)
	at com.kms.katalon.core.webui.keyword.WebUiBuiltInKeywords$click$1.call(Unknown Source)
	at 6.Search_join_public_room.run(6.Search_join_public_room:42)
	at com.kms.katalon.core.main.ScriptEngine.run(ScriptEngine.java:194)
	at com.kms.katalon.core.main.ScriptEngine.runScriptAsRawText(ScriptEngine.java:119)
	at com.kms.katalon.core.main.TestCaseExecutor.runScript(TestCaseExecutor.java:442)
	at com.kms.katalon.core.main.TestCaseExecutor.doExecute(TestCaseExecutor.java:433)
	at com.kms.katalon.core.main.TestCaseExecutor.processExecutionPhase(TestCaseExecutor.java:412)
	at com.kms.katalon.core.main.TestCaseExecutor.accessMainPhase(TestCaseExecutor.java:404)
	at com.kms.katalon.core.main.TestCaseExecutor.execute(TestCaseExecutor.java:281)
	at com.kms.katalon.core.main.TestSuiteExecutor.accessTestCaseMainPhase(TestSuiteExecutor.java:202)
	at com.kms.katalon.core.main.TestSuiteExecutor.accessTestSuiteMainPhase(TestSuiteExecutor.java:164)
	at com.kms.katalon.core.main.TestSuiteExecutor.execute(TestSuiteExecutor.java:105)
	at com.kms.katalon.core.main.TestCaseMain.startTestSuite(TestCaseMain.java:181)
	at com.kms.katalon.core.main.TestCaseMain$startTestSuite$0.call(Unknown Source)
	at TempTestSuite1642419492812.run(TempTestSuite1642419492812.groovy:36)
Caused by: org.openqa.selenium.ElementClickInterceptedException: element click intercepted: Element &lt;span lang=&quot;en&quot;>...&lt;/span> is not clickable at point (716, 565). Other element would receive the click: &lt;div class=&quot;mx_ContextualMenu_background&quot;>&lt;/div>
  (Session info: chrome=97.0.4692.71)
Build info: version: '3.141.59', revision: 'e82be7d358', time: '2018-11-14T08:25:53'
System info: host: 'PIKACHU-PC', ip: '192.168.1.152', os.name: 'Windows 10', os.arch: 'amd64', os.version: '10.0', java.version: '1.8.0_282'
Driver info: com.kms.katalon.selenium.driver.CChromeDriver
Capabilities {acceptInsecureCerts: false, browserName: chrome, browserVersion: 97.0.4692.71, chrome: {chromedriverVersion: 97.0.4692.71 (adefa7837d02a..., userDataDir: C:\Users\Pikachu\AppData\Lo...}, goog:chromeOptions: {debuggerAddress: localhost:51603}, javascriptEnabled: true, networkConnectionEnabled: false, pageLoadStrategy: normal, platform: WINDOWS, platformName: WINDOWS, proxy: Proxy(), setWindowRect: true, strictFileInteractability: false, timeouts: {implicit: 0, pageLoad: 300000, script: 30000}, unhandledPromptBehavior: dismiss and notify, webauthn:extension:credBlob: true, webauthn:extension:largeBlob: true, webauthn:virtualAuthenticators: true}
Session ID: 5042fc4525546874c0768470129d7b79
	at org.openqa.selenium.remote.http.W3CHttpResponseCodec.createException(W3CHttpResponseCodec.java:187)
	at org.openqa.selenium.remote.http.W3CHttpResponseCodec.decode(W3CHttpResponseCodec.java:122)
	at org.openqa.selenium.remote.http.W3CHttpResponseCodec.decode(W3CHttpResponseCodec.java:49)
	at org.openqa.selenium.remote.HttpCommandExecutor.execute(HttpCommandExecutor.java:158)
	at org.openqa.selenium.remote.service.DriverCommandExecutor.execute(DriverCommandExecutor.java:83)
	at org.openqa.selenium.remote.RemoteWebDriver.execute(RemoteWebDriver.java:552)
	at com.kms.katalon.selenium.driver.CChromeDriver.execute(CChromeDriver.java:19)
	at org.openqa.selenium.remote.RemoteWebElement.execute(RemoteWebElement.java:285)
	at org.openqa.selenium.remote.RemoteWebElement.click(RemoteWebElement.java:84)
	at org.openqa.selenium.support.events.EventFiringWebDriver$EventFiringWebElement.lambda$new$0(EventFiringWebDriver.java:404)
	at com.sun.proxy.$Proxy11.click(Unknown Source)
	at org.openqa.selenium.support.events.EventFiringWebDriver$EventFiringWebElement.click(EventFiringWebDriver.java:417)
	at org.openqa.selenium.WebElement$click.call(Unknown Source)
	at com.kms.katalon.core.webui.keyword.builtin.ClickKeyword.clickUntilSuccessWithTimeout(ClickKeyword.groovy:81)
	at com.kms.katalon.core.webui.keyword.builtin.ClickKeyword.clickUntilSuccessWithTimeout(ClickKeyword.groovy)
	at com.kms.katalon.core.webui.keyword.builtin.ClickKeyword$_click_closure1.doCall(ClickKeyword.groovy:67)
	at com.kms.katalon.core.webui.keyword.builtin.ClickKeyword$_click_closure1.call(ClickKeyword.groovy)
	at com.kms.katalon.core.webui.keyword.internal.WebUIKeywordMain.runKeyword(WebUIKeywordMain.groovy:20)
	... 19 more
"/>
         <system-out><![CDATA[2022-01-17 18:45:51 - [TEST_CASE][FAILED] - Test Cases/6.Search_join_public_room: Test Cases/6.Search_join_public_room FAILED.
Reason:
com.kms.katalon.core.exception.StepFailedException: Unable to click on object 'Object Repository/Page_Element/span_Explore public rooms'
	at com.kms.katalon.core.webui.keyword.internal.WebUIKeywordMain.stepFailed(WebUIKeywordMain.groovy:64)
	at com.kms.katalon.core.webui.keyword.internal.WebUIKeywordMain.runKeyword(WebUIKeywordMain.groovy:26)
	at com.kms.katalon.core.webui.keyword.builtin.ClickKeyword.click(ClickKeyword.groovy:74)
	at com.kms.katalon.core.webui.keyword.builtin.ClickKeyword.execute(ClickKeyword.groovy:40)
	at com.kms.katalon.core.keyword.internal.KeywordExecutor.executeKeywordForPlatform(KeywordExecutor.groovy:74)
	at com.kms.katalon.core.webui.keyword.WebUiBuiltInKeywords.click(WebUiBuiltInKeywords.groovy:620)
	at com.kms.katalon.core.webui.keyword.WebUiBuiltInKeywords$click$1.call(Unknown Source)
	at 6.Search_join_public_room.run(6.Search_join_public_room:42)
	at com.kms.katalon.core.main.ScriptEngine.run(ScriptEngine.java:194)
	at com.kms.katalon.core.main.ScriptEngine.runScriptAsRawText(ScriptEngine.java:119)
	at com.kms.katalon.core.main.TestCaseExecutor.runScript(TestCaseExecutor.java:442)
	at com.kms.katalon.core.main.TestCaseExecutor.doExecute(TestCaseExecutor.java:433)
	at com.kms.katalon.core.main.TestCaseExecutor.processExecutionPhase(TestCaseExecutor.java:412)
	at com.kms.katalon.core.main.TestCaseExecutor.accessMainPhase(TestCaseExecutor.java:404)
	at com.kms.katalon.core.main.TestCaseExecutor.execute(TestCaseExecutor.java:281)
	at com.kms.katalon.core.main.TestSuiteExecutor.accessTestCaseMainPhase(TestSuiteExecutor.java:202)
	at com.kms.katalon.core.main.TestSuiteExecutor.accessTestSuiteMainPhase(TestSuiteExecutor.java:164)
	at com.kms.katalon.core.main.TestSuiteExecutor.execute(TestSuiteExecutor.java:105)
	at com.kms.katalon.core.main.TestCaseMain.startTestSuite(TestCaseMain.java:181)
	at com.kms.katalon.core.main.TestCaseMain$startTestSuite$0.call(Unknown Source)
	at TempTestSuite1642419492812.run(TempTestSuite1642419492812.groovy:36)
Caused by: org.openqa.selenium.ElementClickInterceptedException: element click intercepted: Element <span lang="en">...</span> is not clickable at point (716, 565). Other element would receive the click: <div class="mx_ContextualMenu_background"></div>
  (Session info: chrome=97.0.4692.71)
Build info: version: '3.141.59', revision: 'e82be7d358', time: '2018-11-14T08:25:53'
System info: host: 'PIKACHU-PC', ip: '192.168.1.152', os.name: 'Windows 10', os.arch: 'amd64', os.version: '10.0', java.version: '1.8.0_282'
Driver info: com.kms.katalon.selenium.driver.CChromeDriver
Capabilities {acceptInsecureCerts: false, browserName: chrome, browserVersion: 97.0.4692.71, chrome: {chromedriverVersion: 97.0.4692.71 (adefa7837d02a..., userDataDir: C:\Users\Pikachu\AppData\Lo...}, goog:chromeOptions: {debuggerAddress: localhost:51603}, javascriptEnabled: true, networkConnectionEnabled: false, pageLoadStrategy: normal, platform: WINDOWS, platformName: WINDOWS, proxy: Proxy(), setWindowRect: true, strictFileInteractability: false, timeouts: {implicit: 0, pageLoad: 300000, script: 30000}, unhandledPromptBehavior: dismiss and notify, webauthn:extension:credBlob: true, webauthn:extension:largeBlob: true, webauthn:virtualAuthenticators: true}
Session ID: 5042fc4525546874c0768470129d7b79
	at org.openqa.selenium.remote.http.W3CHttpResponseCodec.createException(W3CHttpResponseCodec.java:187)
	at org.openqa.selenium.remote.http.W3CHttpResponseCodec.decode(W3CHttpResponseCodec.java:122)
	at org.openqa.selenium.remote.http.W3CHttpResponseCodec.decode(W3CHttpResponseCodec.java:49)
	at org.openqa.selenium.remote.HttpCommandExecutor.execute(HttpCommandExecutor.java:158)
	at org.openqa.selenium.remote.service.DriverCommandExecutor.execute(DriverCommandExecutor.java:83)
	at org.openqa.selenium.remote.RemoteWebDriver.execute(RemoteWebDriver.java:552)
	at com.kms.katalon.selenium.driver.CChromeDriver.execute(CChromeDriver.java:19)
	at org.openqa.selenium.remote.RemoteWebElement.execute(RemoteWebElement.java:285)
	at org.openqa.selenium.remote.RemoteWebElement.click(RemoteWebElement.java:84)
	at org.openqa.selenium.support.events.EventFiringWebDriver$EventFiringWebElement.lambda$new$0(EventFiringWebDriver.java:404)
	at com.sun.proxy.$Proxy11.click(Unknown Source)
	at org.openqa.selenium.support.events.EventFiringWebDriver$EventFiringWebElement.click(EventFiringWebDriver.java:417)
	at org.openqa.selenium.WebElement$click.call(Unknown Source)
	at com.kms.katalon.core.webui.keyword.builtin.ClickKeyword.clickUntilSuccessWithTimeout(ClickKeyword.groovy:81)
	at com.kms.katalon.core.webui.keyword.builtin.ClickKeyword.clickUntilSuccessWithTimeout(ClickKeyword.groovy)
	at com.kms.katalon.core.webui.keyword.builtin.ClickKeyword$_click_closure1.doCall(ClickKeyword.groovy:67)
	at com.kms.katalon.core.webui.keyword.builtin.ClickKeyword$_click_closure1.call(ClickKeyword.groovy)
	at com.kms.katalon.core.webui.keyword.internal.WebUIKeywordMain.runKeyword(WebUIKeywordMain.groovy:20)
	... 19 more


2022-01-17 18:45:51 - [TEST_STEP][PASSED] - openBrowser(""): Browser is opened with url: ''

2022-01-17 18:45:51 - [MESSAGE][INFO] - Starting 'Chrome' driver

2022-01-17 18:45:51 - [MESSAGE][INFO] - Action delay is set to 1,000 milliseconds

2022-01-17 18:45:52 - [MESSAGE][PASSED] - Browser is opened with url: ''

2022-01-17 18:45:52 - [TEST_STEP][PASSED] - navigateToUrl("http://localhost:8080/"): Navigate to 'http://localhost:8080/' successfully

2022-01-17 18:45:55 - [MESSAGE][PASSED] - Navigate to 'http://localhost:8080/' successfully

2022-01-17 18:45:55 - [TEST_STEP][PASSED] - click(findTestObject("Object Repository/Page_Element/a_Sign In")): Object: 'Object Repository/Page_Element/a_Sign In' is clicked on

2022-01-17 18:45:59 - [MESSAGE][PASSED] - Object: 'Object Repository/Page_Element/a_Sign In' is clicked on

2022-01-17 18:45:59 - [TEST_STEP][PASSED] - setText(findTestObject("Object Repository/Page_Element/input_Sign in with_username"), "ptnha19"): Text 'ptnha19' is set on object 'Object Repository/Page_Element/input_Sign in with_username'

2022-01-17 18:46:03 - [MESSAGE][PASSED] - Text 'ptnha19' is set on object 'Object Repository/Page_Element/input_Sign in with_username'

2022-01-17 18:46:03 - [TEST_STEP][PASSED] - setEncryptedText(findTestObject("Object Repository/Page_Element/input_Username_password"), "5R3Ima4A+eOeCrCDRGMLmJpaGR3V3+YI"): Text ****** has been set on object 'Object Repository/Page_Element/input_Username_password'

2022-01-17 18:46:05 - [MESSAGE][PASSED] - Text ****** has been set on object 'Object Repository/Page_Element/input_Username_password'

2022-01-17 18:46:05 - [TEST_STEP][PASSED] - click(findTestObject("Object Repository/Page_Element/input_Forgot password_mx_Login_submit")): Object: 'Object Repository/Page_Element/input_Forgot password_mx_Login_submit' is clicked on

2022-01-17 18:46:06 - [MESSAGE][PASSED] - Object: 'Object Repository/Page_Element/input_Forgot password_mx_Login_submit' is clicked on

2022-01-17 18:46:06 - [TEST_STEP][PASSED] - click(findTestObject("Object Repository/Page_Element/div_Verify with Security Key")): Object: 'Object Repository/Page_Element/div_Verify with Security Key' is clicked on

2022-01-17 18:46:13 - [MESSAGE][PASSED] - Object: 'Object Repository/Page_Element/div_Verify with Security Key' is clicked on

2022-01-17 18:46:13 - [TEST_STEP][PASSED] - setEncryptedText(findTestObject("Object Repository/Page_Element/input_Security Key_mx_Field_4"), "PF4jXtbe/5x5+S5PgN4Kl/QbANAkWZYKqKaG9gW6gn+Po31AOnak0DX8GoEzAUkskgpeON1UhfEqZG0XXngJPA=="): Text ****** has been set on object 'Object Repository/Page_Element/input_Security Key_mx_Field_4'

2022-01-17 18:46:16 - [MESSAGE][PASSED] - Text ****** has been set on object 'Object Repository/Page_Element/input_Security Key_mx_Field_4'

2022-01-17 18:46:16 - [TEST_STEP][PASSED] - click(findTestObject("Object Repository/Page_Element/button_Continue")): Object: 'Object Repository/Page_Element/button_Continue' is clicked on

2022-01-17 18:46:18 - [MESSAGE][PASSED] - Object: 'Object Repository/Page_Element/button_Continue' is clicked on

2022-01-17 18:46:18 - [TEST_STEP][PASSED] - click(findTestObject("Object Repository/Page_Element/div_Done")): Object: 'Object Repository/Page_Element/div_Done' is clicked on

2022-01-17 18:46:20 - [MESSAGE][PASSED] - Object: 'Object Repository/Page_Element/div_Done' is clicked on

2022-01-17 18:46:20 - [TEST_STEP][PASSED] - click(findTestObject("Object Repository/Page_Element/div_Rooms_mx_AccessibleButton mx_RoomSublis_27fc2e")): Object: 'Object Repository/Page_Element/div_Rooms_mx_AccessibleButton mx_RoomSublis_27fc2e' is clicked on

2022-01-17 18:46:22 - [MESSAGE][PASSED] - Object: 'Object Repository/Page_Element/div_Rooms_mx_AccessibleButton mx_RoomSublis_27fc2e' is clicked on

2022-01-17 18:46:22 - [TEST_STEP][FAILED] - click(findTestObject("Object Repository/Page_Element/span_Explore public rooms")): Unable to click on object 'Object Repository/Page_Element/span_Explore public rooms' (Root cause: com.kms.katalon.core.exception.StepFailedException: Unable to click on object 'Object Repository/Page_Element/span_Explore public rooms'
	at com.kms.katalon.core.webui.keyword.internal.WebUIKeywordMain.stepFailed(WebUIKeywordMain.groovy:64)
	at com.kms.katalon.core.webui.keyword.internal.WebUIKeywordMain.runKeyword(WebUIKeywordMain.groovy:26)
	at com.kms.katalon.core.webui.keyword.builtin.ClickKeyword.click(ClickKeyword.groovy:74)
	at com.kms.katalon.core.webui.keyword.builtin.ClickKeyword.execute(ClickKeyword.groovy:40)
	at com.kms.katalon.core.keyword.internal.KeywordExecutor.executeKeywordForPlatform(KeywordExecutor.groovy:74)
	at com.kms.katalon.core.webui.keyword.WebUiBuiltInKeywords.click(WebUiBuiltInKeywords.groovy:620)
	at com.kms.katalon.core.webui.keyword.WebUiBuiltInKeywords$click$1.call(Unknown Source)
	at 6.Search_join_public_room.run(6.Search_join_public_room:42)
	at com.kms.katalon.core.main.ScriptEngine.run(ScriptEngine.java:194)
	at com.kms.katalon.core.main.ScriptEngine.runScriptAsRawText(ScriptEngine.java:119)
	at com.kms.katalon.core.main.TestCaseExecutor.runScript(TestCaseExecutor.java:442)
	at com.kms.katalon.core.main.TestCaseExecutor.doExecute(TestCaseExecutor.java:433)
	at com.kms.katalon.core.main.TestCaseExecutor.processExecutionPhase(TestCaseExecutor.java:412)
	at com.kms.katalon.core.main.TestCaseExecutor.accessMainPhase(TestCaseExecutor.java:404)
	at com.kms.katalon.core.main.TestCaseExecutor.execute(TestCaseExecutor.java:281)
	at com.kms.katalon.core.main.TestSuiteExecutor.accessTestCaseMainPhase(TestSuiteExecutor.java:202)
	at com.kms.katalon.core.main.TestSuiteExecutor.accessTestSuiteMainPhase(TestSuiteExecutor.java:164)
	at com.kms.katalon.core.main.TestSuiteExecutor.execute(TestSuiteExecutor.java:105)
	at com.kms.katalon.core.main.TestCaseMain.startTestSuite(TestCaseMain.java:181)
	at com.kms.katalon.core.main.TestCaseMain$startTestSuite$0.call(Unknown Source)
	at TempTestSuite1642419492812.run(TempTestSuite1642419492812.groovy:36)
Caused by: org.openqa.selenium.ElementClickInterceptedException: element click intercepted: Element <span lang="en">...</span> is not clickable at point (716, 565). Other element would receive the click: <div class="mx_ContextualMenu_background"></div>
  (Session info: chrome=97.0.4692.71)
Build info: version: '3.141.59', revision: 'e82be7d358', time: '2018-11-14T08:25:53'
System info: host: 'PIKACHU-PC', ip: '192.168.1.152', os.name: 'Windows 10', os.arch: 'amd64', os.version: '10.0', java.version: '1.8.0_282'
Driver info: com.kms.katalon.selenium.driver.CChromeDriver
Capabilities {acceptInsecureCerts: false, browserName: chrome, browserVersion: 97.0.4692.71, chrome: {chromedriverVersion: 97.0.4692.71 (adefa7837d02a..., userDataDir: C:\Users\Pikachu\AppData\Lo...}, goog:chromeOptions: {debuggerAddress: localhost:51603}, javascriptEnabled: true, networkConnectionEnabled: false, pageLoadStrategy: normal, platform: WINDOWS, platformName: WINDOWS, proxy: Proxy(), setWindowRect: true, strictFileInteractability: false, timeouts: {implicit: 0, pageLoad: 300000, script: 30000}, unhandledPromptBehavior: dismiss and notify, webauthn:extension:credBlob: true, webauthn:extension:largeBlob: true, webauthn:virtualAuthenticators: true}
Session ID: 5042fc4525546874c0768470129d7b79
	at org.openqa.selenium.remote.http.W3CHttpResponseCodec.createException(W3CHttpResponseCodec.java:187)
	at org.openqa.selenium.remote.http.W3CHttpResponseCodec.decode(W3CHttpResponseCodec.java:122)
	at org.openqa.selenium.remote.http.W3CHttpResponseCodec.decode(W3CHttpResponseCodec.java:49)
	at org.openqa.selenium.remote.HttpCommandExecutor.execute(HttpCommandExecutor.java:158)
	at org.openqa.selenium.remote.service.DriverCommandExecutor.execute(DriverCommandExecutor.java:83)
	at org.openqa.selenium.remote.RemoteWebDriver.execute(RemoteWebDriver.java:552)
	at com.kms.katalon.selenium.driver.CChromeDriver.execute(CChromeDriver.java:19)
	at org.openqa.selenium.remote.RemoteWebElement.execute(RemoteWebElement.java:285)
	at org.openqa.selenium.remote.RemoteWebElement.click(RemoteWebElement.java:84)
	at org.openqa.selenium.support.events.EventFiringWebDriver$EventFiringWebElement.lambda$new$0(EventFiringWebDriver.java:404)
	at com.sun.proxy.$Proxy11.click(Unknown Source)
	at org.openqa.selenium.support.events.EventFiringWebDriver$EventFiringWebElement.click(EventFiringWebDriver.java:417)
	at org.openqa.selenium.WebElement$click.call(Unknown Source)
	at com.kms.katalon.core.webui.keyword.builtin.ClickKeyword.clickUntilSuccessWithTimeout(ClickKeyword.groovy:81)
	at com.kms.katalon.core.webui.keyword.builtin.ClickKeyword.clickUntilSuccessWithTimeout(ClickKeyword.groovy)
	at com.kms.katalon.core.webui.keyword.builtin.ClickKeyword$_click_closure1.doCall(ClickKeyword.groovy:67)
	at com.kms.katalon.core.webui.keyword.builtin.ClickKeyword$_click_closure1.call(ClickKeyword.groovy)
	at com.kms.katalon.core.webui.keyword.internal.WebUIKeywordMain.runKeyword(WebUIKeywordMain.groovy:20)
	at com.kms.katalon.core.webui.keyword.builtin.ClickKeyword.click(ClickKeyword.groovy:74)
	at com.kms.katalon.core.webui.keyword.builtin.ClickKeyword.execute(ClickKeyword.groovy:40)
	at com.kms.katalon.core.keyword.internal.KeywordExecutor.executeKeywordForPlatform(KeywordExecutor.groovy:74)
	at com.kms.katalon.core.webui.keyword.WebUiBuiltInKeywords.click(WebUiBuiltInKeywords.groovy:620)
	at com.kms.katalon.core.webui.keyword.WebUiBuiltInKeywords$click$1.call(Unknown Source)
	at Script1641788619632.run(Script1641788619632.groovy:42)
	... 13 more
)

2022-01-17 18:46:56 - [MESSAGE][FAILED] - Unable to click on object 'Object Repository/Page_Element/span_Explore public rooms' (Root cause: com.kms.katalon.core.exception.StepFailedException: Unable to click on object 'Object Repository/Page_Element/span_Explore public rooms'
	at com.kms.katalon.core.webui.keyword.internal.WebUIKeywordMain.stepFailed(WebUIKeywordMain.groovy:64)
	at com.kms.katalon.core.webui.keyword.internal.WebUIKeywordMain.runKeyword(WebUIKeywordMain.groovy:26)
	at com.kms.katalon.core.webui.keyword.builtin.ClickKeyword.click(ClickKeyword.groovy:74)
	at com.kms.katalon.core.webui.keyword.builtin.ClickKeyword.execute(ClickKeyword.groovy:40)
	at com.kms.katalon.core.keyword.internal.KeywordExecutor.executeKeywordForPlatform(KeywordExecutor.groovy:74)
	at com.kms.katalon.core.webui.keyword.WebUiBuiltInKeywords.click(WebUiBuiltInKeywords.groovy:620)
	at com.kms.katalon.core.webui.keyword.WebUiBuiltInKeywords$click$1.call(Unknown Source)
	at 6.Search_join_public_room.run(6.Search_join_public_room:42)
	at com.kms.katalon.core.main.ScriptEngine.run(ScriptEngine.java:194)
	at com.kms.katalon.core.main.ScriptEngine.runScriptAsRawText(ScriptEngine.java:119)
	at com.kms.katalon.core.main.TestCaseExecutor.runScript(TestCaseExecutor.java:442)
	at com.kms.katalon.core.main.TestCaseExecutor.doExecute(TestCaseExecutor.java:433)
	at com.kms.katalon.core.main.TestCaseExecutor.processExecutionPhase(TestCaseExecutor.java:412)
	at com.kms.katalon.core.main.TestCaseExecutor.accessMainPhase(TestCaseExecutor.java:404)
	at com.kms.katalon.core.main.TestCaseExecutor.execute(TestCaseExecutor.java:281)
	at com.kms.katalon.core.main.TestSuiteExecutor.accessTestCaseMainPhase(TestSuiteExecutor.java:202)
	at com.kms.katalon.core.main.TestSuiteExecutor.accessTestSuiteMainPhase(TestSuiteExecutor.java:164)
	at com.kms.katalon.core.main.TestSuiteExecutor.execute(TestSuiteExecutor.java:105)
	at com.kms.katalon.core.main.TestCaseMain.startTestSuite(TestCaseMain.java:181)
	at com.kms.katalon.core.main.TestCaseMain$startTestSuite$0.call(Unknown Source)
	at TempTestSuite1642419492812.run(TempTestSuite1642419492812.groovy:36)
Caused by: org.openqa.selenium.ElementClickInterceptedException: element click intercepted: Element <span lang="en">...</span> is not clickable at point (716, 565). Other element would receive the click: <div class="mx_ContextualMenu_background"></div>
  (Session info: chrome=97.0.4692.71)
Build info: version: '3.141.59', revision: 'e82be7d358', time: '2018-11-14T08:25:53'
System info: host: 'PIKACHU-PC', ip: '192.168.1.152', os.name: 'Windows 10', os.arch: 'amd64', os.version: '10.0', java.version: '1.8.0_282'
Driver info: com.kms.katalon.selenium.driver.CChromeDriver
Capabilities {acceptInsecureCerts: false, browserName: chrome, browserVersion: 97.0.4692.71, chrome: {chromedriverVersion: 97.0.4692.71 (adefa7837d02a..., userDataDir: C:\Users\Pikachu\AppData\Lo...}, goog:chromeOptions: {debuggerAddress: localhost:51603}, javascriptEnabled: true, networkConnectionEnabled: false, pageLoadStrategy: normal, platform: WINDOWS, platformName: WINDOWS, proxy: Proxy(), setWindowRect: true, strictFileInteractability: false, timeouts: {implicit: 0, pageLoad: 300000, script: 30000}, unhandledPromptBehavior: dismiss and notify, webauthn:extension:credBlob: true, webauthn:extension:largeBlob: true, webauthn:virtualAuthenticators: true}
Session ID: 5042fc4525546874c0768470129d7b79
	at org.openqa.selenium.remote.http.W3CHttpResponseCodec.createException(W3CHttpResponseCodec.java:187)
	at org.openqa.selenium.remote.http.W3CHttpResponseCodec.decode(W3CHttpResponseCodec.java:122)
	at org.openqa.selenium.remote.http.W3CHttpResponseCodec.decode(W3CHttpResponseCodec.java:49)
	at org.openqa.selenium.remote.HttpCommandExecutor.execute(HttpCommandExecutor.java:158)
	at org.openqa.selenium.remote.service.DriverCommandExecutor.execute(DriverCommandExecutor.java:83)
	at org.openqa.selenium.remote.RemoteWebDriver.execute(RemoteWebDriver.java:552)
	at com.kms.katalon.selenium.driver.CChromeDriver.execute(CChromeDriver.java:19)
	at org.openqa.selenium.remote.RemoteWebElement.execute(RemoteWebElement.java:285)
	at org.openqa.selenium.remote.RemoteWebElement.click(RemoteWebElement.java:84)
	at org.openqa.selenium.support.events.EventFiringWebDriver$EventFiringWebElement.lambda$new$0(EventFiringWebDriver.java:404)
	at com.sun.proxy.$Proxy11.click(Unknown Source)
	at org.openqa.selenium.support.events.EventFiringWebDriver$EventFiringWebElement.click(EventFiringWebDriver.java:417)
	at org.openqa.selenium.WebElement$click.call(Unknown Source)
	at com.kms.katalon.core.webui.keyword.builtin.ClickKeyword.clickUntilSuccessWithTimeout(ClickKeyword.groovy:81)
	at com.kms.katalon.core.webui.keyword.builtin.ClickKeyword.clickUntilSuccessWithTimeout(ClickKeyword.groovy)
	at com.kms.katalon.core.webui.keyword.builtin.ClickKeyword$_click_closure1.doCall(ClickKeyword.groovy:67)
	at com.kms.katalon.core.webui.keyword.builtin.ClickKeyword$_click_closure1.call(ClickKeyword.groovy)
	at com.kms.katalon.core.webui.keyword.internal.WebUIKeywordMain.runKeyword(WebUIKeywordMain.groovy:20)
	at com.kms.katalon.core.webui.keyword.builtin.ClickKeyword.click(ClickKeyword.groovy:74)
	at com.kms.katalon.core.webui.keyword.builtin.ClickKeyword.execute(ClickKeyword.groovy:40)
	at com.kms.katalon.core.keyword.internal.KeywordExecutor.executeKeywordForPlatform(KeywordExecutor.groovy:74)
	at com.kms.katalon.core.webui.keyword.WebUiBuiltInKeywords.click(WebUiBuiltInKeywords.groovy:620)
	at com.kms.katalon.core.webui.keyword.WebUiBuiltInKeywords$click$1.call(Unknown Source)
	at Script1641788619632.run(Script1641788619632.groovy:42)
	... 13 more
)
[[ATTACHMENT|C:\\Users\\Pikachu\\Documents\\Bonus-SE\\Katalon_pj\\Bonus_SE\\Reports\\20220117_183812\\Run all test case\\20220117_183812\\1642420016594.png]]]]></system-out>
         <system-err><![CDATA[2022-01-17 18:45:51 - [TEST_CASE][FAILED] - Test Cases/6.Search_join_public_room: Test Cases/6.Search_join_public_room FAILED.
Reason:
com.kms.katalon.core.exception.StepFailedException: Unable to click on object 'Object Repository/Page_Element/span_Explore public rooms'
	at com.kms.katalon.core.webui.keyword.internal.WebUIKeywordMain.stepFailed(WebUIKeywordMain.groovy:64)
	at com.kms.katalon.core.webui.keyword.internal.WebUIKeywordMain.runKeyword(WebUIKeywordMain.groovy:26)
	at com.kms.katalon.core.webui.keyword.builtin.ClickKeyword.click(ClickKeyword.groovy:74)
	at com.kms.katalon.core.webui.keyword.builtin.ClickKeyword.execute(ClickKeyword.groovy:40)
	at com.kms.katalon.core.keyword.internal.KeywordExecutor.executeKeywordForPlatform(KeywordExecutor.groovy:74)
	at com.kms.katalon.core.webui.keyword.WebUiBuiltInKeywords.click(WebUiBuiltInKeywords.groovy:620)
	at com.kms.katalon.core.webui.keyword.WebUiBuiltInKeywords$click$1.call(Unknown Source)
	at 6.Search_join_public_room.run(6.Search_join_public_room:42)
	at com.kms.katalon.core.main.ScriptEngine.run(ScriptEngine.java:194)
	at com.kms.katalon.core.main.ScriptEngine.runScriptAsRawText(ScriptEngine.java:119)
	at com.kms.katalon.core.main.TestCaseExecutor.runScript(TestCaseExecutor.java:442)
	at com.kms.katalon.core.main.TestCaseExecutor.doExecute(TestCaseExecutor.java:433)
	at com.kms.katalon.core.main.TestCaseExecutor.processExecutionPhase(TestCaseExecutor.java:412)
	at com.kms.katalon.core.main.TestCaseExecutor.accessMainPhase(TestCaseExecutor.java:404)
	at com.kms.katalon.core.main.TestCaseExecutor.execute(TestCaseExecutor.java:281)
	at com.kms.katalon.core.main.TestSuiteExecutor.accessTestCaseMainPhase(TestSuiteExecutor.java:202)
	at com.kms.katalon.core.main.TestSuiteExecutor.accessTestSuiteMainPhase(TestSuiteExecutor.java:164)
	at com.kms.katalon.core.main.TestSuiteExecutor.execute(TestSuiteExecutor.java:105)
	at com.kms.katalon.core.main.TestCaseMain.startTestSuite(TestCaseMain.java:181)
	at com.kms.katalon.core.main.TestCaseMain$startTestSuite$0.call(Unknown Source)
	at TempTestSuite1642419492812.run(TempTestSuite1642419492812.groovy:36)
Caused by: org.openqa.selenium.ElementClickInterceptedException: element click intercepted: Element <span lang="en">...</span> is not clickable at point (716, 565). Other element would receive the click: <div class="mx_ContextualMenu_background"></div>
  (Session info: chrome=97.0.4692.71)
Build info: version: '3.141.59', revision: 'e82be7d358', time: '2018-11-14T08:25:53'
System info: host: 'PIKACHU-PC', ip: '192.168.1.152', os.name: 'Windows 10', os.arch: 'amd64', os.version: '10.0', java.version: '1.8.0_282'
Driver info: com.kms.katalon.selenium.driver.CChromeDriver
Capabilities {acceptInsecureCerts: false, browserName: chrome, browserVersion: 97.0.4692.71, chrome: {chromedriverVersion: 97.0.4692.71 (adefa7837d02a..., userDataDir: C:\Users\Pikachu\AppData\Lo...}, goog:chromeOptions: {debuggerAddress: localhost:51603}, javascriptEnabled: true, networkConnectionEnabled: false, pageLoadStrategy: normal, platform: WINDOWS, platformName: WINDOWS, proxy: Proxy(), setWindowRect: true, strictFileInteractability: false, timeouts: {implicit: 0, pageLoad: 300000, script: 30000}, unhandledPromptBehavior: dismiss and notify, webauthn:extension:credBlob: true, webauthn:extension:largeBlob: true, webauthn:virtualAuthenticators: true}
Session ID: 5042fc4525546874c0768470129d7b79
	at org.openqa.selenium.remote.http.W3CHttpResponseCodec.createException(W3CHttpResponseCodec.java:187)
	at org.openqa.selenium.remote.http.W3CHttpResponseCodec.decode(W3CHttpResponseCodec.java:122)
	at org.openqa.selenium.remote.http.W3CHttpResponseCodec.decode(W3CHttpResponseCodec.java:49)
	at org.openqa.selenium.remote.HttpCommandExecutor.execute(HttpCommandExecutor.java:158)
	at org.openqa.selenium.remote.service.DriverCommandExecutor.execute(DriverCommandExecutor.java:83)
	at org.openqa.selenium.remote.RemoteWebDriver.execute(RemoteWebDriver.java:552)
	at com.kms.katalon.selenium.driver.CChromeDriver.execute(CChromeDriver.java:19)
	at org.openqa.selenium.remote.RemoteWebElement.execute(RemoteWebElement.java:285)
	at org.openqa.selenium.remote.RemoteWebElement.click(RemoteWebElement.java:84)
	at org.openqa.selenium.support.events.EventFiringWebDriver$EventFiringWebElement.lambda$new$0(EventFiringWebDriver.java:404)
	at com.sun.proxy.$Proxy11.click(Unknown Source)
	at org.openqa.selenium.support.events.EventFiringWebDriver$EventFiringWebElement.click(EventFiringWebDriver.java:417)
	at org.openqa.selenium.WebElement$click.call(Unknown Source)
	at com.kms.katalon.core.webui.keyword.builtin.ClickKeyword.clickUntilSuccessWithTimeout(ClickKeyword.groovy:81)
	at com.kms.katalon.core.webui.keyword.builtin.ClickKeyword.clickUntilSuccessWithTimeout(ClickKeyword.groovy)
	at com.kms.katalon.core.webui.keyword.builtin.ClickKeyword$_click_closure1.doCall(ClickKeyword.groovy:67)
	at com.kms.katalon.core.webui.keyword.builtin.ClickKeyword$_click_closure1.call(ClickKeyword.groovy)
	at com.kms.katalon.core.webui.keyword.internal.WebUIKeywordMain.runKeyword(WebUIKeywordMain.groovy:20)
	... 19 more]]></system-err>
      </testcase>
      <testcase name="Test Cases/23.ChangeFronSizeValid" time="35.403" classname="Test Cases/23.ChangeFronSizeValid" status="PASSED">
         <system-out><![CDATA[2022-01-17 18:46:56 - [TEST_CASE][PASSED] - Test Cases/23.ChangeFronSizeValid: Test Cases/23.ChangeFronSizeValid

2022-01-17 18:46:56 - [TEST_STEP][PASSED] - openBrowser(""): Browser is opened with url: ''

2022-01-17 18:46:56 - [MESSAGE][WARNING] - A browser is already opened. Closing browser and opening a new one

2022-01-17 18:46:57 - [MESSAGE][INFO] - Starting 'Chrome' driver

2022-01-17 18:46:57 - [MESSAGE][INFO] - Action delay is set to 1,000 milliseconds

2022-01-17 18:46:58 - [MESSAGE][PASSED] - Browser is opened with url: ''

2022-01-17 18:46:58 - [TEST_STEP][PASSED] - navigateToUrl("http://localhost:8080/"): Navigate to 'http://localhost:8080/' successfully

2022-01-17 18:47:01 - [MESSAGE][PASSED] - Navigate to 'http://localhost:8080/' successfully

2022-01-17 18:47:01 - [TEST_STEP][PASSED] - click(findTestObject("Object Repository/Page_Element/a_Sign In")): Object: 'Object Repository/Page_Element/a_Sign In' is clicked on

2022-01-17 18:47:04 - [MESSAGE][PASSED] - Object: 'Object Repository/Page_Element/a_Sign In' is clicked on

2022-01-17 18:47:04 - [TEST_STEP][PASSED] - setText(findTestObject("Object Repository/Page_Element/input_Sign in with_username"), "ptnha19"): Text 'ptnha19' is set on object 'Object Repository/Page_Element/input_Sign in with_username'

2022-01-17 18:47:08 - [MESSAGE][PASSED] - Text 'ptnha19' is set on object 'Object Repository/Page_Element/input_Sign in with_username'

2022-01-17 18:47:08 - [TEST_STEP][PASSED] - setEncryptedText(findTestObject("Object Repository/Page_Element/input_Username_password"), "5R3Ima4A+eOeCrCDRGMLmJpaGR3V3+YI"): Text ****** has been set on object 'Object Repository/Page_Element/input_Username_password'

2022-01-17 18:47:10 - [MESSAGE][PASSED] - Text ****** has been set on object 'Object Repository/Page_Element/input_Username_password'

2022-01-17 18:47:10 - [TEST_STEP][PASSED] - click(findTestObject("Object Repository/Page_Element/input_Forgot password_mx_Login_submit")): Object: 'Object Repository/Page_Element/input_Forgot password_mx_Login_submit' is clicked on

2022-01-17 18:47:11 - [MESSAGE][PASSED] - Object: 'Object Repository/Page_Element/input_Forgot password_mx_Login_submit' is clicked on

2022-01-17 18:47:11 - [TEST_STEP][PASSED] - click(findTestObject("Object Repository/Page_Element/div_Verify with Security Key")): Object: 'Object Repository/Page_Element/div_Verify with Security Key' is clicked on

2022-01-17 18:47:18 - [MESSAGE][PASSED] - Object: 'Object Repository/Page_Element/div_Verify with Security Key' is clicked on

2022-01-17 18:47:18 - [TEST_STEP][PASSED] - setEncryptedText(findTestObject("Object Repository/Page_Element/input_Security Key_mx_Field_4"), "PF4jXtbe/5x5+S5PgN4Kl/QbANAkWZYKqKaG9gW6gn+Po31AOnak0DX8GoEzAUkskgpeON1UhfEqZG0XXngJPA=="): Text ****** has been set on object 'Object Repository/Page_Element/input_Security Key_mx_Field_4'

2022-01-17 18:47:21 - [MESSAGE][PASSED] - Text ****** has been set on object 'Object Repository/Page_Element/input_Security Key_mx_Field_4'

2022-01-17 18:47:21 - [TEST_STEP][PASSED] - click(findTestObject("Object Repository/Page_Element/button_Continue")): Object: 'Object Repository/Page_Element/button_Continue' is clicked on

2022-01-17 18:47:22 - [MESSAGE][PASSED] - Object: 'Object Repository/Page_Element/button_Continue' is clicked on

2022-01-17 18:47:22 - [TEST_STEP][PASSED] - click(findTestObject("Object Repository/Page_Element/div_Done")): Object: 'Object Repository/Page_Element/div_Done' is clicked on

2022-01-17 18:47:24 - [MESSAGE][PASSED] - Object: 'Object Repository/Page_Element/div_Done' is clicked on

2022-01-17 18:47:24 - [TEST_STEP][PASSED] - click(findTestObject("Object Repository/Page_Element/img_Enable_mx_BaseAvatar_image")): Object: 'Object Repository/Page_Element/img_Enable_mx_BaseAvatar_image' is clicked on

2022-01-17 18:47:27 - [MESSAGE][PASSED] - Object: 'Object Repository/Page_Element/img_Enable_mx_BaseAvatar_image' is clicked on

2022-01-17 18:47:27 - [TEST_STEP][PASSED] - click(findTestObject("Object Repository/Page_Element/span_All settings")): Object: 'Object Repository/Page_Element/span_All settings' is clicked on

2022-01-17 18:47:29 - [MESSAGE][PASSED] - Object: 'Object Repository/Page_Element/span_All settings' is clicked on

2022-01-17 18:47:29 - [TEST_STEP][PASSED] - click(findTestObject("Object Repository/Page_Element/span_Appearance")): Object: 'Object Repository/Page_Element/span_Appearance' is clicked on

2022-01-17 18:47:30 - [MESSAGE][PASSED] - Object: 'Object Repository/Page_Element/span_Appearance' is clicked on

2022-01-17 18:47:30 - [TEST_STEP][PASSED] - click(findTestObject("Object Repository/Page_Element/div_Aa_mx_Slider_dot mx_Slider_dotActive")): Object: 'Object Repository/Page_Element/div_Aa_mx_Slider_dot mx_Slider_dotActive' is clicked on

2022-01-17 18:47:31 - [MESSAGE][PASSED] - Object: 'Object Repository/Page_Element/div_Aa_mx_Slider_dot mx_Slider_dotActive' is clicked on

2022-01-17 18:47:31 - [TEST_STEP][PASSED] - closeBrowser(): Browser is closed

2022-01-17 18:47:32 - [MESSAGE][PASSED] - Browser is closed]]></system-out>
         <system-err><![CDATA[]]></system-err>
      </testcase>
      <testcase name="Test Cases/24.ChangeDisplayName" time="40.803" classname="Test Cases/24.ChangeDisplayName" status="PASSED">
         <system-out><![CDATA[2022-01-17 18:47:32 - [TEST_CASE][PASSED] - Test Cases/24.ChangeDisplayName: Test Cases/24.ChangeDisplayName

2022-01-17 18:47:32 - [TEST_STEP][PASSED] - openBrowser(""): Browser is opened with url: ''

2022-01-17 18:47:32 - [MESSAGE][INFO] - Starting 'Chrome' driver

2022-01-17 18:47:32 - [MESSAGE][INFO] - Action delay is set to 1,000 milliseconds

2022-01-17 18:47:33 - [MESSAGE][PASSED] - Browser is opened with url: ''

2022-01-17 18:47:33 - [TEST_STEP][PASSED] - navigateToUrl("http://localhost:8080/"): Navigate to 'http://localhost:8080/' successfully

2022-01-17 18:47:37 - [MESSAGE][PASSED] - Navigate to 'http://localhost:8080/' successfully

2022-01-17 18:47:37 - [TEST_STEP][PASSED] - click(findTestObject("Object Repository/Page_Element/div_Sign In")): Object: 'Object Repository/Page_Element/div_Sign In' is clicked on

2022-01-17 18:47:40 - [MESSAGE][PASSED] - Object: 'Object Repository/Page_Element/div_Sign In' is clicked on

2022-01-17 18:47:40 - [TEST_STEP][PASSED] - setText(findTestObject("Object Repository/Page_Element/input_Sign in with_username"), "ptnha19"): Text 'ptnha19' is set on object 'Object Repository/Page_Element/input_Sign in with_username'

2022-01-17 18:47:43 - [MESSAGE][PASSED] - Text 'ptnha19' is set on object 'Object Repository/Page_Element/input_Sign in with_username'

2022-01-17 18:47:43 - [TEST_STEP][PASSED] - setEncryptedText(findTestObject("Object Repository/Page_Element/input_Username_password"), "5R3Ima4A+eOeCrCDRGMLmJpaGR3V3+YI"): Text ****** has been set on object 'Object Repository/Page_Element/input_Username_password'

2022-01-17 18:47:46 - [MESSAGE][PASSED] - Text ****** has been set on object 'Object Repository/Page_Element/input_Username_password'

2022-01-17 18:47:46 - [TEST_STEP][PASSED] - click(findTestObject("Object Repository/Page_Element/input_Forgot password_mx_Login_submit")): Object: 'Object Repository/Page_Element/input_Forgot password_mx_Login_submit' is clicked on

2022-01-17 18:47:47 - [MESSAGE][PASSED] - Object: 'Object Repository/Page_Element/input_Forgot password_mx_Login_submit' is clicked on

2022-01-17 18:47:47 - [TEST_STEP][PASSED] - click(findTestObject("Object Repository/Page_Element/div_Verify with Security Key")): Object: 'Object Repository/Page_Element/div_Verify with Security Key' is clicked on

2022-01-17 18:47:55 - [MESSAGE][PASSED] - Object: 'Object Repository/Page_Element/div_Verify with Security Key' is clicked on

2022-01-17 18:47:55 - [TEST_STEP][PASSED] - setEncryptedText(findTestObject("Object Repository/Page_Element/input_Security Key_mx_Field_4"), "PF4jXtbe/5x5+S5PgN4Kl/QbANAkWZYKqKaG9gW6gn+Po31AOnak0DX8GoEzAUkskgpeON1UhfEqZG0XXngJPA=="): Text ****** has been set on object 'Object Repository/Page_Element/input_Security Key_mx_Field_4'

2022-01-17 18:48:01 - [MESSAGE][PASSED] - Text ****** has been set on object 'Object Repository/Page_Element/input_Security Key_mx_Field_4'

2022-01-17 18:48:01 - [TEST_STEP][PASSED] - click(findTestObject("Object Repository/Page_Element/button_Continue")): Object: 'Object Repository/Page_Element/button_Continue' is clicked on

2022-01-17 18:48:02 - [MESSAGE][PASSED] - Object: 'Object Repository/Page_Element/button_Continue' is clicked on

2022-01-17 18:48:02 - [TEST_STEP][PASSED] - click(findTestObject("Object Repository/Page_Element/div_Done")): Object: 'Object Repository/Page_Element/div_Done' is clicked on

2022-01-17 18:48:04 - [MESSAGE][PASSED] - Object: 'Object Repository/Page_Element/div_Done' is clicked on

2022-01-17 18:48:04 - [TEST_STEP][PASSED] - click(findTestObject("Object Repository/Page_Element/img_Review_mx_BaseAvatar_image")): Object: 'Object Repository/Page_Element/img_Review_mx_BaseAvatar_image' is clicked on

2022-01-17 18:48:06 - [MESSAGE][PASSED] - Object: 'Object Repository/Page_Element/img_Review_mx_BaseAvatar_image' is clicked on

2022-01-17 18:48:06 - [TEST_STEP][PASSED] - click(findTestObject("Object Repository/Page_Element/span_All settings")): Object: 'Object Repository/Page_Element/span_All settings' is clicked on

2022-01-17 18:48:07 - [MESSAGE][PASSED] - Object: 'Object Repository/Page_Element/span_All settings' is clicked on

2022-01-17 18:48:07 - [TEST_STEP][PASSED] - setText(findTestObject("Object Repository/Page_Element/input_Profile_mx_Field_5"), "ptnha1"): Text 'ptnha1' is set on object 'Object Repository/Page_Element/input_Profile_mx_Field_5'

2022-01-17 18:48:09 - [MESSAGE][PASSED] - Text 'ptnha1' is set on object 'Object Repository/Page_Element/input_Profile_mx_Field_5'

2022-01-17 18:48:09 - [TEST_STEP][PASSED] - click(findTestObject("Object Repository/Page_Element/div_Save")): Object: 'Object Repository/Page_Element/div_Save' is clicked on

2022-01-17 18:48:12 - [MESSAGE][PASSED] - Object: 'Object Repository/Page_Element/div_Save' is clicked on

2022-01-17 18:48:12 - [TEST_STEP][PASSED] - closeBrowser(): Browser is closed

2022-01-17 18:48:12 - [MESSAGE][PASSED] - Browser is closed]]></system-out>
         <system-err><![CDATA[]]></system-err>
      </testcase>
      <testcase name="Test Cases/25.ChangePasswordInvalid" time="40.16" classname="Test Cases/25.ChangePasswordInvalid" status="PASSED">
         <system-out><![CDATA[2022-01-17 18:48:12 - [TEST_CASE][PASSED] - Test Cases/25.ChangePasswordInvalid: Test Cases/25.ChangePasswordInvalid

2022-01-17 18:48:13 - [TEST_STEP][PASSED] - openBrowser(""): Browser is opened with url: ''

2022-01-17 18:48:13 - [MESSAGE][INFO] - Starting 'Chrome' driver

2022-01-17 18:48:13 - [MESSAGE][INFO] - Action delay is set to 1,000 milliseconds

2022-01-17 18:48:14 - [MESSAGE][PASSED] - Browser is opened with url: ''

2022-01-17 18:48:14 - [TEST_STEP][PASSED] - navigateToUrl("http://localhost:8080/"): Navigate to 'http://localhost:8080/' successfully

2022-01-17 18:48:17 - [MESSAGE][PASSED] - Navigate to 'http://localhost:8080/' successfully

2022-01-17 18:48:17 - [TEST_STEP][PASSED] - click(findTestObject("Object Repository/Page_Element/div_Sign In")): Object: 'Object Repository/Page_Element/div_Sign In' is clicked on

2022-01-17 18:48:20 - [MESSAGE][PASSED] - Object: 'Object Repository/Page_Element/div_Sign In' is clicked on

2022-01-17 18:48:20 - [TEST_STEP][PASSED] - setText(findTestObject("Object Repository/Page_Element/input_Sign in with_username"), "ptnha19"): Text 'ptnha19' is set on object 'Object Repository/Page_Element/input_Sign in with_username'

2022-01-17 18:48:24 - [MESSAGE][PASSED] - Text 'ptnha19' is set on object 'Object Repository/Page_Element/input_Sign in with_username'

2022-01-17 18:48:24 - [TEST_STEP][PASSED] - setEncryptedText(findTestObject("Object Repository/Page_Element/input_Username_password"), "5R3Ima4A+eOeCrCDRGMLmJpaGR3V3+YI"): Text ****** has been set on object 'Object Repository/Page_Element/input_Username_password'

2022-01-17 18:48:26 - [MESSAGE][PASSED] - Text ****** has been set on object 'Object Repository/Page_Element/input_Username_password'

2022-01-17 18:48:26 - [TEST_STEP][PASSED] - click(findTestObject("Object Repository/Page_Element/input_Forgot password_mx_Login_submit")): Object: 'Object Repository/Page_Element/input_Forgot password_mx_Login_submit' is clicked on

2022-01-17 18:48:27 - [MESSAGE][PASSED] - Object: 'Object Repository/Page_Element/input_Forgot password_mx_Login_submit' is clicked on

2022-01-17 18:48:27 - [TEST_STEP][PASSED] - click(findTestObject("Object Repository/Page_Element/div_Verify with Security Key")): Object: 'Object Repository/Page_Element/div_Verify with Security Key' is clicked on

2022-01-17 18:48:34 - [MESSAGE][PASSED] - Object: 'Object Repository/Page_Element/div_Verify with Security Key' is clicked on

2022-01-17 18:48:34 - [TEST_STEP][PASSED] - setEncryptedText(findTestObject("Object Repository/Page_Element/input_Security Key_mx_Field_4"), "PF4jXtbe/5x5+S5PgN4Kl/QbANAkWZYKqKaG9gW6gn+Po31AOnak0DX8GoEzAUkskgpeON1UhfEqZG0XXngJPA=="): Text ****** has been set on object 'Object Repository/Page_Element/input_Security Key_mx_Field_4'

2022-01-17 18:48:37 - [MESSAGE][PASSED] - Text ****** has been set on object 'Object Repository/Page_Element/input_Security Key_mx_Field_4'

2022-01-17 18:48:37 - [TEST_STEP][PASSED] - click(findTestObject("Object Repository/Page_Element/button_Continue")): Object: 'Object Repository/Page_Element/button_Continue' is clicked on

2022-01-17 18:48:38 - [MESSAGE][PASSED] - Object: 'Object Repository/Page_Element/button_Continue' is clicked on

2022-01-17 18:48:38 - [TEST_STEP][PASSED] - click(findTestObject("Object Repository/Page_Element/div_Done")): Object: 'Object Repository/Page_Element/div_Done' is clicked on

2022-01-17 18:48:40 - [MESSAGE][PASSED] - Object: 'Object Repository/Page_Element/div_Done' is clicked on

2022-01-17 18:48:40 - [TEST_STEP][PASSED] - click(findTestObject("Object Repository/Page_Element/img_Enable_mx_BaseAvatar_image")): Object: 'Object Repository/Page_Element/img_Enable_mx_BaseAvatar_image' is clicked on

2022-01-17 18:48:42 - [MESSAGE][PASSED] - Object: 'Object Repository/Page_Element/img_Enable_mx_BaseAvatar_image' is clicked on

2022-01-17 18:48:42 - [TEST_STEP][PASSED] - click(findTestObject("Object Repository/Page_Element/span_All settings")): Object: 'Object Repository/Page_Element/span_All settings' is clicked on

2022-01-17 18:48:43 - [MESSAGE][PASSED] - Object: 'Object Repository/Page_Element/span_All settings' is clicked on

2022-01-17 18:48:43 - [TEST_STEP][PASSED] - setEncryptedText(findTestObject("Object Repository/Page_Element/input_Account_mx_Field_7"), "cH9eeb27K7k="): Text ****** has been set on object 'Object Repository/Page_Element/input_Account_mx_Field_7'

2022-01-17 18:48:46 - [MESSAGE][PASSED] - Text ****** has been set on object 'Object Repository/Page_Element/input_Account_mx_Field_7'

2022-01-17 18:48:46 - [TEST_STEP][PASSED] - setEncryptedText(findTestObject("Object Repository/Page_Element/input_Current password_mx_Field_8"), "YYdYgnpZIxc="): Text ****** has been set on object 'Object Repository/Page_Element/input_Current password_mx_Field_8'

2022-01-17 18:48:48 - [MESSAGE][PASSED] - Text ****** has been set on object 'Object Repository/Page_Element/input_Current password_mx_Field_8'

2022-01-17 18:48:48 - [TEST_STEP][PASSED] - setEncryptedText(findTestObject("Object Repository/Page_Element/input_New Password_mx_Field_9"), "YYdYgnpZIxc="): Text ****** has been set on object 'Object Repository/Page_Element/input_New Password_mx_Field_9'

2022-01-17 18:48:51 - [MESSAGE][PASSED] - Text ****** has been set on object 'Object Repository/Page_Element/input_New Password_mx_Field_9'

2022-01-17 18:48:51 - [TEST_STEP][PASSED] - click(findTestObject("Object Repository/Page_Element/div_Change Password")): Object: 'Object Repository/Page_Element/div_Change Password' is clicked on

2022-01-17 18:48:52 - [MESSAGE][PASSED] - Object: 'Object Repository/Page_Element/div_Change Password' is clicked on

2022-01-17 18:48:52 - [TEST_STEP][PASSED] - closeBrowser(): Browser is closed

2022-01-17 18:48:53 - [MESSAGE][PASSED] - Browser is closed]]></system-out>
         <system-err><![CDATA[]]></system-err>
      </testcase>
      <testcase name="Test Cases/28.EnableDesktopNotificationsForThisSession" time="37.586" classname="Test Cases/28.EnableDesktopNotificationsForThisSession" status="PASSED">
         <system-out><![CDATA[2022-01-17 18:48:53 - [TEST_CASE][PASSED] - Test Cases/28.EnableDesktopNotificationsForThisSession: Test Cases/28.EnableDesktopNotificationsForThisSession

2022-01-17 18:48:53 - [TEST_STEP][PASSED] - openBrowser(""): Browser is opened with url: ''

2022-01-17 18:48:53 - [MESSAGE][INFO] - Starting 'Chrome' driver

2022-01-17 18:48:53 - [MESSAGE][INFO] - Action delay is set to 1,000 milliseconds

2022-01-17 18:48:54 - [MESSAGE][PASSED] - Browser is opened with url: ''

2022-01-17 18:48:54 - [TEST_STEP][PASSED] - navigateToUrl("http://localhost:8080/"): Navigate to 'http://localhost:8080/' successfully

2022-01-17 18:48:57 - [MESSAGE][PASSED] - Navigate to 'http://localhost:8080/' successfully

2022-01-17 18:48:57 - [TEST_STEP][PASSED] - click(findTestObject("Object Repository/Page_Element/div_Sign In")): Object: 'Object Repository/Page_Element/div_Sign In' is clicked on

2022-01-17 18:49:01 - [MESSAGE][PASSED] - Object: 'Object Repository/Page_Element/div_Sign In' is clicked on

2022-01-17 18:49:01 - [TEST_STEP][PASSED] - setText(findTestObject("Object Repository/Page_Element/input_Sign in with_username"), "ptnha19"): Text 'ptnha19' is set on object 'Object Repository/Page_Element/input_Sign in with_username'

2022-01-17 18:49:04 - [MESSAGE][PASSED] - Text 'ptnha19' is set on object 'Object Repository/Page_Element/input_Sign in with_username'

2022-01-17 18:49:04 - [TEST_STEP][PASSED] - setEncryptedText(findTestObject("Object Repository/Page_Element/input_Username_password"), "5R3Ima4A+eOeCrCDRGMLmJpaGR3V3+YI"): Text ****** has been set on object 'Object Repository/Page_Element/input_Username_password'

2022-01-17 18:49:06 - [MESSAGE][PASSED] - Text ****** has been set on object 'Object Repository/Page_Element/input_Username_password'

2022-01-17 18:49:06 - [TEST_STEP][PASSED] - click(findTestObject("Object Repository/Page_Element/input_Forgot password_mx_Login_submit")): Object: 'Object Repository/Page_Element/input_Forgot password_mx_Login_submit' is clicked on

2022-01-17 18:49:07 - [MESSAGE][PASSED] - Object: 'Object Repository/Page_Element/input_Forgot password_mx_Login_submit' is clicked on

2022-01-17 18:49:07 - [TEST_STEP][PASSED] - click(findTestObject("Object Repository/Page_Element/div_Verify with Security Key")): Object: 'Object Repository/Page_Element/div_Verify with Security Key' is clicked on

2022-01-17 18:49:13 - [MESSAGE][PASSED] - Object: 'Object Repository/Page_Element/div_Verify with Security Key' is clicked on

2022-01-17 18:49:13 - [TEST_STEP][PASSED] - setEncryptedText(findTestObject("Object Repository/Page_Element/input_Security Key_mx_Field_4"), "PF4jXtbe/5x5+S5PgN4Kl/QbANAkWZYKqKaG9gW6gn+Po31AOnak0DX8GoEzAUkskgpeON1UhfEqZG0XXngJPA=="): Text ****** has been set on object 'Object Repository/Page_Element/input_Security Key_mx_Field_4'

2022-01-17 18:49:18 - [MESSAGE][PASSED] - Text ****** has been set on object 'Object Repository/Page_Element/input_Security Key_mx_Field_4'

2022-01-17 18:49:18 - [TEST_STEP][PASSED] - click(findTestObject("Object Repository/Page_Element/button_Continue")): Object: 'Object Repository/Page_Element/button_Continue' is clicked on

2022-01-17 18:49:19 - [MESSAGE][PASSED] - Object: 'Object Repository/Page_Element/button_Continue' is clicked on

2022-01-17 18:49:19 - [TEST_STEP][PASSED] - click(findTestObject("Object Repository/Page_Element/div_Done")): Object: 'Object Repository/Page_Element/div_Done' is clicked on

2022-01-17 18:49:22 - [MESSAGE][PASSED] - Object: 'Object Repository/Page_Element/div_Done' is clicked on

2022-01-17 18:49:22 - [TEST_STEP][PASSED] - click(findTestObject("Object Repository/Page_Element/img_Enable_mx_BaseAvatar_image")): Object: 'Object Repository/Page_Element/img_Enable_mx_BaseAvatar_image' is clicked on

2022-01-17 18:49:23 - [MESSAGE][PASSED] - Object: 'Object Repository/Page_Element/img_Enable_mx_BaseAvatar_image' is clicked on

2022-01-17 18:49:23 - [TEST_STEP][PASSED] - click(findTestObject("Object Repository/Page_Element/span_Notifications")): Object: 'Object Repository/Page_Element/span_Notifications' is clicked on

2022-01-17 18:49:24 - [MESSAGE][PASSED] - Object: 'Object Repository/Page_Element/span_Notifications' is clicked on

2022-01-17 18:49:24 - [TEST_STEP][PASSED] - click(findTestObject("Object Repository/Page_Element/div_Enable desktop notifications for this s_6cd3cd")): Object: 'Object Repository/Page_Element/div_Enable desktop notifications for this s_6cd3cd' is clicked on

2022-01-17 18:49:27 - [MESSAGE][PASSED] - Object: 'Object Repository/Page_Element/div_Enable desktop notifications for this s_6cd3cd' is clicked on

2022-01-17 18:49:27 - [TEST_STEP][PASSED] - click(findTestObject("Object Repository/Page_Element/div_Enable desktop notifications for this s_6cd3cd")): Object: 'Object Repository/Page_Element/div_Enable desktop notifications for this s_6cd3cd' is clicked on

2022-01-17 18:49:28 - [MESSAGE][PASSED] - Object: 'Object Repository/Page_Element/div_Enable desktop notifications for this s_6cd3cd' is clicked on

2022-01-17 18:49:28 - [TEST_STEP][PASSED] - click(findTestObject("Object Repository/Page_Element/div_Enable desktop notifications for this s_6cd3cd_1")): Object: 'Object Repository/Page_Element/div_Enable desktop notifications for this s_6cd3cd_1' is clicked on

2022-01-17 18:49:29 - [MESSAGE][PASSED] - Object: 'Object Repository/Page_Element/div_Enable desktop notifications for this s_6cd3cd_1' is clicked on

2022-01-17 18:49:29 - [TEST_STEP][PASSED] - closeBrowser(): Browser is closed

2022-01-17 18:49:30 - [MESSAGE][PASSED] - Browser is closed]]></system-out>
         <system-err><![CDATA[]]></system-err>
      </testcase>
      <testcase name="Test Cases/29.EnableEmailNotifications" time="35.003" classname="Test Cases/29.EnableEmailNotifications" status="PASSED">
         <system-out><![CDATA[2022-01-17 18:49:30 - [TEST_CASE][PASSED] - Test Cases/29.EnableEmailNotifications: Test Cases/29.EnableEmailNotifications

2022-01-17 18:49:30 - [TEST_STEP][PASSED] - openBrowser(""): Browser is opened with url: ''

2022-01-17 18:49:30 - [MESSAGE][INFO] - Starting 'Chrome' driver

2022-01-17 18:49:30 - [MESSAGE][INFO] - Action delay is set to 1,000 milliseconds

2022-01-17 18:49:32 - [MESSAGE][PASSED] - Browser is opened with url: ''

2022-01-17 18:49:32 - [TEST_STEP][PASSED] - navigateToUrl("http://localhost:8080/"): Navigate to 'http://localhost:8080/' successfully

2022-01-17 18:49:35 - [MESSAGE][PASSED] - Navigate to 'http://localhost:8080/' successfully

2022-01-17 18:49:35 - [TEST_STEP][PASSED] - click(findTestObject("Object Repository/Page_Element/div_Sign In")): Object: 'Object Repository/Page_Element/div_Sign In' is clicked on

2022-01-17 18:49:38 - [MESSAGE][PASSED] - Object: 'Object Repository/Page_Element/div_Sign In' is clicked on

2022-01-17 18:49:38 - [TEST_STEP][PASSED] - setText(findTestObject("Object Repository/Page_Element/input_Sign in with_username"), "ptnha19"): Text 'ptnha19' is set on object 'Object Repository/Page_Element/input_Sign in with_username'

2022-01-17 18:49:42 - [MESSAGE][PASSED] - Text 'ptnha19' is set on object 'Object Repository/Page_Element/input_Sign in with_username'

2022-01-17 18:49:42 - [TEST_STEP][PASSED] - setEncryptedText(findTestObject("Object Repository/Page_Element/input_Username_password"), "5R3Ima4A+eOeCrCDRGMLmJpaGR3V3+YI"): Text ****** has been set on object 'Object Repository/Page_Element/input_Username_password'

2022-01-17 18:49:44 - [MESSAGE][PASSED] - Text ****** has been set on object 'Object Repository/Page_Element/input_Username_password'

2022-01-17 18:49:44 - [TEST_STEP][PASSED] - click(findTestObject("Object Repository/Page_Element/input_Forgot password_mx_Login_submit")): Object: 'Object Repository/Page_Element/input_Forgot password_mx_Login_submit' is clicked on

2022-01-17 18:49:45 - [MESSAGE][PASSED] - Object: 'Object Repository/Page_Element/input_Forgot password_mx_Login_submit' is clicked on

2022-01-17 18:49:45 - [TEST_STEP][PASSED] - click(findTestObject("Object Repository/Page_Element/div_Verify with Security Key")): Object: 'Object Repository/Page_Element/div_Verify with Security Key' is clicked on

2022-01-17 18:49:52 - [MESSAGE][PASSED] - Object: 'Object Repository/Page_Element/div_Verify with Security Key' is clicked on

2022-01-17 18:49:52 - [TEST_STEP][PASSED] - setEncryptedText(findTestObject("Object Repository/Page_Element/input_Security Key_mx_Field_4"), "PF4jXtbe/5x5+S5PgN4Kl/QbANAkWZYKqKaG9gW6gn+Po31AOnak0DX8GoEzAUkskgpeON1UhfEqZG0XXngJPA=="): Text ****** has been set on object 'Object Repository/Page_Element/input_Security Key_mx_Field_4'

2022-01-17 18:49:55 - [MESSAGE][PASSED] - Text ****** has been set on object 'Object Repository/Page_Element/input_Security Key_mx_Field_4'

2022-01-17 18:49:55 - [TEST_STEP][PASSED] - click(findTestObject("Object Repository/Page_Element/button_Continue")): Object: 'Object Repository/Page_Element/button_Continue' is clicked on

2022-01-17 18:49:56 - [MESSAGE][PASSED] - Object: 'Object Repository/Page_Element/button_Continue' is clicked on

2022-01-17 18:49:56 - [TEST_STEP][PASSED] - click(findTestObject("Object Repository/Page_Element/div_Done")): Object: 'Object Repository/Page_Element/div_Done' is clicked on

2022-01-17 18:49:58 - [MESSAGE][PASSED] - Object: 'Object Repository/Page_Element/div_Done' is clicked on

2022-01-17 18:49:58 - [TEST_STEP][PASSED] - click(findTestObject("Object Repository/Page_Element/img_Enable_mx_BaseAvatar_image")): Object: 'Object Repository/Page_Element/img_Enable_mx_BaseAvatar_image' is clicked on

2022-01-17 18:49:59 - [MESSAGE][PASSED] - Object: 'Object Repository/Page_Element/img_Enable_mx_BaseAvatar_image' is clicked on

2022-01-17 18:49:59 - [TEST_STEP][PASSED] - click(findTestObject("Object Repository/Page_Element/span_Notifications")): Object: 'Object Repository/Page_Element/span_Notifications' is clicked on

2022-01-17 18:50:00 - [MESSAGE][PASSED] - Object: 'Object Repository/Page_Element/span_Notifications' is clicked on

2022-01-17 18:50:00 - [TEST_STEP][PASSED] - click(findTestObject("Object Repository/Page_Element/div_Enable email notifications for selena.n_56c593")): Object: 'Object Repository/Page_Element/div_Enable email notifications for selena.n_56c593' is clicked on

2022-01-17 18:50:02 - [MESSAGE][PASSED] - Object: 'Object Repository/Page_Element/div_Enable email notifications for selena.n_56c593' is clicked on

2022-01-17 18:50:02 - [TEST_STEP][PASSED] - click(findTestObject("Object Repository/Page_Element/div_Enable email notifications for selena.n_56c593_1")): Object: 'Object Repository/Page_Element/div_Enable email notifications for selena.n_56c593_1' is clicked on

2022-01-17 18:50:04 - [MESSAGE][PASSED] - Object: 'Object Repository/Page_Element/div_Enable email notifications for selena.n_56c593_1' is clicked on

2022-01-17 18:50:04 - [TEST_STEP][PASSED] - closeBrowser(): Browser is closed

2022-01-17 18:50:05 - [MESSAGE][PASSED] - Browser is closed]]></system-out>
         <system-err><![CDATA[]]></system-err>
      </testcase>
      <testcase name="Test Cases/30.ReferencesRoomList" time="68.693" classname="Test Cases/30.ReferencesRoomList" status="FAILED">
         <failure type="FAILED" message="Test Cases/30.ReferencesRoomList FAILED.
Reason:
com.kms.katalon.core.exception.StepFailedException: Unable to click on object 'Object Repository/Page_Element/span_Preferences'
	at com.kms.katalon.core.webui.keyword.internal.WebUIKeywordMain.stepFailed(WebUIKeywordMain.groovy:64)
	at com.kms.katalon.core.webui.keyword.internal.WebUIKeywordMain.runKeyword(WebUIKeywordMain.groovy:26)
	at com.kms.katalon.core.webui.keyword.builtin.ClickKeyword.click(ClickKeyword.groovy:74)
	at com.kms.katalon.core.webui.keyword.builtin.ClickKeyword.execute(ClickKeyword.groovy:40)
	at com.kms.katalon.core.keyword.internal.KeywordExecutor.executeKeywordForPlatform(KeywordExecutor.groovy:74)
	at com.kms.katalon.core.webui.keyword.WebUiBuiltInKeywords.click(WebUiBuiltInKeywords.groovy:620)
	at com.kms.katalon.core.webui.keyword.WebUiBuiltInKeywords$click$1.call(Unknown Source)
	at 30.ReferencesRoomList.run(30.ReferencesRoomList:44)
	at com.kms.katalon.core.main.ScriptEngine.run(ScriptEngine.java:194)
	at com.kms.katalon.core.main.ScriptEngine.runScriptAsRawText(ScriptEngine.java:119)
	at com.kms.katalon.core.main.TestCaseExecutor.runScript(TestCaseExecutor.java:442)
	at com.kms.katalon.core.main.TestCaseExecutor.doExecute(TestCaseExecutor.java:433)
	at com.kms.katalon.core.main.TestCaseExecutor.processExecutionPhase(TestCaseExecutor.java:412)
	at com.kms.katalon.core.main.TestCaseExecutor.accessMainPhase(TestCaseExecutor.java:404)
	at com.kms.katalon.core.main.TestCaseExecutor.execute(TestCaseExecutor.java:281)
	at com.kms.katalon.core.main.TestSuiteExecutor.accessTestCaseMainPhase(TestSuiteExecutor.java:202)
	at com.kms.katalon.core.main.TestSuiteExecutor.accessTestSuiteMainPhase(TestSuiteExecutor.java:164)
	at com.kms.katalon.core.main.TestSuiteExecutor.execute(TestSuiteExecutor.java:105)
	at com.kms.katalon.core.main.TestCaseMain.startTestSuite(TestCaseMain.java:181)
	at com.kms.katalon.core.main.TestCaseMain$startTestSuite$0.call(Unknown Source)
	at TempTestSuite1642419492812.run(TempTestSuite1642419492812.groovy:36)
Caused by: com.kms.katalon.core.webui.exception.WebElementNotFoundException: Web element with id: 'Object Repository/Page_Element/span_Preferences' located by '//div[@id='mx_ContextualMenu_Container']/div/div[2]/div/div[2]/div[3]/span[2]' not found
	at com.kms.katalon.core.webui.common.WebUiCommonHelper.findWebElement(WebUiCommonHelper.java:1368)
	at com.kms.katalon.core.webui.keyword.internal.WebUIAbstractKeyword.findWebElement(WebUIAbstractKeyword.groovy:27)
	at com.kms.katalon.core.webui.keyword.builtin.ClickKeyword$_click_closure1.doCall(ClickKeyword.groovy:65)
	at com.kms.katalon.core.webui.keyword.builtin.ClickKeyword$_click_closure1.call(ClickKeyword.groovy)
	at com.kms.katalon.core.webui.keyword.internal.WebUIKeywordMain.runKeyword(WebUIKeywordMain.groovy:20)
	... 19 more
"/>
         <system-out><![CDATA[2022-01-17 18:50:05 - [TEST_CASE][FAILED] - Test Cases/30.ReferencesRoomList: Test Cases/30.ReferencesRoomList FAILED.
Reason:
com.kms.katalon.core.exception.StepFailedException: Unable to click on object 'Object Repository/Page_Element/span_Preferences'
	at com.kms.katalon.core.webui.keyword.internal.WebUIKeywordMain.stepFailed(WebUIKeywordMain.groovy:64)
	at com.kms.katalon.core.webui.keyword.internal.WebUIKeywordMain.runKeyword(WebUIKeywordMain.groovy:26)
	at com.kms.katalon.core.webui.keyword.builtin.ClickKeyword.click(ClickKeyword.groovy:74)
	at com.kms.katalon.core.webui.keyword.builtin.ClickKeyword.execute(ClickKeyword.groovy:40)
	at com.kms.katalon.core.keyword.internal.KeywordExecutor.executeKeywordForPlatform(KeywordExecutor.groovy:74)
	at com.kms.katalon.core.webui.keyword.WebUiBuiltInKeywords.click(WebUiBuiltInKeywords.groovy:620)
	at com.kms.katalon.core.webui.keyword.WebUiBuiltInKeywords$click$1.call(Unknown Source)
	at 30.ReferencesRoomList.run(30.ReferencesRoomList:44)
	at com.kms.katalon.core.main.ScriptEngine.run(ScriptEngine.java:194)
	at com.kms.katalon.core.main.ScriptEngine.runScriptAsRawText(ScriptEngine.java:119)
	at com.kms.katalon.core.main.TestCaseExecutor.runScript(TestCaseExecutor.java:442)
	at com.kms.katalon.core.main.TestCaseExecutor.doExecute(TestCaseExecutor.java:433)
	at com.kms.katalon.core.main.TestCaseExecutor.processExecutionPhase(TestCaseExecutor.java:412)
	at com.kms.katalon.core.main.TestCaseExecutor.accessMainPhase(TestCaseExecutor.java:404)
	at com.kms.katalon.core.main.TestCaseExecutor.execute(TestCaseExecutor.java:281)
	at com.kms.katalon.core.main.TestSuiteExecutor.accessTestCaseMainPhase(TestSuiteExecutor.java:202)
	at com.kms.katalon.core.main.TestSuiteExecutor.accessTestSuiteMainPhase(TestSuiteExecutor.java:164)
	at com.kms.katalon.core.main.TestSuiteExecutor.execute(TestSuiteExecutor.java:105)
	at com.kms.katalon.core.main.TestCaseMain.startTestSuite(TestCaseMain.java:181)
	at com.kms.katalon.core.main.TestCaseMain$startTestSuite$0.call(Unknown Source)
	at TempTestSuite1642419492812.run(TempTestSuite1642419492812.groovy:36)
Caused by: com.kms.katalon.core.webui.exception.WebElementNotFoundException: Web element with id: 'Object Repository/Page_Element/span_Preferences' located by '//div[@id='mx_ContextualMenu_Container']/div/div[2]/div/div[2]/div[3]/span[2]' not found
	at com.kms.katalon.core.webui.common.WebUiCommonHelper.findWebElement(WebUiCommonHelper.java:1368)
	at com.kms.katalon.core.webui.keyword.internal.WebUIAbstractKeyword.findWebElement(WebUIAbstractKeyword.groovy:27)
	at com.kms.katalon.core.webui.keyword.builtin.ClickKeyword$_click_closure1.doCall(ClickKeyword.groovy:65)
	at com.kms.katalon.core.webui.keyword.builtin.ClickKeyword$_click_closure1.call(ClickKeyword.groovy)
	at com.kms.katalon.core.webui.keyword.internal.WebUIKeywordMain.runKeyword(WebUIKeywordMain.groovy:20)
	... 19 more


2022-01-17 18:50:05 - [TEST_STEP][PASSED] - openBrowser(""): Browser is opened with url: ''

2022-01-17 18:50:05 - [MESSAGE][INFO] - Starting 'Chrome' driver

2022-01-17 18:50:05 - [MESSAGE][INFO] - Action delay is set to 1,000 milliseconds

2022-01-17 18:50:07 - [MESSAGE][PASSED] - Browser is opened with url: ''

2022-01-17 18:50:07 - [TEST_STEP][PASSED] - navigateToUrl("http://localhost:8080/"): Navigate to 'http://localhost:8080/' successfully

2022-01-17 18:50:09 - [MESSAGE][PASSED] - Navigate to 'http://localhost:8080/' successfully

2022-01-17 18:50:09 - [TEST_STEP][PASSED] - click(findTestObject("Object Repository/Page_Element/div_Sign In")): Object: 'Object Repository/Page_Element/div_Sign In' is clicked on

2022-01-17 18:50:13 - [MESSAGE][PASSED] - Object: 'Object Repository/Page_Element/div_Sign In' is clicked on

2022-01-17 18:50:13 - [TEST_STEP][PASSED] - setText(findTestObject("Object Repository/Page_Element/input_Sign in with_username"), "ptnha19"): Text 'ptnha19' is set on object 'Object Repository/Page_Element/input_Sign in with_username'

2022-01-17 18:50:18 - [MESSAGE][PASSED] - Text 'ptnha19' is set on object 'Object Repository/Page_Element/input_Sign in with_username'

2022-01-17 18:50:18 - [TEST_STEP][PASSED] - setEncryptedText(findTestObject("Object Repository/Page_Element/input_Username_password"), "5R3Ima4A+eOeCrCDRGMLmJpaGR3V3+YI"): Text ****** has been set on object 'Object Repository/Page_Element/input_Username_password'

2022-01-17 18:50:20 - [MESSAGE][PASSED] - Text ****** has been set on object 'Object Repository/Page_Element/input_Username_password'

2022-01-17 18:50:20 - [TEST_STEP][PASSED] - click(findTestObject("Object Repository/Page_Element/input_Forgot password_mx_Login_submit")): Object: 'Object Repository/Page_Element/input_Forgot password_mx_Login_submit' is clicked on

2022-01-17 18:50:21 - [MESSAGE][PASSED] - Object: 'Object Repository/Page_Element/input_Forgot password_mx_Login_submit' is clicked on

2022-01-17 18:50:21 - [TEST_STEP][PASSED] - click(findTestObject("Object Repository/Page_Element/div_Verify with Security Key")): Object: 'Object Repository/Page_Element/div_Verify with Security Key' is clicked on

2022-01-17 18:50:31 - [MESSAGE][PASSED] - Object: 'Object Repository/Page_Element/div_Verify with Security Key' is clicked on

2022-01-17 18:50:31 - [TEST_STEP][PASSED] - setEncryptedText(findTestObject("Object Repository/Page_Element/input_Security Key_mx_Field_4"), "PF4jXtbe/5x5+S5PgN4Kl/QbANAkWZYKqKaG9gW6gn+Po31AOnak0DX8GoEzAUkskgpeON1UhfEqZG0XXngJPA=="): Text ****** has been set on object 'Object Repository/Page_Element/input_Security Key_mx_Field_4'

2022-01-17 18:50:36 - [MESSAGE][PASSED] - Text ****** has been set on object 'Object Repository/Page_Element/input_Security Key_mx_Field_4'

2022-01-17 18:50:36 - [TEST_STEP][PASSED] - click(findTestObject("Object Repository/Page_Element/button_Continue")): Object: 'Object Repository/Page_Element/button_Continue' is clicked on

2022-01-17 18:50:37 - [MESSAGE][PASSED] - Object: 'Object Repository/Page_Element/button_Continue' is clicked on

2022-01-17 18:50:37 - [TEST_STEP][PASSED] - click(findTestObject("Object Repository/Page_Element/div_Done")): Object: 'Object Repository/Page_Element/div_Done' is clicked on

2022-01-17 18:50:39 - [MESSAGE][PASSED] - Object: 'Object Repository/Page_Element/div_Done' is clicked on

2022-01-17 18:50:39 - [TEST_STEP][PASSED] - click(findTestObject("Object Repository/Page_Element/span_P")): Object: 'Object Repository/Page_Element/span_P' is clicked on

2022-01-17 18:50:41 - [MESSAGE][PASSED] - Object: 'Object Repository/Page_Element/span_P' is clicked on

2022-01-17 18:50:41 - [TEST_STEP][PASSED] - click(findTestObject("Object Repository/Page_Element/span_All settings")): Object: 'Object Repository/Page_Element/span_All settings' is clicked on

2022-01-17 18:50:42 - [MESSAGE][PASSED] - Object: 'Object Repository/Page_Element/span_All settings' is clicked on

2022-01-17 18:50:42 - [TEST_STEP][FAILED] - click(findTestObject("Object Repository/Page_Element/span_Preferences")): Unable to click on object 'Object Repository/Page_Element/span_Preferences' (Root cause: com.kms.katalon.core.exception.StepFailedException: Unable to click on object 'Object Repository/Page_Element/span_Preferences'
	at com.kms.katalon.core.webui.keyword.internal.WebUIKeywordMain.stepFailed(WebUIKeywordMain.groovy:64)
	at com.kms.katalon.core.webui.keyword.internal.WebUIKeywordMain.runKeyword(WebUIKeywordMain.groovy:26)
	at com.kms.katalon.core.webui.keyword.builtin.ClickKeyword.click(ClickKeyword.groovy:74)
	at com.kms.katalon.core.webui.keyword.builtin.ClickKeyword.execute(ClickKeyword.groovy:40)
	at com.kms.katalon.core.keyword.internal.KeywordExecutor.executeKeywordForPlatform(KeywordExecutor.groovy:74)
	at com.kms.katalon.core.webui.keyword.WebUiBuiltInKeywords.click(WebUiBuiltInKeywords.groovy:620)
	at com.kms.katalon.core.webui.keyword.WebUiBuiltInKeywords$click$1.call(Unknown Source)
	at 30.ReferencesRoomList.run(30.ReferencesRoomList:44)
	at com.kms.katalon.core.main.ScriptEngine.run(ScriptEngine.java:194)
	at com.kms.katalon.core.main.ScriptEngine.runScriptAsRawText(ScriptEngine.java:119)
	at com.kms.katalon.core.main.TestCaseExecutor.runScript(TestCaseExecutor.java:442)
	at com.kms.katalon.core.main.TestCaseExecutor.doExecute(TestCaseExecutor.java:433)
	at com.kms.katalon.core.main.TestCaseExecutor.processExecutionPhase(TestCaseExecutor.java:412)
	at com.kms.katalon.core.main.TestCaseExecutor.accessMainPhase(TestCaseExecutor.java:404)
	at com.kms.katalon.core.main.TestCaseExecutor.execute(TestCaseExecutor.java:281)
	at com.kms.katalon.core.main.TestSuiteExecutor.accessTestCaseMainPhase(TestSuiteExecutor.java:202)
	at com.kms.katalon.core.main.TestSuiteExecutor.accessTestSuiteMainPhase(TestSuiteExecutor.java:164)
	at com.kms.katalon.core.main.TestSuiteExecutor.execute(TestSuiteExecutor.java:105)
	at com.kms.katalon.core.main.TestCaseMain.startTestSuite(TestCaseMain.java:181)
	at com.kms.katalon.core.main.TestCaseMain$startTestSuite$0.call(Unknown Source)
	at TempTestSuite1642419492812.run(TempTestSuite1642419492812.groovy:36)
Caused by: com.kms.katalon.core.webui.exception.WebElementNotFoundException: Web element with id: 'Object Repository/Page_Element/span_Preferences' located by '//div[@id='mx_ContextualMenu_Container']/div/div[2]/div/div[2]/div[3]/span[2]' not found
	at com.kms.katalon.core.webui.common.WebUiCommonHelper.findWebElement(WebUiCommonHelper.java:1368)
	at com.kms.katalon.core.webui.keyword.internal.WebUIAbstractKeyword.findWebElement(WebUIAbstractKeyword.groovy:27)
	at com.kms.katalon.core.webui.keyword.builtin.ClickKeyword$_click_closure1.doCall(ClickKeyword.groovy:65)
	at com.kms.katalon.core.webui.keyword.builtin.ClickKeyword$_click_closure1.call(ClickKeyword.groovy)
	at com.kms.katalon.core.webui.keyword.internal.WebUIKeywordMain.runKeyword(WebUIKeywordMain.groovy:20)
	at com.kms.katalon.core.webui.keyword.builtin.ClickKeyword.click(ClickKeyword.groovy:74)
	at com.kms.katalon.core.webui.keyword.builtin.ClickKeyword.execute(ClickKeyword.groovy:40)
	at com.kms.katalon.core.keyword.internal.KeywordExecutor.executeKeywordForPlatform(KeywordExecutor.groovy:74)
	at com.kms.katalon.core.webui.keyword.WebUiBuiltInKeywords.click(WebUiBuiltInKeywords.groovy:620)
	at com.kms.katalon.core.webui.keyword.WebUiBuiltInKeywords$click$1.call(Unknown Source)
	at Script1641894812076.run(Script1641894812076.groovy:44)
	... 13 more
)

2022-01-17 18:51:14 - [MESSAGE][INFO] - Unable to find the element located by 'By.xpath: //div[@id='mx_ContextualMenu_Container']/div/div[2]/div/div[2]/div[3]/span[2]'. Please recheck the objects properties to make sure the desired element is located. 

2022-01-17 18:51:14 - [MESSAGE][FAILED] - Unable to click on object 'Object Repository/Page_Element/span_Preferences' (Root cause: com.kms.katalon.core.exception.StepFailedException: Unable to click on object 'Object Repository/Page_Element/span_Preferences'
	at com.kms.katalon.core.webui.keyword.internal.WebUIKeywordMain.stepFailed(WebUIKeywordMain.groovy:64)
	at com.kms.katalon.core.webui.keyword.internal.WebUIKeywordMain.runKeyword(WebUIKeywordMain.groovy:26)
	at com.kms.katalon.core.webui.keyword.builtin.ClickKeyword.click(ClickKeyword.groovy:74)
	at com.kms.katalon.core.webui.keyword.builtin.ClickKeyword.execute(ClickKeyword.groovy:40)
	at com.kms.katalon.core.keyword.internal.KeywordExecutor.executeKeywordForPlatform(KeywordExecutor.groovy:74)
	at com.kms.katalon.core.webui.keyword.WebUiBuiltInKeywords.click(WebUiBuiltInKeywords.groovy:620)
	at com.kms.katalon.core.webui.keyword.WebUiBuiltInKeywords$click$1.call(Unknown Source)
	at 30.ReferencesRoomList.run(30.ReferencesRoomList:44)
	at com.kms.katalon.core.main.ScriptEngine.run(ScriptEngine.java:194)
	at com.kms.katalon.core.main.ScriptEngine.runScriptAsRawText(ScriptEngine.java:119)
	at com.kms.katalon.core.main.TestCaseExecutor.runScript(TestCaseExecutor.java:442)
	at com.kms.katalon.core.main.TestCaseExecutor.doExecute(TestCaseExecutor.java:433)
	at com.kms.katalon.core.main.TestCaseExecutor.processExecutionPhase(TestCaseExecutor.java:412)
	at com.kms.katalon.core.main.TestCaseExecutor.accessMainPhase(TestCaseExecutor.java:404)
	at com.kms.katalon.core.main.TestCaseExecutor.execute(TestCaseExecutor.java:281)
	at com.kms.katalon.core.main.TestSuiteExecutor.accessTestCaseMainPhase(TestSuiteExecutor.java:202)
	at com.kms.katalon.core.main.TestSuiteExecutor.accessTestSuiteMainPhase(TestSuiteExecutor.java:164)
	at com.kms.katalon.core.main.TestSuiteExecutor.execute(TestSuiteExecutor.java:105)
	at com.kms.katalon.core.main.TestCaseMain.startTestSuite(TestCaseMain.java:181)
	at com.kms.katalon.core.main.TestCaseMain$startTestSuite$0.call(Unknown Source)
	at TempTestSuite1642419492812.run(TempTestSuite1642419492812.groovy:36)
Caused by: com.kms.katalon.core.webui.exception.WebElementNotFoundException: Web element with id: 'Object Repository/Page_Element/span_Preferences' located by '//div[@id='mx_ContextualMenu_Container']/div/div[2]/div/div[2]/div[3]/span[2]' not found
	at com.kms.katalon.core.webui.common.WebUiCommonHelper.findWebElement(WebUiCommonHelper.java:1368)
	at com.kms.katalon.core.webui.keyword.internal.WebUIAbstractKeyword.findWebElement(WebUIAbstractKeyword.groovy:27)
	at com.kms.katalon.core.webui.keyword.builtin.ClickKeyword$_click_closure1.doCall(ClickKeyword.groovy:65)
	at com.kms.katalon.core.webui.keyword.builtin.ClickKeyword$_click_closure1.call(ClickKeyword.groovy)
	at com.kms.katalon.core.webui.keyword.internal.WebUIKeywordMain.runKeyword(WebUIKeywordMain.groovy:20)
	at com.kms.katalon.core.webui.keyword.builtin.ClickKeyword.click(ClickKeyword.groovy:74)
	at com.kms.katalon.core.webui.keyword.builtin.ClickKeyword.execute(ClickKeyword.groovy:40)
	at com.kms.katalon.core.keyword.internal.KeywordExecutor.executeKeywordForPlatform(KeywordExecutor.groovy:74)
	at com.kms.katalon.core.webui.keyword.WebUiBuiltInKeywords.click(WebUiBuiltInKeywords.groovy:620)
	at com.kms.katalon.core.webui.keyword.WebUiBuiltInKeywords$click$1.call(Unknown Source)
	at Script1641894812076.run(Script1641894812076.groovy:44)
	... 13 more
)
[[ATTACHMENT|C:\\Users\\Pikachu\\Documents\\Bonus-SE\\Katalon_pj\\Bonus_SE\\Reports\\20220117_183812\\Run all test case\\20220117_183812\\1642420274221.png]]]]></system-out>
         <system-err><![CDATA[2022-01-17 18:50:05 - [TEST_CASE][FAILED] - Test Cases/30.ReferencesRoomList: Test Cases/30.ReferencesRoomList FAILED.
Reason:
com.kms.katalon.core.exception.StepFailedException: Unable to click on object 'Object Repository/Page_Element/span_Preferences'
	at com.kms.katalon.core.webui.keyword.internal.WebUIKeywordMain.stepFailed(WebUIKeywordMain.groovy:64)
	at com.kms.katalon.core.webui.keyword.internal.WebUIKeywordMain.runKeyword(WebUIKeywordMain.groovy:26)
	at com.kms.katalon.core.webui.keyword.builtin.ClickKeyword.click(ClickKeyword.groovy:74)
	at com.kms.katalon.core.webui.keyword.builtin.ClickKeyword.execute(ClickKeyword.groovy:40)
	at com.kms.katalon.core.keyword.internal.KeywordExecutor.executeKeywordForPlatform(KeywordExecutor.groovy:74)
	at com.kms.katalon.core.webui.keyword.WebUiBuiltInKeywords.click(WebUiBuiltInKeywords.groovy:620)
	at com.kms.katalon.core.webui.keyword.WebUiBuiltInKeywords$click$1.call(Unknown Source)
	at 30.ReferencesRoomList.run(30.ReferencesRoomList:44)
	at com.kms.katalon.core.main.ScriptEngine.run(ScriptEngine.java:194)
	at com.kms.katalon.core.main.ScriptEngine.runScriptAsRawText(ScriptEngine.java:119)
	at com.kms.katalon.core.main.TestCaseExecutor.runScript(TestCaseExecutor.java:442)
	at com.kms.katalon.core.main.TestCaseExecutor.doExecute(TestCaseExecutor.java:433)
	at com.kms.katalon.core.main.TestCaseExecutor.processExecutionPhase(TestCaseExecutor.java:412)
	at com.kms.katalon.core.main.TestCaseExecutor.accessMainPhase(TestCaseExecutor.java:404)
	at com.kms.katalon.core.main.TestCaseExecutor.execute(TestCaseExecutor.java:281)
	at com.kms.katalon.core.main.TestSuiteExecutor.accessTestCaseMainPhase(TestSuiteExecutor.java:202)
	at com.kms.katalon.core.main.TestSuiteExecutor.accessTestSuiteMainPhase(TestSuiteExecutor.java:164)
	at com.kms.katalon.core.main.TestSuiteExecutor.execute(TestSuiteExecutor.java:105)
	at com.kms.katalon.core.main.TestCaseMain.startTestSuite(TestCaseMain.java:181)
	at com.kms.katalon.core.main.TestCaseMain$startTestSuite$0.call(Unknown Source)
	at TempTestSuite1642419492812.run(TempTestSuite1642419492812.groovy:36)
Caused by: com.kms.katalon.core.webui.exception.WebElementNotFoundException: Web element with id: 'Object Repository/Page_Element/span_Preferences' located by '//div[@id='mx_ContextualMenu_Container']/div/div[2]/div/div[2]/div[3]/span[2]' not found
	at com.kms.katalon.core.webui.common.WebUiCommonHelper.findWebElement(WebUiCommonHelper.java:1368)
	at com.kms.katalon.core.webui.keyword.internal.WebUIAbstractKeyword.findWebElement(WebUIAbstractKeyword.groovy:27)
	at com.kms.katalon.core.webui.keyword.builtin.ClickKeyword$_click_closure1.doCall(ClickKeyword.groovy:65)
	at com.kms.katalon.core.webui.keyword.builtin.ClickKeyword$_click_closure1.call(ClickKeyword.groovy)
	at com.kms.katalon.core.webui.keyword.internal.WebUIKeywordMain.runKeyword(WebUIKeywordMain.groovy:20)
	... 19 more]]></system-err>
      </testcase>
      <testcase name="Test Cases/31.FAQ" time="39.142" classname="Test Cases/31.FAQ" status="PASSED">
         <system-out><![CDATA[2022-01-17 18:51:14 - [TEST_CASE][PASSED] - Test Cases/31.FAQ: Test Cases/31.FAQ

2022-01-17 18:51:14 - [TEST_STEP][PASSED] - openBrowser(""): Browser is opened with url: ''

2022-01-17 18:51:14 - [MESSAGE][WARNING] - A browser is already opened. Closing browser and opening a new one

2022-01-17 18:51:15 - [MESSAGE][INFO] - Starting 'Chrome' driver

2022-01-17 18:51:15 - [MESSAGE][INFO] - Action delay is set to 1,000 milliseconds

2022-01-17 18:51:16 - [MESSAGE][PASSED] - Browser is opened with url: ''

2022-01-17 18:51:16 - [TEST_STEP][PASSED] - navigateToUrl("http://localhost:8080/"): Navigate to 'http://localhost:8080/' successfully

2022-01-17 18:51:20 - [MESSAGE][PASSED] - Navigate to 'http://localhost:8080/' successfully

2022-01-17 18:51:20 - [TEST_STEP][PASSED] - click(findTestObject("Object Repository/Page_Element/div_Sign In")): Object: 'Object Repository/Page_Element/div_Sign In' is clicked on

2022-01-17 18:51:23 - [MESSAGE][PASSED] - Object: 'Object Repository/Page_Element/div_Sign In' is clicked on

2022-01-17 18:51:23 - [TEST_STEP][PASSED] - click(findTestObject("Object Repository/Page_Element/input_Sign in with_username")): Object: 'Object Repository/Page_Element/input_Sign in with_username' is clicked on

2022-01-17 18:51:25 - [MESSAGE][PASSED] - Object: 'Object Repository/Page_Element/input_Sign in with_username' is clicked on

2022-01-17 18:51:25 - [TEST_STEP][PASSED] - setText(findTestObject("Object Repository/Page_Element/input_Sign in with_username"), "ptnha19"): Text 'ptnha19' is set on object 'Object Repository/Page_Element/input_Sign in with_username'

2022-01-17 18:51:28 - [MESSAGE][PASSED] - Text 'ptnha19' is set on object 'Object Repository/Page_Element/input_Sign in with_username'

2022-01-17 18:51:28 - [TEST_STEP][PASSED] - setEncryptedText(findTestObject("Object Repository/Page_Element/input_Username_password"), "5R3Ima4A+eOeCrCDRGMLmJpaGR3V3+YI"): Text ****** has been set on object 'Object Repository/Page_Element/input_Username_password'

2022-01-17 18:51:30 - [MESSAGE][PASSED] - Text ****** has been set on object 'Object Repository/Page_Element/input_Username_password'

2022-01-17 18:51:30 - [TEST_STEP][PASSED] - click(findTestObject("Object Repository/Page_Element/input_Forgot password_mx_Login_submit")): Object: 'Object Repository/Page_Element/input_Forgot password_mx_Login_submit' is clicked on

2022-01-17 18:51:31 - [MESSAGE][PASSED] - Object: 'Object Repository/Page_Element/input_Forgot password_mx_Login_submit' is clicked on

2022-01-17 18:51:31 - [TEST_STEP][PASSED] - click(findTestObject("Object Repository/Page_Element/div_Verify with Security Key")): Object: 'Object Repository/Page_Element/div_Verify with Security Key' is clicked on

2022-01-17 18:51:37 - [MESSAGE][PASSED] - Object: 'Object Repository/Page_Element/div_Verify with Security Key' is clicked on

2022-01-17 18:51:37 - [TEST_STEP][PASSED] - setEncryptedText(findTestObject("Object Repository/Page_Element/input_Security Key_mx_Field_4"), "PF4jXtbe/5x5+S5PgN4Kl/QbANAkWZYKqKaG9gW6gn+Po31AOnak0DX8GoEzAUkskgpeON1UhfEqZG0XXngJPA=="): Text ****** has been set on object 'Object Repository/Page_Element/input_Security Key_mx_Field_4'

2022-01-17 18:51:39 - [MESSAGE][PASSED] - Text ****** has been set on object 'Object Repository/Page_Element/input_Security Key_mx_Field_4'

2022-01-17 18:51:39 - [TEST_STEP][PASSED] - click(findTestObject("Object Repository/Page_Element/button_Continue")): Object: 'Object Repository/Page_Element/button_Continue' is clicked on

2022-01-17 18:51:41 - [MESSAGE][PASSED] - Object: 'Object Repository/Page_Element/button_Continue' is clicked on

2022-01-17 18:51:41 - [TEST_STEP][PASSED] - click(findTestObject("Object Repository/Page_Element/div_Done")): Object: 'Object Repository/Page_Element/div_Done' is clicked on

2022-01-17 18:51:43 - [MESSAGE][PASSED] - Object: 'Object Repository/Page_Element/div_Done' is clicked on

2022-01-17 18:51:43 - [TEST_STEP][PASSED] - click(findTestObject("Object Repository/Page_Element/img_Enable_mx_BaseAvatar_image")): Object: 'Object Repository/Page_Element/img_Enable_mx_BaseAvatar_image' is clicked on

2022-01-17 18:51:46 - [MESSAGE][PASSED] - Object: 'Object Repository/Page_Element/img_Enable_mx_BaseAvatar_image' is clicked on

2022-01-17 18:51:46 - [TEST_STEP][PASSED] - click(findTestObject("Object Repository/Page_Element/span_All settings")): Object: 'Object Repository/Page_Element/span_All settings' is clicked on

2022-01-17 18:51:47 - [MESSAGE][PASSED] - Object: 'Object Repository/Page_Element/span_All settings' is clicked on

2022-01-17 18:51:47 - [TEST_STEP][PASSED] - click(findTestObject("Object Repository/Page_Element/span_Help  About")): Object: 'Object Repository/Page_Element/span_Help  About' is clicked on

2022-01-17 18:51:48 - [MESSAGE][PASSED] - Object: 'Object Repository/Page_Element/span_Help  About' is clicked on

2022-01-17 18:51:48 - [TEST_STEP][PASSED] - click(findTestObject("Object Repository/Page_Element/div_Keyboard Shortcuts")): Object: 'Object Repository/Page_Element/div_Keyboard Shortcuts' is clicked on

2022-01-17 18:51:49 - [MESSAGE][PASSED] - Object: 'Object Repository/Page_Element/div_Keyboard Shortcuts' is clicked on

2022-01-17 18:51:49 - [TEST_STEP][PASSED] - click(findTestObject("Object Repository/Page_Element/div_Keyboard Shortcuts_mx_AccessibleButton _622478")): Object: 'Object Repository/Page_Element/div_Keyboard Shortcuts_mx_AccessibleButton _622478' is clicked on

2022-01-17 18:51:50 - [MESSAGE][PASSED] - Object: 'Object Repository/Page_Element/div_Keyboard Shortcuts_mx_AccessibleButton _622478' is clicked on

2022-01-17 18:51:50 - [TEST_STEP][PASSED] - click(findTestObject("Object Repository/Page_Element/div_Settings_mx_AccessibleButton mx_Dialog__4987e8")): Object: 'Object Repository/Page_Element/div_Settings_mx_AccessibleButton mx_Dialog__4987e8' is clicked on

2022-01-17 18:51:51 - [MESSAGE][PASSED] - Object: 'Object Repository/Page_Element/div_Settings_mx_AccessibleButton mx_Dialog__4987e8' is clicked on

2022-01-17 18:51:51 - [TEST_STEP][PASSED] - click(findTestObject("Object Repository/Page_Element/img_Enable_mx_BaseAvatar_image")): Object: 'Object Repository/Page_Element/img_Enable_mx_BaseAvatar_image' is clicked on

2022-01-17 18:51:52 - [MESSAGE][PASSED] - Object: 'Object Repository/Page_Element/img_Enable_mx_BaseAvatar_image' is clicked on

2022-01-17 18:51:52 - [TEST_STEP][PASSED] - closeBrowser(): Browser is closed

2022-01-17 18:51:53 - [MESSAGE][PASSED] - Browser is closed]]></system-out>
         <system-err><![CDATA[]]></system-err>
      </testcase>
      <testcase name="Test Cases/33.SettingVoiceVideo" time="36.201" classname="Test Cases/33.SettingVoiceVideo" status="PASSED">
         <system-out><![CDATA[2022-01-17 18:51:53 - [TEST_CASE][PASSED] - Test Cases/33.SettingVoiceVideo: Test Cases/33.SettingVoiceVideo

2022-01-17 18:51:53 - [TEST_STEP][PASSED] - openBrowser(""): Browser is opened with url: ''

2022-01-17 18:51:53 - [MESSAGE][INFO] - Starting 'Chrome' driver

2022-01-17 18:51:53 - [MESSAGE][INFO] - Action delay is set to 1,000 milliseconds

2022-01-17 18:51:54 - [MESSAGE][PASSED] - Browser is opened with url: ''

2022-01-17 18:51:54 - [TEST_STEP][PASSED] - navigateToUrl("http://localhost:8080/"): Navigate to 'http://localhost:8080/' successfully

2022-01-17 18:51:57 - [MESSAGE][PASSED] - Navigate to 'http://localhost:8080/' successfully

2022-01-17 18:51:57 - [TEST_STEP][PASSED] - click(findTestObject("Object Repository/Page_Element/div_Sign In")): Object: 'Object Repository/Page_Element/div_Sign In' is clicked on

2022-01-17 18:52:01 - [MESSAGE][PASSED] - Object: 'Object Repository/Page_Element/div_Sign In' is clicked on

2022-01-17 18:52:01 - [TEST_STEP][PASSED] - setText(findTestObject("Object Repository/Page_Element/input_Sign in with_username"), "ptnha19"): Text 'ptnha19' is set on object 'Object Repository/Page_Element/input_Sign in with_username'

2022-01-17 18:52:04 - [MESSAGE][PASSED] - Text 'ptnha19' is set on object 'Object Repository/Page_Element/input_Sign in with_username'

2022-01-17 18:52:04 - [TEST_STEP][PASSED] - setEncryptedText(findTestObject("Object Repository/Page_Element/input_Username_password"), "5R3Ima4A+eOeCrCDRGMLmJpaGR3V3+YI"): Text ****** has been set on object 'Object Repository/Page_Element/input_Username_password'

2022-01-17 18:52:06 - [MESSAGE][PASSED] - Text ****** has been set on object 'Object Repository/Page_Element/input_Username_password'

2022-01-17 18:52:06 - [TEST_STEP][PASSED] - click(findTestObject("Object Repository/Page_Element/input_Forgot password_mx_Login_submit")): Object: 'Object Repository/Page_Element/input_Forgot password_mx_Login_submit' is clicked on

2022-01-17 18:52:07 - [MESSAGE][PASSED] - Object: 'Object Repository/Page_Element/input_Forgot password_mx_Login_submit' is clicked on

2022-01-17 18:52:07 - [TEST_STEP][PASSED] - click(findTestObject("Object Repository/Page_Element/div_Verify with Security Key")): Object: 'Object Repository/Page_Element/div_Verify with Security Key' is clicked on

2022-01-17 18:52:13 - [MESSAGE][PASSED] - Object: 'Object Repository/Page_Element/div_Verify with Security Key' is clicked on

2022-01-17 18:52:13 - [TEST_STEP][PASSED] - setEncryptedText(findTestObject("Object Repository/Page_Element/input_Security Key_mx_Field_4"), "PF4jXtbe/5x5+S5PgN4Kl/QbANAkWZYKqKaG9gW6gn+Po31AOnak0DX8GoEzAUkskgpeON1UhfEqZG0XXngJPA=="): Text ****** has been set on object 'Object Repository/Page_Element/input_Security Key_mx_Field_4'

2022-01-17 18:52:16 - [MESSAGE][PASSED] - Text ****** has been set on object 'Object Repository/Page_Element/input_Security Key_mx_Field_4'

2022-01-17 18:52:16 - [TEST_STEP][PASSED] - click(findTestObject("Object Repository/Page_Element/button_Continue")): Object: 'Object Repository/Page_Element/button_Continue' is clicked on

2022-01-17 18:52:17 - [MESSAGE][PASSED] - Object: 'Object Repository/Page_Element/button_Continue' is clicked on

2022-01-17 18:52:17 - [TEST_STEP][PASSED] - click(findTestObject("Object Repository/Page_Element/div_Done")): Object: 'Object Repository/Page_Element/div_Done' is clicked on

2022-01-17 18:52:19 - [MESSAGE][PASSED] - Object: 'Object Repository/Page_Element/div_Done' is clicked on

2022-01-17 18:52:19 - [TEST_STEP][PASSED] - click(findTestObject("Object Repository/Page_Element/img_Enable_mx_BaseAvatar_image")): Object: 'Object Repository/Page_Element/img_Enable_mx_BaseAvatar_image' is clicked on

2022-01-17 18:52:21 - [MESSAGE][PASSED] - Object: 'Object Repository/Page_Element/img_Enable_mx_BaseAvatar_image' is clicked on

2022-01-17 18:52:21 - [TEST_STEP][PASSED] - click(findTestObject("Object Repository/Page_Element/span_All settings")): Object: 'Object Repository/Page_Element/span_All settings' is clicked on

2022-01-17 18:52:22 - [MESSAGE][PASSED] - Object: 'Object Repository/Page_Element/span_All settings' is clicked on

2022-01-17 18:52:22 - [TEST_STEP][PASSED] - click(findTestObject("Object Repository/Page_Element/span_Voice  Video")): Object: 'Object Repository/Page_Element/span_Voice  Video' is clicked on

2022-01-17 18:52:23 - [MESSAGE][PASSED] - Object: 'Object Repository/Page_Element/span_Voice  Video' is clicked on

2022-01-17 18:52:23 - [TEST_STEP][PASSED] - click(findTestObject("Object Repository/Page_Element/div_Mirror local video feed_mx_AccessibleBu_eb52dd")): Object: 'Object Repository/Page_Element/div_Mirror local video feed_mx_AccessibleBu_eb52dd' is clicked on

2022-01-17 18:52:24 - [MESSAGE][PASSED] - Object: 'Object Repository/Page_Element/div_Mirror local video feed_mx_AccessibleBu_eb52dd' is clicked on

2022-01-17 18:52:24 - [TEST_STEP][PASSED] - click(findTestObject("Object Repository/Page_Element/div_Mirror local video feed_mx_ToggleSwitch_ball")): Object: 'Object Repository/Page_Element/div_Mirror local video feed_mx_ToggleSwitch_ball' is clicked on

2022-01-17 18:52:26 - [MESSAGE][PASSED] - Object: 'Object Repository/Page_Element/div_Mirror local video feed_mx_ToggleSwitch_ball' is clicked on

2022-01-17 18:52:26 - [TEST_STEP][PASSED] - click(findTestObject("Object Repository/Page_Element/div_Settings_mx_AccessibleButton mx_Dialog__4987e8")): Object: 'Object Repository/Page_Element/div_Settings_mx_AccessibleButton mx_Dialog__4987e8' is clicked on

2022-01-17 18:52:27 - [MESSAGE][PASSED] - Object: 'Object Repository/Page_Element/div_Settings_mx_AccessibleButton mx_Dialog__4987e8' is clicked on

2022-01-17 18:52:27 - [TEST_STEP][PASSED] - click(findTestObject("Object Repository/Page_Element/img_Enable_mx_BaseAvatar_image")): Object: 'Object Repository/Page_Element/img_Enable_mx_BaseAvatar_image' is clicked on

2022-01-17 18:52:29 - [MESSAGE][PASSED] - Object: 'Object Repository/Page_Element/img_Enable_mx_BaseAvatar_image' is clicked on

2022-01-17 18:52:29 - [TEST_STEP][PASSED] - closeBrowser(): Browser is closed

2022-01-17 18:52:29 - [MESSAGE][PASSED] - Browser is closed]]></system-out>
         <system-err><![CDATA[]]></system-err>
      </testcase>
      <testcase name="Test Cases/34.ExploreRoom" time="36.481" classname="Test Cases/34.ExploreRoom" status="PASSED">
         <system-out><![CDATA[2022-01-17 18:52:29 - [TEST_CASE][PASSED] - Test Cases/34.ExploreRoom: Test Cases/34.ExploreRoom

2022-01-17 18:52:29 - [TEST_STEP][PASSED] - openBrowser(""): Browser is opened with url: ''

2022-01-17 18:52:29 - [MESSAGE][INFO] - Starting 'Chrome' driver

2022-01-17 18:52:29 - [MESSAGE][INFO] - Action delay is set to 1,000 milliseconds

2022-01-17 18:52:31 - [MESSAGE][PASSED] - Browser is opened with url: ''

2022-01-17 18:52:31 - [TEST_STEP][PASSED] - navigateToUrl("http://localhost:8080/"): Navigate to 'http://localhost:8080/' successfully

2022-01-17 18:52:34 - [MESSAGE][PASSED] - Navigate to 'http://localhost:8080/' successfully

2022-01-17 18:52:34 - [TEST_STEP][PASSED] - click(findTestObject("Object Repository/Page_Element/div_Sign In")): Object: 'Object Repository/Page_Element/div_Sign In' is clicked on

2022-01-17 18:52:37 - [MESSAGE][PASSED] - Object: 'Object Repository/Page_Element/div_Sign In' is clicked on

2022-01-17 18:52:37 - [TEST_STEP][PASSED] - setText(findTestObject("Object Repository/Page_Element/input_Sign in with_username"), "ptnha19"): Text 'ptnha19' is set on object 'Object Repository/Page_Element/input_Sign in with_username'

2022-01-17 18:52:40 - [MESSAGE][PASSED] - Text 'ptnha19' is set on object 'Object Repository/Page_Element/input_Sign in with_username'

2022-01-17 18:52:40 - [TEST_STEP][PASSED] - setEncryptedText(findTestObject("Object Repository/Page_Element/input_Username_password"), "5R3Ima4A+eOeCrCDRGMLmJpaGR3V3+YI"): Text ****** has been set on object 'Object Repository/Page_Element/input_Username_password'

2022-01-17 18:52:42 - [MESSAGE][PASSED] - Text ****** has been set on object 'Object Repository/Page_Element/input_Username_password'

2022-01-17 18:52:42 - [TEST_STEP][PASSED] - click(findTestObject("Object Repository/Page_Element/input_Forgot password_mx_Login_submit")): Object: 'Object Repository/Page_Element/input_Forgot password_mx_Login_submit' is clicked on

2022-01-17 18:52:44 - [MESSAGE][PASSED] - Object: 'Object Repository/Page_Element/input_Forgot password_mx_Login_submit' is clicked on

2022-01-17 18:52:44 - [TEST_STEP][PASSED] - click(findTestObject("Object Repository/Page_Element/div_Verify with Security Key")): Object: 'Object Repository/Page_Element/div_Verify with Security Key' is clicked on

2022-01-17 18:52:49 - [MESSAGE][PASSED] - Object: 'Object Repository/Page_Element/div_Verify with Security Key' is clicked on

2022-01-17 18:52:49 - [TEST_STEP][PASSED] - setEncryptedText(findTestObject("Object Repository/Page_Element/input_Security Key_mx_Field_4"), "PF4jXtbe/5x5+S5PgN4Kl/QbANAkWZYKqKaG9gW6gn+Po31AOnak0DX8GoEzAUkskgpeON1UhfEqZG0XXngJPA=="): Text ****** has been set on object 'Object Repository/Page_Element/input_Security Key_mx_Field_4'

2022-01-17 18:52:54 - [MESSAGE][PASSED] - Text ****** has been set on object 'Object Repository/Page_Element/input_Security Key_mx_Field_4'

2022-01-17 18:52:54 - [TEST_STEP][PASSED] - click(findTestObject("Object Repository/Page_Element/button_Continue")): Object: 'Object Repository/Page_Element/button_Continue' is clicked on

2022-01-17 18:52:55 - [MESSAGE][PASSED] - Object: 'Object Repository/Page_Element/button_Continue' is clicked on

2022-01-17 18:52:55 - [TEST_STEP][PASSED] - click(findTestObject("Object Repository/Page_Element/div_Done")): Object: 'Object Repository/Page_Element/div_Done' is clicked on

2022-01-17 18:52:57 - [MESSAGE][PASSED] - Object: 'Object Repository/Page_Element/div_Done' is clicked on

2022-01-17 18:52:57 - [TEST_STEP][PASSED] - click(findTestObject("Object Repository/Page_Element/div_Ctrl K_mx_AccessibleButton mx_LeftPanel_88084c")): Object: 'Object Repository/Page_Element/div_Ctrl K_mx_AccessibleButton mx_LeftPanel_88084c' is clicked on

2022-01-17 18:52:58 - [MESSAGE][PASSED] - Object: 'Object Repository/Page_Element/div_Ctrl K_mx_AccessibleButton mx_LeftPanel_88084c' is clicked on

2022-01-17 18:52:58 - [TEST_STEP][PASSED] - setText(findTestObject("Object Repository/Page_Element/input_Create a new room_dirsearch"), "abc"): Text 'abc' is set on object 'Object Repository/Page_Element/input_Create a new room_dirsearch'

2022-01-17 18:53:02 - [MESSAGE][PASSED] - Text 'abc' is set on object 'Object Repository/Page_Element/input_Create a new room_dirsearch'

2022-01-17 18:53:02 - [TEST_STEP][PASSED] - click(findTestObject("Object Repository/Page_Element/span_(matrix.org)")): Object: 'Object Repository/Page_Element/span_(matrix.org)' is clicked on

2022-01-17 18:53:03 - [MESSAGE][PASSED] - Object: 'Object Repository/Page_Element/span_(matrix.org)' is clicked on

2022-01-17 18:53:03 - [TEST_STEP][PASSED] - click(findTestObject("Object Repository/Page_Element/div_This room is public_mx_ContextualMenu_b_fc4f75")): Object: 'Object Repository/Page_Element/div_This room is public_mx_ContextualMenu_b_fc4f75' is clicked on

2022-01-17 18:53:04 - [MESSAGE][PASSED] - Object: 'Object Repository/Page_Element/div_This room is public_mx_ContextualMenu_b_fc4f75' is clicked on

2022-01-17 18:53:04 - [TEST_STEP][PASSED] - click(findTestObject("Object Repository/Page_Element/div_Explore rooms_mx_AccessibleButton mx_Di_ac37a4")): Object: 'Object Repository/Page_Element/div_Explore rooms_mx_AccessibleButton mx_Di_ac37a4' is clicked on

2022-01-17 18:53:05 - [MESSAGE][PASSED] - Object: 'Object Repository/Page_Element/div_Explore rooms_mx_AccessibleButton mx_Di_ac37a4' is clicked on

2022-01-17 18:53:05 - [TEST_STEP][PASSED] - closeBrowser(): Browser is closed

2022-01-17 18:53:06 - [MESSAGE][PASSED] - Browser is closed]]></system-out>
         <system-err><![CDATA[]]></system-err>
      </testcase>
      <testcase name="Test Cases/35.ExpandPeopleBar" time="38.434" classname="Test Cases/35.ExpandPeopleBar" status="PASSED">
         <system-out><![CDATA[2022-01-17 18:53:06 - [TEST_CASE][PASSED] - Test Cases/35.ExpandPeopleBar: Test Cases/35.ExpandPeopleBar

2022-01-17 18:53:06 - [TEST_STEP][PASSED] - openBrowser(""): Browser is opened with url: ''

2022-01-17 18:53:06 - [MESSAGE][INFO] - Starting 'Chrome' driver

2022-01-17 18:53:06 - [MESSAGE][INFO] - Action delay is set to 1,000 milliseconds

2022-01-17 18:53:07 - [MESSAGE][PASSED] - Browser is opened with url: ''

2022-01-17 18:53:07 - [TEST_STEP][PASSED] - navigateToUrl("http://localhost:8080/"): Navigate to 'http://localhost:8080/' successfully

2022-01-17 18:53:10 - [MESSAGE][PASSED] - Navigate to 'http://localhost:8080/' successfully

2022-01-17 18:53:10 - [TEST_STEP][PASSED] - click(findTestObject("Object Repository/Page_Element/div_Sign In")): Object: 'Object Repository/Page_Element/div_Sign In' is clicked on

2022-01-17 18:53:20 - [MESSAGE][PASSED] - Object: 'Object Repository/Page_Element/div_Sign In' is clicked on

2022-01-17 18:53:20 - [TEST_STEP][PASSED] - setText(findTestObject("Object Repository/Page_Element/input_Sign in with_username"), "ptnha19"): Text 'ptnha19' is set on object 'Object Repository/Page_Element/input_Sign in with_username'

2022-01-17 18:53:24 - [MESSAGE][PASSED] - Text 'ptnha19' is set on object 'Object Repository/Page_Element/input_Sign in with_username'

2022-01-17 18:53:24 - [TEST_STEP][PASSED] - setEncryptedText(findTestObject("Object Repository/Page_Element/input_Username_password"), "5R3Ima4A+eOeCrCDRGMLmJpaGR3V3+YI"): Text ****** has been set on object 'Object Repository/Page_Element/input_Username_password'

2022-01-17 18:53:26 - [MESSAGE][PASSED] - Text ****** has been set on object 'Object Repository/Page_Element/input_Username_password'

2022-01-17 18:53:26 - [TEST_STEP][PASSED] - click(findTestObject("Object Repository/Page_Element/input_Forgot password_mx_Login_submit")): Object: 'Object Repository/Page_Element/input_Forgot password_mx_Login_submit' is clicked on

2022-01-17 18:53:27 - [MESSAGE][PASSED] - Object: 'Object Repository/Page_Element/input_Forgot password_mx_Login_submit' is clicked on

2022-01-17 18:53:27 - [TEST_STEP][PASSED] - click(findTestObject("Object Repository/Page_Element/div_Verify with Security Key")): Object: 'Object Repository/Page_Element/div_Verify with Security Key' is clicked on

2022-01-17 18:53:33 - [MESSAGE][PASSED] - Object: 'Object Repository/Page_Element/div_Verify with Security Key' is clicked on

2022-01-17 18:53:33 - [TEST_STEP][PASSED] - setEncryptedText(findTestObject("Object Repository/Page_Element/input_Security Key_mx_Field_4"), "PF4jXtbe/5x5+S5PgN4Kl/QbANAkWZYKqKaG9gW6gn+Po31AOnak0DX8GoEzAUkskgpeON1UhfEqZG0XXngJPA=="): Text ****** has been set on object 'Object Repository/Page_Element/input_Security Key_mx_Field_4'

2022-01-17 18:53:36 - [MESSAGE][PASSED] - Text ****** has been set on object 'Object Repository/Page_Element/input_Security Key_mx_Field_4'

2022-01-17 18:53:36 - [TEST_STEP][PASSED] - click(findTestObject("Object Repository/Page_Element/button_Continue")): Object: 'Object Repository/Page_Element/button_Continue' is clicked on

2022-01-17 18:53:37 - [MESSAGE][PASSED] - Object: 'Object Repository/Page_Element/button_Continue' is clicked on

2022-01-17 18:53:37 - [TEST_STEP][PASSED] - click(findTestObject("Object Repository/Page_Element/div_Done")): Object: 'Object Repository/Page_Element/div_Done' is clicked on

2022-01-17 18:53:39 - [MESSAGE][PASSED] - Object: 'Object Repository/Page_Element/div_Done' is clicked on

2022-01-17 18:53:39 - [TEST_STEP][PASSED] - click(findTestObject("Object Repository/Page_Element/span_Favorites_mx_RoomSublist_collapseBtn")): Object: 'Object Repository/Page_Element/span_Favorites_mx_RoomSublist_collapseBtn' is clicked on

2022-01-17 18:53:40 - [MESSAGE][PASSED] - Object: 'Object Repository/Page_Element/span_Favorites_mx_RoomSublist_collapseBtn' is clicked on

2022-01-17 18:53:40 - [TEST_STEP][PASSED] - click(findTestObject("Object Repository/Page_Element/span_Favorites_mx_RoomSublist_collapseBtn m_10447f")): Object: 'Object Repository/Page_Element/span_Favorites_mx_RoomSublist_collapseBtn m_10447f' is clicked on

2022-01-17 18:53:41 - [MESSAGE][PASSED] - Object: 'Object Repository/Page_Element/span_Favorites_mx_RoomSublist_collapseBtn m_10447f' is clicked on

2022-01-17 18:53:41 - [TEST_STEP][PASSED] - click(findTestObject("Object Repository/Page_Element/div_Tr Cao Thin")): Object: 'Object Repository/Page_Element/div_Tr Cao Thin' is clicked on

2022-01-17 18:53:42 - [MESSAGE][PASSED] - Object: 'Object Repository/Page_Element/div_Tr Cao Thin' is clicked on

2022-01-17 18:53:42 - [TEST_STEP][PASSED] - click(findTestObject("Object Repository/Page_Element  Tr Cao Thin/div_Khoa Dng Vn")): Object: 'Object Repository/Page_Element  Tr Cao Thin/div_Khoa Dng Vn' is clicked on

2022-01-17 18:53:43 - [MESSAGE][PASSED] - Object: 'Object Repository/Page_Element  Tr Cao Thin/div_Khoa Dng Vn' is clicked on

2022-01-17 18:53:43 - [TEST_STEP][PASSED] - closeBrowser(): Browser is closed

2022-01-17 18:53:44 - [MESSAGE][PASSED] - Browser is closed]]></system-out>
         <system-err><![CDATA[]]></system-err>
      </testcase>
      <testcase name="Test Cases/37.SettingPeople" time="40.285" classname="Test Cases/37.SettingPeople" status="PASSED">
         <system-out><![CDATA[2022-01-17 18:53:44 - [TEST_CASE][PASSED] - Test Cases/37.SettingPeople: Test Cases/37.SettingPeople

2022-01-17 18:53:44 - [TEST_STEP][PASSED] - openBrowser(""): Browser is opened with url: ''

2022-01-17 18:53:44 - [MESSAGE][INFO] - Starting 'Chrome' driver

2022-01-17 18:53:44 - [MESSAGE][INFO] - Action delay is set to 1,000 milliseconds

2022-01-17 18:53:46 - [MESSAGE][PASSED] - Browser is opened with url: ''

2022-01-17 18:53:46 - [TEST_STEP][PASSED] - navigateToUrl("http://localhost:8080/"): Navigate to 'http://localhost:8080/' successfully

2022-01-17 18:53:49 - [MESSAGE][PASSED] - Navigate to 'http://localhost:8080/' successfully

2022-01-17 18:53:49 - [TEST_STEP][PASSED] - click(findTestObject("Object Repository/Page_Element/div_Sign In")): Object: 'Object Repository/Page_Element/div_Sign In' is clicked on

2022-01-17 18:53:53 - [MESSAGE][PASSED] - Object: 'Object Repository/Page_Element/div_Sign In' is clicked on

2022-01-17 18:53:53 - [TEST_STEP][PASSED] - setText(findTestObject("Object Repository/Page_Element/input_Sign in with_username"), "ptnha19"): Text 'ptnha19' is set on object 'Object Repository/Page_Element/input_Sign in with_username'

2022-01-17 18:53:56 - [MESSAGE][PASSED] - Text 'ptnha19' is set on object 'Object Repository/Page_Element/input_Sign in with_username'

2022-01-17 18:53:56 - [TEST_STEP][PASSED] - setEncryptedText(findTestObject("Object Repository/Page_Element/input_Username_password"), "5R3Ima4A+eOeCrCDRGMLmJpaGR3V3+YI"): Text ****** has been set on object 'Object Repository/Page_Element/input_Username_password'

2022-01-17 18:53:58 - [MESSAGE][PASSED] - Text ****** has been set on object 'Object Repository/Page_Element/input_Username_password'

2022-01-17 18:53:58 - [TEST_STEP][PASSED] - click(findTestObject("Object Repository/Page_Element/input_Forgot password_mx_Login_submit")): Object: 'Object Repository/Page_Element/input_Forgot password_mx_Login_submit' is clicked on

2022-01-17 18:53:59 - [MESSAGE][PASSED] - Object: 'Object Repository/Page_Element/input_Forgot password_mx_Login_submit' is clicked on

2022-01-17 18:53:59 - [TEST_STEP][PASSED] - click(findTestObject("Object Repository/Page_Element/div_Verify with Security Key")): Object: 'Object Repository/Page_Element/div_Verify with Security Key' is clicked on

2022-01-17 18:54:08 - [MESSAGE][PASSED] - Object: 'Object Repository/Page_Element/div_Verify with Security Key' is clicked on

2022-01-17 18:54:08 - [TEST_STEP][PASSED] - setEncryptedText(findTestObject("Object Repository/Page_Element/input_Security Key_mx_Field_4"), "PF4jXtbe/5x5+S5PgN4Kl/QbANAkWZYKqKaG9gW6gn+Po31AOnak0DX8GoEzAUkskgpeON1UhfEqZG0XXngJPA=="): Text ****** has been set on object 'Object Repository/Page_Element/input_Security Key_mx_Field_4'

2022-01-17 18:54:14 - [MESSAGE][PASSED] - Text ****** has been set on object 'Object Repository/Page_Element/input_Security Key_mx_Field_4'

2022-01-17 18:54:14 - [TEST_STEP][PASSED] - click(findTestObject("Object Repository/Page_Element/button_Continue")): Object: 'Object Repository/Page_Element/button_Continue' is clicked on

2022-01-17 18:54:15 - [MESSAGE][PASSED] - Object: 'Object Repository/Page_Element/button_Continue' is clicked on

2022-01-17 18:54:15 - [TEST_STEP][PASSED] - click(findTestObject("Object Repository/Page_Element/div_Done")): Object: 'Object Repository/Page_Element/div_Done' is clicked on

2022-01-17 18:54:17 - [MESSAGE][PASSED] - Object: 'Object Repository/Page_Element/div_Done' is clicked on

2022-01-17 18:54:17 - [TEST_STEP][PASSED] - click(findTestObject("Object Repository/Page_Element/div_Tr Cao Thin")): Object: 'Object Repository/Page_Element/div_Tr Cao Thin' is clicked on

2022-01-17 18:54:18 - [MESSAGE][PASSED] - Object: 'Object Repository/Page_Element/div_Tr Cao Thin' is clicked on

2022-01-17 18:54:18 - [TEST_STEP][PASSED] - click(findTestObject("Object Repository/Page_Element  Tr Cao Thin/div_Tr Cao Thin_mx_AccessibleButton mx_Room_04dc30")): Object: 'Object Repository/Page_Element  Tr Cao Thin/div_Tr Cao Thin_mx_AccessibleButton mx_Room_04dc30' is clicked on

2022-01-17 18:54:20 - [MESSAGE][PASSED] - Object: 'Object Repository/Page_Element  Tr Cao Thin/div_Tr Cao Thin_mx_AccessibleButton mx_Room_04dc30' is clicked on

2022-01-17 18:54:20 - [TEST_STEP][PASSED] - click(findTestObject("Object Repository/Page_Element  Tr Cao Thin/span_Settings")): Object: 'Object Repository/Page_Element  Tr Cao Thin/span_Settings' is clicked on

2022-01-17 18:54:21 - [MESSAGE][PASSED] - Object: 'Object Repository/Page_Element  Tr Cao Thin/span_Settings' is clicked on

2022-01-17 18:54:21 - [TEST_STEP][PASSED] - click(findTestObject("Object Repository/Page_Element  Tr Cao Thin/div_Room Settings - Tr Cao Thin_mx_Accessib_be264e")): Object: 'Object Repository/Page_Element  Tr Cao Thin/div_Room Settings - Tr Cao Thin_mx_Accessib_be264e' is clicked on

2022-01-17 18:54:23 - [MESSAGE][PASSED] - Object: 'Object Repository/Page_Element  Tr Cao Thin/div_Room Settings - Tr Cao Thin_mx_Accessib_be264e' is clicked on

2022-01-17 18:54:23 - [TEST_STEP][PASSED] - click(findTestObject("Object Repository/Page_Element  Tr Cao Thin/div_Tr Cao Thin")): Object: 'Object Repository/Page_Element  Tr Cao Thin/div_Tr Cao Thin' is clicked on

2022-01-17 18:54:24 - [MESSAGE][PASSED] - Object: 'Object Repository/Page_Element  Tr Cao Thin/div_Tr Cao Thin' is clicked on

2022-01-17 18:54:24 - [TEST_STEP][PASSED] - closeBrowser(): Browser is closed

2022-01-17 18:54:24 - [MESSAGE][PASSED] - Browser is closed]]></system-out>
         <system-err><![CDATA[]]></system-err>
      </testcase>
      <testcase name="Test Cases/38.TurnOffOnNotiPeople" time="34.118" classname="Test Cases/38.TurnOffOnNotiPeople" status="PASSED">
         <system-out><![CDATA[2022-01-17 18:54:24 - [TEST_CASE][PASSED] - Test Cases/38.TurnOffOnNotiPeople: Test Cases/38.TurnOffOnNotiPeople

2022-01-17 18:54:25 - [TEST_STEP][PASSED] - openBrowser(""): Browser is opened with url: ''

2022-01-17 18:54:25 - [MESSAGE][INFO] - Starting 'Chrome' driver

2022-01-17 18:54:25 - [MESSAGE][INFO] - Action delay is set to 1,000 milliseconds

2022-01-17 18:54:26 - [MESSAGE][PASSED] - Browser is opened with url: ''

2022-01-17 18:54:26 - [TEST_STEP][PASSED] - navigateToUrl("http://localhost:8080/"): Navigate to 'http://localhost:8080/' successfully

2022-01-17 18:54:28 - [MESSAGE][PASSED] - Navigate to 'http://localhost:8080/' successfully

2022-01-17 18:54:28 - [TEST_STEP][PASSED] - click(findTestObject("Object Repository/Page_Element/div_Sign In")): Object: 'Object Repository/Page_Element/div_Sign In' is clicked on

2022-01-17 18:54:32 - [MESSAGE][PASSED] - Object: 'Object Repository/Page_Element/div_Sign In' is clicked on

2022-01-17 18:54:32 - [TEST_STEP][PASSED] - setText(findTestObject("Object Repository/Page_Element/input_Sign in with_username"), "ptnha19"): Text 'ptnha19' is set on object 'Object Repository/Page_Element/input_Sign in with_username'

2022-01-17 18:54:36 - [MESSAGE][PASSED] - Text 'ptnha19' is set on object 'Object Repository/Page_Element/input_Sign in with_username'

2022-01-17 18:54:36 - [TEST_STEP][PASSED] - setEncryptedText(findTestObject("Object Repository/Page_Element/input_Username_password"), "5R3Ima4A+eOeCrCDRGMLmJpaGR3V3+YI"): Text ****** has been set on object 'Object Repository/Page_Element/input_Username_password'

2022-01-17 18:54:38 - [MESSAGE][PASSED] - Text ****** has been set on object 'Object Repository/Page_Element/input_Username_password'

2022-01-17 18:54:38 - [TEST_STEP][PASSED] - click(findTestObject("Object Repository/Page_Element/input_Forgot password_mx_Login_submit")): Object: 'Object Repository/Page_Element/input_Forgot password_mx_Login_submit' is clicked on

2022-01-17 18:54:39 - [MESSAGE][PASSED] - Object: 'Object Repository/Page_Element/input_Forgot password_mx_Login_submit' is clicked on

2022-01-17 18:54:39 - [TEST_STEP][PASSED] - click(findTestObject("Object Repository/Page_Element/div_Verify with Security Key")): Object: 'Object Repository/Page_Element/div_Verify with Security Key' is clicked on

2022-01-17 18:54:46 - [MESSAGE][PASSED] - Object: 'Object Repository/Page_Element/div_Verify with Security Key' is clicked on

2022-01-17 18:54:46 - [TEST_STEP][PASSED] - setEncryptedText(findTestObject("Object Repository/Page_Element/input_Security Key_mx_Field_4"), "PF4jXtbe/5x5+S5PgN4Kl/QbANAkWZYKqKaG9gW6gn+Po31AOnak0DX8GoEzAUkskgpeON1UhfEqZG0XXngJPA=="): Text ****** has been set on object 'Object Repository/Page_Element/input_Security Key_mx_Field_4'

2022-01-17 18:54:49 - [MESSAGE][PASSED] - Text ****** has been set on object 'Object Repository/Page_Element/input_Security Key_mx_Field_4'

2022-01-17 18:54:49 - [TEST_STEP][PASSED] - click(findTestObject("Object Repository/Page_Element/button_Continue")): Object: 'Object Repository/Page_Element/button_Continue' is clicked on

2022-01-17 18:54:50 - [MESSAGE][PASSED] - Object: 'Object Repository/Page_Element/button_Continue' is clicked on

2022-01-17 18:54:50 - [TEST_STEP][PASSED] - click(findTestObject("Object Repository/Page_Element/div_Done")): Object: 'Object Repository/Page_Element/div_Done' is clicked on

2022-01-17 18:54:52 - [MESSAGE][PASSED] - Object: 'Object Repository/Page_Element/div_Done' is clicked on

2022-01-17 18:54:52 - [TEST_STEP][PASSED] - click(findTestObject("Object Repository/Page_Element/div_Tr Cao Thin")): Object: 'Object Repository/Page_Element/div_Tr Cao Thin' is clicked on

2022-01-17 18:54:53 - [MESSAGE][PASSED] - Object: 'Object Repository/Page_Element/div_Tr Cao Thin' is clicked on

2022-01-17 18:54:53 - [TEST_STEP][PASSED] - click(findTestObject("Object Repository/Page_Element  Tr Cao Thin/div_Tr Cao Thin_mx_AccessibleButton mx_Room_44fb40")): Object: 'Object Repository/Page_Element  Tr Cao Thin/div_Tr Cao Thin_mx_AccessibleButton mx_Room_44fb40' is clicked on

2022-01-17 18:54:55 - [MESSAGE][PASSED] - Object: 'Object Repository/Page_Element  Tr Cao Thin/div_Tr Cao Thin_mx_AccessibleButton mx_Room_44fb40' is clicked on

2022-01-17 18:54:55 - [TEST_STEP][PASSED] - click(findTestObject("Object Repository/Page_Element  Tr Cao Thin/span_None")): Object: 'Object Repository/Page_Element  Tr Cao Thin/span_None' is clicked on

2022-01-17 18:54:56 - [MESSAGE][PASSED] - Object: 'Object Repository/Page_Element  Tr Cao Thin/span_None' is clicked on

2022-01-17 18:54:56 - [TEST_STEP][PASSED] - click(findTestObject("Object Repository/Page_Element  Tr Cao Thin/span_Use default")): Object: 'Object Repository/Page_Element  Tr Cao Thin/span_Use default' is clicked on

2022-01-17 18:54:58 - [MESSAGE][PASSED] - Object: 'Object Repository/Page_Element  Tr Cao Thin/span_Use default' is clicked on

2022-01-17 18:54:58 - [TEST_STEP][PASSED] - closeBrowser(): Browser is closed

2022-01-17 18:54:59 - [MESSAGE][PASSED] - Browser is closed]]></system-out>
         <system-err><![CDATA[]]></system-err>
      </testcase>
      <testcase name="Test Cases/41.ChangeLanguage" time="61.761" classname="Test Cases/41.ChangeLanguage" status="FAILED">
         <failure type="FAILED" message="Test Cases/41.ChangeLanguage FAILED.
Reason:
com.kms.katalon.core.exception.StepFailedException: Unable to click on object 'Object Repository/Page_Element/div_English (US)'
	at com.kms.katalon.core.webui.keyword.internal.WebUIKeywordMain.stepFailed(WebUIKeywordMain.groovy:64)
	at com.kms.katalon.core.webui.keyword.internal.WebUIKeywordMain.runKeyword(WebUIKeywordMain.groovy:26)
	at com.kms.katalon.core.webui.keyword.builtin.ClickKeyword.click(ClickKeyword.groovy:74)
	at com.kms.katalon.core.webui.keyword.builtin.ClickKeyword.execute(ClickKeyword.groovy:40)
	at com.kms.katalon.core.keyword.internal.KeywordExecutor.executeKeywordForPlatform(KeywordExecutor.groovy:74)
	at com.kms.katalon.core.webui.keyword.WebUiBuiltInKeywords.click(WebUiBuiltInKeywords.groovy:620)
	at com.kms.katalon.core.webui.keyword.WebUiBuiltInKeywords$click$1.call(Unknown Source)
	at 41.ChangeLanguage.run(41.ChangeLanguage:44)
	at com.kms.katalon.core.main.ScriptEngine.run(ScriptEngine.java:194)
	at com.kms.katalon.core.main.ScriptEngine.runScriptAsRawText(ScriptEngine.java:119)
	at com.kms.katalon.core.main.TestCaseExecutor.runScript(TestCaseExecutor.java:442)
	at com.kms.katalon.core.main.TestCaseExecutor.doExecute(TestCaseExecutor.java:433)
	at com.kms.katalon.core.main.TestCaseExecutor.processExecutionPhase(TestCaseExecutor.java:412)
	at com.kms.katalon.core.main.TestCaseExecutor.accessMainPhase(TestCaseExecutor.java:404)
	at com.kms.katalon.core.main.TestCaseExecutor.execute(TestCaseExecutor.java:281)
	at com.kms.katalon.core.main.TestSuiteExecutor.accessTestCaseMainPhase(TestSuiteExecutor.java:202)
	at com.kms.katalon.core.main.TestSuiteExecutor.accessTestSuiteMainPhase(TestSuiteExecutor.java:164)
	at com.kms.katalon.core.main.TestSuiteExecutor.execute(TestSuiteExecutor.java:105)
	at com.kms.katalon.core.main.TestCaseMain.startTestSuite(TestCaseMain.java:181)
	at com.kms.katalon.core.main.TestCaseMain$startTestSuite$0.call(Unknown Source)
	at TempTestSuite1642419492812.run(TempTestSuite1642419492812.groovy:36)
Caused by: com.kms.katalon.core.webui.exception.WebElementNotFoundException: Web element with id: 'Object Repository/Page_Element/div_English (US)' located by '//section[@id='matrixchat']/div/div/div[2]/div/div[2]/div' not found
	at com.kms.katalon.core.webui.common.WebUiCommonHelper.findWebElement(WebUiCommonHelper.java:1368)
	at com.kms.katalon.core.webui.keyword.internal.WebUIAbstractKeyword.findWebElement(WebUIAbstractKeyword.groovy:27)
	at com.kms.katalon.core.webui.keyword.builtin.ClickKeyword$_click_closure1.doCall(ClickKeyword.groovy:65)
	at com.kms.katalon.core.webui.keyword.builtin.ClickKeyword$_click_closure1.call(ClickKeyword.groovy)
	at com.kms.katalon.core.webui.keyword.internal.WebUIKeywordMain.runKeyword(WebUIKeywordMain.groovy:20)
	... 19 more
"/>
         <system-out><![CDATA[2022-01-17 18:54:59 - [TEST_CASE][FAILED] - Test Cases/41.ChangeLanguage: Test Cases/41.ChangeLanguage FAILED.
Reason:
com.kms.katalon.core.exception.StepFailedException: Unable to click on object 'Object Repository/Page_Element/div_English (US)'
	at com.kms.katalon.core.webui.keyword.internal.WebUIKeywordMain.stepFailed(WebUIKeywordMain.groovy:64)
	at com.kms.katalon.core.webui.keyword.internal.WebUIKeywordMain.runKeyword(WebUIKeywordMain.groovy:26)
	at com.kms.katalon.core.webui.keyword.builtin.ClickKeyword.click(ClickKeyword.groovy:74)
	at com.kms.katalon.core.webui.keyword.builtin.ClickKeyword.execute(ClickKeyword.groovy:40)
	at com.kms.katalon.core.keyword.internal.KeywordExecutor.executeKeywordForPlatform(KeywordExecutor.groovy:74)
	at com.kms.katalon.core.webui.keyword.WebUiBuiltInKeywords.click(WebUiBuiltInKeywords.groovy:620)
	at com.kms.katalon.core.webui.keyword.WebUiBuiltInKeywords$click$1.call(Unknown Source)
	at 41.ChangeLanguage.run(41.ChangeLanguage:44)
	at com.kms.katalon.core.main.ScriptEngine.run(ScriptEngine.java:194)
	at com.kms.katalon.core.main.ScriptEngine.runScriptAsRawText(ScriptEngine.java:119)
	at com.kms.katalon.core.main.TestCaseExecutor.runScript(TestCaseExecutor.java:442)
	at com.kms.katalon.core.main.TestCaseExecutor.doExecute(TestCaseExecutor.java:433)
	at com.kms.katalon.core.main.TestCaseExecutor.processExecutionPhase(TestCaseExecutor.java:412)
	at com.kms.katalon.core.main.TestCaseExecutor.accessMainPhase(TestCaseExecutor.java:404)
	at com.kms.katalon.core.main.TestCaseExecutor.execute(TestCaseExecutor.java:281)
	at com.kms.katalon.core.main.TestSuiteExecutor.accessTestCaseMainPhase(TestSuiteExecutor.java:202)
	at com.kms.katalon.core.main.TestSuiteExecutor.accessTestSuiteMainPhase(TestSuiteExecutor.java:164)
	at com.kms.katalon.core.main.TestSuiteExecutor.execute(TestSuiteExecutor.java:105)
	at com.kms.katalon.core.main.TestCaseMain.startTestSuite(TestCaseMain.java:181)
	at com.kms.katalon.core.main.TestCaseMain$startTestSuite$0.call(Unknown Source)
	at TempTestSuite1642419492812.run(TempTestSuite1642419492812.groovy:36)
Caused by: com.kms.katalon.core.webui.exception.WebElementNotFoundException: Web element with id: 'Object Repository/Page_Element/div_English (US)' located by '//section[@id='matrixchat']/div/div/div[2]/div/div[2]/div' not found
	at com.kms.katalon.core.webui.common.WebUiCommonHelper.findWebElement(WebUiCommonHelper.java:1368)
	at com.kms.katalon.core.webui.keyword.internal.WebUIAbstractKeyword.findWebElement(WebUIAbstractKeyword.groovy:27)
	at com.kms.katalon.core.webui.keyword.builtin.ClickKeyword$_click_closure1.doCall(ClickKeyword.groovy:65)
	at com.kms.katalon.core.webui.keyword.builtin.ClickKeyword$_click_closure1.call(ClickKeyword.groovy)
	at com.kms.katalon.core.webui.keyword.internal.WebUIKeywordMain.runKeyword(WebUIKeywordMain.groovy:20)
	... 19 more


2022-01-17 18:54:59 - [TEST_STEP][PASSED] - openBrowser(""): Browser is opened with url: ''

2022-01-17 18:54:59 - [MESSAGE][INFO] - Starting 'Chrome' driver

2022-01-17 18:54:59 - [MESSAGE][INFO] - Action delay is set to 1,000 milliseconds

2022-01-17 18:55:00 - [MESSAGE][PASSED] - Browser is opened with url: ''

2022-01-17 18:55:00 - [TEST_STEP][PASSED] - navigateToUrl("http://localhost:8080/"): Navigate to 'http://localhost:8080/' successfully

2022-01-17 18:55:03 - [MESSAGE][PASSED] - Navigate to 'http://localhost:8080/' successfully

2022-01-17 18:55:03 - [TEST_STEP][PASSED] - click(findTestObject("Object Repository/Page_Element/div_Sign In")): Object: 'Object Repository/Page_Element/div_Sign In' is clicked on

2022-01-17 18:55:06 - [MESSAGE][PASSED] - Object: 'Object Repository/Page_Element/div_Sign In' is clicked on

2022-01-17 18:55:06 - [TEST_STEP][PASSED] - setText(findTestObject("Object Repository/Page_Element/input_Sign in with_username"), "ptnha19"): Text 'ptnha19' is set on object 'Object Repository/Page_Element/input_Sign in with_username'

2022-01-17 18:55:09 - [MESSAGE][PASSED] - Text 'ptnha19' is set on object 'Object Repository/Page_Element/input_Sign in with_username'

2022-01-17 18:55:09 - [TEST_STEP][PASSED] - setEncryptedText(findTestObject("Object Repository/Page_Element/input_Username_password"), "5R3Ima4A+eOeCrCDRGMLmJpaGR3V3+YI"): Text ****** has been set on object 'Object Repository/Page_Element/input_Username_password'

2022-01-17 18:55:12 - [MESSAGE][PASSED] - Text ****** has been set on object 'Object Repository/Page_Element/input_Username_password'

2022-01-17 18:55:12 - [TEST_STEP][PASSED] - click(findTestObject("Object Repository/Page_Element/input_Forgot password_mx_Login_submit")): Object: 'Object Repository/Page_Element/input_Forgot password_mx_Login_submit' is clicked on

2022-01-17 18:55:13 - [MESSAGE][PASSED] - Object: 'Object Repository/Page_Element/input_Forgot password_mx_Login_submit' is clicked on

2022-01-17 18:55:13 - [TEST_STEP][PASSED] - click(findTestObject("Object Repository/Page_Element/div_Verify with Security Key")): Object: 'Object Repository/Page_Element/div_Verify with Security Key' is clicked on

2022-01-17 18:55:20 - [MESSAGE][PASSED] - Object: 'Object Repository/Page_Element/div_Verify with Security Key' is clicked on

2022-01-17 18:55:20 - [TEST_STEP][PASSED] - setEncryptedText(findTestObject("Object Repository/Page_Element/input_Security Key_mx_Field_4"), "PF4jXtbe/5x5+S5PgN4Kl/QbANAkWZYKqKaG9gW6gn+Po31AOnak0DX8GoEzAUkskgpeON1UhfEqZG0XXngJPA=="): Text ****** has been set on object 'Object Repository/Page_Element/input_Security Key_mx_Field_4'

2022-01-17 18:55:24 - [MESSAGE][PASSED] - Text ****** has been set on object 'Object Repository/Page_Element/input_Security Key_mx_Field_4'

2022-01-17 18:55:24 - [TEST_STEP][PASSED] - click(findTestObject("Object Repository/Page_Element/button_Continue")): Object: 'Object Repository/Page_Element/button_Continue' is clicked on

2022-01-17 18:55:25 - [MESSAGE][PASSED] - Object: 'Object Repository/Page_Element/button_Continue' is clicked on

2022-01-17 18:55:25 - [TEST_STEP][PASSED] - click(findTestObject("Object Repository/Page_Element/div_Done")): Object: 'Object Repository/Page_Element/div_Done' is clicked on

2022-01-17 18:55:27 - [MESSAGE][PASSED] - Object: 'Object Repository/Page_Element/div_Done' is clicked on

2022-01-17 18:55:27 - [TEST_STEP][PASSED] - click(findTestObject("Object Repository/Page_Element/img_Review_mx_BaseAvatar_image")): Object: 'Object Repository/Page_Element/img_Review_mx_BaseAvatar_image' is clicked on

2022-01-17 18:55:28 - [MESSAGE][PASSED] - Object: 'Object Repository/Page_Element/img_Review_mx_BaseAvatar_image' is clicked on

2022-01-17 18:55:28 - [TEST_STEP][PASSED] - click(findTestObject("Object Repository/Page_Element/span_All settings")): Object: 'Object Repository/Page_Element/span_All settings' is clicked on

2022-01-17 18:55:29 - [MESSAGE][PASSED] - Object: 'Object Repository/Page_Element/span_All settings' is clicked on

2022-01-17 18:55:29 - [TEST_STEP][FAILED] - click(findTestObject("Object Repository/Page_Element/div_English (US)")): Unable to click on object 'Object Repository/Page_Element/div_English (US)' (Root cause: com.kms.katalon.core.exception.StepFailedException: Unable to click on object 'Object Repository/Page_Element/div_English (US)'
	at com.kms.katalon.core.webui.keyword.internal.WebUIKeywordMain.stepFailed(WebUIKeywordMain.groovy:64)
	at com.kms.katalon.core.webui.keyword.internal.WebUIKeywordMain.runKeyword(WebUIKeywordMain.groovy:26)
	at com.kms.katalon.core.webui.keyword.builtin.ClickKeyword.click(ClickKeyword.groovy:74)
	at com.kms.katalon.core.webui.keyword.builtin.ClickKeyword.execute(ClickKeyword.groovy:40)
	at com.kms.katalon.core.keyword.internal.KeywordExecutor.executeKeywordForPlatform(KeywordExecutor.groovy:74)
	at com.kms.katalon.core.webui.keyword.WebUiBuiltInKeywords.click(WebUiBuiltInKeywords.groovy:620)
	at com.kms.katalon.core.webui.keyword.WebUiBuiltInKeywords$click$1.call(Unknown Source)
	at 41.ChangeLanguage.run(41.ChangeLanguage:44)
	at com.kms.katalon.core.main.ScriptEngine.run(ScriptEngine.java:194)
	at com.kms.katalon.core.main.ScriptEngine.runScriptAsRawText(ScriptEngine.java:119)
	at com.kms.katalon.core.main.TestCaseExecutor.runScript(TestCaseExecutor.java:442)
	at com.kms.katalon.core.main.TestCaseExecutor.doExecute(TestCaseExecutor.java:433)
	at com.kms.katalon.core.main.TestCaseExecutor.processExecutionPhase(TestCaseExecutor.java:412)
	at com.kms.katalon.core.main.TestCaseExecutor.accessMainPhase(TestCaseExecutor.java:404)
	at com.kms.katalon.core.main.TestCaseExecutor.execute(TestCaseExecutor.java:281)
	at com.kms.katalon.core.main.TestSuiteExecutor.accessTestCaseMainPhase(TestSuiteExecutor.java:202)
	at com.kms.katalon.core.main.TestSuiteExecutor.accessTestSuiteMainPhase(TestSuiteExecutor.java:164)
	at com.kms.katalon.core.main.TestSuiteExecutor.execute(TestSuiteExecutor.java:105)
	at com.kms.katalon.core.main.TestCaseMain.startTestSuite(TestCaseMain.java:181)
	at com.kms.katalon.core.main.TestCaseMain$startTestSuite$0.call(Unknown Source)
	at TempTestSuite1642419492812.run(TempTestSuite1642419492812.groovy:36)
Caused by: com.kms.katalon.core.webui.exception.WebElementNotFoundException: Web element with id: 'Object Repository/Page_Element/div_English (US)' located by '//section[@id='matrixchat']/div/div/div[2]/div/div[2]/div' not found
	at com.kms.katalon.core.webui.common.WebUiCommonHelper.findWebElement(WebUiCommonHelper.java:1368)
	at com.kms.katalon.core.webui.keyword.internal.WebUIAbstractKeyword.findWebElement(WebUIAbstractKeyword.groovy:27)
	at com.kms.katalon.core.webui.keyword.builtin.ClickKeyword$_click_closure1.doCall(ClickKeyword.groovy:65)
	at com.kms.katalon.core.webui.keyword.builtin.ClickKeyword$_click_closure1.call(ClickKeyword.groovy)
	at com.kms.katalon.core.webui.keyword.internal.WebUIKeywordMain.runKeyword(WebUIKeywordMain.groovy:20)
	at com.kms.katalon.core.webui.keyword.builtin.ClickKeyword.click(ClickKeyword.groovy:74)
	at com.kms.katalon.core.webui.keyword.builtin.ClickKeyword.execute(ClickKeyword.groovy:40)
	at com.kms.katalon.core.keyword.internal.KeywordExecutor.executeKeywordForPlatform(KeywordExecutor.groovy:74)
	at com.kms.katalon.core.webui.keyword.WebUiBuiltInKeywords.click(WebUiBuiltInKeywords.groovy:620)
	at com.kms.katalon.core.webui.keyword.WebUiBuiltInKeywords$click$1.call(Unknown Source)
	at Script1642001610131.run(Script1642001610131.groovy:44)
	... 13 more
)

2022-01-17 18:56:00 - [MESSAGE][INFO] - Unable to find the element located by 'By.xpath: //section[@id='matrixchat']/div/div/div[2]/div/div[2]/div'. Please recheck the objects properties to make sure the desired element is located. 

2022-01-17 18:56:00 - [MESSAGE][FAILED] - Unable to click on object 'Object Repository/Page_Element/div_English (US)' (Root cause: com.kms.katalon.core.exception.StepFailedException: Unable to click on object 'Object Repository/Page_Element/div_English (US)'
	at com.kms.katalon.core.webui.keyword.internal.WebUIKeywordMain.stepFailed(WebUIKeywordMain.groovy:64)
	at com.kms.katalon.core.webui.keyword.internal.WebUIKeywordMain.runKeyword(WebUIKeywordMain.groovy:26)
	at com.kms.katalon.core.webui.keyword.builtin.ClickKeyword.click(ClickKeyword.groovy:74)
	at com.kms.katalon.core.webui.keyword.builtin.ClickKeyword.execute(ClickKeyword.groovy:40)
	at com.kms.katalon.core.keyword.internal.KeywordExecutor.executeKeywordForPlatform(KeywordExecutor.groovy:74)
	at com.kms.katalon.core.webui.keyword.WebUiBuiltInKeywords.click(WebUiBuiltInKeywords.groovy:620)
	at com.kms.katalon.core.webui.keyword.WebUiBuiltInKeywords$click$1.call(Unknown Source)
	at 41.ChangeLanguage.run(41.ChangeLanguage:44)
	at com.kms.katalon.core.main.ScriptEngine.run(ScriptEngine.java:194)
	at com.kms.katalon.core.main.ScriptEngine.runScriptAsRawText(ScriptEngine.java:119)
	at com.kms.katalon.core.main.TestCaseExecutor.runScript(TestCaseExecutor.java:442)
	at com.kms.katalon.core.main.TestCaseExecutor.doExecute(TestCaseExecutor.java:433)
	at com.kms.katalon.core.main.TestCaseExecutor.processExecutionPhase(TestCaseExecutor.java:412)
	at com.kms.katalon.core.main.TestCaseExecutor.accessMainPhase(TestCaseExecutor.java:404)
	at com.kms.katalon.core.main.TestCaseExecutor.execute(TestCaseExecutor.java:281)
	at com.kms.katalon.core.main.TestSuiteExecutor.accessTestCaseMainPhase(TestSuiteExecutor.java:202)
	at com.kms.katalon.core.main.TestSuiteExecutor.accessTestSuiteMainPhase(TestSuiteExecutor.java:164)
	at com.kms.katalon.core.main.TestSuiteExecutor.execute(TestSuiteExecutor.java:105)
	at com.kms.katalon.core.main.TestCaseMain.startTestSuite(TestCaseMain.java:181)
	at com.kms.katalon.core.main.TestCaseMain$startTestSuite$0.call(Unknown Source)
	at TempTestSuite1642419492812.run(TempTestSuite1642419492812.groovy:36)
Caused by: com.kms.katalon.core.webui.exception.WebElementNotFoundException: Web element with id: 'Object Repository/Page_Element/div_English (US)' located by '//section[@id='matrixchat']/div/div/div[2]/div/div[2]/div' not found
	at com.kms.katalon.core.webui.common.WebUiCommonHelper.findWebElement(WebUiCommonHelper.java:1368)
	at com.kms.katalon.core.webui.keyword.internal.WebUIAbstractKeyword.findWebElement(WebUIAbstractKeyword.groovy:27)
	at com.kms.katalon.core.webui.keyword.builtin.ClickKeyword$_click_closure1.doCall(ClickKeyword.groovy:65)
	at com.kms.katalon.core.webui.keyword.builtin.ClickKeyword$_click_closure1.call(ClickKeyword.groovy)
	at com.kms.katalon.core.webui.keyword.internal.WebUIKeywordMain.runKeyword(WebUIKeywordMain.groovy:20)
	at com.kms.katalon.core.webui.keyword.builtin.ClickKeyword.click(ClickKeyword.groovy:74)
	at com.kms.katalon.core.webui.keyword.builtin.ClickKeyword.execute(ClickKeyword.groovy:40)
	at com.kms.katalon.core.keyword.internal.KeywordExecutor.executeKeywordForPlatform(KeywordExecutor.groovy:74)
	at com.kms.katalon.core.webui.keyword.WebUiBuiltInKeywords.click(WebUiBuiltInKeywords.groovy:620)
	at com.kms.katalon.core.webui.keyword.WebUiBuiltInKeywords$click$1.call(Unknown Source)
	at Script1642001610131.run(Script1642001610131.groovy:44)
	... 13 more
)
[[ATTACHMENT|C:\\Users\\Pikachu\\Documents\\Bonus-SE\\Katalon_pj\\Bonus_SE\\Reports\\20220117_183812\\Run all test case\\20220117_183812\\1642420560694.png]]]]></system-out>
         <system-err><![CDATA[2022-01-17 18:54:59 - [TEST_CASE][FAILED] - Test Cases/41.ChangeLanguage: Test Cases/41.ChangeLanguage FAILED.
Reason:
com.kms.katalon.core.exception.StepFailedException: Unable to click on object 'Object Repository/Page_Element/div_English (US)'
	at com.kms.katalon.core.webui.keyword.internal.WebUIKeywordMain.stepFailed(WebUIKeywordMain.groovy:64)
	at com.kms.katalon.core.webui.keyword.internal.WebUIKeywordMain.runKeyword(WebUIKeywordMain.groovy:26)
	at com.kms.katalon.core.webui.keyword.builtin.ClickKeyword.click(ClickKeyword.groovy:74)
	at com.kms.katalon.core.webui.keyword.builtin.ClickKeyword.execute(ClickKeyword.groovy:40)
	at com.kms.katalon.core.keyword.internal.KeywordExecutor.executeKeywordForPlatform(KeywordExecutor.groovy:74)
	at com.kms.katalon.core.webui.keyword.WebUiBuiltInKeywords.click(WebUiBuiltInKeywords.groovy:620)
	at com.kms.katalon.core.webui.keyword.WebUiBuiltInKeywords$click$1.call(Unknown Source)
	at 41.ChangeLanguage.run(41.ChangeLanguage:44)
	at com.kms.katalon.core.main.ScriptEngine.run(ScriptEngine.java:194)
	at com.kms.katalon.core.main.ScriptEngine.runScriptAsRawText(ScriptEngine.java:119)
	at com.kms.katalon.core.main.TestCaseExecutor.runScript(TestCaseExecutor.java:442)
	at com.kms.katalon.core.main.TestCaseExecutor.doExecute(TestCaseExecutor.java:433)
	at com.kms.katalon.core.main.TestCaseExecutor.processExecutionPhase(TestCaseExecutor.java:412)
	at com.kms.katalon.core.main.TestCaseExecutor.accessMainPhase(TestCaseExecutor.java:404)
	at com.kms.katalon.core.main.TestCaseExecutor.execute(TestCaseExecutor.java:281)
	at com.kms.katalon.core.main.TestSuiteExecutor.accessTestCaseMainPhase(TestSuiteExecutor.java:202)
	at com.kms.katalon.core.main.TestSuiteExecutor.accessTestSuiteMainPhase(TestSuiteExecutor.java:164)
	at com.kms.katalon.core.main.TestSuiteExecutor.execute(TestSuiteExecutor.java:105)
	at com.kms.katalon.core.main.TestCaseMain.startTestSuite(TestCaseMain.java:181)
	at com.kms.katalon.core.main.TestCaseMain$startTestSuite$0.call(Unknown Source)
	at TempTestSuite1642419492812.run(TempTestSuite1642419492812.groovy:36)
Caused by: com.kms.katalon.core.webui.exception.WebElementNotFoundException: Web element with id: 'Object Repository/Page_Element/div_English (US)' located by '//section[@id='matrixchat']/div/div/div[2]/div/div[2]/div' not found
	at com.kms.katalon.core.webui.common.WebUiCommonHelper.findWebElement(WebUiCommonHelper.java:1368)
	at com.kms.katalon.core.webui.keyword.internal.WebUIAbstractKeyword.findWebElement(WebUIAbstractKeyword.groovy:27)
	at com.kms.katalon.core.webui.keyword.builtin.ClickKeyword$_click_closure1.doCall(ClickKeyword.groovy:65)
	at com.kms.katalon.core.webui.keyword.builtin.ClickKeyword$_click_closure1.call(ClickKeyword.groovy)
	at com.kms.katalon.core.webui.keyword.internal.WebUIKeywordMain.runKeyword(WebUIKeywordMain.groovy:20)
	... 19 more]]></system-err>
      </testcase>
      <testcase name="Test Cases/43.InvalidSecurityKey" time="32.99" classname="Test Cases/43.InvalidSecurityKey" status="PASSED">
         <system-out><![CDATA[2022-01-17 18:56:00 - [TEST_CASE][PASSED] - Test Cases/43.InvalidSecurityKey: Test Cases/43.InvalidSecurityKey

2022-01-17 18:56:01 - [TEST_STEP][PASSED] - openBrowser(""): Browser is opened with url: ''

2022-01-17 18:56:01 - [MESSAGE][WARNING] - A browser is already opened. Closing browser and opening a new one

2022-01-17 18:56:01 - [MESSAGE][INFO] - Starting 'Chrome' driver

2022-01-17 18:56:01 - [MESSAGE][INFO] - Action delay is set to 1,000 milliseconds

2022-01-17 18:56:03 - [MESSAGE][PASSED] - Browser is opened with url: ''

2022-01-17 18:56:03 - [TEST_STEP][PASSED] - navigateToUrl("http://localhost:8080/"): Navigate to 'http://localhost:8080/' successfully

2022-01-17 18:56:05 - [MESSAGE][PASSED] - Navigate to 'http://localhost:8080/' successfully

2022-01-17 18:56:05 - [TEST_STEP][PASSED] - click(findTestObject("Object Repository/Page_Element/div_Sign In")): Object: 'Object Repository/Page_Element/div_Sign In' is clicked on

2022-01-17 18:56:09 - [MESSAGE][PASSED] - Object: 'Object Repository/Page_Element/div_Sign In' is clicked on

2022-01-17 18:56:09 - [TEST_STEP][PASSED] - setText(findTestObject("Object Repository/Page_Element/input_Sign in with_username"), "ptnha19"): Text 'ptnha19' is set on object 'Object Repository/Page_Element/input_Sign in with_username'

2022-01-17 18:56:12 - [MESSAGE][PASSED] - Text 'ptnha19' is set on object 'Object Repository/Page_Element/input_Sign in with_username'

2022-01-17 18:56:12 - [TEST_STEP][PASSED] - setEncryptedText(findTestObject("Object Repository/Page_Element/input_Username_password"), "5R3Ima4A+eOeCrCDRGMLmJpaGR3V3+YI"): Text ****** has been set on object 'Object Repository/Page_Element/input_Username_password'

2022-01-17 18:56:14 - [MESSAGE][PASSED] - Text ****** has been set on object 'Object Repository/Page_Element/input_Username_password'

2022-01-17 18:56:14 - [TEST_STEP][PASSED] - click(findTestObject("Object Repository/Page_Element/input_Forgot password_mx_Login_submit")): Object: 'Object Repository/Page_Element/input_Forgot password_mx_Login_submit' is clicked on

2022-01-17 18:56:15 - [MESSAGE][PASSED] - Object: 'Object Repository/Page_Element/input_Forgot password_mx_Login_submit' is clicked on

2022-01-17 18:56:15 - [TEST_STEP][PASSED] - click(findTestObject("Object Repository/Page_Element/div_Verify with Security Key")): Object: 'Object Repository/Page_Element/div_Verify with Security Key' is clicked on

2022-01-17 18:56:21 - [MESSAGE][PASSED] - Object: 'Object Repository/Page_Element/div_Verify with Security Key' is clicked on

2022-01-17 18:56:21 - [TEST_STEP][PASSED] - setEncryptedText(findTestObject("Object Repository/Page_Element/input_Security Key_mx_Field_4"), "5R3Ima4A+eOeCrCDRGMLmJpaGR3V3+YI"): Text ****** has been set on object 'Object Repository/Page_Element/input_Security Key_mx_Field_4'

2022-01-17 18:56:32 - [MESSAGE][PASSED] - Text ****** has been set on object 'Object Repository/Page_Element/input_Security Key_mx_Field_4'

2022-01-17 18:56:32 - [TEST_STEP][PASSED] - click(findTestObject("Object Repository/Page_Element/div_Invalid Security Key")): Object: 'Object Repository/Page_Element/div_Invalid Security Key' is clicked on

2022-01-17 18:56:33 - [MESSAGE][PASSED] - Object: 'Object Repository/Page_Element/div_Invalid Security Key' is clicked on

2022-01-17 18:56:33 - [TEST_STEP][PASSED] - closeBrowser(): Browser is closed

2022-01-17 18:56:33 - [MESSAGE][PASSED] - Browser is closed]]></system-out>
         <system-err><![CDATA[]]></system-err>
      </testcase>
      <testcase name="Test Cases/44.SignOutThroughSetting" time="41.243" classname="Test Cases/44.SignOutThroughSetting" status="PASSED">
         <system-out><![CDATA[2022-01-17 18:56:33 - [TEST_CASE][PASSED] - Test Cases/44.SignOutThroughSetting: Test Cases/44.SignOutThroughSetting

2022-01-17 18:56:34 - [TEST_STEP][PASSED] - openBrowser(""): Browser is opened with url: ''

2022-01-17 18:56:34 - [MESSAGE][INFO] - Starting 'Chrome' driver

2022-01-17 18:56:34 - [MESSAGE][INFO] - Action delay is set to 1,000 milliseconds

2022-01-17 18:56:35 - [MESSAGE][PASSED] - Browser is opened with url: ''

2022-01-17 18:56:35 - [TEST_STEP][PASSED] - navigateToUrl("http://localhost:8080/"): Navigate to 'http://localhost:8080/' successfully

2022-01-17 18:56:37 - [MESSAGE][PASSED] - Navigate to 'http://localhost:8080/' successfully

2022-01-17 18:56:37 - [TEST_STEP][PASSED] - click(findTestObject("Object Repository/Page_Element/div_Sign In")): Object: 'Object Repository/Page_Element/div_Sign In' is clicked on

2022-01-17 18:56:41 - [MESSAGE][PASSED] - Object: 'Object Repository/Page_Element/div_Sign In' is clicked on

2022-01-17 18:56:41 - [TEST_STEP][PASSED] - setText(findTestObject("Object Repository/Page_Element/input_Sign in with_username"), "ptnha19"): Text 'ptnha19' is set on object 'Object Repository/Page_Element/input_Sign in with_username'

2022-01-17 18:56:44 - [MESSAGE][PASSED] - Text 'ptnha19' is set on object 'Object Repository/Page_Element/input_Sign in with_username'

2022-01-17 18:56:44 - [TEST_STEP][PASSED] - setEncryptedText(findTestObject("Object Repository/Page_Element/input_Username_password"), "5R3Ima4A+eOeCrCDRGMLmJpaGR3V3+YI"): Text ****** has been set on object 'Object Repository/Page_Element/input_Username_password'

2022-01-17 18:56:47 - [MESSAGE][PASSED] - Text ****** has been set on object 'Object Repository/Page_Element/input_Username_password'

2022-01-17 18:56:47 - [TEST_STEP][PASSED] - click(findTestObject("Object Repository/Page_Element/input_Forgot password_mx_Login_submit")): Object: 'Object Repository/Page_Element/input_Forgot password_mx_Login_submit' is clicked on

2022-01-17 18:56:48 - [MESSAGE][PASSED] - Object: 'Object Repository/Page_Element/input_Forgot password_mx_Login_submit' is clicked on

2022-01-17 18:56:48 - [TEST_STEP][PASSED] - click(findTestObject("Object Repository/Page_Element/div_Verify with Security Key")): Object: 'Object Repository/Page_Element/div_Verify with Security Key' is clicked on

2022-01-17 18:56:56 - [MESSAGE][PASSED] - Object: 'Object Repository/Page_Element/div_Verify with Security Key' is clicked on

2022-01-17 18:56:56 - [TEST_STEP][PASSED] - setEncryptedText(findTestObject("Object Repository/Page_Element/input_Security Key_mx_Field_4"), "PF4jXtbe/5x5+S5PgN4Kl/QbANAkWZYKqKaG9gW6gn+Po31AOnak0DX8GoEzAUkskgpeON1UhfEqZG0XXngJPA=="): Text ****** has been set on object 'Object Repository/Page_Element/input_Security Key_mx_Field_4'

2022-01-17 18:57:00 - [MESSAGE][PASSED] - Text ****** has been set on object 'Object Repository/Page_Element/input_Security Key_mx_Field_4'

2022-01-17 18:57:00 - [TEST_STEP][PASSED] - click(findTestObject("Object Repository/Page_Element/button_Continue")): Object: 'Object Repository/Page_Element/button_Continue' is clicked on

2022-01-17 18:57:01 - [MESSAGE][PASSED] - Object: 'Object Repository/Page_Element/button_Continue' is clicked on

2022-01-17 18:57:01 - [TEST_STEP][PASSED] - click(findTestObject("Object Repository/Page_Element/div_Done")): Object: 'Object Repository/Page_Element/div_Done' is clicked on

2022-01-17 18:57:03 - [MESSAGE][PASSED] - Object: 'Object Repository/Page_Element/div_Done' is clicked on

2022-01-17 18:57:03 - [TEST_STEP][PASSED] - click(findTestObject("Object Repository/Page_Element/img_Review_mx_BaseAvatar_image")): Object: 'Object Repository/Page_Element/img_Review_mx_BaseAvatar_image' is clicked on

2022-01-17 18:57:04 - [MESSAGE][PASSED] - Object: 'Object Repository/Page_Element/img_Review_mx_BaseAvatar_image' is clicked on

2022-01-17 18:57:04 - [TEST_STEP][PASSED] - click(findTestObject("Object Repository/Page_Element/span_All settings")): Object: 'Object Repository/Page_Element/span_All settings' is clicked on

2022-01-17 18:57:05 - [MESSAGE][PASSED] - Object: 'Object Repository/Page_Element/span_All settings' is clicked on

2022-01-17 18:57:05 - [TEST_STEP][PASSED] - click(findTestObject("Object Repository/Page_Element/span_Security  Privacy")): Object: 'Object Repository/Page_Element/span_Security  Privacy' is clicked on

2022-01-17 18:57:07 - [MESSAGE][PASSED] - Object: 'Object Repository/Page_Element/span_Security  Privacy' is clicked on

2022-01-17 18:57:07 - [TEST_STEP][PASSED] - click(findTestObject("Object Repository/Page_Element/div_Sign Out")): Object: 'Object Repository/Page_Element/div_Sign Out' is clicked on

2022-01-17 18:57:13 - [MESSAGE][PASSED] - Object: 'Object Repository/Page_Element/div_Sign Out' is clicked on

2022-01-17 18:57:13 - [TEST_STEP][PASSED] - click(findTestObject("Object Repository/Page_Element/button_Sign out")): Object: 'Object Repository/Page_Element/button_Sign out' is clicked on

2022-01-17 18:57:14 - [MESSAGE][PASSED] - Object: 'Object Repository/Page_Element/button_Sign out' is clicked on

2022-01-17 18:57:14 - [TEST_STEP][PASSED] - closeBrowser(): Browser is closed

2022-01-17 18:57:15 - [MESSAGE][PASSED] - Browser is closed]]></system-out>
         <system-err><![CDATA[]]></system-err>
      </testcase>
      <testcase name="Test Cases/45.ChangeLanguageInSigninPage" time="43.744" classname="Test Cases/45.ChangeLanguageInSigninPage" status="PASSED">
         <system-out><![CDATA[2022-01-17 18:57:15 - [TEST_CASE][PASSED] - Test Cases/45.ChangeLanguageInSigninPage: Test Cases/45.ChangeLanguageInSigninPage

2022-01-17 18:57:15 - [TEST_STEP][PASSED] - openBrowser(""): Browser is opened with url: ''

2022-01-17 18:57:15 - [MESSAGE][INFO] - Starting 'Chrome' driver

2022-01-17 18:57:15 - [MESSAGE][INFO] - Action delay is set to 1,000 milliseconds

2022-01-17 18:57:16 - [MESSAGE][PASSED] - Browser is opened with url: ''

2022-01-17 18:57:16 - [TEST_STEP][PASSED] - navigateToUrl("http://localhost:8080/"): Navigate to 'http://localhost:8080/' successfully

2022-01-17 18:57:19 - [MESSAGE][PASSED] - Navigate to 'http://localhost:8080/' successfully

2022-01-17 18:57:19 - [TEST_STEP][PASSED] - click(findTestObject("Object Repository/Page_Element/div_Sign In")): Object: 'Object Repository/Page_Element/div_Sign In' is clicked on

2022-01-17 18:57:22 - [MESSAGE][PASSED] - Object: 'Object Repository/Page_Element/div_Sign In' is clicked on

2022-01-17 18:57:22 - [TEST_STEP][PASSED] - click(findTestObject("Object Repository/Page_Element/div_English (US)")): Object: 'Object Repository/Page_Element/div_English (US)' is clicked on

2022-01-17 18:57:24 - [MESSAGE][PASSED] - Object: 'Object Repository/Page_Element/div_English (US)' is clicked on

2022-01-17 18:57:24 - [TEST_STEP][PASSED] - setText(findTestObject("Object Repository/Page_Element/input_Catal_mx_LanguageDropdown_input"), "Ti"): Text 'Ti' is set on object 'Object Repository/Page_Element/input_Catal_mx_LanguageDropdown_input'

2022-01-17 18:57:26 - [MESSAGE][PASSED] - Text 'Ti' is set on object 'Object Repository/Page_Element/input_Catal_mx_LanguageDropdown_input'

2022-01-17 18:57:26 - [TEST_STEP][PASSED] - click(findTestObject("Object Repository/Page_Element/div_Ting Vit")): Object: 'Object Repository/Page_Element/div_Ting Vit' is clicked on

2022-01-17 18:57:29 - [MESSAGE][PASSED] - Object: 'Object Repository/Page_Element/div_Ting Vit' is clicked on

2022-01-17 18:57:29 - [TEST_STEP][PASSED] - setText(findTestObject("Object Repository/Page_Element/input_ng nhp vi_username"), "ptnha19"): Text 'ptnha19' is set on object 'Object Repository/Page_Element/input_ng nhp vi_username'

2022-01-17 18:57:34 - [MESSAGE][PASSED] - Text 'ptnha19' is set on object 'Object Repository/Page_Element/input_ng nhp vi_username'

2022-01-17 18:57:34 - [TEST_STEP][PASSED] - setEncryptedText(findTestObject("Object Repository/Page_Element/input_Tn ti khon_password"), "5R3Ima4A+eOeCrCDRGMLmJpaGR3V3+YI"): Text ****** has been set on object 'Object Repository/Page_Element/input_Tn ti khon_password'

2022-01-17 18:57:36 - [MESSAGE][PASSED] - Text ****** has been set on object 'Object Repository/Page_Element/input_Tn ti khon_password'

2022-01-17 18:57:36 - [TEST_STEP][PASSED] - click(findTestObject("Object Repository/Page_Element/input_Qun mt khu_mx_Login_submit")): Object: 'Object Repository/Page_Element/input_Qun mt khu_mx_Login_submit' is clicked on

2022-01-17 18:57:37 - [MESSAGE][PASSED] - Object: 'Object Repository/Page_Element/input_Qun mt khu_mx_Login_submit' is clicked on

2022-01-17 18:57:37 - [TEST_STEP][PASSED] - click(findTestObject("Object Repository/Page_Element/div_Xc minh bng Kha Bo mt")): Object: 'Object Repository/Page_Element/div_Xc minh bng Kha Bo mt' is clicked on

2022-01-17 18:57:45 - [MESSAGE][PASSED] - Object: 'Object Repository/Page_Element/div_Xc minh bng Kha Bo mt' is clicked on

2022-01-17 18:57:45 - [TEST_STEP][PASSED] - setEncryptedText(findTestObject("Object Repository/Page_Element/input_Cha kha bo mt_mx_Field_4"), "PF4jXtbe/5x5+S5PgN4Kl/QbANAkWZYKqKaG9gW6gn+Po31AOnak0DX8GoEzAUkskgpeON1UhfEqZG0XXngJPA=="): Text ****** has been set on object 'Object Repository/Page_Element/input_Cha kha bo mt_mx_Field_4'

2022-01-17 18:57:53 - [MESSAGE][PASSED] - Text ****** has been set on object 'Object Repository/Page_Element/input_Cha kha bo mt_mx_Field_4'

2022-01-17 18:57:53 - [TEST_STEP][PASSED] - click(findTestObject("Object Repository/Page_Element/button_Tip tc")): Object: 'Object Repository/Page_Element/button_Tip tc' is clicked on

2022-01-17 18:57:54 - [MESSAGE][PASSED] - Object: 'Object Repository/Page_Element/button_Tip tc' is clicked on

2022-01-17 18:57:54 - [TEST_STEP][PASSED] - click(findTestObject("Object Repository/Page_Element/div_Xong")): Object: 'Object Repository/Page_Element/div_Xong' is clicked on

2022-01-17 18:57:56 - [MESSAGE][PASSED] - Object: 'Object Repository/Page_Element/div_Xong' is clicked on

2022-01-17 18:57:56 - [TEST_STEP][PASSED] - click(findTestObject("Object Repository/Page_Element/img_Kim tra li_mx_BaseAvatar_image")): Object: 'Object Repository/Page_Element/img_Kim tra li_mx_BaseAvatar_image' is clicked on

2022-01-17 18:57:58 - [MESSAGE][PASSED] - Object: 'Object Repository/Page_Element/img_Kim tra li_mx_BaseAvatar_image' is clicked on

2022-01-17 18:57:58 - [TEST_STEP][PASSED] - closeBrowser(): Browser is closed

2022-01-17 18:57:58 - [MESSAGE][PASSED] - Browser is closed]]></system-out>
         <system-err><![CDATA[]]></system-err>
      </testcase>
      <testcase name="Test Cases/51.ChangeRoomName" time="50.357" classname="Test Cases/51.ChangeRoomName" status="PASSED">
         <system-out><![CDATA[2022-01-17 18:57:58 - [TEST_CASE][PASSED] - Test Cases/51.ChangeRoomName: Test Cases/51.ChangeRoomName

2022-01-17 18:57:59 - [TEST_STEP][PASSED] - openBrowser(""): Browser is opened with url: ''

2022-01-17 18:57:59 - [MESSAGE][INFO] - Starting 'Chrome' driver

2022-01-17 18:57:59 - [MESSAGE][INFO] - Action delay is set to 1,000 milliseconds

2022-01-17 18:58:00 - [MESSAGE][PASSED] - Browser is opened with url: ''

2022-01-17 18:58:00 - [TEST_STEP][PASSED] - navigateToUrl("http://localhost:8080/"): Navigate to 'http://localhost:8080/' successfully

2022-01-17 18:58:03 - [MESSAGE][PASSED] - Navigate to 'http://localhost:8080/' successfully

2022-01-17 18:58:03 - [TEST_STEP][PASSED] - click(findTestObject("Object Repository/Page_Element/div_Sign In")): Object: 'Object Repository/Page_Element/div_Sign In' is clicked on

2022-01-17 18:58:07 - [MESSAGE][PASSED] - Object: 'Object Repository/Page_Element/div_Sign In' is clicked on

2022-01-17 18:58:07 - [TEST_STEP][PASSED] - setText(findTestObject("Object Repository/Page_Element/input_Sign in with_username"), "ptnha19"): Text 'ptnha19' is set on object 'Object Repository/Page_Element/input_Sign in with_username'

2022-01-17 18:58:10 - [MESSAGE][PASSED] - Text 'ptnha19' is set on object 'Object Repository/Page_Element/input_Sign in with_username'

2022-01-17 18:58:10 - [TEST_STEP][PASSED] - setEncryptedText(findTestObject("Object Repository/Page_Element/input_Username_password"), "5R3Ima4A+eOeCrCDRGMLmJpaGR3V3+YI"): Text ****** has been set on object 'Object Repository/Page_Element/input_Username_password'

2022-01-17 18:58:12 - [MESSAGE][PASSED] - Text ****** has been set on object 'Object Repository/Page_Element/input_Username_password'

2022-01-17 18:58:12 - [TEST_STEP][PASSED] - click(findTestObject("Object Repository/Page_Element/input_Forgot password_mx_Login_submit")): Object: 'Object Repository/Page_Element/input_Forgot password_mx_Login_submit' is clicked on

2022-01-17 18:58:13 - [MESSAGE][PASSED] - Object: 'Object Repository/Page_Element/input_Forgot password_mx_Login_submit' is clicked on

2022-01-17 18:58:13 - [TEST_STEP][PASSED] - click(findTestObject("Object Repository/Page_Element/div_Verify with Security Key")): Object: 'Object Repository/Page_Element/div_Verify with Security Key' is clicked on

2022-01-17 18:58:25 - [MESSAGE][PASSED] - Object: 'Object Repository/Page_Element/div_Verify with Security Key' is clicked on

2022-01-17 18:58:25 - [TEST_STEP][PASSED] - setEncryptedText(findTestObject("Object Repository/Page_Element/input_Security Key_mx_Field_4"), "PF4jXtbe/5x5+S5PgN4Kl/QbANAkWZYKqKaG9gW6gn+Po31AOnak0DX8GoEzAUkskgpeON1UhfEqZG0XXngJPA=="): Text ****** has been set on object 'Object Repository/Page_Element/input_Security Key_mx_Field_4'

2022-01-17 18:58:28 - [MESSAGE][PASSED] - Text ****** has been set on object 'Object Repository/Page_Element/input_Security Key_mx_Field_4'

2022-01-17 18:58:28 - [TEST_STEP][PASSED] - click(findTestObject("Object Repository/Page_Element/button_Continue")): Object: 'Object Repository/Page_Element/button_Continue' is clicked on

2022-01-17 18:58:29 - [MESSAGE][PASSED] - Object: 'Object Repository/Page_Element/button_Continue' is clicked on

2022-01-17 18:58:29 - [TEST_STEP][PASSED] - click(findTestObject("Object Repository/Page_Element/div_Done")): Object: 'Object Repository/Page_Element/div_Done' is clicked on

2022-01-17 18:58:31 - [MESSAGE][PASSED] - Object: 'Object Repository/Page_Element/div_Done' is clicked on

2022-01-17 18:58:31 - [TEST_STEP][PASSED] - click(findTestObject("Object Repository/Page_Element/div_Tr Cao Thin")): Object: 'Object Repository/Page_Element/div_Tr Cao Thin' is clicked on

2022-01-17 18:58:33 - [MESSAGE][PASSED] - Object: 'Object Repository/Page_Element/div_Tr Cao Thin' is clicked on

2022-01-17 18:58:33 - [TEST_STEP][PASSED] - click(findTestObject("Object Repository/Page_Element  Tr Cao Thin/div_Tr Cao Thin_mx_AccessibleButton mx_Righ_04f030")): Object: 'Object Repository/Page_Element  Tr Cao Thin/div_Tr Cao Thin_mx_AccessibleButton mx_Righ_04f030' is clicked on

2022-01-17 18:58:35 - [MESSAGE][PASSED] - Object: 'Object Repository/Page_Element  Tr Cao Thin/div_Tr Cao Thin_mx_AccessibleButton mx_Righ_04f030' is clicked on

2022-01-17 18:58:35 - [TEST_STEP][PASSED] - click(findTestObject("Object Repository/Page_Element  Tr Cao Thin/div_Room settings")): Object: 'Object Repository/Page_Element  Tr Cao Thin/div_Room settings' is clicked on

2022-01-17 18:58:37 - [MESSAGE][PASSED] - Object: 'Object Repository/Page_Element  Tr Cao Thin/div_Room settings' is clicked on

2022-01-17 18:58:37 - [TEST_STEP][PASSED] - click(findTestObject("Object Repository/Page_Element  Tr Cao Thin/input_General_mx_Field_5")): Object: 'Object Repository/Page_Element  Tr Cao Thin/input_General_mx_Field_5' is clicked on

2022-01-17 18:58:38 - [MESSAGE][PASSED] - Object: 'Object Repository/Page_Element  Tr Cao Thin/input_General_mx_Field_5' is clicked on

2022-01-17 18:58:38 - [TEST_STEP][PASSED] - setText(findTestObject("Object Repository/Page_Element  Tr Cao Thin/input_General_mx_Field_5"), "ABC"): Text 'ABC' is set on object 'Object Repository/Page_Element  Tr Cao Thin/input_General_mx_Field_5'

2022-01-17 18:58:40 - [MESSAGE][PASSED] - Text 'ABC' is set on object 'Object Repository/Page_Element  Tr Cao Thin/input_General_mx_Field_5'

2022-01-17 18:58:40 - [TEST_STEP][PASSED] - click(findTestObject("Object Repository/Page_Element  Tr Cao Thin/div_Save")): Object: 'Object Repository/Page_Element  Tr Cao Thin/div_Save' is clicked on

2022-01-17 18:58:42 - [MESSAGE][PASSED] - Object: 'Object Repository/Page_Element  Tr Cao Thin/div_Save' is clicked on

2022-01-17 18:58:42 - [TEST_STEP][PASSED] - click(findTestObject("Object Repository/Page_Element  Tr Cao Thin/div_GeneralSecurity  PrivacyRoles  Permissi_f2bebd")): Object: 'Object Repository/Page_Element  Tr Cao Thin/div_GeneralSecurity  PrivacyRoles  Permissi_f2bebd' is clicked on

2022-01-17 18:58:43 - [MESSAGE][PASSED] - Object: 'Object Repository/Page_Element  Tr Cao Thin/div_GeneralSecurity  PrivacyRoles  Permissi_f2bebd' is clicked on

2022-01-17 18:58:43 - [TEST_STEP][PASSED] - setText(findTestObject("Object Repository/Page_Element  Tr Cao Thin/input_General_mx_Field_5"), ""): Text '' is set on object 'Object Repository/Page_Element  Tr Cao Thin/input_General_mx_Field_5'

2022-01-17 18:58:46 - [MESSAGE][PASSED] - Text '' is set on object 'Object Repository/Page_Element  Tr Cao Thin/input_General_mx_Field_5'

2022-01-17 18:58:46 - [TEST_STEP][PASSED] - click(findTestObject("Object Repository/Page_Element  Tr Cao Thin/div_Save")): Object: 'Object Repository/Page_Element  Tr Cao Thin/div_Save' is clicked on

2022-01-17 18:58:48 - [MESSAGE][PASSED] - Object: 'Object Repository/Page_Element  Tr Cao Thin/div_Save' is clicked on

2022-01-17 18:58:48 - [TEST_STEP][PASSED] - closeBrowser(): Browser is closed

2022-01-17 18:58:49 - [MESSAGE][PASSED] - Browser is closed]]></system-out>
         <system-err><![CDATA[]]></system-err>
      </testcase>
      <testcase name="Test Cases/54.ShareLinkToUser" time="38.432" classname="Test Cases/54.ShareLinkToUser" status="PASSED">
         <system-out><![CDATA[2022-01-17 18:58:49 - [TEST_CASE][PASSED] - Test Cases/54.ShareLinkToUser: Test Cases/54.ShareLinkToUser

2022-01-17 18:58:49 - [TEST_STEP][PASSED] - openBrowser(""): Browser is opened with url: ''

2022-01-17 18:58:49 - [MESSAGE][INFO] - Starting 'Chrome' driver

2022-01-17 18:58:49 - [MESSAGE][INFO] - Action delay is set to 1,000 milliseconds

2022-01-17 18:58:50 - [MESSAGE][PASSED] - Browser is opened with url: ''

2022-01-17 18:58:50 - [TEST_STEP][PASSED] - navigateToUrl("http://localhost:8080/"): Navigate to 'http://localhost:8080/' successfully

2022-01-17 18:58:53 - [MESSAGE][PASSED] - Navigate to 'http://localhost:8080/' successfully

2022-01-17 18:58:53 - [TEST_STEP][PASSED] - click(findTestObject("Object Repository/Page_Element/div_Sign In")): Object: 'Object Repository/Page_Element/div_Sign In' is clicked on

2022-01-17 18:58:56 - [MESSAGE][PASSED] - Object: 'Object Repository/Page_Element/div_Sign In' is clicked on

2022-01-17 18:58:56 - [TEST_STEP][PASSED] - setText(findTestObject("Object Repository/Page_Element/input_Sign in with_username"), "ptnha19"): Text 'ptnha19' is set on object 'Object Repository/Page_Element/input_Sign in with_username'

2022-01-17 18:59:00 - [MESSAGE][PASSED] - Text 'ptnha19' is set on object 'Object Repository/Page_Element/input_Sign in with_username'

2022-01-17 18:59:00 - [TEST_STEP][PASSED] - setEncryptedText(findTestObject("Object Repository/Page_Element/input_Username_password"), "5R3Ima4A+eOeCrCDRGMLmJpaGR3V3+YI"): Text ****** has been set on object 'Object Repository/Page_Element/input_Username_password'

2022-01-17 18:59:03 - [MESSAGE][PASSED] - Text ****** has been set on object 'Object Repository/Page_Element/input_Username_password'

2022-01-17 18:59:03 - [TEST_STEP][PASSED] - click(findTestObject("Object Repository/Page_Element/input_Forgot password_mx_Login_submit")): Object: 'Object Repository/Page_Element/input_Forgot password_mx_Login_submit' is clicked on

2022-01-17 18:59:04 - [MESSAGE][PASSED] - Object: 'Object Repository/Page_Element/input_Forgot password_mx_Login_submit' is clicked on

2022-01-17 18:59:04 - [TEST_STEP][PASSED] - click(findTestObject("Object Repository/Page_Element/div_Verify with Security Key")): Object: 'Object Repository/Page_Element/div_Verify with Security Key' is clicked on

2022-01-17 18:59:10 - [MESSAGE][PASSED] - Object: 'Object Repository/Page_Element/div_Verify with Security Key' is clicked on

2022-01-17 18:59:10 - [TEST_STEP][PASSED] - setEncryptedText(findTestObject("Object Repository/Page_Element/input_Security Key_mx_Field_4"), "PF4jXtbe/5x5+S5PgN4Kl/QbANAkWZYKqKaG9gW6gn+Po31AOnak0DX8GoEzAUkskgpeON1UhfEqZG0XXngJPA=="): Text ****** has been set on object 'Object Repository/Page_Element/input_Security Key_mx_Field_4'

2022-01-17 18:59:12 - [MESSAGE][PASSED] - Text ****** has been set on object 'Object Repository/Page_Element/input_Security Key_mx_Field_4'

2022-01-17 18:59:12 - [TEST_STEP][PASSED] - click(findTestObject("Object Repository/Page_Element/button_Continue")): Object: 'Object Repository/Page_Element/button_Continue' is clicked on

2022-01-17 18:59:14 - [MESSAGE][PASSED] - Object: 'Object Repository/Page_Element/button_Continue' is clicked on

2022-01-17 18:59:14 - [TEST_STEP][PASSED] - click(findTestObject("Object Repository/Page_Element/div_Done")): Object: 'Object Repository/Page_Element/div_Done' is clicked on

2022-01-17 18:59:16 - [MESSAGE][PASSED] - Object: 'Object Repository/Page_Element/div_Done' is clicked on

2022-01-17 18:59:16 - [TEST_STEP][PASSED] - click(findTestObject("Object Repository/Page_Element/div_Tr Cao Thin")): Object: 'Object Repository/Page_Element/div_Tr Cao Thin' is clicked on

2022-01-17 18:59:17 - [MESSAGE][PASSED] - Object: 'Object Repository/Page_Element/div_Tr Cao Thin' is clicked on

2022-01-17 18:59:17 - [TEST_STEP][PASSED] - click(findTestObject("Object Repository/Page_Element  Tr Cao Thin/div_Tr Cao Thin_mx_AccessibleButton mx_Righ_04f030")): Object: 'Object Repository/Page_Element  Tr Cao Thin/div_Tr Cao Thin_mx_AccessibleButton mx_Righ_04f030' is clicked on

2022-01-17 18:59:20 - [MESSAGE][PASSED] - Object: 'Object Repository/Page_Element  Tr Cao Thin/div_Tr Cao Thin_mx_AccessibleButton mx_Righ_04f030' is clicked on

2022-01-17 18:59:20 - [TEST_STEP][PASSED] - click(findTestObject("Object Repository/Page_Element  Tr Cao Thin/div_People2")): Object: 'Object Repository/Page_Element  Tr Cao Thin/div_People2' is clicked on

2022-01-17 18:59:22 - [MESSAGE][PASSED] - Object: 'Object Repository/Page_Element  Tr Cao Thin/div_People2' is clicked on

2022-01-17 18:59:22 - [TEST_STEP][PASSED] - click(findTestObject("Object Repository/Page_Element  Tr Cao Thin/div_ptnha19")): Object: 'Object Repository/Page_Element  Tr Cao Thin/div_ptnha19' is clicked on

2022-01-17 18:59:23 - [MESSAGE][PASSED] - Object: 'Object Repository/Page_Element  Tr Cao Thin/div_ptnha19' is clicked on

2022-01-17 18:59:23 - [TEST_STEP][PASSED] - click(findTestObject("Object Repository/Page_Element  Tr Cao Thin/div_Share Link to User")): Object: 'Object Repository/Page_Element  Tr Cao Thin/div_Share Link to User' is clicked on

2022-01-17 18:59:24 - [MESSAGE][PASSED] - Object: 'Object Repository/Page_Element  Tr Cao Thin/div_Share Link to User' is clicked on

2022-01-17 18:59:24 - [TEST_STEP][PASSED] - click(findTestObject("Object Repository/Page_Element  Tr Cao Thin/div_httpsmatrix.toptnha19matrix.org_mx_Acce_452c44")): Object: 'Object Repository/Page_Element  Tr Cao Thin/div_httpsmatrix.toptnha19matrix.org_mx_Acce_452c44' is clicked on

2022-01-17 18:59:26 - [MESSAGE][PASSED] - Object: 'Object Repository/Page_Element  Tr Cao Thin/div_httpsmatrix.toptnha19matrix.org_mx_Acce_452c44' is clicked on

2022-01-17 18:59:26 - [TEST_STEP][PASSED] - closeBrowser(): Browser is closed

2022-01-17 18:59:27 - [MESSAGE][PASSED] - Browser is closed]]></system-out>
         <system-err><![CDATA[]]></system-err>
      </testcase>
      <testcase name="Test Cases/55.ShareLink" time="37.964" classname="Test Cases/55.ShareLink" status="PASSED">
         <system-out><![CDATA[2022-01-17 18:59:27 - [TEST_CASE][PASSED] - Test Cases/55.ShareLink: Test Cases/55.ShareLink

2022-01-17 18:59:27 - [TEST_STEP][PASSED] - openBrowser(""): Browser is opened with url: ''

2022-01-17 18:59:27 - [MESSAGE][INFO] - Starting 'Chrome' driver

2022-01-17 18:59:27 - [MESSAGE][INFO] - Action delay is set to 1,000 milliseconds

2022-01-17 18:59:29 - [MESSAGE][PASSED] - Browser is opened with url: ''

2022-01-17 18:59:29 - [TEST_STEP][PASSED] - navigateToUrl("http://localhost:8080/"): Navigate to 'http://localhost:8080/' successfully

2022-01-17 18:59:31 - [MESSAGE][PASSED] - Navigate to 'http://localhost:8080/' successfully

2022-01-17 18:59:31 - [TEST_STEP][PASSED] - click(findTestObject("Object Repository/Page_Element/div_Sign In")): Object: 'Object Repository/Page_Element/div_Sign In' is clicked on

2022-01-17 18:59:36 - [MESSAGE][PASSED] - Object: 'Object Repository/Page_Element/div_Sign In' is clicked on

2022-01-17 18:59:36 - [TEST_STEP][PASSED] - setText(findTestObject("Object Repository/Page_Element/input_Sign in with_username"), "ptnha19"): Text 'ptnha19' is set on object 'Object Repository/Page_Element/input_Sign in with_username'

2022-01-17 18:59:39 - [MESSAGE][PASSED] - Text 'ptnha19' is set on object 'Object Repository/Page_Element/input_Sign in with_username'

2022-01-17 18:59:39 - [TEST_STEP][PASSED] - setEncryptedText(findTestObject("Object Repository/Page_Element/input_Username_password"), "5R3Ima4A+eOeCrCDRGMLmJpaGR3V3+YI"): Text ****** has been set on object 'Object Repository/Page_Element/input_Username_password'

2022-01-17 18:59:42 - [MESSAGE][PASSED] - Text ****** has been set on object 'Object Repository/Page_Element/input_Username_password'

2022-01-17 18:59:42 - [TEST_STEP][PASSED] - click(findTestObject("Object Repository/Page_Element/input_Forgot password_mx_Login_submit")): Object: 'Object Repository/Page_Element/input_Forgot password_mx_Login_submit' is clicked on

2022-01-17 18:59:43 - [MESSAGE][PASSED] - Object: 'Object Repository/Page_Element/input_Forgot password_mx_Login_submit' is clicked on

2022-01-17 18:59:43 - [TEST_STEP][PASSED] - click(findTestObject("Object Repository/Page_Element/div_Verify with Security Key")): Object: 'Object Repository/Page_Element/div_Verify with Security Key' is clicked on

2022-01-17 18:59:49 - [MESSAGE][PASSED] - Object: 'Object Repository/Page_Element/div_Verify with Security Key' is clicked on

2022-01-17 18:59:49 - [TEST_STEP][PASSED] - setEncryptedText(findTestObject("Object Repository/Page_Element/input_Security Key_mx_Field_4"), "PF4jXtbe/5x5+S5PgN4Kl/QbANAkWZYKqKaG9gW6gn+Po31AOnak0DX8GoEzAUkskgpeON1UhfEqZG0XXngJPA=="): Text ****** has been set on object 'Object Repository/Page_Element/input_Security Key_mx_Field_4'

2022-01-17 18:59:53 - [MESSAGE][PASSED] - Text ****** has been set on object 'Object Repository/Page_Element/input_Security Key_mx_Field_4'

2022-01-17 18:59:53 - [TEST_STEP][PASSED] - click(findTestObject("Object Repository/Page_Element/button_Continue")): Object: 'Object Repository/Page_Element/button_Continue' is clicked on

2022-01-17 18:59:55 - [MESSAGE][PASSED] - Object: 'Object Repository/Page_Element/button_Continue' is clicked on

2022-01-17 18:59:55 - [TEST_STEP][PASSED] - click(findTestObject("Object Repository/Page_Element/div_Done")): Object: 'Object Repository/Page_Element/div_Done' is clicked on

2022-01-17 18:59:57 - [MESSAGE][PASSED] - Object: 'Object Repository/Page_Element/div_Done' is clicked on

2022-01-17 18:59:57 - [TEST_STEP][PASSED] - click(findTestObject("Object Repository/Page_Element/div_Tr Cao Thin")): Object: 'Object Repository/Page_Element/div_Tr Cao Thin' is clicked on

2022-01-17 18:59:58 - [MESSAGE][PASSED] - Object: 'Object Repository/Page_Element/div_Tr Cao Thin' is clicked on

2022-01-17 18:59:58 - [TEST_STEP][PASSED] - click(findTestObject("Object Repository/Page_Element  Tr Cao Thin/div_Tr Cao Thin_mx_AccessibleButton mx_Righ_04f030")): Object: 'Object Repository/Page_Element  Tr Cao Thin/div_Tr Cao Thin_mx_AccessibleButton mx_Righ_04f030' is clicked on

2022-01-17 18:59:59 - [MESSAGE][PASSED] - Object: 'Object Repository/Page_Element  Tr Cao Thin/div_Tr Cao Thin_mx_AccessibleButton mx_Righ_04f030' is clicked on

2022-01-17 18:59:59 - [TEST_STEP][PASSED] - click(findTestObject("Object Repository/Page_Element  Tr Cao Thin/div_Share room")): Object: 'Object Repository/Page_Element  Tr Cao Thin/div_Share room' is clicked on

2022-01-17 19:00:01 - [MESSAGE][PASSED] - Object: 'Object Repository/Page_Element  Tr Cao Thin/div_Share room' is clicked on

2022-01-17 19:00:01 - [TEST_STEP][PASSED] - click(findTestObject("Object Repository/Page_Element  Tr Cao Thin/div_httpsmatrix.toFfCpvSioZvOdNBsrLematrix._1ba303")): Object: 'Object Repository/Page_Element  Tr Cao Thin/div_httpsmatrix.toFfCpvSioZvOdNBsrLematrix._1ba303' is clicked on

2022-01-17 19:00:02 - [MESSAGE][PASSED] - Object: 'Object Repository/Page_Element  Tr Cao Thin/div_httpsmatrix.toFfCpvSioZvOdNBsrLematrix._1ba303' is clicked on

2022-01-17 19:00:02 - [TEST_STEP][PASSED] - click(findTestObject("Object Repository/Page_Element  Tr Cao Thin/div_Share Room_mx_AccessibleButton mx_Dialo_364380")): Object: 'Object Repository/Page_Element  Tr Cao Thin/div_Share Room_mx_AccessibleButton mx_Dialo_364380' is clicked on

2022-01-17 19:00:03 - [MESSAGE][PASSED] - Object: 'Object Repository/Page_Element  Tr Cao Thin/div_Share Room_mx_AccessibleButton mx_Dialo_364380' is clicked on

2022-01-17 19:00:03 - [TEST_STEP][PASSED] - click(findTestObject("Object Repository/Page_Element  Tr Cao Thin/div_Tr Cao Thin")): Object: 'Object Repository/Page_Element  Tr Cao Thin/div_Tr Cao Thin' is clicked on

2022-01-17 19:00:04 - [MESSAGE][PASSED] - Object: 'Object Repository/Page_Element  Tr Cao Thin/div_Tr Cao Thin' is clicked on

2022-01-17 19:00:04 - [TEST_STEP][PASSED] - closeBrowser(): Browser is closed

2022-01-17 19:00:05 - [MESSAGE][PASSED] - Browser is closed]]></system-out>
         <system-err><![CDATA[]]></system-err>
      </testcase>
      <testcase name="Test Cases/56.SeeFileInRoom" time="38.676" classname="Test Cases/56.SeeFileInRoom" status="PASSED">
         <system-out><![CDATA[2022-01-17 19:00:05 - [TEST_CASE][PASSED] - Test Cases/56.SeeFileInRoom: Test Cases/56.SeeFileInRoom

2022-01-17 19:00:05 - [TEST_STEP][PASSED] - openBrowser(""): Browser is opened with url: ''

2022-01-17 19:00:05 - [MESSAGE][INFO] - Starting 'Chrome' driver

2022-01-17 19:00:05 - [MESSAGE][INFO] - Action delay is set to 1,000 milliseconds

2022-01-17 19:00:06 - [MESSAGE][PASSED] - Browser is opened with url: ''

2022-01-17 19:00:06 - [TEST_STEP][PASSED] - navigateToUrl("http://localhost:8080/"): Navigate to 'http://localhost:8080/' successfully

2022-01-17 19:00:10 - [MESSAGE][PASSED] - Navigate to 'http://localhost:8080/' successfully

2022-01-17 19:00:10 - [TEST_STEP][PASSED] - click(findTestObject("Object Repository/Page_Element/div_Sign In")): Object: 'Object Repository/Page_Element/div_Sign In' is clicked on

2022-01-17 19:00:13 - [MESSAGE][PASSED] - Object: 'Object Repository/Page_Element/div_Sign In' is clicked on

2022-01-17 19:00:13 - [TEST_STEP][PASSED] - setText(findTestObject("Object Repository/Page_Element/input_Sign in with_username"), "ptnha19"): Text 'ptnha19' is set on object 'Object Repository/Page_Element/input_Sign in with_username'

2022-01-17 19:00:17 - [MESSAGE][PASSED] - Text 'ptnha19' is set on object 'Object Repository/Page_Element/input_Sign in with_username'

2022-01-17 19:00:17 - [TEST_STEP][PASSED] - setEncryptedText(findTestObject("Object Repository/Page_Element/input_Username_password"), "5R3Ima4A+eOeCrCDRGMLmJpaGR3V3+YI"): Text ****** has been set on object 'Object Repository/Page_Element/input_Username_password'

2022-01-17 19:00:20 - [MESSAGE][PASSED] - Text ****** has been set on object 'Object Repository/Page_Element/input_Username_password'

2022-01-17 19:00:20 - [TEST_STEP][PASSED] - click(findTestObject("Object Repository/Page_Element/input_Forgot password_mx_Login_submit")): Object: 'Object Repository/Page_Element/input_Forgot password_mx_Login_submit' is clicked on

2022-01-17 19:00:21 - [MESSAGE][PASSED] - Object: 'Object Repository/Page_Element/input_Forgot password_mx_Login_submit' is clicked on

2022-01-17 19:00:21 - [TEST_STEP][PASSED] - click(findTestObject("Object Repository/Page_Element/div_Verify with Security Key")): Object: 'Object Repository/Page_Element/div_Verify with Security Key' is clicked on

2022-01-17 19:00:29 - [MESSAGE][PASSED] - Object: 'Object Repository/Page_Element/div_Verify with Security Key' is clicked on

2022-01-17 19:00:29 - [TEST_STEP][PASSED] - setEncryptedText(findTestObject("Object Repository/Page_Element/input_Security Key_mx_Field_4"), "PF4jXtbe/5x5+S5PgN4Kl/QbANAkWZYKqKaG9gW6gn+Po31AOnak0DX8GoEzAUkskgpeON1UhfEqZG0XXngJPA=="): Text ****** has been set on object 'Object Repository/Page_Element/input_Security Key_mx_Field_4'

2022-01-17 19:00:34 - [MESSAGE][PASSED] - Text ****** has been set on object 'Object Repository/Page_Element/input_Security Key_mx_Field_4'

2022-01-17 19:00:34 - [TEST_STEP][PASSED] - click(findTestObject("Object Repository/Page_Element/button_Continue")): Object: 'Object Repository/Page_Element/button_Continue' is clicked on

2022-01-17 19:00:35 - [MESSAGE][PASSED] - Object: 'Object Repository/Page_Element/button_Continue' is clicked on

2022-01-17 19:00:35 - [TEST_STEP][PASSED] - click(findTestObject("Object Repository/Page_Element/div_Done")): Object: 'Object Repository/Page_Element/div_Done' is clicked on

2022-01-17 19:00:37 - [MESSAGE][PASSED] - Object: 'Object Repository/Page_Element/div_Done' is clicked on

2022-01-17 19:00:37 - [TEST_STEP][PASSED] - click(findTestObject("Object Repository/Page_Element/div_Tr Cao Thin")): Object: 'Object Repository/Page_Element/div_Tr Cao Thin' is clicked on

2022-01-17 19:00:38 - [MESSAGE][PASSED] - Object: 'Object Repository/Page_Element/div_Tr Cao Thin' is clicked on

2022-01-17 19:00:38 - [TEST_STEP][PASSED] - click(findTestObject("Object Repository/Page_Element  Tr Cao Thin/div_Tr Cao Thin_mx_AccessibleButton mx_Righ_04f030")): Object: 'Object Repository/Page_Element  Tr Cao Thin/div_Tr Cao Thin_mx_AccessibleButton mx_Righ_04f030' is clicked on

2022-01-17 19:00:40 - [MESSAGE][PASSED] - Object: 'Object Repository/Page_Element  Tr Cao Thin/div_Tr Cao Thin_mx_AccessibleButton mx_Righ_04f030' is clicked on

2022-01-17 19:00:40 - [TEST_STEP][PASSED] - click(findTestObject("Object Repository/Page_Element  Tr Cao Thin/div_Files")): Object: 'Object Repository/Page_Element  Tr Cao Thin/div_Files' is clicked on

2022-01-17 19:00:41 - [MESSAGE][PASSED] - Object: 'Object Repository/Page_Element  Tr Cao Thin/div_Files' is clicked on

2022-01-17 19:00:41 - [TEST_STEP][PASSED] - click(findTestObject("Object Repository/Page_Element  Tr Cao Thin/div_Message deleted_mx_AccessibleButton mx__334218")): Object: 'Object Repository/Page_Element  Tr Cao Thin/div_Message deleted_mx_AccessibleButton mx__334218' is clicked on

2022-01-17 19:00:42 - [MESSAGE][PASSED] - Object: 'Object Repository/Page_Element  Tr Cao Thin/div_Message deleted_mx_AccessibleButton mx__334218' is clicked on

2022-01-17 19:00:42 - [TEST_STEP][PASSED] - click(findTestObject("Object Repository/Page_Element  Tr Cao Thin/div_Message deleted_mx_AccessibleButton mx__0a07ff")): Object: 'Object Repository/Page_Element  Tr Cao Thin/div_Message deleted_mx_AccessibleButton mx__0a07ff' is clicked on

2022-01-17 19:00:43 - [MESSAGE][PASSED] - Object: 'Object Repository/Page_Element  Tr Cao Thin/div_Message deleted_mx_AccessibleButton mx__0a07ff' is clicked on

2022-01-17 19:00:43 - [TEST_STEP][PASSED] - closeBrowser(): Browser is closed

2022-01-17 19:00:44 - [MESSAGE][PASSED] - Browser is closed]]></system-out>
         <system-err><![CDATA[]]></system-err>
      </testcase>
      <testcase name="Test Cases/58.AdvancedInRoomSetting" time="48.825" classname="Test Cases/58.AdvancedInRoomSetting" status="PASSED">
         <system-out><![CDATA[2022-01-17 19:00:44 - [TEST_CASE][PASSED] - Test Cases/58.AdvancedInRoomSetting: Test Cases/58.AdvancedInRoomSetting

2022-01-17 19:00:44 - [TEST_STEP][PASSED] - openBrowser(""): Browser is opened with url: ''

2022-01-17 19:00:44 - [MESSAGE][INFO] - Starting 'Chrome' driver

2022-01-17 19:00:44 - [MESSAGE][INFO] - Action delay is set to 1,000 milliseconds

2022-01-17 19:00:45 - [MESSAGE][PASSED] - Browser is opened with url: ''

2022-01-17 19:00:45 - [TEST_STEP][PASSED] - navigateToUrl("http://localhost:8080/"): Navigate to 'http://localhost:8080/' successfully

2022-01-17 19:00:48 - [MESSAGE][PASSED] - Navigate to 'http://localhost:8080/' successfully

2022-01-17 19:00:48 - [TEST_STEP][PASSED] - click(findTestObject("Object Repository/Page_Element/div_Sign In")): Object: 'Object Repository/Page_Element/div_Sign In' is clicked on

2022-01-17 19:00:52 - [MESSAGE][PASSED] - Object: 'Object Repository/Page_Element/div_Sign In' is clicked on

2022-01-17 19:00:52 - [TEST_STEP][PASSED] - setText(findTestObject("Object Repository/Page_Element/input_Sign in with_username"), "ptnha19"): Text 'ptnha19' is set on object 'Object Repository/Page_Element/input_Sign in with_username'

2022-01-17 19:00:55 - [MESSAGE][PASSED] - Text 'ptnha19' is set on object 'Object Repository/Page_Element/input_Sign in with_username'

2022-01-17 19:00:55 - [TEST_STEP][PASSED] - setEncryptedText(findTestObject("Object Repository/Page_Element/input_Username_password"), "5R3Ima4A+eOeCrCDRGMLmJpaGR3V3+YI"): Text ****** has been set on object 'Object Repository/Page_Element/input_Username_password'

2022-01-17 19:00:58 - [MESSAGE][PASSED] - Text ****** has been set on object 'Object Repository/Page_Element/input_Username_password'

2022-01-17 19:00:58 - [TEST_STEP][PASSED] - click(findTestObject("Object Repository/Page_Element/input_Forgot password_mx_Login_submit")): Object: 'Object Repository/Page_Element/input_Forgot password_mx_Login_submit' is clicked on

2022-01-17 19:00:59 - [MESSAGE][PASSED] - Object: 'Object Repository/Page_Element/input_Forgot password_mx_Login_submit' is clicked on

2022-01-17 19:00:59 - [TEST_STEP][PASSED] - click(findTestObject("Object Repository/Page_Element/div_Verify with Security Key")): Object: 'Object Repository/Page_Element/div_Verify with Security Key' is clicked on

2022-01-17 19:01:12 - [MESSAGE][PASSED] - Object: 'Object Repository/Page_Element/div_Verify with Security Key' is clicked on

2022-01-17 19:01:12 - [TEST_STEP][PASSED] - setEncryptedText(findTestObject("Object Repository/Page_Element/input_Security Key_mx_Field_4"), "PF4jXtbe/5x5+S5PgN4Kl/QbANAkWZYKqKaG9gW6gn+Po31AOnak0DX8GoEzAUkskgpeON1UhfEqZG0XXngJPA=="): Text ****** has been set on object 'Object Repository/Page_Element/input_Security Key_mx_Field_4'

2022-01-17 19:01:18 - [MESSAGE][PASSED] - Text ****** has been set on object 'Object Repository/Page_Element/input_Security Key_mx_Field_4'

2022-01-17 19:01:18 - [TEST_STEP][PASSED] - click(findTestObject("Object Repository/Page_Element/button_Continue")): Object: 'Object Repository/Page_Element/button_Continue' is clicked on

2022-01-17 19:01:19 - [MESSAGE][PASSED] - Object: 'Object Repository/Page_Element/button_Continue' is clicked on

2022-01-17 19:01:19 - [TEST_STEP][PASSED] - click(findTestObject("Object Repository/Page_Element/div_Done")): Object: 'Object Repository/Page_Element/div_Done' is clicked on

2022-01-17 19:01:21 - [MESSAGE][PASSED] - Object: 'Object Repository/Page_Element/div_Done' is clicked on

2022-01-17 19:01:21 - [TEST_STEP][PASSED] - click(findTestObject("Object Repository/Page_Element/div_Tr Cao Thin")): Object: 'Object Repository/Page_Element/div_Tr Cao Thin' is clicked on

2022-01-17 19:01:23 - [MESSAGE][PASSED] - Object: 'Object Repository/Page_Element/div_Tr Cao Thin' is clicked on

2022-01-17 19:01:23 - [TEST_STEP][PASSED] - click(findTestObject("Object Repository/Page_Element  Tr Cao Thin/div_Tr Cao Thin_mx_AccessibleButton mx_Righ_04f030")): Object: 'Object Repository/Page_Element  Tr Cao Thin/div_Tr Cao Thin_mx_AccessibleButton mx_Righ_04f030' is clicked on

2022-01-17 19:01:24 - [MESSAGE][PASSED] - Object: 'Object Repository/Page_Element  Tr Cao Thin/div_Tr Cao Thin_mx_AccessibleButton mx_Righ_04f030' is clicked on

2022-01-17 19:01:24 - [TEST_STEP][PASSED] - click(findTestObject("Object Repository/Page_Element  Tr Cao Thin/div_Room settings")): Object: 'Object Repository/Page_Element  Tr Cao Thin/div_Room settings' is clicked on

2022-01-17 19:01:25 - [MESSAGE][PASSED] - Object: 'Object Repository/Page_Element  Tr Cao Thin/div_Room settings' is clicked on

2022-01-17 19:01:25 - [TEST_STEP][PASSED] - click(findTestObject("Object Repository/Page_Element  Tr Cao Thin/span_Advanced")): Object: 'Object Repository/Page_Element  Tr Cao Thin/span_Advanced' is clicked on

2022-01-17 19:01:26 - [MESSAGE][PASSED] - Object: 'Object Repository/Page_Element  Tr Cao Thin/span_Advanced' is clicked on

2022-01-17 19:01:26 - [TEST_STEP][PASSED] - click(findTestObject("Object Repository/Page_Element  Tr Cao Thin/div_Open Devtools")): Object: 'Object Repository/Page_Element  Tr Cao Thin/div_Open Devtools' is clicked on

2022-01-17 19:01:27 - [MESSAGE][PASSED] - Object: 'Object Repository/Page_Element  Tr Cao Thin/div_Open Devtools' is clicked on

2022-01-17 19:01:27 - [TEST_STEP][PASSED] - click(findTestObject("Object Repository/Page_Element  Tr Cao Thin/button_Send Custom Event")): Object: 'Object Repository/Page_Element  Tr Cao Thin/button_Send Custom Event' is clicked on

2022-01-17 19:01:29 - [MESSAGE][PASSED] - Object: 'Object Repository/Page_Element  Tr Cao Thin/button_Send Custom Event' is clicked on

2022-01-17 19:01:29 - [TEST_STEP][PASSED] - click(findTestObject("Object Repository/Page_Element  Tr Cao Thin/button_Back")): Object: 'Object Repository/Page_Element  Tr Cao Thin/button_Back' is clicked on

2022-01-17 19:01:30 - [MESSAGE][PASSED] - Object: 'Object Repository/Page_Element  Tr Cao Thin/button_Back' is clicked on

2022-01-17 19:01:30 - [TEST_STEP][PASSED] - click(findTestObject("Object Repository/Page_Element  Tr Cao Thin/button_Cancel")): Object: 'Object Repository/Page_Element  Tr Cao Thin/button_Cancel' is clicked on

2022-01-17 19:01:32 - [MESSAGE][PASSED] - Object: 'Object Repository/Page_Element  Tr Cao Thin/button_Cancel' is clicked on

2022-01-17 19:01:32 - [TEST_STEP][PASSED] - closeBrowser(): Browser is closed

2022-01-17 19:01:33 - [MESSAGE][PASSED] - Browser is closed]]></system-out>
         <system-err><![CDATA[]]></system-err>
      </testcase>
      <testcase name="Test Cases/59.SearchInRoom" time="38.503" classname="Test Cases/59.SearchInRoom" status="PASSED">
         <system-out><![CDATA[2022-01-17 19:01:33 - [TEST_CASE][PASSED] - Test Cases/59.SearchInRoom: Test Cases/59.SearchInRoom

2022-01-17 19:01:33 - [TEST_STEP][PASSED] - openBrowser(""): Browser is opened with url: ''

2022-01-17 19:01:33 - [MESSAGE][INFO] - Starting 'Chrome' driver

2022-01-17 19:01:33 - [MESSAGE][INFO] - Action delay is set to 1,000 milliseconds

2022-01-17 19:01:34 - [MESSAGE][PASSED] - Browser is opened with url: ''

2022-01-17 19:01:34 - [TEST_STEP][PASSED] - navigateToUrl("http://localhost:8080/"): Navigate to 'http://localhost:8080/' successfully

2022-01-17 19:01:37 - [MESSAGE][PASSED] - Navigate to 'http://localhost:8080/' successfully

2022-01-17 19:01:37 - [TEST_STEP][PASSED] - click(findTestObject("Object Repository/Page_Element/div_Sign In")): Object: 'Object Repository/Page_Element/div_Sign In' is clicked on

2022-01-17 19:01:40 - [MESSAGE][PASSED] - Object: 'Object Repository/Page_Element/div_Sign In' is clicked on

2022-01-17 19:01:40 - [TEST_STEP][PASSED] - setText(findTestObject("Object Repository/Page_Element/input_Sign in with_username"), "ptnha19"): Text 'ptnha19' is set on object 'Object Repository/Page_Element/input_Sign in with_username'

2022-01-17 19:01:45 - [MESSAGE][PASSED] - Text 'ptnha19' is set on object 'Object Repository/Page_Element/input_Sign in with_username'

2022-01-17 19:01:45 - [TEST_STEP][PASSED] - setEncryptedText(findTestObject("Object Repository/Page_Element/input_Username_password"), "5R3Ima4A+eOeCrCDRGMLmJpaGR3V3+YI"): Text ****** has been set on object 'Object Repository/Page_Element/input_Username_password'

2022-01-17 19:01:47 - [MESSAGE][PASSED] - Text ****** has been set on object 'Object Repository/Page_Element/input_Username_password'

2022-01-17 19:01:47 - [TEST_STEP][PASSED] - click(findTestObject("Object Repository/Page_Element/input_Forgot password_mx_Login_submit")): Object: 'Object Repository/Page_Element/input_Forgot password_mx_Login_submit' is clicked on

2022-01-17 19:01:48 - [MESSAGE][PASSED] - Object: 'Object Repository/Page_Element/input_Forgot password_mx_Login_submit' is clicked on

2022-01-17 19:01:48 - [TEST_STEP][PASSED] - click(findTestObject("Object Repository/Page_Element/div_Verify with Security Key")): Object: 'Object Repository/Page_Element/div_Verify with Security Key' is clicked on

2022-01-17 19:01:57 - [MESSAGE][PASSED] - Object: 'Object Repository/Page_Element/div_Verify with Security Key' is clicked on

2022-01-17 19:01:57 - [TEST_STEP][PASSED] - setEncryptedText(findTestObject("Object Repository/Page_Element/input_Security Key_mx_Field_4"), "PF4jXtbe/5x5+S5PgN4Kl/QbANAkWZYKqKaG9gW6gn+Po31AOnak0DX8GoEzAUkskgpeON1UhfEqZG0XXngJPA=="): Text ****** has been set on object 'Object Repository/Page_Element/input_Security Key_mx_Field_4'

2022-01-17 19:02:00 - [MESSAGE][PASSED] - Text ****** has been set on object 'Object Repository/Page_Element/input_Security Key_mx_Field_4'

2022-01-17 19:02:00 - [TEST_STEP][PASSED] - click(findTestObject("Object Repository/Page_Element/button_Continue")): Object: 'Object Repository/Page_Element/button_Continue' is clicked on

2022-01-17 19:02:01 - [MESSAGE][PASSED] - Object: 'Object Repository/Page_Element/button_Continue' is clicked on

2022-01-17 19:02:01 - [TEST_STEP][PASSED] - click(findTestObject("Object Repository/Page_Element/div_Done")): Object: 'Object Repository/Page_Element/div_Done' is clicked on

2022-01-17 19:02:03 - [MESSAGE][PASSED] - Object: 'Object Repository/Page_Element/div_Done' is clicked on

2022-01-17 19:02:03 - [TEST_STEP][PASSED] - click(findTestObject("Object Repository/Page_Element/div_Tr Cao Thin")): Object: 'Object Repository/Page_Element/div_Tr Cao Thin' is clicked on

2022-01-17 19:02:04 - [MESSAGE][PASSED] - Object: 'Object Repository/Page_Element/div_Tr Cao Thin' is clicked on

2022-01-17 19:02:04 - [TEST_STEP][PASSED] - click(findTestObject("Object Repository/Page_Element  Tr Cao Thin/div_Tr Cao Thin_mx_AccessibleButton mx_Room_93b1eb")): Object: 'Object Repository/Page_Element  Tr Cao Thin/div_Tr Cao Thin_mx_AccessibleButton mx_Room_93b1eb' is clicked on

2022-01-17 19:02:06 - [MESSAGE][PASSED] - Object: 'Object Repository/Page_Element  Tr Cao Thin/div_Tr Cao Thin_mx_AccessibleButton mx_Room_93b1eb' is clicked on

2022-01-17 19:02:06 - [TEST_STEP][PASSED] - setText(findTestObject("Object Repository/Page_Element  Tr Cao Thin/input_All Rooms_focus-visible"), "ABC"): Text 'ABC' is set on object 'Object Repository/Page_Element  Tr Cao Thin/input_All Rooms_focus-visible'

2022-01-17 19:02:09 - [MESSAGE][PASSED] - Text 'ABC' is set on object 'Object Repository/Page_Element  Tr Cao Thin/input_All Rooms_focus-visible'

2022-01-17 19:02:09 - [TEST_STEP][PASSED] - sendKeys(findTestObject("Object Repository/Page_Element  Tr Cao Thin/input_All Rooms_focus-visible"), Keys.chord(ENTER)): Keys 'ENTER + ' sent to object: 'Object Repository/Page_Element  Tr Cao Thin/input_All Rooms_focus-visible'

2022-01-17 19:02:10 - [MESSAGE][PASSED] - Keys 'ENTER + ' sent to object: 'Object Repository/Page_Element  Tr Cao Thin/input_All Rooms_focus-visible'

2022-01-17 19:02:10 - [TEST_STEP][PASSED] - closeBrowser(): Browser is closed

2022-01-17 19:02:11 - [MESSAGE][PASSED] - Browser is closed]]></system-out>
         <system-err><![CDATA[]]></system-err>
      </testcase>
      <testcase name="Test Cases/62.SignInWithoutVerify" time="26.547" classname="Test Cases/62.SignInWithoutVerify" status="PASSED">
         <system-out><![CDATA[2022-01-17 19:02:11 - [TEST_CASE][PASSED] - Test Cases/62.SignInWithoutVerify: Test Cases/62.SignInWithoutVerify

2022-01-17 19:02:11 - [TEST_STEP][PASSED] - openBrowser(""): Browser is opened with url: ''

2022-01-17 19:02:11 - [MESSAGE][INFO] - Starting 'Chrome' driver

2022-01-17 19:02:11 - [MESSAGE][INFO] - Action delay is set to 1,000 milliseconds

2022-01-17 19:02:13 - [MESSAGE][PASSED] - Browser is opened with url: ''

2022-01-17 19:02:13 - [TEST_STEP][PASSED] - navigateToUrl("http://localhost:8080/"): Navigate to 'http://localhost:8080/' successfully

2022-01-17 19:02:15 - [MESSAGE][PASSED] - Navigate to 'http://localhost:8080/' successfully

2022-01-17 19:02:15 - [TEST_STEP][PASSED] - click(findTestObject("Object Repository/Page_Element/div_Sign In")): Object: 'Object Repository/Page_Element/div_Sign In' is clicked on

2022-01-17 19:02:19 - [MESSAGE][PASSED] - Object: 'Object Repository/Page_Element/div_Sign In' is clicked on

2022-01-17 19:02:19 - [TEST_STEP][PASSED] - setText(findTestObject("Object Repository/Page_Element/input_Sign in with_username"), "ptnha19"): Text 'ptnha19' is set on object 'Object Repository/Page_Element/input_Sign in with_username'

2022-01-17 19:02:23 - [MESSAGE][PASSED] - Text 'ptnha19' is set on object 'Object Repository/Page_Element/input_Sign in with_username'

2022-01-17 19:02:23 - [TEST_STEP][PASSED] - setEncryptedText(findTestObject("Object Repository/Page_Element/input_Username_password"), "5R3Ima4A+eOeCrCDRGMLmJpaGR3V3+YI"): Text ****** has been set on object 'Object Repository/Page_Element/input_Username_password'

2022-01-17 19:02:25 - [MESSAGE][PASSED] - Text ****** has been set on object 'Object Repository/Page_Element/input_Username_password'

2022-01-17 19:02:25 - [TEST_STEP][PASSED] - click(findTestObject("Object Repository/Page_Element/input_Forgot password_mx_Login_submit")): Object: 'Object Repository/Page_Element/input_Forgot password_mx_Login_submit' is clicked on

2022-01-17 19:02:26 - [MESSAGE][PASSED] - Object: 'Object Repository/Page_Element/input_Forgot password_mx_Login_submit' is clicked on

2022-01-17 19:02:26 - [TEST_STEP][PASSED] - click(findTestObject("Object Repository/Page_Element/div_Verify with Security Key")): Object: 'Object Repository/Page_Element/div_Verify with Security Key' is clicked on

2022-01-17 19:02:32 - [MESSAGE][PASSED] - Object: 'Object Repository/Page_Element/div_Verify with Security Key' is clicked on

2022-01-17 19:02:32 - [TEST_STEP][PASSED] - click(findTestObject("Object Repository/Page_Element/button_Go Back")): Object: 'Object Repository/Page_Element/button_Go Back' is clicked on

2022-01-17 19:02:33 - [MESSAGE][PASSED] - Object: 'Object Repository/Page_Element/button_Go Back' is clicked on

2022-01-17 19:02:33 - [TEST_STEP][PASSED] - click(findTestObject("Object Repository/Page_Element/div_Verify this device_mx_AccessibleButton _90ce45")): Object: 'Object Repository/Page_Element/div_Verify this device_mx_AccessibleButton _90ce45' is clicked on

2022-01-17 19:02:34 - [MESSAGE][PASSED] - Object: 'Object Repository/Page_Element/div_Verify this device_mx_AccessibleButton _90ce45' is clicked on

2022-01-17 19:02:34 - [TEST_STEP][PASSED] - click(findTestObject("Object Repository/Page_Element/div_Ill verify later")): Object: 'Object Repository/Page_Element/div_Ill verify later' is clicked on

2022-01-17 19:02:36 - [MESSAGE][PASSED] - Object: 'Object Repository/Page_Element/div_Ill verify later' is clicked on

2022-01-17 19:02:36 - [TEST_STEP][PASSED] - click(findTestObject("Object Repository/Page_Element/img_Verify_mx_BaseAvatar_image")): Object: 'Object Repository/Page_Element/img_Verify_mx_BaseAvatar_image' is clicked on

2022-01-17 19:02:37 - [MESSAGE][PASSED] - Object: 'Object Repository/Page_Element/img_Verify_mx_BaseAvatar_image' is clicked on

2022-01-17 19:02:37 - [TEST_STEP][PASSED] - closeBrowser(): Browser is closed

2022-01-17 19:02:38 - [MESSAGE][PASSED] - Browser is closed]]></system-out>
         <system-err><![CDATA[]]></system-err>
      </testcase>
      <testcase name="Test Cases/63.ServerOptions" time="31.924" classname="Test Cases/63.ServerOptions" status="PASSED">
         <system-out><![CDATA[2022-01-17 19:02:38 - [TEST_CASE][PASSED] - Test Cases/63.ServerOptions: Test Cases/63.ServerOptions

2022-01-17 19:02:38 - [TEST_STEP][PASSED] - openBrowser(""): Browser is opened with url: ''

2022-01-17 19:02:38 - [MESSAGE][INFO] - Starting 'Chrome' driver

2022-01-17 19:02:38 - [MESSAGE][INFO] - Action delay is set to 1,000 milliseconds

2022-01-17 19:02:39 - [MESSAGE][PASSED] - Browser is opened with url: ''

2022-01-17 19:02:39 - [TEST_STEP][PASSED] - navigateToUrl("http://localhost:8080/"): Navigate to 'http://localhost:8080/' successfully

2022-01-17 19:02:42 - [MESSAGE][PASSED] - Navigate to 'http://localhost:8080/' successfully

2022-01-17 19:02:42 - [TEST_STEP][PASSED] - click(findTestObject("Object Repository/Page_Element/div_Sign In")): Object: 'Object Repository/Page_Element/div_Sign In' is clicked on

2022-01-17 19:02:45 - [MESSAGE][PASSED] - Object: 'Object Repository/Page_Element/div_Sign In' is clicked on

2022-01-17 19:02:45 - [TEST_STEP][PASSED] - click(findTestObject("Object Repository/Page_Element/div_Homeserver_mx_AccessibleButton mx_Serve_8ed01c")): Object: 'Object Repository/Page_Element/div_Homeserver_mx_AccessibleButton mx_Serve_8ed01c' is clicked on

2022-01-17 19:02:46 - [MESSAGE][PASSED] - Object: 'Object Repository/Page_Element/div_Homeserver_mx_AccessibleButton mx_Serve_8ed01c' is clicked on

2022-01-17 19:02:46 - [TEST_STEP][PASSED] - click(findTestObject("Object Repository/Page_Element/button_Dismiss")): Object: 'Object Repository/Page_Element/button_Dismiss' is clicked on

2022-01-17 19:02:48 - [MESSAGE][PASSED] - Object: 'Object Repository/Page_Element/button_Dismiss' is clicked on

2022-01-17 19:02:48 - [TEST_STEP][PASSED] - setText(findTestObject("Object Repository/Page_Element/input_Sign in with_username"), "ptnha19"): Text 'ptnha19' is set on object 'Object Repository/Page_Element/input_Sign in with_username'

2022-01-17 19:02:50 - [MESSAGE][PASSED] - Text 'ptnha19' is set on object 'Object Repository/Page_Element/input_Sign in with_username'

2022-01-17 19:02:50 - [TEST_STEP][PASSED] - setEncryptedText(findTestObject("Object Repository/Page_Element/input_Username_password"), "5R3Ima4A+eOeCrCDRGMLmJpaGR3V3+YI"): Text ****** has been set on object 'Object Repository/Page_Element/input_Username_password'

2022-01-17 19:02:52 - [MESSAGE][PASSED] - Text ****** has been set on object 'Object Repository/Page_Element/input_Username_password'

2022-01-17 19:02:52 - [TEST_STEP][PASSED] - click(findTestObject("Object Repository/Page_Element/input_Forgot password_mx_Login_submit")): Object: 'Object Repository/Page_Element/input_Forgot password_mx_Login_submit' is clicked on

2022-01-17 19:02:53 - [MESSAGE][PASSED] - Object: 'Object Repository/Page_Element/input_Forgot password_mx_Login_submit' is clicked on

2022-01-17 19:02:53 - [TEST_STEP][PASSED] - click(findTestObject("Object Repository/Page_Element/div_Verify with Security Key")): Object: 'Object Repository/Page_Element/div_Verify with Security Key' is clicked on

2022-01-17 19:03:02 - [MESSAGE][PASSED] - Object: 'Object Repository/Page_Element/div_Verify with Security Key' is clicked on

2022-01-17 19:03:02 - [TEST_STEP][PASSED] - setEncryptedText(findTestObject("Object Repository/Page_Element/input_Security Key_mx_Field_4"), "PF4jXtbe/5x5+S5PgN4Kl/QbANAkWZYKqKaG9gW6gn+Po31AOnak0DX8GoEzAUkskgpeON1UhfEqZG0XXngJPA=="): Text ****** has been set on object 'Object Repository/Page_Element/input_Security Key_mx_Field_4'

2022-01-17 19:03:04 - [MESSAGE][PASSED] - Text ****** has been set on object 'Object Repository/Page_Element/input_Security Key_mx_Field_4'

2022-01-17 19:03:04 - [TEST_STEP][PASSED] - click(findTestObject("Object Repository/Page_Element/button_Continue")): Object: 'Object Repository/Page_Element/button_Continue' is clicked on

2022-01-17 19:03:06 - [MESSAGE][PASSED] - Object: 'Object Repository/Page_Element/button_Continue' is clicked on

2022-01-17 19:03:06 - [TEST_STEP][PASSED] - click(findTestObject("Object Repository/Page_Element/div_Done")): Object: 'Object Repository/Page_Element/div_Done' is clicked on

2022-01-17 19:03:08 - [MESSAGE][PASSED] - Object: 'Object Repository/Page_Element/div_Done' is clicked on

2022-01-17 19:03:08 - [TEST_STEP][PASSED] - click(findTestObject("Object Repository/Page_Element/img_Review_mx_BaseAvatar_image")): Object: 'Object Repository/Page_Element/img_Review_mx_BaseAvatar_image' is clicked on

2022-01-17 19:03:09 - [MESSAGE][PASSED] - Object: 'Object Repository/Page_Element/img_Review_mx_BaseAvatar_image' is clicked on

2022-01-17 19:03:09 - [TEST_STEP][PASSED] - closeBrowser(): Browser is closed

2022-01-17 19:03:10 - [MESSAGE][PASSED] - Browser is closed]]></system-out>
         <system-err><![CDATA[]]></system-err>
      </testcase>
      <testcase name="Test Cases/65.UploadSecurityKey" time="25.342" classname="Test Cases/65.UploadSecurityKey" status="PASSED">
         <system-out><![CDATA[2022-01-17 19:03:10 - [TEST_CASE][PASSED] - Test Cases/65.UploadSecurityKey: Test Cases/65.UploadSecurityKey

2022-01-17 19:03:10 - [TEST_STEP][PASSED] - openBrowser(""): Browser is opened with url: ''

2022-01-17 19:03:10 - [MESSAGE][INFO] - Starting 'Chrome' driver

2022-01-17 19:03:10 - [MESSAGE][INFO] - Action delay is set to 1,000 milliseconds

2022-01-17 19:03:11 - [MESSAGE][PASSED] - Browser is opened with url: ''

2022-01-17 19:03:11 - [TEST_STEP][PASSED] - navigateToUrl("http://localhost:8080/"): Navigate to 'http://localhost:8080/' successfully

2022-01-17 19:03:14 - [MESSAGE][PASSED] - Navigate to 'http://localhost:8080/' successfully

2022-01-17 19:03:14 - [TEST_STEP][PASSED] - click(findTestObject("Object Repository/Page_Element/div_Sign In")): Object: 'Object Repository/Page_Element/div_Sign In' is clicked on

2022-01-17 19:03:17 - [MESSAGE][PASSED] - Object: 'Object Repository/Page_Element/div_Sign In' is clicked on

2022-01-17 19:03:17 - [TEST_STEP][PASSED] - setText(findTestObject("Object Repository/Page_Element/input_Sign in with_username"), "ptnha19"): Text 'ptnha19' is set on object 'Object Repository/Page_Element/input_Sign in with_username'

2022-01-17 19:03:21 - [MESSAGE][PASSED] - Text 'ptnha19' is set on object 'Object Repository/Page_Element/input_Sign in with_username'

2022-01-17 19:03:21 - [TEST_STEP][PASSED] - setEncryptedText(findTestObject("Object Repository/Page_Element/input_Username_password"), "5R3Ima4A+eOeCrCDRGMLmJpaGR3V3+YI"): Text ****** has been set on object 'Object Repository/Page_Element/input_Username_password'

2022-01-17 19:03:23 - [MESSAGE][PASSED] - Text ****** has been set on object 'Object Repository/Page_Element/input_Username_password'

2022-01-17 19:03:23 - [TEST_STEP][PASSED] - click(findTestObject("Object Repository/Page_Element/input_Forgot password_mx_Login_submit")): Object: 'Object Repository/Page_Element/input_Forgot password_mx_Login_submit' is clicked on

2022-01-17 19:03:24 - [MESSAGE][PASSED] - Object: 'Object Repository/Page_Element/input_Forgot password_mx_Login_submit' is clicked on

2022-01-17 19:03:24 - [TEST_STEP][PASSED] - click(findTestObject("Object Repository/Page_Element/div_Verify with Security Key")): Object: 'Object Repository/Page_Element/div_Verify with Security Key' is clicked on

2022-01-17 19:03:32 - [MESSAGE][PASSED] - Object: 'Object Repository/Page_Element/div_Verify with Security Key' is clicked on

2022-01-17 19:03:32 - [TEST_STEP][PASSED] - click(findTestObject("Object Repository/Page_Element/div_Upload")): Object: 'Object Repository/Page_Element/div_Upload' is clicked on

2022-01-17 19:03:34 - [MESSAGE][PASSED] - Object: 'Object Repository/Page_Element/div_Upload' is clicked on

2022-01-17 19:03:34 - [TEST_STEP][PASSED] - closeBrowser(): Browser is closed

2022-01-17 19:03:35 - [MESSAGE][PASSED] - Browser is closed]]></system-out>
         <system-err><![CDATA[]]></system-err>
      </testcase>
      <testcase name="Test Cases/67.ExpandSpaceBar" time="30.749" classname="Test Cases/67.ExpandSpaceBar" status="PASSED">
         <system-out><![CDATA[2022-01-17 19:03:35 - [TEST_CASE][PASSED] - Test Cases/67.ExpandSpaceBar: Test Cases/67.ExpandSpaceBar

2022-01-17 19:03:35 - [TEST_STEP][PASSED] - openBrowser(""): Browser is opened with url: ''

2022-01-17 19:03:35 - [MESSAGE][INFO] - Starting 'Chrome' driver

2022-01-17 19:03:35 - [MESSAGE][INFO] - Action delay is set to 1,000 milliseconds

2022-01-17 19:03:36 - [MESSAGE][PASSED] - Browser is opened with url: ''

2022-01-17 19:03:36 - [TEST_STEP][PASSED] - navigateToUrl("http://localhost:8080/"): Navigate to 'http://localhost:8080/' successfully

2022-01-17 19:03:39 - [MESSAGE][PASSED] - Navigate to 'http://localhost:8080/' successfully

2022-01-17 19:03:39 - [TEST_STEP][PASSED] - click(findTestObject("Object Repository/Page_Element/div_Sign In")): Object: 'Object Repository/Page_Element/div_Sign In' is clicked on

2022-01-17 19:03:42 - [MESSAGE][PASSED] - Object: 'Object Repository/Page_Element/div_Sign In' is clicked on

2022-01-17 19:03:42 - [TEST_STEP][PASSED] - setText(findTestObject("Object Repository/Page_Element/input_Sign in with_username"), "ptnha19"): Text 'ptnha19' is set on object 'Object Repository/Page_Element/input_Sign in with_username'

2022-01-17 19:03:46 - [MESSAGE][PASSED] - Text 'ptnha19' is set on object 'Object Repository/Page_Element/input_Sign in with_username'

2022-01-17 19:03:46 - [TEST_STEP][PASSED] - setEncryptedText(findTestObject("Object Repository/Page_Element/input_Username_password"), "5R3Ima4A+eOeCrCDRGMLmJpaGR3V3+YI"): Text ****** has been set on object 'Object Repository/Page_Element/input_Username_password'

2022-01-17 19:03:48 - [MESSAGE][PASSED] - Text ****** has been set on object 'Object Repository/Page_Element/input_Username_password'

2022-01-17 19:03:48 - [TEST_STEP][PASSED] - click(findTestObject("Object Repository/Page_Element/input_Forgot password_mx_Login_submit")): Object: 'Object Repository/Page_Element/input_Forgot password_mx_Login_submit' is clicked on

2022-01-17 19:03:49 - [MESSAGE][PASSED] - Object: 'Object Repository/Page_Element/input_Forgot password_mx_Login_submit' is clicked on

2022-01-17 19:03:49 - [TEST_STEP][PASSED] - click(findTestObject("Object Repository/Page_Element/div_Verify with Security Key")): Object: 'Object Repository/Page_Element/div_Verify with Security Key' is clicked on

2022-01-17 19:03:55 - [MESSAGE][PASSED] - Object: 'Object Repository/Page_Element/div_Verify with Security Key' is clicked on

2022-01-17 19:03:55 - [TEST_STEP][PASSED] - setEncryptedText(findTestObject("Object Repository/Page_Element/input_Security Key_mx_Field_4"), "PF4jXtbe/5x5+S5PgN4Kl/QbANAkWZYKqKaG9gW6gn+Po31AOnak0DX8GoEzAUkskgpeON1UhfEqZG0XXngJPA=="): Text ****** has been set on object 'Object Repository/Page_Element/input_Security Key_mx_Field_4'

2022-01-17 19:03:59 - [MESSAGE][PASSED] - Text ****** has been set on object 'Object Repository/Page_Element/input_Security Key_mx_Field_4'

2022-01-17 19:03:59 - [TEST_STEP][PASSED] - click(findTestObject("Object Repository/Page_Element/button_Continue")): Object: 'Object Repository/Page_Element/button_Continue' is clicked on

2022-01-17 19:04:00 - [MESSAGE][PASSED] - Object: 'Object Repository/Page_Element/button_Continue' is clicked on

2022-01-17 19:04:00 - [TEST_STEP][PASSED] - click(findTestObject("Object Repository/Page_Element/div_Done")): Object: 'Object Repository/Page_Element/div_Done' is clicked on

2022-01-17 19:04:02 - [MESSAGE][PASSED] - Object: 'Object Repository/Page_Element/div_Done' is clicked on

2022-01-17 19:04:02 - [TEST_STEP][PASSED] - click(findTestObject("Object Repository/Page_Element/div_Review_mx_AccessibleButton mx_SpacePane_f02940")): Object: 'Object Repository/Page_Element/div_Review_mx_AccessibleButton mx_SpacePane_f02940' is clicked on

2022-01-17 19:04:04 - [MESSAGE][PASSED] - Object: 'Object Repository/Page_Element/div_Review_mx_AccessibleButton mx_SpacePane_f02940' is clicked on

2022-01-17 19:04:04 - [TEST_STEP][PASSED] - click(findTestObject("Object Repository/Page_Element/span_H")): Object: 'Object Repository/Page_Element/span_H' is clicked on

2022-01-17 19:04:05 - [MESSAGE][PASSED] - Object: 'Object Repository/Page_Element/span_H' is clicked on

2022-01-17 19:04:05 - [TEST_STEP][PASSED] - closeBrowser(): Browser is closed

2022-01-17 19:04:06 - [MESSAGE][PASSED] - Browser is closed]]></system-out>
         <system-err><![CDATA[]]></system-err>
      </testcase>
      <testcase name="Test Cases/71.SpaceSetting" time="33.533" classname="Test Cases/71.SpaceSetting" status="PASSED">
         <system-out><![CDATA[2022-01-17 19:04:06 - [TEST_CASE][PASSED] - Test Cases/71.SpaceSetting: Test Cases/71.SpaceSetting

2022-01-17 19:04:06 - [TEST_STEP][PASSED] - openBrowser(""): Browser is opened with url: ''

2022-01-17 19:04:06 - [MESSAGE][INFO] - Starting 'Chrome' driver

2022-01-17 19:04:06 - [MESSAGE][INFO] - Action delay is set to 1,000 milliseconds

2022-01-17 19:04:07 - [MESSAGE][PASSED] - Browser is opened with url: ''

2022-01-17 19:04:07 - [TEST_STEP][PASSED] - navigateToUrl("http://localhost:8080/"): Navigate to 'http://localhost:8080/' successfully

2022-01-17 19:04:10 - [MESSAGE][PASSED] - Navigate to 'http://localhost:8080/' successfully

2022-01-17 19:04:10 - [TEST_STEP][PASSED] - click(findTestObject("Object Repository/Page_Element/div_Sign In")): Object: 'Object Repository/Page_Element/div_Sign In' is clicked on

2022-01-17 19:04:13 - [MESSAGE][PASSED] - Object: 'Object Repository/Page_Element/div_Sign In' is clicked on

2022-01-17 19:04:13 - [TEST_STEP][PASSED] - setText(findTestObject("Object Repository/Page_Element/input_Sign in with_username"), "ptnha19"): Text 'ptnha19' is set on object 'Object Repository/Page_Element/input_Sign in with_username'

2022-01-17 19:04:17 - [MESSAGE][PASSED] - Text 'ptnha19' is set on object 'Object Repository/Page_Element/input_Sign in with_username'

2022-01-17 19:04:17 - [TEST_STEP][PASSED] - setEncryptedText(findTestObject("Object Repository/Page_Element/input_Username_password"), "5R3Ima4A+eOeCrCDRGMLmJpaGR3V3+YI"): Text ****** has been set on object 'Object Repository/Page_Element/input_Username_password'

2022-01-17 19:04:19 - [MESSAGE][PASSED] - Text ****** has been set on object 'Object Repository/Page_Element/input_Username_password'

2022-01-17 19:04:19 - [TEST_STEP][PASSED] - click(findTestObject("Object Repository/Page_Element/input_Forgot password_mx_Login_submit")): Object: 'Object Repository/Page_Element/input_Forgot password_mx_Login_submit' is clicked on

2022-01-17 19:04:20 - [MESSAGE][PASSED] - Object: 'Object Repository/Page_Element/input_Forgot password_mx_Login_submit' is clicked on

2022-01-17 19:04:20 - [TEST_STEP][PASSED] - click(findTestObject("Object Repository/Page_Element/div_Verify with Security Key")): Object: 'Object Repository/Page_Element/div_Verify with Security Key' is clicked on

2022-01-17 19:04:27 - [MESSAGE][PASSED] - Object: 'Object Repository/Page_Element/div_Verify with Security Key' is clicked on

2022-01-17 19:04:27 - [TEST_STEP][PASSED] - setEncryptedText(findTestObject("Object Repository/Page_Element/input_Security Key_mx_Field_4"), "PF4jXtbe/5x5+S5PgN4Kl/QbANAkWZYKqKaG9gW6gn+Po31AOnak0DX8GoEzAUkskgpeON1UhfEqZG0XXngJPA=="): Text ****** has been set on object 'Object Repository/Page_Element/input_Security Key_mx_Field_4'

2022-01-17 19:04:30 - [MESSAGE][PASSED] - Text ****** has been set on object 'Object Repository/Page_Element/input_Security Key_mx_Field_4'

2022-01-17 19:04:30 - [TEST_STEP][PASSED] - click(findTestObject("Object Repository/Page_Element/button_Continue")): Object: 'Object Repository/Page_Element/button_Continue' is clicked on

2022-01-17 19:04:31 - [MESSAGE][PASSED] - Object: 'Object Repository/Page_Element/button_Continue' is clicked on

2022-01-17 19:04:31 - [TEST_STEP][PASSED] - click(findTestObject("Object Repository/Page_Element/div_Done")): Object: 'Object Repository/Page_Element/div_Done' is clicked on

2022-01-17 19:04:34 - [MESSAGE][PASSED] - Object: 'Object Repository/Page_Element/div_Done' is clicked on

2022-01-17 19:04:34 - [TEST_STEP][PASSED] - click(findTestObject("Object Repository/Page_Element/div_Review_mx_AccessibleButton mx_SpacePane_f02940")): Object: 'Object Repository/Page_Element/div_Review_mx_AccessibleButton mx_SpacePane_f02940' is clicked on

2022-01-17 19:04:35 - [MESSAGE][PASSED] - Object: 'Object Repository/Page_Element/div_Review_mx_AccessibleButton mx_SpacePane_f02940' is clicked on

2022-01-17 19:04:35 - [TEST_STEP][PASSED] - click(findTestObject("Object Repository/Page_Element/span_hey ban Khoa")): Object: 'Object Repository/Page_Element/span_hey ban Khoa' is clicked on

2022-01-17 19:04:36 - [MESSAGE][PASSED] - Object: 'Object Repository/Page_Element/span_hey ban Khoa' is clicked on

2022-01-17 19:04:36 - [TEST_STEP][PASSED] - click(findTestObject("Object Repository/Page_Element  hey ban Khoa/div_Invite_mx_AccessibleButton mx_SpaceRoom_87964d")): Object: 'Object Repository/Page_Element  hey ban Khoa/div_Invite_mx_AccessibleButton mx_SpaceRoom_87964d' is clicked on

2022-01-17 19:04:37 - [MESSAGE][PASSED] - Object: 'Object Repository/Page_Element  hey ban Khoa/div_Invite_mx_AccessibleButton mx_SpaceRoom_87964d' is clicked on

2022-01-17 19:04:37 - [TEST_STEP][PASSED] - click(findTestObject("Object Repository/Page_Element  hey ban Khoa/span_Visibility")): Object: 'Object Repository/Page_Element  hey ban Khoa/span_Visibility' is clicked on

2022-01-17 19:04:38 - [MESSAGE][PASSED] - Object: 'Object Repository/Page_Element  hey ban Khoa/span_Visibility' is clicked on

2022-01-17 19:04:38 - [TEST_STEP][PASSED] - closeBrowser(): Browser is closed

2022-01-17 19:04:39 - [MESSAGE][PASSED] - Browser is closed]]></system-out>
         <system-err><![CDATA[]]></system-err>
      </testcase>
      <testcase name="Test Cases/73.InviteToSpacec" time="32.049" classname="Test Cases/73.InviteToSpacec" status="PASSED">
         <system-out><![CDATA[2022-01-17 19:04:39 - [TEST_CASE][PASSED] - Test Cases/73.InviteToSpacec: Test Cases/73.InviteToSpacec

2022-01-17 19:04:39 - [TEST_STEP][PASSED] - openBrowser(""): Browser is opened with url: ''

2022-01-17 19:04:39 - [MESSAGE][INFO] - Starting 'Chrome' driver

2022-01-17 19:04:39 - [MESSAGE][INFO] - Action delay is set to 1,000 milliseconds

2022-01-17 19:04:41 - [MESSAGE][PASSED] - Browser is opened with url: ''

2022-01-17 19:04:41 - [TEST_STEP][PASSED] - navigateToUrl("http://localhost:8080/"): Navigate to 'http://localhost:8080/' successfully

2022-01-17 19:04:43 - [MESSAGE][PASSED] - Navigate to 'http://localhost:8080/' successfully

2022-01-17 19:04:43 - [TEST_STEP][PASSED] - click(findTestObject("Object Repository/Page_Element/div_Sign In")): Object: 'Object Repository/Page_Element/div_Sign In' is clicked on

2022-01-17 19:04:47 - [MESSAGE][PASSED] - Object: 'Object Repository/Page_Element/div_Sign In' is clicked on

2022-01-17 19:04:47 - [TEST_STEP][PASSED] - setText(findTestObject("Object Repository/Page_Element/input_Sign in with_username"), "ptnha19"): Text 'ptnha19' is set on object 'Object Repository/Page_Element/input_Sign in with_username'

2022-01-17 19:04:51 - [MESSAGE][PASSED] - Text 'ptnha19' is set on object 'Object Repository/Page_Element/input_Sign in with_username'

2022-01-17 19:04:51 - [TEST_STEP][PASSED] - setEncryptedText(findTestObject("Object Repository/Page_Element/input_Username_password"), "5R3Ima4A+eOeCrCDRGMLmJpaGR3V3+YI"): Text ****** has been set on object 'Object Repository/Page_Element/input_Username_password'

2022-01-17 19:04:53 - [MESSAGE][PASSED] - Text ****** has been set on object 'Object Repository/Page_Element/input_Username_password'

2022-01-17 19:04:53 - [TEST_STEP][PASSED] - click(findTestObject("Object Repository/Page_Element/input_Forgot password_mx_Login_submit")): Object: 'Object Repository/Page_Element/input_Forgot password_mx_Login_submit' is clicked on

2022-01-17 19:04:54 - [MESSAGE][PASSED] - Object: 'Object Repository/Page_Element/input_Forgot password_mx_Login_submit' is clicked on

2022-01-17 19:04:54 - [TEST_STEP][PASSED] - click(findTestObject("Object Repository/Page_Element/div_Verify with Security Key")): Object: 'Object Repository/Page_Element/div_Verify with Security Key' is clicked on

2022-01-17 19:05:00 - [MESSAGE][PASSED] - Object: 'Object Repository/Page_Element/div_Verify with Security Key' is clicked on

2022-01-17 19:05:00 - [TEST_STEP][PASSED] - click(findTestObject("Object Repository/Page_Element/button_Go Back")): Object: 'Object Repository/Page_Element/button_Go Back' is clicked on

2022-01-17 19:05:02 - [MESSAGE][PASSED] - Object: 'Object Repository/Page_Element/button_Go Back' is clicked on

2022-01-17 19:05:02 - [TEST_STEP][PASSED] - click(findTestObject("Object Repository/Page_Element/div_Verify this device_mx_AccessibleButton _90ce45")): Object: 'Object Repository/Page_Element/div_Verify this device_mx_AccessibleButton _90ce45' is clicked on

2022-01-17 19:05:03 - [MESSAGE][PASSED] - Object: 'Object Repository/Page_Element/div_Verify this device_mx_AccessibleButton _90ce45' is clicked on

2022-01-17 19:05:03 - [TEST_STEP][PASSED] - click(findTestObject("Object Repository/Page_Element/div_Ill verify later")): Object: 'Object Repository/Page_Element/div_Ill verify later' is clicked on

2022-01-17 19:05:04 - [MESSAGE][PASSED] - Object: 'Object Repository/Page_Element/div_Ill verify later' is clicked on

2022-01-17 19:05:04 - [TEST_STEP][PASSED] - click(findTestObject("Object Repository/Page_Element/span_H")): Object: 'Object Repository/Page_Element/span_H' is clicked on

2022-01-17 19:05:06 - [MESSAGE][PASSED] - Object: 'Object Repository/Page_Element/span_H' is clicked on

2022-01-17 19:05:06 - [TEST_STEP][PASSED] - click(findTestObject("Object Repository/Page_Element  hey ban Khoa/div_Invite")): Object: 'Object Repository/Page_Element  hey ban Khoa/div_Invite' is clicked on

2022-01-17 19:05:07 - [MESSAGE][PASSED] - Object: 'Object Repository/Page_Element  hey ban Khoa/div_Invite' is clicked on

2022-01-17 19:05:07 - [TEST_STEP][PASSED] - click(findTestObject("Object Repository/Page_Element  hey ban Khoa/div_Vvntuan13579vntuan13579matrix.org7 days ago")): Object: 'Object Repository/Page_Element  hey ban Khoa/div_Vvntuan13579vntuan13579matrix.org7 days ago' is clicked on

2022-01-17 19:05:08 - [MESSAGE][PASSED] - Object: 'Object Repository/Page_Element  hey ban Khoa/div_Vvntuan13579vntuan13579matrix.org7 days ago' is clicked on

2022-01-17 19:05:08 - [TEST_STEP][PASSED] - click(findTestObject("Object Repository/Page_Element  hey ban Khoa/div_vntuan13579_mx_AccessibleButton mx_Invi_91ef3a")): Object: 'Object Repository/Page_Element  hey ban Khoa/div_vntuan13579_mx_AccessibleButton mx_Invi_91ef3a' is clicked on

2022-01-17 19:05:09 - [MESSAGE][PASSED] - Object: 'Object Repository/Page_Element  hey ban Khoa/div_vntuan13579_mx_AccessibleButton mx_Invi_91ef3a' is clicked on

2022-01-17 19:05:09 - [TEST_STEP][PASSED] - click(findTestObject("Object Repository/Page_Element  hey ban Khoa/div_Invite to hey ban Khoa_mx_AccessibleBut_34124f")): Object: 'Object Repository/Page_Element  hey ban Khoa/div_Invite to hey ban Khoa_mx_AccessibleBut_34124f' is clicked on

2022-01-17 19:05:10 - [MESSAGE][PASSED] - Object: 'Object Repository/Page_Element  hey ban Khoa/div_Invite to hey ban Khoa_mx_AccessibleBut_34124f' is clicked on

2022-01-17 19:05:10 - [TEST_STEP][PASSED] - closeBrowser(): Browser is closed

2022-01-17 19:05:11 - [MESSAGE][PASSED] - Browser is closed]]></system-out>
         <system-err><![CDATA[]]></system-err>
      </testcase>
      <testcase name="Test Cases/76.AddInvalidPhoneNumber" time="68.98" classname="Test Cases/76.AddInvalidPhoneNumber" status="FAILED">
         <failure type="FAILED" message="Test Cases/76.AddInvalidPhoneNumber FAILED.
Reason:
com.kms.katalon.core.exception.StepFailedException: Unable to click on object 'Object Repository/Page_Element/button_OK'
	at com.kms.katalon.core.webui.keyword.internal.WebUIKeywordMain.stepFailed(WebUIKeywordMain.groovy:64)
	at com.kms.katalon.core.webui.keyword.internal.WebUIKeywordMain.runKeyword(WebUIKeywordMain.groovy:26)
	at com.kms.katalon.core.webui.keyword.builtin.ClickKeyword.click(ClickKeyword.groovy:74)
	at com.kms.katalon.core.webui.keyword.builtin.ClickKeyword.execute(ClickKeyword.groovy:40)
	at com.kms.katalon.core.keyword.internal.KeywordExecutor.executeKeywordForPlatform(KeywordExecutor.groovy:74)
	at com.kms.katalon.core.webui.keyword.WebUiBuiltInKeywords.click(WebUiBuiltInKeywords.groovy:620)
	at com.kms.katalon.core.webui.keyword.WebUiBuiltInKeywords$click$1.call(Unknown Source)
	at 76.AddInvalidPhoneNumber.run(76.AddInvalidPhoneNumber:48)
	at com.kms.katalon.core.main.ScriptEngine.run(ScriptEngine.java:194)
	at com.kms.katalon.core.main.ScriptEngine.runScriptAsRawText(ScriptEngine.java:119)
	at com.kms.katalon.core.main.TestCaseExecutor.runScript(TestCaseExecutor.java:442)
	at com.kms.katalon.core.main.TestCaseExecutor.doExecute(TestCaseExecutor.java:433)
	at com.kms.katalon.core.main.TestCaseExecutor.processExecutionPhase(TestCaseExecutor.java:412)
	at com.kms.katalon.core.main.TestCaseExecutor.accessMainPhase(TestCaseExecutor.java:404)
	at com.kms.katalon.core.main.TestCaseExecutor.execute(TestCaseExecutor.java:281)
	at com.kms.katalon.core.main.TestSuiteExecutor.accessTestCaseMainPhase(TestSuiteExecutor.java:202)
	at com.kms.katalon.core.main.TestSuiteExecutor.accessTestSuiteMainPhase(TestSuiteExecutor.java:164)
	at com.kms.katalon.core.main.TestSuiteExecutor.execute(TestSuiteExecutor.java:105)
	at com.kms.katalon.core.main.TestCaseMain.startTestSuite(TestCaseMain.java:181)
	at com.kms.katalon.core.main.TestCaseMain$startTestSuite$0.call(Unknown Source)
	at TempTestSuite1642419492812.run(TempTestSuite1642419492812.groovy:36)
Caused by: com.kms.katalon.core.webui.exception.WebElementNotFoundException: Web element with id: 'Object Repository/Page_Element/button_OK' located by '//button[@type='button']' not found
	at com.kms.katalon.core.webui.common.WebUiCommonHelper.findWebElement(WebUiCommonHelper.java:1368)
	at com.kms.katalon.core.webui.keyword.internal.WebUIAbstractKeyword.findWebElement(WebUIAbstractKeyword.groovy:27)
	at com.kms.katalon.core.webui.keyword.builtin.ClickKeyword$_click_closure1.doCall(ClickKeyword.groovy:65)
	at com.kms.katalon.core.webui.keyword.builtin.ClickKeyword$_click_closure1.call(ClickKeyword.groovy)
	at com.kms.katalon.core.webui.keyword.internal.WebUIKeywordMain.runKeyword(WebUIKeywordMain.groovy:20)
	... 19 more
"/>
         <system-out><![CDATA[2022-01-17 19:05:11 - [TEST_CASE][FAILED] - Test Cases/76.AddInvalidPhoneNumber: Test Cases/76.AddInvalidPhoneNumber FAILED.
Reason:
com.kms.katalon.core.exception.StepFailedException: Unable to click on object 'Object Repository/Page_Element/button_OK'
	at com.kms.katalon.core.webui.keyword.internal.WebUIKeywordMain.stepFailed(WebUIKeywordMain.groovy:64)
	at com.kms.katalon.core.webui.keyword.internal.WebUIKeywordMain.runKeyword(WebUIKeywordMain.groovy:26)
	at com.kms.katalon.core.webui.keyword.builtin.ClickKeyword.click(ClickKeyword.groovy:74)
	at com.kms.katalon.core.webui.keyword.builtin.ClickKeyword.execute(ClickKeyword.groovy:40)
	at com.kms.katalon.core.keyword.internal.KeywordExecutor.executeKeywordForPlatform(KeywordExecutor.groovy:74)
	at com.kms.katalon.core.webui.keyword.WebUiBuiltInKeywords.click(WebUiBuiltInKeywords.groovy:620)
	at com.kms.katalon.core.webui.keyword.WebUiBuiltInKeywords$click$1.call(Unknown Source)
	at 76.AddInvalidPhoneNumber.run(76.AddInvalidPhoneNumber:48)
	at com.kms.katalon.core.main.ScriptEngine.run(ScriptEngine.java:194)
	at com.kms.katalon.core.main.ScriptEngine.runScriptAsRawText(ScriptEngine.java:119)
	at com.kms.katalon.core.main.TestCaseExecutor.runScript(TestCaseExecutor.java:442)
	at com.kms.katalon.core.main.TestCaseExecutor.doExecute(TestCaseExecutor.java:433)
	at com.kms.katalon.core.main.TestCaseExecutor.processExecutionPhase(TestCaseExecutor.java:412)
	at com.kms.katalon.core.main.TestCaseExecutor.accessMainPhase(TestCaseExecutor.java:404)
	at com.kms.katalon.core.main.TestCaseExecutor.execute(TestCaseExecutor.java:281)
	at com.kms.katalon.core.main.TestSuiteExecutor.accessTestCaseMainPhase(TestSuiteExecutor.java:202)
	at com.kms.katalon.core.main.TestSuiteExecutor.accessTestSuiteMainPhase(TestSuiteExecutor.java:164)
	at com.kms.katalon.core.main.TestSuiteExecutor.execute(TestSuiteExecutor.java:105)
	at com.kms.katalon.core.main.TestCaseMain.startTestSuite(TestCaseMain.java:181)
	at com.kms.katalon.core.main.TestCaseMain$startTestSuite$0.call(Unknown Source)
	at TempTestSuite1642419492812.run(TempTestSuite1642419492812.groovy:36)
Caused by: com.kms.katalon.core.webui.exception.WebElementNotFoundException: Web element with id: 'Object Repository/Page_Element/button_OK' located by '//button[@type='button']' not found
	at com.kms.katalon.core.webui.common.WebUiCommonHelper.findWebElement(WebUiCommonHelper.java:1368)
	at com.kms.katalon.core.webui.keyword.internal.WebUIAbstractKeyword.findWebElement(WebUIAbstractKeyword.groovy:27)
	at com.kms.katalon.core.webui.keyword.builtin.ClickKeyword$_click_closure1.doCall(ClickKeyword.groovy:65)
	at com.kms.katalon.core.webui.keyword.builtin.ClickKeyword$_click_closure1.call(ClickKeyword.groovy)
	at com.kms.katalon.core.webui.keyword.internal.WebUIKeywordMain.runKeyword(WebUIKeywordMain.groovy:20)
	... 19 more


2022-01-17 19:05:11 - [TEST_STEP][PASSED] - openBrowser(""): Browser is opened with url: ''

2022-01-17 19:05:11 - [MESSAGE][INFO] - Starting 'Chrome' driver

2022-01-17 19:05:11 - [MESSAGE][INFO] - Action delay is set to 1,000 milliseconds

2022-01-17 19:05:13 - [MESSAGE][PASSED] - Browser is opened with url: ''

2022-01-17 19:05:13 - [TEST_STEP][PASSED] - navigateToUrl("http://localhost:8080/"): Navigate to 'http://localhost:8080/' successfully

2022-01-17 19:05:15 - [MESSAGE][PASSED] - Navigate to 'http://localhost:8080/' successfully

2022-01-17 19:05:15 - [TEST_STEP][PASSED] - click(findTestObject("Object Repository/Page_Element/a_Sign In")): Object: 'Object Repository/Page_Element/a_Sign In' is clicked on

2022-01-17 19:05:18 - [MESSAGE][PASSED] - Object: 'Object Repository/Page_Element/a_Sign In' is clicked on

2022-01-17 19:05:18 - [TEST_STEP][PASSED] - setText(findTestObject("Object Repository/Page_Element/input_Sign in with_username"), "ptnha19"): Text 'ptnha19' is set on object 'Object Repository/Page_Element/input_Sign in with_username'

2022-01-17 19:05:22 - [MESSAGE][PASSED] - Text 'ptnha19' is set on object 'Object Repository/Page_Element/input_Sign in with_username'

2022-01-17 19:05:22 - [TEST_STEP][PASSED] - setEncryptedText(findTestObject("Object Repository/Page_Element/input_Username_password"), "5R3Ima4A+eOeCrCDRGMLmJpaGR3V3+YI"): Text ****** has been set on object 'Object Repository/Page_Element/input_Username_password'

2022-01-17 19:05:24 - [MESSAGE][PASSED] - Text ****** has been set on object 'Object Repository/Page_Element/input_Username_password'

2022-01-17 19:05:24 - [TEST_STEP][PASSED] - click(findTestObject("Object Repository/Page_Element/input_Forgot password_mx_Login_submit")): Object: 'Object Repository/Page_Element/input_Forgot password_mx_Login_submit' is clicked on

2022-01-17 19:05:25 - [MESSAGE][PASSED] - Object: 'Object Repository/Page_Element/input_Forgot password_mx_Login_submit' is clicked on

2022-01-17 19:05:25 - [TEST_STEP][PASSED] - click(findTestObject("Object Repository/Page_Element/div_Verify with Security Key")): Object: 'Object Repository/Page_Element/div_Verify with Security Key' is clicked on

2022-01-17 19:05:31 - [MESSAGE][PASSED] - Object: 'Object Repository/Page_Element/div_Verify with Security Key' is clicked on

2022-01-17 19:05:31 - [TEST_STEP][PASSED] - setEncryptedText(findTestObject("Object Repository/Page_Element/input_Security Key_mx_Field_4"), "PF4jXtbe/5x5+S5PgN4Kl/QbANAkWZYKqKaG9gW6gn+Po31AOnak0DX8GoEzAUkskgpeON1UhfEqZG0XXngJPA=="): Text ****** has been set on object 'Object Repository/Page_Element/input_Security Key_mx_Field_4'

2022-01-17 19:05:34 - [MESSAGE][PASSED] - Text ****** has been set on object 'Object Repository/Page_Element/input_Security Key_mx_Field_4'

2022-01-17 19:05:34 - [TEST_STEP][PASSED] - click(findTestObject("Object Repository/Page_Element/button_Continue")): Object: 'Object Repository/Page_Element/button_Continue' is clicked on

2022-01-17 19:05:35 - [MESSAGE][PASSED] - Object: 'Object Repository/Page_Element/button_Continue' is clicked on

2022-01-17 19:05:35 - [TEST_STEP][PASSED] - click(findTestObject("Object Repository/Page_Element/div_Done")): Object: 'Object Repository/Page_Element/div_Done' is clicked on

2022-01-17 19:05:38 - [MESSAGE][PASSED] - Object: 'Object Repository/Page_Element/div_Done' is clicked on

2022-01-17 19:05:38 - [TEST_STEP][PASSED] - click(findTestObject("Object Repository/Page_Element/img_Review_mx_BaseAvatar_image")): Object: 'Object Repository/Page_Element/img_Review_mx_BaseAvatar_image' is clicked on

2022-01-17 19:05:40 - [MESSAGE][PASSED] - Object: 'Object Repository/Page_Element/img_Review_mx_BaseAvatar_image' is clicked on

2022-01-17 19:05:40 - [TEST_STEP][PASSED] - click(findTestObject("Object Repository/Page_Element/span_All settings")): Object: 'Object Repository/Page_Element/span_All settings' is clicked on

2022-01-17 19:05:41 - [MESSAGE][PASSED] - Object: 'Object Repository/Page_Element/span_All settings' is clicked on

2022-01-17 19:05:41 - [TEST_STEP][PASSED] - setText(findTestObject("Object Repository/Page_Element/input__mx_Field_11"), "1233333"): Text '1233333' is set on object 'Object Repository/Page_Element/input__mx_Field_11'

2022-01-17 19:05:48 - [MESSAGE][PASSED] - Text '1233333' is set on object 'Object Repository/Page_Element/input__mx_Field_11'

2022-01-17 19:05:48 - [TEST_STEP][PASSED] - click(findTestObject("Object Repository/Page_Element/div_Add")): Object: 'Object Repository/Page_Element/div_Add' is clicked on

2022-01-17 19:05:49 - [MESSAGE][PASSED] - Object: 'Object Repository/Page_Element/div_Add' is clicked on

2022-01-17 19:05:49 - [TEST_STEP][FAILED] - click(findTestObject("Object Repository/Page_Element/button_OK")): Unable to click on object 'Object Repository/Page_Element/button_OK' (Root cause: com.kms.katalon.core.exception.StepFailedException: Unable to click on object 'Object Repository/Page_Element/button_OK'
	at com.kms.katalon.core.webui.keyword.internal.WebUIKeywordMain.stepFailed(WebUIKeywordMain.groovy:64)
	at com.kms.katalon.core.webui.keyword.internal.WebUIKeywordMain.runKeyword(WebUIKeywordMain.groovy:26)
	at com.kms.katalon.core.webui.keyword.builtin.ClickKeyword.click(ClickKeyword.groovy:74)
	at com.kms.katalon.core.webui.keyword.builtin.ClickKeyword.execute(ClickKeyword.groovy:40)
	at com.kms.katalon.core.keyword.internal.KeywordExecutor.executeKeywordForPlatform(KeywordExecutor.groovy:74)
	at com.kms.katalon.core.webui.keyword.WebUiBuiltInKeywords.click(WebUiBuiltInKeywords.groovy:620)
	at com.kms.katalon.core.webui.keyword.WebUiBuiltInKeywords$click$1.call(Unknown Source)
	at 76.AddInvalidPhoneNumber.run(76.AddInvalidPhoneNumber:48)
	at com.kms.katalon.core.main.ScriptEngine.run(ScriptEngine.java:194)
	at com.kms.katalon.core.main.ScriptEngine.runScriptAsRawText(ScriptEngine.java:119)
	at com.kms.katalon.core.main.TestCaseExecutor.runScript(TestCaseExecutor.java:442)
	at com.kms.katalon.core.main.TestCaseExecutor.doExecute(TestCaseExecutor.java:433)
	at com.kms.katalon.core.main.TestCaseExecutor.processExecutionPhase(TestCaseExecutor.java:412)
	at com.kms.katalon.core.main.TestCaseExecutor.accessMainPhase(TestCaseExecutor.java:404)
	at com.kms.katalon.core.main.TestCaseExecutor.execute(TestCaseExecutor.java:281)
	at com.kms.katalon.core.main.TestSuiteExecutor.accessTestCaseMainPhase(TestSuiteExecutor.java:202)
	at com.kms.katalon.core.main.TestSuiteExecutor.accessTestSuiteMainPhase(TestSuiteExecutor.java:164)
	at com.kms.katalon.core.main.TestSuiteExecutor.execute(TestSuiteExecutor.java:105)
	at com.kms.katalon.core.main.TestCaseMain.startTestSuite(TestCaseMain.java:181)
	at com.kms.katalon.core.main.TestCaseMain$startTestSuite$0.call(Unknown Source)
	at TempTestSuite1642419492812.run(TempTestSuite1642419492812.groovy:36)
Caused by: com.kms.katalon.core.webui.exception.WebElementNotFoundException: Web element with id: 'Object Repository/Page_Element/button_OK' located by '//button[@type='button']' not found
	at com.kms.katalon.core.webui.common.WebUiCommonHelper.findWebElement(WebUiCommonHelper.java:1368)
	at com.kms.katalon.core.webui.keyword.internal.WebUIAbstractKeyword.findWebElement(WebUIAbstractKeyword.groovy:27)
	at com.kms.katalon.core.webui.keyword.builtin.ClickKeyword$_click_closure1.doCall(ClickKeyword.groovy:65)
	at com.kms.katalon.core.webui.keyword.builtin.ClickKeyword$_click_closure1.call(ClickKeyword.groovy)
	at com.kms.katalon.core.webui.keyword.internal.WebUIKeywordMain.runKeyword(WebUIKeywordMain.groovy:20)
	at com.kms.katalon.core.webui.keyword.builtin.ClickKeyword.click(ClickKeyword.groovy:74)
	at com.kms.katalon.core.webui.keyword.builtin.ClickKeyword.execute(ClickKeyword.groovy:40)
	at com.kms.katalon.core.keyword.internal.KeywordExecutor.executeKeywordForPlatform(KeywordExecutor.groovy:74)
	at com.kms.katalon.core.webui.keyword.WebUiBuiltInKeywords.click(WebUiBuiltInKeywords.groovy:620)
	at com.kms.katalon.core.webui.keyword.WebUiBuiltInKeywords$click$1.call(Unknown Source)
	at Script1642177017481.run(Script1642177017481.groovy:48)
	... 13 more
)

2022-01-17 19:06:20 - [MESSAGE][INFO] - Unable to find the element located by 'By.xpath: //button[@type='button']'. Please recheck the objects properties to make sure the desired element is located. 

2022-01-17 19:06:20 - [MESSAGE][FAILED] - Unable to click on object 'Object Repository/Page_Element/button_OK' (Root cause: com.kms.katalon.core.exception.StepFailedException: Unable to click on object 'Object Repository/Page_Element/button_OK'
	at com.kms.katalon.core.webui.keyword.internal.WebUIKeywordMain.stepFailed(WebUIKeywordMain.groovy:64)
	at com.kms.katalon.core.webui.keyword.internal.WebUIKeywordMain.runKeyword(WebUIKeywordMain.groovy:26)
	at com.kms.katalon.core.webui.keyword.builtin.ClickKeyword.click(ClickKeyword.groovy:74)
	at com.kms.katalon.core.webui.keyword.builtin.ClickKeyword.execute(ClickKeyword.groovy:40)
	at com.kms.katalon.core.keyword.internal.KeywordExecutor.executeKeywordForPlatform(KeywordExecutor.groovy:74)
	at com.kms.katalon.core.webui.keyword.WebUiBuiltInKeywords.click(WebUiBuiltInKeywords.groovy:620)
	at com.kms.katalon.core.webui.keyword.WebUiBuiltInKeywords$click$1.call(Unknown Source)
	at 76.AddInvalidPhoneNumber.run(76.AddInvalidPhoneNumber:48)
	at com.kms.katalon.core.main.ScriptEngine.run(ScriptEngine.java:194)
	at com.kms.katalon.core.main.ScriptEngine.runScriptAsRawText(ScriptEngine.java:119)
	at com.kms.katalon.core.main.TestCaseExecutor.runScript(TestCaseExecutor.java:442)
	at com.kms.katalon.core.main.TestCaseExecutor.doExecute(TestCaseExecutor.java:433)
	at com.kms.katalon.core.main.TestCaseExecutor.processExecutionPhase(TestCaseExecutor.java:412)
	at com.kms.katalon.core.main.TestCaseExecutor.accessMainPhase(TestCaseExecutor.java:404)
	at com.kms.katalon.core.main.TestCaseExecutor.execute(TestCaseExecutor.java:281)
	at com.kms.katalon.core.main.TestSuiteExecutor.accessTestCaseMainPhase(TestSuiteExecutor.java:202)
	at com.kms.katalon.core.main.TestSuiteExecutor.accessTestSuiteMainPhase(TestSuiteExecutor.java:164)
	at com.kms.katalon.core.main.TestSuiteExecutor.execute(TestSuiteExecutor.java:105)
	at com.kms.katalon.core.main.TestCaseMain.startTestSuite(TestCaseMain.java:181)
	at com.kms.katalon.core.main.TestCaseMain$startTestSuite$0.call(Unknown Source)
	at TempTestSuite1642419492812.run(TempTestSuite1642419492812.groovy:36)
Caused by: com.kms.katalon.core.webui.exception.WebElementNotFoundException: Web element with id: 'Object Repository/Page_Element/button_OK' located by '//button[@type='button']' not found
	at com.kms.katalon.core.webui.common.WebUiCommonHelper.findWebElement(WebUiCommonHelper.java:1368)
	at com.kms.katalon.core.webui.keyword.internal.WebUIAbstractKeyword.findWebElement(WebUIAbstractKeyword.groovy:27)
	at com.kms.katalon.core.webui.keyword.builtin.ClickKeyword$_click_closure1.doCall(ClickKeyword.groovy:65)
	at com.kms.katalon.core.webui.keyword.builtin.ClickKeyword$_click_closure1.call(ClickKeyword.groovy)
	at com.kms.katalon.core.webui.keyword.internal.WebUIKeywordMain.runKeyword(WebUIKeywordMain.groovy:20)
	at com.kms.katalon.core.webui.keyword.builtin.ClickKeyword.click(ClickKeyword.groovy:74)
	at com.kms.katalon.core.webui.keyword.builtin.ClickKeyword.execute(ClickKeyword.groovy:40)
	at com.kms.katalon.core.keyword.internal.KeywordExecutor.executeKeywordForPlatform(KeywordExecutor.groovy:74)
	at com.kms.katalon.core.webui.keyword.WebUiBuiltInKeywords.click(WebUiBuiltInKeywords.groovy:620)
	at com.kms.katalon.core.webui.keyword.WebUiBuiltInKeywords$click$1.call(Unknown Source)
	at Script1642177017481.run(Script1642177017481.groovy:48)
	... 13 more
)
[[ATTACHMENT|C:\\Users\\Pikachu\\Documents\\Bonus-SE\\Katalon_pj\\Bonus_SE\\Reports\\20220117_183812\\Run all test case\\20220117_183812\\1642421180576.png]]]]></system-out>
         <system-err><![CDATA[2022-01-17 19:05:11 - [TEST_CASE][FAILED] - Test Cases/76.AddInvalidPhoneNumber: Test Cases/76.AddInvalidPhoneNumber FAILED.
Reason:
com.kms.katalon.core.exception.StepFailedException: Unable to click on object 'Object Repository/Page_Element/button_OK'
	at com.kms.katalon.core.webui.keyword.internal.WebUIKeywordMain.stepFailed(WebUIKeywordMain.groovy:64)
	at com.kms.katalon.core.webui.keyword.internal.WebUIKeywordMain.runKeyword(WebUIKeywordMain.groovy:26)
	at com.kms.katalon.core.webui.keyword.builtin.ClickKeyword.click(ClickKeyword.groovy:74)
	at com.kms.katalon.core.webui.keyword.builtin.ClickKeyword.execute(ClickKeyword.groovy:40)
	at com.kms.katalon.core.keyword.internal.KeywordExecutor.executeKeywordForPlatform(KeywordExecutor.groovy:74)
	at com.kms.katalon.core.webui.keyword.WebUiBuiltInKeywords.click(WebUiBuiltInKeywords.groovy:620)
	at com.kms.katalon.core.webui.keyword.WebUiBuiltInKeywords$click$1.call(Unknown Source)
	at 76.AddInvalidPhoneNumber.run(76.AddInvalidPhoneNumber:48)
	at com.kms.katalon.core.main.ScriptEngine.run(ScriptEngine.java:194)
	at com.kms.katalon.core.main.ScriptEngine.runScriptAsRawText(ScriptEngine.java:119)
	at com.kms.katalon.core.main.TestCaseExecutor.runScript(TestCaseExecutor.java:442)
	at com.kms.katalon.core.main.TestCaseExecutor.doExecute(TestCaseExecutor.java:433)
	at com.kms.katalon.core.main.TestCaseExecutor.processExecutionPhase(TestCaseExecutor.java:412)
	at com.kms.katalon.core.main.TestCaseExecutor.accessMainPhase(TestCaseExecutor.java:404)
	at com.kms.katalon.core.main.TestCaseExecutor.execute(TestCaseExecutor.java:281)
	at com.kms.katalon.core.main.TestSuiteExecutor.accessTestCaseMainPhase(TestSuiteExecutor.java:202)
	at com.kms.katalon.core.main.TestSuiteExecutor.accessTestSuiteMainPhase(TestSuiteExecutor.java:164)
	at com.kms.katalon.core.main.TestSuiteExecutor.execute(TestSuiteExecutor.java:105)
	at com.kms.katalon.core.main.TestCaseMain.startTestSuite(TestCaseMain.java:181)
	at com.kms.katalon.core.main.TestCaseMain$startTestSuite$0.call(Unknown Source)
	at TempTestSuite1642419492812.run(TempTestSuite1642419492812.groovy:36)
Caused by: com.kms.katalon.core.webui.exception.WebElementNotFoundException: Web element with id: 'Object Repository/Page_Element/button_OK' located by '//button[@type='button']' not found
	at com.kms.katalon.core.webui.common.WebUiCommonHelper.findWebElement(WebUiCommonHelper.java:1368)
	at com.kms.katalon.core.webui.keyword.internal.WebUIAbstractKeyword.findWebElement(WebUIAbstractKeyword.groovy:27)
	at com.kms.katalon.core.webui.keyword.builtin.ClickKeyword$_click_closure1.doCall(ClickKeyword.groovy:65)
	at com.kms.katalon.core.webui.keyword.builtin.ClickKeyword$_click_closure1.call(ClickKeyword.groovy)
	at com.kms.katalon.core.webui.keyword.internal.WebUIKeywordMain.runKeyword(WebUIKeywordMain.groovy:20)
	... 19 more]]></system-err>
      </testcase>
      <testcase name="Test Cases/79.InvitePeopleToSpace_RightClick" time="35.082" classname="Test Cases/79.InvitePeopleToSpace_RightClick" status="PASSED">
         <system-out><![CDATA[2022-01-17 19:06:20 - [TEST_CASE][PASSED] - Test Cases/79.InvitePeopleToSpace_RightClick: Test Cases/79.InvitePeopleToSpace_RightClick

2022-01-17 19:06:21 - [TEST_STEP][PASSED] - openBrowser(""): Browser is opened with url: ''

2022-01-17 19:06:21 - [MESSAGE][WARNING] - A browser is already opened. Closing browser and opening a new one

2022-01-17 19:06:21 - [MESSAGE][INFO] - Starting 'Chrome' driver

2022-01-17 19:06:21 - [MESSAGE][INFO] - Action delay is set to 1,000 milliseconds

2022-01-17 19:06:22 - [MESSAGE][PASSED] - Browser is opened with url: ''

2022-01-17 19:06:22 - [TEST_STEP][PASSED] - navigateToUrl("http://localhost:8080/"): Navigate to 'http://localhost:8080/' successfully

2022-01-17 19:06:25 - [MESSAGE][PASSED] - Navigate to 'http://localhost:8080/' successfully

2022-01-17 19:06:25 - [TEST_STEP][PASSED] - click(findTestObject("Object Repository/Page_Element/div_Sign In")): Object: 'Object Repository/Page_Element/div_Sign In' is clicked on

2022-01-17 19:06:29 - [MESSAGE][PASSED] - Object: 'Object Repository/Page_Element/div_Sign In' is clicked on

2022-01-17 19:06:29 - [TEST_STEP][PASSED] - setText(findTestObject("Object Repository/Page_Element/input_Sign in with_username"), "ptnha19"): Text 'ptnha19' is set on object 'Object Repository/Page_Element/input_Sign in with_username'

2022-01-17 19:06:34 - [MESSAGE][PASSED] - Text 'ptnha19' is set on object 'Object Repository/Page_Element/input_Sign in with_username'

2022-01-17 19:06:34 - [TEST_STEP][PASSED] - setEncryptedText(findTestObject("Object Repository/Page_Element/input_Username_password"), "5R3Ima4A+eOeCrCDRGMLmJpaGR3V3+YI"): Text ****** has been set on object 'Object Repository/Page_Element/input_Username_password'

2022-01-17 19:06:37 - [MESSAGE][PASSED] - Text ****** has been set on object 'Object Repository/Page_Element/input_Username_password'

2022-01-17 19:06:37 - [TEST_STEP][PASSED] - click(findTestObject("Object Repository/Page_Element/input_Forgot password_mx_Login_submit")): Object: 'Object Repository/Page_Element/input_Forgot password_mx_Login_submit' is clicked on

2022-01-17 19:06:38 - [MESSAGE][PASSED] - Object: 'Object Repository/Page_Element/input_Forgot password_mx_Login_submit' is clicked on

2022-01-17 19:06:38 - [TEST_STEP][PASSED] - click(findTestObject("Object Repository/Page_Element/div_Verify with Security Key")): Object: 'Object Repository/Page_Element/div_Verify with Security Key' is clicked on

2022-01-17 19:06:46 - [MESSAGE][PASSED] - Object: 'Object Repository/Page_Element/div_Verify with Security Key' is clicked on

2022-01-17 19:06:46 - [TEST_STEP][PASSED] - setEncryptedText(findTestObject("Object Repository/Page_Element/input_Security Key_mx_Field_4"), "PF4jXtbe/5x5+S5PgN4Kl/QbANAkWZYKqKaG9gW6gn+Po31AOnak0DX8GoEzAUkskgpeON1UhfEqZG0XXngJPA=="): Text ****** has been set on object 'Object Repository/Page_Element/input_Security Key_mx_Field_4'

2022-01-17 19:06:49 - [MESSAGE][PASSED] - Text ****** has been set on object 'Object Repository/Page_Element/input_Security Key_mx_Field_4'

2022-01-17 19:06:49 - [TEST_STEP][PASSED] - click(findTestObject("Object Repository/Page_Element/button_Continue")): Object: 'Object Repository/Page_Element/button_Continue' is clicked on

2022-01-17 19:06:50 - [MESSAGE][PASSED] - Object: 'Object Repository/Page_Element/button_Continue' is clicked on

2022-01-17 19:06:50 - [TEST_STEP][PASSED] - click(findTestObject("Object Repository/Page_Element/div_Done")): Object: 'Object Repository/Page_Element/div_Done' is clicked on

2022-01-17 19:06:52 - [MESSAGE][PASSED] - Object: 'Object Repository/Page_Element/div_Done' is clicked on

2022-01-17 19:06:52 - [TEST_STEP][PASSED] - rightClick(findTestObject("Object Repository/Page_Element/span_H")): Object: 'Object Repository/Page_Element/span_H' is right clicked on

2022-01-17 19:06:52 - [MESSAGE][PASSED] - Object: 'Object Repository/Page_Element/span_H' is right clicked on

2022-01-17 19:06:52 - [TEST_STEP][PASSED] - click(findTestObject("Object Repository/Page_Element/span_Invite")): Object: 'Object Repository/Page_Element/span_Invite' is clicked on

2022-01-17 19:06:53 - [MESSAGE][PASSED] - Object: 'Object Repository/Page_Element/span_Invite' is clicked on

2022-01-17 19:06:53 - [TEST_STEP][PASSED] - click(findTestObject("Object Repository/Page_Element/input_share this space_focus-visible")): Object: 'Object Repository/Page_Element/input_share this space_focus-visible' is clicked on

2022-01-17 19:06:55 - [MESSAGE][PASSED] - Object: 'Object Repository/Page_Element/input_share this space_focus-visible' is clicked on

2022-01-17 19:06:55 - [TEST_STEP][PASSED] - closeBrowser(): Browser is closed

2022-01-17 19:06:55 - [MESSAGE][PASSED] - Browser is closed]]></system-out>
         <system-err><![CDATA[]]></system-err>
      </testcase>
      <testcase name="Test Cases/81.SettingSpace_RightClick" time="31.872" classname="Test Cases/81.SettingSpace_RightClick" status="PASSED">
         <system-out><![CDATA[2022-01-17 19:06:55 - [TEST_CASE][PASSED] - Test Cases/81.SettingSpace_RightClick: Test Cases/81.SettingSpace_RightClick

2022-01-17 19:06:56 - [TEST_STEP][PASSED] - openBrowser(""): Browser is opened with url: ''

2022-01-17 19:06:56 - [MESSAGE][INFO] - Starting 'Chrome' driver

2022-01-17 19:06:56 - [MESSAGE][INFO] - Action delay is set to 1,000 milliseconds

2022-01-17 19:06:57 - [MESSAGE][PASSED] - Browser is opened with url: ''

2022-01-17 19:06:57 - [TEST_STEP][PASSED] - navigateToUrl("http://localhost:8080/"): Navigate to 'http://localhost:8080/' successfully

2022-01-17 19:06:59 - [MESSAGE][PASSED] - Navigate to 'http://localhost:8080/' successfully

2022-01-17 19:06:59 - [TEST_STEP][PASSED] - click(findTestObject("Object Repository/Page_Element/div_Sign In")): Object: 'Object Repository/Page_Element/div_Sign In' is clicked on

2022-01-17 19:07:03 - [MESSAGE][PASSED] - Object: 'Object Repository/Page_Element/div_Sign In' is clicked on

2022-01-17 19:07:03 - [TEST_STEP][PASSED] - setText(findTestObject("Object Repository/Page_Element/input_Sign in with_username"), "ptnha19"): Text 'ptnha19' is set on object 'Object Repository/Page_Element/input_Sign in with_username'

2022-01-17 19:07:06 - [MESSAGE][PASSED] - Text 'ptnha19' is set on object 'Object Repository/Page_Element/input_Sign in with_username'

2022-01-17 19:07:06 - [TEST_STEP][PASSED] - setEncryptedText(findTestObject("Object Repository/Page_Element/input_Username_password"), "5R3Ima4A+eOeCrCDRGMLmJpaGR3V3+YI"): Text ****** has been set on object 'Object Repository/Page_Element/input_Username_password'

2022-01-17 19:07:08 - [MESSAGE][PASSED] - Text ****** has been set on object 'Object Repository/Page_Element/input_Username_password'

2022-01-17 19:07:08 - [TEST_STEP][PASSED] - click(findTestObject("Object Repository/Page_Element/input_Forgot password_mx_Login_submit")): Object: 'Object Repository/Page_Element/input_Forgot password_mx_Login_submit' is clicked on

2022-01-17 19:07:10 - [MESSAGE][PASSED] - Object: 'Object Repository/Page_Element/input_Forgot password_mx_Login_submit' is clicked on

2022-01-17 19:07:10 - [TEST_STEP][PASSED] - click(findTestObject("Object Repository/Page_Element/div_Verify with Security Key")): Object: 'Object Repository/Page_Element/div_Verify with Security Key' is clicked on

2022-01-17 19:07:15 - [MESSAGE][PASSED] - Object: 'Object Repository/Page_Element/div_Verify with Security Key' is clicked on

2022-01-17 19:07:15 - [TEST_STEP][PASSED] - setEncryptedText(findTestObject("Object Repository/Page_Element/input_Security Key_mx_Field_4"), "PF4jXtbe/5x5+S5PgN4Kl/QbANAkWZYKqKaG9gW6gn+Po31AOnak0DX8GoEzAUkskgpeON1UhfEqZG0XXngJPA=="): Text ****** has been set on object 'Object Repository/Page_Element/input_Security Key_mx_Field_4'

2022-01-17 19:07:21 - [MESSAGE][PASSED] - Text ****** has been set on object 'Object Repository/Page_Element/input_Security Key_mx_Field_4'

2022-01-17 19:07:21 - [TEST_STEP][PASSED] - click(findTestObject("Object Repository/Page_Element/button_Continue")): Object: 'Object Repository/Page_Element/button_Continue' is clicked on

2022-01-17 19:07:22 - [MESSAGE][PASSED] - Object: 'Object Repository/Page_Element/button_Continue' is clicked on

2022-01-17 19:07:22 - [TEST_STEP][PASSED] - click(findTestObject("Object Repository/Page_Element/div_Done")): Object: 'Object Repository/Page_Element/div_Done' is clicked on

2022-01-17 19:07:24 - [MESSAGE][PASSED] - Object: 'Object Repository/Page_Element/div_Done' is clicked on

2022-01-17 19:07:24 - [TEST_STEP][PASSED] - rightClick(findTestObject("Object Repository/Page_Element/span_H")): Object: 'Object Repository/Page_Element/span_H' is right clicked on

2022-01-17 19:07:24 - [MESSAGE][PASSED] - Object: 'Object Repository/Page_Element/span_H' is right clicked on

2022-01-17 19:07:24 - [TEST_STEP][PASSED] - click(findTestObject("Object Repository/Page_Element/span_Settings")): Object: 'Object Repository/Page_Element/span_Settings' is clicked on

2022-01-17 19:07:25 - [MESSAGE][PASSED] - Object: 'Object Repository/Page_Element/span_Settings' is clicked on

2022-01-17 19:07:25 - [TEST_STEP][PASSED] - click(findTestObject("Object Repository/Page_Element/input_Upload_spaceName")): Object: 'Object Repository/Page_Element/input_Upload_spaceName' is clicked on

2022-01-17 19:07:26 - [MESSAGE][PASSED] - Object: 'Object Repository/Page_Element/input_Upload_spaceName' is clicked on

2022-01-17 19:07:26 - [TEST_STEP][PASSED] - closeBrowser(): Browser is closed

2022-01-17 19:07:27 - [MESSAGE][PASSED] - Browser is closed]]></system-out>
         <system-err><![CDATA[]]></system-err>
      </testcase>
      <testcase name="Test Cases/84.CreateNewRoomThroughExploreRoom" time="35.085" classname="Test Cases/84.CreateNewRoomThroughExploreRoom" status="PASSED">
         <system-out><![CDATA[2022-01-17 19:07:27 - [TEST_CASE][PASSED] - Test Cases/84.CreateNewRoomThroughExploreRoom: Test Cases/84.CreateNewRoomThroughExploreRoom

2022-01-17 19:07:27 - [TEST_STEP][PASSED] - openBrowser(""): Browser is opened with url: ''

2022-01-17 19:07:27 - [MESSAGE][INFO] - Starting 'Chrome' driver

2022-01-17 19:07:27 - [MESSAGE][INFO] - Action delay is set to 1,000 milliseconds

2022-01-17 19:07:29 - [MESSAGE][PASSED] - Browser is opened with url: ''

2022-01-17 19:07:29 - [TEST_STEP][PASSED] - navigateToUrl("http://localhost:8080/"): Navigate to 'http://localhost:8080/' successfully

2022-01-17 19:07:31 - [MESSAGE][PASSED] - Navigate to 'http://localhost:8080/' successfully

2022-01-17 19:07:31 - [TEST_STEP][PASSED] - click(findTestObject("Object Repository/Page_Element/div_Sign In")): Object: 'Object Repository/Page_Element/div_Sign In' is clicked on

2022-01-17 19:07:35 - [MESSAGE][PASSED] - Object: 'Object Repository/Page_Element/div_Sign In' is clicked on

2022-01-17 19:07:35 - [TEST_STEP][PASSED] - setText(findTestObject("Object Repository/Page_Element/input_Sign in with_username"), "ptnha19"): Text 'ptnha19' is set on object 'Object Repository/Page_Element/input_Sign in with_username'

2022-01-17 19:07:38 - [MESSAGE][PASSED] - Text 'ptnha19' is set on object 'Object Repository/Page_Element/input_Sign in with_username'

2022-01-17 19:07:38 - [TEST_STEP][PASSED] - setEncryptedText(findTestObject("Object Repository/Page_Element/input_Username_password"), "5R3Ima4A+eOeCrCDRGMLmJpaGR3V3+YI"): Text ****** has been set on object 'Object Repository/Page_Element/input_Username_password'

2022-01-17 19:07:40 - [MESSAGE][PASSED] - Text ****** has been set on object 'Object Repository/Page_Element/input_Username_password'

2022-01-17 19:07:40 - [TEST_STEP][PASSED] - click(findTestObject("Object Repository/Page_Element/input_Forgot password_mx_Login_submit")): Object: 'Object Repository/Page_Element/input_Forgot password_mx_Login_submit' is clicked on

2022-01-17 19:07:42 - [MESSAGE][PASSED] - Object: 'Object Repository/Page_Element/input_Forgot password_mx_Login_submit' is clicked on

2022-01-17 19:07:42 - [TEST_STEP][PASSED] - click(findTestObject("Object Repository/Page_Element/div_Verify with Security Key")): Object: 'Object Repository/Page_Element/div_Verify with Security Key' is clicked on

2022-01-17 19:07:47 - [MESSAGE][PASSED] - Object: 'Object Repository/Page_Element/div_Verify with Security Key' is clicked on

2022-01-17 19:07:47 - [TEST_STEP][PASSED] - setEncryptedText(findTestObject("Object Repository/Page_Element/input_Security Key_mx_Field_4"), "PF4jXtbe/5x5+S5PgN4Kl/QbANAkWZYKqKaG9gW6gn+Po31AOnak0DX8GoEzAUkskgpeON1UhfEqZG0XXngJPA=="): Text ****** has been set on object 'Object Repository/Page_Element/input_Security Key_mx_Field_4'

2022-01-17 19:07:50 - [MESSAGE][PASSED] - Text ****** has been set on object 'Object Repository/Page_Element/input_Security Key_mx_Field_4'

2022-01-17 19:07:50 - [TEST_STEP][PASSED] - click(findTestObject("Object Repository/Page_Element/button_Continue")): Object: 'Object Repository/Page_Element/button_Continue' is clicked on

2022-01-17 19:07:52 - [MESSAGE][PASSED] - Object: 'Object Repository/Page_Element/button_Continue' is clicked on

2022-01-17 19:07:52 - [TEST_STEP][PASSED] - click(findTestObject("Object Repository/Page_Element/div_Done")): Object: 'Object Repository/Page_Element/div_Done' is clicked on

2022-01-17 19:07:54 - [MESSAGE][PASSED] - Object: 'Object Repository/Page_Element/div_Done' is clicked on

2022-01-17 19:07:54 - [TEST_STEP][PASSED] - click(findTestObject("Object Repository/Page_Element/div_Ctrl K_mx_AccessibleButton mx_LeftPanel_88084c")): Object: 'Object Repository/Page_Element/div_Ctrl K_mx_AccessibleButton mx_LeftPanel_88084c' is clicked on

2022-01-17 19:07:56 - [MESSAGE][PASSED] - Object: 'Object Repository/Page_Element/div_Ctrl K_mx_AccessibleButton mx_LeftPanel_88084c' is clicked on

2022-01-17 19:07:56 - [TEST_STEP][PASSED] - click(findTestObject("Object Repository/Page_Element/div_Create a new room")): Object: 'Object Repository/Page_Element/div_Create a new room' is clicked on

2022-01-17 19:07:57 - [MESSAGE][PASSED] - Object: 'Object Repository/Page_Element/div_Create a new room' is clicked on

2022-01-17 19:07:57 - [TEST_STEP][PASSED] - setText(findTestObject("Object Repository/Page_Element/input_Create a public room_mx_Field_5"), "abc"): Text 'abc' is set on object 'Object Repository/Page_Element/input_Create a public room_mx_Field_5'

2022-01-17 19:08:00 - [MESSAGE][PASSED] - Text 'abc' is set on object 'Object Repository/Page_Element/input_Create a public room_mx_Field_5'

2022-01-17 19:08:00 - [TEST_STEP][PASSED] - click(findTestObject("Object Repository/Page_Element/button_Cancel")): Object: 'Object Repository/Page_Element/button_Cancel' is clicked on

2022-01-17 19:08:02 - [MESSAGE][PASSED] - Object: 'Object Repository/Page_Element/button_Cancel' is clicked on

2022-01-17 19:08:02 - [TEST_STEP][PASSED] - closeBrowser(): Browser is closed

2022-01-17 19:08:02 - [MESSAGE][PASSED] - Browser is closed]]></system-out>
         <system-err><![CDATA[]]></system-err>
      </testcase>
      <testcase name="Test Cases/87.CreateRoomShowAdvanced" time="35.651" classname="Test Cases/87.CreateRoomShowAdvanced" status="PASSED">
         <system-out><![CDATA[2022-01-17 19:08:02 - [TEST_CASE][PASSED] - Test Cases/87.CreateRoomShowAdvanced: Test Cases/87.CreateRoomShowAdvanced

2022-01-17 19:08:03 - [TEST_STEP][PASSED] - openBrowser(""): Browser is opened with url: ''

2022-01-17 19:08:03 - [MESSAGE][INFO] - Starting 'Chrome' driver

2022-01-17 19:08:03 - [MESSAGE][INFO] - Action delay is set to 1,000 milliseconds

2022-01-17 19:08:04 - [MESSAGE][PASSED] - Browser is opened with url: ''

2022-01-17 19:08:04 - [TEST_STEP][PASSED] - navigateToUrl("http://localhost:8080/"): Navigate to 'http://localhost:8080/' successfully

2022-01-17 19:08:07 - [MESSAGE][PASSED] - Navigate to 'http://localhost:8080/' successfully

2022-01-17 19:08:07 - [TEST_STEP][PASSED] - click(findTestObject("Object Repository/Page_Element/div_Sign In")): Object: 'Object Repository/Page_Element/div_Sign In' is clicked on

2022-01-17 19:08:10 - [MESSAGE][PASSED] - Object: 'Object Repository/Page_Element/div_Sign In' is clicked on

2022-01-17 19:08:10 - [TEST_STEP][PASSED] - setText(findTestObject("Object Repository/Page_Element/input_Sign in with_username"), "ptnha19"): Text 'ptnha19' is set on object 'Object Repository/Page_Element/input_Sign in with_username'

2022-01-17 19:08:14 - [MESSAGE][PASSED] - Text 'ptnha19' is set on object 'Object Repository/Page_Element/input_Sign in with_username'

2022-01-17 19:08:14 - [TEST_STEP][PASSED] - setEncryptedText(findTestObject("Object Repository/Page_Element/input_Username_password"), "5R3Ima4A+eOeCrCDRGMLmJpaGR3V3+YI"): Text ****** has been set on object 'Object Repository/Page_Element/input_Username_password'

2022-01-17 19:08:16 - [MESSAGE][PASSED] - Text ****** has been set on object 'Object Repository/Page_Element/input_Username_password'

2022-01-17 19:08:16 - [TEST_STEP][PASSED] - click(findTestObject("Object Repository/Page_Element/input_Forgot password_mx_Login_submit")): Object: 'Object Repository/Page_Element/input_Forgot password_mx_Login_submit' is clicked on

2022-01-17 19:08:18 - [MESSAGE][PASSED] - Object: 'Object Repository/Page_Element/input_Forgot password_mx_Login_submit' is clicked on

2022-01-17 19:08:18 - [TEST_STEP][PASSED] - click(findTestObject("Object Repository/Page_Element/div_Verify with Security Key")): Object: 'Object Repository/Page_Element/div_Verify with Security Key' is clicked on

2022-01-17 19:08:24 - [MESSAGE][PASSED] - Object: 'Object Repository/Page_Element/div_Verify with Security Key' is clicked on

2022-01-17 19:08:24 - [TEST_STEP][PASSED] - setEncryptedText(findTestObject("Object Repository/Page_Element/input_Security Key_mx_Field_4"), "PF4jXtbe/5x5+S5PgN4Kl/QbANAkWZYKqKaG9gW6gn+Po31AOnak0DX8GoEzAUkskgpeON1UhfEqZG0XXngJPA=="): Text ****** has been set on object 'Object Repository/Page_Element/input_Security Key_mx_Field_4'

2022-01-17 19:08:28 - [MESSAGE][PASSED] - Text ****** has been set on object 'Object Repository/Page_Element/input_Security Key_mx_Field_4'

2022-01-17 19:08:28 - [TEST_STEP][PASSED] - click(findTestObject("Object Repository/Page_Element/button_Continue")): Object: 'Object Repository/Page_Element/button_Continue' is clicked on

2022-01-17 19:08:29 - [MESSAGE][PASSED] - Object: 'Object Repository/Page_Element/button_Continue' is clicked on

2022-01-17 19:08:29 - [TEST_STEP][PASSED] - click(findTestObject("Object Repository/Page_Element/div_Done")): Object: 'Object Repository/Page_Element/div_Done' is clicked on

2022-01-17 19:08:31 - [MESSAGE][PASSED] - Object: 'Object Repository/Page_Element/div_Done' is clicked on

2022-01-17 19:08:31 - [TEST_STEP][PASSED] - click(findTestObject("Object Repository/Page_Element/div_Create a Group Chat")): Object: 'Object Repository/Page_Element/div_Create a Group Chat' is clicked on

2022-01-17 19:08:32 - [MESSAGE][PASSED] - Object: 'Object Repository/Page_Element/div_Create a Group Chat' is clicked on

2022-01-17 19:08:32 - [TEST_STEP][PASSED] - click(findTestObject("Object Repository/Page_Element/summary_Show advanced")): Object: 'Object Repository/Page_Element/summary_Show advanced' is clicked on

2022-01-17 19:08:34 - [MESSAGE][PASSED] - Object: 'Object Repository/Page_Element/summary_Show advanced' is clicked on

2022-01-17 19:08:34 - [TEST_STEP][PASSED] - setText(findTestObject("Object Repository/Page_Element/input_Name_mx_Field_6"), "abc"): Text 'abc' is set on object 'Object Repository/Page_Element/input_Name_mx_Field_6'

2022-01-17 19:08:36 - [MESSAGE][PASSED] - Text 'abc' is set on object 'Object Repository/Page_Element/input_Name_mx_Field_6'

2022-01-17 19:08:36 - [TEST_STEP][PASSED] - click(findTestObject("Object Repository/Page_Element/button_Cancel")): Object: 'Object Repository/Page_Element/button_Cancel' is clicked on

2022-01-17 19:08:37 - [MESSAGE][PASSED] - Object: 'Object Repository/Page_Element/button_Cancel' is clicked on

2022-01-17 19:08:37 - [TEST_STEP][PASSED] - closeBrowser(): Browser is closed

2022-01-17 19:08:38 - [MESSAGE][PASSED] - Browser is closed]]></system-out>
         <system-err><![CDATA[]]></system-err>
      </testcase>
      <testcase name="Test Cases/89.SendMessageExploreRoom" time="35.797" classname="Test Cases/89.SendMessageExploreRoom" status="PASSED">
         <system-out><![CDATA[2022-01-17 19:08:38 - [TEST_CASE][PASSED] - Test Cases/89.SendMessageExploreRoom: Test Cases/89.SendMessageExploreRoom

2022-01-17 19:08:38 - [TEST_STEP][PASSED] - openBrowser(""): Browser is opened with url: ''

2022-01-17 19:08:38 - [MESSAGE][INFO] - Starting 'Chrome' driver

2022-01-17 19:08:38 - [MESSAGE][INFO] - Action delay is set to 1,000 milliseconds

2022-01-17 19:08:39 - [MESSAGE][PASSED] - Browser is opened with url: ''

2022-01-17 19:08:39 - [TEST_STEP][PASSED] - navigateToUrl("http://localhost:8080/"): Navigate to 'http://localhost:8080/' successfully

2022-01-17 19:08:42 - [MESSAGE][PASSED] - Navigate to 'http://localhost:8080/' successfully

2022-01-17 19:08:42 - [TEST_STEP][PASSED] - click(findTestObject("Object Repository/Page_Element/div_Sign In")): Object: 'Object Repository/Page_Element/div_Sign In' is clicked on

2022-01-17 19:08:45 - [MESSAGE][PASSED] - Object: 'Object Repository/Page_Element/div_Sign In' is clicked on

2022-01-17 19:08:45 - [TEST_STEP][PASSED] - setText(findTestObject("Object Repository/Page_Element/input_Sign in with_username"), "ptnha19"): Text 'ptnha19' is set on object 'Object Repository/Page_Element/input_Sign in with_username'

2022-01-17 19:08:49 - [MESSAGE][PASSED] - Text 'ptnha19' is set on object 'Object Repository/Page_Element/input_Sign in with_username'

2022-01-17 19:08:49 - [TEST_STEP][PASSED] - setEncryptedText(findTestObject("Object Repository/Page_Element/input_Username_password"), "5R3Ima4A+eOeCrCDRGMLmJpaGR3V3+YI"): Text ****** has been set on object 'Object Repository/Page_Element/input_Username_password'

2022-01-17 19:08:51 - [MESSAGE][PASSED] - Text ****** has been set on object 'Object Repository/Page_Element/input_Username_password'

2022-01-17 19:08:51 - [TEST_STEP][PASSED] - click(findTestObject("Object Repository/Page_Element/input_Forgot password_mx_Login_submit")): Object: 'Object Repository/Page_Element/input_Forgot password_mx_Login_submit' is clicked on

2022-01-17 19:08:52 - [MESSAGE][PASSED] - Object: 'Object Repository/Page_Element/input_Forgot password_mx_Login_submit' is clicked on

2022-01-17 19:08:52 - [TEST_STEP][PASSED] - click(findTestObject("Object Repository/Page_Element/div_Verify with Security Key")): Object: 'Object Repository/Page_Element/div_Verify with Security Key' is clicked on

2022-01-17 19:08:58 - [MESSAGE][PASSED] - Object: 'Object Repository/Page_Element/div_Verify with Security Key' is clicked on

2022-01-17 19:08:58 - [TEST_STEP][PASSED] - setEncryptedText(findTestObject("Object Repository/Page_Element/input_Security Key_mx_Field_4"), "PF4jXtbe/5x5+S5PgN4Kl/QbANAkWZYKqKaG9gW6gn+Po31AOnak0DX8GoEzAUkskgpeON1UhfEqZG0XXngJPA=="): Text ****** has been set on object 'Object Repository/Page_Element/input_Security Key_mx_Field_4'

2022-01-17 19:09:01 - [MESSAGE][PASSED] - Text ****** has been set on object 'Object Repository/Page_Element/input_Security Key_mx_Field_4'

2022-01-17 19:09:01 - [TEST_STEP][PASSED] - click(findTestObject("Object Repository/Page_Element/button_Continue")): Object: 'Object Repository/Page_Element/button_Continue' is clicked on

2022-01-17 19:09:02 - [MESSAGE][PASSED] - Object: 'Object Repository/Page_Element/button_Continue' is clicked on

2022-01-17 19:09:02 - [TEST_STEP][PASSED] - click(findTestObject("Object Repository/Page_Element/div_Done")): Object: 'Object Repository/Page_Element/div_Done' is clicked on

2022-01-17 19:09:04 - [MESSAGE][PASSED] - Object: 'Object Repository/Page_Element/div_Done' is clicked on

2022-01-17 19:09:04 - [TEST_STEP][PASSED] - click(findTestObject("Object Repository/Page_Element/span_Send a Direct Message")): Object: 'Object Repository/Page_Element/span_Send a Direct Message' is clicked on

2022-01-17 19:09:06 - [MESSAGE][PASSED] - Object: 'Object Repository/Page_Element/span_Send a Direct Message' is clicked on

2022-01-17 19:09:06 - [TEST_STEP][PASSED] - click(findTestObject("Object Repository/Page_Element/div_Direct Messages_mx_AccessibleButton mx__57a7bb")): Object: 'Object Repository/Page_Element/div_Direct Messages_mx_AccessibleButton mx__57a7bb' is clicked on

2022-01-17 19:09:09 - [MESSAGE][PASSED] - Object: 'Object Repository/Page_Element/div_Direct Messages_mx_AccessibleButton mx__57a7bb' is clicked on

2022-01-17 19:09:09 - [TEST_STEP][PASSED] - click(findTestObject("Object Repository/Page_Element/div_Explore Public Rooms")): Object: 'Object Repository/Page_Element/div_Explore Public Rooms' is clicked on

2022-01-17 19:09:11 - [MESSAGE][PASSED] - Object: 'Object Repository/Page_Element/div_Explore Public Rooms' is clicked on

2022-01-17 19:09:11 - [TEST_STEP][PASSED] - click(findTestObject("Object Repository/Page_Element/div_Create a new room")): Object: 'Object Repository/Page_Element/div_Create a new room' is clicked on

2022-01-17 19:09:12 - [MESSAGE][PASSED] - Object: 'Object Repository/Page_Element/div_Create a new room' is clicked on

2022-01-17 19:09:12 - [TEST_STEP][PASSED] - click(findTestObject("Object Repository/Page_Element/div_Create a public room_mx_AccessibleButto_14c7c4")): Object: 'Object Repository/Page_Element/div_Create a public room_mx_AccessibleButto_14c7c4' is clicked on

2022-01-17 19:09:13 - [MESSAGE][PASSED] - Object: 'Object Repository/Page_Element/div_Create a public room_mx_AccessibleButto_14c7c4' is clicked on

2022-01-17 19:09:13 - [TEST_STEP][PASSED] - closeBrowser(): Browser is closed

2022-01-17 19:09:14 - [MESSAGE][PASSED] - Browser is closed]]></system-out>
         <system-err><![CDATA[]]></system-err>
      </testcase>
      <testcase name="Test Cases/20.Set_favorate_room" time="34.093" classname="Test Cases/20.Set_favorate_room" status="PASSED">
         <system-out><![CDATA[2022-01-17 19:09:14 - [TEST_CASE][PASSED] - Test Cases/20.Set_favorate_room: Test Cases/20.Set_favorate_room

2022-01-17 19:09:14 - [TEST_STEP][PASSED] - openBrowser(""): Browser is opened with url: ''

2022-01-17 19:09:14 - [MESSAGE][INFO] - Starting 'Chrome' driver

2022-01-17 19:09:14 - [MESSAGE][INFO] - Action delay is set to 1,000 milliseconds

2022-01-17 19:09:15 - [MESSAGE][PASSED] - Browser is opened with url: ''

2022-01-17 19:09:15 - [TEST_STEP][PASSED] - navigateToUrl("http://localhost:8080/"): Navigate to 'http://localhost:8080/' successfully

2022-01-17 19:09:18 - [MESSAGE][PASSED] - Navigate to 'http://localhost:8080/' successfully

2022-01-17 19:09:18 - [TEST_STEP][PASSED] - click(findTestObject("Object Repository/Page_Element/div_Sign In")): Object: 'Object Repository/Page_Element/div_Sign In' is clicked on

2022-01-17 19:09:22 - [MESSAGE][PASSED] - Object: 'Object Repository/Page_Element/div_Sign In' is clicked on

2022-01-17 19:09:22 - [TEST_STEP][PASSED] - setText(findTestObject("Object Repository/Page_Element/input_Sign in with_username"), "ptnha19"): Text 'ptnha19' is set on object 'Object Repository/Page_Element/input_Sign in with_username'

2022-01-17 19:09:25 - [MESSAGE][PASSED] - Text 'ptnha19' is set on object 'Object Repository/Page_Element/input_Sign in with_username'

2022-01-17 19:09:25 - [TEST_STEP][PASSED] - setEncryptedText(findTestObject("Object Repository/Page_Element/input_Username_password"), "5R3Ima4A+eOeCrCDRGMLmJpaGR3V3+YI"): Text ****** has been set on object 'Object Repository/Page_Element/input_Username_password'

2022-01-17 19:09:27 - [MESSAGE][PASSED] - Text ****** has been set on object 'Object Repository/Page_Element/input_Username_password'

2022-01-17 19:09:27 - [TEST_STEP][PASSED] - click(findTestObject("Object Repository/Page_Element/input_Forgot password_mx_Login_submit")): Object: 'Object Repository/Page_Element/input_Forgot password_mx_Login_submit' is clicked on

2022-01-17 19:09:28 - [MESSAGE][PASSED] - Object: 'Object Repository/Page_Element/input_Forgot password_mx_Login_submit' is clicked on

2022-01-17 19:09:28 - [TEST_STEP][PASSED] - click(findTestObject("Object Repository/Page_Element/div_Verify with Security Key")): Object: 'Object Repository/Page_Element/div_Verify with Security Key' is clicked on

2022-01-17 19:09:35 - [MESSAGE][PASSED] - Object: 'Object Repository/Page_Element/div_Verify with Security Key' is clicked on

2022-01-17 19:09:35 - [TEST_STEP][PASSED] - setEncryptedText(findTestObject("Object Repository/Page_Element/input_Security Key_mx_Field_4"), "PF4jXtbe/5x5+S5PgN4Kl/QbANAkWZYKqKaG9gW6gn+Po31AOnak0DX8GoEzAUkskgpeON1UhfEqZG0XXngJPA=="): Text ****** has been set on object 'Object Repository/Page_Element/input_Security Key_mx_Field_4'

2022-01-17 19:09:37 - [MESSAGE][PASSED] - Text ****** has been set on object 'Object Repository/Page_Element/input_Security Key_mx_Field_4'

2022-01-17 19:09:37 - [TEST_STEP][PASSED] - click(findTestObject("Object Repository/Page_Element/button_Continue")): Object: 'Object Repository/Page_Element/button_Continue' is clicked on

2022-01-17 19:09:39 - [MESSAGE][PASSED] - Object: 'Object Repository/Page_Element/button_Continue' is clicked on

2022-01-17 19:09:39 - [TEST_STEP][PASSED] - click(findTestObject("Object Repository/Page_Element/div_Done")): Object: 'Object Repository/Page_Element/div_Done' is clicked on

2022-01-17 19:09:41 - [MESSAGE][PASSED] - Object: 'Object Repository/Page_Element/div_Done' is clicked on

2022-01-17 19:09:41 - [TEST_STEP][PASSED] - click(findTestObject("Object Repository/Page_Element/div_hehe")): Object: 'Object Repository/Page_Element/div_hehe' is clicked on

2022-01-17 19:09:42 - [MESSAGE][PASSED] - Object: 'Object Repository/Page_Element/div_hehe' is clicked on

2022-01-17 19:09:42 - [TEST_STEP][PASSED] - click(findTestObject("Object Repository/Page_Element  hehe/div_hehe_mx_RoomHeader_chevron")): Object: 'Object Repository/Page_Element  hehe/div_hehe_mx_RoomHeader_chevron' is clicked on

2022-01-17 19:09:43 - [MESSAGE][PASSED] - Object: 'Object Repository/Page_Element  hehe/div_hehe_mx_RoomHeader_chevron' is clicked on

2022-01-17 19:09:43 - [TEST_STEP][PASSED] - click(findTestObject("Object Repository/Page_Element  hehe/div_Favorite")): Object: 'Object Repository/Page_Element  hehe/div_Favorite' is clicked on

2022-01-17 19:09:46 - [MESSAGE][PASSED] - Object: 'Object Repository/Page_Element  hehe/div_Favorite' is clicked on

2022-01-17 19:09:46 - [TEST_STEP][PASSED] - click(findTestObject("Object Repository/Page_Element  hehe/div_This room is public_mx_ContextualMenu_b_fc4f75")): Object: 'Object Repository/Page_Element  hehe/div_This room is public_mx_ContextualMenu_b_fc4f75' is clicked on

2022-01-17 19:09:47 - [MESSAGE][PASSED] - Object: 'Object Repository/Page_Element  hehe/div_This room is public_mx_ContextualMenu_b_fc4f75' is clicked on

2022-01-17 19:09:47 - [TEST_STEP][PASSED] - closeBrowser(): Browser is closed

2022-01-17 19:09:48 - [MESSAGE][PASSED] - Browser is closed]]></system-out>
         <system-err><![CDATA[]]></system-err>
      </testcase>
      <system-out><![CDATA[2022-01-17 18:38:22 - [TEST_SUITE][FAILED] - Run all test case: Test Cases/82.SignIn02 FAILED.
Reason:
com.kms.katalon.core.exception.StepFailedException: Unable to click on object 'Object Repository/Page_Element/div_English (US)'
	at com.kms.katalon.core.webui.keyword.internal.WebUIKeywordMain.stepFailed(WebUIKeywordMain.groovy:64)
	at com.kms.katalon.core.webui.keyword.internal.WebUIKeywordMain.runKeyword(WebUIKeywordMain.groovy:26)
	at com.kms.katalon.core.webui.keyword.builtin.ClickKeyword.click(ClickKeyword.groovy:74)
	at com.kms.katalon.core.webui.keyword.builtin.ClickKeyword.execute(ClickKeyword.groovy:40)
	at com.kms.katalon.core.keyword.internal.KeywordExecutor.executeKeywordForPlatform(KeywordExecutor.groovy:74)
	at com.kms.katalon.core.webui.keyword.WebUiBuiltInKeywords.click(WebUiBuiltInKeywords.groovy:620)
	at com.kms.katalon.core.webui.keyword.WebUiBuiltInKeywords$click$1.call(Unknown Source)
	at 82.SignIn02.run(82.SignIn02:24)
	at com.kms.katalon.core.main.ScriptEngine.run(ScriptEngine.java:194)
	at com.kms.katalon.core.main.ScriptEngine.runScriptAsRawText(ScriptEngine.java:119)
	at com.kms.katalon.core.main.TestCaseExecutor.runScript(TestCaseExecutor.java:442)
	at com.kms.katalon.core.main.TestCaseExecutor.doExecute(TestCaseExecutor.java:433)
	at com.kms.katalon.core.main.TestCaseExecutor.processExecutionPhase(TestCaseExecutor.java:412)
	at com.kms.katalon.core.main.TestCaseExecutor.accessMainPhase(TestCaseExecutor.java:404)
	at com.kms.katalon.core.main.TestCaseExecutor.execute(TestCaseExecutor.java:281)
	at com.kms.katalon.core.main.TestSuiteExecutor.accessTestCaseMainPhase(TestSuiteExecutor.java:202)
	at com.kms.katalon.core.main.TestSuiteExecutor.accessTestSuiteMainPhase(TestSuiteExecutor.java:164)
	at com.kms.katalon.core.main.TestSuiteExecutor.execute(TestSuiteExecutor.java:105)
	at com.kms.katalon.core.main.TestCaseMain.startTestSuite(TestCaseMain.java:181)
	at com.kms.katalon.core.main.TestCaseMain$startTestSuite$0.call(Unknown Source)
	at TempTestSuite1642419492812.run(TempTestSuite1642419492812.groovy:36)
Caused by: org.openqa.selenium.StaleElementReferenceException: stale element reference: element is not attached to the page document
  (Session info: chrome=97.0.4692.71)
For documentation on this error, please visit: https://www.seleniumhq.org/exceptions/stale_element_reference.html
Build info: version: '3.141.59', revision: 'e82be7d358', time: '2018-11-14T08:25:53'
System info: host: 'PIKACHU-PC', ip: '192.168.1.152', os.name: 'Windows 10', os.arch: 'amd64', os.version: '10.0', java.version: '1.8.0_282'
Driver info: com.kms.katalon.selenium.driver.CChromeDriver
Capabilities {acceptInsecureCerts: false, browserName: chrome, browserVersion: 97.0.4692.71, chrome: {chromedriverVersion: 97.0.4692.71 (adefa7837d02a..., userDataDir: C:\Users\Pikachu\AppData\Lo...}, goog:chromeOptions: {debuggerAddress: localhost:51049}, javascriptEnabled: true, networkConnectionEnabled: false, pageLoadStrategy: normal, platform: WINDOWS, platformName: WINDOWS, proxy: Proxy(), setWindowRect: true, strictFileInteractability: false, timeouts: {implicit: 0, pageLoad: 300000, script: 30000}, unhandledPromptBehavior: dismiss and notify, webauthn:extension:credBlob: true, webauthn:extension:largeBlob: true, webauthn:virtualAuthenticators: true}
Session ID: 6335bdf951f4f1f290f7a6e4db7ec24f
	at org.openqa.selenium.remote.http.W3CHttpResponseCodec.createException(W3CHttpResponseCodec.java:187)
	at org.openqa.selenium.remote.http.W3CHttpResponseCodec.decode(W3CHttpResponseCodec.java:122)
	at org.openqa.selenium.remote.http.W3CHttpResponseCodec.decode(W3CHttpResponseCodec.java:49)
	at org.openqa.selenium.remote.HttpCommandExecutor.execute(HttpCommandExecutor.java:158)
	at org.openqa.selenium.remote.service.DriverCommandExecutor.execute(DriverCommandExecutor.java:83)
	at org.openqa.selenium.remote.RemoteWebDriver.execute(RemoteWebDriver.java:552)
	at com.kms.katalon.selenium.driver.CChromeDriver.execute(CChromeDriver.java:19)
	at org.openqa.selenium.remote.RemoteWebElement.execute(RemoteWebElement.java:285)
	at org.openqa.selenium.remote.RemoteWebElement.click(RemoteWebElement.java:84)
	at org.openqa.selenium.support.events.EventFiringWebDriver$EventFiringWebElement.lambda$new$0(EventFiringWebDriver.java:404)
	at com.sun.proxy.$Proxy11.click(Unknown Source)
	at org.openqa.selenium.support.events.EventFiringWebDriver$EventFiringWebElement.click(EventFiringWebDriver.java:417)
	at org.openqa.selenium.WebElement$click.call(Unknown Source)
	at com.kms.katalon.core.webui.keyword.builtin.ClickKeyword.clickUntilSuccessWithTimeout(ClickKeyword.groovy:81)
	at com.kms.katalon.core.webui.keyword.builtin.ClickKeyword.clickUntilSuccessWithTimeout(ClickKeyword.groovy)
	at com.kms.katalon.core.webui.keyword.builtin.ClickKeyword$_click_closure1.doCall(ClickKeyword.groovy:67)
	at com.kms.katalon.core.webui.keyword.builtin.ClickKeyword$_click_closure1.call(ClickKeyword.groovy)
	at com.kms.katalon.core.webui.keyword.internal.WebUIKeywordMain.runKeyword(WebUIKeywordMain.groovy:20)
	... 19 more]]></system-out>
      <system-err><![CDATA[2022-01-17 18:38:22 - [TEST_SUITE][FAILED] - Run all test case: Test Cases/82.SignIn02 FAILED.
Reason:
com.kms.katalon.core.exception.StepFailedException: Unable to click on object 'Object Repository/Page_Element/div_English (US)'
	at com.kms.katalon.core.webui.keyword.internal.WebUIKeywordMain.stepFailed(WebUIKeywordMain.groovy:64)
	at com.kms.katalon.core.webui.keyword.internal.WebUIKeywordMain.runKeyword(WebUIKeywordMain.groovy:26)
	at com.kms.katalon.core.webui.keyword.builtin.ClickKeyword.click(ClickKeyword.groovy:74)
	at com.kms.katalon.core.webui.keyword.builtin.ClickKeyword.execute(ClickKeyword.groovy:40)
	at com.kms.katalon.core.keyword.internal.KeywordExecutor.executeKeywordForPlatform(KeywordExecutor.groovy:74)
	at com.kms.katalon.core.webui.keyword.WebUiBuiltInKeywords.click(WebUiBuiltInKeywords.groovy:620)
	at com.kms.katalon.core.webui.keyword.WebUiBuiltInKeywords$click$1.call(Unknown Source)
	at 82.SignIn02.run(82.SignIn02:24)
	at com.kms.katalon.core.main.ScriptEngine.run(ScriptEngine.java:194)
	at com.kms.katalon.core.main.ScriptEngine.runScriptAsRawText(ScriptEngine.java:119)
	at com.kms.katalon.core.main.TestCaseExecutor.runScript(TestCaseExecutor.java:442)
	at com.kms.katalon.core.main.TestCaseExecutor.doExecute(TestCaseExecutor.java:433)
	at com.kms.katalon.core.main.TestCaseExecutor.processExecutionPhase(TestCaseExecutor.java:412)
	at com.kms.katalon.core.main.TestCaseExecutor.accessMainPhase(TestCaseExecutor.java:404)
	at com.kms.katalon.core.main.TestCaseExecutor.execute(TestCaseExecutor.java:281)
	at com.kms.katalon.core.main.TestSuiteExecutor.accessTestCaseMainPhase(TestSuiteExecutor.java:202)
	at com.kms.katalon.core.main.TestSuiteExecutor.accessTestSuiteMainPhase(TestSuiteExecutor.java:164)
	at com.kms.katalon.core.main.TestSuiteExecutor.execute(TestSuiteExecutor.java:105)
	at com.kms.katalon.core.main.TestCaseMain.startTestSuite(TestCaseMain.java:181)
	at com.kms.katalon.core.main.TestCaseMain$startTestSuite$0.call(Unknown Source)
	at TempTestSuite1642419492812.run(TempTestSuite1642419492812.groovy:36)
Caused by: org.openqa.selenium.StaleElementReferenceException: stale element reference: element is not attached to the page document
  (Session info: chrome=97.0.4692.71)
For documentation on this error, please visit: https://www.seleniumhq.org/exceptions/stale_element_reference.html
Build info: version: '3.141.59', revision: 'e82be7d358', time: '2018-11-14T08:25:53'
System info: host: 'PIKACHU-PC', ip: '192.168.1.152', os.name: 'Windows 10', os.arch: 'amd64', os.version: '10.0', java.version: '1.8.0_282'
Driver info: com.kms.katalon.selenium.driver.CChromeDriver
Capabilities {acceptInsecureCerts: false, browserName: chrome, browserVersion: 97.0.4692.71, chrome: {chromedriverVersion: 97.0.4692.71 (adefa7837d02a..., userDataDir: C:\Users\Pikachu\AppData\Lo...}, goog:chromeOptions: {debuggerAddress: localhost:51049}, javascriptEnabled: true, networkConnectionEnabled: false, pageLoadStrategy: normal, platform: WINDOWS, platformName: WINDOWS, proxy: Proxy(), setWindowRect: true, strictFileInteractability: false, timeouts: {implicit: 0, pageLoad: 300000, script: 30000}, unhandledPromptBehavior: dismiss and notify, webauthn:extension:credBlob: true, webauthn:extension:largeBlob: true, webauthn:virtualAuthenticators: true}
Session ID: 6335bdf951f4f1f290f7a6e4db7ec24f
	at org.openqa.selenium.remote.http.W3CHttpResponseCodec.createException(W3CHttpResponseCodec.java:187)
	at org.openqa.selenium.remote.http.W3CHttpResponseCodec.decode(W3CHttpResponseCodec.java:122)
	at org.openqa.selenium.remote.http.W3CHttpResponseCodec.decode(W3CHttpResponseCodec.java:49)
	at org.openqa.selenium.remote.HttpCommandExecutor.execute(HttpCommandExecutor.java:158)
	at org.openqa.selenium.remote.service.DriverCommandExecutor.execute(DriverCommandExecutor.java:83)
	at org.openqa.selenium.remote.RemoteWebDriver.execute(RemoteWebDriver.java:552)
	at com.kms.katalon.selenium.driver.CChromeDriver.execute(CChromeDriver.java:19)
	at org.openqa.selenium.remote.RemoteWebElement.execute(RemoteWebElement.java:285)
	at org.openqa.selenium.remote.RemoteWebElement.click(RemoteWebElement.java:84)
	at org.openqa.selenium.support.events.EventFiringWebDriver$EventFiringWebElement.lambda$new$0(EventFiringWebDriver.java:404)
	at com.sun.proxy.$Proxy11.click(Unknown Source)
	at org.openqa.selenium.support.events.EventFiringWebDriver$EventFiringWebElement.click(EventFiringWebDriver.java:417)
	at org.openqa.selenium.WebElement$click.call(Unknown Source)
	at com.kms.katalon.core.webui.keyword.builtin.ClickKeyword.clickUntilSuccessWithTimeout(ClickKeyword.groovy:81)
	at com.kms.katalon.core.webui.keyword.builtin.ClickKeyword.clickUntilSuccessWithTimeout(ClickKeyword.groovy)
	at com.kms.katalon.core.webui.keyword.builtin.ClickKeyword$_click_closure1.doCall(ClickKeyword.groovy:67)
	at com.kms.katalon.core.webui.keyword.builtin.ClickKeyword$_click_closure1.call(ClickKeyword.groovy)
	at com.kms.katalon.core.webui.keyword.internal.WebUIKeywordMain.runKeyword(WebUIKeywordMain.groovy:20)
	... 19 more]]></system-err>
   </testsuite>
</testsuites>
