<?xml version="1.0" encoding="UTF-8"?>
<testsuites name="Run all test case" time="1953.947" tests="50" failures="10" errors="0">
   <testsuite name="Run all test case" tests="50" failures="10" errors="0" time="1953.947" skipped="0" timestamp="2022-01-17 12:47:03" hostname="TRI - 192.168.1.4" id="Test Suites/Run all test case">
      <properties>
         <property name="deviceName" value=""/>
         <property name="devicePlatform" value=""/>
         <property name="logFolder" value="D:\\Bonus-SE\\Katalon_pj\\Bonus_SE\\Reports\\20220117_124651\\Run all test case\\20220117_124651"/>
         <property name="logFiles" value="D:\\Bonus-SE\\Katalon_pj\\Bonus_SE\\Reports\\20220117_124651\\Run all test case\\20220117_124651\\execution0.log"/>
         <property name="attachments" value="D:\\Bonus-SE\\Katalon_pj\\Bonus_SE\\Reports\\20220117_124651\\Run all test case\\20220117_124651\\1642398897140.png, D:\\Bonus-SE\\Katalon_pj\\Bonus_SE\\Reports\\20220117_124651\\Run all test case\\20220117_124651\\1642398999300.png, D:\\Bonus-SE\\Katalon_pj\\Bonus_SE\\Reports\\20220117_124651\\Run all test case\\20220117_124651\\1642399236396.png, D:\\Bonus-SE\\Katalon_pj\\Bonus_SE\\Reports\\20220117_124651\\Run all test case\\20220117_124651\\1642399505762.png, D:\\Bonus-SE\\Katalon_pj\\Bonus_SE\\Reports\\20220117_124651\\Run all test case\\20220117_124651\\1642399664860.png, D:\\Bonus-SE\\Katalon_pj\\Bonus_SE\\Reports\\20220117_124651\\Run all test case\\20220117_124651\\1642399725143.png, D:\\Bonus-SE\\Katalon_pj\\Bonus_SE\\Reports\\20220117_124651\\Run all test case\\20220117_124651\\1642399784097.png, D:\\Bonus-SE\\Katalon_pj\\Bonus_SE\\Reports\\20220117_124651\\Run all test case\\20220117_124651\\1642399846493.png, D:\\Bonus-SE\\Katalon_pj\\Bonus_SE\\Reports\\20220117_124651\\Run all test case\\20220117_124651\\1642399908101.png, D:\\Bonus-SE\\Katalon_pj\\Bonus_SE\\Reports\\20220117_124651\\Run all test case\\20220117_124651\\1642400179500.png"/>
         <property name="hostName" value="TRI - 192.168.1.4"/>
         <property name="os" value="Windows 10 64bit"/>
         <property name="katalonVersion" value="8.2.0.208"/>
         <property name="browser" value="Chrome 97.0.4692.71"/>
         <property name="hostAddress" value="192.168.1.4"/>
         <property name="sessionId" value="1397e6f5e2ebc14e8b1da11ac2c10d88"/>
         <property name="seleniumVersion" value="3.141.59"/>
         <property name="proxyInformation" value="ProxyInformation { proxyOption=NO_PROXY, proxyServerType=HTTP, username=, password=********, proxyServerAddress=, proxyServerPort=0, executionList=&quot;&quot;, isApplyToDesiredCapabilities=true }"/>
         <property name="platform" value="Windows 10"/>
      </properties>
      <testcase name="Test Cases/40.FeedBack" time="49.368" classname="Test Cases/40.FeedBack" status="PASSED">
         <system-out><![CDATA[2022-01-17 12:47:04 - [TEST_CASE][PASSED] - Test Cases/40.FeedBack: Test Cases/40.FeedBack

2022-01-17 12:47:04 - [TEST_STEP][PASSED] - openBrowser(""): Browser is opened with url: ''

2022-01-17 12:47:05 - [MESSAGE][INFO] - Starting 'Chrome' driver

2022-01-17 12:47:05 - [MESSAGE][INFO] - Action delay is set to 1,000 milliseconds

2022-01-17 12:47:10 - [MESSAGE][PASSED] - Browser is opened with url: ''

2022-01-17 12:47:10 - [TEST_STEP][PASSED] - navigateToUrl("http://localhost:8080/"): Navigate to 'http://localhost:8080/' successfully

2022-01-17 12:47:14 - [MESSAGE][PASSED] - Navigate to 'http://localhost:8080/' successfully

2022-01-17 12:47:14 - [TEST_STEP][PASSED] - click(findTestObject("Object Repository/Page_Element/div_Sign In")): Object: 'Object Repository/Page_Element/div_Sign In' is clicked on

2022-01-17 12:47:18 - [MESSAGE][PASSED] - Object: 'Object Repository/Page_Element/div_Sign In' is clicked on

2022-01-17 12:47:18 - [TEST_STEP][PASSED] - setText(findTestObject("Object Repository/Page_Element/input_Sign in with_username"), "ptnha19"): Text 'ptnha19' is set on object 'Object Repository/Page_Element/input_Sign in with_username'

2022-01-17 12:47:21 - [MESSAGE][PASSED] - Text 'ptnha19' is set on object 'Object Repository/Page_Element/input_Sign in with_username'

2022-01-17 12:47:21 - [TEST_STEP][PASSED] - setEncryptedText(findTestObject("Object Repository/Page_Element/input_Username_password"), "5R3Ima4A+eOeCrCDRGMLmJpaGR3V3+YI"): Text ****** has been set on object 'Object Repository/Page_Element/input_Username_password'

2022-01-17 12:47:24 - [MESSAGE][PASSED] - Text ****** has been set on object 'Object Repository/Page_Element/input_Username_password'

2022-01-17 12:47:24 - [TEST_STEP][PASSED] - click(findTestObject("Object Repository/Page_Element/input_Forgot password_mx_Login_submit")): Object: 'Object Repository/Page_Element/input_Forgot password_mx_Login_submit' is clicked on

2022-01-17 12:47:25 - [MESSAGE][PASSED] - Object: 'Object Repository/Page_Element/input_Forgot password_mx_Login_submit' is clicked on

2022-01-17 12:47:25 - [TEST_STEP][PASSED] - click(findTestObject("Object Repository/Page_Element/div_Verify with Security Key")): Object: 'Object Repository/Page_Element/div_Verify with Security Key' is clicked on

2022-01-17 12:47:31 - [MESSAGE][PASSED] - Object: 'Object Repository/Page_Element/div_Verify with Security Key' is clicked on

2022-01-17 12:47:31 - [TEST_STEP][PASSED] - setEncryptedText(findTestObject("Object Repository/Page_Element/input_Security Key_mx_Field_4"), "PF4jXtbe/5x5+S5PgN4Kl/QbANAkWZYKqKaG9gW6gn+Po31AOnak0DX8GoEzAUkskgpeON1UhfEqZG0XXngJPA=="): Text ****** has been set on object 'Object Repository/Page_Element/input_Security Key_mx_Field_4'

2022-01-17 12:47:33 - [MESSAGE][PASSED] - Text ****** has been set on object 'Object Repository/Page_Element/input_Security Key_mx_Field_4'

2022-01-17 12:47:33 - [TEST_STEP][PASSED] - click(findTestObject("Object Repository/Page_Element/button_Continue")): Object: 'Object Repository/Page_Element/button_Continue' is clicked on

2022-01-17 12:47:34 - [MESSAGE][PASSED] - Object: 'Object Repository/Page_Element/button_Continue' is clicked on

2022-01-17 12:47:34 - [TEST_STEP][PASSED] - click(findTestObject("Object Repository/Page_Element/div_Done")): Object: 'Object Repository/Page_Element/div_Done' is clicked on

2022-01-17 12:47:36 - [MESSAGE][PASSED] - Object: 'Object Repository/Page_Element/div_Done' is clicked on

2022-01-17 12:47:36 - [TEST_STEP][PASSED] - rightClick(findTestObject("Object Repository/Page_Element/img_Review_mx_BaseAvatar_image")): Object: 'Object Repository/Page_Element/img_Review_mx_BaseAvatar_image' is right clicked on

2022-01-17 12:47:37 - [MESSAGE][PASSED] - Object: 'Object Repository/Page_Element/img_Review_mx_BaseAvatar_image' is right clicked on

2022-01-17 12:47:37 - [TEST_STEP][PASSED] - click(findTestObject("Object Repository/Page_Element/span_Feedback")): Object: 'Object Repository/Page_Element/span_Feedback' is clicked on

2022-01-17 12:47:38 - [MESSAGE][PASSED] - Object: 'Object Repository/Page_Element/span_Feedback' is clicked on

2022-01-17 12:47:38 - [TEST_STEP][PASSED] - delay(5): Delayed 5 second(s)

2022-01-17 12:47:43 - [MESSAGE][PASSED] - Delayed 5 second(s)

2022-01-17 12:47:43 - [TEST_STEP][PASSED] - setText(findTestObject("Object Repository/Page_Element/textarea_a"), "a"): Text 'a' is set on object 'Object Repository/Page_Element/textarea_a'

2022-01-17 12:47:46 - [MESSAGE][PASSED] - Text 'a' is set on object 'Object Repository/Page_Element/textarea_a'

2022-01-17 12:47:46 - [TEST_STEP][PASSED] - setText(findTestObject("Object Repository/Page_Element/textarea_ab"), "ab"): Text 'ab' is set on object 'Object Repository/Page_Element/textarea_ab'

2022-01-17 12:47:48 - [MESSAGE][PASSED] - Text 'ab' is set on object 'Object Repository/Page_Element/textarea_ab'

2022-01-17 12:47:48 - [TEST_STEP][PASSED] - setText(findTestObject("Object Repository/Page_Element/textarea_abc"), "abc"): Text 'abc' is set on object 'Object Repository/Page_Element/textarea_abc'

2022-01-17 12:47:50 - [MESSAGE][PASSED] - Text 'abc' is set on object 'Object Repository/Page_Element/textarea_abc'

2022-01-17 12:47:50 - [TEST_STEP][PASSED] - click(findTestObject("Object Repository/Page_Element/button_Send feedback")): Object: 'Object Repository/Page_Element/button_Send feedback' is clicked on

2022-01-17 12:47:51 - [MESSAGE][PASSED] - Object: 'Object Repository/Page_Element/button_Send feedback' is clicked on

2022-01-17 12:47:51 - [TEST_STEP][PASSED] - click(findTestObject("Object Repository/Page_Element/button_OK")): Object: 'Object Repository/Page_Element/button_OK' is clicked on

2022-01-17 12:47:52 - [MESSAGE][PASSED] - Object: 'Object Repository/Page_Element/button_OK' is clicked on

2022-01-17 12:47:52 - [TEST_STEP][PASSED] - closeBrowser(): Browser is closed

2022-01-17 12:47:53 - [MESSAGE][PASSED] - Browser is closed]]></system-out>
         <system-err><![CDATA[]]></system-err>
      </testcase>
      <testcase name="Test Cases/49.LogInFail_03" time="17.982" classname="Test Cases/49.LogInFail_03" status="PASSED">
         <system-out><![CDATA[2022-01-17 12:47:53 - [TEST_CASE][PASSED] - Test Cases/49.LogInFail_03: Test Cases/49.LogInFail_03

2022-01-17 12:47:53 - [TEST_STEP][PASSED] - openBrowser(""): Browser is opened with url: ''

2022-01-17 12:47:53 - [MESSAGE][INFO] - Starting 'Chrome' driver

2022-01-17 12:47:53 - [MESSAGE][INFO] - Action delay is set to 1,000 milliseconds

2022-01-17 12:47:55 - [MESSAGE][PASSED] - Browser is opened with url: ''

2022-01-17 12:47:55 - [TEST_STEP][PASSED] - navigateToUrl("http://localhost:8080/"): Navigate to 'http://localhost:8080/' successfully

2022-01-17 12:47:58 - [MESSAGE][PASSED] - Navigate to 'http://localhost:8080/' successfully

2022-01-17 12:47:58 - [TEST_STEP][PASSED] - click(findTestObject("Object Repository/Page_Element/div_Sign In")): Object: 'Object Repository/Page_Element/div_Sign In' is clicked on

2022-01-17 12:48:02 - [MESSAGE][PASSED] - Object: 'Object Repository/Page_Element/div_Sign In' is clicked on

2022-01-17 12:48:02 - [TEST_STEP][PASSED] - setText(findTestObject("Object Repository/Page_Element/input_Sign in with_username"), "Matrix"): Text 'Matrix' is set on object 'Object Repository/Page_Element/input_Sign in with_username'

2022-01-17 12:48:05 - [MESSAGE][PASSED] - Text 'Matrix' is set on object 'Object Repository/Page_Element/input_Sign in with_username'

2022-01-17 12:48:05 - [TEST_STEP][PASSED] - setEncryptedText(findTestObject("Object Repository/Page_Element/input_Username_password"), "wE3H8sMRrXo="): Text ****** has been set on object 'Object Repository/Page_Element/input_Username_password'

2022-01-17 12:48:08 - [MESSAGE][PASSED] - Text ****** has been set on object 'Object Repository/Page_Element/input_Username_password'

2022-01-17 12:48:08 - [TEST_STEP][PASSED] - click(findTestObject("Object Repository/Page_Element/input_Forgot password_mx_Login_submit")): Object: 'Object Repository/Page_Element/input_Forgot password_mx_Login_submit' is clicked on

2022-01-17 12:48:09 - [MESSAGE][PASSED] - Object: 'Object Repository/Page_Element/input_Forgot password_mx_Login_submit' is clicked on

2022-01-17 12:48:09 - [TEST_STEP][PASSED] - click(findTestObject("Object Repository/Page_Element/div_Incorrect username andor password")): Object: 'Object Repository/Page_Element/div_Incorrect username andor password' is clicked on

2022-01-17 12:48:10 - [MESSAGE][PASSED] - Object: 'Object Repository/Page_Element/div_Incorrect username andor password' is clicked on

2022-01-17 12:48:10 - [TEST_STEP][PASSED] - closeBrowser(): Browser is closed

2022-01-17 12:48:11 - [MESSAGE][PASSED] - Browser is closed]]></system-out>
         <system-err><![CDATA[]]></system-err>
      </testcase>
      <testcase name="Test Cases/77.PreferenceCodeBlock" time="36.149" classname="Test Cases/77.PreferenceCodeBlock" status="PASSED">
         <system-out><![CDATA[2022-01-17 12:48:11 - [TEST_CASE][PASSED] - Test Cases/77.PreferenceCodeBlock: Test Cases/77.PreferenceCodeBlock

2022-01-17 12:48:11 - [TEST_STEP][PASSED] - openBrowser(""): Browser is opened with url: ''

2022-01-17 12:48:11 - [MESSAGE][INFO] - Starting 'Chrome' driver

2022-01-17 12:48:11 - [MESSAGE][INFO] - Action delay is set to 1,000 milliseconds

2022-01-17 12:48:13 - [MESSAGE][PASSED] - Browser is opened with url: ''

2022-01-17 12:48:13 - [TEST_STEP][PASSED] - navigateToUrl("http://localhost:8080/"): Navigate to 'http://localhost:8080/' successfully

2022-01-17 12:48:16 - [MESSAGE][PASSED] - Navigate to 'http://localhost:8080/' successfully

2022-01-17 12:48:16 - [TEST_STEP][PASSED] - click(findTestObject("Object Repository/Page_Element/div_Sign In")): Object: 'Object Repository/Page_Element/div_Sign In' is clicked on

2022-01-17 12:48:20 - [MESSAGE][PASSED] - Object: 'Object Repository/Page_Element/div_Sign In' is clicked on

2022-01-17 12:48:20 - [TEST_STEP][PASSED] - setText(findTestObject("Object Repository/Page_Element/input_Sign in with_username"), "ptnha19"): Text 'ptnha19' is set on object 'Object Repository/Page_Element/input_Sign in with_username'

2022-01-17 12:48:24 - [MESSAGE][PASSED] - Text 'ptnha19' is set on object 'Object Repository/Page_Element/input_Sign in with_username'

2022-01-17 12:48:24 - [TEST_STEP][PASSED] - setEncryptedText(findTestObject("Object Repository/Page_Element/input_Username_password"), "5R3Ima4A+eOeCrCDRGMLmJpaGR3V3+YI"): Text ****** has been set on object 'Object Repository/Page_Element/input_Username_password'

2022-01-17 12:48:26 - [MESSAGE][PASSED] - Text ****** has been set on object 'Object Repository/Page_Element/input_Username_password'

2022-01-17 12:48:26 - [TEST_STEP][PASSED] - click(findTestObject("Object Repository/Page_Element/input_Forgot password_mx_Login_submit")): Object: 'Object Repository/Page_Element/input_Forgot password_mx_Login_submit' is clicked on

2022-01-17 12:48:27 - [MESSAGE][PASSED] - Object: 'Object Repository/Page_Element/input_Forgot password_mx_Login_submit' is clicked on

2022-01-17 12:48:27 - [TEST_STEP][PASSED] - click(findTestObject("Object Repository/Page_Element/div_Verify with Security Key")): Object: 'Object Repository/Page_Element/div_Verify with Security Key' is clicked on

2022-01-17 12:48:33 - [MESSAGE][PASSED] - Object: 'Object Repository/Page_Element/div_Verify with Security Key' is clicked on

2022-01-17 12:48:33 - [TEST_STEP][PASSED] - setEncryptedText(findTestObject("Object Repository/Page_Element/input_Security Key_mx_Field_4"), "PF4jXtbe/5x5+S5PgN4Kl/QbANAkWZYKqKaG9gW6gn+Po31AOnak0DX8GoEzAUkskgpeON1UhfEqZG0XXngJPA=="): Text ****** has been set on object 'Object Repository/Page_Element/input_Security Key_mx_Field_4'

2022-01-17 12:48:36 - [MESSAGE][PASSED] - Text ****** has been set on object 'Object Repository/Page_Element/input_Security Key_mx_Field_4'

2022-01-17 12:48:36 - [TEST_STEP][PASSED] - click(findTestObject("Object Repository/Page_Element/button_Continue")): Object: 'Object Repository/Page_Element/button_Continue' is clicked on

2022-01-17 12:48:37 - [MESSAGE][PASSED] - Object: 'Object Repository/Page_Element/button_Continue' is clicked on

2022-01-17 12:48:37 - [TEST_STEP][PASSED] - click(findTestObject("Object Repository/Page_Element/div_Done")): Object: 'Object Repository/Page_Element/div_Done' is clicked on

2022-01-17 12:48:39 - [MESSAGE][PASSED] - Object: 'Object Repository/Page_Element/div_Done' is clicked on

2022-01-17 12:48:39 - [TEST_STEP][PASSED] - rightClick(findTestObject("Object Repository/Page_Element/img_Review_mx_BaseAvatar_image")): Object: 'Object Repository/Page_Element/img_Review_mx_BaseAvatar_image' is right clicked on

2022-01-17 12:48:40 - [MESSAGE][PASSED] - Object: 'Object Repository/Page_Element/img_Review_mx_BaseAvatar_image' is right clicked on

2022-01-17 12:48:40 - [TEST_STEP][PASSED] - click(findTestObject("Object Repository/Page_Element/div_All settings")): Object: 'Object Repository/Page_Element/div_All settings' is clicked on

2022-01-17 12:48:41 - [MESSAGE][PASSED] - Object: 'Object Repository/Page_Element/div_All settings' is clicked on

2022-01-17 12:48:41 - [TEST_STEP][PASSED] - click(findTestObject("Object Repository/Page_Element/div_Preferences")): Object: 'Object Repository/Page_Element/div_Preferences' is clicked on

2022-01-17 12:48:43 - [MESSAGE][PASSED] - Object: 'Object Repository/Page_Element/div_Preferences' is clicked on

2022-01-17 12:48:43 - [TEST_STEP][PASSED] - click(findTestObject("Object Repository/Page_Element/div_Enable automatic language detection for_7a18d5")): Object: 'Object Repository/Page_Element/div_Enable automatic language detection for_7a18d5' is clicked on

2022-01-17 12:48:44 - [MESSAGE][PASSED] - Object: 'Object Repository/Page_Element/div_Enable automatic language detection for_7a18d5' is clicked on

2022-01-17 12:48:44 - [TEST_STEP][PASSED] - click(findTestObject("Object Repository/Page_Element/div_Enable automatic language detection for_9f13ec")): Object: 'Object Repository/Page_Element/div_Enable automatic language detection for_9f13ec' is clicked on

2022-01-17 12:48:45 - [MESSAGE][PASSED] - Object: 'Object Repository/Page_Element/div_Enable automatic language detection for_9f13ec' is clicked on

2022-01-17 12:48:45 - [TEST_STEP][PASSED] - click(findTestObject("Object Repository/Page_Element/div_Settings_mx_AccessibleButton mx_Dialog__4987e8")): Object: 'Object Repository/Page_Element/div_Settings_mx_AccessibleButton mx_Dialog__4987e8' is clicked on

2022-01-17 12:48:46 - [MESSAGE][PASSED] - Object: 'Object Repository/Page_Element/div_Settings_mx_AccessibleButton mx_Dialog__4987e8' is clicked on

2022-01-17 12:48:46 - [TEST_STEP][PASSED] - closeBrowser(): Browser is closed

2022-01-17 12:48:47 - [MESSAGE][PASSED] - Browser is closed]]></system-out>
         <system-err><![CDATA[]]></system-err>
      </testcase>
      <testcase name="Test Cases/78.RightClickSpace" time="34.62" classname="Test Cases/78.RightClickSpace" status="PASSED">
         <system-out><![CDATA[2022-01-17 12:48:47 - [TEST_CASE][PASSED] - Test Cases/78.RightClickSpace: Test Cases/78.RightClickSpace

2022-01-17 12:48:47 - [TEST_STEP][PASSED] - openBrowser(""): Browser is opened with url: ''

2022-01-17 12:48:47 - [MESSAGE][INFO] - Starting 'Chrome' driver

2022-01-17 12:48:47 - [MESSAGE][INFO] - Action delay is set to 1,000 milliseconds

2022-01-17 12:48:49 - [MESSAGE][PASSED] - Browser is opened with url: ''

2022-01-17 12:48:49 - [TEST_STEP][PASSED] - navigateToUrl("http://localhost:8080/"): Navigate to 'http://localhost:8080/' successfully

2022-01-17 12:48:52 - [MESSAGE][PASSED] - Navigate to 'http://localhost:8080/' successfully

2022-01-17 12:48:52 - [TEST_STEP][PASSED] - click(findTestObject("Object Repository/Page_Element/div_Sign In")): Object: 'Object Repository/Page_Element/div_Sign In' is clicked on

2022-01-17 12:48:56 - [MESSAGE][PASSED] - Object: 'Object Repository/Page_Element/div_Sign In' is clicked on

2022-01-17 12:48:56 - [TEST_STEP][PASSED] - setText(findTestObject("Object Repository/Page_Element/input_Sign in with_username"), "ptnha19"): Text 'ptnha19' is set on object 'Object Repository/Page_Element/input_Sign in with_username'

2022-01-17 12:49:00 - [MESSAGE][PASSED] - Text 'ptnha19' is set on object 'Object Repository/Page_Element/input_Sign in with_username'

2022-01-17 12:49:00 - [TEST_STEP][PASSED] - setEncryptedText(findTestObject("Object Repository/Page_Element/input_Username_password"), "5R3Ima4A+eOeCrCDRGMLmJpaGR3V3+YI"): Text ****** has been set on object 'Object Repository/Page_Element/input_Username_password'

2022-01-17 12:49:02 - [MESSAGE][PASSED] - Text ****** has been set on object 'Object Repository/Page_Element/input_Username_password'

2022-01-17 12:49:02 - [TEST_STEP][PASSED] - click(findTestObject("Object Repository/Page_Element/input_Forgot password_mx_Login_submit")): Object: 'Object Repository/Page_Element/input_Forgot password_mx_Login_submit' is clicked on

2022-01-17 12:49:03 - [MESSAGE][PASSED] - Object: 'Object Repository/Page_Element/input_Forgot password_mx_Login_submit' is clicked on

2022-01-17 12:49:03 - [TEST_STEP][PASSED] - click(findTestObject("Object Repository/Page_Element/div_Verify with Security Key")): Object: 'Object Repository/Page_Element/div_Verify with Security Key' is clicked on

2022-01-17 12:49:08 - [MESSAGE][PASSED] - Object: 'Object Repository/Page_Element/div_Verify with Security Key' is clicked on

2022-01-17 12:49:08 - [TEST_STEP][PASSED] - setEncryptedText(findTestObject("Object Repository/Page_Element/input_Security Key_mx_Field_4"), "PF4jXtbe/5x5+S5PgN4Kl/QbANAkWZYKqKaG9gW6gn+Po31AOnak0DX8GoEzAUkskgpeON1UhfEqZG0XXngJPA=="): Text ****** has been set on object 'Object Repository/Page_Element/input_Security Key_mx_Field_4'

2022-01-17 12:49:11 - [MESSAGE][PASSED] - Text ****** has been set on object 'Object Repository/Page_Element/input_Security Key_mx_Field_4'

2022-01-17 12:49:11 - [TEST_STEP][PASSED] - click(findTestObject("Object Repository/Page_Element/button_Continue")): Object: 'Object Repository/Page_Element/button_Continue' is clicked on

2022-01-17 12:49:12 - [MESSAGE][PASSED] - Object: 'Object Repository/Page_Element/button_Continue' is clicked on

2022-01-17 12:49:12 - [TEST_STEP][PASSED] - click(findTestObject("Object Repository/Page_Element/div_Done")): Object: 'Object Repository/Page_Element/div_Done' is clicked on

2022-01-17 12:49:14 - [MESSAGE][PASSED] - Object: 'Object Repository/Page_Element/div_Done' is clicked on

2022-01-17 12:49:14 - [TEST_STEP][PASSED] - rightClick(findTestObject("Object Repository/Page_Element/span_H")): Object: 'Object Repository/Page_Element/span_H' is right clicked on

2022-01-17 12:49:15 - [MESSAGE][PASSED] - Object: 'Object Repository/Page_Element/span_H' is right clicked on

2022-01-17 12:49:15 - [TEST_STEP][PASSED] - click(findTestObject("Object Repository/Page_Element/span_Manage  explore rooms")): Object: 'Object Repository/Page_Element/span_Manage  explore rooms' is clicked on

2022-01-17 12:49:17 - [MESSAGE][PASSED] - Object: 'Object Repository/Page_Element/span_Manage  explore rooms' is clicked on

2022-01-17 12:49:17 - [TEST_STEP][PASSED] - setText(findTestObject("Object Repository/Page_Element  hey ban Khoa/input_This is a test space_mx_textinput_ico_852234"), "abc"): Text 'abc' is set on object 'Object Repository/Page_Element  hey ban Khoa/input_This is a test space_mx_textinput_ico_852234'

2022-01-17 12:49:20 - [MESSAGE][PASSED] - Text 'abc' is set on object 'Object Repository/Page_Element  hey ban Khoa/input_This is a test space_mx_textinput_ico_852234'

2022-01-17 12:49:20 - [TEST_STEP][PASSED] - click(findTestObject("Object Repository/Page_Element  hey ban Khoa/div_This is a test space_mx_AccessibleButto_bf32ba")): Object: 'Object Repository/Page_Element  hey ban Khoa/div_This is a test space_mx_AccessibleButto_bf32ba' is clicked on

2022-01-17 12:49:21 - [MESSAGE][PASSED] - Object: 'Object Repository/Page_Element  hey ban Khoa/div_This is a test space_mx_AccessibleButto_bf32ba' is clicked on

2022-01-17 12:49:21 - [TEST_STEP][PASSED] - closeBrowser(): Browser is closed

2022-01-17 12:49:22 - [MESSAGE][PASSED] - Browser is closed]]></system-out>
         <system-err><![CDATA[]]></system-err>
      </testcase>
      <testcase name="Test Cases/80.PreferemcesSpace_RightClick" time="35.31" classname="Test Cases/80.PreferemcesSpace_RightClick" status="PASSED">
         <system-out><![CDATA[2022-01-17 12:49:22 - [TEST_CASE][PASSED] - Test Cases/80.PreferemcesSpace_RightClick: Test Cases/80.PreferemcesSpace_RightClick

2022-01-17 12:49:22 - [TEST_STEP][PASSED] - openBrowser(""): Browser is opened with url: ''

2022-01-17 12:49:22 - [MESSAGE][INFO] - Starting 'Chrome' driver

2022-01-17 12:49:22 - [MESSAGE][INFO] - Action delay is set to 1,000 milliseconds

2022-01-17 12:49:23 - [MESSAGE][PASSED] - Browser is opened with url: ''

2022-01-17 12:49:23 - [TEST_STEP][PASSED] - navigateToUrl("http://localhost:8080/"): Navigate to 'http://localhost:8080/' successfully

2022-01-17 12:49:27 - [MESSAGE][PASSED] - Navigate to 'http://localhost:8080/' successfully

2022-01-17 12:49:27 - [TEST_STEP][PASSED] - click(findTestObject("Object Repository/Page_Element/div_Sign In")): Object: 'Object Repository/Page_Element/div_Sign In' is clicked on

2022-01-17 12:49:30 - [MESSAGE][PASSED] - Object: 'Object Repository/Page_Element/div_Sign In' is clicked on

2022-01-17 12:49:30 - [TEST_STEP][PASSED] - setText(findTestObject("Object Repository/Page_Element/input_Sign in with_username"), "ptnha19"): Text 'ptnha19' is set on object 'Object Repository/Page_Element/input_Sign in with_username'

2022-01-17 12:49:34 - [MESSAGE][PASSED] - Text 'ptnha19' is set on object 'Object Repository/Page_Element/input_Sign in with_username'

2022-01-17 12:49:34 - [TEST_STEP][PASSED] - setEncryptedText(findTestObject("Object Repository/Page_Element/input_Username_password"), "5R3Ima4A+eOeCrCDRGMLmJpaGR3V3+YI"): Text ****** has been set on object 'Object Repository/Page_Element/input_Username_password'

2022-01-17 12:49:36 - [MESSAGE][PASSED] - Text ****** has been set on object 'Object Repository/Page_Element/input_Username_password'

2022-01-17 12:49:36 - [TEST_STEP][PASSED] - click(findTestObject("Object Repository/Page_Element/input_Forgot password_mx_Login_submit")): Object: 'Object Repository/Page_Element/input_Forgot password_mx_Login_submit' is clicked on

2022-01-17 12:49:37 - [MESSAGE][PASSED] - Object: 'Object Repository/Page_Element/input_Forgot password_mx_Login_submit' is clicked on

2022-01-17 12:49:37 - [TEST_STEP][PASSED] - click(findTestObject("Object Repository/Page_Element/div_Verify with Security Key")): Object: 'Object Repository/Page_Element/div_Verify with Security Key' is clicked on

2022-01-17 12:49:44 - [MESSAGE][PASSED] - Object: 'Object Repository/Page_Element/div_Verify with Security Key' is clicked on

2022-01-17 12:49:44 - [TEST_STEP][PASSED] - setEncryptedText(findTestObject("Object Repository/Page_Element/input_Security Key_mx_Field_4"), "PF4jXtbe/5x5+S5PgN4Kl/QbANAkWZYKqKaG9gW6gn+Po31AOnak0DX8GoEzAUkskgpeON1UhfEqZG0XXngJPA=="): Text ****** has been set on object 'Object Repository/Page_Element/input_Security Key_mx_Field_4'

2022-01-17 12:49:48 - [MESSAGE][PASSED] - Text ****** has been set on object 'Object Repository/Page_Element/input_Security Key_mx_Field_4'

2022-01-17 12:49:48 - [TEST_STEP][PASSED] - click(findTestObject("Object Repository/Page_Element/button_Continue")): Object: 'Object Repository/Page_Element/button_Continue' is clicked on

2022-01-17 12:49:49 - [MESSAGE][PASSED] - Object: 'Object Repository/Page_Element/button_Continue' is clicked on

2022-01-17 12:49:49 - [TEST_STEP][PASSED] - click(findTestObject("Object Repository/Page_Element/div_Done")): Object: 'Object Repository/Page_Element/div_Done' is clicked on

2022-01-17 12:49:51 - [MESSAGE][PASSED] - Object: 'Object Repository/Page_Element/div_Done' is clicked on

2022-01-17 12:49:51 - [TEST_STEP][PASSED] - rightClick(findTestObject("Object Repository/Page_Element/span_H")): Object: 'Object Repository/Page_Element/span_H' is right clicked on

2022-01-17 12:49:51 - [MESSAGE][PASSED] - Object: 'Object Repository/Page_Element/span_H' is right clicked on

2022-01-17 12:49:51 - [TEST_STEP][PASSED] - click(findTestObject("Object Repository/Page_Element/span_Preferences")): Object: 'Object Repository/Page_Element/span_Preferences' is clicked on

2022-01-17 12:49:53 - [MESSAGE][PASSED] - Object: 'Object Repository/Page_Element/span_Preferences' is clicked on

2022-01-17 12:49:53 - [TEST_STEP][PASSED] - click(findTestObject("Object Repository/Page_Element/div_Sections to show_mx_Checkbox_background")): Object: 'Object Repository/Page_Element/div_Sections to show_mx_Checkbox_background' is clicked on

2022-01-17 12:49:54 - [MESSAGE][PASSED] - Object: 'Object Repository/Page_Element/div_Sections to show_mx_Checkbox_background' is clicked on

2022-01-17 12:49:54 - [TEST_STEP][PASSED] - click(findTestObject("Object Repository/Page_Element/div_Sections to show_mx_Checkbox_checkmark")): Object: 'Object Repository/Page_Element/div_Sections to show_mx_Checkbox_checkmark' is clicked on

2022-01-17 12:49:55 - [MESSAGE][PASSED] - Object: 'Object Repository/Page_Element/div_Sections to show_mx_Checkbox_checkmark' is clicked on

2022-01-17 12:49:55 - [TEST_STEP][PASSED] - click(findTestObject("Object Repository/Page_Element/div_Preferences_mx_AccessibleButton mx_Dial_364915")): Object: 'Object Repository/Page_Element/div_Preferences_mx_AccessibleButton mx_Dial_364915' is clicked on

2022-01-17 12:49:56 - [MESSAGE][PASSED] - Object: 'Object Repository/Page_Element/div_Preferences_mx_AccessibleButton mx_Dial_364915' is clicked on

2022-01-17 12:49:56 - [TEST_STEP][PASSED] - closeBrowser(): Browser is closed

2022-01-17 12:49:57 - [MESSAGE][PASSED] - Browser is closed]]></system-out>
         <system-err><![CDATA[]]></system-err>
      </testcase>
      <testcase name="Test Cases/82.SignIn02" time="46.898" classname="Test Cases/82.SignIn02" status="PASSED">
         <system-out><![CDATA[2022-01-17 12:49:57 - [TEST_CASE][PASSED] - Test Cases/82.SignIn02: Test Cases/82.SignIn02

2022-01-17 12:49:57 - [TEST_STEP][PASSED] - openBrowser(""): Browser is opened with url: ''

2022-01-17 12:49:57 - [MESSAGE][INFO] - Starting 'Chrome' driver

2022-01-17 12:49:57 - [MESSAGE][INFO] - Action delay is set to 1,000 milliseconds

2022-01-17 12:49:59 - [MESSAGE][PASSED] - Browser is opened with url: ''

2022-01-17 12:49:59 - [TEST_STEP][PASSED] - navigateToUrl("http://localhost:8080/"): Navigate to 'http://localhost:8080/' successfully

2022-01-17 12:50:02 - [MESSAGE][PASSED] - Navigate to 'http://localhost:8080/' successfully

2022-01-17 12:50:02 - [TEST_STEP][PASSED] - click(findTestObject("Object Repository/Page_Element/div_English (US)")): Object: 'Object Repository/Page_Element/div_English (US)' is clicked on

2022-01-17 12:50:06 - [MESSAGE][PASSED] - Object: 'Object Repository/Page_Element/div_English (US)' is clicked on

2022-01-17 12:50:06 - [TEST_STEP][PASSED] - setText(findTestObject("Object Repository/Page_Element/input_Explore rooms_mx_LanguageDropdown_input"), "Dan"): Text 'Dan' is set on object 'Object Repository/Page_Element/input_Explore rooms_mx_LanguageDropdown_input'

2022-01-17 12:50:08 - [MESSAGE][PASSED] - Text 'Dan' is set on object 'Object Repository/Page_Element/input_Explore rooms_mx_LanguageDropdown_input'

2022-01-17 12:50:08 - [TEST_STEP][PASSED] - click(findTestObject("Object Repository/Page_Element/div_Dansk")): Object: 'Object Repository/Page_Element/div_Dansk' is clicked on

2022-01-17 12:50:11 - [MESSAGE][PASSED] - Object: 'Object Repository/Page_Element/div_Dansk' is clicked on

2022-01-17 12:50:11 - [TEST_STEP][PASSED] - click(findTestObject("Object Repository/Page_Element/div_Dansk_1")): Object: 'Object Repository/Page_Element/div_Dansk_1' is clicked on

2022-01-17 12:50:14 - [MESSAGE][PASSED] - Object: 'Object Repository/Page_Element/div_Dansk_1' is clicked on

2022-01-17 12:50:14 - [TEST_STEP][PASSED] - setText(findTestObject("Object Repository/Page_Element/input_Explore rooms_mx_LanguageDropdown_input"), "Eng"): Text 'Eng' is set on object 'Object Repository/Page_Element/input_Explore rooms_mx_LanguageDropdown_input'

2022-01-17 12:50:16 - [MESSAGE][PASSED] - Text 'Eng' is set on object 'Object Repository/Page_Element/input_Explore rooms_mx_LanguageDropdown_input'

2022-01-17 12:50:16 - [TEST_STEP][PASSED] - click(findTestObject("Object Repository/Page_Element/div_English")): Object: 'Object Repository/Page_Element/div_English' is clicked on

2022-01-17 12:50:19 - [MESSAGE][PASSED] - Object: 'Object Repository/Page_Element/div_English' is clicked on

2022-01-17 12:50:19 - [TEST_STEP][PASSED] - click(findTestObject("Object Repository/Page_Element/div_Explore rooms")): Object: 'Object Repository/Page_Element/div_Explore rooms' is clicked on

2022-01-17 12:50:21 - [MESSAGE][PASSED] - Object: 'Object Repository/Page_Element/div_Explore rooms' is clicked on

2022-01-17 12:50:21 - [TEST_STEP][PASSED] - click(findTestObject("Object Repository/Page_Element/div_Explore rooms_mx_AccessibleButton mx_Di_ac37a4")): Object: 'Object Repository/Page_Element/div_Explore rooms_mx_AccessibleButton mx_Di_ac37a4' is clicked on

2022-01-17 12:50:23 - [MESSAGE][PASSED] - Object: 'Object Repository/Page_Element/div_Explore rooms_mx_AccessibleButton mx_Di_ac37a4' is clicked on

2022-01-17 12:50:23 - [TEST_STEP][PASSED] - click(findTestObject("Object Repository/Page_Element/div_Sign In")): Object: 'Object Repository/Page_Element/div_Sign In' is clicked on

2022-01-17 12:50:24 - [MESSAGE][PASSED] - Object: 'Object Repository/Page_Element/div_Sign In' is clicked on

2022-01-17 12:50:24 - [TEST_STEP][PASSED] - setText(findTestObject("Object Repository/Page_Element/input_Sign in with_username"), "ptnha19"): Text 'ptnha19' is set on object 'Object Repository/Page_Element/input_Sign in with_username'

2022-01-17 12:50:27 - [MESSAGE][PASSED] - Text 'ptnha19' is set on object 'Object Repository/Page_Element/input_Sign in with_username'

2022-01-17 12:50:27 - [TEST_STEP][PASSED] - setEncryptedText(findTestObject("Object Repository/Page_Element/input_Username_password"), "5R3Ima4A+eOeCrCDRGMLmJpaGR3V3+YI"): Text ****** has been set on object 'Object Repository/Page_Element/input_Username_password'

2022-01-17 12:50:29 - [MESSAGE][PASSED] - Text ****** has been set on object 'Object Repository/Page_Element/input_Username_password'

2022-01-17 12:50:29 - [TEST_STEP][PASSED] - click(findTestObject("Object Repository/Page_Element/input_Forgot password_mx_Login_submit")): Object: 'Object Repository/Page_Element/input_Forgot password_mx_Login_submit' is clicked on

2022-01-17 12:50:30 - [MESSAGE][PASSED] - Object: 'Object Repository/Page_Element/input_Forgot password_mx_Login_submit' is clicked on

2022-01-17 12:50:30 - [TEST_STEP][PASSED] - click(findTestObject("Object Repository/Page_Element/div_Verify with Security Key")): Object: 'Object Repository/Page_Element/div_Verify with Security Key' is clicked on

2022-01-17 12:50:36 - [MESSAGE][PASSED] - Object: 'Object Repository/Page_Element/div_Verify with Security Key' is clicked on

2022-01-17 12:50:36 - [TEST_STEP][PASSED] - setEncryptedText(findTestObject("Object Repository/Page_Element/input_Security Key_mx_Field_4"), "PF4jXtbe/5x5+S5PgN4Kl/QbANAkWZYKqKaG9gW6gn+Po31AOnak0DX8GoEzAUkskgpeON1UhfEqZG0XXngJPA=="): Text ****** has been set on object 'Object Repository/Page_Element/input_Security Key_mx_Field_4'

2022-01-17 12:50:40 - [MESSAGE][PASSED] - Text ****** has been set on object 'Object Repository/Page_Element/input_Security Key_mx_Field_4'

2022-01-17 12:50:40 - [TEST_STEP][PASSED] - click(findTestObject("Object Repository/Page_Element/button_Continue")): Object: 'Object Repository/Page_Element/button_Continue' is clicked on

2022-01-17 12:50:41 - [MESSAGE][PASSED] - Object: 'Object Repository/Page_Element/button_Continue' is clicked on

2022-01-17 12:50:41 - [TEST_STEP][PASSED] - click(findTestObject("Object Repository/Page_Element/div_Done")): Object: 'Object Repository/Page_Element/div_Done' is clicked on

2022-01-17 12:50:43 - [MESSAGE][PASSED] - Object: 'Object Repository/Page_Element/div_Done' is clicked on

2022-01-17 12:50:43 - [TEST_STEP][PASSED] - closeBrowser(): Browser is closed

2022-01-17 12:50:44 - [MESSAGE][PASSED] - Browser is closed]]></system-out>
         <system-err><![CDATA[]]></system-err>
      </testcase>
      <testcase name="Test Cases/85.SignInFail02" time="28.295" classname="Test Cases/85.SignInFail02" status="PASSED">
         <system-out><![CDATA[2022-01-17 12:50:44 - [TEST_CASE][PASSED] - Test Cases/85.SignInFail02: Test Cases/85.SignInFail02

2022-01-17 12:50:44 - [TEST_STEP][PASSED] - openBrowser(""): Browser is opened with url: ''

2022-01-17 12:50:44 - [MESSAGE][INFO] - Starting 'Chrome' driver

2022-01-17 12:50:44 - [MESSAGE][INFO] - Action delay is set to 1,000 milliseconds

2022-01-17 12:50:46 - [MESSAGE][PASSED] - Browser is opened with url: ''

2022-01-17 12:50:46 - [TEST_STEP][PASSED] - navigateToUrl("http://localhost:8080/"): Navigate to 'http://localhost:8080/' successfully

2022-01-17 12:50:49 - [MESSAGE][PASSED] - Navigate to 'http://localhost:8080/' successfully

2022-01-17 12:50:49 - [TEST_STEP][PASSED] - click(findTestObject("Object Repository/Page_Element/div_Explore rooms")): Object: 'Object Repository/Page_Element/div_Explore rooms' is clicked on

2022-01-17 12:50:53 - [MESSAGE][PASSED] - Object: 'Object Repository/Page_Element/div_Explore rooms' is clicked on

2022-01-17 12:50:53 - [TEST_STEP][PASSED] - setText(findTestObject("Object Repository/Page_Element/input_Create a new room_dirsearch"), "dhb"): Text 'dhb' is set on object 'Object Repository/Page_Element/input_Create a new room_dirsearch'

2022-01-17 12:50:56 - [MESSAGE][PASSED] - Text 'dhb' is set on object 'Object Repository/Page_Element/input_Create a new room_dirsearch'

2022-01-17 12:50:56 - [TEST_STEP][PASSED] - delay(5): Delayed 5 second(s)

2022-01-17 12:51:01 - [MESSAGE][PASSED] - Delayed 5 second(s)

2022-01-17 12:51:01 - [TEST_STEP][PASSED] - click(findTestObject("Object Repository/Page_Element/div_Preview")): Object: 'Object Repository/Page_Element/div_Preview' is clicked on

2022-01-17 12:51:04 - [MESSAGE][PASSED] - Object: 'Object Repository/Page_Element/div_Preview' is clicked on

2022-01-17 12:51:04 - [TEST_STEP][PASSED] - click(findTestObject("Object Repository/Page_Element/button_Sign In")): Object: 'Object Repository/Page_Element/button_Sign In' is clicked on

2022-01-17 12:51:05 - [MESSAGE][PASSED] - Object: 'Object Repository/Page_Element/button_Sign In' is clicked on

2022-01-17 12:51:05 - [TEST_STEP][PASSED] - setText(findTestObject("Object Repository/Page_Element/input_Sign in with_username"), "ptnha19"): Text 'ptnha19' is set on object 'Object Repository/Page_Element/input_Sign in with_username'

2022-01-17 12:51:08 - [MESSAGE][PASSED] - Text 'ptnha19' is set on object 'Object Repository/Page_Element/input_Sign in with_username'

2022-01-17 12:51:08 - [TEST_STEP][PASSED] - setEncryptedText(findTestObject("Object Repository/Page_Element/input_Username_password"), "8ylGA/40/qI="): Text ****** has been set on object 'Object Repository/Page_Element/input_Username_password'

2022-01-17 12:51:10 - [MESSAGE][PASSED] - Text ****** has been set on object 'Object Repository/Page_Element/input_Username_password'

2022-01-17 12:51:10 - [TEST_STEP][PASSED] - click(findTestObject("Object Repository/Page_Element/input_Forgot password_mx_Login_submit")): Object: 'Object Repository/Page_Element/input_Forgot password_mx_Login_submit' is clicked on

2022-01-17 12:51:12 - [MESSAGE][PASSED] - Object: 'Object Repository/Page_Element/input_Forgot password_mx_Login_submit' is clicked on

2022-01-17 12:51:12 - [TEST_STEP][PASSED] - closeBrowser(): Browser is closed

2022-01-17 12:51:12 - [MESSAGE][PASSED] - Browser is closed]]></system-out>
         <system-err><![CDATA[]]></system-err>
      </testcase>
      <testcase name="Test Cases/90.ExploreRoomCreateGroup" time="36.551" classname="Test Cases/90.ExploreRoomCreateGroup" status="PASSED">
         <system-out><![CDATA[2022-01-17 12:51:12 - [TEST_CASE][PASSED] - Test Cases/90.ExploreRoomCreateGroup: Test Cases/90.ExploreRoomCreateGroup

2022-01-17 12:51:13 - [TEST_STEP][PASSED] - openBrowser(""): Browser is opened with url: ''

2022-01-17 12:51:13 - [MESSAGE][INFO] - Starting 'Chrome' driver

2022-01-17 12:51:13 - [MESSAGE][INFO] - Action delay is set to 1,000 milliseconds

2022-01-17 12:51:14 - [MESSAGE][PASSED] - Browser is opened with url: ''

2022-01-17 12:51:14 - [TEST_STEP][PASSED] - navigateToUrl("http://localhost:8080/"): Navigate to 'http://localhost:8080/' successfully

2022-01-17 12:51:17 - [MESSAGE][PASSED] - Navigate to 'http://localhost:8080/' successfully

2022-01-17 12:51:17 - [TEST_STEP][PASSED] - click(findTestObject("Object Repository/Page_Element/div_Sign In")): Object: 'Object Repository/Page_Element/div_Sign In' is clicked on

2022-01-17 12:51:20 - [MESSAGE][PASSED] - Object: 'Object Repository/Page_Element/div_Sign In' is clicked on

2022-01-17 12:51:20 - [TEST_STEP][PASSED] - setText(findTestObject("Object Repository/Page_Element/input_Sign in with_username"), "ptnha19"): Text 'ptnha19' is set on object 'Object Repository/Page_Element/input_Sign in with_username'

2022-01-17 12:51:24 - [MESSAGE][PASSED] - Text 'ptnha19' is set on object 'Object Repository/Page_Element/input_Sign in with_username'

2022-01-17 12:51:24 - [TEST_STEP][PASSED] - setEncryptedText(findTestObject("Object Repository/Page_Element/input_Username_password"), "5R3Ima4A+eOeCrCDRGMLmJpaGR3V3+YI"): Text ****** has been set on object 'Object Repository/Page_Element/input_Username_password'

2022-01-17 12:51:26 - [MESSAGE][PASSED] - Text ****** has been set on object 'Object Repository/Page_Element/input_Username_password'

2022-01-17 12:51:26 - [TEST_STEP][PASSED] - click(findTestObject("Object Repository/Page_Element/input_Forgot password_mx_Login_submit")): Object: 'Object Repository/Page_Element/input_Forgot password_mx_Login_submit' is clicked on

2022-01-17 12:51:27 - [MESSAGE][PASSED] - Object: 'Object Repository/Page_Element/input_Forgot password_mx_Login_submit' is clicked on

2022-01-17 12:51:27 - [TEST_STEP][PASSED] - click(findTestObject("Object Repository/Page_Element/div_Verify with Security Key")): Object: 'Object Repository/Page_Element/div_Verify with Security Key' is clicked on

2022-01-17 12:51:32 - [MESSAGE][PASSED] - Object: 'Object Repository/Page_Element/div_Verify with Security Key' is clicked on

2022-01-17 12:51:32 - [TEST_STEP][PASSED] - setEncryptedText(findTestObject("Object Repository/Page_Element/input_Security Key_mx_Field_4"), "PF4jXtbe/5x5+S5PgN4Kl/QbANAkWZYKqKaG9gW6gn+Po31AOnak0DX8GoEzAUkskgpeON1UhfEqZG0XXngJPA=="): Text ****** has been set on object 'Object Repository/Page_Element/input_Security Key_mx_Field_4'

2022-01-17 12:51:34 - [MESSAGE][PASSED] - Text ****** has been set on object 'Object Repository/Page_Element/input_Security Key_mx_Field_4'

2022-01-17 12:51:34 - [TEST_STEP][PASSED] - click(findTestObject("Object Repository/Page_Element/button_Continue")): Object: 'Object Repository/Page_Element/button_Continue' is clicked on

2022-01-17 12:51:36 - [MESSAGE][PASSED] - Object: 'Object Repository/Page_Element/button_Continue' is clicked on

2022-01-17 12:51:36 - [TEST_STEP][PASSED] - click(findTestObject("Object Repository/Page_Element/div_Done")): Object: 'Object Repository/Page_Element/div_Done' is clicked on

2022-01-17 12:51:38 - [MESSAGE][PASSED] - Object: 'Object Repository/Page_Element/div_Done' is clicked on

2022-01-17 12:51:38 - [TEST_STEP][PASSED] - click(findTestObject("Object Repository/Page_Element/span_Explore public rooms")): Object: 'Object Repository/Page_Element/span_Explore public rooms' is clicked on

2022-01-17 12:51:39 - [MESSAGE][PASSED] - Object: 'Object Repository/Page_Element/span_Explore public rooms' is clicked on

2022-01-17 12:51:39 - [TEST_STEP][PASSED] - setText(findTestObject("Object Repository/Page_Element/input_Create a new room_dirsearch"), "abc"): Text 'abc' is set on object 'Object Repository/Page_Element/input_Create a new room_dirsearch'

2022-01-17 12:51:42 - [MESSAGE][PASSED] - Text 'abc' is set on object 'Object Repository/Page_Element/input_Create a new room_dirsearch'

2022-01-17 12:51:42 - [TEST_STEP][PASSED] - click(findTestObject("Object Repository/Page_Element/div_Explore rooms_mx_AccessibleButton mx_Di_ac37a4")): Object: 'Object Repository/Page_Element/div_Explore rooms_mx_AccessibleButton mx_Di_ac37a4' is clicked on

2022-01-17 12:51:44 - [MESSAGE][PASSED] - Object: 'Object Repository/Page_Element/div_Explore rooms_mx_AccessibleButton mx_Di_ac37a4' is clicked on

2022-01-17 12:51:44 - [TEST_STEP][PASSED] - click(findTestObject("Object Repository/Page_Element/div_Create a Group Chat")): Object: 'Object Repository/Page_Element/div_Create a Group Chat' is clicked on

2022-01-17 12:51:45 - [MESSAGE][PASSED] - Object: 'Object Repository/Page_Element/div_Create a Group Chat' is clicked on

2022-01-17 12:51:45 - [TEST_STEP][PASSED] - click(findTestObject("Object Repository/Page_Element/div_Private room (invite only)")): Object: 'Object Repository/Page_Element/div_Private room (invite only)' is clicked on

2022-01-17 12:51:46 - [MESSAGE][PASSED] - Object: 'Object Repository/Page_Element/div_Private room (invite only)' is clicked on

2022-01-17 12:51:46 - [TEST_STEP][PASSED] - click(findTestObject("Object Repository/Page_Element/div_Public room")): Object: 'Object Repository/Page_Element/div_Public room' is clicked on

2022-01-17 12:51:47 - [MESSAGE][PASSED] - Object: 'Object Repository/Page_Element/div_Public room' is clicked on

2022-01-17 12:51:47 - [TEST_STEP][PASSED] - click(findTestObject("Object Repository/Page_Element/button_Cancel")): Object: 'Object Repository/Page_Element/button_Cancel' is clicked on

2022-01-17 12:51:48 - [MESSAGE][PASSED] - Object: 'Object Repository/Page_Element/button_Cancel' is clicked on

2022-01-17 12:51:48 - [TEST_STEP][PASSED] - closeBrowser(): Browser is closed

2022-01-17 12:51:49 - [MESSAGE][PASSED] - Browser is closed]]></system-out>
         <system-err><![CDATA[]]></system-err>
      </testcase>
      <testcase name="Test Cases/91.SendMessageCreateGroup" time="41.248" classname="Test Cases/91.SendMessageCreateGroup" status="PASSED">
         <system-out><![CDATA[2022-01-17 12:51:49 - [TEST_CASE][PASSED] - Test Cases/91.SendMessageCreateGroup: Test Cases/91.SendMessageCreateGroup

2022-01-17 12:51:49 - [TEST_STEP][PASSED] - openBrowser(""): Browser is opened with url: ''

2022-01-17 12:51:49 - [MESSAGE][INFO] - Starting 'Chrome' driver

2022-01-17 12:51:49 - [MESSAGE][INFO] - Action delay is set to 1,000 milliseconds

2022-01-17 12:51:50 - [MESSAGE][PASSED] - Browser is opened with url: ''

2022-01-17 12:51:50 - [TEST_STEP][PASSED] - navigateToUrl("http://localhost:8080/"): Navigate to 'http://localhost:8080/' successfully

2022-01-17 12:51:54 - [MESSAGE][PASSED] - Navigate to 'http://localhost:8080/' successfully

2022-01-17 12:51:54 - [TEST_STEP][PASSED] - click(findTestObject("Object Repository/Page_Element/div_Sign In")): Object: 'Object Repository/Page_Element/div_Sign In' is clicked on

2022-01-17 12:51:59 - [MESSAGE][PASSED] - Object: 'Object Repository/Page_Element/div_Sign In' is clicked on

2022-01-17 12:51:59 - [TEST_STEP][PASSED] - setText(findTestObject("Object Repository/Page_Element/input_Sign in with_username"), "ptnha19"): Text 'ptnha19' is set on object 'Object Repository/Page_Element/input_Sign in with_username'

2022-01-17 12:52:02 - [MESSAGE][PASSED] - Text 'ptnha19' is set on object 'Object Repository/Page_Element/input_Sign in with_username'

2022-01-17 12:52:02 - [TEST_STEP][PASSED] - setEncryptedText(findTestObject("Object Repository/Page_Element/input_Username_password"), "5R3Ima4A+eOeCrCDRGMLmJpaGR3V3+YI"): Text ****** has been set on object 'Object Repository/Page_Element/input_Username_password'

2022-01-17 12:52:04 - [MESSAGE][PASSED] - Text ****** has been set on object 'Object Repository/Page_Element/input_Username_password'

2022-01-17 12:52:04 - [TEST_STEP][PASSED] - click(findTestObject("Object Repository/Page_Element/input_Forgot password_mx_Login_submit")): Object: 'Object Repository/Page_Element/input_Forgot password_mx_Login_submit' is clicked on

2022-01-17 12:52:05 - [MESSAGE][PASSED] - Object: 'Object Repository/Page_Element/input_Forgot password_mx_Login_submit' is clicked on

2022-01-17 12:52:05 - [TEST_STEP][PASSED] - click(findTestObject("Object Repository/Page_Element/div_Verify with Security Key")): Object: 'Object Repository/Page_Element/div_Verify with Security Key' is clicked on

2022-01-17 12:52:11 - [MESSAGE][PASSED] - Object: 'Object Repository/Page_Element/div_Verify with Security Key' is clicked on

2022-01-17 12:52:11 - [TEST_STEP][PASSED] - setEncryptedText(findTestObject("Object Repository/Page_Element/input_Security Key_mx_Field_4"), "PF4jXtbe/5x5+S5PgN4Kl/QbANAkWZYKqKaG9gW6gn+Po31AOnak0DX8GoEzAUkskgpeON1UhfEqZG0XXngJPA=="): Text ****** has been set on object 'Object Repository/Page_Element/input_Security Key_mx_Field_4'

2022-01-17 12:52:13 - [MESSAGE][PASSED] - Text ****** has been set on object 'Object Repository/Page_Element/input_Security Key_mx_Field_4'

2022-01-17 12:52:13 - [TEST_STEP][PASSED] - click(findTestObject("Object Repository/Page_Element/button_Continue")): Object: 'Object Repository/Page_Element/button_Continue' is clicked on

2022-01-17 12:52:15 - [MESSAGE][PASSED] - Object: 'Object Repository/Page_Element/button_Continue' is clicked on

2022-01-17 12:52:15 - [TEST_STEP][PASSED] - click(findTestObject("Object Repository/Page_Element/div_Done")): Object: 'Object Repository/Page_Element/div_Done' is clicked on

2022-01-17 12:52:16 - [MESSAGE][PASSED] - Object: 'Object Repository/Page_Element/div_Done' is clicked on

2022-01-17 12:52:16 - [TEST_STEP][PASSED] - click(findTestObject("Object Repository/Page_Element/span_Send a Direct Message")): Object: 'Object Repository/Page_Element/span_Send a Direct Message' is clicked on

2022-01-17 12:52:18 - [MESSAGE][PASSED] - Object: 'Object Repository/Page_Element/span_Send a Direct Message' is clicked on

2022-01-17 12:52:18 - [TEST_STEP][PASSED] - click(findTestObject("Object Repository/Page_Element/div_Direct Messages_mx_AccessibleButton mx__57a7bb")): Object: 'Object Repository/Page_Element/div_Direct Messages_mx_AccessibleButton mx__57a7bb' is clicked on

2022-01-17 12:52:19 - [MESSAGE][PASSED] - Object: 'Object Repository/Page_Element/div_Direct Messages_mx_AccessibleButton mx__57a7bb' is clicked on

2022-01-17 12:52:19 - [TEST_STEP][PASSED] - click(findTestObject("Object Repository/Page_Element/div_Create a Group Chat")): Object: 'Object Repository/Page_Element/div_Create a Group Chat' is clicked on

2022-01-17 12:52:21 - [MESSAGE][PASSED] - Object: 'Object Repository/Page_Element/div_Create a Group Chat' is clicked on

2022-01-17 12:52:21 - [TEST_STEP][PASSED] - click(findTestObject("Object Repository/Page_Element/div_Enable end-to-end encryption_mx_Accessi_02f4c6")): Object: 'Object Repository/Page_Element/div_Enable end-to-end encryption_mx_Accessi_02f4c6' is clicked on

2022-01-17 12:52:22 - [MESSAGE][PASSED] - Object: 'Object Repository/Page_Element/div_Enable end-to-end encryption_mx_Accessi_02f4c6' is clicked on

2022-01-17 12:52:22 - [TEST_STEP][PASSED] - click(findTestObject("Object Repository/Page_Element/div_Enable end-to-end encryption_mx_Accessi_461c8f")): Object: 'Object Repository/Page_Element/div_Enable end-to-end encryption_mx_Accessi_461c8f' is clicked on

2022-01-17 12:52:23 - [MESSAGE][PASSED] - Object: 'Object Repository/Page_Element/div_Enable end-to-end encryption_mx_Accessi_461c8f' is clicked on

2022-01-17 12:52:23 - [TEST_STEP][PASSED] - click(findTestObject("Object Repository/Page_Element/div_Private room (invite only)")): Object: 'Object Repository/Page_Element/div_Private room (invite only)' is clicked on

2022-01-17 12:52:24 - [MESSAGE][PASSED] - Object: 'Object Repository/Page_Element/div_Private room (invite only)' is clicked on

2022-01-17 12:52:24 - [TEST_STEP][PASSED] - click(findTestObject("Object Repository/Page_Element/div_Public room")): Object: 'Object Repository/Page_Element/div_Public room' is clicked on

2022-01-17 12:52:25 - [MESSAGE][PASSED] - Object: 'Object Repository/Page_Element/div_Public room' is clicked on

2022-01-17 12:52:25 - [TEST_STEP][PASSED] - click(findTestObject("Object Repository/Page_Element/div_Public room_1")): Object: 'Object Repository/Page_Element/div_Public room_1' is clicked on

2022-01-17 12:52:26 - [MESSAGE][PASSED] - Object: 'Object Repository/Page_Element/div_Public room_1' is clicked on

2022-01-17 12:52:26 - [TEST_STEP][PASSED] - click(findTestObject("Object Repository/Page_Element/div_Private room (invite only)_1")): Object: 'Object Repository/Page_Element/div_Private room (invite only)_1' is clicked on

2022-01-17 12:52:27 - [MESSAGE][PASSED] - Object: 'Object Repository/Page_Element/div_Private room (invite only)_1' is clicked on

2022-01-17 12:52:27 - [TEST_STEP][PASSED] - click(findTestObject("Object Repository/Page_Element/summary_Show advanced")): Object: 'Object Repository/Page_Element/summary_Show advanced' is clicked on

2022-01-17 12:52:28 - [MESSAGE][PASSED] - Object: 'Object Repository/Page_Element/summary_Show advanced' is clicked on

2022-01-17 12:52:28 - [TEST_STEP][PASSED] - click(findTestObject("Object Repository/Page_Element/div_Create a private room_mx_AccessibleButt_34e55a")): Object: 'Object Repository/Page_Element/div_Create a private room_mx_AccessibleButt_34e55a' is clicked on

2022-01-17 12:52:29 - [MESSAGE][PASSED] - Object: 'Object Repository/Page_Element/div_Create a private room_mx_AccessibleButt_34e55a' is clicked on

2022-01-17 12:52:29 - [TEST_STEP][PASSED] - closeBrowser(): Browser is closed

2022-01-17 12:52:30 - [MESSAGE][PASSED] - Browser is closed]]></system-out>
         <system-err><![CDATA[]]></system-err>
      </testcase>
      <testcase name="Test Cases/93.SendMessageExploreRoomCreateGroup" time="37.606" classname="Test Cases/93.SendMessageExploreRoomCreateGroup" status="PASSED">
         <system-out><![CDATA[2022-01-17 12:52:30 - [TEST_CASE][PASSED] - Test Cases/93.SendMessageExploreRoomCreateGroup: Test Cases/93.SendMessageExploreRoomCreateGroup

2022-01-17 12:52:30 - [TEST_STEP][PASSED] - openBrowser(""): Browser is opened with url: ''

2022-01-17 12:52:30 - [MESSAGE][INFO] - Starting 'Chrome' driver

2022-01-17 12:52:30 - [MESSAGE][INFO] - Action delay is set to 1,000 milliseconds

2022-01-17 12:52:31 - [MESSAGE][PASSED] - Browser is opened with url: ''

2022-01-17 12:52:31 - [TEST_STEP][PASSED] - navigateToUrl("http://localhost:8080/"): Navigate to 'http://localhost:8080/' successfully

2022-01-17 12:52:34 - [MESSAGE][PASSED] - Navigate to 'http://localhost:8080/' successfully

2022-01-17 12:52:34 - [TEST_STEP][PASSED] - click(findTestObject("Object Repository/Page_Element/div_Sign In")): Object: 'Object Repository/Page_Element/div_Sign In' is clicked on

2022-01-17 12:52:38 - [MESSAGE][PASSED] - Object: 'Object Repository/Page_Element/div_Sign In' is clicked on

2022-01-17 12:52:38 - [TEST_STEP][PASSED] - setText(findTestObject("Object Repository/Page_Element/input_Sign in with_username"), "ptnha19"): Text 'ptnha19' is set on object 'Object Repository/Page_Element/input_Sign in with_username'

2022-01-17 12:52:41 - [MESSAGE][PASSED] - Text 'ptnha19' is set on object 'Object Repository/Page_Element/input_Sign in with_username'

2022-01-17 12:52:41 - [TEST_STEP][PASSED] - click(findTestObject("Object Repository/Page_Element/input_Forgot password_mx_Login_submit")): Object: 'Object Repository/Page_Element/input_Forgot password_mx_Login_submit' is clicked on

2022-01-17 12:52:42 - [MESSAGE][PASSED] - Object: 'Object Repository/Page_Element/input_Forgot password_mx_Login_submit' is clicked on

2022-01-17 12:52:42 - [TEST_STEP][PASSED] - setEncryptedText(findTestObject("Object Repository/Page_Element/input_Username_password"), "5R3Ima4A+eOeCrCDRGMLmJpaGR3V3+YI"): Text ****** has been set on object 'Object Repository/Page_Element/input_Username_password'

2022-01-17 12:52:45 - [MESSAGE][PASSED] - Text ****** has been set on object 'Object Repository/Page_Element/input_Username_password'

2022-01-17 12:52:45 - [TEST_STEP][PASSED] - click(findTestObject("Object Repository/Page_Element/input_Forgot password_mx_Login_submit")): Object: 'Object Repository/Page_Element/input_Forgot password_mx_Login_submit' is clicked on

2022-01-17 12:52:46 - [MESSAGE][PASSED] - Object: 'Object Repository/Page_Element/input_Forgot password_mx_Login_submit' is clicked on

2022-01-17 12:52:46 - [TEST_STEP][PASSED] - click(findTestObject("Object Repository/Page_Element/div_Verify with Security Key")): Object: 'Object Repository/Page_Element/div_Verify with Security Key' is clicked on

2022-01-17 12:52:51 - [MESSAGE][PASSED] - Object: 'Object Repository/Page_Element/div_Verify with Security Key' is clicked on

2022-01-17 12:52:51 - [TEST_STEP][PASSED] - setEncryptedText(findTestObject("Object Repository/Page_Element/input_Security Key_mx_Field_4"), "PF4jXtbe/5x5+S5PgN4Kl/QbANAkWZYKqKaG9gW6gn+Po31AOnak0DX8GoEzAUkskgpeON1UhfEqZG0XXngJPA=="): Text ****** has been set on object 'Object Repository/Page_Element/input_Security Key_mx_Field_4'

2022-01-17 12:52:55 - [MESSAGE][PASSED] - Text ****** has been set on object 'Object Repository/Page_Element/input_Security Key_mx_Field_4'

2022-01-17 12:52:55 - [TEST_STEP][PASSED] - click(findTestObject("Object Repository/Page_Element/button_Continue")): Object: 'Object Repository/Page_Element/button_Continue' is clicked on

2022-01-17 12:52:56 - [MESSAGE][PASSED] - Object: 'Object Repository/Page_Element/button_Continue' is clicked on

2022-01-17 12:52:56 - [TEST_STEP][PASSED] - click(findTestObject("Object Repository/Page_Element/div_Done")): Object: 'Object Repository/Page_Element/div_Done' is clicked on

2022-01-17 12:52:58 - [MESSAGE][PASSED] - Object: 'Object Repository/Page_Element/div_Done' is clicked on

2022-01-17 12:52:58 - [TEST_STEP][PASSED] - click(findTestObject("Object Repository/Page_Element/span_Send a Direct Message")): Object: 'Object Repository/Page_Element/span_Send a Direct Message' is clicked on

2022-01-17 12:52:59 - [MESSAGE][PASSED] - Object: 'Object Repository/Page_Element/span_Send a Direct Message' is clicked on

2022-01-17 12:52:59 - [TEST_STEP][PASSED] - click(findTestObject("Object Repository/Page_Element/div_Direct Messages_mx_AccessibleButton mx__57a7bb")): Object: 'Object Repository/Page_Element/div_Direct Messages_mx_AccessibleButton mx__57a7bb' is clicked on

2022-01-17 12:53:00 - [MESSAGE][PASSED] - Object: 'Object Repository/Page_Element/div_Direct Messages_mx_AccessibleButton mx__57a7bb' is clicked on

2022-01-17 12:53:00 - [TEST_STEP][PASSED] - click(findTestObject("Object Repository/Page_Element/span_Explore public rooms")): Object: 'Object Repository/Page_Element/span_Explore public rooms' is clicked on

2022-01-17 12:53:02 - [MESSAGE][PASSED] - Object: 'Object Repository/Page_Element/span_Explore public rooms' is clicked on

2022-01-17 12:53:02 - [TEST_STEP][PASSED] - click(findTestObject("Object Repository/Page_Element/div_Create a new room")): Object: 'Object Repository/Page_Element/div_Create a new room' is clicked on

2022-01-17 12:53:03 - [MESSAGE][PASSED] - Object: 'Object Repository/Page_Element/div_Create a new room' is clicked on

2022-01-17 12:53:03 - [TEST_STEP][PASSED] - click(findTestObject("Object Repository/Page_Element/div_Create a public room_mx_AccessibleButto_14c7c4")): Object: 'Object Repository/Page_Element/div_Create a public room_mx_AccessibleButto_14c7c4' is clicked on

2022-01-17 12:53:05 - [MESSAGE][PASSED] - Object: 'Object Repository/Page_Element/div_Create a public room_mx_AccessibleButto_14c7c4' is clicked on

2022-01-17 12:53:05 - [TEST_STEP][PASSED] - click(findTestObject("Object Repository/Page_Element/span_Create a Group Chat")): Object: 'Object Repository/Page_Element/span_Create a Group Chat' is clicked on

2022-01-17 12:53:06 - [MESSAGE][PASSED] - Object: 'Object Repository/Page_Element/span_Create a Group Chat' is clicked on

2022-01-17 12:53:06 - [TEST_STEP][PASSED] - click(findTestObject("Object Repository/Page_Element/button_Cancel")): Object: 'Object Repository/Page_Element/button_Cancel' is clicked on

2022-01-17 12:53:07 - [MESSAGE][PASSED] - Object: 'Object Repository/Page_Element/button_Cancel' is clicked on

2022-01-17 12:53:07 - [TEST_STEP][PASSED] - closeBrowser(): Browser is closed

2022-01-17 12:53:08 - [MESSAGE][PASSED] - Browser is closed]]></system-out>
         <system-err><![CDATA[]]></system-err>
      </testcase>
      <testcase name="Test Cases/1.Sign_in_Pass" time="33.016" classname="Test Cases/1.Sign_in_Pass" status="PASSED">
         <system-out><![CDATA[2022-01-17 12:53:08 - [TEST_CASE][PASSED] - Test Cases/1.Sign_in_Pass: Test Cases/1.Sign_in_Pass

2022-01-17 12:53:08 - [TEST_STEP][PASSED] - openBrowser(""): Browser is opened with url: ''

2022-01-17 12:53:08 - [MESSAGE][INFO] - Starting 'Chrome' driver

2022-01-17 12:53:08 - [MESSAGE][INFO] - Action delay is set to 1,000 milliseconds

2022-01-17 12:53:09 - [MESSAGE][PASSED] - Browser is opened with url: ''

2022-01-17 12:53:09 - [TEST_STEP][PASSED] - navigateToUrl("http://localhost:8080/"): Navigate to 'http://localhost:8080/' successfully

2022-01-17 12:53:13 - [MESSAGE][PASSED] - Navigate to 'http://localhost:8080/' successfully

2022-01-17 12:53:13 - [TEST_STEP][PASSED] - click(findTestObject("Object Repository/Page_Element/a_Sign In")): Object: 'Object Repository/Page_Element/a_Sign In' is clicked on

2022-01-17 12:53:18 - [MESSAGE][PASSED] - Object: 'Object Repository/Page_Element/a_Sign In' is clicked on

2022-01-17 12:53:18 - [TEST_STEP][PASSED] - setText(findTestObject("Object Repository/Page_Element/input_Sign in with_username"), "ptnha19"): Text 'ptnha19' is set on object 'Object Repository/Page_Element/input_Sign in with_username'

2022-01-17 12:53:21 - [MESSAGE][PASSED] - Text 'ptnha19' is set on object 'Object Repository/Page_Element/input_Sign in with_username'

2022-01-17 12:53:21 - [TEST_STEP][PASSED] - setEncryptedText(findTestObject("Object Repository/Page_Element/input_Username_password"), "5R3Ima4A+eOeCrCDRGMLmJpaGR3V3+YI"): Text ****** has been set on object 'Object Repository/Page_Element/input_Username_password'

2022-01-17 12:53:23 - [MESSAGE][PASSED] - Text ****** has been set on object 'Object Repository/Page_Element/input_Username_password'

2022-01-17 12:53:23 - [TEST_STEP][PASSED] - click(findTestObject("Object Repository/Page_Element/input_Forgot password_mx_Login_submit")): Object: 'Object Repository/Page_Element/input_Forgot password_mx_Login_submit' is clicked on

2022-01-17 12:53:24 - [MESSAGE][PASSED] - Object: 'Object Repository/Page_Element/input_Forgot password_mx_Login_submit' is clicked on

2022-01-17 12:53:24 - [TEST_STEP][PASSED] - click(findTestObject("Object Repository/Page_Element/div_Verify with Security Key")): Object: 'Object Repository/Page_Element/div_Verify with Security Key' is clicked on

2022-01-17 12:53:30 - [MESSAGE][PASSED] - Object: 'Object Repository/Page_Element/div_Verify with Security Key' is clicked on

2022-01-17 12:53:30 - [TEST_STEP][PASSED] - click(findTestObject("Object Repository/Page_Element/div_Security Key")): Object: 'Object Repository/Page_Element/div_Security Key' is clicked on

2022-01-17 12:53:32 - [MESSAGE][PASSED] - Object: 'Object Repository/Page_Element/div_Security Key' is clicked on

2022-01-17 12:53:32 - [TEST_STEP][PASSED] - setEncryptedText(findTestObject("Object Repository/Page_Element/input_Security Key_mx_Field_4"), "PF4jXtbe/5x5+S5PgN4Kl/QbANAkWZYKqKaG9gW6gn+Po31AOnak0DX8GoEzAUkskgpeON1UhfEqZG0XXngJPA=="): Text ****** has been set on object 'Object Repository/Page_Element/input_Security Key_mx_Field_4'

2022-01-17 12:53:34 - [MESSAGE][PASSED] - Text ****** has been set on object 'Object Repository/Page_Element/input_Security Key_mx_Field_4'

2022-01-17 12:53:34 - [TEST_STEP][PASSED] - click(findTestObject("Object Repository/Page_Element/button_Continue")): Object: 'Object Repository/Page_Element/button_Continue' is clicked on

2022-01-17 12:53:35 - [MESSAGE][PASSED] - Object: 'Object Repository/Page_Element/button_Continue' is clicked on

2022-01-17 12:53:35 - [TEST_STEP][PASSED] - click(findTestObject("Object Repository/Page_Element/div_Done")): Object: 'Object Repository/Page_Element/div_Done' is clicked on

2022-01-17 12:53:37 - [MESSAGE][PASSED] - Object: 'Object Repository/Page_Element/div_Done' is clicked on

2022-01-17 12:53:37 - [TEST_STEP][PASSED] - click(findTestObject("Object Repository/Page_Element/img_Enable_mx_BaseAvatar_image")): Object: 'Object Repository/Page_Element/img_Enable_mx_BaseAvatar_image' is clicked on

2022-01-17 12:53:39 - [MESSAGE][PASSED] - Object: 'Object Repository/Page_Element/img_Enable_mx_BaseAvatar_image' is clicked on

2022-01-17 12:53:39 - [TEST_STEP][PASSED] - click(findTestObject("Object Repository/Page_Element/div_This room is public_mx_ContextualMenu_b_fc4f75")): Object: 'Object Repository/Page_Element/div_This room is public_mx_ContextualMenu_b_fc4f75' is clicked on

2022-01-17 12:53:40 - [MESSAGE][PASSED] - Object: 'Object Repository/Page_Element/div_This room is public_mx_ContextualMenu_b_fc4f75' is clicked on

2022-01-17 12:53:40 - [TEST_STEP][PASSED] - closeBrowser(): Browser is closed

2022-01-17 12:53:41 - [MESSAGE][PASSED] - Browser is closed]]></system-out>
         <system-err><![CDATA[]]></system-err>
      </testcase>
      <testcase name="Test Cases/2.Sign_in_Fail" time="15.153" classname="Test Cases/2.Sign_in_Fail" status="PASSED">
         <system-out><![CDATA[2022-01-17 12:53:41 - [TEST_CASE][PASSED] - Test Cases/2.Sign_in_Fail: Test Cases/2.Sign_in_Fail

2022-01-17 12:53:41 - [TEST_STEP][PASSED] - openBrowser(""): Browser is opened with url: ''

2022-01-17 12:53:41 - [MESSAGE][INFO] - Starting 'Chrome' driver

2022-01-17 12:53:41 - [MESSAGE][INFO] - Action delay is set to 1,000 milliseconds

2022-01-17 12:53:42 - [MESSAGE][PASSED] - Browser is opened with url: ''

2022-01-17 12:53:42 - [TEST_STEP][PASSED] - navigateToUrl("http://localhost:8080/"): Navigate to 'http://localhost:8080/' successfully

2022-01-17 12:53:45 - [MESSAGE][PASSED] - Navigate to 'http://localhost:8080/' successfully

2022-01-17 12:53:45 - [TEST_STEP][PASSED] - click(findTestObject("Object Repository/Page_Element/a_Sign In")): Object: 'Object Repository/Page_Element/a_Sign In' is clicked on

2022-01-17 12:53:48 - [MESSAGE][PASSED] - Object: 'Object Repository/Page_Element/a_Sign In' is clicked on

2022-01-17 12:53:48 - [TEST_STEP][PASSED] - setText(findTestObject("Object Repository/Page_Element/input_Sign in with_username"), "ptsajfk"): Text 'ptsajfk' is set on object 'Object Repository/Page_Element/input_Sign in with_username'

2022-01-17 12:53:51 - [MESSAGE][PASSED] - Text 'ptsajfk' is set on object 'Object Repository/Page_Element/input_Sign in with_username'

2022-01-17 12:53:51 - [TEST_STEP][PASSED] - setEncryptedText(findTestObject("Object Repository/Page_Element/input_Username_password"), "nLM6O7ELZdU="): Text ****** has been set on object 'Object Repository/Page_Element/input_Username_password'

2022-01-17 12:53:54 - [MESSAGE][PASSED] - Text ****** has been set on object 'Object Repository/Page_Element/input_Username_password'

2022-01-17 12:53:54 - [TEST_STEP][PASSED] - click(findTestObject("Object Repository/Page_Element/input_Forgot password_mx_Login_submit")): Object: 'Object Repository/Page_Element/input_Forgot password_mx_Login_submit' is clicked on

2022-01-17 12:53:55 - [MESSAGE][PASSED] - Object: 'Object Repository/Page_Element/input_Forgot password_mx_Login_submit' is clicked on

2022-01-17 12:53:55 - [TEST_STEP][PASSED] - closeBrowser(): Browser is closed

2022-01-17 12:53:56 - [MESSAGE][PASSED] - Browser is closed]]></system-out>
         <system-err><![CDATA[]]></system-err>
      </testcase>
      <testcase name="Test Cases/3.Log_out" time="60.96" classname="Test Cases/3.Log_out" status="FAILED">
         <failure type="FAILED" message="Test Cases/3.Log_out FAILED.
Reason:
com.kms.katalon.core.exception.StepFailedException: Unable to click on object 'Object Repository/Page_Element/button_Sign out'
	at com.kms.katalon.core.webui.keyword.internal.WebUIKeywordMain.stepFailed(WebUIKeywordMain.groovy:64)
	at com.kms.katalon.core.webui.keyword.internal.WebUIKeywordMain.runKeyword(WebUIKeywordMain.groovy:26)
	at com.kms.katalon.core.webui.keyword.builtin.ClickKeyword.click(ClickKeyword.groovy:74)
	at com.kms.katalon.core.webui.keyword.builtin.ClickKeyword.execute(ClickKeyword.groovy:40)
	at com.kms.katalon.core.keyword.internal.KeywordExecutor.executeKeywordForPlatform(KeywordExecutor.groovy:74)
	at com.kms.katalon.core.webui.keyword.WebUiBuiltInKeywords.click(WebUiBuiltInKeywords.groovy:620)
	at com.kms.katalon.core.webui.keyword.WebUiBuiltInKeywords$click$1.call(Unknown Source)
	at 3.Log_out.run(3.Log_out:44)
	at com.kms.katalon.core.main.ScriptEngine.run(ScriptEngine.java:194)
	at com.kms.katalon.core.main.ScriptEngine.runScriptAsRawText(ScriptEngine.java:119)
	at com.kms.katalon.core.main.TestCaseExecutor.runScript(TestCaseExecutor.java:442)
	at com.kms.katalon.core.main.TestCaseExecutor.doExecute(TestCaseExecutor.java:433)
	at com.kms.katalon.core.main.TestCaseExecutor.processExecutionPhase(TestCaseExecutor.java:412)
	at com.kms.katalon.core.main.TestCaseExecutor.accessMainPhase(TestCaseExecutor.java:404)
	at com.kms.katalon.core.main.TestCaseExecutor.execute(TestCaseExecutor.java:281)
	at com.kms.katalon.core.main.TestSuiteExecutor.accessTestCaseMainPhase(TestSuiteExecutor.java:202)
	at com.kms.katalon.core.main.TestSuiteExecutor.accessTestSuiteMainPhase(TestSuiteExecutor.java:164)
	at com.kms.katalon.core.main.TestSuiteExecutor.execute(TestSuiteExecutor.java:105)
	at com.kms.katalon.core.main.TestCaseMain.startTestSuite(TestCaseMain.java:181)
	at com.kms.katalon.core.main.TestCaseMain$startTestSuite$0.call(Unknown Source)
	at TempTestSuite1642398411696.run(TempTestSuite1642398411696.groovy:36)
Caused by: com.kms.katalon.core.webui.exception.WebElementNotFoundException: Web element with id: 'Object Repository/Page_Element/button_Sign out' located by '(//button[@type='button'])[2]' not found
	at com.kms.katalon.core.webui.common.WebUiCommonHelper.findWebElement(WebUiCommonHelper.java:1368)
	at com.kms.katalon.core.webui.keyword.internal.WebUIAbstractKeyword.findWebElement(WebUIAbstractKeyword.groovy:27)
	at com.kms.katalon.core.webui.keyword.builtin.ClickKeyword$_click_closure1.doCall(ClickKeyword.groovy:65)
	at com.kms.katalon.core.webui.keyword.builtin.ClickKeyword$_click_closure1.call(ClickKeyword.groovy)
	at com.kms.katalon.core.webui.keyword.internal.WebUIKeywordMain.runKeyword(WebUIKeywordMain.groovy:20)
	... 19 more
"/>
         <system-out><![CDATA[2022-01-17 12:53:56 - [TEST_CASE][FAILED] - Test Cases/3.Log_out: Test Cases/3.Log_out FAILED.
Reason:
com.kms.katalon.core.exception.StepFailedException: Unable to click on object 'Object Repository/Page_Element/button_Sign out'
	at com.kms.katalon.core.webui.keyword.internal.WebUIKeywordMain.stepFailed(WebUIKeywordMain.groovy:64)
	at com.kms.katalon.core.webui.keyword.internal.WebUIKeywordMain.runKeyword(WebUIKeywordMain.groovy:26)
	at com.kms.katalon.core.webui.keyword.builtin.ClickKeyword.click(ClickKeyword.groovy:74)
	at com.kms.katalon.core.webui.keyword.builtin.ClickKeyword.execute(ClickKeyword.groovy:40)
	at com.kms.katalon.core.keyword.internal.KeywordExecutor.executeKeywordForPlatform(KeywordExecutor.groovy:74)
	at com.kms.katalon.core.webui.keyword.WebUiBuiltInKeywords.click(WebUiBuiltInKeywords.groovy:620)
	at com.kms.katalon.core.webui.keyword.WebUiBuiltInKeywords$click$1.call(Unknown Source)
	at 3.Log_out.run(3.Log_out:44)
	at com.kms.katalon.core.main.ScriptEngine.run(ScriptEngine.java:194)
	at com.kms.katalon.core.main.ScriptEngine.runScriptAsRawText(ScriptEngine.java:119)
	at com.kms.katalon.core.main.TestCaseExecutor.runScript(TestCaseExecutor.java:442)
	at com.kms.katalon.core.main.TestCaseExecutor.doExecute(TestCaseExecutor.java:433)
	at com.kms.katalon.core.main.TestCaseExecutor.processExecutionPhase(TestCaseExecutor.java:412)
	at com.kms.katalon.core.main.TestCaseExecutor.accessMainPhase(TestCaseExecutor.java:404)
	at com.kms.katalon.core.main.TestCaseExecutor.execute(TestCaseExecutor.java:281)
	at com.kms.katalon.core.main.TestSuiteExecutor.accessTestCaseMainPhase(TestSuiteExecutor.java:202)
	at com.kms.katalon.core.main.TestSuiteExecutor.accessTestSuiteMainPhase(TestSuiteExecutor.java:164)
	at com.kms.katalon.core.main.TestSuiteExecutor.execute(TestSuiteExecutor.java:105)
	at com.kms.katalon.core.main.TestCaseMain.startTestSuite(TestCaseMain.java:181)
	at com.kms.katalon.core.main.TestCaseMain$startTestSuite$0.call(Unknown Source)
	at TempTestSuite1642398411696.run(TempTestSuite1642398411696.groovy:36)
Caused by: com.kms.katalon.core.webui.exception.WebElementNotFoundException: Web element with id: 'Object Repository/Page_Element/button_Sign out' located by '(//button[@type='button'])[2]' not found
	at com.kms.katalon.core.webui.common.WebUiCommonHelper.findWebElement(WebUiCommonHelper.java:1368)
	at com.kms.katalon.core.webui.keyword.internal.WebUIAbstractKeyword.findWebElement(WebUIAbstractKeyword.groovy:27)
	at com.kms.katalon.core.webui.keyword.builtin.ClickKeyword$_click_closure1.doCall(ClickKeyword.groovy:65)
	at com.kms.katalon.core.webui.keyword.builtin.ClickKeyword$_click_closure1.call(ClickKeyword.groovy)
	at com.kms.katalon.core.webui.keyword.internal.WebUIKeywordMain.runKeyword(WebUIKeywordMain.groovy:20)
	... 19 more


2022-01-17 12:53:56 - [TEST_STEP][PASSED] - openBrowser(""): Browser is opened with url: ''

2022-01-17 12:53:56 - [MESSAGE][INFO] - Starting 'Chrome' driver

2022-01-17 12:53:56 - [MESSAGE][INFO] - Action delay is set to 1,000 milliseconds

2022-01-17 12:53:57 - [MESSAGE][PASSED] - Browser is opened with url: ''

2022-01-17 12:53:57 - [TEST_STEP][PASSED] - navigateToUrl("http://localhost:8080/"): Navigate to 'http://localhost:8080/' successfully

2022-01-17 12:54:01 - [MESSAGE][PASSED] - Navigate to 'http://localhost:8080/' successfully

2022-01-17 12:54:01 - [TEST_STEP][PASSED] - click(findTestObject("Object Repository/Page_Element/a_Sign In")): Object: 'Object Repository/Page_Element/a_Sign In' is clicked on

2022-01-17 12:54:05 - [MESSAGE][PASSED] - Object: 'Object Repository/Page_Element/a_Sign In' is clicked on

2022-01-17 12:54:05 - [TEST_STEP][PASSED] - setText(findTestObject("Object Repository/Page_Element/input_Sign in with_username"), "ptnha19"): Text 'ptnha19' is set on object 'Object Repository/Page_Element/input_Sign in with_username'

2022-01-17 12:54:08 - [MESSAGE][PASSED] - Text 'ptnha19' is set on object 'Object Repository/Page_Element/input_Sign in with_username'

2022-01-17 12:54:08 - [TEST_STEP][PASSED] - setEncryptedText(findTestObject("Object Repository/Page_Element/input_Username_password"), "5R3Ima4A+eOeCrCDRGMLmJpaGR3V3+YI"): Text ****** has been set on object 'Object Repository/Page_Element/input_Username_password'

2022-01-17 12:54:10 - [MESSAGE][PASSED] - Text ****** has been set on object 'Object Repository/Page_Element/input_Username_password'

2022-01-17 12:54:10 - [TEST_STEP][PASSED] - click(findTestObject("Object Repository/Page_Element/input_Forgot password_mx_Login_submit")): Object: 'Object Repository/Page_Element/input_Forgot password_mx_Login_submit' is clicked on

2022-01-17 12:54:12 - [MESSAGE][PASSED] - Object: 'Object Repository/Page_Element/input_Forgot password_mx_Login_submit' is clicked on

2022-01-17 12:54:12 - [TEST_STEP][PASSED] - click(findTestObject("Object Repository/Page_Element/div_Verify with Security Key")): Object: 'Object Repository/Page_Element/div_Verify with Security Key' is clicked on

2022-01-17 12:54:17 - [MESSAGE][PASSED] - Object: 'Object Repository/Page_Element/div_Verify with Security Key' is clicked on

2022-01-17 12:54:17 - [TEST_STEP][PASSED] - setEncryptedText(findTestObject("Object Repository/Page_Element/input_Security Key_mx_Field_4"), "PF4jXtbe/5x5+S5PgN4Kl/QbANAkWZYKqKaG9gW6gn+Po31AOnak0DX8GoEzAUkskgpeON1UhfEqZG0XXngJPA=="): Text ****** has been set on object 'Object Repository/Page_Element/input_Security Key_mx_Field_4'

2022-01-17 12:54:20 - [MESSAGE][PASSED] - Text ****** has been set on object 'Object Repository/Page_Element/input_Security Key_mx_Field_4'

2022-01-17 12:54:20 - [TEST_STEP][PASSED] - click(findTestObject("Object Repository/Page_Element/button_Continue")): Object: 'Object Repository/Page_Element/button_Continue' is clicked on

2022-01-17 12:54:21 - [MESSAGE][PASSED] - Object: 'Object Repository/Page_Element/button_Continue' is clicked on

2022-01-17 12:54:21 - [TEST_STEP][PASSED] - click(findTestObject("Object Repository/Page_Element/div_Done")): Object: 'Object Repository/Page_Element/div_Done' is clicked on

2022-01-17 12:54:23 - [MESSAGE][PASSED] - Object: 'Object Repository/Page_Element/div_Done' is clicked on

2022-01-17 12:54:23 - [TEST_STEP][PASSED] - click(findTestObject("Object Repository/Page_Element/img_Enable_mx_BaseAvatar_image")): Object: 'Object Repository/Page_Element/img_Enable_mx_BaseAvatar_image' is clicked on

2022-01-17 12:54:24 - [MESSAGE][PASSED] - Object: 'Object Repository/Page_Element/img_Enable_mx_BaseAvatar_image' is clicked on

2022-01-17 12:54:24 - [TEST_STEP][PASSED] - click(findTestObject("Object Repository/Page_Element/span_Sign out")): Object: 'Object Repository/Page_Element/span_Sign out' is clicked on

2022-01-17 12:54:26 - [MESSAGE][PASSED] - Object: 'Object Repository/Page_Element/span_Sign out' is clicked on

2022-01-17 12:54:26 - [TEST_STEP][FAILED] - click(findTestObject("Object Repository/Page_Element/button_Sign out")): Unable to click on object 'Object Repository/Page_Element/button_Sign out' (Root cause: com.kms.katalon.core.exception.StepFailedException: Unable to click on object 'Object Repository/Page_Element/button_Sign out'
	at com.kms.katalon.core.webui.keyword.internal.WebUIKeywordMain.stepFailed(WebUIKeywordMain.groovy:64)
	at com.kms.katalon.core.webui.keyword.internal.WebUIKeywordMain.runKeyword(WebUIKeywordMain.groovy:26)
	at com.kms.katalon.core.webui.keyword.builtin.ClickKeyword.click(ClickKeyword.groovy:74)
	at com.kms.katalon.core.webui.keyword.builtin.ClickKeyword.execute(ClickKeyword.groovy:40)
	at com.kms.katalon.core.keyword.internal.KeywordExecutor.executeKeywordForPlatform(KeywordExecutor.groovy:74)
	at com.kms.katalon.core.webui.keyword.WebUiBuiltInKeywords.click(WebUiBuiltInKeywords.groovy:620)
	at com.kms.katalon.core.webui.keyword.WebUiBuiltInKeywords$click$1.call(Unknown Source)
	at 3.Log_out.run(3.Log_out:44)
	at com.kms.katalon.core.main.ScriptEngine.run(ScriptEngine.java:194)
	at com.kms.katalon.core.main.ScriptEngine.runScriptAsRawText(ScriptEngine.java:119)
	at com.kms.katalon.core.main.TestCaseExecutor.runScript(TestCaseExecutor.java:442)
	at com.kms.katalon.core.main.TestCaseExecutor.doExecute(TestCaseExecutor.java:433)
	at com.kms.katalon.core.main.TestCaseExecutor.processExecutionPhase(TestCaseExecutor.java:412)
	at com.kms.katalon.core.main.TestCaseExecutor.accessMainPhase(TestCaseExecutor.java:404)
	at com.kms.katalon.core.main.TestCaseExecutor.execute(TestCaseExecutor.java:281)
	at com.kms.katalon.core.main.TestSuiteExecutor.accessTestCaseMainPhase(TestSuiteExecutor.java:202)
	at com.kms.katalon.core.main.TestSuiteExecutor.accessTestSuiteMainPhase(TestSuiteExecutor.java:164)
	at com.kms.katalon.core.main.TestSuiteExecutor.execute(TestSuiteExecutor.java:105)
	at com.kms.katalon.core.main.TestCaseMain.startTestSuite(TestCaseMain.java:181)
	at com.kms.katalon.core.main.TestCaseMain$startTestSuite$0.call(Unknown Source)
	at TempTestSuite1642398411696.run(TempTestSuite1642398411696.groovy:36)
Caused by: com.kms.katalon.core.webui.exception.WebElementNotFoundException: Web element with id: 'Object Repository/Page_Element/button_Sign out' located by '(//button[@type='button'])[2]' not found
	at com.kms.katalon.core.webui.common.WebUiCommonHelper.findWebElement(WebUiCommonHelper.java:1368)
	at com.kms.katalon.core.webui.keyword.internal.WebUIAbstractKeyword.findWebElement(WebUIAbstractKeyword.groovy:27)
	at com.kms.katalon.core.webui.keyword.builtin.ClickKeyword$_click_closure1.doCall(ClickKeyword.groovy:65)
	at com.kms.katalon.core.webui.keyword.builtin.ClickKeyword$_click_closure1.call(ClickKeyword.groovy)
	at com.kms.katalon.core.webui.keyword.internal.WebUIKeywordMain.runKeyword(WebUIKeywordMain.groovy:20)
	at com.kms.katalon.core.webui.keyword.builtin.ClickKeyword.click(ClickKeyword.groovy:74)
	at com.kms.katalon.core.webui.keyword.builtin.ClickKeyword.execute(ClickKeyword.groovy:40)
	at com.kms.katalon.core.keyword.internal.KeywordExecutor.executeKeywordForPlatform(KeywordExecutor.groovy:74)
	at com.kms.katalon.core.webui.keyword.WebUiBuiltInKeywords.click(WebUiBuiltInKeywords.groovy:620)
	at com.kms.katalon.core.webui.keyword.WebUiBuiltInKeywords$click$1.call(Unknown Source)
	at Script1641787737046.run(Script1641787737046.groovy:44)
	... 13 more
)

2022-01-17 12:54:57 - [MESSAGE][INFO] - Unable to find the element located by 'By.xpath: (//button[@type='button'])[2]'. Please recheck the objects properties to make sure the desired element is located. 

2022-01-17 12:54:57 - [MESSAGE][FAILED] - Unable to click on object 'Object Repository/Page_Element/button_Sign out' (Root cause: com.kms.katalon.core.exception.StepFailedException: Unable to click on object 'Object Repository/Page_Element/button_Sign out'
	at com.kms.katalon.core.webui.keyword.internal.WebUIKeywordMain.stepFailed(WebUIKeywordMain.groovy:64)
	at com.kms.katalon.core.webui.keyword.internal.WebUIKeywordMain.runKeyword(WebUIKeywordMain.groovy:26)
	at com.kms.katalon.core.webui.keyword.builtin.ClickKeyword.click(ClickKeyword.groovy:74)
	at com.kms.katalon.core.webui.keyword.builtin.ClickKeyword.execute(ClickKeyword.groovy:40)
	at com.kms.katalon.core.keyword.internal.KeywordExecutor.executeKeywordForPlatform(KeywordExecutor.groovy:74)
	at com.kms.katalon.core.webui.keyword.WebUiBuiltInKeywords.click(WebUiBuiltInKeywords.groovy:620)
	at com.kms.katalon.core.webui.keyword.WebUiBuiltInKeywords$click$1.call(Unknown Source)
	at 3.Log_out.run(3.Log_out:44)
	at com.kms.katalon.core.main.ScriptEngine.run(ScriptEngine.java:194)
	at com.kms.katalon.core.main.ScriptEngine.runScriptAsRawText(ScriptEngine.java:119)
	at com.kms.katalon.core.main.TestCaseExecutor.runScript(TestCaseExecutor.java:442)
	at com.kms.katalon.core.main.TestCaseExecutor.doExecute(TestCaseExecutor.java:433)
	at com.kms.katalon.core.main.TestCaseExecutor.processExecutionPhase(TestCaseExecutor.java:412)
	at com.kms.katalon.core.main.TestCaseExecutor.accessMainPhase(TestCaseExecutor.java:404)
	at com.kms.katalon.core.main.TestCaseExecutor.execute(TestCaseExecutor.java:281)
	at com.kms.katalon.core.main.TestSuiteExecutor.accessTestCaseMainPhase(TestSuiteExecutor.java:202)
	at com.kms.katalon.core.main.TestSuiteExecutor.accessTestSuiteMainPhase(TestSuiteExecutor.java:164)
	at com.kms.katalon.core.main.TestSuiteExecutor.execute(TestSuiteExecutor.java:105)
	at com.kms.katalon.core.main.TestCaseMain.startTestSuite(TestCaseMain.java:181)
	at com.kms.katalon.core.main.TestCaseMain$startTestSuite$0.call(Unknown Source)
	at TempTestSuite1642398411696.run(TempTestSuite1642398411696.groovy:36)
Caused by: com.kms.katalon.core.webui.exception.WebElementNotFoundException: Web element with id: 'Object Repository/Page_Element/button_Sign out' located by '(//button[@type='button'])[2]' not found
	at com.kms.katalon.core.webui.common.WebUiCommonHelper.findWebElement(WebUiCommonHelper.java:1368)
	at com.kms.katalon.core.webui.keyword.internal.WebUIAbstractKeyword.findWebElement(WebUIAbstractKeyword.groovy:27)
	at com.kms.katalon.core.webui.keyword.builtin.ClickKeyword$_click_closure1.doCall(ClickKeyword.groovy:65)
	at com.kms.katalon.core.webui.keyword.builtin.ClickKeyword$_click_closure1.call(ClickKeyword.groovy)
	at com.kms.katalon.core.webui.keyword.internal.WebUIKeywordMain.runKeyword(WebUIKeywordMain.groovy:20)
	at com.kms.katalon.core.webui.keyword.builtin.ClickKeyword.click(ClickKeyword.groovy:74)
	at com.kms.katalon.core.webui.keyword.builtin.ClickKeyword.execute(ClickKeyword.groovy:40)
	at com.kms.katalon.core.keyword.internal.KeywordExecutor.executeKeywordForPlatform(KeywordExecutor.groovy:74)
	at com.kms.katalon.core.webui.keyword.WebUiBuiltInKeywords.click(WebUiBuiltInKeywords.groovy:620)
	at com.kms.katalon.core.webui.keyword.WebUiBuiltInKeywords$click$1.call(Unknown Source)
	at Script1641787737046.run(Script1641787737046.groovy:44)
	... 13 more
)
[[ATTACHMENT|D:\\Bonus-SE\\Katalon_pj\\Bonus_SE\\Reports\\20220117_124651\\Run all test case\\20220117_124651\\1642398897140.png]]]]></system-out>
         <system-err><![CDATA[2022-01-17 12:53:56 - [TEST_CASE][FAILED] - Test Cases/3.Log_out: Test Cases/3.Log_out FAILED.
Reason:
com.kms.katalon.core.exception.StepFailedException: Unable to click on object 'Object Repository/Page_Element/button_Sign out'
	at com.kms.katalon.core.webui.keyword.internal.WebUIKeywordMain.stepFailed(WebUIKeywordMain.groovy:64)
	at com.kms.katalon.core.webui.keyword.internal.WebUIKeywordMain.runKeyword(WebUIKeywordMain.groovy:26)
	at com.kms.katalon.core.webui.keyword.builtin.ClickKeyword.click(ClickKeyword.groovy:74)
	at com.kms.katalon.core.webui.keyword.builtin.ClickKeyword.execute(ClickKeyword.groovy:40)
	at com.kms.katalon.core.keyword.internal.KeywordExecutor.executeKeywordForPlatform(KeywordExecutor.groovy:74)
	at com.kms.katalon.core.webui.keyword.WebUiBuiltInKeywords.click(WebUiBuiltInKeywords.groovy:620)
	at com.kms.katalon.core.webui.keyword.WebUiBuiltInKeywords$click$1.call(Unknown Source)
	at 3.Log_out.run(3.Log_out:44)
	at com.kms.katalon.core.main.ScriptEngine.run(ScriptEngine.java:194)
	at com.kms.katalon.core.main.ScriptEngine.runScriptAsRawText(ScriptEngine.java:119)
	at com.kms.katalon.core.main.TestCaseExecutor.runScript(TestCaseExecutor.java:442)
	at com.kms.katalon.core.main.TestCaseExecutor.doExecute(TestCaseExecutor.java:433)
	at com.kms.katalon.core.main.TestCaseExecutor.processExecutionPhase(TestCaseExecutor.java:412)
	at com.kms.katalon.core.main.TestCaseExecutor.accessMainPhase(TestCaseExecutor.java:404)
	at com.kms.katalon.core.main.TestCaseExecutor.execute(TestCaseExecutor.java:281)
	at com.kms.katalon.core.main.TestSuiteExecutor.accessTestCaseMainPhase(TestSuiteExecutor.java:202)
	at com.kms.katalon.core.main.TestSuiteExecutor.accessTestSuiteMainPhase(TestSuiteExecutor.java:164)
	at com.kms.katalon.core.main.TestSuiteExecutor.execute(TestSuiteExecutor.java:105)
	at com.kms.katalon.core.main.TestCaseMain.startTestSuite(TestCaseMain.java:181)
	at com.kms.katalon.core.main.TestCaseMain$startTestSuite$0.call(Unknown Source)
	at TempTestSuite1642398411696.run(TempTestSuite1642398411696.groovy:36)
Caused by: com.kms.katalon.core.webui.exception.WebElementNotFoundException: Web element with id: 'Object Repository/Page_Element/button_Sign out' located by '(//button[@type='button'])[2]' not found
	at com.kms.katalon.core.webui.common.WebUiCommonHelper.findWebElement(WebUiCommonHelper.java:1368)
	at com.kms.katalon.core.webui.keyword.internal.WebUIAbstractKeyword.findWebElement(WebUIAbstractKeyword.groovy:27)
	at com.kms.katalon.core.webui.keyword.builtin.ClickKeyword$_click_closure1.doCall(ClickKeyword.groovy:65)
	at com.kms.katalon.core.webui.keyword.builtin.ClickKeyword$_click_closure1.call(ClickKeyword.groovy)
	at com.kms.katalon.core.webui.keyword.internal.WebUIKeywordMain.runKeyword(WebUIKeywordMain.groovy:20)
	... 19 more]]></system-err>
      </testcase>
      <testcase name="Test Cases/4.Create_private_room" time="39.572" classname="Test Cases/4.Create_private_room" status="PASSED">
         <system-out><![CDATA[2022-01-17 12:54:57 - [TEST_CASE][PASSED] - Test Cases/4.Create_private_room: Test Cases/4.Create_private_room

2022-01-17 12:54:57 - [TEST_STEP][PASSED] - openBrowser(""): Browser is opened with url: ''

2022-01-17 12:54:57 - [MESSAGE][WARNING] - A browser is already opened. Closing browser and opening a new one

2022-01-17 12:54:58 - [MESSAGE][INFO] - Starting 'Chrome' driver

2022-01-17 12:54:58 - [MESSAGE][INFO] - Action delay is set to 1,000 milliseconds

2022-01-17 12:54:59 - [MESSAGE][PASSED] - Browser is opened with url: ''

2022-01-17 12:54:59 - [TEST_STEP][PASSED] - navigateToUrl("http://localhost:8080/"): Navigate to 'http://localhost:8080/' successfully

2022-01-17 12:55:02 - [MESSAGE][PASSED] - Navigate to 'http://localhost:8080/' successfully

2022-01-17 12:55:02 - [TEST_STEP][PASSED] - click(findTestObject("Object Repository/Page_Element/a_Sign In")): Object: 'Object Repository/Page_Element/a_Sign In' is clicked on

2022-01-17 12:55:07 - [MESSAGE][PASSED] - Object: 'Object Repository/Page_Element/a_Sign In' is clicked on

2022-01-17 12:55:07 - [TEST_STEP][PASSED] - setText(findTestObject("Object Repository/Page_Element/input_Sign in with_username"), "ptnha19"): Text 'ptnha19' is set on object 'Object Repository/Page_Element/input_Sign in with_username'

2022-01-17 12:55:10 - [MESSAGE][PASSED] - Text 'ptnha19' is set on object 'Object Repository/Page_Element/input_Sign in with_username'

2022-01-17 12:55:10 - [TEST_STEP][PASSED] - setEncryptedText(findTestObject("Object Repository/Page_Element/input_Username_password"), "5R3Ima4A+eOeCrCDRGMLmJpaGR3V3+YI"): Text ****** has been set on object 'Object Repository/Page_Element/input_Username_password'

2022-01-17 12:55:12 - [MESSAGE][PASSED] - Text ****** has been set on object 'Object Repository/Page_Element/input_Username_password'

2022-01-17 12:55:12 - [TEST_STEP][PASSED] - click(findTestObject("Object Repository/Page_Element/input_Forgot password_mx_Login_submit")): Object: 'Object Repository/Page_Element/input_Forgot password_mx_Login_submit' is clicked on

2022-01-17 12:55:14 - [MESSAGE][PASSED] - Object: 'Object Repository/Page_Element/input_Forgot password_mx_Login_submit' is clicked on

2022-01-17 12:55:14 - [TEST_STEP][PASSED] - click(findTestObject("Object Repository/Page_Element/div_Verify with Security Key")): Object: 'Object Repository/Page_Element/div_Verify with Security Key' is clicked on

2022-01-17 12:55:19 - [MESSAGE][PASSED] - Object: 'Object Repository/Page_Element/div_Verify with Security Key' is clicked on

2022-01-17 12:55:19 - [TEST_STEP][PASSED] - click(findTestObject("Object Repository/Page_Element/p_Use your Security Key to continue")): Object: 'Object Repository/Page_Element/p_Use your Security Key to continue' is clicked on

2022-01-17 12:55:22 - [MESSAGE][PASSED] - Object: 'Object Repository/Page_Element/p_Use your Security Key to continue' is clicked on

2022-01-17 12:55:22 - [TEST_STEP][PASSED] - setEncryptedText(findTestObject("Object Repository/Page_Element/input_Security Key_mx_Field_4"), "PF4jXtbe/5x5+S5PgN4Kl/QbANAkWZYKqKaG9gW6gn+Po31AOnak0DX8GoEzAUkskgpeON1UhfEqZG0XXngJPA=="): Text ****** has been set on object 'Object Repository/Page_Element/input_Security Key_mx_Field_4'

2022-01-17 12:55:24 - [MESSAGE][PASSED] - Text ****** has been set on object 'Object Repository/Page_Element/input_Security Key_mx_Field_4'

2022-01-17 12:55:24 - [TEST_STEP][PASSED] - click(findTestObject("Object Repository/Page_Element/button_Continue")): Object: 'Object Repository/Page_Element/button_Continue' is clicked on

2022-01-17 12:55:26 - [MESSAGE][PASSED] - Object: 'Object Repository/Page_Element/button_Continue' is clicked on

2022-01-17 12:55:26 - [TEST_STEP][PASSED] - click(findTestObject("Object Repository/Page_Element/div_Done")): Object: 'Object Repository/Page_Element/div_Done' is clicked on

2022-01-17 12:55:28 - [MESSAGE][PASSED] - Object: 'Object Repository/Page_Element/div_Done' is clicked on

2022-01-17 12:55:28 - [TEST_STEP][PASSED] - click(findTestObject("Object Repository/Page_Element/div_Rooms_mx_AccessibleButton mx_RoomSublis_27fc2e")): Object: 'Object Repository/Page_Element/div_Rooms_mx_AccessibleButton mx_RoomSublis_27fc2e' is clicked on

2022-01-17 12:55:29 - [MESSAGE][PASSED] - Object: 'Object Repository/Page_Element/div_Rooms_mx_AccessibleButton mx_RoomSublis_27fc2e' is clicked on

2022-01-17 12:55:29 - [TEST_STEP][PASSED] - click(findTestObject("Object Repository/Page_Element/span_Create new room")): Object: 'Object Repository/Page_Element/span_Create new room' is clicked on

2022-01-17 12:55:30 - [MESSAGE][PASSED] - Object: 'Object Repository/Page_Element/span_Create new room' is clicked on

2022-01-17 12:55:30 - [TEST_STEP][PASSED] - setText(findTestObject("Object Repository/Page_Element/input_Create a private room_mx_Field_5"), "Room1"): Text 'Room1' is set on object 'Object Repository/Page_Element/input_Create a private room_mx_Field_5'

2022-01-17 12:55:33 - [MESSAGE][PASSED] - Text 'Room1' is set on object 'Object Repository/Page_Element/input_Create a private room_mx_Field_5'

2022-01-17 12:55:33 - [TEST_STEP][PASSED] - click(findTestObject("Object Repository/Page_Element/button_Create Room")): Object: 'Object Repository/Page_Element/button_Create Room' is clicked on

2022-01-17 12:55:34 - [MESSAGE][PASSED] - Object: 'Object Repository/Page_Element/button_Create Room' is clicked on

2022-01-17 12:55:34 - [TEST_STEP][PASSED] - click(findTestObject("Object Repository/Page_Element  Empty room/div_Room1")): Object: 'Object Repository/Page_Element  Empty room/div_Room1' is clicked on

2022-01-17 12:55:36 - [MESSAGE][PASSED] - Object: 'Object Repository/Page_Element  Empty room/div_Room1' is clicked on

2022-01-17 12:55:36 - [TEST_STEP][PASSED] - closeBrowser(): Browser is closed

2022-01-17 12:55:36 - [MESSAGE][PASSED] - Browser is closed]]></system-out>
         <system-err><![CDATA[]]></system-err>
      </testcase>
      <testcase name="Test Cases/6.Search_join_public_room" time="62.574" classname="Test Cases/6.Search_join_public_room" status="FAILED">
         <failure type="FAILED" message="Test Cases/6.Search_join_public_room FAILED.
Reason:
com.kms.katalon.core.exception.StepFailedException: Unable to click on object 'Object Repository/Page_Element/span_Explore public rooms'
	at com.kms.katalon.core.webui.keyword.internal.WebUIKeywordMain.stepFailed(WebUIKeywordMain.groovy:64)
	at com.kms.katalon.core.webui.keyword.internal.WebUIKeywordMain.runKeyword(WebUIKeywordMain.groovy:26)
	at com.kms.katalon.core.webui.keyword.builtin.ClickKeyword.click(ClickKeyword.groovy:74)
	at com.kms.katalon.core.webui.keyword.builtin.ClickKeyword.execute(ClickKeyword.groovy:40)
	at com.kms.katalon.core.keyword.internal.KeywordExecutor.executeKeywordForPlatform(KeywordExecutor.groovy:74)
	at com.kms.katalon.core.webui.keyword.WebUiBuiltInKeywords.click(WebUiBuiltInKeywords.groovy:620)
	at com.kms.katalon.core.webui.keyword.WebUiBuiltInKeywords$click$1.call(Unknown Source)
	at 6.Search_join_public_room.run(6.Search_join_public_room:42)
	at com.kms.katalon.core.main.ScriptEngine.run(ScriptEngine.java:194)
	at com.kms.katalon.core.main.ScriptEngine.runScriptAsRawText(ScriptEngine.java:119)
	at com.kms.katalon.core.main.TestCaseExecutor.runScript(TestCaseExecutor.java:442)
	at com.kms.katalon.core.main.TestCaseExecutor.doExecute(TestCaseExecutor.java:433)
	at com.kms.katalon.core.main.TestCaseExecutor.processExecutionPhase(TestCaseExecutor.java:412)
	at com.kms.katalon.core.main.TestCaseExecutor.accessMainPhase(TestCaseExecutor.java:404)
	at com.kms.katalon.core.main.TestCaseExecutor.execute(TestCaseExecutor.java:281)
	at com.kms.katalon.core.main.TestSuiteExecutor.accessTestCaseMainPhase(TestSuiteExecutor.java:202)
	at com.kms.katalon.core.main.TestSuiteExecutor.accessTestSuiteMainPhase(TestSuiteExecutor.java:164)
	at com.kms.katalon.core.main.TestSuiteExecutor.execute(TestSuiteExecutor.java:105)
	at com.kms.katalon.core.main.TestCaseMain.startTestSuite(TestCaseMain.java:181)
	at com.kms.katalon.core.main.TestCaseMain$startTestSuite$0.call(Unknown Source)
	at TempTestSuite1642398411696.run(TempTestSuite1642398411696.groovy:36)
Caused by: org.openqa.selenium.ElementClickInterceptedException: element click intercepted: Element &lt;span lang=&quot;en&quot;>...&lt;/span> is not clickable at point (726, 463). Other element would receive the click: &lt;div class=&quot;mx_ContextualMenu_background&quot;>&lt;/div>
  (Session info: chrome=97.0.4692.71)
Build info: version: '3.141.59', revision: 'e82be7d358', time: '2018-11-14T08:25:53'
System info: host: 'LAPTOP-RBUE6998', ip: '192.168.1.4', os.name: 'Windows 10', os.arch: 'amd64', os.version: '10.0', java.version: '1.8.0_282'
Driver info: com.kms.katalon.selenium.driver.CChromeDriver
Capabilities {acceptInsecureCerts: false, browserName: chrome, browserVersion: 97.0.4692.71, chrome: {chromedriverVersion: 97.0.4692.71 (adefa7837d02a..., userDataDir: C:\Users\TRI\AppData\Local\...}, goog:chromeOptions: {debuggerAddress: localhost:49577}, javascriptEnabled: true, networkConnectionEnabled: false, pageLoadStrategy: normal, platform: WINDOWS, platformName: WINDOWS, proxy: Proxy(), setWindowRect: true, strictFileInteractability: false, timeouts: {implicit: 0, pageLoad: 300000, script: 30000}, unhandledPromptBehavior: dismiss and notify, webauthn:extension:credBlob: true, webauthn:extension:largeBlob: true, webauthn:virtualAuthenticators: true}
Session ID: 439f27095d12102f75ba71a96902e425
	at org.openqa.selenium.remote.http.W3CHttpResponseCodec.createException(W3CHttpResponseCodec.java:187)
	at org.openqa.selenium.remote.http.W3CHttpResponseCodec.decode(W3CHttpResponseCodec.java:122)
	at org.openqa.selenium.remote.http.W3CHttpResponseCodec.decode(W3CHttpResponseCodec.java:49)
	at org.openqa.selenium.remote.HttpCommandExecutor.execute(HttpCommandExecutor.java:158)
	at org.openqa.selenium.remote.service.DriverCommandExecutor.execute(DriverCommandExecutor.java:83)
	at org.openqa.selenium.remote.RemoteWebDriver.execute(RemoteWebDriver.java:552)
	at com.kms.katalon.selenium.driver.CChromeDriver.execute(CChromeDriver.java:19)
	at org.openqa.selenium.remote.RemoteWebElement.execute(RemoteWebElement.java:285)
	at org.openqa.selenium.remote.RemoteWebElement.click(RemoteWebElement.java:84)
	at org.openqa.selenium.support.events.EventFiringWebDriver$EventFiringWebElement.lambda$new$0(EventFiringWebDriver.java:404)
	at com.sun.proxy.$Proxy11.click(Unknown Source)
	at org.openqa.selenium.support.events.EventFiringWebDriver$EventFiringWebElement.click(EventFiringWebDriver.java:417)
	at org.openqa.selenium.WebElement$click.call(Unknown Source)
	at com.kms.katalon.core.webui.keyword.builtin.ClickKeyword.clickUntilSuccessWithTimeout(ClickKeyword.groovy:81)
	at com.kms.katalon.core.webui.keyword.builtin.ClickKeyword.clickUntilSuccessWithTimeout(ClickKeyword.groovy)
	at com.kms.katalon.core.webui.keyword.builtin.ClickKeyword$_click_closure1.doCall(ClickKeyword.groovy:67)
	at com.kms.katalon.core.webui.keyword.builtin.ClickKeyword$_click_closure1.call(ClickKeyword.groovy)
	at com.kms.katalon.core.webui.keyword.internal.WebUIKeywordMain.runKeyword(WebUIKeywordMain.groovy:20)
	... 19 more
"/>
         <system-out><![CDATA[2022-01-17 12:55:36 - [TEST_CASE][FAILED] - Test Cases/6.Search_join_public_room: Test Cases/6.Search_join_public_room FAILED.
Reason:
com.kms.katalon.core.exception.StepFailedException: Unable to click on object 'Object Repository/Page_Element/span_Explore public rooms'
	at com.kms.katalon.core.webui.keyword.internal.WebUIKeywordMain.stepFailed(WebUIKeywordMain.groovy:64)
	at com.kms.katalon.core.webui.keyword.internal.WebUIKeywordMain.runKeyword(WebUIKeywordMain.groovy:26)
	at com.kms.katalon.core.webui.keyword.builtin.ClickKeyword.click(ClickKeyword.groovy:74)
	at com.kms.katalon.core.webui.keyword.builtin.ClickKeyword.execute(ClickKeyword.groovy:40)
	at com.kms.katalon.core.keyword.internal.KeywordExecutor.executeKeywordForPlatform(KeywordExecutor.groovy:74)
	at com.kms.katalon.core.webui.keyword.WebUiBuiltInKeywords.click(WebUiBuiltInKeywords.groovy:620)
	at com.kms.katalon.core.webui.keyword.WebUiBuiltInKeywords$click$1.call(Unknown Source)
	at 6.Search_join_public_room.run(6.Search_join_public_room:42)
	at com.kms.katalon.core.main.ScriptEngine.run(ScriptEngine.java:194)
	at com.kms.katalon.core.main.ScriptEngine.runScriptAsRawText(ScriptEngine.java:119)
	at com.kms.katalon.core.main.TestCaseExecutor.runScript(TestCaseExecutor.java:442)
	at com.kms.katalon.core.main.TestCaseExecutor.doExecute(TestCaseExecutor.java:433)
	at com.kms.katalon.core.main.TestCaseExecutor.processExecutionPhase(TestCaseExecutor.java:412)
	at com.kms.katalon.core.main.TestCaseExecutor.accessMainPhase(TestCaseExecutor.java:404)
	at com.kms.katalon.core.main.TestCaseExecutor.execute(TestCaseExecutor.java:281)
	at com.kms.katalon.core.main.TestSuiteExecutor.accessTestCaseMainPhase(TestSuiteExecutor.java:202)
	at com.kms.katalon.core.main.TestSuiteExecutor.accessTestSuiteMainPhase(TestSuiteExecutor.java:164)
	at com.kms.katalon.core.main.TestSuiteExecutor.execute(TestSuiteExecutor.java:105)
	at com.kms.katalon.core.main.TestCaseMain.startTestSuite(TestCaseMain.java:181)
	at com.kms.katalon.core.main.TestCaseMain$startTestSuite$0.call(Unknown Source)
	at TempTestSuite1642398411696.run(TempTestSuite1642398411696.groovy:36)
Caused by: org.openqa.selenium.ElementClickInterceptedException: element click intercepted: Element <span lang="en">...</span> is not clickable at point (726, 463). Other element would receive the click: <div class="mx_ContextualMenu_background"></div>
  (Session info: chrome=97.0.4692.71)
Build info: version: '3.141.59', revision: 'e82be7d358', time: '2018-11-14T08:25:53'
System info: host: 'LAPTOP-RBUE6998', ip: '192.168.1.4', os.name: 'Windows 10', os.arch: 'amd64', os.version: '10.0', java.version: '1.8.0_282'
Driver info: com.kms.katalon.selenium.driver.CChromeDriver
Capabilities {acceptInsecureCerts: false, browserName: chrome, browserVersion: 97.0.4692.71, chrome: {chromedriverVersion: 97.0.4692.71 (adefa7837d02a..., userDataDir: C:\Users\TRI\AppData\Local\...}, goog:chromeOptions: {debuggerAddress: localhost:49577}, javascriptEnabled: true, networkConnectionEnabled: false, pageLoadStrategy: normal, platform: WINDOWS, platformName: WINDOWS, proxy: Proxy(), setWindowRect: true, strictFileInteractability: false, timeouts: {implicit: 0, pageLoad: 300000, script: 30000}, unhandledPromptBehavior: dismiss and notify, webauthn:extension:credBlob: true, webauthn:extension:largeBlob: true, webauthn:virtualAuthenticators: true}
Session ID: 439f27095d12102f75ba71a96902e425
	at org.openqa.selenium.remote.http.W3CHttpResponseCodec.createException(W3CHttpResponseCodec.java:187)
	at org.openqa.selenium.remote.http.W3CHttpResponseCodec.decode(W3CHttpResponseCodec.java:122)
	at org.openqa.selenium.remote.http.W3CHttpResponseCodec.decode(W3CHttpResponseCodec.java:49)
	at org.openqa.selenium.remote.HttpCommandExecutor.execute(HttpCommandExecutor.java:158)
	at org.openqa.selenium.remote.service.DriverCommandExecutor.execute(DriverCommandExecutor.java:83)
	at org.openqa.selenium.remote.RemoteWebDriver.execute(RemoteWebDriver.java:552)
	at com.kms.katalon.selenium.driver.CChromeDriver.execute(CChromeDriver.java:19)
	at org.openqa.selenium.remote.RemoteWebElement.execute(RemoteWebElement.java:285)
	at org.openqa.selenium.remote.RemoteWebElement.click(RemoteWebElement.java:84)
	at org.openqa.selenium.support.events.EventFiringWebDriver$EventFiringWebElement.lambda$new$0(EventFiringWebDriver.java:404)
	at com.sun.proxy.$Proxy11.click(Unknown Source)
	at org.openqa.selenium.support.events.EventFiringWebDriver$EventFiringWebElement.click(EventFiringWebDriver.java:417)
	at org.openqa.selenium.WebElement$click.call(Unknown Source)
	at com.kms.katalon.core.webui.keyword.builtin.ClickKeyword.clickUntilSuccessWithTimeout(ClickKeyword.groovy:81)
	at com.kms.katalon.core.webui.keyword.builtin.ClickKeyword.clickUntilSuccessWithTimeout(ClickKeyword.groovy)
	at com.kms.katalon.core.webui.keyword.builtin.ClickKeyword$_click_closure1.doCall(ClickKeyword.groovy:67)
	at com.kms.katalon.core.webui.keyword.builtin.ClickKeyword$_click_closure1.call(ClickKeyword.groovy)
	at com.kms.katalon.core.webui.keyword.internal.WebUIKeywordMain.runKeyword(WebUIKeywordMain.groovy:20)
	... 19 more


2022-01-17 12:55:37 - [TEST_STEP][PASSED] - openBrowser(""): Browser is opened with url: ''

2022-01-17 12:55:37 - [MESSAGE][INFO] - Starting 'Chrome' driver

2022-01-17 12:55:37 - [MESSAGE][INFO] - Action delay is set to 1,000 milliseconds

2022-01-17 12:55:38 - [MESSAGE][PASSED] - Browser is opened with url: ''

2022-01-17 12:55:38 - [TEST_STEP][PASSED] - navigateToUrl("http://localhost:8080/"): Navigate to 'http://localhost:8080/' successfully

2022-01-17 12:55:41 - [MESSAGE][PASSED] - Navigate to 'http://localhost:8080/' successfully

2022-01-17 12:55:41 - [TEST_STEP][PASSED] - click(findTestObject("Object Repository/Page_Element/a_Sign In")): Object: 'Object Repository/Page_Element/a_Sign In' is clicked on

2022-01-17 12:55:45 - [MESSAGE][PASSED] - Object: 'Object Repository/Page_Element/a_Sign In' is clicked on

2022-01-17 12:55:45 - [TEST_STEP][PASSED] - setText(findTestObject("Object Repository/Page_Element/input_Sign in with_username"), "ptnha19"): Text 'ptnha19' is set on object 'Object Repository/Page_Element/input_Sign in with_username'

2022-01-17 12:55:49 - [MESSAGE][PASSED] - Text 'ptnha19' is set on object 'Object Repository/Page_Element/input_Sign in with_username'

2022-01-17 12:55:49 - [TEST_STEP][PASSED] - setEncryptedText(findTestObject("Object Repository/Page_Element/input_Username_password"), "5R3Ima4A+eOeCrCDRGMLmJpaGR3V3+YI"): Text ****** has been set on object 'Object Repository/Page_Element/input_Username_password'

2022-01-17 12:55:51 - [MESSAGE][PASSED] - Text ****** has been set on object 'Object Repository/Page_Element/input_Username_password'

2022-01-17 12:55:51 - [TEST_STEP][PASSED] - click(findTestObject("Object Repository/Page_Element/input_Forgot password_mx_Login_submit")): Object: 'Object Repository/Page_Element/input_Forgot password_mx_Login_submit' is clicked on

2022-01-17 12:55:52 - [MESSAGE][PASSED] - Object: 'Object Repository/Page_Element/input_Forgot password_mx_Login_submit' is clicked on

2022-01-17 12:55:52 - [TEST_STEP][PASSED] - click(findTestObject("Object Repository/Page_Element/div_Verify with Security Key")): Object: 'Object Repository/Page_Element/div_Verify with Security Key' is clicked on

2022-01-17 12:55:58 - [MESSAGE][PASSED] - Object: 'Object Repository/Page_Element/div_Verify with Security Key' is clicked on

2022-01-17 12:55:58 - [TEST_STEP][PASSED] - setEncryptedText(findTestObject("Object Repository/Page_Element/input_Security Key_mx_Field_4"), "PF4jXtbe/5x5+S5PgN4Kl/QbANAkWZYKqKaG9gW6gn+Po31AOnak0DX8GoEzAUkskgpeON1UhfEqZG0XXngJPA=="): Text ****** has been set on object 'Object Repository/Page_Element/input_Security Key_mx_Field_4'

2022-01-17 12:56:00 - [MESSAGE][PASSED] - Text ****** has been set on object 'Object Repository/Page_Element/input_Security Key_mx_Field_4'

2022-01-17 12:56:00 - [TEST_STEP][PASSED] - click(findTestObject("Object Repository/Page_Element/button_Continue")): Object: 'Object Repository/Page_Element/button_Continue' is clicked on

2022-01-17 12:56:01 - [MESSAGE][PASSED] - Object: 'Object Repository/Page_Element/button_Continue' is clicked on

2022-01-17 12:56:01 - [TEST_STEP][PASSED] - click(findTestObject("Object Repository/Page_Element/div_Done")): Object: 'Object Repository/Page_Element/div_Done' is clicked on

2022-01-17 12:56:03 - [MESSAGE][PASSED] - Object: 'Object Repository/Page_Element/div_Done' is clicked on

2022-01-17 12:56:03 - [TEST_STEP][PASSED] - click(findTestObject("Object Repository/Page_Element/div_Rooms_mx_AccessibleButton mx_RoomSublis_27fc2e")): Object: 'Object Repository/Page_Element/div_Rooms_mx_AccessibleButton mx_RoomSublis_27fc2e' is clicked on

2022-01-17 12:56:05 - [MESSAGE][PASSED] - Object: 'Object Repository/Page_Element/div_Rooms_mx_AccessibleButton mx_RoomSublis_27fc2e' is clicked on

2022-01-17 12:56:05 - [TEST_STEP][FAILED] - click(findTestObject("Object Repository/Page_Element/span_Explore public rooms")): Unable to click on object 'Object Repository/Page_Element/span_Explore public rooms' (Root cause: com.kms.katalon.core.exception.StepFailedException: Unable to click on object 'Object Repository/Page_Element/span_Explore public rooms'
	at com.kms.katalon.core.webui.keyword.internal.WebUIKeywordMain.stepFailed(WebUIKeywordMain.groovy:64)
	at com.kms.katalon.core.webui.keyword.internal.WebUIKeywordMain.runKeyword(WebUIKeywordMain.groovy:26)
	at com.kms.katalon.core.webui.keyword.builtin.ClickKeyword.click(ClickKeyword.groovy:74)
	at com.kms.katalon.core.webui.keyword.builtin.ClickKeyword.execute(ClickKeyword.groovy:40)
	at com.kms.katalon.core.keyword.internal.KeywordExecutor.executeKeywordForPlatform(KeywordExecutor.groovy:74)
	at com.kms.katalon.core.webui.keyword.WebUiBuiltInKeywords.click(WebUiBuiltInKeywords.groovy:620)
	at com.kms.katalon.core.webui.keyword.WebUiBuiltInKeywords$click$1.call(Unknown Source)
	at 6.Search_join_public_room.run(6.Search_join_public_room:42)
	at com.kms.katalon.core.main.ScriptEngine.run(ScriptEngine.java:194)
	at com.kms.katalon.core.main.ScriptEngine.runScriptAsRawText(ScriptEngine.java:119)
	at com.kms.katalon.core.main.TestCaseExecutor.runScript(TestCaseExecutor.java:442)
	at com.kms.katalon.core.main.TestCaseExecutor.doExecute(TestCaseExecutor.java:433)
	at com.kms.katalon.core.main.TestCaseExecutor.processExecutionPhase(TestCaseExecutor.java:412)
	at com.kms.katalon.core.main.TestCaseExecutor.accessMainPhase(TestCaseExecutor.java:404)
	at com.kms.katalon.core.main.TestCaseExecutor.execute(TestCaseExecutor.java:281)
	at com.kms.katalon.core.main.TestSuiteExecutor.accessTestCaseMainPhase(TestSuiteExecutor.java:202)
	at com.kms.katalon.core.main.TestSuiteExecutor.accessTestSuiteMainPhase(TestSuiteExecutor.java:164)
	at com.kms.katalon.core.main.TestSuiteExecutor.execute(TestSuiteExecutor.java:105)
	at com.kms.katalon.core.main.TestCaseMain.startTestSuite(TestCaseMain.java:181)
	at com.kms.katalon.core.main.TestCaseMain$startTestSuite$0.call(Unknown Source)
	at TempTestSuite1642398411696.run(TempTestSuite1642398411696.groovy:36)
Caused by: org.openqa.selenium.ElementClickInterceptedException: element click intercepted: Element <span lang="en">...</span> is not clickable at point (726, 463). Other element would receive the click: <div class="mx_ContextualMenu_background"></div>
  (Session info: chrome=97.0.4692.71)
Build info: version: '3.141.59', revision: 'e82be7d358', time: '2018-11-14T08:25:53'
System info: host: 'LAPTOP-RBUE6998', ip: '192.168.1.4', os.name: 'Windows 10', os.arch: 'amd64', os.version: '10.0', java.version: '1.8.0_282'
Driver info: com.kms.katalon.selenium.driver.CChromeDriver
Capabilities {acceptInsecureCerts: false, browserName: chrome, browserVersion: 97.0.4692.71, chrome: {chromedriverVersion: 97.0.4692.71 (adefa7837d02a..., userDataDir: C:\Users\TRI\AppData\Local\...}, goog:chromeOptions: {debuggerAddress: localhost:49577}, javascriptEnabled: true, networkConnectionEnabled: false, pageLoadStrategy: normal, platform: WINDOWS, platformName: WINDOWS, proxy: Proxy(), setWindowRect: true, strictFileInteractability: false, timeouts: {implicit: 0, pageLoad: 300000, script: 30000}, unhandledPromptBehavior: dismiss and notify, webauthn:extension:credBlob: true, webauthn:extension:largeBlob: true, webauthn:virtualAuthenticators: true}
Session ID: 439f27095d12102f75ba71a96902e425
	at org.openqa.selenium.remote.http.W3CHttpResponseCodec.createException(W3CHttpResponseCodec.java:187)
	at org.openqa.selenium.remote.http.W3CHttpResponseCodec.decode(W3CHttpResponseCodec.java:122)
	at org.openqa.selenium.remote.http.W3CHttpResponseCodec.decode(W3CHttpResponseCodec.java:49)
	at org.openqa.selenium.remote.HttpCommandExecutor.execute(HttpCommandExecutor.java:158)
	at org.openqa.selenium.remote.service.DriverCommandExecutor.execute(DriverCommandExecutor.java:83)
	at org.openqa.selenium.remote.RemoteWebDriver.execute(RemoteWebDriver.java:552)
	at com.kms.katalon.selenium.driver.CChromeDriver.execute(CChromeDriver.java:19)
	at org.openqa.selenium.remote.RemoteWebElement.execute(RemoteWebElement.java:285)
	at org.openqa.selenium.remote.RemoteWebElement.click(RemoteWebElement.java:84)
	at org.openqa.selenium.support.events.EventFiringWebDriver$EventFiringWebElement.lambda$new$0(EventFiringWebDriver.java:404)
	at com.sun.proxy.$Proxy11.click(Unknown Source)
	at org.openqa.selenium.support.events.EventFiringWebDriver$EventFiringWebElement.click(EventFiringWebDriver.java:417)
	at org.openqa.selenium.WebElement$click.call(Unknown Source)
	at com.kms.katalon.core.webui.keyword.builtin.ClickKeyword.clickUntilSuccessWithTimeout(ClickKeyword.groovy:81)
	at com.kms.katalon.core.webui.keyword.builtin.ClickKeyword.clickUntilSuccessWithTimeout(ClickKeyword.groovy)
	at com.kms.katalon.core.webui.keyword.builtin.ClickKeyword$_click_closure1.doCall(ClickKeyword.groovy:67)
	at com.kms.katalon.core.webui.keyword.builtin.ClickKeyword$_click_closure1.call(ClickKeyword.groovy)
	at com.kms.katalon.core.webui.keyword.internal.WebUIKeywordMain.runKeyword(WebUIKeywordMain.groovy:20)
	at com.kms.katalon.core.webui.keyword.builtin.ClickKeyword.click(ClickKeyword.groovy:74)
	at com.kms.katalon.core.webui.keyword.builtin.ClickKeyword.execute(ClickKeyword.groovy:40)
	at com.kms.katalon.core.keyword.internal.KeywordExecutor.executeKeywordForPlatform(KeywordExecutor.groovy:74)
	at com.kms.katalon.core.webui.keyword.WebUiBuiltInKeywords.click(WebUiBuiltInKeywords.groovy:620)
	at com.kms.katalon.core.webui.keyword.WebUiBuiltInKeywords$click$1.call(Unknown Source)
	at Script1641788619632.run(Script1641788619632.groovy:42)
	... 13 more
)

2022-01-17 12:56:39 - [MESSAGE][FAILED] - Unable to click on object 'Object Repository/Page_Element/span_Explore public rooms' (Root cause: com.kms.katalon.core.exception.StepFailedException: Unable to click on object 'Object Repository/Page_Element/span_Explore public rooms'
	at com.kms.katalon.core.webui.keyword.internal.WebUIKeywordMain.stepFailed(WebUIKeywordMain.groovy:64)
	at com.kms.katalon.core.webui.keyword.internal.WebUIKeywordMain.runKeyword(WebUIKeywordMain.groovy:26)
	at com.kms.katalon.core.webui.keyword.builtin.ClickKeyword.click(ClickKeyword.groovy:74)
	at com.kms.katalon.core.webui.keyword.builtin.ClickKeyword.execute(ClickKeyword.groovy:40)
	at com.kms.katalon.core.keyword.internal.KeywordExecutor.executeKeywordForPlatform(KeywordExecutor.groovy:74)
	at com.kms.katalon.core.webui.keyword.WebUiBuiltInKeywords.click(WebUiBuiltInKeywords.groovy:620)
	at com.kms.katalon.core.webui.keyword.WebUiBuiltInKeywords$click$1.call(Unknown Source)
	at 6.Search_join_public_room.run(6.Search_join_public_room:42)
	at com.kms.katalon.core.main.ScriptEngine.run(ScriptEngine.java:194)
	at com.kms.katalon.core.main.ScriptEngine.runScriptAsRawText(ScriptEngine.java:119)
	at com.kms.katalon.core.main.TestCaseExecutor.runScript(TestCaseExecutor.java:442)
	at com.kms.katalon.core.main.TestCaseExecutor.doExecute(TestCaseExecutor.java:433)
	at com.kms.katalon.core.main.TestCaseExecutor.processExecutionPhase(TestCaseExecutor.java:412)
	at com.kms.katalon.core.main.TestCaseExecutor.accessMainPhase(TestCaseExecutor.java:404)
	at com.kms.katalon.core.main.TestCaseExecutor.execute(TestCaseExecutor.java:281)
	at com.kms.katalon.core.main.TestSuiteExecutor.accessTestCaseMainPhase(TestSuiteExecutor.java:202)
	at com.kms.katalon.core.main.TestSuiteExecutor.accessTestSuiteMainPhase(TestSuiteExecutor.java:164)
	at com.kms.katalon.core.main.TestSuiteExecutor.execute(TestSuiteExecutor.java:105)
	at com.kms.katalon.core.main.TestCaseMain.startTestSuite(TestCaseMain.java:181)
	at com.kms.katalon.core.main.TestCaseMain$startTestSuite$0.call(Unknown Source)
	at TempTestSuite1642398411696.run(TempTestSuite1642398411696.groovy:36)
Caused by: org.openqa.selenium.ElementClickInterceptedException: element click intercepted: Element <span lang="en">...</span> is not clickable at point (726, 463). Other element would receive the click: <div class="mx_ContextualMenu_background"></div>
  (Session info: chrome=97.0.4692.71)
Build info: version: '3.141.59', revision: 'e82be7d358', time: '2018-11-14T08:25:53'
System info: host: 'LAPTOP-RBUE6998', ip: '192.168.1.4', os.name: 'Windows 10', os.arch: 'amd64', os.version: '10.0', java.version: '1.8.0_282'
Driver info: com.kms.katalon.selenium.driver.CChromeDriver
Capabilities {acceptInsecureCerts: false, browserName: chrome, browserVersion: 97.0.4692.71, chrome: {chromedriverVersion: 97.0.4692.71 (adefa7837d02a..., userDataDir: C:\Users\TRI\AppData\Local\...}, goog:chromeOptions: {debuggerAddress: localhost:49577}, javascriptEnabled: true, networkConnectionEnabled: false, pageLoadStrategy: normal, platform: WINDOWS, platformName: WINDOWS, proxy: Proxy(), setWindowRect: true, strictFileInteractability: false, timeouts: {implicit: 0, pageLoad: 300000, script: 30000}, unhandledPromptBehavior: dismiss and notify, webauthn:extension:credBlob: true, webauthn:extension:largeBlob: true, webauthn:virtualAuthenticators: true}
Session ID: 439f27095d12102f75ba71a96902e425
	at org.openqa.selenium.remote.http.W3CHttpResponseCodec.createException(W3CHttpResponseCodec.java:187)
	at org.openqa.selenium.remote.http.W3CHttpResponseCodec.decode(W3CHttpResponseCodec.java:122)
	at org.openqa.selenium.remote.http.W3CHttpResponseCodec.decode(W3CHttpResponseCodec.java:49)
	at org.openqa.selenium.remote.HttpCommandExecutor.execute(HttpCommandExecutor.java:158)
	at org.openqa.selenium.remote.service.DriverCommandExecutor.execute(DriverCommandExecutor.java:83)
	at org.openqa.selenium.remote.RemoteWebDriver.execute(RemoteWebDriver.java:552)
	at com.kms.katalon.selenium.driver.CChromeDriver.execute(CChromeDriver.java:19)
	at org.openqa.selenium.remote.RemoteWebElement.execute(RemoteWebElement.java:285)
	at org.openqa.selenium.remote.RemoteWebElement.click(RemoteWebElement.java:84)
	at org.openqa.selenium.support.events.EventFiringWebDriver$EventFiringWebElement.lambda$new$0(EventFiringWebDriver.java:404)
	at com.sun.proxy.$Proxy11.click(Unknown Source)
	at org.openqa.selenium.support.events.EventFiringWebDriver$EventFiringWebElement.click(EventFiringWebDriver.java:417)
	at org.openqa.selenium.WebElement$click.call(Unknown Source)
	at com.kms.katalon.core.webui.keyword.builtin.ClickKeyword.clickUntilSuccessWithTimeout(ClickKeyword.groovy:81)
	at com.kms.katalon.core.webui.keyword.builtin.ClickKeyword.clickUntilSuccessWithTimeout(ClickKeyword.groovy)
	at com.kms.katalon.core.webui.keyword.builtin.ClickKeyword$_click_closure1.doCall(ClickKeyword.groovy:67)
	at com.kms.katalon.core.webui.keyword.builtin.ClickKeyword$_click_closure1.call(ClickKeyword.groovy)
	at com.kms.katalon.core.webui.keyword.internal.WebUIKeywordMain.runKeyword(WebUIKeywordMain.groovy:20)
	at com.kms.katalon.core.webui.keyword.builtin.ClickKeyword.click(ClickKeyword.groovy:74)
	at com.kms.katalon.core.webui.keyword.builtin.ClickKeyword.execute(ClickKeyword.groovy:40)
	at com.kms.katalon.core.keyword.internal.KeywordExecutor.executeKeywordForPlatform(KeywordExecutor.groovy:74)
	at com.kms.katalon.core.webui.keyword.WebUiBuiltInKeywords.click(WebUiBuiltInKeywords.groovy:620)
	at com.kms.katalon.core.webui.keyword.WebUiBuiltInKeywords$click$1.call(Unknown Source)
	at Script1641788619632.run(Script1641788619632.groovy:42)
	... 13 more
)
[[ATTACHMENT|D:\\Bonus-SE\\Katalon_pj\\Bonus_SE\\Reports\\20220117_124651\\Run all test case\\20220117_124651\\1642398999300.png]]]]></system-out>
         <system-err><![CDATA[2022-01-17 12:55:36 - [TEST_CASE][FAILED] - Test Cases/6.Search_join_public_room: Test Cases/6.Search_join_public_room FAILED.
Reason:
com.kms.katalon.core.exception.StepFailedException: Unable to click on object 'Object Repository/Page_Element/span_Explore public rooms'
	at com.kms.katalon.core.webui.keyword.internal.WebUIKeywordMain.stepFailed(WebUIKeywordMain.groovy:64)
	at com.kms.katalon.core.webui.keyword.internal.WebUIKeywordMain.runKeyword(WebUIKeywordMain.groovy:26)
	at com.kms.katalon.core.webui.keyword.builtin.ClickKeyword.click(ClickKeyword.groovy:74)
	at com.kms.katalon.core.webui.keyword.builtin.ClickKeyword.execute(ClickKeyword.groovy:40)
	at com.kms.katalon.core.keyword.internal.KeywordExecutor.executeKeywordForPlatform(KeywordExecutor.groovy:74)
	at com.kms.katalon.core.webui.keyword.WebUiBuiltInKeywords.click(WebUiBuiltInKeywords.groovy:620)
	at com.kms.katalon.core.webui.keyword.WebUiBuiltInKeywords$click$1.call(Unknown Source)
	at 6.Search_join_public_room.run(6.Search_join_public_room:42)
	at com.kms.katalon.core.main.ScriptEngine.run(ScriptEngine.java:194)
	at com.kms.katalon.core.main.ScriptEngine.runScriptAsRawText(ScriptEngine.java:119)
	at com.kms.katalon.core.main.TestCaseExecutor.runScript(TestCaseExecutor.java:442)
	at com.kms.katalon.core.main.TestCaseExecutor.doExecute(TestCaseExecutor.java:433)
	at com.kms.katalon.core.main.TestCaseExecutor.processExecutionPhase(TestCaseExecutor.java:412)
	at com.kms.katalon.core.main.TestCaseExecutor.accessMainPhase(TestCaseExecutor.java:404)
	at com.kms.katalon.core.main.TestCaseExecutor.execute(TestCaseExecutor.java:281)
	at com.kms.katalon.core.main.TestSuiteExecutor.accessTestCaseMainPhase(TestSuiteExecutor.java:202)
	at com.kms.katalon.core.main.TestSuiteExecutor.accessTestSuiteMainPhase(TestSuiteExecutor.java:164)
	at com.kms.katalon.core.main.TestSuiteExecutor.execute(TestSuiteExecutor.java:105)
	at com.kms.katalon.core.main.TestCaseMain.startTestSuite(TestCaseMain.java:181)
	at com.kms.katalon.core.main.TestCaseMain$startTestSuite$0.call(Unknown Source)
	at TempTestSuite1642398411696.run(TempTestSuite1642398411696.groovy:36)
Caused by: org.openqa.selenium.ElementClickInterceptedException: element click intercepted: Element <span lang="en">...</span> is not clickable at point (726, 463). Other element would receive the click: <div class="mx_ContextualMenu_background"></div>
  (Session info: chrome=97.0.4692.71)
Build info: version: '3.141.59', revision: 'e82be7d358', time: '2018-11-14T08:25:53'
System info: host: 'LAPTOP-RBUE6998', ip: '192.168.1.4', os.name: 'Windows 10', os.arch: 'amd64', os.version: '10.0', java.version: '1.8.0_282'
Driver info: com.kms.katalon.selenium.driver.CChromeDriver
Capabilities {acceptInsecureCerts: false, browserName: chrome, browserVersion: 97.0.4692.71, chrome: {chromedriverVersion: 97.0.4692.71 (adefa7837d02a..., userDataDir: C:\Users\TRI\AppData\Local\...}, goog:chromeOptions: {debuggerAddress: localhost:49577}, javascriptEnabled: true, networkConnectionEnabled: false, pageLoadStrategy: normal, platform: WINDOWS, platformName: WINDOWS, proxy: Proxy(), setWindowRect: true, strictFileInteractability: false, timeouts: {implicit: 0, pageLoad: 300000, script: 30000}, unhandledPromptBehavior: dismiss and notify, webauthn:extension:credBlob: true, webauthn:extension:largeBlob: true, webauthn:virtualAuthenticators: true}
Session ID: 439f27095d12102f75ba71a96902e425
	at org.openqa.selenium.remote.http.W3CHttpResponseCodec.createException(W3CHttpResponseCodec.java:187)
	at org.openqa.selenium.remote.http.W3CHttpResponseCodec.decode(W3CHttpResponseCodec.java:122)
	at org.openqa.selenium.remote.http.W3CHttpResponseCodec.decode(W3CHttpResponseCodec.java:49)
	at org.openqa.selenium.remote.HttpCommandExecutor.execute(HttpCommandExecutor.java:158)
	at org.openqa.selenium.remote.service.DriverCommandExecutor.execute(DriverCommandExecutor.java:83)
	at org.openqa.selenium.remote.RemoteWebDriver.execute(RemoteWebDriver.java:552)
	at com.kms.katalon.selenium.driver.CChromeDriver.execute(CChromeDriver.java:19)
	at org.openqa.selenium.remote.RemoteWebElement.execute(RemoteWebElement.java:285)
	at org.openqa.selenium.remote.RemoteWebElement.click(RemoteWebElement.java:84)
	at org.openqa.selenium.support.events.EventFiringWebDriver$EventFiringWebElement.lambda$new$0(EventFiringWebDriver.java:404)
	at com.sun.proxy.$Proxy11.click(Unknown Source)
	at org.openqa.selenium.support.events.EventFiringWebDriver$EventFiringWebElement.click(EventFiringWebDriver.java:417)
	at org.openqa.selenium.WebElement$click.call(Unknown Source)
	at com.kms.katalon.core.webui.keyword.builtin.ClickKeyword.clickUntilSuccessWithTimeout(ClickKeyword.groovy:81)
	at com.kms.katalon.core.webui.keyword.builtin.ClickKeyword.clickUntilSuccessWithTimeout(ClickKeyword.groovy)
	at com.kms.katalon.core.webui.keyword.builtin.ClickKeyword$_click_closure1.doCall(ClickKeyword.groovy:67)
	at com.kms.katalon.core.webui.keyword.builtin.ClickKeyword$_click_closure1.call(ClickKeyword.groovy)
	at com.kms.katalon.core.webui.keyword.internal.WebUIKeywordMain.runKeyword(WebUIKeywordMain.groovy:20)
	... 19 more]]></system-err>
      </testcase>
      <testcase name="Test Cases/23.ChangeFronSizeValid" time="32.417" classname="Test Cases/23.ChangeFronSizeValid" status="PASSED">
         <system-out><![CDATA[2022-01-17 12:56:39 - [TEST_CASE][PASSED] - Test Cases/23.ChangeFronSizeValid: Test Cases/23.ChangeFronSizeValid

2022-01-17 12:56:39 - [TEST_STEP][PASSED] - openBrowser(""): Browser is opened with url: ''

2022-01-17 12:56:39 - [MESSAGE][WARNING] - A browser is already opened. Closing browser and opening a new one

2022-01-17 12:56:40 - [MESSAGE][INFO] - Starting 'Chrome' driver

2022-01-17 12:56:40 - [MESSAGE][INFO] - Action delay is set to 1,000 milliseconds

2022-01-17 12:56:41 - [MESSAGE][PASSED] - Browser is opened with url: ''

2022-01-17 12:56:41 - [TEST_STEP][PASSED] - navigateToUrl("http://localhost:8080/"): Navigate to 'http://localhost:8080/' successfully

2022-01-17 12:56:45 - [MESSAGE][PASSED] - Navigate to 'http://localhost:8080/' successfully

2022-01-17 12:56:45 - [TEST_STEP][PASSED] - click(findTestObject("Object Repository/Page_Element/a_Sign In")): Object: 'Object Repository/Page_Element/a_Sign In' is clicked on

2022-01-17 12:56:48 - [MESSAGE][PASSED] - Object: 'Object Repository/Page_Element/a_Sign In' is clicked on

2022-01-17 12:56:48 - [TEST_STEP][PASSED] - setText(findTestObject("Object Repository/Page_Element/input_Sign in with_username"), "ptnha19"): Text 'ptnha19' is set on object 'Object Repository/Page_Element/input_Sign in with_username'

2022-01-17 12:56:51 - [MESSAGE][PASSED] - Text 'ptnha19' is set on object 'Object Repository/Page_Element/input_Sign in with_username'

2022-01-17 12:56:51 - [TEST_STEP][PASSED] - setEncryptedText(findTestObject("Object Repository/Page_Element/input_Username_password"), "5R3Ima4A+eOeCrCDRGMLmJpaGR3V3+YI"): Text ****** has been set on object 'Object Repository/Page_Element/input_Username_password'

2022-01-17 12:56:53 - [MESSAGE][PASSED] - Text ****** has been set on object 'Object Repository/Page_Element/input_Username_password'

2022-01-17 12:56:53 - [TEST_STEP][PASSED] - click(findTestObject("Object Repository/Page_Element/input_Forgot password_mx_Login_submit")): Object: 'Object Repository/Page_Element/input_Forgot password_mx_Login_submit' is clicked on

2022-01-17 12:56:54 - [MESSAGE][PASSED] - Object: 'Object Repository/Page_Element/input_Forgot password_mx_Login_submit' is clicked on

2022-01-17 12:56:54 - [TEST_STEP][PASSED] - click(findTestObject("Object Repository/Page_Element/div_Verify with Security Key")): Object: 'Object Repository/Page_Element/div_Verify with Security Key' is clicked on

2022-01-17 12:57:00 - [MESSAGE][PASSED] - Object: 'Object Repository/Page_Element/div_Verify with Security Key' is clicked on

2022-01-17 12:57:00 - [TEST_STEP][PASSED] - setEncryptedText(findTestObject("Object Repository/Page_Element/input_Security Key_mx_Field_4"), "PF4jXtbe/5x5+S5PgN4Kl/QbANAkWZYKqKaG9gW6gn+Po31AOnak0DX8GoEzAUkskgpeON1UhfEqZG0XXngJPA=="): Text ****** has been set on object 'Object Repository/Page_Element/input_Security Key_mx_Field_4'

2022-01-17 12:57:03 - [MESSAGE][PASSED] - Text ****** has been set on object 'Object Repository/Page_Element/input_Security Key_mx_Field_4'

2022-01-17 12:57:03 - [TEST_STEP][PASSED] - click(findTestObject("Object Repository/Page_Element/button_Continue")): Object: 'Object Repository/Page_Element/button_Continue' is clicked on

2022-01-17 12:57:04 - [MESSAGE][PASSED] - Object: 'Object Repository/Page_Element/button_Continue' is clicked on

2022-01-17 12:57:04 - [TEST_STEP][PASSED] - click(findTestObject("Object Repository/Page_Element/div_Done")): Object: 'Object Repository/Page_Element/div_Done' is clicked on

2022-01-17 12:57:06 - [MESSAGE][PASSED] - Object: 'Object Repository/Page_Element/div_Done' is clicked on

2022-01-17 12:57:06 - [TEST_STEP][PASSED] - click(findTestObject("Object Repository/Page_Element/img_Enable_mx_BaseAvatar_image")): Object: 'Object Repository/Page_Element/img_Enable_mx_BaseAvatar_image' is clicked on

2022-01-17 12:57:07 - [MESSAGE][PASSED] - Object: 'Object Repository/Page_Element/img_Enable_mx_BaseAvatar_image' is clicked on

2022-01-17 12:57:07 - [TEST_STEP][PASSED] - click(findTestObject("Object Repository/Page_Element/span_All settings")): Object: 'Object Repository/Page_Element/span_All settings' is clicked on

2022-01-17 12:57:08 - [MESSAGE][PASSED] - Object: 'Object Repository/Page_Element/span_All settings' is clicked on

2022-01-17 12:57:08 - [TEST_STEP][PASSED] - click(findTestObject("Object Repository/Page_Element/span_Appearance")): Object: 'Object Repository/Page_Element/span_Appearance' is clicked on

2022-01-17 12:57:10 - [MESSAGE][PASSED] - Object: 'Object Repository/Page_Element/span_Appearance' is clicked on

2022-01-17 12:57:10 - [TEST_STEP][PASSED] - click(findTestObject("Object Repository/Page_Element/div_Aa_mx_Slider_dot mx_Slider_dotActive")): Object: 'Object Repository/Page_Element/div_Aa_mx_Slider_dot mx_Slider_dotActive' is clicked on

2022-01-17 12:57:11 - [MESSAGE][PASSED] - Object: 'Object Repository/Page_Element/div_Aa_mx_Slider_dot mx_Slider_dotActive' is clicked on

2022-01-17 12:57:11 - [TEST_STEP][PASSED] - closeBrowser(): Browser is closed

2022-01-17 12:57:11 - [MESSAGE][PASSED] - Browser is closed]]></system-out>
         <system-err><![CDATA[]]></system-err>
      </testcase>
      <testcase name="Test Cases/24.ChangeDisplayName" time="35.559" classname="Test Cases/24.ChangeDisplayName" status="PASSED">
         <system-out><![CDATA[2022-01-17 12:57:11 - [TEST_CASE][PASSED] - Test Cases/24.ChangeDisplayName: Test Cases/24.ChangeDisplayName

2022-01-17 12:57:12 - [TEST_STEP][PASSED] - openBrowser(""): Browser is opened with url: ''

2022-01-17 12:57:12 - [MESSAGE][INFO] - Starting 'Chrome' driver

2022-01-17 12:57:12 - [MESSAGE][INFO] - Action delay is set to 1,000 milliseconds

2022-01-17 12:57:13 - [MESSAGE][PASSED] - Browser is opened with url: ''

2022-01-17 12:57:13 - [TEST_STEP][PASSED] - navigateToUrl("http://localhost:8080/"): Navigate to 'http://localhost:8080/' successfully

2022-01-17 12:57:16 - [MESSAGE][PASSED] - Navigate to 'http://localhost:8080/' successfully

2022-01-17 12:57:16 - [TEST_STEP][PASSED] - click(findTestObject("Object Repository/Page_Element/div_Sign In")): Object: 'Object Repository/Page_Element/div_Sign In' is clicked on

2022-01-17 12:57:19 - [MESSAGE][PASSED] - Object: 'Object Repository/Page_Element/div_Sign In' is clicked on

2022-01-17 12:57:19 - [TEST_STEP][PASSED] - setText(findTestObject("Object Repository/Page_Element/input_Sign in with_username"), "ptnha19"): Text 'ptnha19' is set on object 'Object Repository/Page_Element/input_Sign in with_username'

2022-01-17 12:57:23 - [MESSAGE][PASSED] - Text 'ptnha19' is set on object 'Object Repository/Page_Element/input_Sign in with_username'

2022-01-17 12:57:23 - [TEST_STEP][PASSED] - setEncryptedText(findTestObject("Object Repository/Page_Element/input_Username_password"), "5R3Ima4A+eOeCrCDRGMLmJpaGR3V3+YI"): Text ****** has been set on object 'Object Repository/Page_Element/input_Username_password'

2022-01-17 12:57:25 - [MESSAGE][PASSED] - Text ****** has been set on object 'Object Repository/Page_Element/input_Username_password'

2022-01-17 12:57:25 - [TEST_STEP][PASSED] - click(findTestObject("Object Repository/Page_Element/input_Forgot password_mx_Login_submit")): Object: 'Object Repository/Page_Element/input_Forgot password_mx_Login_submit' is clicked on

2022-01-17 12:57:27 - [MESSAGE][PASSED] - Object: 'Object Repository/Page_Element/input_Forgot password_mx_Login_submit' is clicked on

2022-01-17 12:57:27 - [TEST_STEP][PASSED] - click(findTestObject("Object Repository/Page_Element/div_Verify with Security Key")): Object: 'Object Repository/Page_Element/div_Verify with Security Key' is clicked on

2022-01-17 12:57:34 - [MESSAGE][PASSED] - Object: 'Object Repository/Page_Element/div_Verify with Security Key' is clicked on

2022-01-17 12:57:34 - [TEST_STEP][PASSED] - setEncryptedText(findTestObject("Object Repository/Page_Element/input_Security Key_mx_Field_4"), "PF4jXtbe/5x5+S5PgN4Kl/QbANAkWZYKqKaG9gW6gn+Po31AOnak0DX8GoEzAUkskgpeON1UhfEqZG0XXngJPA=="): Text ****** has been set on object 'Object Repository/Page_Element/input_Security Key_mx_Field_4'

2022-01-17 12:57:37 - [MESSAGE][PASSED] - Text ****** has been set on object 'Object Repository/Page_Element/input_Security Key_mx_Field_4'

2022-01-17 12:57:37 - [TEST_STEP][PASSED] - click(findTestObject("Object Repository/Page_Element/button_Continue")): Object: 'Object Repository/Page_Element/button_Continue' is clicked on

2022-01-17 12:57:38 - [MESSAGE][PASSED] - Object: 'Object Repository/Page_Element/button_Continue' is clicked on

2022-01-17 12:57:38 - [TEST_STEP][PASSED] - click(findTestObject("Object Repository/Page_Element/div_Done")): Object: 'Object Repository/Page_Element/div_Done' is clicked on

2022-01-17 12:57:40 - [MESSAGE][PASSED] - Object: 'Object Repository/Page_Element/div_Done' is clicked on

2022-01-17 12:57:40 - [TEST_STEP][PASSED] - click(findTestObject("Object Repository/Page_Element/img_Review_mx_BaseAvatar_image")): Object: 'Object Repository/Page_Element/img_Review_mx_BaseAvatar_image' is clicked on

2022-01-17 12:57:41 - [MESSAGE][PASSED] - Object: 'Object Repository/Page_Element/img_Review_mx_BaseAvatar_image' is clicked on

2022-01-17 12:57:41 - [TEST_STEP][PASSED] - click(findTestObject("Object Repository/Page_Element/span_All settings")): Object: 'Object Repository/Page_Element/span_All settings' is clicked on

2022-01-17 12:57:42 - [MESSAGE][PASSED] - Object: 'Object Repository/Page_Element/span_All settings' is clicked on

2022-01-17 12:57:42 - [TEST_STEP][PASSED] - setText(findTestObject("Object Repository/Page_Element/input_Profile_mx_Field_5"), "ptnha1"): Text 'ptnha1' is set on object 'Object Repository/Page_Element/input_Profile_mx_Field_5'

2022-01-17 12:57:45 - [MESSAGE][PASSED] - Text 'ptnha1' is set on object 'Object Repository/Page_Element/input_Profile_mx_Field_5'

2022-01-17 12:57:45 - [TEST_STEP][PASSED] - click(findTestObject("Object Repository/Page_Element/div_Save")): Object: 'Object Repository/Page_Element/div_Save' is clicked on

2022-01-17 12:57:46 - [MESSAGE][PASSED] - Object: 'Object Repository/Page_Element/div_Save' is clicked on

2022-01-17 12:57:46 - [TEST_STEP][PASSED] - closeBrowser(): Browser is closed

2022-01-17 12:57:47 - [MESSAGE][PASSED] - Browser is closed]]></system-out>
         <system-err><![CDATA[]]></system-err>
      </testcase>
      <testcase name="Test Cases/25.ChangePasswordInvalid" time="37.459" classname="Test Cases/25.ChangePasswordInvalid" status="PASSED">
         <system-out><![CDATA[2022-01-17 12:57:47 - [TEST_CASE][PASSED] - Test Cases/25.ChangePasswordInvalid: Test Cases/25.ChangePasswordInvalid

2022-01-17 12:57:47 - [TEST_STEP][PASSED] - openBrowser(""): Browser is opened with url: ''

2022-01-17 12:57:47 - [MESSAGE][INFO] - Starting 'Chrome' driver

2022-01-17 12:57:47 - [MESSAGE][INFO] - Action delay is set to 1,000 milliseconds

2022-01-17 12:57:48 - [MESSAGE][PASSED] - Browser is opened with url: ''

2022-01-17 12:57:48 - [TEST_STEP][PASSED] - navigateToUrl("http://localhost:8080/"): Navigate to 'http://localhost:8080/' successfully

2022-01-17 12:57:52 - [MESSAGE][PASSED] - Navigate to 'http://localhost:8080/' successfully

2022-01-17 12:57:52 - [TEST_STEP][PASSED] - click(findTestObject("Object Repository/Page_Element/div_Sign In")): Object: 'Object Repository/Page_Element/div_Sign In' is clicked on

2022-01-17 12:57:55 - [MESSAGE][PASSED] - Object: 'Object Repository/Page_Element/div_Sign In' is clicked on

2022-01-17 12:57:55 - [TEST_STEP][PASSED] - setText(findTestObject("Object Repository/Page_Element/input_Sign in with_username"), "ptnha19"): Text 'ptnha19' is set on object 'Object Repository/Page_Element/input_Sign in with_username'

2022-01-17 12:57:58 - [MESSAGE][PASSED] - Text 'ptnha19' is set on object 'Object Repository/Page_Element/input_Sign in with_username'

2022-01-17 12:57:58 - [TEST_STEP][PASSED] - setEncryptedText(findTestObject("Object Repository/Page_Element/input_Username_password"), "5R3Ima4A+eOeCrCDRGMLmJpaGR3V3+YI"): Text ****** has been set on object 'Object Repository/Page_Element/input_Username_password'

2022-01-17 12:58:00 - [MESSAGE][PASSED] - Text ****** has been set on object 'Object Repository/Page_Element/input_Username_password'

2022-01-17 12:58:00 - [TEST_STEP][PASSED] - click(findTestObject("Object Repository/Page_Element/input_Forgot password_mx_Login_submit")): Object: 'Object Repository/Page_Element/input_Forgot password_mx_Login_submit' is clicked on

2022-01-17 12:58:01 - [MESSAGE][PASSED] - Object: 'Object Repository/Page_Element/input_Forgot password_mx_Login_submit' is clicked on

2022-01-17 12:58:01 - [TEST_STEP][PASSED] - click(findTestObject("Object Repository/Page_Element/div_Verify with Security Key")): Object: 'Object Repository/Page_Element/div_Verify with Security Key' is clicked on

2022-01-17 12:58:07 - [MESSAGE][PASSED] - Object: 'Object Repository/Page_Element/div_Verify with Security Key' is clicked on

2022-01-17 12:58:07 - [TEST_STEP][PASSED] - setEncryptedText(findTestObject("Object Repository/Page_Element/input_Security Key_mx_Field_4"), "PF4jXtbe/5x5+S5PgN4Kl/QbANAkWZYKqKaG9gW6gn+Po31AOnak0DX8GoEzAUkskgpeON1UhfEqZG0XXngJPA=="): Text ****** has been set on object 'Object Repository/Page_Element/input_Security Key_mx_Field_4'

2022-01-17 12:58:10 - [MESSAGE][PASSED] - Text ****** has been set on object 'Object Repository/Page_Element/input_Security Key_mx_Field_4'

2022-01-17 12:58:10 - [TEST_STEP][PASSED] - click(findTestObject("Object Repository/Page_Element/button_Continue")): Object: 'Object Repository/Page_Element/button_Continue' is clicked on

2022-01-17 12:58:11 - [MESSAGE][PASSED] - Object: 'Object Repository/Page_Element/button_Continue' is clicked on

2022-01-17 12:58:11 - [TEST_STEP][PASSED] - click(findTestObject("Object Repository/Page_Element/div_Done")): Object: 'Object Repository/Page_Element/div_Done' is clicked on

2022-01-17 12:58:12 - [MESSAGE][PASSED] - Object: 'Object Repository/Page_Element/div_Done' is clicked on

2022-01-17 12:58:12 - [TEST_STEP][PASSED] - click(findTestObject("Object Repository/Page_Element/img_Enable_mx_BaseAvatar_image")): Object: 'Object Repository/Page_Element/img_Enable_mx_BaseAvatar_image' is clicked on

2022-01-17 12:58:14 - [MESSAGE][PASSED] - Object: 'Object Repository/Page_Element/img_Enable_mx_BaseAvatar_image' is clicked on

2022-01-17 12:58:14 - [TEST_STEP][PASSED] - click(findTestObject("Object Repository/Page_Element/span_All settings")): Object: 'Object Repository/Page_Element/span_All settings' is clicked on

2022-01-17 12:58:16 - [MESSAGE][PASSED] - Object: 'Object Repository/Page_Element/span_All settings' is clicked on

2022-01-17 12:58:16 - [TEST_STEP][PASSED] - setEncryptedText(findTestObject("Object Repository/Page_Element/input_Account_mx_Field_7"), "cH9eeb27K7k="): Text ****** has been set on object 'Object Repository/Page_Element/input_Account_mx_Field_7'

2022-01-17 12:58:18 - [MESSAGE][PASSED] - Text ****** has been set on object 'Object Repository/Page_Element/input_Account_mx_Field_7'

2022-01-17 12:58:18 - [TEST_STEP][PASSED] - setEncryptedText(findTestObject("Object Repository/Page_Element/input_Current password_mx_Field_8"), "YYdYgnpZIxc="): Text ****** has been set on object 'Object Repository/Page_Element/input_Current password_mx_Field_8'

2022-01-17 12:58:20 - [MESSAGE][PASSED] - Text ****** has been set on object 'Object Repository/Page_Element/input_Current password_mx_Field_8'

2022-01-17 12:58:20 - [TEST_STEP][PASSED] - setEncryptedText(findTestObject("Object Repository/Page_Element/input_New Password_mx_Field_9"), "YYdYgnpZIxc="): Text ****** has been set on object 'Object Repository/Page_Element/input_New Password_mx_Field_9'

2022-01-17 12:58:23 - [MESSAGE][PASSED] - Text ****** has been set on object 'Object Repository/Page_Element/input_New Password_mx_Field_9'

2022-01-17 12:58:23 - [TEST_STEP][PASSED] - click(findTestObject("Object Repository/Page_Element/div_Change Password")): Object: 'Object Repository/Page_Element/div_Change Password' is clicked on

2022-01-17 12:58:24 - [MESSAGE][PASSED] - Object: 'Object Repository/Page_Element/div_Change Password' is clicked on

2022-01-17 12:58:24 - [TEST_STEP][PASSED] - closeBrowser(): Browser is closed

2022-01-17 12:58:24 - [MESSAGE][PASSED] - Browser is closed]]></system-out>
         <system-err><![CDATA[]]></system-err>
      </testcase>
      <testcase name="Test Cases/28.EnableDesktopNotificationsForThisSession" time="33.854" classname="Test Cases/28.EnableDesktopNotificationsForThisSession" status="PASSED">
         <system-out><![CDATA[2022-01-17 12:58:24 - [TEST_CASE][PASSED] - Test Cases/28.EnableDesktopNotificationsForThisSession: Test Cases/28.EnableDesktopNotificationsForThisSession

2022-01-17 12:58:25 - [TEST_STEP][PASSED] - openBrowser(""): Browser is opened with url: ''

2022-01-17 12:58:25 - [MESSAGE][INFO] - Starting 'Chrome' driver

2022-01-17 12:58:25 - [MESSAGE][INFO] - Action delay is set to 1,000 milliseconds

2022-01-17 12:58:26 - [MESSAGE][PASSED] - Browser is opened with url: ''

2022-01-17 12:58:26 - [TEST_STEP][PASSED] - navigateToUrl("http://localhost:8080/"): Navigate to 'http://localhost:8080/' successfully

2022-01-17 12:58:28 - [MESSAGE][PASSED] - Navigate to 'http://localhost:8080/' successfully

2022-01-17 12:58:28 - [TEST_STEP][PASSED] - click(findTestObject("Object Repository/Page_Element/div_Sign In")): Object: 'Object Repository/Page_Element/div_Sign In' is clicked on

2022-01-17 12:58:31 - [MESSAGE][PASSED] - Object: 'Object Repository/Page_Element/div_Sign In' is clicked on

2022-01-17 12:58:31 - [TEST_STEP][PASSED] - setText(findTestObject("Object Repository/Page_Element/input_Sign in with_username"), "ptnha19"): Text 'ptnha19' is set on object 'Object Repository/Page_Element/input_Sign in with_username'

2022-01-17 12:58:35 - [MESSAGE][PASSED] - Text 'ptnha19' is set on object 'Object Repository/Page_Element/input_Sign in with_username'

2022-01-17 12:58:35 - [TEST_STEP][PASSED] - setEncryptedText(findTestObject("Object Repository/Page_Element/input_Username_password"), "5R3Ima4A+eOeCrCDRGMLmJpaGR3V3+YI"): Text ****** has been set on object 'Object Repository/Page_Element/input_Username_password'

2022-01-17 12:58:37 - [MESSAGE][PASSED] - Text ****** has been set on object 'Object Repository/Page_Element/input_Username_password'

2022-01-17 12:58:37 - [TEST_STEP][PASSED] - click(findTestObject("Object Repository/Page_Element/input_Forgot password_mx_Login_submit")): Object: 'Object Repository/Page_Element/input_Forgot password_mx_Login_submit' is clicked on

2022-01-17 12:58:38 - [MESSAGE][PASSED] - Object: 'Object Repository/Page_Element/input_Forgot password_mx_Login_submit' is clicked on

2022-01-17 12:58:38 - [TEST_STEP][PASSED] - click(findTestObject("Object Repository/Page_Element/div_Verify with Security Key")): Object: 'Object Repository/Page_Element/div_Verify with Security Key' is clicked on

2022-01-17 12:58:44 - [MESSAGE][PASSED] - Object: 'Object Repository/Page_Element/div_Verify with Security Key' is clicked on

2022-01-17 12:58:44 - [TEST_STEP][PASSED] - setEncryptedText(findTestObject("Object Repository/Page_Element/input_Security Key_mx_Field_4"), "PF4jXtbe/5x5+S5PgN4Kl/QbANAkWZYKqKaG9gW6gn+Po31AOnak0DX8GoEzAUkskgpeON1UhfEqZG0XXngJPA=="): Text ****** has been set on object 'Object Repository/Page_Element/input_Security Key_mx_Field_4'

2022-01-17 12:58:46 - [MESSAGE][PASSED] - Text ****** has been set on object 'Object Repository/Page_Element/input_Security Key_mx_Field_4'

2022-01-17 12:58:46 - [TEST_STEP][PASSED] - click(findTestObject("Object Repository/Page_Element/button_Continue")): Object: 'Object Repository/Page_Element/button_Continue' is clicked on

2022-01-17 12:58:48 - [MESSAGE][PASSED] - Object: 'Object Repository/Page_Element/button_Continue' is clicked on

2022-01-17 12:58:48 - [TEST_STEP][PASSED] - click(findTestObject("Object Repository/Page_Element/div_Done")): Object: 'Object Repository/Page_Element/div_Done' is clicked on

2022-01-17 12:58:50 - [MESSAGE][PASSED] - Object: 'Object Repository/Page_Element/div_Done' is clicked on

2022-01-17 12:58:50 - [TEST_STEP][PASSED] - click(findTestObject("Object Repository/Page_Element/img_Enable_mx_BaseAvatar_image")): Object: 'Object Repository/Page_Element/img_Enable_mx_BaseAvatar_image' is clicked on

2022-01-17 12:58:52 - [MESSAGE][PASSED] - Object: 'Object Repository/Page_Element/img_Enable_mx_BaseAvatar_image' is clicked on

2022-01-17 12:58:52 - [TEST_STEP][PASSED] - click(findTestObject("Object Repository/Page_Element/span_Notifications")): Object: 'Object Repository/Page_Element/span_Notifications' is clicked on

2022-01-17 12:58:53 - [MESSAGE][PASSED] - Object: 'Object Repository/Page_Element/span_Notifications' is clicked on

2022-01-17 12:58:53 - [TEST_STEP][PASSED] - click(findTestObject("Object Repository/Page_Element/div_Enable desktop notifications for this s_6cd3cd")): Object: 'Object Repository/Page_Element/div_Enable desktop notifications for this s_6cd3cd' is clicked on

2022-01-17 12:58:55 - [MESSAGE][PASSED] - Object: 'Object Repository/Page_Element/div_Enable desktop notifications for this s_6cd3cd' is clicked on

2022-01-17 12:58:55 - [TEST_STEP][PASSED] - click(findTestObject("Object Repository/Page_Element/div_Enable desktop notifications for this s_6cd3cd")): Object: 'Object Repository/Page_Element/div_Enable desktop notifications for this s_6cd3cd' is clicked on

2022-01-17 12:58:56 - [MESSAGE][PASSED] - Object: 'Object Repository/Page_Element/div_Enable desktop notifications for this s_6cd3cd' is clicked on

2022-01-17 12:58:56 - [TEST_STEP][PASSED] - click(findTestObject("Object Repository/Page_Element/div_Enable desktop notifications for this s_6cd3cd_1")): Object: 'Object Repository/Page_Element/div_Enable desktop notifications for this s_6cd3cd_1' is clicked on

2022-01-17 12:58:58 - [MESSAGE][PASSED] - Object: 'Object Repository/Page_Element/div_Enable desktop notifications for this s_6cd3cd_1' is clicked on

2022-01-17 12:58:58 - [TEST_STEP][PASSED] - closeBrowser(): Browser is closed

2022-01-17 12:58:58 - [MESSAGE][PASSED] - Browser is closed]]></system-out>
         <system-err><![CDATA[]]></system-err>
      </testcase>
      <testcase name="Test Cases/29.EnableEmailNotifications" time="33.334" classname="Test Cases/29.EnableEmailNotifications" status="PASSED">
         <system-out><![CDATA[2022-01-17 12:58:58 - [TEST_CASE][PASSED] - Test Cases/29.EnableEmailNotifications: Test Cases/29.EnableEmailNotifications

2022-01-17 12:58:59 - [TEST_STEP][PASSED] - openBrowser(""): Browser is opened with url: ''

2022-01-17 12:58:59 - [MESSAGE][INFO] - Starting 'Chrome' driver

2022-01-17 12:58:59 - [MESSAGE][INFO] - Action delay is set to 1,000 milliseconds

2022-01-17 12:59:00 - [MESSAGE][PASSED] - Browser is opened with url: ''

2022-01-17 12:59:00 - [TEST_STEP][PASSED] - navigateToUrl("http://localhost:8080/"): Navigate to 'http://localhost:8080/' successfully

2022-01-17 12:59:03 - [MESSAGE][PASSED] - Navigate to 'http://localhost:8080/' successfully

2022-01-17 12:59:03 - [TEST_STEP][PASSED] - click(findTestObject("Object Repository/Page_Element/div_Sign In")): Object: 'Object Repository/Page_Element/div_Sign In' is clicked on

2022-01-17 12:59:07 - [MESSAGE][PASSED] - Object: 'Object Repository/Page_Element/div_Sign In' is clicked on

2022-01-17 12:59:07 - [TEST_STEP][PASSED] - setText(findTestObject("Object Repository/Page_Element/input_Sign in with_username"), "ptnha19"): Text 'ptnha19' is set on object 'Object Repository/Page_Element/input_Sign in with_username'

2022-01-17 12:59:10 - [MESSAGE][PASSED] - Text 'ptnha19' is set on object 'Object Repository/Page_Element/input_Sign in with_username'

2022-01-17 12:59:10 - [TEST_STEP][PASSED] - setEncryptedText(findTestObject("Object Repository/Page_Element/input_Username_password"), "5R3Ima4A+eOeCrCDRGMLmJpaGR3V3+YI"): Text ****** has been set on object 'Object Repository/Page_Element/input_Username_password'

2022-01-17 12:59:13 - [MESSAGE][PASSED] - Text ****** has been set on object 'Object Repository/Page_Element/input_Username_password'

2022-01-17 12:59:13 - [TEST_STEP][PASSED] - click(findTestObject("Object Repository/Page_Element/input_Forgot password_mx_Login_submit")): Object: 'Object Repository/Page_Element/input_Forgot password_mx_Login_submit' is clicked on

2022-01-17 12:59:14 - [MESSAGE][PASSED] - Object: 'Object Repository/Page_Element/input_Forgot password_mx_Login_submit' is clicked on

2022-01-17 12:59:14 - [TEST_STEP][PASSED] - click(findTestObject("Object Repository/Page_Element/div_Verify with Security Key")): Object: 'Object Repository/Page_Element/div_Verify with Security Key' is clicked on

2022-01-17 12:59:20 - [MESSAGE][PASSED] - Object: 'Object Repository/Page_Element/div_Verify with Security Key' is clicked on

2022-01-17 12:59:20 - [TEST_STEP][PASSED] - setEncryptedText(findTestObject("Object Repository/Page_Element/input_Security Key_mx_Field_4"), "PF4jXtbe/5x5+S5PgN4Kl/QbANAkWZYKqKaG9gW6gn+Po31AOnak0DX8GoEzAUkskgpeON1UhfEqZG0XXngJPA=="): Text ****** has been set on object 'Object Repository/Page_Element/input_Security Key_mx_Field_4'

2022-01-17 12:59:22 - [MESSAGE][PASSED] - Text ****** has been set on object 'Object Repository/Page_Element/input_Security Key_mx_Field_4'

2022-01-17 12:59:22 - [TEST_STEP][PASSED] - click(findTestObject("Object Repository/Page_Element/button_Continue")): Object: 'Object Repository/Page_Element/button_Continue' is clicked on

2022-01-17 12:59:23 - [MESSAGE][PASSED] - Object: 'Object Repository/Page_Element/button_Continue' is clicked on

2022-01-17 12:59:23 - [TEST_STEP][PASSED] - click(findTestObject("Object Repository/Page_Element/div_Done")): Object: 'Object Repository/Page_Element/div_Done' is clicked on

2022-01-17 12:59:25 - [MESSAGE][PASSED] - Object: 'Object Repository/Page_Element/div_Done' is clicked on

2022-01-17 12:59:25 - [TEST_STEP][PASSED] - click(findTestObject("Object Repository/Page_Element/img_Enable_mx_BaseAvatar_image")): Object: 'Object Repository/Page_Element/img_Enable_mx_BaseAvatar_image' is clicked on

2022-01-17 12:59:27 - [MESSAGE][PASSED] - Object: 'Object Repository/Page_Element/img_Enable_mx_BaseAvatar_image' is clicked on

2022-01-17 12:59:27 - [TEST_STEP][PASSED] - click(findTestObject("Object Repository/Page_Element/span_Notifications")): Object: 'Object Repository/Page_Element/span_Notifications' is clicked on

2022-01-17 12:59:28 - [MESSAGE][PASSED] - Object: 'Object Repository/Page_Element/span_Notifications' is clicked on

2022-01-17 12:59:28 - [TEST_STEP][PASSED] - click(findTestObject("Object Repository/Page_Element/div_Enable email notifications for selena.n_56c593")): Object: 'Object Repository/Page_Element/div_Enable email notifications for selena.n_56c593' is clicked on

2022-01-17 12:59:30 - [MESSAGE][PASSED] - Object: 'Object Repository/Page_Element/div_Enable email notifications for selena.n_56c593' is clicked on

2022-01-17 12:59:30 - [TEST_STEP][PASSED] - click(findTestObject("Object Repository/Page_Element/div_Enable email notifications for selena.n_56c593_1")): Object: 'Object Repository/Page_Element/div_Enable email notifications for selena.n_56c593_1' is clicked on

2022-01-17 12:59:31 - [MESSAGE][PASSED] - Object: 'Object Repository/Page_Element/div_Enable email notifications for selena.n_56c593_1' is clicked on

2022-01-17 12:59:31 - [TEST_STEP][PASSED] - closeBrowser(): Browser is closed

2022-01-17 12:59:32 - [MESSAGE][PASSED] - Browser is closed]]></system-out>
         <system-err><![CDATA[]]></system-err>
      </testcase>
      <testcase name="Test Cases/30.ReferencesRoomList" time="64.42" classname="Test Cases/30.ReferencesRoomList" status="FAILED">
         <failure type="FAILED" message="Test Cases/30.ReferencesRoomList FAILED.
Reason:
com.kms.katalon.core.exception.StepFailedException: Unable to click on object 'Object Repository/Page_Element/span_Preferences'
	at com.kms.katalon.core.webui.keyword.internal.WebUIKeywordMain.stepFailed(WebUIKeywordMain.groovy:64)
	at com.kms.katalon.core.webui.keyword.internal.WebUIKeywordMain.runKeyword(WebUIKeywordMain.groovy:26)
	at com.kms.katalon.core.webui.keyword.builtin.ClickKeyword.click(ClickKeyword.groovy:74)
	at com.kms.katalon.core.webui.keyword.builtin.ClickKeyword.execute(ClickKeyword.groovy:40)
	at com.kms.katalon.core.keyword.internal.KeywordExecutor.executeKeywordForPlatform(KeywordExecutor.groovy:74)
	at com.kms.katalon.core.webui.keyword.WebUiBuiltInKeywords.click(WebUiBuiltInKeywords.groovy:620)
	at com.kms.katalon.core.webui.keyword.WebUiBuiltInKeywords$click$1.call(Unknown Source)
	at 30.ReferencesRoomList.run(30.ReferencesRoomList:44)
	at com.kms.katalon.core.main.ScriptEngine.run(ScriptEngine.java:194)
	at com.kms.katalon.core.main.ScriptEngine.runScriptAsRawText(ScriptEngine.java:119)
	at com.kms.katalon.core.main.TestCaseExecutor.runScript(TestCaseExecutor.java:442)
	at com.kms.katalon.core.main.TestCaseExecutor.doExecute(TestCaseExecutor.java:433)
	at com.kms.katalon.core.main.TestCaseExecutor.processExecutionPhase(TestCaseExecutor.java:412)
	at com.kms.katalon.core.main.TestCaseExecutor.accessMainPhase(TestCaseExecutor.java:404)
	at com.kms.katalon.core.main.TestCaseExecutor.execute(TestCaseExecutor.java:281)
	at com.kms.katalon.core.main.TestSuiteExecutor.accessTestCaseMainPhase(TestSuiteExecutor.java:202)
	at com.kms.katalon.core.main.TestSuiteExecutor.accessTestSuiteMainPhase(TestSuiteExecutor.java:164)
	at com.kms.katalon.core.main.TestSuiteExecutor.execute(TestSuiteExecutor.java:105)
	at com.kms.katalon.core.main.TestCaseMain.startTestSuite(TestCaseMain.java:181)
	at com.kms.katalon.core.main.TestCaseMain$startTestSuite$0.call(Unknown Source)
	at TempTestSuite1642398411696.run(TempTestSuite1642398411696.groovy:36)
Caused by: com.kms.katalon.core.webui.exception.WebElementNotFoundException: Web element with id: 'Object Repository/Page_Element/span_Preferences' located by '//div[@id='mx_ContextualMenu_Container']/div/div[2]/div/div[2]/div[3]/span[2]' not found
	at com.kms.katalon.core.webui.common.WebUiCommonHelper.findWebElement(WebUiCommonHelper.java:1368)
	at com.kms.katalon.core.webui.keyword.internal.WebUIAbstractKeyword.findWebElement(WebUIAbstractKeyword.groovy:27)
	at com.kms.katalon.core.webui.keyword.builtin.ClickKeyword$_click_closure1.doCall(ClickKeyword.groovy:65)
	at com.kms.katalon.core.webui.keyword.builtin.ClickKeyword$_click_closure1.call(ClickKeyword.groovy)
	at com.kms.katalon.core.webui.keyword.internal.WebUIKeywordMain.runKeyword(WebUIKeywordMain.groovy:20)
	... 19 more
"/>
         <system-out><![CDATA[2022-01-17 12:59:32 - [TEST_CASE][FAILED] - Test Cases/30.ReferencesRoomList: Test Cases/30.ReferencesRoomList FAILED.
Reason:
com.kms.katalon.core.exception.StepFailedException: Unable to click on object 'Object Repository/Page_Element/span_Preferences'
	at com.kms.katalon.core.webui.keyword.internal.WebUIKeywordMain.stepFailed(WebUIKeywordMain.groovy:64)
	at com.kms.katalon.core.webui.keyword.internal.WebUIKeywordMain.runKeyword(WebUIKeywordMain.groovy:26)
	at com.kms.katalon.core.webui.keyword.builtin.ClickKeyword.click(ClickKeyword.groovy:74)
	at com.kms.katalon.core.webui.keyword.builtin.ClickKeyword.execute(ClickKeyword.groovy:40)
	at com.kms.katalon.core.keyword.internal.KeywordExecutor.executeKeywordForPlatform(KeywordExecutor.groovy:74)
	at com.kms.katalon.core.webui.keyword.WebUiBuiltInKeywords.click(WebUiBuiltInKeywords.groovy:620)
	at com.kms.katalon.core.webui.keyword.WebUiBuiltInKeywords$click$1.call(Unknown Source)
	at 30.ReferencesRoomList.run(30.ReferencesRoomList:44)
	at com.kms.katalon.core.main.ScriptEngine.run(ScriptEngine.java:194)
	at com.kms.katalon.core.main.ScriptEngine.runScriptAsRawText(ScriptEngine.java:119)
	at com.kms.katalon.core.main.TestCaseExecutor.runScript(TestCaseExecutor.java:442)
	at com.kms.katalon.core.main.TestCaseExecutor.doExecute(TestCaseExecutor.java:433)
	at com.kms.katalon.core.main.TestCaseExecutor.processExecutionPhase(TestCaseExecutor.java:412)
	at com.kms.katalon.core.main.TestCaseExecutor.accessMainPhase(TestCaseExecutor.java:404)
	at com.kms.katalon.core.main.TestCaseExecutor.execute(TestCaseExecutor.java:281)
	at com.kms.katalon.core.main.TestSuiteExecutor.accessTestCaseMainPhase(TestSuiteExecutor.java:202)
	at com.kms.katalon.core.main.TestSuiteExecutor.accessTestSuiteMainPhase(TestSuiteExecutor.java:164)
	at com.kms.katalon.core.main.TestSuiteExecutor.execute(TestSuiteExecutor.java:105)
	at com.kms.katalon.core.main.TestCaseMain.startTestSuite(TestCaseMain.java:181)
	at com.kms.katalon.core.main.TestCaseMain$startTestSuite$0.call(Unknown Source)
	at TempTestSuite1642398411696.run(TempTestSuite1642398411696.groovy:36)
Caused by: com.kms.katalon.core.webui.exception.WebElementNotFoundException: Web element with id: 'Object Repository/Page_Element/span_Preferences' located by '//div[@id='mx_ContextualMenu_Container']/div/div[2]/div/div[2]/div[3]/span[2]' not found
	at com.kms.katalon.core.webui.common.WebUiCommonHelper.findWebElement(WebUiCommonHelper.java:1368)
	at com.kms.katalon.core.webui.keyword.internal.WebUIAbstractKeyword.findWebElement(WebUIAbstractKeyword.groovy:27)
	at com.kms.katalon.core.webui.keyword.builtin.ClickKeyword$_click_closure1.doCall(ClickKeyword.groovy:65)
	at com.kms.katalon.core.webui.keyword.builtin.ClickKeyword$_click_closure1.call(ClickKeyword.groovy)
	at com.kms.katalon.core.webui.keyword.internal.WebUIKeywordMain.runKeyword(WebUIKeywordMain.groovy:20)
	... 19 more


2022-01-17 12:59:32 - [TEST_STEP][PASSED] - openBrowser(""): Browser is opened with url: ''

2022-01-17 12:59:32 - [MESSAGE][INFO] - Starting 'Chrome' driver

2022-01-17 12:59:32 - [MESSAGE][INFO] - Action delay is set to 1,000 milliseconds

2022-01-17 12:59:33 - [MESSAGE][PASSED] - Browser is opened with url: ''

2022-01-17 12:59:33 - [TEST_STEP][PASSED] - navigateToUrl("http://localhost:8080/"): Navigate to 'http://localhost:8080/' successfully

2022-01-17 12:59:37 - [MESSAGE][PASSED] - Navigate to 'http://localhost:8080/' successfully

2022-01-17 12:59:37 - [TEST_STEP][PASSED] - click(findTestObject("Object Repository/Page_Element/div_Sign In")): Object: 'Object Repository/Page_Element/div_Sign In' is clicked on

2022-01-17 12:59:42 - [MESSAGE][PASSED] - Object: 'Object Repository/Page_Element/div_Sign In' is clicked on

2022-01-17 12:59:42 - [TEST_STEP][PASSED] - setText(findTestObject("Object Repository/Page_Element/input_Sign in with_username"), "ptnha19"): Text 'ptnha19' is set on object 'Object Repository/Page_Element/input_Sign in with_username'

2022-01-17 12:59:45 - [MESSAGE][PASSED] - Text 'ptnha19' is set on object 'Object Repository/Page_Element/input_Sign in with_username'

2022-01-17 12:59:45 - [TEST_STEP][PASSED] - setEncryptedText(findTestObject("Object Repository/Page_Element/input_Username_password"), "5R3Ima4A+eOeCrCDRGMLmJpaGR3V3+YI"): Text ****** has been set on object 'Object Repository/Page_Element/input_Username_password'

2022-01-17 12:59:47 - [MESSAGE][PASSED] - Text ****** has been set on object 'Object Repository/Page_Element/input_Username_password'

2022-01-17 12:59:47 - [TEST_STEP][PASSED] - click(findTestObject("Object Repository/Page_Element/input_Forgot password_mx_Login_submit")): Object: 'Object Repository/Page_Element/input_Forgot password_mx_Login_submit' is clicked on

2022-01-17 12:59:48 - [MESSAGE][PASSED] - Object: 'Object Repository/Page_Element/input_Forgot password_mx_Login_submit' is clicked on

2022-01-17 12:59:48 - [TEST_STEP][PASSED] - click(findTestObject("Object Repository/Page_Element/div_Verify with Security Key")): Object: 'Object Repository/Page_Element/div_Verify with Security Key' is clicked on

2022-01-17 12:59:56 - [MESSAGE][PASSED] - Object: 'Object Repository/Page_Element/div_Verify with Security Key' is clicked on

2022-01-17 12:59:56 - [TEST_STEP][PASSED] - setEncryptedText(findTestObject("Object Repository/Page_Element/input_Security Key_mx_Field_4"), "PF4jXtbe/5x5+S5PgN4Kl/QbANAkWZYKqKaG9gW6gn+Po31AOnak0DX8GoEzAUkskgpeON1UhfEqZG0XXngJPA=="): Text ****** has been set on object 'Object Repository/Page_Element/input_Security Key_mx_Field_4'

2022-01-17 12:59:59 - [MESSAGE][PASSED] - Text ****** has been set on object 'Object Repository/Page_Element/input_Security Key_mx_Field_4'

2022-01-17 12:59:59 - [TEST_STEP][PASSED] - click(findTestObject("Object Repository/Page_Element/button_Continue")): Object: 'Object Repository/Page_Element/button_Continue' is clicked on

2022-01-17 13:00:00 - [MESSAGE][PASSED] - Object: 'Object Repository/Page_Element/button_Continue' is clicked on

2022-01-17 13:00:00 - [TEST_STEP][PASSED] - click(findTestObject("Object Repository/Page_Element/div_Done")): Object: 'Object Repository/Page_Element/div_Done' is clicked on

2022-01-17 13:00:02 - [MESSAGE][PASSED] - Object: 'Object Repository/Page_Element/div_Done' is clicked on

2022-01-17 13:00:02 - [TEST_STEP][PASSED] - click(findTestObject("Object Repository/Page_Element/span_P")): Object: 'Object Repository/Page_Element/span_P' is clicked on

2022-01-17 13:00:04 - [MESSAGE][PASSED] - Object: 'Object Repository/Page_Element/span_P' is clicked on

2022-01-17 13:00:04 - [TEST_STEP][PASSED] - click(findTestObject("Object Repository/Page_Element/span_All settings")): Object: 'Object Repository/Page_Element/span_All settings' is clicked on

2022-01-17 13:00:05 - [MESSAGE][PASSED] - Object: 'Object Repository/Page_Element/span_All settings' is clicked on

2022-01-17 13:00:05 - [TEST_STEP][FAILED] - click(findTestObject("Object Repository/Page_Element/span_Preferences")): Unable to click on object 'Object Repository/Page_Element/span_Preferences' (Root cause: com.kms.katalon.core.exception.StepFailedException: Unable to click on object 'Object Repository/Page_Element/span_Preferences'
	at com.kms.katalon.core.webui.keyword.internal.WebUIKeywordMain.stepFailed(WebUIKeywordMain.groovy:64)
	at com.kms.katalon.core.webui.keyword.internal.WebUIKeywordMain.runKeyword(WebUIKeywordMain.groovy:26)
	at com.kms.katalon.core.webui.keyword.builtin.ClickKeyword.click(ClickKeyword.groovy:74)
	at com.kms.katalon.core.webui.keyword.builtin.ClickKeyword.execute(ClickKeyword.groovy:40)
	at com.kms.katalon.core.keyword.internal.KeywordExecutor.executeKeywordForPlatform(KeywordExecutor.groovy:74)
	at com.kms.katalon.core.webui.keyword.WebUiBuiltInKeywords.click(WebUiBuiltInKeywords.groovy:620)
	at com.kms.katalon.core.webui.keyword.WebUiBuiltInKeywords$click$1.call(Unknown Source)
	at 30.ReferencesRoomList.run(30.ReferencesRoomList:44)
	at com.kms.katalon.core.main.ScriptEngine.run(ScriptEngine.java:194)
	at com.kms.katalon.core.main.ScriptEngine.runScriptAsRawText(ScriptEngine.java:119)
	at com.kms.katalon.core.main.TestCaseExecutor.runScript(TestCaseExecutor.java:442)
	at com.kms.katalon.core.main.TestCaseExecutor.doExecute(TestCaseExecutor.java:433)
	at com.kms.katalon.core.main.TestCaseExecutor.processExecutionPhase(TestCaseExecutor.java:412)
	at com.kms.katalon.core.main.TestCaseExecutor.accessMainPhase(TestCaseExecutor.java:404)
	at com.kms.katalon.core.main.TestCaseExecutor.execute(TestCaseExecutor.java:281)
	at com.kms.katalon.core.main.TestSuiteExecutor.accessTestCaseMainPhase(TestSuiteExecutor.java:202)
	at com.kms.katalon.core.main.TestSuiteExecutor.accessTestSuiteMainPhase(TestSuiteExecutor.java:164)
	at com.kms.katalon.core.main.TestSuiteExecutor.execute(TestSuiteExecutor.java:105)
	at com.kms.katalon.core.main.TestCaseMain.startTestSuite(TestCaseMain.java:181)
	at com.kms.katalon.core.main.TestCaseMain$startTestSuite$0.call(Unknown Source)
	at TempTestSuite1642398411696.run(TempTestSuite1642398411696.groovy:36)
Caused by: com.kms.katalon.core.webui.exception.WebElementNotFoundException: Web element with id: 'Object Repository/Page_Element/span_Preferences' located by '//div[@id='mx_ContextualMenu_Container']/div/div[2]/div/div[2]/div[3]/span[2]' not found
	at com.kms.katalon.core.webui.common.WebUiCommonHelper.findWebElement(WebUiCommonHelper.java:1368)
	at com.kms.katalon.core.webui.keyword.internal.WebUIAbstractKeyword.findWebElement(WebUIAbstractKeyword.groovy:27)
	at com.kms.katalon.core.webui.keyword.builtin.ClickKeyword$_click_closure1.doCall(ClickKeyword.groovy:65)
	at com.kms.katalon.core.webui.keyword.builtin.ClickKeyword$_click_closure1.call(ClickKeyword.groovy)
	at com.kms.katalon.core.webui.keyword.internal.WebUIKeywordMain.runKeyword(WebUIKeywordMain.groovy:20)
	at com.kms.katalon.core.webui.keyword.builtin.ClickKeyword.click(ClickKeyword.groovy:74)
	at com.kms.katalon.core.webui.keyword.builtin.ClickKeyword.execute(ClickKeyword.groovy:40)
	at com.kms.katalon.core.keyword.internal.KeywordExecutor.executeKeywordForPlatform(KeywordExecutor.groovy:74)
	at com.kms.katalon.core.webui.keyword.WebUiBuiltInKeywords.click(WebUiBuiltInKeywords.groovy:620)
	at com.kms.katalon.core.webui.keyword.WebUiBuiltInKeywords$click$1.call(Unknown Source)
	at Script1641894812076.run(Script1641894812076.groovy:44)
	... 13 more
)

2022-01-17 13:00:36 - [MESSAGE][INFO] - Unable to find the element located by 'By.xpath: //div[@id='mx_ContextualMenu_Container']/div/div[2]/div/div[2]/div[3]/span[2]'. Please recheck the objects properties to make sure the desired element is located. 

2022-01-17 13:00:36 - [MESSAGE][FAILED] - Unable to click on object 'Object Repository/Page_Element/span_Preferences' (Root cause: com.kms.katalon.core.exception.StepFailedException: Unable to click on object 'Object Repository/Page_Element/span_Preferences'
	at com.kms.katalon.core.webui.keyword.internal.WebUIKeywordMain.stepFailed(WebUIKeywordMain.groovy:64)
	at com.kms.katalon.core.webui.keyword.internal.WebUIKeywordMain.runKeyword(WebUIKeywordMain.groovy:26)
	at com.kms.katalon.core.webui.keyword.builtin.ClickKeyword.click(ClickKeyword.groovy:74)
	at com.kms.katalon.core.webui.keyword.builtin.ClickKeyword.execute(ClickKeyword.groovy:40)
	at com.kms.katalon.core.keyword.internal.KeywordExecutor.executeKeywordForPlatform(KeywordExecutor.groovy:74)
	at com.kms.katalon.core.webui.keyword.WebUiBuiltInKeywords.click(WebUiBuiltInKeywords.groovy:620)
	at com.kms.katalon.core.webui.keyword.WebUiBuiltInKeywords$click$1.call(Unknown Source)
	at 30.ReferencesRoomList.run(30.ReferencesRoomList:44)
	at com.kms.katalon.core.main.ScriptEngine.run(ScriptEngine.java:194)
	at com.kms.katalon.core.main.ScriptEngine.runScriptAsRawText(ScriptEngine.java:119)
	at com.kms.katalon.core.main.TestCaseExecutor.runScript(TestCaseExecutor.java:442)
	at com.kms.katalon.core.main.TestCaseExecutor.doExecute(TestCaseExecutor.java:433)
	at com.kms.katalon.core.main.TestCaseExecutor.processExecutionPhase(TestCaseExecutor.java:412)
	at com.kms.katalon.core.main.TestCaseExecutor.accessMainPhase(TestCaseExecutor.java:404)
	at com.kms.katalon.core.main.TestCaseExecutor.execute(TestCaseExecutor.java:281)
	at com.kms.katalon.core.main.TestSuiteExecutor.accessTestCaseMainPhase(TestSuiteExecutor.java:202)
	at com.kms.katalon.core.main.TestSuiteExecutor.accessTestSuiteMainPhase(TestSuiteExecutor.java:164)
	at com.kms.katalon.core.main.TestSuiteExecutor.execute(TestSuiteExecutor.java:105)
	at com.kms.katalon.core.main.TestCaseMain.startTestSuite(TestCaseMain.java:181)
	at com.kms.katalon.core.main.TestCaseMain$startTestSuite$0.call(Unknown Source)
	at TempTestSuite1642398411696.run(TempTestSuite1642398411696.groovy:36)
Caused by: com.kms.katalon.core.webui.exception.WebElementNotFoundException: Web element with id: 'Object Repository/Page_Element/span_Preferences' located by '//div[@id='mx_ContextualMenu_Container']/div/div[2]/div/div[2]/div[3]/span[2]' not found
	at com.kms.katalon.core.webui.common.WebUiCommonHelper.findWebElement(WebUiCommonHelper.java:1368)
	at com.kms.katalon.core.webui.keyword.internal.WebUIAbstractKeyword.findWebElement(WebUIAbstractKeyword.groovy:27)
	at com.kms.katalon.core.webui.keyword.builtin.ClickKeyword$_click_closure1.doCall(ClickKeyword.groovy:65)
	at com.kms.katalon.core.webui.keyword.builtin.ClickKeyword$_click_closure1.call(ClickKeyword.groovy)
	at com.kms.katalon.core.webui.keyword.internal.WebUIKeywordMain.runKeyword(WebUIKeywordMain.groovy:20)
	at com.kms.katalon.core.webui.keyword.builtin.ClickKeyword.click(ClickKeyword.groovy:74)
	at com.kms.katalon.core.webui.keyword.builtin.ClickKeyword.execute(ClickKeyword.groovy:40)
	at com.kms.katalon.core.keyword.internal.KeywordExecutor.executeKeywordForPlatform(KeywordExecutor.groovy:74)
	at com.kms.katalon.core.webui.keyword.WebUiBuiltInKeywords.click(WebUiBuiltInKeywords.groovy:620)
	at com.kms.katalon.core.webui.keyword.WebUiBuiltInKeywords$click$1.call(Unknown Source)
	at Script1641894812076.run(Script1641894812076.groovy:44)
	... 13 more
)
[[ATTACHMENT|D:\\Bonus-SE\\Katalon_pj\\Bonus_SE\\Reports\\20220117_124651\\Run all test case\\20220117_124651\\1642399236396.png]]]]></system-out>
         <system-err><![CDATA[2022-01-17 12:59:32 - [TEST_CASE][FAILED] - Test Cases/30.ReferencesRoomList: Test Cases/30.ReferencesRoomList FAILED.
Reason:
com.kms.katalon.core.exception.StepFailedException: Unable to click on object 'Object Repository/Page_Element/span_Preferences'
	at com.kms.katalon.core.webui.keyword.internal.WebUIKeywordMain.stepFailed(WebUIKeywordMain.groovy:64)
	at com.kms.katalon.core.webui.keyword.internal.WebUIKeywordMain.runKeyword(WebUIKeywordMain.groovy:26)
	at com.kms.katalon.core.webui.keyword.builtin.ClickKeyword.click(ClickKeyword.groovy:74)
	at com.kms.katalon.core.webui.keyword.builtin.ClickKeyword.execute(ClickKeyword.groovy:40)
	at com.kms.katalon.core.keyword.internal.KeywordExecutor.executeKeywordForPlatform(KeywordExecutor.groovy:74)
	at com.kms.katalon.core.webui.keyword.WebUiBuiltInKeywords.click(WebUiBuiltInKeywords.groovy:620)
	at com.kms.katalon.core.webui.keyword.WebUiBuiltInKeywords$click$1.call(Unknown Source)
	at 30.ReferencesRoomList.run(30.ReferencesRoomList:44)
	at com.kms.katalon.core.main.ScriptEngine.run(ScriptEngine.java:194)
	at com.kms.katalon.core.main.ScriptEngine.runScriptAsRawText(ScriptEngine.java:119)
	at com.kms.katalon.core.main.TestCaseExecutor.runScript(TestCaseExecutor.java:442)
	at com.kms.katalon.core.main.TestCaseExecutor.doExecute(TestCaseExecutor.java:433)
	at com.kms.katalon.core.main.TestCaseExecutor.processExecutionPhase(TestCaseExecutor.java:412)
	at com.kms.katalon.core.main.TestCaseExecutor.accessMainPhase(TestCaseExecutor.java:404)
	at com.kms.katalon.core.main.TestCaseExecutor.execute(TestCaseExecutor.java:281)
	at com.kms.katalon.core.main.TestSuiteExecutor.accessTestCaseMainPhase(TestSuiteExecutor.java:202)
	at com.kms.katalon.core.main.TestSuiteExecutor.accessTestSuiteMainPhase(TestSuiteExecutor.java:164)
	at com.kms.katalon.core.main.TestSuiteExecutor.execute(TestSuiteExecutor.java:105)
	at com.kms.katalon.core.main.TestCaseMain.startTestSuite(TestCaseMain.java:181)
	at com.kms.katalon.core.main.TestCaseMain$startTestSuite$0.call(Unknown Source)
	at TempTestSuite1642398411696.run(TempTestSuite1642398411696.groovy:36)
Caused by: com.kms.katalon.core.webui.exception.WebElementNotFoundException: Web element with id: 'Object Repository/Page_Element/span_Preferences' located by '//div[@id='mx_ContextualMenu_Container']/div/div[2]/div/div[2]/div[3]/span[2]' not found
	at com.kms.katalon.core.webui.common.WebUiCommonHelper.findWebElement(WebUiCommonHelper.java:1368)
	at com.kms.katalon.core.webui.keyword.internal.WebUIAbstractKeyword.findWebElement(WebUIAbstractKeyword.groovy:27)
	at com.kms.katalon.core.webui.keyword.builtin.ClickKeyword$_click_closure1.doCall(ClickKeyword.groovy:65)
	at com.kms.katalon.core.webui.keyword.builtin.ClickKeyword$_click_closure1.call(ClickKeyword.groovy)
	at com.kms.katalon.core.webui.keyword.internal.WebUIKeywordMain.runKeyword(WebUIKeywordMain.groovy:20)
	... 19 more]]></system-err>
      </testcase>
      <testcase name="Test Cases/31.FAQ" time="37.224" classname="Test Cases/31.FAQ" status="PASSED">
         <system-out><![CDATA[2022-01-17 13:00:36 - [TEST_CASE][PASSED] - Test Cases/31.FAQ: Test Cases/31.FAQ

2022-01-17 13:00:36 - [TEST_STEP][PASSED] - openBrowser(""): Browser is opened with url: ''

2022-01-17 13:00:36 - [MESSAGE][WARNING] - A browser is already opened. Closing browser and opening a new one

2022-01-17 13:00:37 - [MESSAGE][INFO] - Starting 'Chrome' driver

2022-01-17 13:00:37 - [MESSAGE][INFO] - Action delay is set to 1,000 milliseconds

2022-01-17 13:00:38 - [MESSAGE][PASSED] - Browser is opened with url: ''

2022-01-17 13:00:38 - [TEST_STEP][PASSED] - navigateToUrl("http://localhost:8080/"): Navigate to 'http://localhost:8080/' successfully

2022-01-17 13:00:41 - [MESSAGE][PASSED] - Navigate to 'http://localhost:8080/' successfully

2022-01-17 13:00:41 - [TEST_STEP][PASSED] - click(findTestObject("Object Repository/Page_Element/div_Sign In")): Object: 'Object Repository/Page_Element/div_Sign In' is clicked on

2022-01-17 13:00:44 - [MESSAGE][PASSED] - Object: 'Object Repository/Page_Element/div_Sign In' is clicked on

2022-01-17 13:00:44 - [TEST_STEP][PASSED] - click(findTestObject("Object Repository/Page_Element/input_Sign in with_username")): Object: 'Object Repository/Page_Element/input_Sign in with_username' is clicked on

2022-01-17 13:00:47 - [MESSAGE][PASSED] - Object: 'Object Repository/Page_Element/input_Sign in with_username' is clicked on

2022-01-17 13:00:47 - [TEST_STEP][PASSED] - setText(findTestObject("Object Repository/Page_Element/input_Sign in with_username"), "ptnha19"): Text 'ptnha19' is set on object 'Object Repository/Page_Element/input_Sign in with_username'

2022-01-17 13:00:49 - [MESSAGE][PASSED] - Text 'ptnha19' is set on object 'Object Repository/Page_Element/input_Sign in with_username'

2022-01-17 13:00:49 - [TEST_STEP][PASSED] - setEncryptedText(findTestObject("Object Repository/Page_Element/input_Username_password"), "5R3Ima4A+eOeCrCDRGMLmJpaGR3V3+YI"): Text ****** has been set on object 'Object Repository/Page_Element/input_Username_password'

2022-01-17 13:00:51 - [MESSAGE][PASSED] - Text ****** has been set on object 'Object Repository/Page_Element/input_Username_password'

2022-01-17 13:00:51 - [TEST_STEP][PASSED] - click(findTestObject("Object Repository/Page_Element/input_Forgot password_mx_Login_submit")): Object: 'Object Repository/Page_Element/input_Forgot password_mx_Login_submit' is clicked on

2022-01-17 13:00:52 - [MESSAGE][PASSED] - Object: 'Object Repository/Page_Element/input_Forgot password_mx_Login_submit' is clicked on

2022-01-17 13:00:52 - [TEST_STEP][PASSED] - click(findTestObject("Object Repository/Page_Element/div_Verify with Security Key")): Object: 'Object Repository/Page_Element/div_Verify with Security Key' is clicked on

2022-01-17 13:00:58 - [MESSAGE][PASSED] - Object: 'Object Repository/Page_Element/div_Verify with Security Key' is clicked on

2022-01-17 13:00:58 - [TEST_STEP][PASSED] - setEncryptedText(findTestObject("Object Repository/Page_Element/input_Security Key_mx_Field_4"), "PF4jXtbe/5x5+S5PgN4Kl/QbANAkWZYKqKaG9gW6gn+Po31AOnak0DX8GoEzAUkskgpeON1UhfEqZG0XXngJPA=="): Text ****** has been set on object 'Object Repository/Page_Element/input_Security Key_mx_Field_4'

2022-01-17 13:01:01 - [MESSAGE][PASSED] - Text ****** has been set on object 'Object Repository/Page_Element/input_Security Key_mx_Field_4'

2022-01-17 13:01:01 - [TEST_STEP][PASSED] - click(findTestObject("Object Repository/Page_Element/button_Continue")): Object: 'Object Repository/Page_Element/button_Continue' is clicked on

2022-01-17 13:01:02 - [MESSAGE][PASSED] - Object: 'Object Repository/Page_Element/button_Continue' is clicked on

2022-01-17 13:01:02 - [TEST_STEP][PASSED] - click(findTestObject("Object Repository/Page_Element/div_Done")): Object: 'Object Repository/Page_Element/div_Done' is clicked on

2022-01-17 13:01:04 - [MESSAGE][PASSED] - Object: 'Object Repository/Page_Element/div_Done' is clicked on

2022-01-17 13:01:04 - [TEST_STEP][PASSED] - click(findTestObject("Object Repository/Page_Element/img_Enable_mx_BaseAvatar_image")): Object: 'Object Repository/Page_Element/img_Enable_mx_BaseAvatar_image' is clicked on

2022-01-17 13:01:05 - [MESSAGE][PASSED] - Object: 'Object Repository/Page_Element/img_Enable_mx_BaseAvatar_image' is clicked on

2022-01-17 13:01:05 - [TEST_STEP][PASSED] - click(findTestObject("Object Repository/Page_Element/span_All settings")): Object: 'Object Repository/Page_Element/span_All settings' is clicked on

2022-01-17 13:01:07 - [MESSAGE][PASSED] - Object: 'Object Repository/Page_Element/span_All settings' is clicked on

2022-01-17 13:01:07 - [TEST_STEP][PASSED] - click(findTestObject("Object Repository/Page_Element/span_Help  About")): Object: 'Object Repository/Page_Element/span_Help  About' is clicked on

2022-01-17 13:01:08 - [MESSAGE][PASSED] - Object: 'Object Repository/Page_Element/span_Help  About' is clicked on

2022-01-17 13:01:08 - [TEST_STEP][PASSED] - click(findTestObject("Object Repository/Page_Element/div_Keyboard Shortcuts")): Object: 'Object Repository/Page_Element/div_Keyboard Shortcuts' is clicked on

2022-01-17 13:01:09 - [MESSAGE][PASSED] - Object: 'Object Repository/Page_Element/div_Keyboard Shortcuts' is clicked on

2022-01-17 13:01:09 - [TEST_STEP][PASSED] - click(findTestObject("Object Repository/Page_Element/div_Keyboard Shortcuts_mx_AccessibleButton _622478")): Object: 'Object Repository/Page_Element/div_Keyboard Shortcuts_mx_AccessibleButton _622478' is clicked on

2022-01-17 13:01:10 - [MESSAGE][PASSED] - Object: 'Object Repository/Page_Element/div_Keyboard Shortcuts_mx_AccessibleButton _622478' is clicked on

2022-01-17 13:01:10 - [TEST_STEP][PASSED] - click(findTestObject("Object Repository/Page_Element/div_Settings_mx_AccessibleButton mx_Dialog__4987e8")): Object: 'Object Repository/Page_Element/div_Settings_mx_AccessibleButton mx_Dialog__4987e8' is clicked on

2022-01-17 13:01:11 - [MESSAGE][PASSED] - Object: 'Object Repository/Page_Element/div_Settings_mx_AccessibleButton mx_Dialog__4987e8' is clicked on

2022-01-17 13:01:11 - [TEST_STEP][PASSED] - click(findTestObject("Object Repository/Page_Element/img_Enable_mx_BaseAvatar_image")): Object: 'Object Repository/Page_Element/img_Enable_mx_BaseAvatar_image' is clicked on

2022-01-17 13:01:13 - [MESSAGE][PASSED] - Object: 'Object Repository/Page_Element/img_Enable_mx_BaseAvatar_image' is clicked on

2022-01-17 13:01:13 - [TEST_STEP][PASSED] - closeBrowser(): Browser is closed

2022-01-17 13:01:13 - [MESSAGE][PASSED] - Browser is closed]]></system-out>
         <system-err><![CDATA[]]></system-err>
      </testcase>
      <testcase name="Test Cases/33.SettingVoiceVideo" time="35.895" classname="Test Cases/33.SettingVoiceVideo" status="PASSED">
         <system-out><![CDATA[2022-01-17 13:01:13 - [TEST_CASE][PASSED] - Test Cases/33.SettingVoiceVideo: Test Cases/33.SettingVoiceVideo

2022-01-17 13:01:13 - [TEST_STEP][PASSED] - openBrowser(""): Browser is opened with url: ''

2022-01-17 13:01:13 - [MESSAGE][INFO] - Starting 'Chrome' driver

2022-01-17 13:01:13 - [MESSAGE][INFO] - Action delay is set to 1,000 milliseconds

2022-01-17 13:01:15 - [MESSAGE][PASSED] - Browser is opened with url: ''

2022-01-17 13:01:15 - [TEST_STEP][PASSED] - navigateToUrl("http://localhost:8080/"): Navigate to 'http://localhost:8080/' successfully

2022-01-17 13:01:17 - [MESSAGE][PASSED] - Navigate to 'http://localhost:8080/' successfully

2022-01-17 13:01:17 - [TEST_STEP][PASSED] - click(findTestObject("Object Repository/Page_Element/div_Sign In")): Object: 'Object Repository/Page_Element/div_Sign In' is clicked on

2022-01-17 13:01:21 - [MESSAGE][PASSED] - Object: 'Object Repository/Page_Element/div_Sign In' is clicked on

2022-01-17 13:01:21 - [TEST_STEP][PASSED] - setText(findTestObject("Object Repository/Page_Element/input_Sign in with_username"), "ptnha19"): Text 'ptnha19' is set on object 'Object Repository/Page_Element/input_Sign in with_username'

2022-01-17 13:01:24 - [MESSAGE][PASSED] - Text 'ptnha19' is set on object 'Object Repository/Page_Element/input_Sign in with_username'

2022-01-17 13:01:24 - [TEST_STEP][PASSED] - setEncryptedText(findTestObject("Object Repository/Page_Element/input_Username_password"), "5R3Ima4A+eOeCrCDRGMLmJpaGR3V3+YI"): Text ****** has been set on object 'Object Repository/Page_Element/input_Username_password'

2022-01-17 13:01:27 - [MESSAGE][PASSED] - Text ****** has been set on object 'Object Repository/Page_Element/input_Username_password'

2022-01-17 13:01:27 - [TEST_STEP][PASSED] - click(findTestObject("Object Repository/Page_Element/input_Forgot password_mx_Login_submit")): Object: 'Object Repository/Page_Element/input_Forgot password_mx_Login_submit' is clicked on

2022-01-17 13:01:28 - [MESSAGE][PASSED] - Object: 'Object Repository/Page_Element/input_Forgot password_mx_Login_submit' is clicked on

2022-01-17 13:01:28 - [TEST_STEP][PASSED] - click(findTestObject("Object Repository/Page_Element/div_Verify with Security Key")): Object: 'Object Repository/Page_Element/div_Verify with Security Key' is clicked on

2022-01-17 13:01:35 - [MESSAGE][PASSED] - Object: 'Object Repository/Page_Element/div_Verify with Security Key' is clicked on

2022-01-17 13:01:35 - [TEST_STEP][PASSED] - setEncryptedText(findTestObject("Object Repository/Page_Element/input_Security Key_mx_Field_4"), "PF4jXtbe/5x5+S5PgN4Kl/QbANAkWZYKqKaG9gW6gn+Po31AOnak0DX8GoEzAUkskgpeON1UhfEqZG0XXngJPA=="): Text ****** has been set on object 'Object Repository/Page_Element/input_Security Key_mx_Field_4'

2022-01-17 13:01:38 - [MESSAGE][PASSED] - Text ****** has been set on object 'Object Repository/Page_Element/input_Security Key_mx_Field_4'

2022-01-17 13:01:38 - [TEST_STEP][PASSED] - click(findTestObject("Object Repository/Page_Element/button_Continue")): Object: 'Object Repository/Page_Element/button_Continue' is clicked on

2022-01-17 13:01:39 - [MESSAGE][PASSED] - Object: 'Object Repository/Page_Element/button_Continue' is clicked on

2022-01-17 13:01:39 - [TEST_STEP][PASSED] - click(findTestObject("Object Repository/Page_Element/div_Done")): Object: 'Object Repository/Page_Element/div_Done' is clicked on

2022-01-17 13:01:40 - [MESSAGE][PASSED] - Object: 'Object Repository/Page_Element/div_Done' is clicked on

2022-01-17 13:01:40 - [TEST_STEP][PASSED] - click(findTestObject("Object Repository/Page_Element/img_Enable_mx_BaseAvatar_image")): Object: 'Object Repository/Page_Element/img_Enable_mx_BaseAvatar_image' is clicked on

2022-01-17 13:01:42 - [MESSAGE][PASSED] - Object: 'Object Repository/Page_Element/img_Enable_mx_BaseAvatar_image' is clicked on

2022-01-17 13:01:42 - [TEST_STEP][PASSED] - click(findTestObject("Object Repository/Page_Element/span_All settings")): Object: 'Object Repository/Page_Element/span_All settings' is clicked on

2022-01-17 13:01:43 - [MESSAGE][PASSED] - Object: 'Object Repository/Page_Element/span_All settings' is clicked on

2022-01-17 13:01:43 - [TEST_STEP][PASSED] - click(findTestObject("Object Repository/Page_Element/span_Voice  Video")): Object: 'Object Repository/Page_Element/span_Voice  Video' is clicked on

2022-01-17 13:01:44 - [MESSAGE][PASSED] - Object: 'Object Repository/Page_Element/span_Voice  Video' is clicked on

2022-01-17 13:01:44 - [TEST_STEP][PASSED] - click(findTestObject("Object Repository/Page_Element/div_Mirror local video feed_mx_AccessibleBu_eb52dd")): Object: 'Object Repository/Page_Element/div_Mirror local video feed_mx_AccessibleBu_eb52dd' is clicked on

2022-01-17 13:01:45 - [MESSAGE][PASSED] - Object: 'Object Repository/Page_Element/div_Mirror local video feed_mx_AccessibleBu_eb52dd' is clicked on

2022-01-17 13:01:45 - [TEST_STEP][PASSED] - click(findTestObject("Object Repository/Page_Element/div_Mirror local video feed_mx_ToggleSwitch_ball")): Object: 'Object Repository/Page_Element/div_Mirror local video feed_mx_ToggleSwitch_ball' is clicked on

2022-01-17 13:01:46 - [MESSAGE][PASSED] - Object: 'Object Repository/Page_Element/div_Mirror local video feed_mx_ToggleSwitch_ball' is clicked on

2022-01-17 13:01:46 - [TEST_STEP][PASSED] - click(findTestObject("Object Repository/Page_Element/div_Settings_mx_AccessibleButton mx_Dialog__4987e8")): Object: 'Object Repository/Page_Element/div_Settings_mx_AccessibleButton mx_Dialog__4987e8' is clicked on

2022-01-17 13:01:47 - [MESSAGE][PASSED] - Object: 'Object Repository/Page_Element/div_Settings_mx_AccessibleButton mx_Dialog__4987e8' is clicked on

2022-01-17 13:01:47 - [TEST_STEP][PASSED] - click(findTestObject("Object Repository/Page_Element/img_Enable_mx_BaseAvatar_image")): Object: 'Object Repository/Page_Element/img_Enable_mx_BaseAvatar_image' is clicked on

2022-01-17 13:01:48 - [MESSAGE][PASSED] - Object: 'Object Repository/Page_Element/img_Enable_mx_BaseAvatar_image' is clicked on

2022-01-17 13:01:48 - [TEST_STEP][PASSED] - closeBrowser(): Browser is closed

2022-01-17 13:01:49 - [MESSAGE][PASSED] - Browser is closed]]></system-out>
         <system-err><![CDATA[]]></system-err>
      </testcase>
      <testcase name="Test Cases/34.ExploreRoom" time="42.554" classname="Test Cases/34.ExploreRoom" status="PASSED">
         <system-out><![CDATA[2022-01-17 13:01:49 - [TEST_CASE][PASSED] - Test Cases/34.ExploreRoom: Test Cases/34.ExploreRoom

2022-01-17 13:01:49 - [TEST_STEP][PASSED] - openBrowser(""): Browser is opened with url: ''

2022-01-17 13:01:49 - [MESSAGE][INFO] - Starting 'Chrome' driver

2022-01-17 13:01:49 - [MESSAGE][INFO] - Action delay is set to 1,000 milliseconds

2022-01-17 13:01:50 - [MESSAGE][PASSED] - Browser is opened with url: ''

2022-01-17 13:01:50 - [TEST_STEP][PASSED] - navigateToUrl("http://localhost:8080/"): Navigate to 'http://localhost:8080/' successfully

2022-01-17 13:01:54 - [MESSAGE][PASSED] - Navigate to 'http://localhost:8080/' successfully

2022-01-17 13:01:54 - [TEST_STEP][PASSED] - click(findTestObject("Object Repository/Page_Element/div_Sign In")): Object: 'Object Repository/Page_Element/div_Sign In' is clicked on

2022-01-17 13:01:58 - [MESSAGE][PASSED] - Object: 'Object Repository/Page_Element/div_Sign In' is clicked on

2022-01-17 13:01:58 - [TEST_STEP][PASSED] - setText(findTestObject("Object Repository/Page_Element/input_Sign in with_username"), "ptnha19"): Text 'ptnha19' is set on object 'Object Repository/Page_Element/input_Sign in with_username'

2022-01-17 13:02:03 - [MESSAGE][PASSED] - Text 'ptnha19' is set on object 'Object Repository/Page_Element/input_Sign in with_username'

2022-01-17 13:02:03 - [TEST_STEP][PASSED] - setEncryptedText(findTestObject("Object Repository/Page_Element/input_Username_password"), "5R3Ima4A+eOeCrCDRGMLmJpaGR3V3+YI"): Text ****** has been set on object 'Object Repository/Page_Element/input_Username_password'

2022-01-17 13:02:06 - [MESSAGE][PASSED] - Text ****** has been set on object 'Object Repository/Page_Element/input_Username_password'

2022-01-17 13:02:06 - [TEST_STEP][PASSED] - click(findTestObject("Object Repository/Page_Element/input_Forgot password_mx_Login_submit")): Object: 'Object Repository/Page_Element/input_Forgot password_mx_Login_submit' is clicked on

2022-01-17 13:02:07 - [MESSAGE][PASSED] - Object: 'Object Repository/Page_Element/input_Forgot password_mx_Login_submit' is clicked on

2022-01-17 13:02:07 - [TEST_STEP][PASSED] - click(findTestObject("Object Repository/Page_Element/div_Verify with Security Key")): Object: 'Object Repository/Page_Element/div_Verify with Security Key' is clicked on

2022-01-17 13:02:13 - [MESSAGE][PASSED] - Object: 'Object Repository/Page_Element/div_Verify with Security Key' is clicked on

2022-01-17 13:02:13 - [TEST_STEP][PASSED] - setEncryptedText(findTestObject("Object Repository/Page_Element/input_Security Key_mx_Field_4"), "PF4jXtbe/5x5+S5PgN4Kl/QbANAkWZYKqKaG9gW6gn+Po31AOnak0DX8GoEzAUkskgpeON1UhfEqZG0XXngJPA=="): Text ****** has been set on object 'Object Repository/Page_Element/input_Security Key_mx_Field_4'

2022-01-17 13:02:21 - [MESSAGE][PASSED] - Text ****** has been set on object 'Object Repository/Page_Element/input_Security Key_mx_Field_4'

2022-01-17 13:02:21 - [TEST_STEP][PASSED] - click(findTestObject("Object Repository/Page_Element/button_Continue")): Object: 'Object Repository/Page_Element/button_Continue' is clicked on

2022-01-17 13:02:22 - [MESSAGE][PASSED] - Object: 'Object Repository/Page_Element/button_Continue' is clicked on

2022-01-17 13:02:22 - [TEST_STEP][PASSED] - click(findTestObject("Object Repository/Page_Element/div_Done")): Object: 'Object Repository/Page_Element/div_Done' is clicked on

2022-01-17 13:02:23 - [MESSAGE][PASSED] - Object: 'Object Repository/Page_Element/div_Done' is clicked on

2022-01-17 13:02:23 - [TEST_STEP][PASSED] - click(findTestObject("Object Repository/Page_Element/div_Ctrl K_mx_AccessibleButton mx_LeftPanel_88084c")): Object: 'Object Repository/Page_Element/div_Ctrl K_mx_AccessibleButton mx_LeftPanel_88084c' is clicked on

2022-01-17 13:02:25 - [MESSAGE][PASSED] - Object: 'Object Repository/Page_Element/div_Ctrl K_mx_AccessibleButton mx_LeftPanel_88084c' is clicked on

2022-01-17 13:02:25 - [TEST_STEP][PASSED] - setText(findTestObject("Object Repository/Page_Element/input_Create a new room_dirsearch"), "abc"): Text 'abc' is set on object 'Object Repository/Page_Element/input_Create a new room_dirsearch'

2022-01-17 13:02:28 - [MESSAGE][PASSED] - Text 'abc' is set on object 'Object Repository/Page_Element/input_Create a new room_dirsearch'

2022-01-17 13:02:28 - [TEST_STEP][PASSED] - click(findTestObject("Object Repository/Page_Element/span_(matrix.org)")): Object: 'Object Repository/Page_Element/span_(matrix.org)' is clicked on

2022-01-17 13:02:29 - [MESSAGE][PASSED] - Object: 'Object Repository/Page_Element/span_(matrix.org)' is clicked on

2022-01-17 13:02:29 - [TEST_STEP][PASSED] - click(findTestObject("Object Repository/Page_Element/div_This room is public_mx_ContextualMenu_b_fc4f75")): Object: 'Object Repository/Page_Element/div_This room is public_mx_ContextualMenu_b_fc4f75' is clicked on

2022-01-17 13:02:30 - [MESSAGE][PASSED] - Object: 'Object Repository/Page_Element/div_This room is public_mx_ContextualMenu_b_fc4f75' is clicked on

2022-01-17 13:02:30 - [TEST_STEP][PASSED] - click(findTestObject("Object Repository/Page_Element/div_Explore rooms_mx_AccessibleButton mx_Di_ac37a4")): Object: 'Object Repository/Page_Element/div_Explore rooms_mx_AccessibleButton mx_Di_ac37a4' is clicked on

2022-01-17 13:02:31 - [MESSAGE][PASSED] - Object: 'Object Repository/Page_Element/div_Explore rooms_mx_AccessibleButton mx_Di_ac37a4' is clicked on

2022-01-17 13:02:31 - [TEST_STEP][PASSED] - closeBrowser(): Browser is closed

2022-01-17 13:02:32 - [MESSAGE][PASSED] - Browser is closed]]></system-out>
         <system-err><![CDATA[]]></system-err>
      </testcase>
      <testcase name="Test Cases/35.ExpandPeopleBar" time="30.89" classname="Test Cases/35.ExpandPeopleBar" status="PASSED">
         <system-out><![CDATA[2022-01-17 13:02:32 - [TEST_CASE][PASSED] - Test Cases/35.ExpandPeopleBar: Test Cases/35.ExpandPeopleBar

2022-01-17 13:02:32 - [TEST_STEP][PASSED] - openBrowser(""): Browser is opened with url: ''

2022-01-17 13:02:32 - [MESSAGE][INFO] - Starting 'Chrome' driver

2022-01-17 13:02:32 - [MESSAGE][INFO] - Action delay is set to 1,000 milliseconds

2022-01-17 13:02:33 - [MESSAGE][PASSED] - Browser is opened with url: ''

2022-01-17 13:02:33 - [TEST_STEP][PASSED] - navigateToUrl("http://localhost:8080/"): Navigate to 'http://localhost:8080/' successfully

2022-01-17 13:02:36 - [MESSAGE][PASSED] - Navigate to 'http://localhost:8080/' successfully

2022-01-17 13:02:36 - [TEST_STEP][PASSED] - click(findTestObject("Object Repository/Page_Element/div_Sign In")): Object: 'Object Repository/Page_Element/div_Sign In' is clicked on

2022-01-17 13:02:39 - [MESSAGE][PASSED] - Object: 'Object Repository/Page_Element/div_Sign In' is clicked on

2022-01-17 13:02:39 - [TEST_STEP][PASSED] - setText(findTestObject("Object Repository/Page_Element/input_Sign in with_username"), "ptnha19"): Text 'ptnha19' is set on object 'Object Repository/Page_Element/input_Sign in with_username'

2022-01-17 13:02:43 - [MESSAGE][PASSED] - Text 'ptnha19' is set on object 'Object Repository/Page_Element/input_Sign in with_username'

2022-01-17 13:02:43 - [TEST_STEP][PASSED] - setEncryptedText(findTestObject("Object Repository/Page_Element/input_Username_password"), "5R3Ima4A+eOeCrCDRGMLmJpaGR3V3+YI"): Text ****** has been set on object 'Object Repository/Page_Element/input_Username_password'

2022-01-17 13:02:45 - [MESSAGE][PASSED] - Text ****** has been set on object 'Object Repository/Page_Element/input_Username_password'

2022-01-17 13:02:45 - [TEST_STEP][PASSED] - click(findTestObject("Object Repository/Page_Element/input_Forgot password_mx_Login_submit")): Object: 'Object Repository/Page_Element/input_Forgot password_mx_Login_submit' is clicked on

2022-01-17 13:02:46 - [MESSAGE][PASSED] - Object: 'Object Repository/Page_Element/input_Forgot password_mx_Login_submit' is clicked on

2022-01-17 13:02:46 - [TEST_STEP][PASSED] - click(findTestObject("Object Repository/Page_Element/div_Verify with Security Key")): Object: 'Object Repository/Page_Element/div_Verify with Security Key' is clicked on

2022-01-17 13:02:52 - [MESSAGE][PASSED] - Object: 'Object Repository/Page_Element/div_Verify with Security Key' is clicked on

2022-01-17 13:02:52 - [TEST_STEP][PASSED] - setEncryptedText(findTestObject("Object Repository/Page_Element/input_Security Key_mx_Field_4"), "PF4jXtbe/5x5+S5PgN4Kl/QbANAkWZYKqKaG9gW6gn+Po31AOnak0DX8GoEzAUkskgpeON1UhfEqZG0XXngJPA=="): Text ****** has been set on object 'Object Repository/Page_Element/input_Security Key_mx_Field_4'

2022-01-17 13:02:54 - [MESSAGE][PASSED] - Text ****** has been set on object 'Object Repository/Page_Element/input_Security Key_mx_Field_4'

2022-01-17 13:02:54 - [TEST_STEP][PASSED] - click(findTestObject("Object Repository/Page_Element/button_Continue")): Object: 'Object Repository/Page_Element/button_Continue' is clicked on

2022-01-17 13:02:55 - [MESSAGE][PASSED] - Object: 'Object Repository/Page_Element/button_Continue' is clicked on

2022-01-17 13:02:55 - [TEST_STEP][PASSED] - click(findTestObject("Object Repository/Page_Element/div_Done")): Object: 'Object Repository/Page_Element/div_Done' is clicked on

2022-01-17 13:02:57 - [MESSAGE][PASSED] - Object: 'Object Repository/Page_Element/div_Done' is clicked on

2022-01-17 13:02:57 - [TEST_STEP][PASSED] - click(findTestObject("Object Repository/Page_Element/span_Favorites_mx_RoomSublist_collapseBtn")): Object: 'Object Repository/Page_Element/span_Favorites_mx_RoomSublist_collapseBtn' is clicked on

2022-01-17 13:02:58 - [MESSAGE][PASSED] - Object: 'Object Repository/Page_Element/span_Favorites_mx_RoomSublist_collapseBtn' is clicked on

2022-01-17 13:02:58 - [TEST_STEP][PASSED] - click(findTestObject("Object Repository/Page_Element/span_Favorites_mx_RoomSublist_collapseBtn m_10447f")): Object: 'Object Repository/Page_Element/span_Favorites_mx_RoomSublist_collapseBtn m_10447f' is clicked on

2022-01-17 13:02:59 - [MESSAGE][PASSED] - Object: 'Object Repository/Page_Element/span_Favorites_mx_RoomSublist_collapseBtn m_10447f' is clicked on

2022-01-17 13:02:59 - [TEST_STEP][PASSED] - click(findTestObject("Object Repository/Page_Element/div_Tr Cao Thin")): Object: 'Object Repository/Page_Element/div_Tr Cao Thin' is clicked on

2022-01-17 13:03:00 - [MESSAGE][PASSED] - Object: 'Object Repository/Page_Element/div_Tr Cao Thin' is clicked on

2022-01-17 13:03:00 - [TEST_STEP][PASSED] - click(findTestObject("Object Repository/Page_Element  Tr Cao Thin/div_Khoa Dng Vn")): Object: 'Object Repository/Page_Element  Tr Cao Thin/div_Khoa Dng Vn' is clicked on

2022-01-17 13:03:02 - [MESSAGE][PASSED] - Object: 'Object Repository/Page_Element  Tr Cao Thin/div_Khoa Dng Vn' is clicked on

2022-01-17 13:03:02 - [TEST_STEP][PASSED] - closeBrowser(): Browser is closed

2022-01-17 13:03:03 - [MESSAGE][PASSED] - Browser is closed]]></system-out>
         <system-err><![CDATA[]]></system-err>
      </testcase>
      <testcase name="Test Cases/37.SettingPeople" time="32.506" classname="Test Cases/37.SettingPeople" status="PASSED">
         <system-out><![CDATA[2022-01-17 13:03:03 - [TEST_CASE][PASSED] - Test Cases/37.SettingPeople: Test Cases/37.SettingPeople

2022-01-17 13:03:03 - [TEST_STEP][PASSED] - openBrowser(""): Browser is opened with url: ''

2022-01-17 13:03:03 - [MESSAGE][INFO] - Starting 'Chrome' driver

2022-01-17 13:03:03 - [MESSAGE][INFO] - Action delay is set to 1,000 milliseconds

2022-01-17 13:03:04 - [MESSAGE][PASSED] - Browser is opened with url: ''

2022-01-17 13:03:04 - [TEST_STEP][PASSED] - navigateToUrl("http://localhost:8080/"): Navigate to 'http://localhost:8080/' successfully

2022-01-17 13:03:07 - [MESSAGE][PASSED] - Navigate to 'http://localhost:8080/' successfully

2022-01-17 13:03:07 - [TEST_STEP][PASSED] - click(findTestObject("Object Repository/Page_Element/div_Sign In")): Object: 'Object Repository/Page_Element/div_Sign In' is clicked on

2022-01-17 13:03:10 - [MESSAGE][PASSED] - Object: 'Object Repository/Page_Element/div_Sign In' is clicked on

2022-01-17 13:03:10 - [TEST_STEP][PASSED] - setText(findTestObject("Object Repository/Page_Element/input_Sign in with_username"), "ptnha19"): Text 'ptnha19' is set on object 'Object Repository/Page_Element/input_Sign in with_username'

2022-01-17 13:03:13 - [MESSAGE][PASSED] - Text 'ptnha19' is set on object 'Object Repository/Page_Element/input_Sign in with_username'

2022-01-17 13:03:13 - [TEST_STEP][PASSED] - setEncryptedText(findTestObject("Object Repository/Page_Element/input_Username_password"), "5R3Ima4A+eOeCrCDRGMLmJpaGR3V3+YI"): Text ****** has been set on object 'Object Repository/Page_Element/input_Username_password'

2022-01-17 13:03:15 - [MESSAGE][PASSED] - Text ****** has been set on object 'Object Repository/Page_Element/input_Username_password'

2022-01-17 13:03:15 - [TEST_STEP][PASSED] - click(findTestObject("Object Repository/Page_Element/input_Forgot password_mx_Login_submit")): Object: 'Object Repository/Page_Element/input_Forgot password_mx_Login_submit' is clicked on

2022-01-17 13:03:17 - [MESSAGE][PASSED] - Object: 'Object Repository/Page_Element/input_Forgot password_mx_Login_submit' is clicked on

2022-01-17 13:03:17 - [TEST_STEP][PASSED] - click(findTestObject("Object Repository/Page_Element/div_Verify with Security Key")): Object: 'Object Repository/Page_Element/div_Verify with Security Key' is clicked on

2022-01-17 13:03:22 - [MESSAGE][PASSED] - Object: 'Object Repository/Page_Element/div_Verify with Security Key' is clicked on

2022-01-17 13:03:22 - [TEST_STEP][PASSED] - setEncryptedText(findTestObject("Object Repository/Page_Element/input_Security Key_mx_Field_4"), "PF4jXtbe/5x5+S5PgN4Kl/QbANAkWZYKqKaG9gW6gn+Po31AOnak0DX8GoEzAUkskgpeON1UhfEqZG0XXngJPA=="): Text ****** has been set on object 'Object Repository/Page_Element/input_Security Key_mx_Field_4'

2022-01-17 13:03:25 - [MESSAGE][PASSED] - Text ****** has been set on object 'Object Repository/Page_Element/input_Security Key_mx_Field_4'

2022-01-17 13:03:25 - [TEST_STEP][PASSED] - click(findTestObject("Object Repository/Page_Element/button_Continue")): Object: 'Object Repository/Page_Element/button_Continue' is clicked on

2022-01-17 13:03:26 - [MESSAGE][PASSED] - Object: 'Object Repository/Page_Element/button_Continue' is clicked on

2022-01-17 13:03:26 - [TEST_STEP][PASSED] - click(findTestObject("Object Repository/Page_Element/div_Done")): Object: 'Object Repository/Page_Element/div_Done' is clicked on

2022-01-17 13:03:28 - [MESSAGE][PASSED] - Object: 'Object Repository/Page_Element/div_Done' is clicked on

2022-01-17 13:03:28 - [TEST_STEP][PASSED] - click(findTestObject("Object Repository/Page_Element/div_Tr Cao Thin")): Object: 'Object Repository/Page_Element/div_Tr Cao Thin' is clicked on

2022-01-17 13:03:29 - [MESSAGE][PASSED] - Object: 'Object Repository/Page_Element/div_Tr Cao Thin' is clicked on

2022-01-17 13:03:29 - [TEST_STEP][PASSED] - click(findTestObject("Object Repository/Page_Element  Tr Cao Thin/div_Tr Cao Thin_mx_AccessibleButton mx_Room_04dc30")): Object: 'Object Repository/Page_Element  Tr Cao Thin/div_Tr Cao Thin_mx_AccessibleButton mx_Room_04dc30' is clicked on

2022-01-17 13:03:31 - [MESSAGE][PASSED] - Object: 'Object Repository/Page_Element  Tr Cao Thin/div_Tr Cao Thin_mx_AccessibleButton mx_Room_04dc30' is clicked on

2022-01-17 13:03:31 - [TEST_STEP][PASSED] - click(findTestObject("Object Repository/Page_Element  Tr Cao Thin/span_Settings")): Object: 'Object Repository/Page_Element  Tr Cao Thin/span_Settings' is clicked on

2022-01-17 13:03:32 - [MESSAGE][PASSED] - Object: 'Object Repository/Page_Element  Tr Cao Thin/span_Settings' is clicked on

2022-01-17 13:03:32 - [TEST_STEP][PASSED] - click(findTestObject("Object Repository/Page_Element  Tr Cao Thin/div_Room Settings - Tr Cao Thin_mx_Accessib_be264e")): Object: 'Object Repository/Page_Element  Tr Cao Thin/div_Room Settings - Tr Cao Thin_mx_Accessib_be264e' is clicked on

2022-01-17 13:03:33 - [MESSAGE][PASSED] - Object: 'Object Repository/Page_Element  Tr Cao Thin/div_Room Settings - Tr Cao Thin_mx_Accessib_be264e' is clicked on

2022-01-17 13:03:33 - [TEST_STEP][PASSED] - click(findTestObject("Object Repository/Page_Element  Tr Cao Thin/div_Tr Cao Thin")): Object: 'Object Repository/Page_Element  Tr Cao Thin/div_Tr Cao Thin' is clicked on

2022-01-17 13:03:34 - [MESSAGE][PASSED] - Object: 'Object Repository/Page_Element  Tr Cao Thin/div_Tr Cao Thin' is clicked on

2022-01-17 13:03:34 - [TEST_STEP][PASSED] - closeBrowser(): Browser is closed

2022-01-17 13:03:35 - [MESSAGE][PASSED] - Browser is closed]]></system-out>
         <system-err><![CDATA[]]></system-err>
      </testcase>
      <testcase name="Test Cases/38.TurnOffOnNotiPeople" time="30.884" classname="Test Cases/38.TurnOffOnNotiPeople" status="PASSED">
         <system-out><![CDATA[2022-01-17 13:03:35 - [TEST_CASE][PASSED] - Test Cases/38.TurnOffOnNotiPeople: Test Cases/38.TurnOffOnNotiPeople

2022-01-17 13:03:35 - [TEST_STEP][PASSED] - openBrowser(""): Browser is opened with url: ''

2022-01-17 13:03:35 - [MESSAGE][INFO] - Starting 'Chrome' driver

2022-01-17 13:03:35 - [MESSAGE][INFO] - Action delay is set to 1,000 milliseconds

2022-01-17 13:03:36 - [MESSAGE][PASSED] - Browser is opened with url: ''

2022-01-17 13:03:36 - [TEST_STEP][PASSED] - navigateToUrl("http://localhost:8080/"): Navigate to 'http://localhost:8080/' successfully

2022-01-17 13:03:40 - [MESSAGE][PASSED] - Navigate to 'http://localhost:8080/' successfully

2022-01-17 13:03:40 - [TEST_STEP][PASSED] - click(findTestObject("Object Repository/Page_Element/div_Sign In")): Object: 'Object Repository/Page_Element/div_Sign In' is clicked on

2022-01-17 13:03:42 - [MESSAGE][PASSED] - Object: 'Object Repository/Page_Element/div_Sign In' is clicked on

2022-01-17 13:03:42 - [TEST_STEP][PASSED] - setText(findTestObject("Object Repository/Page_Element/input_Sign in with_username"), "ptnha19"): Text 'ptnha19' is set on object 'Object Repository/Page_Element/input_Sign in with_username'

2022-01-17 13:03:45 - [MESSAGE][PASSED] - Text 'ptnha19' is set on object 'Object Repository/Page_Element/input_Sign in with_username'

2022-01-17 13:03:45 - [TEST_STEP][PASSED] - setEncryptedText(findTestObject("Object Repository/Page_Element/input_Username_password"), "5R3Ima4A+eOeCrCDRGMLmJpaGR3V3+YI"): Text ****** has been set on object 'Object Repository/Page_Element/input_Username_password'

2022-01-17 13:03:48 - [MESSAGE][PASSED] - Text ****** has been set on object 'Object Repository/Page_Element/input_Username_password'

2022-01-17 13:03:48 - [TEST_STEP][PASSED] - click(findTestObject("Object Repository/Page_Element/input_Forgot password_mx_Login_submit")): Object: 'Object Repository/Page_Element/input_Forgot password_mx_Login_submit' is clicked on

2022-01-17 13:03:49 - [MESSAGE][PASSED] - Object: 'Object Repository/Page_Element/input_Forgot password_mx_Login_submit' is clicked on

2022-01-17 13:03:49 - [TEST_STEP][PASSED] - click(findTestObject("Object Repository/Page_Element/div_Verify with Security Key")): Object: 'Object Repository/Page_Element/div_Verify with Security Key' is clicked on

2022-01-17 13:03:54 - [MESSAGE][PASSED] - Object: 'Object Repository/Page_Element/div_Verify with Security Key' is clicked on

2022-01-17 13:03:54 - [TEST_STEP][PASSED] - setEncryptedText(findTestObject("Object Repository/Page_Element/input_Security Key_mx_Field_4"), "PF4jXtbe/5x5+S5PgN4Kl/QbANAkWZYKqKaG9gW6gn+Po31AOnak0DX8GoEzAUkskgpeON1UhfEqZG0XXngJPA=="): Text ****** has been set on object 'Object Repository/Page_Element/input_Security Key_mx_Field_4'

2022-01-17 13:03:57 - [MESSAGE][PASSED] - Text ****** has been set on object 'Object Repository/Page_Element/input_Security Key_mx_Field_4'

2022-01-17 13:03:57 - [TEST_STEP][PASSED] - click(findTestObject("Object Repository/Page_Element/button_Continue")): Object: 'Object Repository/Page_Element/button_Continue' is clicked on

2022-01-17 13:03:58 - [MESSAGE][PASSED] - Object: 'Object Repository/Page_Element/button_Continue' is clicked on

2022-01-17 13:03:58 - [TEST_STEP][PASSED] - click(findTestObject("Object Repository/Page_Element/div_Done")): Object: 'Object Repository/Page_Element/div_Done' is clicked on

2022-01-17 13:04:00 - [MESSAGE][PASSED] - Object: 'Object Repository/Page_Element/div_Done' is clicked on

2022-01-17 13:04:00 - [TEST_STEP][PASSED] - click(findTestObject("Object Repository/Page_Element/div_Tr Cao Thin")): Object: 'Object Repository/Page_Element/div_Tr Cao Thin' is clicked on

2022-01-17 13:04:01 - [MESSAGE][PASSED] - Object: 'Object Repository/Page_Element/div_Tr Cao Thin' is clicked on

2022-01-17 13:04:01 - [TEST_STEP][PASSED] - click(findTestObject("Object Repository/Page_Element  Tr Cao Thin/div_Tr Cao Thin_mx_AccessibleButton mx_Room_44fb40")): Object: 'Object Repository/Page_Element  Tr Cao Thin/div_Tr Cao Thin_mx_AccessibleButton mx_Room_44fb40' is clicked on

2022-01-17 13:04:03 - [MESSAGE][PASSED] - Object: 'Object Repository/Page_Element  Tr Cao Thin/div_Tr Cao Thin_mx_AccessibleButton mx_Room_44fb40' is clicked on

2022-01-17 13:04:03 - [TEST_STEP][PASSED] - click(findTestObject("Object Repository/Page_Element  Tr Cao Thin/span_None")): Object: 'Object Repository/Page_Element  Tr Cao Thin/span_None' is clicked on

2022-01-17 13:04:04 - [MESSAGE][PASSED] - Object: 'Object Repository/Page_Element  Tr Cao Thin/span_None' is clicked on

2022-01-17 13:04:04 - [TEST_STEP][PASSED] - click(findTestObject("Object Repository/Page_Element  Tr Cao Thin/span_Use default")): Object: 'Object Repository/Page_Element  Tr Cao Thin/span_Use default' is clicked on

2022-01-17 13:04:05 - [MESSAGE][PASSED] - Object: 'Object Repository/Page_Element  Tr Cao Thin/span_Use default' is clicked on

2022-01-17 13:04:05 - [TEST_STEP][PASSED] - closeBrowser(): Browser is closed

2022-01-17 13:04:06 - [MESSAGE][PASSED] - Browser is closed]]></system-out>
         <system-err><![CDATA[]]></system-err>
      </testcase>
      <testcase name="Test Cases/41.ChangeLanguage" time="59.576" classname="Test Cases/41.ChangeLanguage" status="FAILED">
         <failure type="FAILED" message="Test Cases/41.ChangeLanguage FAILED.
Reason:
com.kms.katalon.core.exception.StepFailedException: Unable to click on object 'Object Repository/Page_Element/div_English (US)'
	at com.kms.katalon.core.webui.keyword.internal.WebUIKeywordMain.stepFailed(WebUIKeywordMain.groovy:64)
	at com.kms.katalon.core.webui.keyword.internal.WebUIKeywordMain.runKeyword(WebUIKeywordMain.groovy:26)
	at com.kms.katalon.core.webui.keyword.builtin.ClickKeyword.click(ClickKeyword.groovy:74)
	at com.kms.katalon.core.webui.keyword.builtin.ClickKeyword.execute(ClickKeyword.groovy:40)
	at com.kms.katalon.core.keyword.internal.KeywordExecutor.executeKeywordForPlatform(KeywordExecutor.groovy:74)
	at com.kms.katalon.core.webui.keyword.WebUiBuiltInKeywords.click(WebUiBuiltInKeywords.groovy:620)
	at com.kms.katalon.core.webui.keyword.WebUiBuiltInKeywords$click$1.call(Unknown Source)
	at 41.ChangeLanguage.run(41.ChangeLanguage:44)
	at com.kms.katalon.core.main.ScriptEngine.run(ScriptEngine.java:194)
	at com.kms.katalon.core.main.ScriptEngine.runScriptAsRawText(ScriptEngine.java:119)
	at com.kms.katalon.core.main.TestCaseExecutor.runScript(TestCaseExecutor.java:442)
	at com.kms.katalon.core.main.TestCaseExecutor.doExecute(TestCaseExecutor.java:433)
	at com.kms.katalon.core.main.TestCaseExecutor.processExecutionPhase(TestCaseExecutor.java:412)
	at com.kms.katalon.core.main.TestCaseExecutor.accessMainPhase(TestCaseExecutor.java:404)
	at com.kms.katalon.core.main.TestCaseExecutor.execute(TestCaseExecutor.java:281)
	at com.kms.katalon.core.main.TestSuiteExecutor.accessTestCaseMainPhase(TestSuiteExecutor.java:202)
	at com.kms.katalon.core.main.TestSuiteExecutor.accessTestSuiteMainPhase(TestSuiteExecutor.java:164)
	at com.kms.katalon.core.main.TestSuiteExecutor.execute(TestSuiteExecutor.java:105)
	at com.kms.katalon.core.main.TestCaseMain.startTestSuite(TestCaseMain.java:181)
	at com.kms.katalon.core.main.TestCaseMain$startTestSuite$0.call(Unknown Source)
	at TempTestSuite1642398411696.run(TempTestSuite1642398411696.groovy:36)
Caused by: com.kms.katalon.core.webui.exception.WebElementNotFoundException: Web element with id: 'Object Repository/Page_Element/div_English (US)' located by '//section[@id='matrixchat']/div/div/div[2]/div/div[2]/div' not found
	at com.kms.katalon.core.webui.common.WebUiCommonHelper.findWebElement(WebUiCommonHelper.java:1368)
	at com.kms.katalon.core.webui.keyword.internal.WebUIAbstractKeyword.findWebElement(WebUIAbstractKeyword.groovy:27)
	at com.kms.katalon.core.webui.keyword.builtin.ClickKeyword$_click_closure1.doCall(ClickKeyword.groovy:65)
	at com.kms.katalon.core.webui.keyword.builtin.ClickKeyword$_click_closure1.call(ClickKeyword.groovy)
	at com.kms.katalon.core.webui.keyword.internal.WebUIKeywordMain.runKeyword(WebUIKeywordMain.groovy:20)
	... 19 more
"/>
         <system-out><![CDATA[2022-01-17 13:04:06 - [TEST_CASE][FAILED] - Test Cases/41.ChangeLanguage: Test Cases/41.ChangeLanguage FAILED.
Reason:
com.kms.katalon.core.exception.StepFailedException: Unable to click on object 'Object Repository/Page_Element/div_English (US)'
	at com.kms.katalon.core.webui.keyword.internal.WebUIKeywordMain.stepFailed(WebUIKeywordMain.groovy:64)
	at com.kms.katalon.core.webui.keyword.internal.WebUIKeywordMain.runKeyword(WebUIKeywordMain.groovy:26)
	at com.kms.katalon.core.webui.keyword.builtin.ClickKeyword.click(ClickKeyword.groovy:74)
	at com.kms.katalon.core.webui.keyword.builtin.ClickKeyword.execute(ClickKeyword.groovy:40)
	at com.kms.katalon.core.keyword.internal.KeywordExecutor.executeKeywordForPlatform(KeywordExecutor.groovy:74)
	at com.kms.katalon.core.webui.keyword.WebUiBuiltInKeywords.click(WebUiBuiltInKeywords.groovy:620)
	at com.kms.katalon.core.webui.keyword.WebUiBuiltInKeywords$click$1.call(Unknown Source)
	at 41.ChangeLanguage.run(41.ChangeLanguage:44)
	at com.kms.katalon.core.main.ScriptEngine.run(ScriptEngine.java:194)
	at com.kms.katalon.core.main.ScriptEngine.runScriptAsRawText(ScriptEngine.java:119)
	at com.kms.katalon.core.main.TestCaseExecutor.runScript(TestCaseExecutor.java:442)
	at com.kms.katalon.core.main.TestCaseExecutor.doExecute(TestCaseExecutor.java:433)
	at com.kms.katalon.core.main.TestCaseExecutor.processExecutionPhase(TestCaseExecutor.java:412)
	at com.kms.katalon.core.main.TestCaseExecutor.accessMainPhase(TestCaseExecutor.java:404)
	at com.kms.katalon.core.main.TestCaseExecutor.execute(TestCaseExecutor.java:281)
	at com.kms.katalon.core.main.TestSuiteExecutor.accessTestCaseMainPhase(TestSuiteExecutor.java:202)
	at com.kms.katalon.core.main.TestSuiteExecutor.accessTestSuiteMainPhase(TestSuiteExecutor.java:164)
	at com.kms.katalon.core.main.TestSuiteExecutor.execute(TestSuiteExecutor.java:105)
	at com.kms.katalon.core.main.TestCaseMain.startTestSuite(TestCaseMain.java:181)
	at com.kms.katalon.core.main.TestCaseMain$startTestSuite$0.call(Unknown Source)
	at TempTestSuite1642398411696.run(TempTestSuite1642398411696.groovy:36)
Caused by: com.kms.katalon.core.webui.exception.WebElementNotFoundException: Web element with id: 'Object Repository/Page_Element/div_English (US)' located by '//section[@id='matrixchat']/div/div/div[2]/div/div[2]/div' not found
	at com.kms.katalon.core.webui.common.WebUiCommonHelper.findWebElement(WebUiCommonHelper.java:1368)
	at com.kms.katalon.core.webui.keyword.internal.WebUIAbstractKeyword.findWebElement(WebUIAbstractKeyword.groovy:27)
	at com.kms.katalon.core.webui.keyword.builtin.ClickKeyword$_click_closure1.doCall(ClickKeyword.groovy:65)
	at com.kms.katalon.core.webui.keyword.builtin.ClickKeyword$_click_closure1.call(ClickKeyword.groovy)
	at com.kms.katalon.core.webui.keyword.internal.WebUIKeywordMain.runKeyword(WebUIKeywordMain.groovy:20)
	... 19 more


2022-01-17 13:04:06 - [TEST_STEP][PASSED] - openBrowser(""): Browser is opened with url: ''

2022-01-17 13:04:06 - [MESSAGE][INFO] - Starting 'Chrome' driver

2022-01-17 13:04:06 - [MESSAGE][INFO] - Action delay is set to 1,000 milliseconds

2022-01-17 13:04:07 - [MESSAGE][PASSED] - Browser is opened with url: ''

2022-01-17 13:04:07 - [TEST_STEP][PASSED] - navigateToUrl("http://localhost:8080/"): Navigate to 'http://localhost:8080/' successfully

2022-01-17 13:04:10 - [MESSAGE][PASSED] - Navigate to 'http://localhost:8080/' successfully

2022-01-17 13:04:10 - [TEST_STEP][PASSED] - click(findTestObject("Object Repository/Page_Element/div_Sign In")): Object: 'Object Repository/Page_Element/div_Sign In' is clicked on

2022-01-17 13:04:14 - [MESSAGE][PASSED] - Object: 'Object Repository/Page_Element/div_Sign In' is clicked on

2022-01-17 13:04:14 - [TEST_STEP][PASSED] - setText(findTestObject("Object Repository/Page_Element/input_Sign in with_username"), "ptnha19"): Text 'ptnha19' is set on object 'Object Repository/Page_Element/input_Sign in with_username'

2022-01-17 13:04:17 - [MESSAGE][PASSED] - Text 'ptnha19' is set on object 'Object Repository/Page_Element/input_Sign in with_username'

2022-01-17 13:04:17 - [TEST_STEP][PASSED] - setEncryptedText(findTestObject("Object Repository/Page_Element/input_Username_password"), "5R3Ima4A+eOeCrCDRGMLmJpaGR3V3+YI"): Text ****** has been set on object 'Object Repository/Page_Element/input_Username_password'

2022-01-17 13:04:20 - [MESSAGE][PASSED] - Text ****** has been set on object 'Object Repository/Page_Element/input_Username_password'

2022-01-17 13:04:20 - [TEST_STEP][PASSED] - click(findTestObject("Object Repository/Page_Element/input_Forgot password_mx_Login_submit")): Object: 'Object Repository/Page_Element/input_Forgot password_mx_Login_submit' is clicked on

2022-01-17 13:04:21 - [MESSAGE][PASSED] - Object: 'Object Repository/Page_Element/input_Forgot password_mx_Login_submit' is clicked on

2022-01-17 13:04:21 - [TEST_STEP][PASSED] - click(findTestObject("Object Repository/Page_Element/div_Verify with Security Key")): Object: 'Object Repository/Page_Element/div_Verify with Security Key' is clicked on

2022-01-17 13:04:26 - [MESSAGE][PASSED] - Object: 'Object Repository/Page_Element/div_Verify with Security Key' is clicked on

2022-01-17 13:04:26 - [TEST_STEP][PASSED] - setEncryptedText(findTestObject("Object Repository/Page_Element/input_Security Key_mx_Field_4"), "PF4jXtbe/5x5+S5PgN4Kl/QbANAkWZYKqKaG9gW6gn+Po31AOnak0DX8GoEzAUkskgpeON1UhfEqZG0XXngJPA=="): Text ****** has been set on object 'Object Repository/Page_Element/input_Security Key_mx_Field_4'

2022-01-17 13:04:29 - [MESSAGE][PASSED] - Text ****** has been set on object 'Object Repository/Page_Element/input_Security Key_mx_Field_4'

2022-01-17 13:04:29 - [TEST_STEP][PASSED] - click(findTestObject("Object Repository/Page_Element/button_Continue")): Object: 'Object Repository/Page_Element/button_Continue' is clicked on

2022-01-17 13:04:30 - [MESSAGE][PASSED] - Object: 'Object Repository/Page_Element/button_Continue' is clicked on

2022-01-17 13:04:30 - [TEST_STEP][PASSED] - click(findTestObject("Object Repository/Page_Element/div_Done")): Object: 'Object Repository/Page_Element/div_Done' is clicked on

2022-01-17 13:04:32 - [MESSAGE][PASSED] - Object: 'Object Repository/Page_Element/div_Done' is clicked on

2022-01-17 13:04:32 - [TEST_STEP][PASSED] - click(findTestObject("Object Repository/Page_Element/img_Review_mx_BaseAvatar_image")): Object: 'Object Repository/Page_Element/img_Review_mx_BaseAvatar_image' is clicked on

2022-01-17 13:04:33 - [MESSAGE][PASSED] - Object: 'Object Repository/Page_Element/img_Review_mx_BaseAvatar_image' is clicked on

2022-01-17 13:04:33 - [TEST_STEP][PASSED] - click(findTestObject("Object Repository/Page_Element/span_All settings")): Object: 'Object Repository/Page_Element/span_All settings' is clicked on

2022-01-17 13:04:34 - [MESSAGE][PASSED] - Object: 'Object Repository/Page_Element/span_All settings' is clicked on

2022-01-17 13:04:34 - [TEST_STEP][FAILED] - click(findTestObject("Object Repository/Page_Element/div_English (US)")): Unable to click on object 'Object Repository/Page_Element/div_English (US)' (Root cause: com.kms.katalon.core.exception.StepFailedException: Unable to click on object 'Object Repository/Page_Element/div_English (US)'
	at com.kms.katalon.core.webui.keyword.internal.WebUIKeywordMain.stepFailed(WebUIKeywordMain.groovy:64)
	at com.kms.katalon.core.webui.keyword.internal.WebUIKeywordMain.runKeyword(WebUIKeywordMain.groovy:26)
	at com.kms.katalon.core.webui.keyword.builtin.ClickKeyword.click(ClickKeyword.groovy:74)
	at com.kms.katalon.core.webui.keyword.builtin.ClickKeyword.execute(ClickKeyword.groovy:40)
	at com.kms.katalon.core.keyword.internal.KeywordExecutor.executeKeywordForPlatform(KeywordExecutor.groovy:74)
	at com.kms.katalon.core.webui.keyword.WebUiBuiltInKeywords.click(WebUiBuiltInKeywords.groovy:620)
	at com.kms.katalon.core.webui.keyword.WebUiBuiltInKeywords$click$1.call(Unknown Source)
	at 41.ChangeLanguage.run(41.ChangeLanguage:44)
	at com.kms.katalon.core.main.ScriptEngine.run(ScriptEngine.java:194)
	at com.kms.katalon.core.main.ScriptEngine.runScriptAsRawText(ScriptEngine.java:119)
	at com.kms.katalon.core.main.TestCaseExecutor.runScript(TestCaseExecutor.java:442)
	at com.kms.katalon.core.main.TestCaseExecutor.doExecute(TestCaseExecutor.java:433)
	at com.kms.katalon.core.main.TestCaseExecutor.processExecutionPhase(TestCaseExecutor.java:412)
	at com.kms.katalon.core.main.TestCaseExecutor.accessMainPhase(TestCaseExecutor.java:404)
	at com.kms.katalon.core.main.TestCaseExecutor.execute(TestCaseExecutor.java:281)
	at com.kms.katalon.core.main.TestSuiteExecutor.accessTestCaseMainPhase(TestSuiteExecutor.java:202)
	at com.kms.katalon.core.main.TestSuiteExecutor.accessTestSuiteMainPhase(TestSuiteExecutor.java:164)
	at com.kms.katalon.core.main.TestSuiteExecutor.execute(TestSuiteExecutor.java:105)
	at com.kms.katalon.core.main.TestCaseMain.startTestSuite(TestCaseMain.java:181)
	at com.kms.katalon.core.main.TestCaseMain$startTestSuite$0.call(Unknown Source)
	at TempTestSuite1642398411696.run(TempTestSuite1642398411696.groovy:36)
Caused by: com.kms.katalon.core.webui.exception.WebElementNotFoundException: Web element with id: 'Object Repository/Page_Element/div_English (US)' located by '//section[@id='matrixchat']/div/div/div[2]/div/div[2]/div' not found
	at com.kms.katalon.core.webui.common.WebUiCommonHelper.findWebElement(WebUiCommonHelper.java:1368)
	at com.kms.katalon.core.webui.keyword.internal.WebUIAbstractKeyword.findWebElement(WebUIAbstractKeyword.groovy:27)
	at com.kms.katalon.core.webui.keyword.builtin.ClickKeyword$_click_closure1.doCall(ClickKeyword.groovy:65)
	at com.kms.katalon.core.webui.keyword.builtin.ClickKeyword$_click_closure1.call(ClickKeyword.groovy)
	at com.kms.katalon.core.webui.keyword.internal.WebUIKeywordMain.runKeyword(WebUIKeywordMain.groovy:20)
	at com.kms.katalon.core.webui.keyword.builtin.ClickKeyword.click(ClickKeyword.groovy:74)
	at com.kms.katalon.core.webui.keyword.builtin.ClickKeyword.execute(ClickKeyword.groovy:40)
	at com.kms.katalon.core.keyword.internal.KeywordExecutor.executeKeywordForPlatform(KeywordExecutor.groovy:74)
	at com.kms.katalon.core.webui.keyword.WebUiBuiltInKeywords.click(WebUiBuiltInKeywords.groovy:620)
	at com.kms.katalon.core.webui.keyword.WebUiBuiltInKeywords$click$1.call(Unknown Source)
	at Script1642001610131.run(Script1642001610131.groovy:44)
	... 13 more
)

2022-01-17 13:05:05 - [MESSAGE][INFO] - Unable to find the element located by 'By.xpath: //section[@id='matrixchat']/div/div/div[2]/div/div[2]/div'. Please recheck the objects properties to make sure the desired element is located. 

2022-01-17 13:05:06 - [MESSAGE][FAILED] - Unable to click on object 'Object Repository/Page_Element/div_English (US)' (Root cause: com.kms.katalon.core.exception.StepFailedException: Unable to click on object 'Object Repository/Page_Element/div_English (US)'
	at com.kms.katalon.core.webui.keyword.internal.WebUIKeywordMain.stepFailed(WebUIKeywordMain.groovy:64)
	at com.kms.katalon.core.webui.keyword.internal.WebUIKeywordMain.runKeyword(WebUIKeywordMain.groovy:26)
	at com.kms.katalon.core.webui.keyword.builtin.ClickKeyword.click(ClickKeyword.groovy:74)
	at com.kms.katalon.core.webui.keyword.builtin.ClickKeyword.execute(ClickKeyword.groovy:40)
	at com.kms.katalon.core.keyword.internal.KeywordExecutor.executeKeywordForPlatform(KeywordExecutor.groovy:74)
	at com.kms.katalon.core.webui.keyword.WebUiBuiltInKeywords.click(WebUiBuiltInKeywords.groovy:620)
	at com.kms.katalon.core.webui.keyword.WebUiBuiltInKeywords$click$1.call(Unknown Source)
	at 41.ChangeLanguage.run(41.ChangeLanguage:44)
	at com.kms.katalon.core.main.ScriptEngine.run(ScriptEngine.java:194)
	at com.kms.katalon.core.main.ScriptEngine.runScriptAsRawText(ScriptEngine.java:119)
	at com.kms.katalon.core.main.TestCaseExecutor.runScript(TestCaseExecutor.java:442)
	at com.kms.katalon.core.main.TestCaseExecutor.doExecute(TestCaseExecutor.java:433)
	at com.kms.katalon.core.main.TestCaseExecutor.processExecutionPhase(TestCaseExecutor.java:412)
	at com.kms.katalon.core.main.TestCaseExecutor.accessMainPhase(TestCaseExecutor.java:404)
	at com.kms.katalon.core.main.TestCaseExecutor.execute(TestCaseExecutor.java:281)
	at com.kms.katalon.core.main.TestSuiteExecutor.accessTestCaseMainPhase(TestSuiteExecutor.java:202)
	at com.kms.katalon.core.main.TestSuiteExecutor.accessTestSuiteMainPhase(TestSuiteExecutor.java:164)
	at com.kms.katalon.core.main.TestSuiteExecutor.execute(TestSuiteExecutor.java:105)
	at com.kms.katalon.core.main.TestCaseMain.startTestSuite(TestCaseMain.java:181)
	at com.kms.katalon.core.main.TestCaseMain$startTestSuite$0.call(Unknown Source)
	at TempTestSuite1642398411696.run(TempTestSuite1642398411696.groovy:36)
Caused by: com.kms.katalon.core.webui.exception.WebElementNotFoundException: Web element with id: 'Object Repository/Page_Element/div_English (US)' located by '//section[@id='matrixchat']/div/div/div[2]/div/div[2]/div' not found
	at com.kms.katalon.core.webui.common.WebUiCommonHelper.findWebElement(WebUiCommonHelper.java:1368)
	at com.kms.katalon.core.webui.keyword.internal.WebUIAbstractKeyword.findWebElement(WebUIAbstractKeyword.groovy:27)
	at com.kms.katalon.core.webui.keyword.builtin.ClickKeyword$_click_closure1.doCall(ClickKeyword.groovy:65)
	at com.kms.katalon.core.webui.keyword.builtin.ClickKeyword$_click_closure1.call(ClickKeyword.groovy)
	at com.kms.katalon.core.webui.keyword.internal.WebUIKeywordMain.runKeyword(WebUIKeywordMain.groovy:20)
	at com.kms.katalon.core.webui.keyword.builtin.ClickKeyword.click(ClickKeyword.groovy:74)
	at com.kms.katalon.core.webui.keyword.builtin.ClickKeyword.execute(ClickKeyword.groovy:40)
	at com.kms.katalon.core.keyword.internal.KeywordExecutor.executeKeywordForPlatform(KeywordExecutor.groovy:74)
	at com.kms.katalon.core.webui.keyword.WebUiBuiltInKeywords.click(WebUiBuiltInKeywords.groovy:620)
	at com.kms.katalon.core.webui.keyword.WebUiBuiltInKeywords$click$1.call(Unknown Source)
	at Script1642001610131.run(Script1642001610131.groovy:44)
	... 13 more
)
[[ATTACHMENT|D:\\Bonus-SE\\Katalon_pj\\Bonus_SE\\Reports\\20220117_124651\\Run all test case\\20220117_124651\\1642399505762.png]]]]></system-out>
         <system-err><![CDATA[2022-01-17 13:04:06 - [TEST_CASE][FAILED] - Test Cases/41.ChangeLanguage: Test Cases/41.ChangeLanguage FAILED.
Reason:
com.kms.katalon.core.exception.StepFailedException: Unable to click on object 'Object Repository/Page_Element/div_English (US)'
	at com.kms.katalon.core.webui.keyword.internal.WebUIKeywordMain.stepFailed(WebUIKeywordMain.groovy:64)
	at com.kms.katalon.core.webui.keyword.internal.WebUIKeywordMain.runKeyword(WebUIKeywordMain.groovy:26)
	at com.kms.katalon.core.webui.keyword.builtin.ClickKeyword.click(ClickKeyword.groovy:74)
	at com.kms.katalon.core.webui.keyword.builtin.ClickKeyword.execute(ClickKeyword.groovy:40)
	at com.kms.katalon.core.keyword.internal.KeywordExecutor.executeKeywordForPlatform(KeywordExecutor.groovy:74)
	at com.kms.katalon.core.webui.keyword.WebUiBuiltInKeywords.click(WebUiBuiltInKeywords.groovy:620)
	at com.kms.katalon.core.webui.keyword.WebUiBuiltInKeywords$click$1.call(Unknown Source)
	at 41.ChangeLanguage.run(41.ChangeLanguage:44)
	at com.kms.katalon.core.main.ScriptEngine.run(ScriptEngine.java:194)
	at com.kms.katalon.core.main.ScriptEngine.runScriptAsRawText(ScriptEngine.java:119)
	at com.kms.katalon.core.main.TestCaseExecutor.runScript(TestCaseExecutor.java:442)
	at com.kms.katalon.core.main.TestCaseExecutor.doExecute(TestCaseExecutor.java:433)
	at com.kms.katalon.core.main.TestCaseExecutor.processExecutionPhase(TestCaseExecutor.java:412)
	at com.kms.katalon.core.main.TestCaseExecutor.accessMainPhase(TestCaseExecutor.java:404)
	at com.kms.katalon.core.main.TestCaseExecutor.execute(TestCaseExecutor.java:281)
	at com.kms.katalon.core.main.TestSuiteExecutor.accessTestCaseMainPhase(TestSuiteExecutor.java:202)
	at com.kms.katalon.core.main.TestSuiteExecutor.accessTestSuiteMainPhase(TestSuiteExecutor.java:164)
	at com.kms.katalon.core.main.TestSuiteExecutor.execute(TestSuiteExecutor.java:105)
	at com.kms.katalon.core.main.TestCaseMain.startTestSuite(TestCaseMain.java:181)
	at com.kms.katalon.core.main.TestCaseMain$startTestSuite$0.call(Unknown Source)
	at TempTestSuite1642398411696.run(TempTestSuite1642398411696.groovy:36)
Caused by: com.kms.katalon.core.webui.exception.WebElementNotFoundException: Web element with id: 'Object Repository/Page_Element/div_English (US)' located by '//section[@id='matrixchat']/div/div/div[2]/div/div[2]/div' not found
	at com.kms.katalon.core.webui.common.WebUiCommonHelper.findWebElement(WebUiCommonHelper.java:1368)
	at com.kms.katalon.core.webui.keyword.internal.WebUIAbstractKeyword.findWebElement(WebUIAbstractKeyword.groovy:27)
	at com.kms.katalon.core.webui.keyword.builtin.ClickKeyword$_click_closure1.doCall(ClickKeyword.groovy:65)
	at com.kms.katalon.core.webui.keyword.builtin.ClickKeyword$_click_closure1.call(ClickKeyword.groovy)
	at com.kms.katalon.core.webui.keyword.internal.WebUIKeywordMain.runKeyword(WebUIKeywordMain.groovy:20)
	... 19 more]]></system-err>
      </testcase>
      <testcase name="Test Cases/43.InvalidSecurityKey" time="26.445" classname="Test Cases/43.InvalidSecurityKey" status="PASSED">
         <system-out><![CDATA[2022-01-17 13:05:06 - [TEST_CASE][PASSED] - Test Cases/43.InvalidSecurityKey: Test Cases/43.InvalidSecurityKey

2022-01-17 13:05:06 - [TEST_STEP][PASSED] - openBrowser(""): Browser is opened with url: ''

2022-01-17 13:05:06 - [MESSAGE][WARNING] - A browser is already opened. Closing browser and opening a new one

2022-01-17 13:05:06 - [MESSAGE][INFO] - Starting 'Chrome' driver

2022-01-17 13:05:06 - [MESSAGE][INFO] - Action delay is set to 1,000 milliseconds

2022-01-17 13:05:08 - [MESSAGE][PASSED] - Browser is opened with url: ''

2022-01-17 13:05:08 - [TEST_STEP][PASSED] - navigateToUrl("http://localhost:8080/"): Navigate to 'http://localhost:8080/' successfully

2022-01-17 13:05:11 - [MESSAGE][PASSED] - Navigate to 'http://localhost:8080/' successfully

2022-01-17 13:05:11 - [TEST_STEP][PASSED] - click(findTestObject("Object Repository/Page_Element/div_Sign In")): Object: 'Object Repository/Page_Element/div_Sign In' is clicked on

2022-01-17 13:05:14 - [MESSAGE][PASSED] - Object: 'Object Repository/Page_Element/div_Sign In' is clicked on

2022-01-17 13:05:14 - [TEST_STEP][PASSED] - setText(findTestObject("Object Repository/Page_Element/input_Sign in with_username"), "ptnha19"): Text 'ptnha19' is set on object 'Object Repository/Page_Element/input_Sign in with_username'

2022-01-17 13:05:17 - [MESSAGE][PASSED] - Text 'ptnha19' is set on object 'Object Repository/Page_Element/input_Sign in with_username'

2022-01-17 13:05:17 - [TEST_STEP][PASSED] - setEncryptedText(findTestObject("Object Repository/Page_Element/input_Username_password"), "5R3Ima4A+eOeCrCDRGMLmJpaGR3V3+YI"): Text ****** has been set on object 'Object Repository/Page_Element/input_Username_password'

2022-01-17 13:05:20 - [MESSAGE][PASSED] - Text ****** has been set on object 'Object Repository/Page_Element/input_Username_password'

2022-01-17 13:05:20 - [TEST_STEP][PASSED] - click(findTestObject("Object Repository/Page_Element/input_Forgot password_mx_Login_submit")): Object: 'Object Repository/Page_Element/input_Forgot password_mx_Login_submit' is clicked on

2022-01-17 13:05:21 - [MESSAGE][PASSED] - Object: 'Object Repository/Page_Element/input_Forgot password_mx_Login_submit' is clicked on

2022-01-17 13:05:21 - [TEST_STEP][PASSED] - click(findTestObject("Object Repository/Page_Element/div_Verify with Security Key")): Object: 'Object Repository/Page_Element/div_Verify with Security Key' is clicked on

2022-01-17 13:05:26 - [MESSAGE][PASSED] - Object: 'Object Repository/Page_Element/div_Verify with Security Key' is clicked on

2022-01-17 13:05:26 - [TEST_STEP][PASSED] - setEncryptedText(findTestObject("Object Repository/Page_Element/input_Security Key_mx_Field_4"), "5R3Ima4A+eOeCrCDRGMLmJpaGR3V3+YI"): Text ****** has been set on object 'Object Repository/Page_Element/input_Security Key_mx_Field_4'

2022-01-17 13:05:30 - [MESSAGE][PASSED] - Text ****** has been set on object 'Object Repository/Page_Element/input_Security Key_mx_Field_4'

2022-01-17 13:05:30 - [TEST_STEP][PASSED] - click(findTestObject("Object Repository/Page_Element/div_Invalid Security Key")): Object: 'Object Repository/Page_Element/div_Invalid Security Key' is clicked on

2022-01-17 13:05:31 - [MESSAGE][PASSED] - Object: 'Object Repository/Page_Element/div_Invalid Security Key' is clicked on

2022-01-17 13:05:31 - [TEST_STEP][PASSED] - closeBrowser(): Browser is closed

2022-01-17 13:05:32 - [MESSAGE][PASSED] - Browser is closed]]></system-out>
         <system-err><![CDATA[]]></system-err>
      </testcase>
      <testcase name="Test Cases/44.SignOutThroughSetting" time="36.299" classname="Test Cases/44.SignOutThroughSetting" status="PASSED">
         <system-out><![CDATA[2022-01-17 13:05:32 - [TEST_CASE][PASSED] - Test Cases/44.SignOutThroughSetting: Test Cases/44.SignOutThroughSetting

2022-01-17 13:05:32 - [TEST_STEP][PASSED] - openBrowser(""): Browser is opened with url: ''

2022-01-17 13:05:32 - [MESSAGE][INFO] - Starting 'Chrome' driver

2022-01-17 13:05:32 - [MESSAGE][INFO] - Action delay is set to 1,000 milliseconds

2022-01-17 13:05:33 - [MESSAGE][PASSED] - Browser is opened with url: ''

2022-01-17 13:05:33 - [TEST_STEP][PASSED] - navigateToUrl("http://localhost:8080/"): Navigate to 'http://localhost:8080/' successfully

2022-01-17 13:05:36 - [MESSAGE][PASSED] - Navigate to 'http://localhost:8080/' successfully

2022-01-17 13:05:36 - [TEST_STEP][PASSED] - click(findTestObject("Object Repository/Page_Element/div_Sign In")): Object: 'Object Repository/Page_Element/div_Sign In' is clicked on

2022-01-17 13:05:40 - [MESSAGE][PASSED] - Object: 'Object Repository/Page_Element/div_Sign In' is clicked on

2022-01-17 13:05:40 - [TEST_STEP][PASSED] - setText(findTestObject("Object Repository/Page_Element/input_Sign in with_username"), "ptnha19"): Text 'ptnha19' is set on object 'Object Repository/Page_Element/input_Sign in with_username'

2022-01-17 13:05:43 - [MESSAGE][PASSED] - Text 'ptnha19' is set on object 'Object Repository/Page_Element/input_Sign in with_username'

2022-01-17 13:05:43 - [TEST_STEP][PASSED] - setEncryptedText(findTestObject("Object Repository/Page_Element/input_Username_password"), "5R3Ima4A+eOeCrCDRGMLmJpaGR3V3+YI"): Text ****** has been set on object 'Object Repository/Page_Element/input_Username_password'

2022-01-17 13:05:45 - [MESSAGE][PASSED] - Text ****** has been set on object 'Object Repository/Page_Element/input_Username_password'

2022-01-17 13:05:45 - [TEST_STEP][PASSED] - click(findTestObject("Object Repository/Page_Element/input_Forgot password_mx_Login_submit")): Object: 'Object Repository/Page_Element/input_Forgot password_mx_Login_submit' is clicked on

2022-01-17 13:05:46 - [MESSAGE][PASSED] - Object: 'Object Repository/Page_Element/input_Forgot password_mx_Login_submit' is clicked on

2022-01-17 13:05:46 - [TEST_STEP][PASSED] - click(findTestObject("Object Repository/Page_Element/div_Verify with Security Key")): Object: 'Object Repository/Page_Element/div_Verify with Security Key' is clicked on

2022-01-17 13:05:53 - [MESSAGE][PASSED] - Object: 'Object Repository/Page_Element/div_Verify with Security Key' is clicked on

2022-01-17 13:05:53 - [TEST_STEP][PASSED] - setEncryptedText(findTestObject("Object Repository/Page_Element/input_Security Key_mx_Field_4"), "PF4jXtbe/5x5+S5PgN4Kl/QbANAkWZYKqKaG9gW6gn+Po31AOnak0DX8GoEzAUkskgpeON1UhfEqZG0XXngJPA=="): Text ****** has been set on object 'Object Repository/Page_Element/input_Security Key_mx_Field_4'

2022-01-17 13:05:55 - [MESSAGE][PASSED] - Text ****** has been set on object 'Object Repository/Page_Element/input_Security Key_mx_Field_4'

2022-01-17 13:05:55 - [TEST_STEP][PASSED] - click(findTestObject("Object Repository/Page_Element/button_Continue")): Object: 'Object Repository/Page_Element/button_Continue' is clicked on

2022-01-17 13:05:56 - [MESSAGE][PASSED] - Object: 'Object Repository/Page_Element/button_Continue' is clicked on

2022-01-17 13:05:56 - [TEST_STEP][PASSED] - click(findTestObject("Object Repository/Page_Element/div_Done")): Object: 'Object Repository/Page_Element/div_Done' is clicked on

2022-01-17 13:05:58 - [MESSAGE][PASSED] - Object: 'Object Repository/Page_Element/div_Done' is clicked on

2022-01-17 13:05:58 - [TEST_STEP][PASSED] - click(findTestObject("Object Repository/Page_Element/img_Review_mx_BaseAvatar_image")): Object: 'Object Repository/Page_Element/img_Review_mx_BaseAvatar_image' is clicked on

2022-01-17 13:06:00 - [MESSAGE][PASSED] - Object: 'Object Repository/Page_Element/img_Review_mx_BaseAvatar_image' is clicked on

2022-01-17 13:06:00 - [TEST_STEP][PASSED] - click(findTestObject("Object Repository/Page_Element/span_All settings")): Object: 'Object Repository/Page_Element/span_All settings' is clicked on

2022-01-17 13:06:01 - [MESSAGE][PASSED] - Object: 'Object Repository/Page_Element/span_All settings' is clicked on

2022-01-17 13:06:01 - [TEST_STEP][PASSED] - click(findTestObject("Object Repository/Page_Element/span_Security  Privacy")): Object: 'Object Repository/Page_Element/span_Security  Privacy' is clicked on

2022-01-17 13:06:02 - [MESSAGE][PASSED] - Object: 'Object Repository/Page_Element/span_Security  Privacy' is clicked on

2022-01-17 13:06:02 - [TEST_STEP][PASSED] - click(findTestObject("Object Repository/Page_Element/div_Sign Out")): Object: 'Object Repository/Page_Element/div_Sign Out' is clicked on

2022-01-17 13:06:07 - [MESSAGE][PASSED] - Object: 'Object Repository/Page_Element/div_Sign Out' is clicked on

2022-01-17 13:06:07 - [TEST_STEP][PASSED] - click(findTestObject("Object Repository/Page_Element/button_Sign out")): Object: 'Object Repository/Page_Element/button_Sign out' is clicked on

2022-01-17 13:06:08 - [MESSAGE][PASSED] - Object: 'Object Repository/Page_Element/button_Sign out' is clicked on

2022-01-17 13:06:08 - [TEST_STEP][PASSED] - closeBrowser(): Browser is closed

2022-01-17 13:06:08 - [MESSAGE][PASSED] - Browser is closed]]></system-out>
         <system-err><![CDATA[]]></system-err>
      </testcase>
      <testcase name="Test Cases/45.ChangeLanguageInSigninPage" time="35.249" classname="Test Cases/45.ChangeLanguageInSigninPage" status="PASSED">
         <system-out><![CDATA[2022-01-17 13:06:08 - [TEST_CASE][PASSED] - Test Cases/45.ChangeLanguageInSigninPage: Test Cases/45.ChangeLanguageInSigninPage

2022-01-17 13:06:08 - [TEST_STEP][PASSED] - openBrowser(""): Browser is opened with url: ''

2022-01-17 13:06:08 - [MESSAGE][INFO] - Starting 'Chrome' driver

2022-01-17 13:06:08 - [MESSAGE][INFO] - Action delay is set to 1,000 milliseconds

2022-01-17 13:06:10 - [MESSAGE][PASSED] - Browser is opened with url: ''

2022-01-17 13:06:10 - [TEST_STEP][PASSED] - navigateToUrl("http://localhost:8080/"): Navigate to 'http://localhost:8080/' successfully

2022-01-17 13:06:13 - [MESSAGE][PASSED] - Navigate to 'http://localhost:8080/' successfully

2022-01-17 13:06:13 - [TEST_STEP][PASSED] - click(findTestObject("Object Repository/Page_Element/div_Sign In")): Object: 'Object Repository/Page_Element/div_Sign In' is clicked on

2022-01-17 13:06:16 - [MESSAGE][PASSED] - Object: 'Object Repository/Page_Element/div_Sign In' is clicked on

2022-01-17 13:06:16 - [TEST_STEP][PASSED] - click(findTestObject("Object Repository/Page_Element/div_English (US)")): Object: 'Object Repository/Page_Element/div_English (US)' is clicked on

2022-01-17 13:06:17 - [MESSAGE][PASSED] - Object: 'Object Repository/Page_Element/div_English (US)' is clicked on

2022-01-17 13:06:17 - [TEST_STEP][PASSED] - setText(findTestObject("Object Repository/Page_Element/input_Catal_mx_LanguageDropdown_input"), "Ti"): Text 'Ti' is set on object 'Object Repository/Page_Element/input_Catal_mx_LanguageDropdown_input'

2022-01-17 13:06:19 - [MESSAGE][PASSED] - Text 'Ti' is set on object 'Object Repository/Page_Element/input_Catal_mx_LanguageDropdown_input'

2022-01-17 13:06:19 - [TEST_STEP][PASSED] - click(findTestObject("Object Repository/Page_Element/div_Ting Vit")): Object: 'Object Repository/Page_Element/div_Ting Vit' is clicked on

2022-01-17 13:06:22 - [MESSAGE][PASSED] - Object: 'Object Repository/Page_Element/div_Ting Vit' is clicked on

2022-01-17 13:06:22 - [TEST_STEP][PASSED] - setText(findTestObject("Object Repository/Page_Element/input_ng nhp vi_username"), "ptnha19"): Text 'ptnha19' is set on object 'Object Repository/Page_Element/input_ng nhp vi_username'

2022-01-17 13:06:27 - [MESSAGE][PASSED] - Text 'ptnha19' is set on object 'Object Repository/Page_Element/input_ng nhp vi_username'

2022-01-17 13:06:27 - [TEST_STEP][PASSED] - setEncryptedText(findTestObject("Object Repository/Page_Element/input_Tn ti khon_password"), "5R3Ima4A+eOeCrCDRGMLmJpaGR3V3+YI"): Text ****** has been set on object 'Object Repository/Page_Element/input_Tn ti khon_password'

2022-01-17 13:06:29 - [MESSAGE][PASSED] - Text ****** has been set on object 'Object Repository/Page_Element/input_Tn ti khon_password'

2022-01-17 13:06:29 - [TEST_STEP][PASSED] - click(findTestObject("Object Repository/Page_Element/input_Qun mt khu_mx_Login_submit")): Object: 'Object Repository/Page_Element/input_Qun mt khu_mx_Login_submit' is clicked on

2022-01-17 13:06:30 - [MESSAGE][PASSED] - Object: 'Object Repository/Page_Element/input_Qun mt khu_mx_Login_submit' is clicked on

2022-01-17 13:06:30 - [TEST_STEP][PASSED] - click(findTestObject("Object Repository/Page_Element/div_Xc minh bng Kha Bo mt")): Object: 'Object Repository/Page_Element/div_Xc minh bng Kha Bo mt' is clicked on

2022-01-17 13:06:36 - [MESSAGE][PASSED] - Object: 'Object Repository/Page_Element/div_Xc minh bng Kha Bo mt' is clicked on

2022-01-17 13:06:36 - [TEST_STEP][PASSED] - setEncryptedText(findTestObject("Object Repository/Page_Element/input_Cha kha bo mt_mx_Field_4"), "PF4jXtbe/5x5+S5PgN4Kl/QbANAkWZYKqKaG9gW6gn+Po31AOnak0DX8GoEzAUkskgpeON1UhfEqZG0XXngJPA=="): Text ****** has been set on object 'Object Repository/Page_Element/input_Cha kha bo mt_mx_Field_4'

2022-01-17 13:06:39 - [MESSAGE][PASSED] - Text ****** has been set on object 'Object Repository/Page_Element/input_Cha kha bo mt_mx_Field_4'

2022-01-17 13:06:39 - [TEST_STEP][PASSED] - click(findTestObject("Object Repository/Page_Element/button_Tip tc")): Object: 'Object Repository/Page_Element/button_Tip tc' is clicked on

2022-01-17 13:06:40 - [MESSAGE][PASSED] - Object: 'Object Repository/Page_Element/button_Tip tc' is clicked on

2022-01-17 13:06:40 - [TEST_STEP][PASSED] - click(findTestObject("Object Repository/Page_Element/div_Xong")): Object: 'Object Repository/Page_Element/div_Xong' is clicked on

2022-01-17 13:06:42 - [MESSAGE][PASSED] - Object: 'Object Repository/Page_Element/div_Xong' is clicked on

2022-01-17 13:06:42 - [TEST_STEP][PASSED] - click(findTestObject("Object Repository/Page_Element/img_Kim tra li_mx_BaseAvatar_image")): Object: 'Object Repository/Page_Element/img_Kim tra li_mx_BaseAvatar_image' is clicked on

2022-01-17 13:06:43 - [MESSAGE][PASSED] - Object: 'Object Repository/Page_Element/img_Kim tra li_mx_BaseAvatar_image' is clicked on

2022-01-17 13:06:43 - [TEST_STEP][PASSED] - closeBrowser(): Browser is closed

2022-01-17 13:06:44 - [MESSAGE][PASSED] - Browser is closed]]></system-out>
         <system-err><![CDATA[]]></system-err>
      </testcase>
      <testcase name="Test Cases/51.ChangeRoomName" time="60.921" classname="Test Cases/51.ChangeRoomName" status="FAILED">
         <failure type="FAILED" message="Test Cases/51.ChangeRoomName FAILED.
Reason:
com.kms.katalon.core.exception.StepFailedException: Unable to click on object 'Object Repository/Page_Element  Tr Cao Thin/div_Room settings'
	at com.kms.katalon.core.webui.keyword.internal.WebUIKeywordMain.stepFailed(WebUIKeywordMain.groovy:64)
	at com.kms.katalon.core.webui.keyword.internal.WebUIKeywordMain.runKeyword(WebUIKeywordMain.groovy:26)
	at com.kms.katalon.core.webui.keyword.builtin.ClickKeyword.click(ClickKeyword.groovy:74)
	at com.kms.katalon.core.webui.keyword.builtin.ClickKeyword.execute(ClickKeyword.groovy:40)
	at com.kms.katalon.core.keyword.internal.KeywordExecutor.executeKeywordForPlatform(KeywordExecutor.groovy:74)
	at com.kms.katalon.core.webui.keyword.WebUiBuiltInKeywords.click(WebUiBuiltInKeywords.groovy:620)
	at com.kms.katalon.core.webui.keyword.WebUiBuiltInKeywords$click$1.call(Unknown Source)
	at 51.ChangeRoomName.run(51.ChangeRoomName:44)
	at com.kms.katalon.core.main.ScriptEngine.run(ScriptEngine.java:194)
	at com.kms.katalon.core.main.ScriptEngine.runScriptAsRawText(ScriptEngine.java:119)
	at com.kms.katalon.core.main.TestCaseExecutor.runScript(TestCaseExecutor.java:442)
	at com.kms.katalon.core.main.TestCaseExecutor.doExecute(TestCaseExecutor.java:433)
	at com.kms.katalon.core.main.TestCaseExecutor.processExecutionPhase(TestCaseExecutor.java:412)
	at com.kms.katalon.core.main.TestCaseExecutor.accessMainPhase(TestCaseExecutor.java:404)
	at com.kms.katalon.core.main.TestCaseExecutor.execute(TestCaseExecutor.java:281)
	at com.kms.katalon.core.main.TestSuiteExecutor.accessTestCaseMainPhase(TestSuiteExecutor.java:202)
	at com.kms.katalon.core.main.TestSuiteExecutor.accessTestSuiteMainPhase(TestSuiteExecutor.java:164)
	at com.kms.katalon.core.main.TestSuiteExecutor.execute(TestSuiteExecutor.java:105)
	at com.kms.katalon.core.main.TestCaseMain.startTestSuite(TestCaseMain.java:181)
	at com.kms.katalon.core.main.TestCaseMain$startTestSuite$0.call(Unknown Source)
	at TempTestSuite1642398411696.run(TempTestSuite1642398411696.groovy:36)
Caused by: com.kms.katalon.core.webui.exception.WebElementNotFoundException: Web element with id: 'Object Repository/Page_Element  Tr Cao Thin/div_Room settings' located by '//aside[@id='mx_RightPanel']/div/div[2]/div/div[5]' not found
	at com.kms.katalon.core.webui.common.WebUiCommonHelper.findWebElement(WebUiCommonHelper.java:1368)
	at com.kms.katalon.core.webui.keyword.internal.WebUIAbstractKeyword.findWebElement(WebUIAbstractKeyword.groovy:27)
	at com.kms.katalon.core.webui.keyword.builtin.ClickKeyword$_click_closure1.doCall(ClickKeyword.groovy:65)
	at com.kms.katalon.core.webui.keyword.builtin.ClickKeyword$_click_closure1.call(ClickKeyword.groovy)
	at com.kms.katalon.core.webui.keyword.internal.WebUIKeywordMain.runKeyword(WebUIKeywordMain.groovy:20)
	... 19 more
"/>
         <system-out><![CDATA[2022-01-17 13:06:44 - [TEST_CASE][FAILED] - Test Cases/51.ChangeRoomName: Test Cases/51.ChangeRoomName FAILED.
Reason:
com.kms.katalon.core.exception.StepFailedException: Unable to click on object 'Object Repository/Page_Element  Tr Cao Thin/div_Room settings'
	at com.kms.katalon.core.webui.keyword.internal.WebUIKeywordMain.stepFailed(WebUIKeywordMain.groovy:64)
	at com.kms.katalon.core.webui.keyword.internal.WebUIKeywordMain.runKeyword(WebUIKeywordMain.groovy:26)
	at com.kms.katalon.core.webui.keyword.builtin.ClickKeyword.click(ClickKeyword.groovy:74)
	at com.kms.katalon.core.webui.keyword.builtin.ClickKeyword.execute(ClickKeyword.groovy:40)
	at com.kms.katalon.core.keyword.internal.KeywordExecutor.executeKeywordForPlatform(KeywordExecutor.groovy:74)
	at com.kms.katalon.core.webui.keyword.WebUiBuiltInKeywords.click(WebUiBuiltInKeywords.groovy:620)
	at com.kms.katalon.core.webui.keyword.WebUiBuiltInKeywords$click$1.call(Unknown Source)
	at 51.ChangeRoomName.run(51.ChangeRoomName:44)
	at com.kms.katalon.core.main.ScriptEngine.run(ScriptEngine.java:194)
	at com.kms.katalon.core.main.ScriptEngine.runScriptAsRawText(ScriptEngine.java:119)
	at com.kms.katalon.core.main.TestCaseExecutor.runScript(TestCaseExecutor.java:442)
	at com.kms.katalon.core.main.TestCaseExecutor.doExecute(TestCaseExecutor.java:433)
	at com.kms.katalon.core.main.TestCaseExecutor.processExecutionPhase(TestCaseExecutor.java:412)
	at com.kms.katalon.core.main.TestCaseExecutor.accessMainPhase(TestCaseExecutor.java:404)
	at com.kms.katalon.core.main.TestCaseExecutor.execute(TestCaseExecutor.java:281)
	at com.kms.katalon.core.main.TestSuiteExecutor.accessTestCaseMainPhase(TestSuiteExecutor.java:202)
	at com.kms.katalon.core.main.TestSuiteExecutor.accessTestSuiteMainPhase(TestSuiteExecutor.java:164)
	at com.kms.katalon.core.main.TestSuiteExecutor.execute(TestSuiteExecutor.java:105)
	at com.kms.katalon.core.main.TestCaseMain.startTestSuite(TestCaseMain.java:181)
	at com.kms.katalon.core.main.TestCaseMain$startTestSuite$0.call(Unknown Source)
	at TempTestSuite1642398411696.run(TempTestSuite1642398411696.groovy:36)
Caused by: com.kms.katalon.core.webui.exception.WebElementNotFoundException: Web element with id: 'Object Repository/Page_Element  Tr Cao Thin/div_Room settings' located by '//aside[@id='mx_RightPanel']/div/div[2]/div/div[5]' not found
	at com.kms.katalon.core.webui.common.WebUiCommonHelper.findWebElement(WebUiCommonHelper.java:1368)
	at com.kms.katalon.core.webui.keyword.internal.WebUIAbstractKeyword.findWebElement(WebUIAbstractKeyword.groovy:27)
	at com.kms.katalon.core.webui.keyword.builtin.ClickKeyword$_click_closure1.doCall(ClickKeyword.groovy:65)
	at com.kms.katalon.core.webui.keyword.builtin.ClickKeyword$_click_closure1.call(ClickKeyword.groovy)
	at com.kms.katalon.core.webui.keyword.internal.WebUIKeywordMain.runKeyword(WebUIKeywordMain.groovy:20)
	... 19 more


2022-01-17 13:06:44 - [TEST_STEP][PASSED] - openBrowser(""): Browser is opened with url: ''

2022-01-17 13:06:44 - [MESSAGE][INFO] - Starting 'Chrome' driver

2022-01-17 13:06:44 - [MESSAGE][INFO] - Action delay is set to 1,000 milliseconds

2022-01-17 13:06:45 - [MESSAGE][PASSED] - Browser is opened with url: ''

2022-01-17 13:06:45 - [TEST_STEP][PASSED] - navigateToUrl("http://localhost:8080/"): Navigate to 'http://localhost:8080/' successfully

2022-01-17 13:06:47 - [MESSAGE][PASSED] - Navigate to 'http://localhost:8080/' successfully

2022-01-17 13:06:47 - [TEST_STEP][PASSED] - click(findTestObject("Object Repository/Page_Element/div_Sign In")): Object: 'Object Repository/Page_Element/div_Sign In' is clicked on

2022-01-17 13:06:50 - [MESSAGE][PASSED] - Object: 'Object Repository/Page_Element/div_Sign In' is clicked on

2022-01-17 13:06:51 - [TEST_STEP][PASSED] - setText(findTestObject("Object Repository/Page_Element/input_Sign in with_username"), "ptnha19"): Text 'ptnha19' is set on object 'Object Repository/Page_Element/input_Sign in with_username'

2022-01-17 13:06:54 - [MESSAGE][PASSED] - Text 'ptnha19' is set on object 'Object Repository/Page_Element/input_Sign in with_username'

2022-01-17 13:06:54 - [TEST_STEP][PASSED] - setEncryptedText(findTestObject("Object Repository/Page_Element/input_Username_password"), "5R3Ima4A+eOeCrCDRGMLmJpaGR3V3+YI"): Text ****** has been set on object 'Object Repository/Page_Element/input_Username_password'

2022-01-17 13:06:56 - [MESSAGE][PASSED] - Text ****** has been set on object 'Object Repository/Page_Element/input_Username_password'

2022-01-17 13:06:56 - [TEST_STEP][PASSED] - click(findTestObject("Object Repository/Page_Element/input_Forgot password_mx_Login_submit")): Object: 'Object Repository/Page_Element/input_Forgot password_mx_Login_submit' is clicked on

2022-01-17 13:06:57 - [MESSAGE][PASSED] - Object: 'Object Repository/Page_Element/input_Forgot password_mx_Login_submit' is clicked on

2022-01-17 13:06:57 - [TEST_STEP][PASSED] - click(findTestObject("Object Repository/Page_Element/div_Verify with Security Key")): Object: 'Object Repository/Page_Element/div_Verify with Security Key' is clicked on

2022-01-17 13:07:04 - [MESSAGE][PASSED] - Object: 'Object Repository/Page_Element/div_Verify with Security Key' is clicked on

2022-01-17 13:07:04 - [TEST_STEP][PASSED] - setEncryptedText(findTestObject("Object Repository/Page_Element/input_Security Key_mx_Field_4"), "PF4jXtbe/5x5+S5PgN4Kl/QbANAkWZYKqKaG9gW6gn+Po31AOnak0DX8GoEzAUkskgpeON1UhfEqZG0XXngJPA=="): Text ****** has been set on object 'Object Repository/Page_Element/input_Security Key_mx_Field_4'

2022-01-17 13:07:08 - [MESSAGE][PASSED] - Text ****** has been set on object 'Object Repository/Page_Element/input_Security Key_mx_Field_4'

2022-01-17 13:07:08 - [TEST_STEP][PASSED] - click(findTestObject("Object Repository/Page_Element/button_Continue")): Object: 'Object Repository/Page_Element/button_Continue' is clicked on

2022-01-17 13:07:09 - [MESSAGE][PASSED] - Object: 'Object Repository/Page_Element/button_Continue' is clicked on

2022-01-17 13:07:09 - [TEST_STEP][PASSED] - click(findTestObject("Object Repository/Page_Element/div_Done")): Object: 'Object Repository/Page_Element/div_Done' is clicked on

2022-01-17 13:07:11 - [MESSAGE][PASSED] - Object: 'Object Repository/Page_Element/div_Done' is clicked on

2022-01-17 13:07:11 - [TEST_STEP][PASSED] - click(findTestObject("Object Repository/Page_Element/div_Tr Cao Thin")): Object: 'Object Repository/Page_Element/div_Tr Cao Thin' is clicked on

2022-01-17 13:07:12 - [MESSAGE][PASSED] - Object: 'Object Repository/Page_Element/div_Tr Cao Thin' is clicked on

2022-01-17 13:07:12 - [TEST_STEP][PASSED] - click(findTestObject("Object Repository/Page_Element  Tr Cao Thin/div_Tr Cao Thin_mx_AccessibleButton mx_Righ_04f030")): Object: 'Object Repository/Page_Element  Tr Cao Thin/div_Tr Cao Thin_mx_AccessibleButton mx_Righ_04f030' is clicked on

2022-01-17 13:07:13 - [MESSAGE][PASSED] - Object: 'Object Repository/Page_Element  Tr Cao Thin/div_Tr Cao Thin_mx_AccessibleButton mx_Righ_04f030' is clicked on

2022-01-17 13:07:13 - [TEST_STEP][FAILED] - click(findTestObject("Object Repository/Page_Element  Tr Cao Thin/div_Room settings")): Unable to click on object 'Object Repository/Page_Element  Tr Cao Thin/div_Room settings' (Root cause: com.kms.katalon.core.exception.StepFailedException: Unable to click on object 'Object Repository/Page_Element  Tr Cao Thin/div_Room settings'
	at com.kms.katalon.core.webui.keyword.internal.WebUIKeywordMain.stepFailed(WebUIKeywordMain.groovy:64)
	at com.kms.katalon.core.webui.keyword.internal.WebUIKeywordMain.runKeyword(WebUIKeywordMain.groovy:26)
	at com.kms.katalon.core.webui.keyword.builtin.ClickKeyword.click(ClickKeyword.groovy:74)
	at com.kms.katalon.core.webui.keyword.builtin.ClickKeyword.execute(ClickKeyword.groovy:40)
	at com.kms.katalon.core.keyword.internal.KeywordExecutor.executeKeywordForPlatform(KeywordExecutor.groovy:74)
	at com.kms.katalon.core.webui.keyword.WebUiBuiltInKeywords.click(WebUiBuiltInKeywords.groovy:620)
	at com.kms.katalon.core.webui.keyword.WebUiBuiltInKeywords$click$1.call(Unknown Source)
	at 51.ChangeRoomName.run(51.ChangeRoomName:44)
	at com.kms.katalon.core.main.ScriptEngine.run(ScriptEngine.java:194)
	at com.kms.katalon.core.main.ScriptEngine.runScriptAsRawText(ScriptEngine.java:119)
	at com.kms.katalon.core.main.TestCaseExecutor.runScript(TestCaseExecutor.java:442)
	at com.kms.katalon.core.main.TestCaseExecutor.doExecute(TestCaseExecutor.java:433)
	at com.kms.katalon.core.main.TestCaseExecutor.processExecutionPhase(TestCaseExecutor.java:412)
	at com.kms.katalon.core.main.TestCaseExecutor.accessMainPhase(TestCaseExecutor.java:404)
	at com.kms.katalon.core.main.TestCaseExecutor.execute(TestCaseExecutor.java:281)
	at com.kms.katalon.core.main.TestSuiteExecutor.accessTestCaseMainPhase(TestSuiteExecutor.java:202)
	at com.kms.katalon.core.main.TestSuiteExecutor.accessTestSuiteMainPhase(TestSuiteExecutor.java:164)
	at com.kms.katalon.core.main.TestSuiteExecutor.execute(TestSuiteExecutor.java:105)
	at com.kms.katalon.core.main.TestCaseMain.startTestSuite(TestCaseMain.java:181)
	at com.kms.katalon.core.main.TestCaseMain$startTestSuite$0.call(Unknown Source)
	at TempTestSuite1642398411696.run(TempTestSuite1642398411696.groovy:36)
Caused by: com.kms.katalon.core.webui.exception.WebElementNotFoundException: Web element with id: 'Object Repository/Page_Element  Tr Cao Thin/div_Room settings' located by '//aside[@id='mx_RightPanel']/div/div[2]/div/div[5]' not found
	at com.kms.katalon.core.webui.common.WebUiCommonHelper.findWebElement(WebUiCommonHelper.java:1368)
	at com.kms.katalon.core.webui.keyword.internal.WebUIAbstractKeyword.findWebElement(WebUIAbstractKeyword.groovy:27)
	at com.kms.katalon.core.webui.keyword.builtin.ClickKeyword$_click_closure1.doCall(ClickKeyword.groovy:65)
	at com.kms.katalon.core.webui.keyword.builtin.ClickKeyword$_click_closure1.call(ClickKeyword.groovy)
	at com.kms.katalon.core.webui.keyword.internal.WebUIKeywordMain.runKeyword(WebUIKeywordMain.groovy:20)
	at com.kms.katalon.core.webui.keyword.builtin.ClickKeyword.click(ClickKeyword.groovy:74)
	at com.kms.katalon.core.webui.keyword.builtin.ClickKeyword.execute(ClickKeyword.groovy:40)
	at com.kms.katalon.core.keyword.internal.KeywordExecutor.executeKeywordForPlatform(KeywordExecutor.groovy:74)
	at com.kms.katalon.core.webui.keyword.WebUiBuiltInKeywords.click(WebUiBuiltInKeywords.groovy:620)
	at com.kms.katalon.core.webui.keyword.WebUiBuiltInKeywords$click$1.call(Unknown Source)
	at Script1642037114009.run(Script1642037114009.groovy:44)
	... 13 more
)

2022-01-17 13:07:44 - [MESSAGE][INFO] - Unable to find the element located by 'By.xpath: //aside[@id='mx_RightPanel']/div/div[2]/div/div[5]'. Please recheck the objects properties to make sure the desired element is located. 

2022-01-17 13:07:44 - [MESSAGE][FAILED] - Unable to click on object 'Object Repository/Page_Element  Tr Cao Thin/div_Room settings' (Root cause: com.kms.katalon.core.exception.StepFailedException: Unable to click on object 'Object Repository/Page_Element  Tr Cao Thin/div_Room settings'
	at com.kms.katalon.core.webui.keyword.internal.WebUIKeywordMain.stepFailed(WebUIKeywordMain.groovy:64)
	at com.kms.katalon.core.webui.keyword.internal.WebUIKeywordMain.runKeyword(WebUIKeywordMain.groovy:26)
	at com.kms.katalon.core.webui.keyword.builtin.ClickKeyword.click(ClickKeyword.groovy:74)
	at com.kms.katalon.core.webui.keyword.builtin.ClickKeyword.execute(ClickKeyword.groovy:40)
	at com.kms.katalon.core.keyword.internal.KeywordExecutor.executeKeywordForPlatform(KeywordExecutor.groovy:74)
	at com.kms.katalon.core.webui.keyword.WebUiBuiltInKeywords.click(WebUiBuiltInKeywords.groovy:620)
	at com.kms.katalon.core.webui.keyword.WebUiBuiltInKeywords$click$1.call(Unknown Source)
	at 51.ChangeRoomName.run(51.ChangeRoomName:44)
	at com.kms.katalon.core.main.ScriptEngine.run(ScriptEngine.java:194)
	at com.kms.katalon.core.main.ScriptEngine.runScriptAsRawText(ScriptEngine.java:119)
	at com.kms.katalon.core.main.TestCaseExecutor.runScript(TestCaseExecutor.java:442)
	at com.kms.katalon.core.main.TestCaseExecutor.doExecute(TestCaseExecutor.java:433)
	at com.kms.katalon.core.main.TestCaseExecutor.processExecutionPhase(TestCaseExecutor.java:412)
	at com.kms.katalon.core.main.TestCaseExecutor.accessMainPhase(TestCaseExecutor.java:404)
	at com.kms.katalon.core.main.TestCaseExecutor.execute(TestCaseExecutor.java:281)
	at com.kms.katalon.core.main.TestSuiteExecutor.accessTestCaseMainPhase(TestSuiteExecutor.java:202)
	at com.kms.katalon.core.main.TestSuiteExecutor.accessTestSuiteMainPhase(TestSuiteExecutor.java:164)
	at com.kms.katalon.core.main.TestSuiteExecutor.execute(TestSuiteExecutor.java:105)
	at com.kms.katalon.core.main.TestCaseMain.startTestSuite(TestCaseMain.java:181)
	at com.kms.katalon.core.main.TestCaseMain$startTestSuite$0.call(Unknown Source)
	at TempTestSuite1642398411696.run(TempTestSuite1642398411696.groovy:36)
Caused by: com.kms.katalon.core.webui.exception.WebElementNotFoundException: Web element with id: 'Object Repository/Page_Element  Tr Cao Thin/div_Room settings' located by '//aside[@id='mx_RightPanel']/div/div[2]/div/div[5]' not found
	at com.kms.katalon.core.webui.common.WebUiCommonHelper.findWebElement(WebUiCommonHelper.java:1368)
	at com.kms.katalon.core.webui.keyword.internal.WebUIAbstractKeyword.findWebElement(WebUIAbstractKeyword.groovy:27)
	at com.kms.katalon.core.webui.keyword.builtin.ClickKeyword$_click_closure1.doCall(ClickKeyword.groovy:65)
	at com.kms.katalon.core.webui.keyword.builtin.ClickKeyword$_click_closure1.call(ClickKeyword.groovy)
	at com.kms.katalon.core.webui.keyword.internal.WebUIKeywordMain.runKeyword(WebUIKeywordMain.groovy:20)
	at com.kms.katalon.core.webui.keyword.builtin.ClickKeyword.click(ClickKeyword.groovy:74)
	at com.kms.katalon.core.webui.keyword.builtin.ClickKeyword.execute(ClickKeyword.groovy:40)
	at com.kms.katalon.core.keyword.internal.KeywordExecutor.executeKeywordForPlatform(KeywordExecutor.groovy:74)
	at com.kms.katalon.core.webui.keyword.WebUiBuiltInKeywords.click(WebUiBuiltInKeywords.groovy:620)
	at com.kms.katalon.core.webui.keyword.WebUiBuiltInKeywords$click$1.call(Unknown Source)
	at Script1642037114009.run(Script1642037114009.groovy:44)
	... 13 more
)
[[ATTACHMENT|D:\\Bonus-SE\\Katalon_pj\\Bonus_SE\\Reports\\20220117_124651\\Run all test case\\20220117_124651\\1642399664860.png]]]]></system-out>
         <system-err><![CDATA[2022-01-17 13:06:44 - [TEST_CASE][FAILED] - Test Cases/51.ChangeRoomName: Test Cases/51.ChangeRoomName FAILED.
Reason:
com.kms.katalon.core.exception.StepFailedException: Unable to click on object 'Object Repository/Page_Element  Tr Cao Thin/div_Room settings'
	at com.kms.katalon.core.webui.keyword.internal.WebUIKeywordMain.stepFailed(WebUIKeywordMain.groovy:64)
	at com.kms.katalon.core.webui.keyword.internal.WebUIKeywordMain.runKeyword(WebUIKeywordMain.groovy:26)
	at com.kms.katalon.core.webui.keyword.builtin.ClickKeyword.click(ClickKeyword.groovy:74)
	at com.kms.katalon.core.webui.keyword.builtin.ClickKeyword.execute(ClickKeyword.groovy:40)
	at com.kms.katalon.core.keyword.internal.KeywordExecutor.executeKeywordForPlatform(KeywordExecutor.groovy:74)
	at com.kms.katalon.core.webui.keyword.WebUiBuiltInKeywords.click(WebUiBuiltInKeywords.groovy:620)
	at com.kms.katalon.core.webui.keyword.WebUiBuiltInKeywords$click$1.call(Unknown Source)
	at 51.ChangeRoomName.run(51.ChangeRoomName:44)
	at com.kms.katalon.core.main.ScriptEngine.run(ScriptEngine.java:194)
	at com.kms.katalon.core.main.ScriptEngine.runScriptAsRawText(ScriptEngine.java:119)
	at com.kms.katalon.core.main.TestCaseExecutor.runScript(TestCaseExecutor.java:442)
	at com.kms.katalon.core.main.TestCaseExecutor.doExecute(TestCaseExecutor.java:433)
	at com.kms.katalon.core.main.TestCaseExecutor.processExecutionPhase(TestCaseExecutor.java:412)
	at com.kms.katalon.core.main.TestCaseExecutor.accessMainPhase(TestCaseExecutor.java:404)
	at com.kms.katalon.core.main.TestCaseExecutor.execute(TestCaseExecutor.java:281)
	at com.kms.katalon.core.main.TestSuiteExecutor.accessTestCaseMainPhase(TestSuiteExecutor.java:202)
	at com.kms.katalon.core.main.TestSuiteExecutor.accessTestSuiteMainPhase(TestSuiteExecutor.java:164)
	at com.kms.katalon.core.main.TestSuiteExecutor.execute(TestSuiteExecutor.java:105)
	at com.kms.katalon.core.main.TestCaseMain.startTestSuite(TestCaseMain.java:181)
	at com.kms.katalon.core.main.TestCaseMain$startTestSuite$0.call(Unknown Source)
	at TempTestSuite1642398411696.run(TempTestSuite1642398411696.groovy:36)
Caused by: com.kms.katalon.core.webui.exception.WebElementNotFoundException: Web element with id: 'Object Repository/Page_Element  Tr Cao Thin/div_Room settings' located by '//aside[@id='mx_RightPanel']/div/div[2]/div/div[5]' not found
	at com.kms.katalon.core.webui.common.WebUiCommonHelper.findWebElement(WebUiCommonHelper.java:1368)
	at com.kms.katalon.core.webui.keyword.internal.WebUIAbstractKeyword.findWebElement(WebUIAbstractKeyword.groovy:27)
	at com.kms.katalon.core.webui.keyword.builtin.ClickKeyword$_click_closure1.doCall(ClickKeyword.groovy:65)
	at com.kms.katalon.core.webui.keyword.builtin.ClickKeyword$_click_closure1.call(ClickKeyword.groovy)
	at com.kms.katalon.core.webui.keyword.internal.WebUIKeywordMain.runKeyword(WebUIKeywordMain.groovy:20)
	... 19 more]]></system-err>
      </testcase>
      <testcase name="Test Cases/54.ShareLinkToUser" time="60.265" classname="Test Cases/54.ShareLinkToUser" status="FAILED">
         <failure type="FAILED" message="Test Cases/54.ShareLinkToUser FAILED.
Reason:
com.kms.katalon.core.exception.StepFailedException: Unable to click on object 'Object Repository/Page_Element  Tr Cao Thin/div_People2'
	at com.kms.katalon.core.webui.keyword.internal.WebUIKeywordMain.stepFailed(WebUIKeywordMain.groovy:64)
	at com.kms.katalon.core.webui.keyword.internal.WebUIKeywordMain.runKeyword(WebUIKeywordMain.groovy:26)
	at com.kms.katalon.core.webui.keyword.builtin.ClickKeyword.click(ClickKeyword.groovy:74)
	at com.kms.katalon.core.webui.keyword.builtin.ClickKeyword.execute(ClickKeyword.groovy:40)
	at com.kms.katalon.core.keyword.internal.KeywordExecutor.executeKeywordForPlatform(KeywordExecutor.groovy:74)
	at com.kms.katalon.core.webui.keyword.WebUiBuiltInKeywords.click(WebUiBuiltInKeywords.groovy:620)
	at com.kms.katalon.core.webui.keyword.WebUiBuiltInKeywords$click$1.call(Unknown Source)
	at 54.ShareLinkToUser.run(54.ShareLinkToUser:44)
	at com.kms.katalon.core.main.ScriptEngine.run(ScriptEngine.java:194)
	at com.kms.katalon.core.main.ScriptEngine.runScriptAsRawText(ScriptEngine.java:119)
	at com.kms.katalon.core.main.TestCaseExecutor.runScript(TestCaseExecutor.java:442)
	at com.kms.katalon.core.main.TestCaseExecutor.doExecute(TestCaseExecutor.java:433)
	at com.kms.katalon.core.main.TestCaseExecutor.processExecutionPhase(TestCaseExecutor.java:412)
	at com.kms.katalon.core.main.TestCaseExecutor.accessMainPhase(TestCaseExecutor.java:404)
	at com.kms.katalon.core.main.TestCaseExecutor.execute(TestCaseExecutor.java:281)
	at com.kms.katalon.core.main.TestSuiteExecutor.accessTestCaseMainPhase(TestSuiteExecutor.java:202)
	at com.kms.katalon.core.main.TestSuiteExecutor.accessTestSuiteMainPhase(TestSuiteExecutor.java:164)
	at com.kms.katalon.core.main.TestSuiteExecutor.execute(TestSuiteExecutor.java:105)
	at com.kms.katalon.core.main.TestCaseMain.startTestSuite(TestCaseMain.java:181)
	at com.kms.katalon.core.main.TestCaseMain$startTestSuite$0.call(Unknown Source)
	at TempTestSuite1642398411696.run(TempTestSuite1642398411696.groovy:36)
Caused by: com.kms.katalon.core.webui.exception.WebElementNotFoundException: Web element with id: 'Object Repository/Page_Element  Tr Cao Thin/div_People2' located by '//aside[@id='mx_RightPanel']/div/div[2]/div/div' not found
	at com.kms.katalon.core.webui.common.WebUiCommonHelper.findWebElement(WebUiCommonHelper.java:1368)
	at com.kms.katalon.core.webui.keyword.internal.WebUIAbstractKeyword.findWebElement(WebUIAbstractKeyword.groovy:27)
	at com.kms.katalon.core.webui.keyword.builtin.ClickKeyword$_click_closure1.doCall(ClickKeyword.groovy:65)
	at com.kms.katalon.core.webui.keyword.builtin.ClickKeyword$_click_closure1.call(ClickKeyword.groovy)
	at com.kms.katalon.core.webui.keyword.internal.WebUIKeywordMain.runKeyword(WebUIKeywordMain.groovy:20)
	... 19 more
"/>
         <system-out><![CDATA[2022-01-17 13:07:44 - [TEST_CASE][FAILED] - Test Cases/54.ShareLinkToUser: Test Cases/54.ShareLinkToUser FAILED.
Reason:
com.kms.katalon.core.exception.StepFailedException: Unable to click on object 'Object Repository/Page_Element  Tr Cao Thin/div_People2'
	at com.kms.katalon.core.webui.keyword.internal.WebUIKeywordMain.stepFailed(WebUIKeywordMain.groovy:64)
	at com.kms.katalon.core.webui.keyword.internal.WebUIKeywordMain.runKeyword(WebUIKeywordMain.groovy:26)
	at com.kms.katalon.core.webui.keyword.builtin.ClickKeyword.click(ClickKeyword.groovy:74)
	at com.kms.katalon.core.webui.keyword.builtin.ClickKeyword.execute(ClickKeyword.groovy:40)
	at com.kms.katalon.core.keyword.internal.KeywordExecutor.executeKeywordForPlatform(KeywordExecutor.groovy:74)
	at com.kms.katalon.core.webui.keyword.WebUiBuiltInKeywords.click(WebUiBuiltInKeywords.groovy:620)
	at com.kms.katalon.core.webui.keyword.WebUiBuiltInKeywords$click$1.call(Unknown Source)
	at 54.ShareLinkToUser.run(54.ShareLinkToUser:44)
	at com.kms.katalon.core.main.ScriptEngine.run(ScriptEngine.java:194)
	at com.kms.katalon.core.main.ScriptEngine.runScriptAsRawText(ScriptEngine.java:119)
	at com.kms.katalon.core.main.TestCaseExecutor.runScript(TestCaseExecutor.java:442)
	at com.kms.katalon.core.main.TestCaseExecutor.doExecute(TestCaseExecutor.java:433)
	at com.kms.katalon.core.main.TestCaseExecutor.processExecutionPhase(TestCaseExecutor.java:412)
	at com.kms.katalon.core.main.TestCaseExecutor.accessMainPhase(TestCaseExecutor.java:404)
	at com.kms.katalon.core.main.TestCaseExecutor.execute(TestCaseExecutor.java:281)
	at com.kms.katalon.core.main.TestSuiteExecutor.accessTestCaseMainPhase(TestSuiteExecutor.java:202)
	at com.kms.katalon.core.main.TestSuiteExecutor.accessTestSuiteMainPhase(TestSuiteExecutor.java:164)
	at com.kms.katalon.core.main.TestSuiteExecutor.execute(TestSuiteExecutor.java:105)
	at com.kms.katalon.core.main.TestCaseMain.startTestSuite(TestCaseMain.java:181)
	at com.kms.katalon.core.main.TestCaseMain$startTestSuite$0.call(Unknown Source)
	at TempTestSuite1642398411696.run(TempTestSuite1642398411696.groovy:36)
Caused by: com.kms.katalon.core.webui.exception.WebElementNotFoundException: Web element with id: 'Object Repository/Page_Element  Tr Cao Thin/div_People2' located by '//aside[@id='mx_RightPanel']/div/div[2]/div/div' not found
	at com.kms.katalon.core.webui.common.WebUiCommonHelper.findWebElement(WebUiCommonHelper.java:1368)
	at com.kms.katalon.core.webui.keyword.internal.WebUIAbstractKeyword.findWebElement(WebUIAbstractKeyword.groovy:27)
	at com.kms.katalon.core.webui.keyword.builtin.ClickKeyword$_click_closure1.doCall(ClickKeyword.groovy:65)
	at com.kms.katalon.core.webui.keyword.builtin.ClickKeyword$_click_closure1.call(ClickKeyword.groovy)
	at com.kms.katalon.core.webui.keyword.internal.WebUIKeywordMain.runKeyword(WebUIKeywordMain.groovy:20)
	... 19 more


2022-01-17 13:07:45 - [TEST_STEP][PASSED] - openBrowser(""): Browser is opened with url: ''

2022-01-17 13:07:45 - [MESSAGE][WARNING] - A browser is already opened. Closing browser and opening a new one

2022-01-17 13:07:45 - [MESSAGE][INFO] - Starting 'Chrome' driver

2022-01-17 13:07:45 - [MESSAGE][INFO] - Action delay is set to 1,000 milliseconds

2022-01-17 13:07:47 - [MESSAGE][PASSED] - Browser is opened with url: ''

2022-01-17 13:07:47 - [TEST_STEP][PASSED] - navigateToUrl("http://localhost:8080/"): Navigate to 'http://localhost:8080/' successfully

2022-01-17 13:07:50 - [MESSAGE][PASSED] - Navigate to 'http://localhost:8080/' successfully

2022-01-17 13:07:50 - [TEST_STEP][PASSED] - click(findTestObject("Object Repository/Page_Element/div_Sign In")): Object: 'Object Repository/Page_Element/div_Sign In' is clicked on

2022-01-17 13:07:52 - [MESSAGE][PASSED] - Object: 'Object Repository/Page_Element/div_Sign In' is clicked on

2022-01-17 13:07:52 - [TEST_STEP][PASSED] - setText(findTestObject("Object Repository/Page_Element/input_Sign in with_username"), "ptnha19"): Text 'ptnha19' is set on object 'Object Repository/Page_Element/input_Sign in with_username'

2022-01-17 13:07:55 - [MESSAGE][PASSED] - Text 'ptnha19' is set on object 'Object Repository/Page_Element/input_Sign in with_username'

2022-01-17 13:07:55 - [TEST_STEP][PASSED] - setEncryptedText(findTestObject("Object Repository/Page_Element/input_Username_password"), "5R3Ima4A+eOeCrCDRGMLmJpaGR3V3+YI"): Text ****** has been set on object 'Object Repository/Page_Element/input_Username_password'

2022-01-17 13:07:58 - [MESSAGE][PASSED] - Text ****** has been set on object 'Object Repository/Page_Element/input_Username_password'

2022-01-17 13:07:58 - [TEST_STEP][PASSED] - click(findTestObject("Object Repository/Page_Element/input_Forgot password_mx_Login_submit")): Object: 'Object Repository/Page_Element/input_Forgot password_mx_Login_submit' is clicked on

2022-01-17 13:07:59 - [MESSAGE][PASSED] - Object: 'Object Repository/Page_Element/input_Forgot password_mx_Login_submit' is clicked on

2022-01-17 13:07:59 - [TEST_STEP][PASSED] - click(findTestObject("Object Repository/Page_Element/div_Verify with Security Key")): Object: 'Object Repository/Page_Element/div_Verify with Security Key' is clicked on

2022-01-17 13:08:05 - [MESSAGE][PASSED] - Object: 'Object Repository/Page_Element/div_Verify with Security Key' is clicked on

2022-01-17 13:08:05 - [TEST_STEP][PASSED] - setEncryptedText(findTestObject("Object Repository/Page_Element/input_Security Key_mx_Field_4"), "PF4jXtbe/5x5+S5PgN4Kl/QbANAkWZYKqKaG9gW6gn+Po31AOnak0DX8GoEzAUkskgpeON1UhfEqZG0XXngJPA=="): Text ****** has been set on object 'Object Repository/Page_Element/input_Security Key_mx_Field_4'

2022-01-17 13:08:08 - [MESSAGE][PASSED] - Text ****** has been set on object 'Object Repository/Page_Element/input_Security Key_mx_Field_4'

2022-01-17 13:08:08 - [TEST_STEP][PASSED] - click(findTestObject("Object Repository/Page_Element/button_Continue")): Object: 'Object Repository/Page_Element/button_Continue' is clicked on

2022-01-17 13:08:09 - [MESSAGE][PASSED] - Object: 'Object Repository/Page_Element/button_Continue' is clicked on

2022-01-17 13:08:09 - [TEST_STEP][PASSED] - click(findTestObject("Object Repository/Page_Element/div_Done")): Object: 'Object Repository/Page_Element/div_Done' is clicked on

2022-01-17 13:08:10 - [MESSAGE][PASSED] - Object: 'Object Repository/Page_Element/div_Done' is clicked on

2022-01-17 13:08:10 - [TEST_STEP][PASSED] - click(findTestObject("Object Repository/Page_Element/div_Tr Cao Thin")): Object: 'Object Repository/Page_Element/div_Tr Cao Thin' is clicked on

2022-01-17 13:08:12 - [MESSAGE][PASSED] - Object: 'Object Repository/Page_Element/div_Tr Cao Thin' is clicked on

2022-01-17 13:08:12 - [TEST_STEP][PASSED] - click(findTestObject("Object Repository/Page_Element  Tr Cao Thin/div_Tr Cao Thin_mx_AccessibleButton mx_Righ_04f030")): Object: 'Object Repository/Page_Element  Tr Cao Thin/div_Tr Cao Thin_mx_AccessibleButton mx_Righ_04f030' is clicked on

2022-01-17 13:08:14 - [MESSAGE][PASSED] - Object: 'Object Repository/Page_Element  Tr Cao Thin/div_Tr Cao Thin_mx_AccessibleButton mx_Righ_04f030' is clicked on

2022-01-17 13:08:14 - [TEST_STEP][FAILED] - click(findTestObject("Object Repository/Page_Element  Tr Cao Thin/div_People2")): Unable to click on object 'Object Repository/Page_Element  Tr Cao Thin/div_People2' (Root cause: com.kms.katalon.core.exception.StepFailedException: Unable to click on object 'Object Repository/Page_Element  Tr Cao Thin/div_People2'
	at com.kms.katalon.core.webui.keyword.internal.WebUIKeywordMain.stepFailed(WebUIKeywordMain.groovy:64)
	at com.kms.katalon.core.webui.keyword.internal.WebUIKeywordMain.runKeyword(WebUIKeywordMain.groovy:26)
	at com.kms.katalon.core.webui.keyword.builtin.ClickKeyword.click(ClickKeyword.groovy:74)
	at com.kms.katalon.core.webui.keyword.builtin.ClickKeyword.execute(ClickKeyword.groovy:40)
	at com.kms.katalon.core.keyword.internal.KeywordExecutor.executeKeywordForPlatform(KeywordExecutor.groovy:74)
	at com.kms.katalon.core.webui.keyword.WebUiBuiltInKeywords.click(WebUiBuiltInKeywords.groovy:620)
	at com.kms.katalon.core.webui.keyword.WebUiBuiltInKeywords$click$1.call(Unknown Source)
	at 54.ShareLinkToUser.run(54.ShareLinkToUser:44)
	at com.kms.katalon.core.main.ScriptEngine.run(ScriptEngine.java:194)
	at com.kms.katalon.core.main.ScriptEngine.runScriptAsRawText(ScriptEngine.java:119)
	at com.kms.katalon.core.main.TestCaseExecutor.runScript(TestCaseExecutor.java:442)
	at com.kms.katalon.core.main.TestCaseExecutor.doExecute(TestCaseExecutor.java:433)
	at com.kms.katalon.core.main.TestCaseExecutor.processExecutionPhase(TestCaseExecutor.java:412)
	at com.kms.katalon.core.main.TestCaseExecutor.accessMainPhase(TestCaseExecutor.java:404)
	at com.kms.katalon.core.main.TestCaseExecutor.execute(TestCaseExecutor.java:281)
	at com.kms.katalon.core.main.TestSuiteExecutor.accessTestCaseMainPhase(TestSuiteExecutor.java:202)
	at com.kms.katalon.core.main.TestSuiteExecutor.accessTestSuiteMainPhase(TestSuiteExecutor.java:164)
	at com.kms.katalon.core.main.TestSuiteExecutor.execute(TestSuiteExecutor.java:105)
	at com.kms.katalon.core.main.TestCaseMain.startTestSuite(TestCaseMain.java:181)
	at com.kms.katalon.core.main.TestCaseMain$startTestSuite$0.call(Unknown Source)
	at TempTestSuite1642398411696.run(TempTestSuite1642398411696.groovy:36)
Caused by: com.kms.katalon.core.webui.exception.WebElementNotFoundException: Web element with id: 'Object Repository/Page_Element  Tr Cao Thin/div_People2' located by '//aside[@id='mx_RightPanel']/div/div[2]/div/div' not found
	at com.kms.katalon.core.webui.common.WebUiCommonHelper.findWebElement(WebUiCommonHelper.java:1368)
	at com.kms.katalon.core.webui.keyword.internal.WebUIAbstractKeyword.findWebElement(WebUIAbstractKeyword.groovy:27)
	at com.kms.katalon.core.webui.keyword.builtin.ClickKeyword$_click_closure1.doCall(ClickKeyword.groovy:65)
	at com.kms.katalon.core.webui.keyword.builtin.ClickKeyword$_click_closure1.call(ClickKeyword.groovy)
	at com.kms.katalon.core.webui.keyword.internal.WebUIKeywordMain.runKeyword(WebUIKeywordMain.groovy:20)
	at com.kms.katalon.core.webui.keyword.builtin.ClickKeyword.click(ClickKeyword.groovy:74)
	at com.kms.katalon.core.webui.keyword.builtin.ClickKeyword.execute(ClickKeyword.groovy:40)
	at com.kms.katalon.core.keyword.internal.KeywordExecutor.executeKeywordForPlatform(KeywordExecutor.groovy:74)
	at com.kms.katalon.core.webui.keyword.WebUiBuiltInKeywords.click(WebUiBuiltInKeywords.groovy:620)
	at com.kms.katalon.core.webui.keyword.WebUiBuiltInKeywords$click$1.call(Unknown Source)
	at Script1642037753125.run(Script1642037753125.groovy:44)
	... 13 more
)

2022-01-17 13:08:45 - [MESSAGE][INFO] - Unable to find the element located by 'By.xpath: //aside[@id='mx_RightPanel']/div/div[2]/div/div'. Please recheck the objects properties to make sure the desired element is located. 

2022-01-17 13:08:45 - [MESSAGE][FAILED] - Unable to click on object 'Object Repository/Page_Element  Tr Cao Thin/div_People2' (Root cause: com.kms.katalon.core.exception.StepFailedException: Unable to click on object 'Object Repository/Page_Element  Tr Cao Thin/div_People2'
	at com.kms.katalon.core.webui.keyword.internal.WebUIKeywordMain.stepFailed(WebUIKeywordMain.groovy:64)
	at com.kms.katalon.core.webui.keyword.internal.WebUIKeywordMain.runKeyword(WebUIKeywordMain.groovy:26)
	at com.kms.katalon.core.webui.keyword.builtin.ClickKeyword.click(ClickKeyword.groovy:74)
	at com.kms.katalon.core.webui.keyword.builtin.ClickKeyword.execute(ClickKeyword.groovy:40)
	at com.kms.katalon.core.keyword.internal.KeywordExecutor.executeKeywordForPlatform(KeywordExecutor.groovy:74)
	at com.kms.katalon.core.webui.keyword.WebUiBuiltInKeywords.click(WebUiBuiltInKeywords.groovy:620)
	at com.kms.katalon.core.webui.keyword.WebUiBuiltInKeywords$click$1.call(Unknown Source)
	at 54.ShareLinkToUser.run(54.ShareLinkToUser:44)
	at com.kms.katalon.core.main.ScriptEngine.run(ScriptEngine.java:194)
	at com.kms.katalon.core.main.ScriptEngine.runScriptAsRawText(ScriptEngine.java:119)
	at com.kms.katalon.core.main.TestCaseExecutor.runScript(TestCaseExecutor.java:442)
	at com.kms.katalon.core.main.TestCaseExecutor.doExecute(TestCaseExecutor.java:433)
	at com.kms.katalon.core.main.TestCaseExecutor.processExecutionPhase(TestCaseExecutor.java:412)
	at com.kms.katalon.core.main.TestCaseExecutor.accessMainPhase(TestCaseExecutor.java:404)
	at com.kms.katalon.core.main.TestCaseExecutor.execute(TestCaseExecutor.java:281)
	at com.kms.katalon.core.main.TestSuiteExecutor.accessTestCaseMainPhase(TestSuiteExecutor.java:202)
	at com.kms.katalon.core.main.TestSuiteExecutor.accessTestSuiteMainPhase(TestSuiteExecutor.java:164)
	at com.kms.katalon.core.main.TestSuiteExecutor.execute(TestSuiteExecutor.java:105)
	at com.kms.katalon.core.main.TestCaseMain.startTestSuite(TestCaseMain.java:181)
	at com.kms.katalon.core.main.TestCaseMain$startTestSuite$0.call(Unknown Source)
	at TempTestSuite1642398411696.run(TempTestSuite1642398411696.groovy:36)
Caused by: com.kms.katalon.core.webui.exception.WebElementNotFoundException: Web element with id: 'Object Repository/Page_Element  Tr Cao Thin/div_People2' located by '//aside[@id='mx_RightPanel']/div/div[2]/div/div' not found
	at com.kms.katalon.core.webui.common.WebUiCommonHelper.findWebElement(WebUiCommonHelper.java:1368)
	at com.kms.katalon.core.webui.keyword.internal.WebUIAbstractKeyword.findWebElement(WebUIAbstractKeyword.groovy:27)
	at com.kms.katalon.core.webui.keyword.builtin.ClickKeyword$_click_closure1.doCall(ClickKeyword.groovy:65)
	at com.kms.katalon.core.webui.keyword.builtin.ClickKeyword$_click_closure1.call(ClickKeyword.groovy)
	at com.kms.katalon.core.webui.keyword.internal.WebUIKeywordMain.runKeyword(WebUIKeywordMain.groovy:20)
	at com.kms.katalon.core.webui.keyword.builtin.ClickKeyword.click(ClickKeyword.groovy:74)
	at com.kms.katalon.core.webui.keyword.builtin.ClickKeyword.execute(ClickKeyword.groovy:40)
	at com.kms.katalon.core.keyword.internal.KeywordExecutor.executeKeywordForPlatform(KeywordExecutor.groovy:74)
	at com.kms.katalon.core.webui.keyword.WebUiBuiltInKeywords.click(WebUiBuiltInKeywords.groovy:620)
	at com.kms.katalon.core.webui.keyword.WebUiBuiltInKeywords$click$1.call(Unknown Source)
	at Script1642037753125.run(Script1642037753125.groovy:44)
	... 13 more
)
[[ATTACHMENT|D:\\Bonus-SE\\Katalon_pj\\Bonus_SE\\Reports\\20220117_124651\\Run all test case\\20220117_124651\\1642399725143.png]]]]></system-out>
         <system-err><![CDATA[2022-01-17 13:07:44 - [TEST_CASE][FAILED] - Test Cases/54.ShareLinkToUser: Test Cases/54.ShareLinkToUser FAILED.
Reason:
com.kms.katalon.core.exception.StepFailedException: Unable to click on object 'Object Repository/Page_Element  Tr Cao Thin/div_People2'
	at com.kms.katalon.core.webui.keyword.internal.WebUIKeywordMain.stepFailed(WebUIKeywordMain.groovy:64)
	at com.kms.katalon.core.webui.keyword.internal.WebUIKeywordMain.runKeyword(WebUIKeywordMain.groovy:26)
	at com.kms.katalon.core.webui.keyword.builtin.ClickKeyword.click(ClickKeyword.groovy:74)
	at com.kms.katalon.core.webui.keyword.builtin.ClickKeyword.execute(ClickKeyword.groovy:40)
	at com.kms.katalon.core.keyword.internal.KeywordExecutor.executeKeywordForPlatform(KeywordExecutor.groovy:74)
	at com.kms.katalon.core.webui.keyword.WebUiBuiltInKeywords.click(WebUiBuiltInKeywords.groovy:620)
	at com.kms.katalon.core.webui.keyword.WebUiBuiltInKeywords$click$1.call(Unknown Source)
	at 54.ShareLinkToUser.run(54.ShareLinkToUser:44)
	at com.kms.katalon.core.main.ScriptEngine.run(ScriptEngine.java:194)
	at com.kms.katalon.core.main.ScriptEngine.runScriptAsRawText(ScriptEngine.java:119)
	at com.kms.katalon.core.main.TestCaseExecutor.runScript(TestCaseExecutor.java:442)
	at com.kms.katalon.core.main.TestCaseExecutor.doExecute(TestCaseExecutor.java:433)
	at com.kms.katalon.core.main.TestCaseExecutor.processExecutionPhase(TestCaseExecutor.java:412)
	at com.kms.katalon.core.main.TestCaseExecutor.accessMainPhase(TestCaseExecutor.java:404)
	at com.kms.katalon.core.main.TestCaseExecutor.execute(TestCaseExecutor.java:281)
	at com.kms.katalon.core.main.TestSuiteExecutor.accessTestCaseMainPhase(TestSuiteExecutor.java:202)
	at com.kms.katalon.core.main.TestSuiteExecutor.accessTestSuiteMainPhase(TestSuiteExecutor.java:164)
	at com.kms.katalon.core.main.TestSuiteExecutor.execute(TestSuiteExecutor.java:105)
	at com.kms.katalon.core.main.TestCaseMain.startTestSuite(TestCaseMain.java:181)
	at com.kms.katalon.core.main.TestCaseMain$startTestSuite$0.call(Unknown Source)
	at TempTestSuite1642398411696.run(TempTestSuite1642398411696.groovy:36)
Caused by: com.kms.katalon.core.webui.exception.WebElementNotFoundException: Web element with id: 'Object Repository/Page_Element  Tr Cao Thin/div_People2' located by '//aside[@id='mx_RightPanel']/div/div[2]/div/div' not found
	at com.kms.katalon.core.webui.common.WebUiCommonHelper.findWebElement(WebUiCommonHelper.java:1368)
	at com.kms.katalon.core.webui.keyword.internal.WebUIAbstractKeyword.findWebElement(WebUIAbstractKeyword.groovy:27)
	at com.kms.katalon.core.webui.keyword.builtin.ClickKeyword$_click_closure1.doCall(ClickKeyword.groovy:65)
	at com.kms.katalon.core.webui.keyword.builtin.ClickKeyword$_click_closure1.call(ClickKeyword.groovy)
	at com.kms.katalon.core.webui.keyword.internal.WebUIKeywordMain.runKeyword(WebUIKeywordMain.groovy:20)
	... 19 more]]></system-err>
      </testcase>
      <testcase name="Test Cases/55.ShareLink" time="58.945" classname="Test Cases/55.ShareLink" status="FAILED">
         <failure type="FAILED" message="Test Cases/55.ShareLink FAILED.
Reason:
com.kms.katalon.core.exception.StepFailedException: Unable to click on object 'Object Repository/Page_Element  Tr Cao Thin/div_Share room'
	at com.kms.katalon.core.webui.keyword.internal.WebUIKeywordMain.stepFailed(WebUIKeywordMain.groovy:64)
	at com.kms.katalon.core.webui.keyword.internal.WebUIKeywordMain.runKeyword(WebUIKeywordMain.groovy:26)
	at com.kms.katalon.core.webui.keyword.builtin.ClickKeyword.click(ClickKeyword.groovy:74)
	at com.kms.katalon.core.webui.keyword.builtin.ClickKeyword.execute(ClickKeyword.groovy:40)
	at com.kms.katalon.core.keyword.internal.KeywordExecutor.executeKeywordForPlatform(KeywordExecutor.groovy:74)
	at com.kms.katalon.core.webui.keyword.WebUiBuiltInKeywords.click(WebUiBuiltInKeywords.groovy:620)
	at com.kms.katalon.core.webui.keyword.WebUiBuiltInKeywords$click$1.call(Unknown Source)
	at 55.ShareLink.run(55.ShareLink:44)
	at com.kms.katalon.core.main.ScriptEngine.run(ScriptEngine.java:194)
	at com.kms.katalon.core.main.ScriptEngine.runScriptAsRawText(ScriptEngine.java:119)
	at com.kms.katalon.core.main.TestCaseExecutor.runScript(TestCaseExecutor.java:442)
	at com.kms.katalon.core.main.TestCaseExecutor.doExecute(TestCaseExecutor.java:433)
	at com.kms.katalon.core.main.TestCaseExecutor.processExecutionPhase(TestCaseExecutor.java:412)
	at com.kms.katalon.core.main.TestCaseExecutor.accessMainPhase(TestCaseExecutor.java:404)
	at com.kms.katalon.core.main.TestCaseExecutor.execute(TestCaseExecutor.java:281)
	at com.kms.katalon.core.main.TestSuiteExecutor.accessTestCaseMainPhase(TestSuiteExecutor.java:202)
	at com.kms.katalon.core.main.TestSuiteExecutor.accessTestSuiteMainPhase(TestSuiteExecutor.java:164)
	at com.kms.katalon.core.main.TestSuiteExecutor.execute(TestSuiteExecutor.java:105)
	at com.kms.katalon.core.main.TestCaseMain.startTestSuite(TestCaseMain.java:181)
	at com.kms.katalon.core.main.TestCaseMain$startTestSuite$0.call(Unknown Source)
	at TempTestSuite1642398411696.run(TempTestSuite1642398411696.groovy:36)
Caused by: com.kms.katalon.core.webui.exception.WebElementNotFoundException: Web element with id: 'Object Repository/Page_Element  Tr Cao Thin/div_Share room' located by '//aside[@id='mx_RightPanel']/div/div[2]/div/div[4]' not found
	at com.kms.katalon.core.webui.common.WebUiCommonHelper.findWebElement(WebUiCommonHelper.java:1368)
	at com.kms.katalon.core.webui.keyword.internal.WebUIAbstractKeyword.findWebElement(WebUIAbstractKeyword.groovy:27)
	at com.kms.katalon.core.webui.keyword.builtin.ClickKeyword$_click_closure1.doCall(ClickKeyword.groovy:65)
	at com.kms.katalon.core.webui.keyword.builtin.ClickKeyword$_click_closure1.call(ClickKeyword.groovy)
	at com.kms.katalon.core.webui.keyword.internal.WebUIKeywordMain.runKeyword(WebUIKeywordMain.groovy:20)
	... 19 more
"/>
         <system-out><![CDATA[2022-01-17 13:08:45 - [TEST_CASE][FAILED] - Test Cases/55.ShareLink: Test Cases/55.ShareLink FAILED.
Reason:
com.kms.katalon.core.exception.StepFailedException: Unable to click on object 'Object Repository/Page_Element  Tr Cao Thin/div_Share room'
	at com.kms.katalon.core.webui.keyword.internal.WebUIKeywordMain.stepFailed(WebUIKeywordMain.groovy:64)
	at com.kms.katalon.core.webui.keyword.internal.WebUIKeywordMain.runKeyword(WebUIKeywordMain.groovy:26)
	at com.kms.katalon.core.webui.keyword.builtin.ClickKeyword.click(ClickKeyword.groovy:74)
	at com.kms.katalon.core.webui.keyword.builtin.ClickKeyword.execute(ClickKeyword.groovy:40)
	at com.kms.katalon.core.keyword.internal.KeywordExecutor.executeKeywordForPlatform(KeywordExecutor.groovy:74)
	at com.kms.katalon.core.webui.keyword.WebUiBuiltInKeywords.click(WebUiBuiltInKeywords.groovy:620)
	at com.kms.katalon.core.webui.keyword.WebUiBuiltInKeywords$click$1.call(Unknown Source)
	at 55.ShareLink.run(55.ShareLink:44)
	at com.kms.katalon.core.main.ScriptEngine.run(ScriptEngine.java:194)
	at com.kms.katalon.core.main.ScriptEngine.runScriptAsRawText(ScriptEngine.java:119)
	at com.kms.katalon.core.main.TestCaseExecutor.runScript(TestCaseExecutor.java:442)
	at com.kms.katalon.core.main.TestCaseExecutor.doExecute(TestCaseExecutor.java:433)
	at com.kms.katalon.core.main.TestCaseExecutor.processExecutionPhase(TestCaseExecutor.java:412)
	at com.kms.katalon.core.main.TestCaseExecutor.accessMainPhase(TestCaseExecutor.java:404)
	at com.kms.katalon.core.main.TestCaseExecutor.execute(TestCaseExecutor.java:281)
	at com.kms.katalon.core.main.TestSuiteExecutor.accessTestCaseMainPhase(TestSuiteExecutor.java:202)
	at com.kms.katalon.core.main.TestSuiteExecutor.accessTestSuiteMainPhase(TestSuiteExecutor.java:164)
	at com.kms.katalon.core.main.TestSuiteExecutor.execute(TestSuiteExecutor.java:105)
	at com.kms.katalon.core.main.TestCaseMain.startTestSuite(TestCaseMain.java:181)
	at com.kms.katalon.core.main.TestCaseMain$startTestSuite$0.call(Unknown Source)
	at TempTestSuite1642398411696.run(TempTestSuite1642398411696.groovy:36)
Caused by: com.kms.katalon.core.webui.exception.WebElementNotFoundException: Web element with id: 'Object Repository/Page_Element  Tr Cao Thin/div_Share room' located by '//aside[@id='mx_RightPanel']/div/div[2]/div/div[4]' not found
	at com.kms.katalon.core.webui.common.WebUiCommonHelper.findWebElement(WebUiCommonHelper.java:1368)
	at com.kms.katalon.core.webui.keyword.internal.WebUIAbstractKeyword.findWebElement(WebUIAbstractKeyword.groovy:27)
	at com.kms.katalon.core.webui.keyword.builtin.ClickKeyword$_click_closure1.doCall(ClickKeyword.groovy:65)
	at com.kms.katalon.core.webui.keyword.builtin.ClickKeyword$_click_closure1.call(ClickKeyword.groovy)
	at com.kms.katalon.core.webui.keyword.internal.WebUIKeywordMain.runKeyword(WebUIKeywordMain.groovy:20)
	... 19 more


2022-01-17 13:08:45 - [TEST_STEP][PASSED] - openBrowser(""): Browser is opened with url: ''

2022-01-17 13:08:45 - [MESSAGE][WARNING] - A browser is already opened. Closing browser and opening a new one

2022-01-17 13:08:46 - [MESSAGE][INFO] - Starting 'Chrome' driver

2022-01-17 13:08:46 - [MESSAGE][INFO] - Action delay is set to 1,000 milliseconds

2022-01-17 13:08:47 - [MESSAGE][PASSED] - Browser is opened with url: ''

2022-01-17 13:08:47 - [TEST_STEP][PASSED] - navigateToUrl("http://localhost:8080/"): Navigate to 'http://localhost:8080/' successfully

2022-01-17 13:08:49 - [MESSAGE][PASSED] - Navigate to 'http://localhost:8080/' successfully

2022-01-17 13:08:49 - [TEST_STEP][PASSED] - click(findTestObject("Object Repository/Page_Element/div_Sign In")): Object: 'Object Repository/Page_Element/div_Sign In' is clicked on

2022-01-17 13:08:52 - [MESSAGE][PASSED] - Object: 'Object Repository/Page_Element/div_Sign In' is clicked on

2022-01-17 13:08:52 - [TEST_STEP][PASSED] - setText(findTestObject("Object Repository/Page_Element/input_Sign in with_username"), "ptnha19"): Text 'ptnha19' is set on object 'Object Repository/Page_Element/input_Sign in with_username'

2022-01-17 13:08:56 - [MESSAGE][PASSED] - Text 'ptnha19' is set on object 'Object Repository/Page_Element/input_Sign in with_username'

2022-01-17 13:08:56 - [TEST_STEP][PASSED] - setEncryptedText(findTestObject("Object Repository/Page_Element/input_Username_password"), "5R3Ima4A+eOeCrCDRGMLmJpaGR3V3+YI"): Text ****** has been set on object 'Object Repository/Page_Element/input_Username_password'

2022-01-17 13:08:58 - [MESSAGE][PASSED] - Text ****** has been set on object 'Object Repository/Page_Element/input_Username_password'

2022-01-17 13:08:58 - [TEST_STEP][PASSED] - click(findTestObject("Object Repository/Page_Element/input_Forgot password_mx_Login_submit")): Object: 'Object Repository/Page_Element/input_Forgot password_mx_Login_submit' is clicked on

2022-01-17 13:08:59 - [MESSAGE][PASSED] - Object: 'Object Repository/Page_Element/input_Forgot password_mx_Login_submit' is clicked on

2022-01-17 13:08:59 - [TEST_STEP][PASSED] - click(findTestObject("Object Repository/Page_Element/div_Verify with Security Key")): Object: 'Object Repository/Page_Element/div_Verify with Security Key' is clicked on

2022-01-17 13:09:04 - [MESSAGE][PASSED] - Object: 'Object Repository/Page_Element/div_Verify with Security Key' is clicked on

2022-01-17 13:09:04 - [TEST_STEP][PASSED] - setEncryptedText(findTestObject("Object Repository/Page_Element/input_Security Key_mx_Field_4"), "PF4jXtbe/5x5+S5PgN4Kl/QbANAkWZYKqKaG9gW6gn+Po31AOnak0DX8GoEzAUkskgpeON1UhfEqZG0XXngJPA=="): Text ****** has been set on object 'Object Repository/Page_Element/input_Security Key_mx_Field_4'

2022-01-17 13:09:07 - [MESSAGE][PASSED] - Text ****** has been set on object 'Object Repository/Page_Element/input_Security Key_mx_Field_4'

2022-01-17 13:09:07 - [TEST_STEP][PASSED] - click(findTestObject("Object Repository/Page_Element/button_Continue")): Object: 'Object Repository/Page_Element/button_Continue' is clicked on

2022-01-17 13:09:08 - [MESSAGE][PASSED] - Object: 'Object Repository/Page_Element/button_Continue' is clicked on

2022-01-17 13:09:08 - [TEST_STEP][PASSED] - click(findTestObject("Object Repository/Page_Element/div_Done")): Object: 'Object Repository/Page_Element/div_Done' is clicked on

2022-01-17 13:09:10 - [MESSAGE][PASSED] - Object: 'Object Repository/Page_Element/div_Done' is clicked on

2022-01-17 13:09:10 - [TEST_STEP][PASSED] - click(findTestObject("Object Repository/Page_Element/div_Tr Cao Thin")): Object: 'Object Repository/Page_Element/div_Tr Cao Thin' is clicked on

2022-01-17 13:09:11 - [MESSAGE][PASSED] - Object: 'Object Repository/Page_Element/div_Tr Cao Thin' is clicked on

2022-01-17 13:09:11 - [TEST_STEP][PASSED] - click(findTestObject("Object Repository/Page_Element  Tr Cao Thin/div_Tr Cao Thin_mx_AccessibleButton mx_Righ_04f030")): Object: 'Object Repository/Page_Element  Tr Cao Thin/div_Tr Cao Thin_mx_AccessibleButton mx_Righ_04f030' is clicked on

2022-01-17 13:09:13 - [MESSAGE][PASSED] - Object: 'Object Repository/Page_Element  Tr Cao Thin/div_Tr Cao Thin_mx_AccessibleButton mx_Righ_04f030' is clicked on

2022-01-17 13:09:13 - [TEST_STEP][FAILED] - click(findTestObject("Object Repository/Page_Element  Tr Cao Thin/div_Share room")): Unable to click on object 'Object Repository/Page_Element  Tr Cao Thin/div_Share room' (Root cause: com.kms.katalon.core.exception.StepFailedException: Unable to click on object 'Object Repository/Page_Element  Tr Cao Thin/div_Share room'
	at com.kms.katalon.core.webui.keyword.internal.WebUIKeywordMain.stepFailed(WebUIKeywordMain.groovy:64)
	at com.kms.katalon.core.webui.keyword.internal.WebUIKeywordMain.runKeyword(WebUIKeywordMain.groovy:26)
	at com.kms.katalon.core.webui.keyword.builtin.ClickKeyword.click(ClickKeyword.groovy:74)
	at com.kms.katalon.core.webui.keyword.builtin.ClickKeyword.execute(ClickKeyword.groovy:40)
	at com.kms.katalon.core.keyword.internal.KeywordExecutor.executeKeywordForPlatform(KeywordExecutor.groovy:74)
	at com.kms.katalon.core.webui.keyword.WebUiBuiltInKeywords.click(WebUiBuiltInKeywords.groovy:620)
	at com.kms.katalon.core.webui.keyword.WebUiBuiltInKeywords$click$1.call(Unknown Source)
	at 55.ShareLink.run(55.ShareLink:44)
	at com.kms.katalon.core.main.ScriptEngine.run(ScriptEngine.java:194)
	at com.kms.katalon.core.main.ScriptEngine.runScriptAsRawText(ScriptEngine.java:119)
	at com.kms.katalon.core.main.TestCaseExecutor.runScript(TestCaseExecutor.java:442)
	at com.kms.katalon.core.main.TestCaseExecutor.doExecute(TestCaseExecutor.java:433)
	at com.kms.katalon.core.main.TestCaseExecutor.processExecutionPhase(TestCaseExecutor.java:412)
	at com.kms.katalon.core.main.TestCaseExecutor.accessMainPhase(TestCaseExecutor.java:404)
	at com.kms.katalon.core.main.TestCaseExecutor.execute(TestCaseExecutor.java:281)
	at com.kms.katalon.core.main.TestSuiteExecutor.accessTestCaseMainPhase(TestSuiteExecutor.java:202)
	at com.kms.katalon.core.main.TestSuiteExecutor.accessTestSuiteMainPhase(TestSuiteExecutor.java:164)
	at com.kms.katalon.core.main.TestSuiteExecutor.execute(TestSuiteExecutor.java:105)
	at com.kms.katalon.core.main.TestCaseMain.startTestSuite(TestCaseMain.java:181)
	at com.kms.katalon.core.main.TestCaseMain$startTestSuite$0.call(Unknown Source)
	at TempTestSuite1642398411696.run(TempTestSuite1642398411696.groovy:36)
Caused by: com.kms.katalon.core.webui.exception.WebElementNotFoundException: Web element with id: 'Object Repository/Page_Element  Tr Cao Thin/div_Share room' located by '//aside[@id='mx_RightPanel']/div/div[2]/div/div[4]' not found
	at com.kms.katalon.core.webui.common.WebUiCommonHelper.findWebElement(WebUiCommonHelper.java:1368)
	at com.kms.katalon.core.webui.keyword.internal.WebUIAbstractKeyword.findWebElement(WebUIAbstractKeyword.groovy:27)
	at com.kms.katalon.core.webui.keyword.builtin.ClickKeyword$_click_closure1.doCall(ClickKeyword.groovy:65)
	at com.kms.katalon.core.webui.keyword.builtin.ClickKeyword$_click_closure1.call(ClickKeyword.groovy)
	at com.kms.katalon.core.webui.keyword.internal.WebUIKeywordMain.runKeyword(WebUIKeywordMain.groovy:20)
	at com.kms.katalon.core.webui.keyword.builtin.ClickKeyword.click(ClickKeyword.groovy:74)
	at com.kms.katalon.core.webui.keyword.builtin.ClickKeyword.execute(ClickKeyword.groovy:40)
	at com.kms.katalon.core.keyword.internal.KeywordExecutor.executeKeywordForPlatform(KeywordExecutor.groovy:74)
	at com.kms.katalon.core.webui.keyword.WebUiBuiltInKeywords.click(WebUiBuiltInKeywords.groovy:620)
	at com.kms.katalon.core.webui.keyword.WebUiBuiltInKeywords$click$1.call(Unknown Source)
	at Script1642038115739.run(Script1642038115739.groovy:44)
	... 13 more
)

2022-01-17 13:09:44 - [MESSAGE][INFO] - Unable to find the element located by 'By.xpath: //aside[@id='mx_RightPanel']/div/div[2]/div/div[4]'. Please recheck the objects properties to make sure the desired element is located. 

2022-01-17 13:09:44 - [MESSAGE][FAILED] - Unable to click on object 'Object Repository/Page_Element  Tr Cao Thin/div_Share room' (Root cause: com.kms.katalon.core.exception.StepFailedException: Unable to click on object 'Object Repository/Page_Element  Tr Cao Thin/div_Share room'
	at com.kms.katalon.core.webui.keyword.internal.WebUIKeywordMain.stepFailed(WebUIKeywordMain.groovy:64)
	at com.kms.katalon.core.webui.keyword.internal.WebUIKeywordMain.runKeyword(WebUIKeywordMain.groovy:26)
	at com.kms.katalon.core.webui.keyword.builtin.ClickKeyword.click(ClickKeyword.groovy:74)
	at com.kms.katalon.core.webui.keyword.builtin.ClickKeyword.execute(ClickKeyword.groovy:40)
	at com.kms.katalon.core.keyword.internal.KeywordExecutor.executeKeywordForPlatform(KeywordExecutor.groovy:74)
	at com.kms.katalon.core.webui.keyword.WebUiBuiltInKeywords.click(WebUiBuiltInKeywords.groovy:620)
	at com.kms.katalon.core.webui.keyword.WebUiBuiltInKeywords$click$1.call(Unknown Source)
	at 55.ShareLink.run(55.ShareLink:44)
	at com.kms.katalon.core.main.ScriptEngine.run(ScriptEngine.java:194)
	at com.kms.katalon.core.main.ScriptEngine.runScriptAsRawText(ScriptEngine.java:119)
	at com.kms.katalon.core.main.TestCaseExecutor.runScript(TestCaseExecutor.java:442)
	at com.kms.katalon.core.main.TestCaseExecutor.doExecute(TestCaseExecutor.java:433)
	at com.kms.katalon.core.main.TestCaseExecutor.processExecutionPhase(TestCaseExecutor.java:412)
	at com.kms.katalon.core.main.TestCaseExecutor.accessMainPhase(TestCaseExecutor.java:404)
	at com.kms.katalon.core.main.TestCaseExecutor.execute(TestCaseExecutor.java:281)
	at com.kms.katalon.core.main.TestSuiteExecutor.accessTestCaseMainPhase(TestSuiteExecutor.java:202)
	at com.kms.katalon.core.main.TestSuiteExecutor.accessTestSuiteMainPhase(TestSuiteExecutor.java:164)
	at com.kms.katalon.core.main.TestSuiteExecutor.execute(TestSuiteExecutor.java:105)
	at com.kms.katalon.core.main.TestCaseMain.startTestSuite(TestCaseMain.java:181)
	at com.kms.katalon.core.main.TestCaseMain$startTestSuite$0.call(Unknown Source)
	at TempTestSuite1642398411696.run(TempTestSuite1642398411696.groovy:36)
Caused by: com.kms.katalon.core.webui.exception.WebElementNotFoundException: Web element with id: 'Object Repository/Page_Element  Tr Cao Thin/div_Share room' located by '//aside[@id='mx_RightPanel']/div/div[2]/div/div[4]' not found
	at com.kms.katalon.core.webui.common.WebUiCommonHelper.findWebElement(WebUiCommonHelper.java:1368)
	at com.kms.katalon.core.webui.keyword.internal.WebUIAbstractKeyword.findWebElement(WebUIAbstractKeyword.groovy:27)
	at com.kms.katalon.core.webui.keyword.builtin.ClickKeyword$_click_closure1.doCall(ClickKeyword.groovy:65)
	at com.kms.katalon.core.webui.keyword.builtin.ClickKeyword$_click_closure1.call(ClickKeyword.groovy)
	at com.kms.katalon.core.webui.keyword.internal.WebUIKeywordMain.runKeyword(WebUIKeywordMain.groovy:20)
	at com.kms.katalon.core.webui.keyword.builtin.ClickKeyword.click(ClickKeyword.groovy:74)
	at com.kms.katalon.core.webui.keyword.builtin.ClickKeyword.execute(ClickKeyword.groovy:40)
	at com.kms.katalon.core.keyword.internal.KeywordExecutor.executeKeywordForPlatform(KeywordExecutor.groovy:74)
	at com.kms.katalon.core.webui.keyword.WebUiBuiltInKeywords.click(WebUiBuiltInKeywords.groovy:620)
	at com.kms.katalon.core.webui.keyword.WebUiBuiltInKeywords$click$1.call(Unknown Source)
	at Script1642038115739.run(Script1642038115739.groovy:44)
	... 13 more
)
[[ATTACHMENT|D:\\Bonus-SE\\Katalon_pj\\Bonus_SE\\Reports\\20220117_124651\\Run all test case\\20220117_124651\\1642399784097.png]]]]></system-out>
         <system-err><![CDATA[2022-01-17 13:08:45 - [TEST_CASE][FAILED] - Test Cases/55.ShareLink: Test Cases/55.ShareLink FAILED.
Reason:
com.kms.katalon.core.exception.StepFailedException: Unable to click on object 'Object Repository/Page_Element  Tr Cao Thin/div_Share room'
	at com.kms.katalon.core.webui.keyword.internal.WebUIKeywordMain.stepFailed(WebUIKeywordMain.groovy:64)
	at com.kms.katalon.core.webui.keyword.internal.WebUIKeywordMain.runKeyword(WebUIKeywordMain.groovy:26)
	at com.kms.katalon.core.webui.keyword.builtin.ClickKeyword.click(ClickKeyword.groovy:74)
	at com.kms.katalon.core.webui.keyword.builtin.ClickKeyword.execute(ClickKeyword.groovy:40)
	at com.kms.katalon.core.keyword.internal.KeywordExecutor.executeKeywordForPlatform(KeywordExecutor.groovy:74)
	at com.kms.katalon.core.webui.keyword.WebUiBuiltInKeywords.click(WebUiBuiltInKeywords.groovy:620)
	at com.kms.katalon.core.webui.keyword.WebUiBuiltInKeywords$click$1.call(Unknown Source)
	at 55.ShareLink.run(55.ShareLink:44)
	at com.kms.katalon.core.main.ScriptEngine.run(ScriptEngine.java:194)
	at com.kms.katalon.core.main.ScriptEngine.runScriptAsRawText(ScriptEngine.java:119)
	at com.kms.katalon.core.main.TestCaseExecutor.runScript(TestCaseExecutor.java:442)
	at com.kms.katalon.core.main.TestCaseExecutor.doExecute(TestCaseExecutor.java:433)
	at com.kms.katalon.core.main.TestCaseExecutor.processExecutionPhase(TestCaseExecutor.java:412)
	at com.kms.katalon.core.main.TestCaseExecutor.accessMainPhase(TestCaseExecutor.java:404)
	at com.kms.katalon.core.main.TestCaseExecutor.execute(TestCaseExecutor.java:281)
	at com.kms.katalon.core.main.TestSuiteExecutor.accessTestCaseMainPhase(TestSuiteExecutor.java:202)
	at com.kms.katalon.core.main.TestSuiteExecutor.accessTestSuiteMainPhase(TestSuiteExecutor.java:164)
	at com.kms.katalon.core.main.TestSuiteExecutor.execute(TestSuiteExecutor.java:105)
	at com.kms.katalon.core.main.TestCaseMain.startTestSuite(TestCaseMain.java:181)
	at com.kms.katalon.core.main.TestCaseMain$startTestSuite$0.call(Unknown Source)
	at TempTestSuite1642398411696.run(TempTestSuite1642398411696.groovy:36)
Caused by: com.kms.katalon.core.webui.exception.WebElementNotFoundException: Web element with id: 'Object Repository/Page_Element  Tr Cao Thin/div_Share room' located by '//aside[@id='mx_RightPanel']/div/div[2]/div/div[4]' not found
	at com.kms.katalon.core.webui.common.WebUiCommonHelper.findWebElement(WebUiCommonHelper.java:1368)
	at com.kms.katalon.core.webui.keyword.internal.WebUIAbstractKeyword.findWebElement(WebUIAbstractKeyword.groovy:27)
	at com.kms.katalon.core.webui.keyword.builtin.ClickKeyword$_click_closure1.doCall(ClickKeyword.groovy:65)
	at com.kms.katalon.core.webui.keyword.builtin.ClickKeyword$_click_closure1.call(ClickKeyword.groovy)
	at com.kms.katalon.core.webui.keyword.internal.WebUIKeywordMain.runKeyword(WebUIKeywordMain.groovy:20)
	... 19 more]]></system-err>
      </testcase>
      <testcase name="Test Cases/56.SeeFileInRoom" time="62.405" classname="Test Cases/56.SeeFileInRoom" status="FAILED">
         <failure type="FAILED" message="Test Cases/56.SeeFileInRoom FAILED.
Reason:
com.kms.katalon.core.exception.StepFailedException: Unable to click on object 'Object Repository/Page_Element  Tr Cao Thin/div_Files'
	at com.kms.katalon.core.webui.keyword.internal.WebUIKeywordMain.stepFailed(WebUIKeywordMain.groovy:64)
	at com.kms.katalon.core.webui.keyword.internal.WebUIKeywordMain.runKeyword(WebUIKeywordMain.groovy:26)
	at com.kms.katalon.core.webui.keyword.builtin.ClickKeyword.click(ClickKeyword.groovy:74)
	at com.kms.katalon.core.webui.keyword.builtin.ClickKeyword.execute(ClickKeyword.groovy:40)
	at com.kms.katalon.core.keyword.internal.KeywordExecutor.executeKeywordForPlatform(KeywordExecutor.groovy:74)
	at com.kms.katalon.core.webui.keyword.WebUiBuiltInKeywords.click(WebUiBuiltInKeywords.groovy:620)
	at com.kms.katalon.core.webui.keyword.WebUiBuiltInKeywords$click$1.call(Unknown Source)
	at 56.SeeFileInRoom.run(56.SeeFileInRoom:44)
	at com.kms.katalon.core.main.ScriptEngine.run(ScriptEngine.java:194)
	at com.kms.katalon.core.main.ScriptEngine.runScriptAsRawText(ScriptEngine.java:119)
	at com.kms.katalon.core.main.TestCaseExecutor.runScript(TestCaseExecutor.java:442)
	at com.kms.katalon.core.main.TestCaseExecutor.doExecute(TestCaseExecutor.java:433)
	at com.kms.katalon.core.main.TestCaseExecutor.processExecutionPhase(TestCaseExecutor.java:412)
	at com.kms.katalon.core.main.TestCaseExecutor.accessMainPhase(TestCaseExecutor.java:404)
	at com.kms.katalon.core.main.TestCaseExecutor.execute(TestCaseExecutor.java:281)
	at com.kms.katalon.core.main.TestSuiteExecutor.accessTestCaseMainPhase(TestSuiteExecutor.java:202)
	at com.kms.katalon.core.main.TestSuiteExecutor.accessTestSuiteMainPhase(TestSuiteExecutor.java:164)
	at com.kms.katalon.core.main.TestSuiteExecutor.execute(TestSuiteExecutor.java:105)
	at com.kms.katalon.core.main.TestCaseMain.startTestSuite(TestCaseMain.java:181)
	at com.kms.katalon.core.main.TestCaseMain$startTestSuite$0.call(Unknown Source)
	at TempTestSuite1642398411696.run(TempTestSuite1642398411696.groovy:36)
Caused by: com.kms.katalon.core.webui.exception.WebElementNotFoundException: Web element with id: 'Object Repository/Page_Element  Tr Cao Thin/div_Files' located by '//aside[@id='mx_RightPanel']/div/div[2]/div/div[2]' not found
	at com.kms.katalon.core.webui.common.WebUiCommonHelper.findWebElement(WebUiCommonHelper.java:1368)
	at com.kms.katalon.core.webui.keyword.internal.WebUIAbstractKeyword.findWebElement(WebUIAbstractKeyword.groovy:27)
	at com.kms.katalon.core.webui.keyword.builtin.ClickKeyword$_click_closure1.doCall(ClickKeyword.groovy:65)
	at com.kms.katalon.core.webui.keyword.builtin.ClickKeyword$_click_closure1.call(ClickKeyword.groovy)
	at com.kms.katalon.core.webui.keyword.internal.WebUIKeywordMain.runKeyword(WebUIKeywordMain.groovy:20)
	... 19 more
"/>
         <system-out><![CDATA[2022-01-17 13:09:44 - [TEST_CASE][FAILED] - Test Cases/56.SeeFileInRoom: Test Cases/56.SeeFileInRoom FAILED.
Reason:
com.kms.katalon.core.exception.StepFailedException: Unable to click on object 'Object Repository/Page_Element  Tr Cao Thin/div_Files'
	at com.kms.katalon.core.webui.keyword.internal.WebUIKeywordMain.stepFailed(WebUIKeywordMain.groovy:64)
	at com.kms.katalon.core.webui.keyword.internal.WebUIKeywordMain.runKeyword(WebUIKeywordMain.groovy:26)
	at com.kms.katalon.core.webui.keyword.builtin.ClickKeyword.click(ClickKeyword.groovy:74)
	at com.kms.katalon.core.webui.keyword.builtin.ClickKeyword.execute(ClickKeyword.groovy:40)
	at com.kms.katalon.core.keyword.internal.KeywordExecutor.executeKeywordForPlatform(KeywordExecutor.groovy:74)
	at com.kms.katalon.core.webui.keyword.WebUiBuiltInKeywords.click(WebUiBuiltInKeywords.groovy:620)
	at com.kms.katalon.core.webui.keyword.WebUiBuiltInKeywords$click$1.call(Unknown Source)
	at 56.SeeFileInRoom.run(56.SeeFileInRoom:44)
	at com.kms.katalon.core.main.ScriptEngine.run(ScriptEngine.java:194)
	at com.kms.katalon.core.main.ScriptEngine.runScriptAsRawText(ScriptEngine.java:119)
	at com.kms.katalon.core.main.TestCaseExecutor.runScript(TestCaseExecutor.java:442)
	at com.kms.katalon.core.main.TestCaseExecutor.doExecute(TestCaseExecutor.java:433)
	at com.kms.katalon.core.main.TestCaseExecutor.processExecutionPhase(TestCaseExecutor.java:412)
	at com.kms.katalon.core.main.TestCaseExecutor.accessMainPhase(TestCaseExecutor.java:404)
	at com.kms.katalon.core.main.TestCaseExecutor.execute(TestCaseExecutor.java:281)
	at com.kms.katalon.core.main.TestSuiteExecutor.accessTestCaseMainPhase(TestSuiteExecutor.java:202)
	at com.kms.katalon.core.main.TestSuiteExecutor.accessTestSuiteMainPhase(TestSuiteExecutor.java:164)
	at com.kms.katalon.core.main.TestSuiteExecutor.execute(TestSuiteExecutor.java:105)
	at com.kms.katalon.core.main.TestCaseMain.startTestSuite(TestCaseMain.java:181)
	at com.kms.katalon.core.main.TestCaseMain$startTestSuite$0.call(Unknown Source)
	at TempTestSuite1642398411696.run(TempTestSuite1642398411696.groovy:36)
Caused by: com.kms.katalon.core.webui.exception.WebElementNotFoundException: Web element with id: 'Object Repository/Page_Element  Tr Cao Thin/div_Files' located by '//aside[@id='mx_RightPanel']/div/div[2]/div/div[2]' not found
	at com.kms.katalon.core.webui.common.WebUiCommonHelper.findWebElement(WebUiCommonHelper.java:1368)
	at com.kms.katalon.core.webui.keyword.internal.WebUIAbstractKeyword.findWebElement(WebUIAbstractKeyword.groovy:27)
	at com.kms.katalon.core.webui.keyword.builtin.ClickKeyword$_click_closure1.doCall(ClickKeyword.groovy:65)
	at com.kms.katalon.core.webui.keyword.builtin.ClickKeyword$_click_closure1.call(ClickKeyword.groovy)
	at com.kms.katalon.core.webui.keyword.internal.WebUIKeywordMain.runKeyword(WebUIKeywordMain.groovy:20)
	... 19 more


2022-01-17 13:09:44 - [TEST_STEP][PASSED] - openBrowser(""): Browser is opened with url: ''

2022-01-17 13:09:44 - [MESSAGE][WARNING] - A browser is already opened. Closing browser and opening a new one

2022-01-17 13:09:45 - [MESSAGE][INFO] - Starting 'Chrome' driver

2022-01-17 13:09:45 - [MESSAGE][INFO] - Action delay is set to 1,000 milliseconds

2022-01-17 13:09:46 - [MESSAGE][PASSED] - Browser is opened with url: ''

2022-01-17 13:09:46 - [TEST_STEP][PASSED] - navigateToUrl("http://localhost:8080/"): Navigate to 'http://localhost:8080/' successfully

2022-01-17 13:09:48 - [MESSAGE][PASSED] - Navigate to 'http://localhost:8080/' successfully

2022-01-17 13:09:48 - [TEST_STEP][PASSED] - click(findTestObject("Object Repository/Page_Element/div_Sign In")): Object: 'Object Repository/Page_Element/div_Sign In' is clicked on

2022-01-17 13:09:55 - [MESSAGE][PASSED] - Object: 'Object Repository/Page_Element/div_Sign In' is clicked on

2022-01-17 13:09:55 - [TEST_STEP][PASSED] - setText(findTestObject("Object Repository/Page_Element/input_Sign in with_username"), "ptnha19"): Text 'ptnha19' is set on object 'Object Repository/Page_Element/input_Sign in with_username'

2022-01-17 13:09:58 - [MESSAGE][PASSED] - Text 'ptnha19' is set on object 'Object Repository/Page_Element/input_Sign in with_username'

2022-01-17 13:09:58 - [TEST_STEP][PASSED] - setEncryptedText(findTestObject("Object Repository/Page_Element/input_Username_password"), "5R3Ima4A+eOeCrCDRGMLmJpaGR3V3+YI"): Text ****** has been set on object 'Object Repository/Page_Element/input_Username_password'

2022-01-17 13:10:00 - [MESSAGE][PASSED] - Text ****** has been set on object 'Object Repository/Page_Element/input_Username_password'

2022-01-17 13:10:00 - [TEST_STEP][PASSED] - click(findTestObject("Object Repository/Page_Element/input_Forgot password_mx_Login_submit")): Object: 'Object Repository/Page_Element/input_Forgot password_mx_Login_submit' is clicked on

2022-01-17 13:10:01 - [MESSAGE][PASSED] - Object: 'Object Repository/Page_Element/input_Forgot password_mx_Login_submit' is clicked on

2022-01-17 13:10:01 - [TEST_STEP][PASSED] - click(findTestObject("Object Repository/Page_Element/div_Verify with Security Key")): Object: 'Object Repository/Page_Element/div_Verify with Security Key' is clicked on

2022-01-17 13:10:06 - [MESSAGE][PASSED] - Object: 'Object Repository/Page_Element/div_Verify with Security Key' is clicked on

2022-01-17 13:10:07 - [TEST_STEP][PASSED] - setEncryptedText(findTestObject("Object Repository/Page_Element/input_Security Key_mx_Field_4"), "PF4jXtbe/5x5+S5PgN4Kl/QbANAkWZYKqKaG9gW6gn+Po31AOnak0DX8GoEzAUkskgpeON1UhfEqZG0XXngJPA=="): Text ****** has been set on object 'Object Repository/Page_Element/input_Security Key_mx_Field_4'

2022-01-17 13:10:09 - [MESSAGE][PASSED] - Text ****** has been set on object 'Object Repository/Page_Element/input_Security Key_mx_Field_4'

2022-01-17 13:10:09 - [TEST_STEP][PASSED] - click(findTestObject("Object Repository/Page_Element/button_Continue")): Object: 'Object Repository/Page_Element/button_Continue' is clicked on

2022-01-17 13:10:10 - [MESSAGE][PASSED] - Object: 'Object Repository/Page_Element/button_Continue' is clicked on

2022-01-17 13:10:10 - [TEST_STEP][PASSED] - click(findTestObject("Object Repository/Page_Element/div_Done")): Object: 'Object Repository/Page_Element/div_Done' is clicked on

2022-01-17 13:10:12 - [MESSAGE][PASSED] - Object: 'Object Repository/Page_Element/div_Done' is clicked on

2022-01-17 13:10:12 - [TEST_STEP][PASSED] - click(findTestObject("Object Repository/Page_Element/div_Tr Cao Thin")): Object: 'Object Repository/Page_Element/div_Tr Cao Thin' is clicked on

2022-01-17 13:10:13 - [MESSAGE][PASSED] - Object: 'Object Repository/Page_Element/div_Tr Cao Thin' is clicked on

2022-01-17 13:10:13 - [TEST_STEP][PASSED] - click(findTestObject("Object Repository/Page_Element  Tr Cao Thin/div_Tr Cao Thin_mx_AccessibleButton mx_Righ_04f030")): Object: 'Object Repository/Page_Element  Tr Cao Thin/div_Tr Cao Thin_mx_AccessibleButton mx_Righ_04f030' is clicked on

2022-01-17 13:10:15 - [MESSAGE][PASSED] - Object: 'Object Repository/Page_Element  Tr Cao Thin/div_Tr Cao Thin_mx_AccessibleButton mx_Righ_04f030' is clicked on

2022-01-17 13:10:15 - [TEST_STEP][FAILED] - click(findTestObject("Object Repository/Page_Element  Tr Cao Thin/div_Files")): Unable to click on object 'Object Repository/Page_Element  Tr Cao Thin/div_Files' (Root cause: com.kms.katalon.core.exception.StepFailedException: Unable to click on object 'Object Repository/Page_Element  Tr Cao Thin/div_Files'
	at com.kms.katalon.core.webui.keyword.internal.WebUIKeywordMain.stepFailed(WebUIKeywordMain.groovy:64)
	at com.kms.katalon.core.webui.keyword.internal.WebUIKeywordMain.runKeyword(WebUIKeywordMain.groovy:26)
	at com.kms.katalon.core.webui.keyword.builtin.ClickKeyword.click(ClickKeyword.groovy:74)
	at com.kms.katalon.core.webui.keyword.builtin.ClickKeyword.execute(ClickKeyword.groovy:40)
	at com.kms.katalon.core.keyword.internal.KeywordExecutor.executeKeywordForPlatform(KeywordExecutor.groovy:74)
	at com.kms.katalon.core.webui.keyword.WebUiBuiltInKeywords.click(WebUiBuiltInKeywords.groovy:620)
	at com.kms.katalon.core.webui.keyword.WebUiBuiltInKeywords$click$1.call(Unknown Source)
	at 56.SeeFileInRoom.run(56.SeeFileInRoom:44)
	at com.kms.katalon.core.main.ScriptEngine.run(ScriptEngine.java:194)
	at com.kms.katalon.core.main.ScriptEngine.runScriptAsRawText(ScriptEngine.java:119)
	at com.kms.katalon.core.main.TestCaseExecutor.runScript(TestCaseExecutor.java:442)
	at com.kms.katalon.core.main.TestCaseExecutor.doExecute(TestCaseExecutor.java:433)
	at com.kms.katalon.core.main.TestCaseExecutor.processExecutionPhase(TestCaseExecutor.java:412)
	at com.kms.katalon.core.main.TestCaseExecutor.accessMainPhase(TestCaseExecutor.java:404)
	at com.kms.katalon.core.main.TestCaseExecutor.execute(TestCaseExecutor.java:281)
	at com.kms.katalon.core.main.TestSuiteExecutor.accessTestCaseMainPhase(TestSuiteExecutor.java:202)
	at com.kms.katalon.core.main.TestSuiteExecutor.accessTestSuiteMainPhase(TestSuiteExecutor.java:164)
	at com.kms.katalon.core.main.TestSuiteExecutor.execute(TestSuiteExecutor.java:105)
	at com.kms.katalon.core.main.TestCaseMain.startTestSuite(TestCaseMain.java:181)
	at com.kms.katalon.core.main.TestCaseMain$startTestSuite$0.call(Unknown Source)
	at TempTestSuite1642398411696.run(TempTestSuite1642398411696.groovy:36)
Caused by: com.kms.katalon.core.webui.exception.WebElementNotFoundException: Web element with id: 'Object Repository/Page_Element  Tr Cao Thin/div_Files' located by '//aside[@id='mx_RightPanel']/div/div[2]/div/div[2]' not found
	at com.kms.katalon.core.webui.common.WebUiCommonHelper.findWebElement(WebUiCommonHelper.java:1368)
	at com.kms.katalon.core.webui.keyword.internal.WebUIAbstractKeyword.findWebElement(WebUIAbstractKeyword.groovy:27)
	at com.kms.katalon.core.webui.keyword.builtin.ClickKeyword$_click_closure1.doCall(ClickKeyword.groovy:65)
	at com.kms.katalon.core.webui.keyword.builtin.ClickKeyword$_click_closure1.call(ClickKeyword.groovy)
	at com.kms.katalon.core.webui.keyword.internal.WebUIKeywordMain.runKeyword(WebUIKeywordMain.groovy:20)
	at com.kms.katalon.core.webui.keyword.builtin.ClickKeyword.click(ClickKeyword.groovy:74)
	at com.kms.katalon.core.webui.keyword.builtin.ClickKeyword.execute(ClickKeyword.groovy:40)
	at com.kms.katalon.core.keyword.internal.KeywordExecutor.executeKeywordForPlatform(KeywordExecutor.groovy:74)
	at com.kms.katalon.core.webui.keyword.WebUiBuiltInKeywords.click(WebUiBuiltInKeywords.groovy:620)
	at com.kms.katalon.core.webui.keyword.WebUiBuiltInKeywords$click$1.call(Unknown Source)
	at Script1642038618751.run(Script1642038618751.groovy:44)
	... 13 more
)

2022-01-17 13:10:46 - [MESSAGE][INFO] - Unable to find the element located by 'By.xpath: //aside[@id='mx_RightPanel']/div/div[2]/div/div[2]'. Please recheck the objects properties to make sure the desired element is located. 

2022-01-17 13:10:46 - [MESSAGE][FAILED] - Unable to click on object 'Object Repository/Page_Element  Tr Cao Thin/div_Files' (Root cause: com.kms.katalon.core.exception.StepFailedException: Unable to click on object 'Object Repository/Page_Element  Tr Cao Thin/div_Files'
	at com.kms.katalon.core.webui.keyword.internal.WebUIKeywordMain.stepFailed(WebUIKeywordMain.groovy:64)
	at com.kms.katalon.core.webui.keyword.internal.WebUIKeywordMain.runKeyword(WebUIKeywordMain.groovy:26)
	at com.kms.katalon.core.webui.keyword.builtin.ClickKeyword.click(ClickKeyword.groovy:74)
	at com.kms.katalon.core.webui.keyword.builtin.ClickKeyword.execute(ClickKeyword.groovy:40)
	at com.kms.katalon.core.keyword.internal.KeywordExecutor.executeKeywordForPlatform(KeywordExecutor.groovy:74)
	at com.kms.katalon.core.webui.keyword.WebUiBuiltInKeywords.click(WebUiBuiltInKeywords.groovy:620)
	at com.kms.katalon.core.webui.keyword.WebUiBuiltInKeywords$click$1.call(Unknown Source)
	at 56.SeeFileInRoom.run(56.SeeFileInRoom:44)
	at com.kms.katalon.core.main.ScriptEngine.run(ScriptEngine.java:194)
	at com.kms.katalon.core.main.ScriptEngine.runScriptAsRawText(ScriptEngine.java:119)
	at com.kms.katalon.core.main.TestCaseExecutor.runScript(TestCaseExecutor.java:442)
	at com.kms.katalon.core.main.TestCaseExecutor.doExecute(TestCaseExecutor.java:433)
	at com.kms.katalon.core.main.TestCaseExecutor.processExecutionPhase(TestCaseExecutor.java:412)
	at com.kms.katalon.core.main.TestCaseExecutor.accessMainPhase(TestCaseExecutor.java:404)
	at com.kms.katalon.core.main.TestCaseExecutor.execute(TestCaseExecutor.java:281)
	at com.kms.katalon.core.main.TestSuiteExecutor.accessTestCaseMainPhase(TestSuiteExecutor.java:202)
	at com.kms.katalon.core.main.TestSuiteExecutor.accessTestSuiteMainPhase(TestSuiteExecutor.java:164)
	at com.kms.katalon.core.main.TestSuiteExecutor.execute(TestSuiteExecutor.java:105)
	at com.kms.katalon.core.main.TestCaseMain.startTestSuite(TestCaseMain.java:181)
	at com.kms.katalon.core.main.TestCaseMain$startTestSuite$0.call(Unknown Source)
	at TempTestSuite1642398411696.run(TempTestSuite1642398411696.groovy:36)
Caused by: com.kms.katalon.core.webui.exception.WebElementNotFoundException: Web element with id: 'Object Repository/Page_Element  Tr Cao Thin/div_Files' located by '//aside[@id='mx_RightPanel']/div/div[2]/div/div[2]' not found
	at com.kms.katalon.core.webui.common.WebUiCommonHelper.findWebElement(WebUiCommonHelper.java:1368)
	at com.kms.katalon.core.webui.keyword.internal.WebUIAbstractKeyword.findWebElement(WebUIAbstractKeyword.groovy:27)
	at com.kms.katalon.core.webui.keyword.builtin.ClickKeyword$_click_closure1.doCall(ClickKeyword.groovy:65)
	at com.kms.katalon.core.webui.keyword.builtin.ClickKeyword$_click_closure1.call(ClickKeyword.groovy)
	at com.kms.katalon.core.webui.keyword.internal.WebUIKeywordMain.runKeyword(WebUIKeywordMain.groovy:20)
	at com.kms.katalon.core.webui.keyword.builtin.ClickKeyword.click(ClickKeyword.groovy:74)
	at com.kms.katalon.core.webui.keyword.builtin.ClickKeyword.execute(ClickKeyword.groovy:40)
	at com.kms.katalon.core.keyword.internal.KeywordExecutor.executeKeywordForPlatform(KeywordExecutor.groovy:74)
	at com.kms.katalon.core.webui.keyword.WebUiBuiltInKeywords.click(WebUiBuiltInKeywords.groovy:620)
	at com.kms.katalon.core.webui.keyword.WebUiBuiltInKeywords$click$1.call(Unknown Source)
	at Script1642038618751.run(Script1642038618751.groovy:44)
	... 13 more
)
[[ATTACHMENT|D:\\Bonus-SE\\Katalon_pj\\Bonus_SE\\Reports\\20220117_124651\\Run all test case\\20220117_124651\\1642399846493.png]]]]></system-out>
         <system-err><![CDATA[2022-01-17 13:09:44 - [TEST_CASE][FAILED] - Test Cases/56.SeeFileInRoom: Test Cases/56.SeeFileInRoom FAILED.
Reason:
com.kms.katalon.core.exception.StepFailedException: Unable to click on object 'Object Repository/Page_Element  Tr Cao Thin/div_Files'
	at com.kms.katalon.core.webui.keyword.internal.WebUIKeywordMain.stepFailed(WebUIKeywordMain.groovy:64)
	at com.kms.katalon.core.webui.keyword.internal.WebUIKeywordMain.runKeyword(WebUIKeywordMain.groovy:26)
	at com.kms.katalon.core.webui.keyword.builtin.ClickKeyword.click(ClickKeyword.groovy:74)
	at com.kms.katalon.core.webui.keyword.builtin.ClickKeyword.execute(ClickKeyword.groovy:40)
	at com.kms.katalon.core.keyword.internal.KeywordExecutor.executeKeywordForPlatform(KeywordExecutor.groovy:74)
	at com.kms.katalon.core.webui.keyword.WebUiBuiltInKeywords.click(WebUiBuiltInKeywords.groovy:620)
	at com.kms.katalon.core.webui.keyword.WebUiBuiltInKeywords$click$1.call(Unknown Source)
	at 56.SeeFileInRoom.run(56.SeeFileInRoom:44)
	at com.kms.katalon.core.main.ScriptEngine.run(ScriptEngine.java:194)
	at com.kms.katalon.core.main.ScriptEngine.runScriptAsRawText(ScriptEngine.java:119)
	at com.kms.katalon.core.main.TestCaseExecutor.runScript(TestCaseExecutor.java:442)
	at com.kms.katalon.core.main.TestCaseExecutor.doExecute(TestCaseExecutor.java:433)
	at com.kms.katalon.core.main.TestCaseExecutor.processExecutionPhase(TestCaseExecutor.java:412)
	at com.kms.katalon.core.main.TestCaseExecutor.accessMainPhase(TestCaseExecutor.java:404)
	at com.kms.katalon.core.main.TestCaseExecutor.execute(TestCaseExecutor.java:281)
	at com.kms.katalon.core.main.TestSuiteExecutor.accessTestCaseMainPhase(TestSuiteExecutor.java:202)
	at com.kms.katalon.core.main.TestSuiteExecutor.accessTestSuiteMainPhase(TestSuiteExecutor.java:164)
	at com.kms.katalon.core.main.TestSuiteExecutor.execute(TestSuiteExecutor.java:105)
	at com.kms.katalon.core.main.TestCaseMain.startTestSuite(TestCaseMain.java:181)
	at com.kms.katalon.core.main.TestCaseMain$startTestSuite$0.call(Unknown Source)
	at TempTestSuite1642398411696.run(TempTestSuite1642398411696.groovy:36)
Caused by: com.kms.katalon.core.webui.exception.WebElementNotFoundException: Web element with id: 'Object Repository/Page_Element  Tr Cao Thin/div_Files' located by '//aside[@id='mx_RightPanel']/div/div[2]/div/div[2]' not found
	at com.kms.katalon.core.webui.common.WebUiCommonHelper.findWebElement(WebUiCommonHelper.java:1368)
	at com.kms.katalon.core.webui.keyword.internal.WebUIAbstractKeyword.findWebElement(WebUIAbstractKeyword.groovy:27)
	at com.kms.katalon.core.webui.keyword.builtin.ClickKeyword$_click_closure1.doCall(ClickKeyword.groovy:65)
	at com.kms.katalon.core.webui.keyword.builtin.ClickKeyword$_click_closure1.call(ClickKeyword.groovy)
	at com.kms.katalon.core.webui.keyword.internal.WebUIKeywordMain.runKeyword(WebUIKeywordMain.groovy:20)
	... 19 more]]></system-err>
      </testcase>
      <testcase name="Test Cases/58.AdvancedInRoomSetting" time="61.61" classname="Test Cases/58.AdvancedInRoomSetting" status="FAILED">
         <failure type="FAILED" message="Test Cases/58.AdvancedInRoomSetting FAILED.
Reason:
com.kms.katalon.core.exception.StepFailedException: Unable to click on object 'Object Repository/Page_Element  Tr Cao Thin/div_Room settings'
	at com.kms.katalon.core.webui.keyword.internal.WebUIKeywordMain.stepFailed(WebUIKeywordMain.groovy:64)
	at com.kms.katalon.core.webui.keyword.internal.WebUIKeywordMain.runKeyword(WebUIKeywordMain.groovy:26)
	at com.kms.katalon.core.webui.keyword.builtin.ClickKeyword.click(ClickKeyword.groovy:74)
	at com.kms.katalon.core.webui.keyword.builtin.ClickKeyword.execute(ClickKeyword.groovy:40)
	at com.kms.katalon.core.keyword.internal.KeywordExecutor.executeKeywordForPlatform(KeywordExecutor.groovy:74)
	at com.kms.katalon.core.webui.keyword.WebUiBuiltInKeywords.click(WebUiBuiltInKeywords.groovy:620)
	at com.kms.katalon.core.webui.keyword.WebUiBuiltInKeywords$click$1.call(Unknown Source)
	at 58.AdvancedInRoomSetting.run(58.AdvancedInRoomSetting:44)
	at com.kms.katalon.core.main.ScriptEngine.run(ScriptEngine.java:194)
	at com.kms.katalon.core.main.ScriptEngine.runScriptAsRawText(ScriptEngine.java:119)
	at com.kms.katalon.core.main.TestCaseExecutor.runScript(TestCaseExecutor.java:442)
	at com.kms.katalon.core.main.TestCaseExecutor.doExecute(TestCaseExecutor.java:433)
	at com.kms.katalon.core.main.TestCaseExecutor.processExecutionPhase(TestCaseExecutor.java:412)
	at com.kms.katalon.core.main.TestCaseExecutor.accessMainPhase(TestCaseExecutor.java:404)
	at com.kms.katalon.core.main.TestCaseExecutor.execute(TestCaseExecutor.java:281)
	at com.kms.katalon.core.main.TestSuiteExecutor.accessTestCaseMainPhase(TestSuiteExecutor.java:202)
	at com.kms.katalon.core.main.TestSuiteExecutor.accessTestSuiteMainPhase(TestSuiteExecutor.java:164)
	at com.kms.katalon.core.main.TestSuiteExecutor.execute(TestSuiteExecutor.java:105)
	at com.kms.katalon.core.main.TestCaseMain.startTestSuite(TestCaseMain.java:181)
	at com.kms.katalon.core.main.TestCaseMain$startTestSuite$0.call(Unknown Source)
	at TempTestSuite1642398411696.run(TempTestSuite1642398411696.groovy:36)
Caused by: com.kms.katalon.core.webui.exception.WebElementNotFoundException: Web element with id: 'Object Repository/Page_Element  Tr Cao Thin/div_Room settings' located by '//aside[@id='mx_RightPanel']/div/div[2]/div/div[5]' not found
	at com.kms.katalon.core.webui.common.WebUiCommonHelper.findWebElement(WebUiCommonHelper.java:1368)
	at com.kms.katalon.core.webui.keyword.internal.WebUIAbstractKeyword.findWebElement(WebUIAbstractKeyword.groovy:27)
	at com.kms.katalon.core.webui.keyword.builtin.ClickKeyword$_click_closure1.doCall(ClickKeyword.groovy:65)
	at com.kms.katalon.core.webui.keyword.builtin.ClickKeyword$_click_closure1.call(ClickKeyword.groovy)
	at com.kms.katalon.core.webui.keyword.internal.WebUIKeywordMain.runKeyword(WebUIKeywordMain.groovy:20)
	... 19 more
"/>
         <system-out><![CDATA[2022-01-17 13:10:46 - [TEST_CASE][FAILED] - Test Cases/58.AdvancedInRoomSetting: Test Cases/58.AdvancedInRoomSetting FAILED.
Reason:
com.kms.katalon.core.exception.StepFailedException: Unable to click on object 'Object Repository/Page_Element  Tr Cao Thin/div_Room settings'
	at com.kms.katalon.core.webui.keyword.internal.WebUIKeywordMain.stepFailed(WebUIKeywordMain.groovy:64)
	at com.kms.katalon.core.webui.keyword.internal.WebUIKeywordMain.runKeyword(WebUIKeywordMain.groovy:26)
	at com.kms.katalon.core.webui.keyword.builtin.ClickKeyword.click(ClickKeyword.groovy:74)
	at com.kms.katalon.core.webui.keyword.builtin.ClickKeyword.execute(ClickKeyword.groovy:40)
	at com.kms.katalon.core.keyword.internal.KeywordExecutor.executeKeywordForPlatform(KeywordExecutor.groovy:74)
	at com.kms.katalon.core.webui.keyword.WebUiBuiltInKeywords.click(WebUiBuiltInKeywords.groovy:620)
	at com.kms.katalon.core.webui.keyword.WebUiBuiltInKeywords$click$1.call(Unknown Source)
	at 58.AdvancedInRoomSetting.run(58.AdvancedInRoomSetting:44)
	at com.kms.katalon.core.main.ScriptEngine.run(ScriptEngine.java:194)
	at com.kms.katalon.core.main.ScriptEngine.runScriptAsRawText(ScriptEngine.java:119)
	at com.kms.katalon.core.main.TestCaseExecutor.runScript(TestCaseExecutor.java:442)
	at com.kms.katalon.core.main.TestCaseExecutor.doExecute(TestCaseExecutor.java:433)
	at com.kms.katalon.core.main.TestCaseExecutor.processExecutionPhase(TestCaseExecutor.java:412)
	at com.kms.katalon.core.main.TestCaseExecutor.accessMainPhase(TestCaseExecutor.java:404)
	at com.kms.katalon.core.main.TestCaseExecutor.execute(TestCaseExecutor.java:281)
	at com.kms.katalon.core.main.TestSuiteExecutor.accessTestCaseMainPhase(TestSuiteExecutor.java:202)
	at com.kms.katalon.core.main.TestSuiteExecutor.accessTestSuiteMainPhase(TestSuiteExecutor.java:164)
	at com.kms.katalon.core.main.TestSuiteExecutor.execute(TestSuiteExecutor.java:105)
	at com.kms.katalon.core.main.TestCaseMain.startTestSuite(TestCaseMain.java:181)
	at com.kms.katalon.core.main.TestCaseMain$startTestSuite$0.call(Unknown Source)
	at TempTestSuite1642398411696.run(TempTestSuite1642398411696.groovy:36)
Caused by: com.kms.katalon.core.webui.exception.WebElementNotFoundException: Web element with id: 'Object Repository/Page_Element  Tr Cao Thin/div_Room settings' located by '//aside[@id='mx_RightPanel']/div/div[2]/div/div[5]' not found
	at com.kms.katalon.core.webui.common.WebUiCommonHelper.findWebElement(WebUiCommonHelper.java:1368)
	at com.kms.katalon.core.webui.keyword.internal.WebUIAbstractKeyword.findWebElement(WebUIAbstractKeyword.groovy:27)
	at com.kms.katalon.core.webui.keyword.builtin.ClickKeyword$_click_closure1.doCall(ClickKeyword.groovy:65)
	at com.kms.katalon.core.webui.keyword.builtin.ClickKeyword$_click_closure1.call(ClickKeyword.groovy)
	at com.kms.katalon.core.webui.keyword.internal.WebUIKeywordMain.runKeyword(WebUIKeywordMain.groovy:20)
	... 19 more


2022-01-17 13:10:46 - [TEST_STEP][PASSED] - openBrowser(""): Browser is opened with url: ''

2022-01-17 13:10:46 - [MESSAGE][WARNING] - A browser is already opened. Closing browser and opening a new one

2022-01-17 13:10:47 - [MESSAGE][INFO] - Starting 'Chrome' driver

2022-01-17 13:10:47 - [MESSAGE][INFO] - Action delay is set to 1,000 milliseconds

2022-01-17 13:10:48 - [MESSAGE][PASSED] - Browser is opened with url: ''

2022-01-17 13:10:48 - [TEST_STEP][PASSED] - navigateToUrl("http://localhost:8080/"): Navigate to 'http://localhost:8080/' successfully

2022-01-17 13:10:51 - [MESSAGE][PASSED] - Navigate to 'http://localhost:8080/' successfully

2022-01-17 13:10:51 - [TEST_STEP][PASSED] - click(findTestObject("Object Repository/Page_Element/div_Sign In")): Object: 'Object Repository/Page_Element/div_Sign In' is clicked on

2022-01-17 13:10:55 - [MESSAGE][PASSED] - Object: 'Object Repository/Page_Element/div_Sign In' is clicked on

2022-01-17 13:10:55 - [TEST_STEP][PASSED] - setText(findTestObject("Object Repository/Page_Element/input_Sign in with_username"), "ptnha19"): Text 'ptnha19' is set on object 'Object Repository/Page_Element/input_Sign in with_username'

2022-01-17 13:10:59 - [MESSAGE][PASSED] - Text 'ptnha19' is set on object 'Object Repository/Page_Element/input_Sign in with_username'

2022-01-17 13:10:59 - [TEST_STEP][PASSED] - setEncryptedText(findTestObject("Object Repository/Page_Element/input_Username_password"), "5R3Ima4A+eOeCrCDRGMLmJpaGR3V3+YI"): Text ****** has been set on object 'Object Repository/Page_Element/input_Username_password'

2022-01-17 13:11:01 - [MESSAGE][PASSED] - Text ****** has been set on object 'Object Repository/Page_Element/input_Username_password'

2022-01-17 13:11:01 - [TEST_STEP][PASSED] - click(findTestObject("Object Repository/Page_Element/input_Forgot password_mx_Login_submit")): Object: 'Object Repository/Page_Element/input_Forgot password_mx_Login_submit' is clicked on

2022-01-17 13:11:02 - [MESSAGE][PASSED] - Object: 'Object Repository/Page_Element/input_Forgot password_mx_Login_submit' is clicked on

2022-01-17 13:11:02 - [TEST_STEP][PASSED] - click(findTestObject("Object Repository/Page_Element/div_Verify with Security Key")): Object: 'Object Repository/Page_Element/div_Verify with Security Key' is clicked on

2022-01-17 13:11:08 - [MESSAGE][PASSED] - Object: 'Object Repository/Page_Element/div_Verify with Security Key' is clicked on

2022-01-17 13:11:08 - [TEST_STEP][PASSED] - setEncryptedText(findTestObject("Object Repository/Page_Element/input_Security Key_mx_Field_4"), "PF4jXtbe/5x5+S5PgN4Kl/QbANAkWZYKqKaG9gW6gn+Po31AOnak0DX8GoEzAUkskgpeON1UhfEqZG0XXngJPA=="): Text ****** has been set on object 'Object Repository/Page_Element/input_Security Key_mx_Field_4'

2022-01-17 13:11:11 - [MESSAGE][PASSED] - Text ****** has been set on object 'Object Repository/Page_Element/input_Security Key_mx_Field_4'

2022-01-17 13:11:11 - [TEST_STEP][PASSED] - click(findTestObject("Object Repository/Page_Element/button_Continue")): Object: 'Object Repository/Page_Element/button_Continue' is clicked on

2022-01-17 13:11:12 - [MESSAGE][PASSED] - Object: 'Object Repository/Page_Element/button_Continue' is clicked on

2022-01-17 13:11:12 - [TEST_STEP][PASSED] - click(findTestObject("Object Repository/Page_Element/div_Done")): Object: 'Object Repository/Page_Element/div_Done' is clicked on

2022-01-17 13:11:14 - [MESSAGE][PASSED] - Object: 'Object Repository/Page_Element/div_Done' is clicked on

2022-01-17 13:11:14 - [TEST_STEP][PASSED] - click(findTestObject("Object Repository/Page_Element/div_Tr Cao Thin")): Object: 'Object Repository/Page_Element/div_Tr Cao Thin' is clicked on

2022-01-17 13:11:15 - [MESSAGE][PASSED] - Object: 'Object Repository/Page_Element/div_Tr Cao Thin' is clicked on

2022-01-17 13:11:15 - [TEST_STEP][PASSED] - click(findTestObject("Object Repository/Page_Element  Tr Cao Thin/div_Tr Cao Thin_mx_AccessibleButton mx_Righ_04f030")): Object: 'Object Repository/Page_Element  Tr Cao Thin/div_Tr Cao Thin_mx_AccessibleButton mx_Righ_04f030' is clicked on

2022-01-17 13:11:17 - [MESSAGE][PASSED] - Object: 'Object Repository/Page_Element  Tr Cao Thin/div_Tr Cao Thin_mx_AccessibleButton mx_Righ_04f030' is clicked on

2022-01-17 13:11:17 - [TEST_STEP][FAILED] - click(findTestObject("Object Repository/Page_Element  Tr Cao Thin/div_Room settings")): Unable to click on object 'Object Repository/Page_Element  Tr Cao Thin/div_Room settings' (Root cause: com.kms.katalon.core.exception.StepFailedException: Unable to click on object 'Object Repository/Page_Element  Tr Cao Thin/div_Room settings'
	at com.kms.katalon.core.webui.keyword.internal.WebUIKeywordMain.stepFailed(WebUIKeywordMain.groovy:64)
	at com.kms.katalon.core.webui.keyword.internal.WebUIKeywordMain.runKeyword(WebUIKeywordMain.groovy:26)
	at com.kms.katalon.core.webui.keyword.builtin.ClickKeyword.click(ClickKeyword.groovy:74)
	at com.kms.katalon.core.webui.keyword.builtin.ClickKeyword.execute(ClickKeyword.groovy:40)
	at com.kms.katalon.core.keyword.internal.KeywordExecutor.executeKeywordForPlatform(KeywordExecutor.groovy:74)
	at com.kms.katalon.core.webui.keyword.WebUiBuiltInKeywords.click(WebUiBuiltInKeywords.groovy:620)
	at com.kms.katalon.core.webui.keyword.WebUiBuiltInKeywords$click$1.call(Unknown Source)
	at 58.AdvancedInRoomSetting.run(58.AdvancedInRoomSetting:44)
	at com.kms.katalon.core.main.ScriptEngine.run(ScriptEngine.java:194)
	at com.kms.katalon.core.main.ScriptEngine.runScriptAsRawText(ScriptEngine.java:119)
	at com.kms.katalon.core.main.TestCaseExecutor.runScript(TestCaseExecutor.java:442)
	at com.kms.katalon.core.main.TestCaseExecutor.doExecute(TestCaseExecutor.java:433)
	at com.kms.katalon.core.main.TestCaseExecutor.processExecutionPhase(TestCaseExecutor.java:412)
	at com.kms.katalon.core.main.TestCaseExecutor.accessMainPhase(TestCaseExecutor.java:404)
	at com.kms.katalon.core.main.TestCaseExecutor.execute(TestCaseExecutor.java:281)
	at com.kms.katalon.core.main.TestSuiteExecutor.accessTestCaseMainPhase(TestSuiteExecutor.java:202)
	at com.kms.katalon.core.main.TestSuiteExecutor.accessTestSuiteMainPhase(TestSuiteExecutor.java:164)
	at com.kms.katalon.core.main.TestSuiteExecutor.execute(TestSuiteExecutor.java:105)
	at com.kms.katalon.core.main.TestCaseMain.startTestSuite(TestCaseMain.java:181)
	at com.kms.katalon.core.main.TestCaseMain$startTestSuite$0.call(Unknown Source)
	at TempTestSuite1642398411696.run(TempTestSuite1642398411696.groovy:36)
Caused by: com.kms.katalon.core.webui.exception.WebElementNotFoundException: Web element with id: 'Object Repository/Page_Element  Tr Cao Thin/div_Room settings' located by '//aside[@id='mx_RightPanel']/div/div[2]/div/div[5]' not found
	at com.kms.katalon.core.webui.common.WebUiCommonHelper.findWebElement(WebUiCommonHelper.java:1368)
	at com.kms.katalon.core.webui.keyword.internal.WebUIAbstractKeyword.findWebElement(WebUIAbstractKeyword.groovy:27)
	at com.kms.katalon.core.webui.keyword.builtin.ClickKeyword$_click_closure1.doCall(ClickKeyword.groovy:65)
	at com.kms.katalon.core.webui.keyword.builtin.ClickKeyword$_click_closure1.call(ClickKeyword.groovy)
	at com.kms.katalon.core.webui.keyword.internal.WebUIKeywordMain.runKeyword(WebUIKeywordMain.groovy:20)
	at com.kms.katalon.core.webui.keyword.builtin.ClickKeyword.click(ClickKeyword.groovy:74)
	at com.kms.katalon.core.webui.keyword.builtin.ClickKeyword.execute(ClickKeyword.groovy:40)
	at com.kms.katalon.core.keyword.internal.KeywordExecutor.executeKeywordForPlatform(KeywordExecutor.groovy:74)
	at com.kms.katalon.core.webui.keyword.WebUiBuiltInKeywords.click(WebUiBuiltInKeywords.groovy:620)
	at com.kms.katalon.core.webui.keyword.WebUiBuiltInKeywords$click$1.call(Unknown Source)
	at Script1642041005617.run(Script1642041005617.groovy:44)
	... 13 more
)

2022-01-17 13:11:48 - [MESSAGE][INFO] - Unable to find the element located by 'By.xpath: //aside[@id='mx_RightPanel']/div/div[2]/div/div[5]'. Please recheck the objects properties to make sure the desired element is located. 

2022-01-17 13:11:48 - [MESSAGE][FAILED] - Unable to click on object 'Object Repository/Page_Element  Tr Cao Thin/div_Room settings' (Root cause: com.kms.katalon.core.exception.StepFailedException: Unable to click on object 'Object Repository/Page_Element  Tr Cao Thin/div_Room settings'
	at com.kms.katalon.core.webui.keyword.internal.WebUIKeywordMain.stepFailed(WebUIKeywordMain.groovy:64)
	at com.kms.katalon.core.webui.keyword.internal.WebUIKeywordMain.runKeyword(WebUIKeywordMain.groovy:26)
	at com.kms.katalon.core.webui.keyword.builtin.ClickKeyword.click(ClickKeyword.groovy:74)
	at com.kms.katalon.core.webui.keyword.builtin.ClickKeyword.execute(ClickKeyword.groovy:40)
	at com.kms.katalon.core.keyword.internal.KeywordExecutor.executeKeywordForPlatform(KeywordExecutor.groovy:74)
	at com.kms.katalon.core.webui.keyword.WebUiBuiltInKeywords.click(WebUiBuiltInKeywords.groovy:620)
	at com.kms.katalon.core.webui.keyword.WebUiBuiltInKeywords$click$1.call(Unknown Source)
	at 58.AdvancedInRoomSetting.run(58.AdvancedInRoomSetting:44)
	at com.kms.katalon.core.main.ScriptEngine.run(ScriptEngine.java:194)
	at com.kms.katalon.core.main.ScriptEngine.runScriptAsRawText(ScriptEngine.java:119)
	at com.kms.katalon.core.main.TestCaseExecutor.runScript(TestCaseExecutor.java:442)
	at com.kms.katalon.core.main.TestCaseExecutor.doExecute(TestCaseExecutor.java:433)
	at com.kms.katalon.core.main.TestCaseExecutor.processExecutionPhase(TestCaseExecutor.java:412)
	at com.kms.katalon.core.main.TestCaseExecutor.accessMainPhase(TestCaseExecutor.java:404)
	at com.kms.katalon.core.main.TestCaseExecutor.execute(TestCaseExecutor.java:281)
	at com.kms.katalon.core.main.TestSuiteExecutor.accessTestCaseMainPhase(TestSuiteExecutor.java:202)
	at com.kms.katalon.core.main.TestSuiteExecutor.accessTestSuiteMainPhase(TestSuiteExecutor.java:164)
	at com.kms.katalon.core.main.TestSuiteExecutor.execute(TestSuiteExecutor.java:105)
	at com.kms.katalon.core.main.TestCaseMain.startTestSuite(TestCaseMain.java:181)
	at com.kms.katalon.core.main.TestCaseMain$startTestSuite$0.call(Unknown Source)
	at TempTestSuite1642398411696.run(TempTestSuite1642398411696.groovy:36)
Caused by: com.kms.katalon.core.webui.exception.WebElementNotFoundException: Web element with id: 'Object Repository/Page_Element  Tr Cao Thin/div_Room settings' located by '//aside[@id='mx_RightPanel']/div/div[2]/div/div[5]' not found
	at com.kms.katalon.core.webui.common.WebUiCommonHelper.findWebElement(WebUiCommonHelper.java:1368)
	at com.kms.katalon.core.webui.keyword.internal.WebUIAbstractKeyword.findWebElement(WebUIAbstractKeyword.groovy:27)
	at com.kms.katalon.core.webui.keyword.builtin.ClickKeyword$_click_closure1.doCall(ClickKeyword.groovy:65)
	at com.kms.katalon.core.webui.keyword.builtin.ClickKeyword$_click_closure1.call(ClickKeyword.groovy)
	at com.kms.katalon.core.webui.keyword.internal.WebUIKeywordMain.runKeyword(WebUIKeywordMain.groovy:20)
	at com.kms.katalon.core.webui.keyword.builtin.ClickKeyword.click(ClickKeyword.groovy:74)
	at com.kms.katalon.core.webui.keyword.builtin.ClickKeyword.execute(ClickKeyword.groovy:40)
	at com.kms.katalon.core.keyword.internal.KeywordExecutor.executeKeywordForPlatform(KeywordExecutor.groovy:74)
	at com.kms.katalon.core.webui.keyword.WebUiBuiltInKeywords.click(WebUiBuiltInKeywords.groovy:620)
	at com.kms.katalon.core.webui.keyword.WebUiBuiltInKeywords$click$1.call(Unknown Source)
	at Script1642041005617.run(Script1642041005617.groovy:44)
	... 13 more
)
[[ATTACHMENT|D:\\Bonus-SE\\Katalon_pj\\Bonus_SE\\Reports\\20220117_124651\\Run all test case\\20220117_124651\\1642399908101.png]]]]></system-out>
         <system-err><![CDATA[2022-01-17 13:10:46 - [TEST_CASE][FAILED] - Test Cases/58.AdvancedInRoomSetting: Test Cases/58.AdvancedInRoomSetting FAILED.
Reason:
com.kms.katalon.core.exception.StepFailedException: Unable to click on object 'Object Repository/Page_Element  Tr Cao Thin/div_Room settings'
	at com.kms.katalon.core.webui.keyword.internal.WebUIKeywordMain.stepFailed(WebUIKeywordMain.groovy:64)
	at com.kms.katalon.core.webui.keyword.internal.WebUIKeywordMain.runKeyword(WebUIKeywordMain.groovy:26)
	at com.kms.katalon.core.webui.keyword.builtin.ClickKeyword.click(ClickKeyword.groovy:74)
	at com.kms.katalon.core.webui.keyword.builtin.ClickKeyword.execute(ClickKeyword.groovy:40)
	at com.kms.katalon.core.keyword.internal.KeywordExecutor.executeKeywordForPlatform(KeywordExecutor.groovy:74)
	at com.kms.katalon.core.webui.keyword.WebUiBuiltInKeywords.click(WebUiBuiltInKeywords.groovy:620)
	at com.kms.katalon.core.webui.keyword.WebUiBuiltInKeywords$click$1.call(Unknown Source)
	at 58.AdvancedInRoomSetting.run(58.AdvancedInRoomSetting:44)
	at com.kms.katalon.core.main.ScriptEngine.run(ScriptEngine.java:194)
	at com.kms.katalon.core.main.ScriptEngine.runScriptAsRawText(ScriptEngine.java:119)
	at com.kms.katalon.core.main.TestCaseExecutor.runScript(TestCaseExecutor.java:442)
	at com.kms.katalon.core.main.TestCaseExecutor.doExecute(TestCaseExecutor.java:433)
	at com.kms.katalon.core.main.TestCaseExecutor.processExecutionPhase(TestCaseExecutor.java:412)
	at com.kms.katalon.core.main.TestCaseExecutor.accessMainPhase(TestCaseExecutor.java:404)
	at com.kms.katalon.core.main.TestCaseExecutor.execute(TestCaseExecutor.java:281)
	at com.kms.katalon.core.main.TestSuiteExecutor.accessTestCaseMainPhase(TestSuiteExecutor.java:202)
	at com.kms.katalon.core.main.TestSuiteExecutor.accessTestSuiteMainPhase(TestSuiteExecutor.java:164)
	at com.kms.katalon.core.main.TestSuiteExecutor.execute(TestSuiteExecutor.java:105)
	at com.kms.katalon.core.main.TestCaseMain.startTestSuite(TestCaseMain.java:181)
	at com.kms.katalon.core.main.TestCaseMain$startTestSuite$0.call(Unknown Source)
	at TempTestSuite1642398411696.run(TempTestSuite1642398411696.groovy:36)
Caused by: com.kms.katalon.core.webui.exception.WebElementNotFoundException: Web element with id: 'Object Repository/Page_Element  Tr Cao Thin/div_Room settings' located by '//aside[@id='mx_RightPanel']/div/div[2]/div/div[5]' not found
	at com.kms.katalon.core.webui.common.WebUiCommonHelper.findWebElement(WebUiCommonHelper.java:1368)
	at com.kms.katalon.core.webui.keyword.internal.WebUIAbstractKeyword.findWebElement(WebUIAbstractKeyword.groovy:27)
	at com.kms.katalon.core.webui.keyword.builtin.ClickKeyword$_click_closure1.doCall(ClickKeyword.groovy:65)
	at com.kms.katalon.core.webui.keyword.builtin.ClickKeyword$_click_closure1.call(ClickKeyword.groovy)
	at com.kms.katalon.core.webui.keyword.internal.WebUIKeywordMain.runKeyword(WebUIKeywordMain.groovy:20)
	... 19 more]]></system-err>
      </testcase>
      <testcase name="Test Cases/59.SearchInRoom" time="35.872" classname="Test Cases/59.SearchInRoom" status="PASSED">
         <system-out><![CDATA[2022-01-17 13:11:48 - [TEST_CASE][PASSED] - Test Cases/59.SearchInRoom: Test Cases/59.SearchInRoom

2022-01-17 13:11:48 - [TEST_STEP][PASSED] - openBrowser(""): Browser is opened with url: ''

2022-01-17 13:11:48 - [MESSAGE][WARNING] - A browser is already opened. Closing browser and opening a new one

2022-01-17 13:11:49 - [MESSAGE][INFO] - Starting 'Chrome' driver

2022-01-17 13:11:49 - [MESSAGE][INFO] - Action delay is set to 1,000 milliseconds

2022-01-17 13:11:50 - [MESSAGE][PASSED] - Browser is opened with url: ''

2022-01-17 13:11:50 - [TEST_STEP][PASSED] - navigateToUrl("http://localhost:8080/"): Navigate to 'http://localhost:8080/' successfully

2022-01-17 13:11:52 - [MESSAGE][PASSED] - Navigate to 'http://localhost:8080/' successfully

2022-01-17 13:11:52 - [TEST_STEP][PASSED] - click(findTestObject("Object Repository/Page_Element/div_Sign In")): Object: 'Object Repository/Page_Element/div_Sign In' is clicked on

2022-01-17 13:11:56 - [MESSAGE][PASSED] - Object: 'Object Repository/Page_Element/div_Sign In' is clicked on

2022-01-17 13:11:56 - [TEST_STEP][PASSED] - setText(findTestObject("Object Repository/Page_Element/input_Sign in with_username"), "ptnha19"): Text 'ptnha19' is set on object 'Object Repository/Page_Element/input_Sign in with_username'

2022-01-17 13:12:00 - [MESSAGE][PASSED] - Text 'ptnha19' is set on object 'Object Repository/Page_Element/input_Sign in with_username'

2022-01-17 13:12:00 - [TEST_STEP][PASSED] - setEncryptedText(findTestObject("Object Repository/Page_Element/input_Username_password"), "5R3Ima4A+eOeCrCDRGMLmJpaGR3V3+YI"): Text ****** has been set on object 'Object Repository/Page_Element/input_Username_password'

2022-01-17 13:12:02 - [MESSAGE][PASSED] - Text ****** has been set on object 'Object Repository/Page_Element/input_Username_password'

2022-01-17 13:12:02 - [TEST_STEP][PASSED] - click(findTestObject("Object Repository/Page_Element/input_Forgot password_mx_Login_submit")): Object: 'Object Repository/Page_Element/input_Forgot password_mx_Login_submit' is clicked on

2022-01-17 13:12:03 - [MESSAGE][PASSED] - Object: 'Object Repository/Page_Element/input_Forgot password_mx_Login_submit' is clicked on

2022-01-17 13:12:03 - [TEST_STEP][PASSED] - click(findTestObject("Object Repository/Page_Element/div_Verify with Security Key")): Object: 'Object Repository/Page_Element/div_Verify with Security Key' is clicked on

2022-01-17 13:12:10 - [MESSAGE][PASSED] - Object: 'Object Repository/Page_Element/div_Verify with Security Key' is clicked on

2022-01-17 13:12:10 - [TEST_STEP][PASSED] - setEncryptedText(findTestObject("Object Repository/Page_Element/input_Security Key_mx_Field_4"), "PF4jXtbe/5x5+S5PgN4Kl/QbANAkWZYKqKaG9gW6gn+Po31AOnak0DX8GoEzAUkskgpeON1UhfEqZG0XXngJPA=="): Text ****** has been set on object 'Object Repository/Page_Element/input_Security Key_mx_Field_4'

2022-01-17 13:12:14 - [MESSAGE][PASSED] - Text ****** has been set on object 'Object Repository/Page_Element/input_Security Key_mx_Field_4'

2022-01-17 13:12:14 - [TEST_STEP][PASSED] - click(findTestObject("Object Repository/Page_Element/button_Continue")): Object: 'Object Repository/Page_Element/button_Continue' is clicked on

2022-01-17 13:12:15 - [MESSAGE][PASSED] - Object: 'Object Repository/Page_Element/button_Continue' is clicked on

2022-01-17 13:12:15 - [TEST_STEP][PASSED] - click(findTestObject("Object Repository/Page_Element/div_Done")): Object: 'Object Repository/Page_Element/div_Done' is clicked on

2022-01-17 13:12:17 - [MESSAGE][PASSED] - Object: 'Object Repository/Page_Element/div_Done' is clicked on

2022-01-17 13:12:17 - [TEST_STEP][PASSED] - click(findTestObject("Object Repository/Page_Element/div_Tr Cao Thin")): Object: 'Object Repository/Page_Element/div_Tr Cao Thin' is clicked on

2022-01-17 13:12:18 - [MESSAGE][PASSED] - Object: 'Object Repository/Page_Element/div_Tr Cao Thin' is clicked on

2022-01-17 13:12:18 - [TEST_STEP][PASSED] - click(findTestObject("Object Repository/Page_Element  Tr Cao Thin/div_Tr Cao Thin_mx_AccessibleButton mx_Room_93b1eb")): Object: 'Object Repository/Page_Element  Tr Cao Thin/div_Tr Cao Thin_mx_AccessibleButton mx_Room_93b1eb' is clicked on

2022-01-17 13:12:20 - [MESSAGE][PASSED] - Object: 'Object Repository/Page_Element  Tr Cao Thin/div_Tr Cao Thin_mx_AccessibleButton mx_Room_93b1eb' is clicked on

2022-01-17 13:12:20 - [TEST_STEP][PASSED] - setText(findTestObject("Object Repository/Page_Element  Tr Cao Thin/input_All Rooms_focus-visible"), "ABC"): Text 'ABC' is set on object 'Object Repository/Page_Element  Tr Cao Thin/input_All Rooms_focus-visible'

2022-01-17 13:12:22 - [MESSAGE][PASSED] - Text 'ABC' is set on object 'Object Repository/Page_Element  Tr Cao Thin/input_All Rooms_focus-visible'

2022-01-17 13:12:22 - [TEST_STEP][PASSED] - sendKeys(findTestObject("Object Repository/Page_Element  Tr Cao Thin/input_All Rooms_focus-visible"), Keys.chord(ENTER)): Keys 'ENTER + ' sent to object: 'Object Repository/Page_Element  Tr Cao Thin/input_All Rooms_focus-visible'

2022-01-17 13:12:23 - [MESSAGE][PASSED] - Keys 'ENTER + ' sent to object: 'Object Repository/Page_Element  Tr Cao Thin/input_All Rooms_focus-visible'

2022-01-17 13:12:23 - [TEST_STEP][PASSED] - closeBrowser(): Browser is closed

2022-01-17 13:12:24 - [MESSAGE][PASSED] - Browser is closed]]></system-out>
         <system-err><![CDATA[]]></system-err>
      </testcase>
      <testcase name="Test Cases/62.SignInWithoutVerify" time="26.016" classname="Test Cases/62.SignInWithoutVerify" status="PASSED">
         <system-out><![CDATA[2022-01-17 13:12:24 - [TEST_CASE][PASSED] - Test Cases/62.SignInWithoutVerify: Test Cases/62.SignInWithoutVerify

2022-01-17 13:12:24 - [TEST_STEP][PASSED] - openBrowser(""): Browser is opened with url: ''

2022-01-17 13:12:24 - [MESSAGE][INFO] - Starting 'Chrome' driver

2022-01-17 13:12:24 - [MESSAGE][INFO] - Action delay is set to 1,000 milliseconds

2022-01-17 13:12:25 - [MESSAGE][PASSED] - Browser is opened with url: ''

2022-01-17 13:12:25 - [TEST_STEP][PASSED] - navigateToUrl("http://localhost:8080/"): Navigate to 'http://localhost:8080/' successfully

2022-01-17 13:12:28 - [MESSAGE][PASSED] - Navigate to 'http://localhost:8080/' successfully

2022-01-17 13:12:28 - [TEST_STEP][PASSED] - click(findTestObject("Object Repository/Page_Element/div_Sign In")): Object: 'Object Repository/Page_Element/div_Sign In' is clicked on

2022-01-17 13:12:31 - [MESSAGE][PASSED] - Object: 'Object Repository/Page_Element/div_Sign In' is clicked on

2022-01-17 13:12:31 - [TEST_STEP][PASSED] - setText(findTestObject("Object Repository/Page_Element/input_Sign in with_username"), "ptnha19"): Text 'ptnha19' is set on object 'Object Repository/Page_Element/input_Sign in with_username'

2022-01-17 13:12:34 - [MESSAGE][PASSED] - Text 'ptnha19' is set on object 'Object Repository/Page_Element/input_Sign in with_username'

2022-01-17 13:12:34 - [TEST_STEP][PASSED] - setEncryptedText(findTestObject("Object Repository/Page_Element/input_Username_password"), "5R3Ima4A+eOeCrCDRGMLmJpaGR3V3+YI"): Text ****** has been set on object 'Object Repository/Page_Element/input_Username_password'

2022-01-17 13:12:36 - [MESSAGE][PASSED] - Text ****** has been set on object 'Object Repository/Page_Element/input_Username_password'

2022-01-17 13:12:36 - [TEST_STEP][PASSED] - click(findTestObject("Object Repository/Page_Element/input_Forgot password_mx_Login_submit")): Object: 'Object Repository/Page_Element/input_Forgot password_mx_Login_submit' is clicked on

2022-01-17 13:12:37 - [MESSAGE][PASSED] - Object: 'Object Repository/Page_Element/input_Forgot password_mx_Login_submit' is clicked on

2022-01-17 13:12:37 - [TEST_STEP][PASSED] - click(findTestObject("Object Repository/Page_Element/div_Verify with Security Key")): Object: 'Object Repository/Page_Element/div_Verify with Security Key' is clicked on

2022-01-17 13:12:44 - [MESSAGE][PASSED] - Object: 'Object Repository/Page_Element/div_Verify with Security Key' is clicked on

2022-01-17 13:12:44 - [TEST_STEP][PASSED] - click(findTestObject("Object Repository/Page_Element/button_Go Back")): Object: 'Object Repository/Page_Element/button_Go Back' is clicked on

2022-01-17 13:12:45 - [MESSAGE][PASSED] - Object: 'Object Repository/Page_Element/button_Go Back' is clicked on

2022-01-17 13:12:45 - [TEST_STEP][PASSED] - click(findTestObject("Object Repository/Page_Element/div_Verify this device_mx_AccessibleButton _90ce45")): Object: 'Object Repository/Page_Element/div_Verify this device_mx_AccessibleButton _90ce45' is clicked on

2022-01-17 13:12:46 - [MESSAGE][PASSED] - Object: 'Object Repository/Page_Element/div_Verify this device_mx_AccessibleButton _90ce45' is clicked on

2022-01-17 13:12:46 - [TEST_STEP][PASSED] - click(findTestObject("Object Repository/Page_Element/div_Ill verify later")): Object: 'Object Repository/Page_Element/div_Ill verify later' is clicked on

2022-01-17 13:12:48 - [MESSAGE][PASSED] - Object: 'Object Repository/Page_Element/div_Ill verify later' is clicked on

2022-01-17 13:12:48 - [TEST_STEP][PASSED] - click(findTestObject("Object Repository/Page_Element/img_Verify_mx_BaseAvatar_image")): Object: 'Object Repository/Page_Element/img_Verify_mx_BaseAvatar_image' is clicked on

2022-01-17 13:12:49 - [MESSAGE][PASSED] - Object: 'Object Repository/Page_Element/img_Verify_mx_BaseAvatar_image' is clicked on

2022-01-17 13:12:49 - [TEST_STEP][PASSED] - closeBrowser(): Browser is closed

2022-01-17 13:12:50 - [MESSAGE][PASSED] - Browser is closed]]></system-out>
         <system-err><![CDATA[]]></system-err>
      </testcase>
      <testcase name="Test Cases/63.ServerOptions" time="28.72" classname="Test Cases/63.ServerOptions" status="PASSED">
         <system-out><![CDATA[2022-01-17 13:12:50 - [TEST_CASE][PASSED] - Test Cases/63.ServerOptions: Test Cases/63.ServerOptions

2022-01-17 13:12:50 - [TEST_STEP][PASSED] - openBrowser(""): Browser is opened with url: ''

2022-01-17 13:12:50 - [MESSAGE][INFO] - Starting 'Chrome' driver

2022-01-17 13:12:50 - [MESSAGE][INFO] - Action delay is set to 1,000 milliseconds

2022-01-17 13:12:51 - [MESSAGE][PASSED] - Browser is opened with url: ''

2022-01-17 13:12:51 - [TEST_STEP][PASSED] - navigateToUrl("http://localhost:8080/"): Navigate to 'http://localhost:8080/' successfully

2022-01-17 13:12:55 - [MESSAGE][PASSED] - Navigate to 'http://localhost:8080/' successfully

2022-01-17 13:12:55 - [TEST_STEP][PASSED] - click(findTestObject("Object Repository/Page_Element/div_Sign In")): Object: 'Object Repository/Page_Element/div_Sign In' is clicked on

2022-01-17 13:12:57 - [MESSAGE][PASSED] - Object: 'Object Repository/Page_Element/div_Sign In' is clicked on

2022-01-17 13:12:57 - [TEST_STEP][PASSED] - click(findTestObject("Object Repository/Page_Element/div_Homeserver_mx_AccessibleButton mx_Serve_8ed01c")): Object: 'Object Repository/Page_Element/div_Homeserver_mx_AccessibleButton mx_Serve_8ed01c' is clicked on

2022-01-17 13:12:58 - [MESSAGE][PASSED] - Object: 'Object Repository/Page_Element/div_Homeserver_mx_AccessibleButton mx_Serve_8ed01c' is clicked on

2022-01-17 13:12:58 - [TEST_STEP][PASSED] - click(findTestObject("Object Repository/Page_Element/button_Dismiss")): Object: 'Object Repository/Page_Element/button_Dismiss' is clicked on

2022-01-17 13:13:00 - [MESSAGE][PASSED] - Object: 'Object Repository/Page_Element/button_Dismiss' is clicked on

2022-01-17 13:13:00 - [TEST_STEP][PASSED] - setText(findTestObject("Object Repository/Page_Element/input_Sign in with_username"), "ptnha19"): Text 'ptnha19' is set on object 'Object Repository/Page_Element/input_Sign in with_username'

2022-01-17 13:13:02 - [MESSAGE][PASSED] - Text 'ptnha19' is set on object 'Object Repository/Page_Element/input_Sign in with_username'

2022-01-17 13:13:02 - [TEST_STEP][PASSED] - setEncryptedText(findTestObject("Object Repository/Page_Element/input_Username_password"), "5R3Ima4A+eOeCrCDRGMLmJpaGR3V3+YI"): Text ****** has been set on object 'Object Repository/Page_Element/input_Username_password'

2022-01-17 13:13:04 - [MESSAGE][PASSED] - Text ****** has been set on object 'Object Repository/Page_Element/input_Username_password'

2022-01-17 13:13:04 - [TEST_STEP][PASSED] - click(findTestObject("Object Repository/Page_Element/input_Forgot password_mx_Login_submit")): Object: 'Object Repository/Page_Element/input_Forgot password_mx_Login_submit' is clicked on

2022-01-17 13:13:05 - [MESSAGE][PASSED] - Object: 'Object Repository/Page_Element/input_Forgot password_mx_Login_submit' is clicked on

2022-01-17 13:13:05 - [TEST_STEP][PASSED] - click(findTestObject("Object Repository/Page_Element/div_Verify with Security Key")): Object: 'Object Repository/Page_Element/div_Verify with Security Key' is clicked on

2022-01-17 13:13:11 - [MESSAGE][PASSED] - Object: 'Object Repository/Page_Element/div_Verify with Security Key' is clicked on

2022-01-17 13:13:11 - [TEST_STEP][PASSED] - setEncryptedText(findTestObject("Object Repository/Page_Element/input_Security Key_mx_Field_4"), "PF4jXtbe/5x5+S5PgN4Kl/QbANAkWZYKqKaG9gW6gn+Po31AOnak0DX8GoEzAUkskgpeON1UhfEqZG0XXngJPA=="): Text ****** has been set on object 'Object Repository/Page_Element/input_Security Key_mx_Field_4'

2022-01-17 13:13:14 - [MESSAGE][PASSED] - Text ****** has been set on object 'Object Repository/Page_Element/input_Security Key_mx_Field_4'

2022-01-17 13:13:14 - [TEST_STEP][PASSED] - click(findTestObject("Object Repository/Page_Element/button_Continue")): Object: 'Object Repository/Page_Element/button_Continue' is clicked on

2022-01-17 13:13:15 - [MESSAGE][PASSED] - Object: 'Object Repository/Page_Element/button_Continue' is clicked on

2022-01-17 13:13:15 - [TEST_STEP][PASSED] - click(findTestObject("Object Repository/Page_Element/div_Done")): Object: 'Object Repository/Page_Element/div_Done' is clicked on

2022-01-17 13:13:16 - [MESSAGE][PASSED] - Object: 'Object Repository/Page_Element/div_Done' is clicked on

2022-01-17 13:13:16 - [TEST_STEP][PASSED] - click(findTestObject("Object Repository/Page_Element/img_Review_mx_BaseAvatar_image")): Object: 'Object Repository/Page_Element/img_Review_mx_BaseAvatar_image' is clicked on

2022-01-17 13:13:18 - [MESSAGE][PASSED] - Object: 'Object Repository/Page_Element/img_Review_mx_BaseAvatar_image' is clicked on

2022-01-17 13:13:18 - [TEST_STEP][PASSED] - closeBrowser(): Browser is closed

2022-01-17 13:13:18 - [MESSAGE][PASSED] - Browser is closed]]></system-out>
         <system-err><![CDATA[]]></system-err>
      </testcase>
      <testcase name="Test Cases/65.UploadSecurityKey" time="22.684" classname="Test Cases/65.UploadSecurityKey" status="PASSED">
         <system-out><![CDATA[2022-01-17 13:13:18 - [TEST_CASE][PASSED] - Test Cases/65.UploadSecurityKey: Test Cases/65.UploadSecurityKey

2022-01-17 13:13:19 - [TEST_STEP][PASSED] - openBrowser(""): Browser is opened with url: ''

2022-01-17 13:13:19 - [MESSAGE][INFO] - Starting 'Chrome' driver

2022-01-17 13:13:19 - [MESSAGE][INFO] - Action delay is set to 1,000 milliseconds

2022-01-17 13:13:20 - [MESSAGE][PASSED] - Browser is opened with url: ''

2022-01-17 13:13:20 - [TEST_STEP][PASSED] - navigateToUrl("http://localhost:8080/"): Navigate to 'http://localhost:8080/' successfully

2022-01-17 13:13:22 - [MESSAGE][PASSED] - Navigate to 'http://localhost:8080/' successfully

2022-01-17 13:13:22 - [TEST_STEP][PASSED] - click(findTestObject("Object Repository/Page_Element/div_Sign In")): Object: 'Object Repository/Page_Element/div_Sign In' is clicked on

2022-01-17 13:13:27 - [MESSAGE][PASSED] - Object: 'Object Repository/Page_Element/div_Sign In' is clicked on

2022-01-17 13:13:27 - [TEST_STEP][PASSED] - setText(findTestObject("Object Repository/Page_Element/input_Sign in with_username"), "ptnha19"): Text 'ptnha19' is set on object 'Object Repository/Page_Element/input_Sign in with_username'

2022-01-17 13:13:30 - [MESSAGE][PASSED] - Text 'ptnha19' is set on object 'Object Repository/Page_Element/input_Sign in with_username'

2022-01-17 13:13:30 - [TEST_STEP][PASSED] - setEncryptedText(findTestObject("Object Repository/Page_Element/input_Username_password"), "5R3Ima4A+eOeCrCDRGMLmJpaGR3V3+YI"): Text ****** has been set on object 'Object Repository/Page_Element/input_Username_password'

2022-01-17 13:13:32 - [MESSAGE][PASSED] - Text ****** has been set on object 'Object Repository/Page_Element/input_Username_password'

2022-01-17 13:13:32 - [TEST_STEP][PASSED] - click(findTestObject("Object Repository/Page_Element/input_Forgot password_mx_Login_submit")): Object: 'Object Repository/Page_Element/input_Forgot password_mx_Login_submit' is clicked on

2022-01-17 13:13:33 - [MESSAGE][PASSED] - Object: 'Object Repository/Page_Element/input_Forgot password_mx_Login_submit' is clicked on

2022-01-17 13:13:33 - [TEST_STEP][PASSED] - click(findTestObject("Object Repository/Page_Element/div_Verify with Security Key")): Object: 'Object Repository/Page_Element/div_Verify with Security Key' is clicked on

2022-01-17 13:13:39 - [MESSAGE][PASSED] - Object: 'Object Repository/Page_Element/div_Verify with Security Key' is clicked on

2022-01-17 13:13:39 - [TEST_STEP][PASSED] - click(findTestObject("Object Repository/Page_Element/div_Upload")): Object: 'Object Repository/Page_Element/div_Upload' is clicked on

2022-01-17 13:13:40 - [MESSAGE][PASSED] - Object: 'Object Repository/Page_Element/div_Upload' is clicked on

2022-01-17 13:13:40 - [TEST_STEP][PASSED] - closeBrowser(): Browser is closed

2022-01-17 13:13:41 - [MESSAGE][PASSED] - Browser is closed]]></system-out>
         <system-err><![CDATA[]]></system-err>
      </testcase>
      <testcase name="Test Cases/67.ExpandSpaceBar" time="31.798" classname="Test Cases/67.ExpandSpaceBar" status="PASSED">
         <system-out><![CDATA[2022-01-17 13:13:41 - [TEST_CASE][PASSED] - Test Cases/67.ExpandSpaceBar: Test Cases/67.ExpandSpaceBar

2022-01-17 13:13:41 - [TEST_STEP][PASSED] - openBrowser(""): Browser is opened with url: ''

2022-01-17 13:13:41 - [MESSAGE][INFO] - Starting 'Chrome' driver

2022-01-17 13:13:41 - [MESSAGE][INFO] - Action delay is set to 1,000 milliseconds

2022-01-17 13:13:42 - [MESSAGE][PASSED] - Browser is opened with url: ''

2022-01-17 13:13:42 - [TEST_STEP][PASSED] - navigateToUrl("http://localhost:8080/"): Navigate to 'http://localhost:8080/' successfully

2022-01-17 13:13:45 - [MESSAGE][PASSED] - Navigate to 'http://localhost:8080/' successfully

2022-01-17 13:13:45 - [TEST_STEP][PASSED] - click(findTestObject("Object Repository/Page_Element/div_Sign In")): Object: 'Object Repository/Page_Element/div_Sign In' is clicked on

2022-01-17 13:13:48 - [MESSAGE][PASSED] - Object: 'Object Repository/Page_Element/div_Sign In' is clicked on

2022-01-17 13:13:48 - [TEST_STEP][PASSED] - setText(findTestObject("Object Repository/Page_Element/input_Sign in with_username"), "ptnha19"): Text 'ptnha19' is set on object 'Object Repository/Page_Element/input_Sign in with_username'

2022-01-17 13:13:51 - [MESSAGE][PASSED] - Text 'ptnha19' is set on object 'Object Repository/Page_Element/input_Sign in with_username'

2022-01-17 13:13:51 - [TEST_STEP][PASSED] - setEncryptedText(findTestObject("Object Repository/Page_Element/input_Username_password"), "5R3Ima4A+eOeCrCDRGMLmJpaGR3V3+YI"): Text ****** has been set on object 'Object Repository/Page_Element/input_Username_password'

2022-01-17 13:13:54 - [MESSAGE][PASSED] - Text ****** has been set on object 'Object Repository/Page_Element/input_Username_password'

2022-01-17 13:13:54 - [TEST_STEP][PASSED] - click(findTestObject("Object Repository/Page_Element/input_Forgot password_mx_Login_submit")): Object: 'Object Repository/Page_Element/input_Forgot password_mx_Login_submit' is clicked on

2022-01-17 13:13:55 - [MESSAGE][PASSED] - Object: 'Object Repository/Page_Element/input_Forgot password_mx_Login_submit' is clicked on

2022-01-17 13:13:55 - [TEST_STEP][PASSED] - click(findTestObject("Object Repository/Page_Element/div_Verify with Security Key")): Object: 'Object Repository/Page_Element/div_Verify with Security Key' is clicked on

2022-01-17 13:14:03 - [MESSAGE][PASSED] - Object: 'Object Repository/Page_Element/div_Verify with Security Key' is clicked on

2022-01-17 13:14:03 - [TEST_STEP][PASSED] - setEncryptedText(findTestObject("Object Repository/Page_Element/input_Security Key_mx_Field_4"), "PF4jXtbe/5x5+S5PgN4Kl/QbANAkWZYKqKaG9gW6gn+Po31AOnak0DX8GoEzAUkskgpeON1UhfEqZG0XXngJPA=="): Text ****** has been set on object 'Object Repository/Page_Element/input_Security Key_mx_Field_4'

2022-01-17 13:14:07 - [MESSAGE][PASSED] - Text ****** has been set on object 'Object Repository/Page_Element/input_Security Key_mx_Field_4'

2022-01-17 13:14:07 - [TEST_STEP][PASSED] - click(findTestObject("Object Repository/Page_Element/button_Continue")): Object: 'Object Repository/Page_Element/button_Continue' is clicked on

2022-01-17 13:14:08 - [MESSAGE][PASSED] - Object: 'Object Repository/Page_Element/button_Continue' is clicked on

2022-01-17 13:14:08 - [TEST_STEP][PASSED] - click(findTestObject("Object Repository/Page_Element/div_Done")): Object: 'Object Repository/Page_Element/div_Done' is clicked on

2022-01-17 13:14:10 - [MESSAGE][PASSED] - Object: 'Object Repository/Page_Element/div_Done' is clicked on

2022-01-17 13:14:10 - [TEST_STEP][PASSED] - click(findTestObject("Object Repository/Page_Element/div_Review_mx_AccessibleButton mx_SpacePane_f02940")): Object: 'Object Repository/Page_Element/div_Review_mx_AccessibleButton mx_SpacePane_f02940' is clicked on

2022-01-17 13:14:11 - [MESSAGE][PASSED] - Object: 'Object Repository/Page_Element/div_Review_mx_AccessibleButton mx_SpacePane_f02940' is clicked on

2022-01-17 13:14:11 - [TEST_STEP][PASSED] - click(findTestObject("Object Repository/Page_Element/span_H")): Object: 'Object Repository/Page_Element/span_H' is clicked on

2022-01-17 13:14:12 - [MESSAGE][PASSED] - Object: 'Object Repository/Page_Element/span_H' is clicked on

2022-01-17 13:14:12 - [TEST_STEP][PASSED] - closeBrowser(): Browser is closed

2022-01-17 13:14:13 - [MESSAGE][PASSED] - Browser is closed]]></system-out>
         <system-err><![CDATA[]]></system-err>
      </testcase>
      <testcase name="Test Cases/71.SpaceSetting" time="30.123" classname="Test Cases/71.SpaceSetting" status="PASSED">
         <system-out><![CDATA[2022-01-17 13:14:13 - [TEST_CASE][PASSED] - Test Cases/71.SpaceSetting: Test Cases/71.SpaceSetting

2022-01-17 13:14:13 - [TEST_STEP][PASSED] - openBrowser(""): Browser is opened with url: ''

2022-01-17 13:14:13 - [MESSAGE][INFO] - Starting 'Chrome' driver

2022-01-17 13:14:13 - [MESSAGE][INFO] - Action delay is set to 1,000 milliseconds

2022-01-17 13:14:14 - [MESSAGE][PASSED] - Browser is opened with url: ''

2022-01-17 13:14:14 - [TEST_STEP][PASSED] - navigateToUrl("http://localhost:8080/"): Navigate to 'http://localhost:8080/' successfully

2022-01-17 13:14:17 - [MESSAGE][PASSED] - Navigate to 'http://localhost:8080/' successfully

2022-01-17 13:14:17 - [TEST_STEP][PASSED] - click(findTestObject("Object Repository/Page_Element/div_Sign In")): Object: 'Object Repository/Page_Element/div_Sign In' is clicked on

2022-01-17 13:14:20 - [MESSAGE][PASSED] - Object: 'Object Repository/Page_Element/div_Sign In' is clicked on

2022-01-17 13:14:20 - [TEST_STEP][PASSED] - setText(findTestObject("Object Repository/Page_Element/input_Sign in with_username"), "ptnha19"): Text 'ptnha19' is set on object 'Object Repository/Page_Element/input_Sign in with_username'

2022-01-17 13:14:23 - [MESSAGE][PASSED] - Text 'ptnha19' is set on object 'Object Repository/Page_Element/input_Sign in with_username'

2022-01-17 13:14:23 - [TEST_STEP][PASSED] - setEncryptedText(findTestObject("Object Repository/Page_Element/input_Username_password"), "5R3Ima4A+eOeCrCDRGMLmJpaGR3V3+YI"): Text ****** has been set on object 'Object Repository/Page_Element/input_Username_password'

2022-01-17 13:14:25 - [MESSAGE][PASSED] - Text ****** has been set on object 'Object Repository/Page_Element/input_Username_password'

2022-01-17 13:14:25 - [TEST_STEP][PASSED] - click(findTestObject("Object Repository/Page_Element/input_Forgot password_mx_Login_submit")): Object: 'Object Repository/Page_Element/input_Forgot password_mx_Login_submit' is clicked on

2022-01-17 13:14:27 - [MESSAGE][PASSED] - Object: 'Object Repository/Page_Element/input_Forgot password_mx_Login_submit' is clicked on

2022-01-17 13:14:27 - [TEST_STEP][PASSED] - click(findTestObject("Object Repository/Page_Element/div_Verify with Security Key")): Object: 'Object Repository/Page_Element/div_Verify with Security Key' is clicked on

2022-01-17 13:14:32 - [MESSAGE][PASSED] - Object: 'Object Repository/Page_Element/div_Verify with Security Key' is clicked on

2022-01-17 13:14:32 - [TEST_STEP][PASSED] - setEncryptedText(findTestObject("Object Repository/Page_Element/input_Security Key_mx_Field_4"), "PF4jXtbe/5x5+S5PgN4Kl/QbANAkWZYKqKaG9gW6gn+Po31AOnak0DX8GoEzAUkskgpeON1UhfEqZG0XXngJPA=="): Text ****** has been set on object 'Object Repository/Page_Element/input_Security Key_mx_Field_4'

2022-01-17 13:14:34 - [MESSAGE][PASSED] - Text ****** has been set on object 'Object Repository/Page_Element/input_Security Key_mx_Field_4'

2022-01-17 13:14:34 - [TEST_STEP][PASSED] - click(findTestObject("Object Repository/Page_Element/button_Continue")): Object: 'Object Repository/Page_Element/button_Continue' is clicked on

2022-01-17 13:14:36 - [MESSAGE][PASSED] - Object: 'Object Repository/Page_Element/button_Continue' is clicked on

2022-01-17 13:14:36 - [TEST_STEP][PASSED] - click(findTestObject("Object Repository/Page_Element/div_Done")): Object: 'Object Repository/Page_Element/div_Done' is clicked on

2022-01-17 13:14:37 - [MESSAGE][PASSED] - Object: 'Object Repository/Page_Element/div_Done' is clicked on

2022-01-17 13:14:37 - [TEST_STEP][PASSED] - click(findTestObject("Object Repository/Page_Element/div_Review_mx_AccessibleButton mx_SpacePane_f02940")): Object: 'Object Repository/Page_Element/div_Review_mx_AccessibleButton mx_SpacePane_f02940' is clicked on

2022-01-17 13:14:39 - [MESSAGE][PASSED] - Object: 'Object Repository/Page_Element/div_Review_mx_AccessibleButton mx_SpacePane_f02940' is clicked on

2022-01-17 13:14:39 - [TEST_STEP][PASSED] - click(findTestObject("Object Repository/Page_Element/span_hey ban Khoa")): Object: 'Object Repository/Page_Element/span_hey ban Khoa' is clicked on

2022-01-17 13:14:40 - [MESSAGE][PASSED] - Object: 'Object Repository/Page_Element/span_hey ban Khoa' is clicked on

2022-01-17 13:14:40 - [TEST_STEP][PASSED] - click(findTestObject("Object Repository/Page_Element  hey ban Khoa/div_Invite_mx_AccessibleButton mx_SpaceRoom_87964d")): Object: 'Object Repository/Page_Element  hey ban Khoa/div_Invite_mx_AccessibleButton mx_SpaceRoom_87964d' is clicked on

2022-01-17 13:14:41 - [MESSAGE][PASSED] - Object: 'Object Repository/Page_Element  hey ban Khoa/div_Invite_mx_AccessibleButton mx_SpaceRoom_87964d' is clicked on

2022-01-17 13:14:41 - [TEST_STEP][PASSED] - click(findTestObject("Object Repository/Page_Element  hey ban Khoa/span_Visibility")): Object: 'Object Repository/Page_Element  hey ban Khoa/span_Visibility' is clicked on

2022-01-17 13:14:42 - [MESSAGE][PASSED] - Object: 'Object Repository/Page_Element  hey ban Khoa/span_Visibility' is clicked on

2022-01-17 13:14:42 - [TEST_STEP][PASSED] - closeBrowser(): Browser is closed

2022-01-17 13:14:43 - [MESSAGE][PASSED] - Browser is closed]]></system-out>
         <system-err><![CDATA[]]></system-err>
      </testcase>
      <testcase name="Test Cases/73.InviteToSpacec" time="29.351" classname="Test Cases/73.InviteToSpacec" status="PASSED">
         <system-out><![CDATA[2022-01-17 13:14:43 - [TEST_CASE][PASSED] - Test Cases/73.InviteToSpacec: Test Cases/73.InviteToSpacec

2022-01-17 13:14:43 - [TEST_STEP][PASSED] - openBrowser(""): Browser is opened with url: ''

2022-01-17 13:14:43 - [MESSAGE][INFO] - Starting 'Chrome' driver

2022-01-17 13:14:43 - [MESSAGE][INFO] - Action delay is set to 1,000 milliseconds

2022-01-17 13:14:44 - [MESSAGE][PASSED] - Browser is opened with url: ''

2022-01-17 13:14:44 - [TEST_STEP][PASSED] - navigateToUrl("http://localhost:8080/"): Navigate to 'http://localhost:8080/' successfully

2022-01-17 13:14:47 - [MESSAGE][PASSED] - Navigate to 'http://localhost:8080/' successfully

2022-01-17 13:14:47 - [TEST_STEP][PASSED] - click(findTestObject("Object Repository/Page_Element/div_Sign In")): Object: 'Object Repository/Page_Element/div_Sign In' is clicked on

2022-01-17 13:14:50 - [MESSAGE][PASSED] - Object: 'Object Repository/Page_Element/div_Sign In' is clicked on

2022-01-17 13:14:50 - [TEST_STEP][PASSED] - setText(findTestObject("Object Repository/Page_Element/input_Sign in with_username"), "ptnha19"): Text 'ptnha19' is set on object 'Object Repository/Page_Element/input_Sign in with_username'

2022-01-17 13:14:53 - [MESSAGE][PASSED] - Text 'ptnha19' is set on object 'Object Repository/Page_Element/input_Sign in with_username'

2022-01-17 13:14:53 - [TEST_STEP][PASSED] - setEncryptedText(findTestObject("Object Repository/Page_Element/input_Username_password"), "5R3Ima4A+eOeCrCDRGMLmJpaGR3V3+YI"): Text ****** has been set on object 'Object Repository/Page_Element/input_Username_password'

2022-01-17 13:14:56 - [MESSAGE][PASSED] - Text ****** has been set on object 'Object Repository/Page_Element/input_Username_password'

2022-01-17 13:14:56 - [TEST_STEP][PASSED] - click(findTestObject("Object Repository/Page_Element/input_Forgot password_mx_Login_submit")): Object: 'Object Repository/Page_Element/input_Forgot password_mx_Login_submit' is clicked on

2022-01-17 13:14:57 - [MESSAGE][PASSED] - Object: 'Object Repository/Page_Element/input_Forgot password_mx_Login_submit' is clicked on

2022-01-17 13:14:57 - [TEST_STEP][PASSED] - click(findTestObject("Object Repository/Page_Element/div_Verify with Security Key")): Object: 'Object Repository/Page_Element/div_Verify with Security Key' is clicked on

2022-01-17 13:15:02 - [MESSAGE][PASSED] - Object: 'Object Repository/Page_Element/div_Verify with Security Key' is clicked on

2022-01-17 13:15:02 - [TEST_STEP][PASSED] - click(findTestObject("Object Repository/Page_Element/button_Go Back")): Object: 'Object Repository/Page_Element/button_Go Back' is clicked on

2022-01-17 13:15:03 - [MESSAGE][PASSED] - Object: 'Object Repository/Page_Element/button_Go Back' is clicked on

2022-01-17 13:15:03 - [TEST_STEP][PASSED] - click(findTestObject("Object Repository/Page_Element/div_Verify this device_mx_AccessibleButton _90ce45")): Object: 'Object Repository/Page_Element/div_Verify this device_mx_AccessibleButton _90ce45' is clicked on

2022-01-17 13:15:05 - [MESSAGE][PASSED] - Object: 'Object Repository/Page_Element/div_Verify this device_mx_AccessibleButton _90ce45' is clicked on

2022-01-17 13:15:05 - [TEST_STEP][PASSED] - click(findTestObject("Object Repository/Page_Element/div_Ill verify later")): Object: 'Object Repository/Page_Element/div_Ill verify later' is clicked on

2022-01-17 13:15:06 - [MESSAGE][PASSED] - Object: 'Object Repository/Page_Element/div_Ill verify later' is clicked on

2022-01-17 13:15:06 - [TEST_STEP][PASSED] - click(findTestObject("Object Repository/Page_Element/span_H")): Object: 'Object Repository/Page_Element/span_H' is clicked on

2022-01-17 13:15:07 - [MESSAGE][PASSED] - Object: 'Object Repository/Page_Element/span_H' is clicked on

2022-01-17 13:15:07 - [TEST_STEP][PASSED] - click(findTestObject("Object Repository/Page_Element  hey ban Khoa/div_Invite")): Object: 'Object Repository/Page_Element  hey ban Khoa/div_Invite' is clicked on

2022-01-17 13:15:08 - [MESSAGE][PASSED] - Object: 'Object Repository/Page_Element  hey ban Khoa/div_Invite' is clicked on

2022-01-17 13:15:08 - [TEST_STEP][PASSED] - click(findTestObject("Object Repository/Page_Element  hey ban Khoa/div_Vvntuan13579vntuan13579matrix.org7 days ago")): Object: 'Object Repository/Page_Element  hey ban Khoa/div_Vvntuan13579vntuan13579matrix.org7 days ago' is clicked on

2022-01-17 13:15:09 - [MESSAGE][PASSED] - Object: 'Object Repository/Page_Element  hey ban Khoa/div_Vvntuan13579vntuan13579matrix.org7 days ago' is clicked on

2022-01-17 13:15:09 - [TEST_STEP][PASSED] - click(findTestObject("Object Repository/Page_Element  hey ban Khoa/div_vntuan13579_mx_AccessibleButton mx_Invi_91ef3a")): Object: 'Object Repository/Page_Element  hey ban Khoa/div_vntuan13579_mx_AccessibleButton mx_Invi_91ef3a' is clicked on

2022-01-17 13:15:11 - [MESSAGE][PASSED] - Object: 'Object Repository/Page_Element  hey ban Khoa/div_vntuan13579_mx_AccessibleButton mx_Invi_91ef3a' is clicked on

2022-01-17 13:15:11 - [TEST_STEP][PASSED] - click(findTestObject("Object Repository/Page_Element  hey ban Khoa/div_Invite to hey ban Khoa_mx_AccessibleBut_34124f")): Object: 'Object Repository/Page_Element  hey ban Khoa/div_Invite to hey ban Khoa_mx_AccessibleBut_34124f' is clicked on

2022-01-17 13:15:12 - [MESSAGE][PASSED] - Object: 'Object Repository/Page_Element  hey ban Khoa/div_Invite to hey ban Khoa_mx_AccessibleBut_34124f' is clicked on

2022-01-17 13:15:12 - [TEST_STEP][PASSED] - closeBrowser(): Browser is closed

2022-01-17 13:15:12 - [MESSAGE][PASSED] - Browser is closed]]></system-out>
         <system-err><![CDATA[]]></system-err>
      </testcase>
      <testcase name="Test Cases/76.AddInvalidPhoneNumber" time="66.826" classname="Test Cases/76.AddInvalidPhoneNumber" status="FAILED">
         <failure type="FAILED" message="Test Cases/76.AddInvalidPhoneNumber FAILED.
Reason:
com.kms.katalon.core.exception.StepFailedException: Unable to click on object 'Object Repository/Page_Element/button_OK'
	at com.kms.katalon.core.webui.keyword.internal.WebUIKeywordMain.stepFailed(WebUIKeywordMain.groovy:64)
	at com.kms.katalon.core.webui.keyword.internal.WebUIKeywordMain.runKeyword(WebUIKeywordMain.groovy:26)
	at com.kms.katalon.core.webui.keyword.builtin.ClickKeyword.click(ClickKeyword.groovy:74)
	at com.kms.katalon.core.webui.keyword.builtin.ClickKeyword.execute(ClickKeyword.groovy:40)
	at com.kms.katalon.core.keyword.internal.KeywordExecutor.executeKeywordForPlatform(KeywordExecutor.groovy:74)
	at com.kms.katalon.core.webui.keyword.WebUiBuiltInKeywords.click(WebUiBuiltInKeywords.groovy:620)
	at com.kms.katalon.core.webui.keyword.WebUiBuiltInKeywords$click$1.call(Unknown Source)
	at 76.AddInvalidPhoneNumber.run(76.AddInvalidPhoneNumber:48)
	at com.kms.katalon.core.main.ScriptEngine.run(ScriptEngine.java:194)
	at com.kms.katalon.core.main.ScriptEngine.runScriptAsRawText(ScriptEngine.java:119)
	at com.kms.katalon.core.main.TestCaseExecutor.runScript(TestCaseExecutor.java:442)
	at com.kms.katalon.core.main.TestCaseExecutor.doExecute(TestCaseExecutor.java:433)
	at com.kms.katalon.core.main.TestCaseExecutor.processExecutionPhase(TestCaseExecutor.java:412)
	at com.kms.katalon.core.main.TestCaseExecutor.accessMainPhase(TestCaseExecutor.java:404)
	at com.kms.katalon.core.main.TestCaseExecutor.execute(TestCaseExecutor.java:281)
	at com.kms.katalon.core.main.TestSuiteExecutor.accessTestCaseMainPhase(TestSuiteExecutor.java:202)
	at com.kms.katalon.core.main.TestSuiteExecutor.accessTestSuiteMainPhase(TestSuiteExecutor.java:164)
	at com.kms.katalon.core.main.TestSuiteExecutor.execute(TestSuiteExecutor.java:105)
	at com.kms.katalon.core.main.TestCaseMain.startTestSuite(TestCaseMain.java:181)
	at com.kms.katalon.core.main.TestCaseMain$startTestSuite$0.call(Unknown Source)
	at TempTestSuite1642398411696.run(TempTestSuite1642398411696.groovy:36)
Caused by: com.kms.katalon.core.webui.exception.WebElementNotFoundException: Web element with id: 'Object Repository/Page_Element/button_OK' located by '//button[@type='button']' not found
	at com.kms.katalon.core.webui.common.WebUiCommonHelper.findWebElement(WebUiCommonHelper.java:1368)
	at com.kms.katalon.core.webui.keyword.internal.WebUIAbstractKeyword.findWebElement(WebUIAbstractKeyword.groovy:27)
	at com.kms.katalon.core.webui.keyword.builtin.ClickKeyword$_click_closure1.doCall(ClickKeyword.groovy:65)
	at com.kms.katalon.core.webui.keyword.builtin.ClickKeyword$_click_closure1.call(ClickKeyword.groovy)
	at com.kms.katalon.core.webui.keyword.internal.WebUIKeywordMain.runKeyword(WebUIKeywordMain.groovy:20)
	... 19 more
"/>
         <system-out><![CDATA[2022-01-17 13:15:12 - [TEST_CASE][FAILED] - Test Cases/76.AddInvalidPhoneNumber: Test Cases/76.AddInvalidPhoneNumber FAILED.
Reason:
com.kms.katalon.core.exception.StepFailedException: Unable to click on object 'Object Repository/Page_Element/button_OK'
	at com.kms.katalon.core.webui.keyword.internal.WebUIKeywordMain.stepFailed(WebUIKeywordMain.groovy:64)
	at com.kms.katalon.core.webui.keyword.internal.WebUIKeywordMain.runKeyword(WebUIKeywordMain.groovy:26)
	at com.kms.katalon.core.webui.keyword.builtin.ClickKeyword.click(ClickKeyword.groovy:74)
	at com.kms.katalon.core.webui.keyword.builtin.ClickKeyword.execute(ClickKeyword.groovy:40)
	at com.kms.katalon.core.keyword.internal.KeywordExecutor.executeKeywordForPlatform(KeywordExecutor.groovy:74)
	at com.kms.katalon.core.webui.keyword.WebUiBuiltInKeywords.click(WebUiBuiltInKeywords.groovy:620)
	at com.kms.katalon.core.webui.keyword.WebUiBuiltInKeywords$click$1.call(Unknown Source)
	at 76.AddInvalidPhoneNumber.run(76.AddInvalidPhoneNumber:48)
	at com.kms.katalon.core.main.ScriptEngine.run(ScriptEngine.java:194)
	at com.kms.katalon.core.main.ScriptEngine.runScriptAsRawText(ScriptEngine.java:119)
	at com.kms.katalon.core.main.TestCaseExecutor.runScript(TestCaseExecutor.java:442)
	at com.kms.katalon.core.main.TestCaseExecutor.doExecute(TestCaseExecutor.java:433)
	at com.kms.katalon.core.main.TestCaseExecutor.processExecutionPhase(TestCaseExecutor.java:412)
	at com.kms.katalon.core.main.TestCaseExecutor.accessMainPhase(TestCaseExecutor.java:404)
	at com.kms.katalon.core.main.TestCaseExecutor.execute(TestCaseExecutor.java:281)
	at com.kms.katalon.core.main.TestSuiteExecutor.accessTestCaseMainPhase(TestSuiteExecutor.java:202)
	at com.kms.katalon.core.main.TestSuiteExecutor.accessTestSuiteMainPhase(TestSuiteExecutor.java:164)
	at com.kms.katalon.core.main.TestSuiteExecutor.execute(TestSuiteExecutor.java:105)
	at com.kms.katalon.core.main.TestCaseMain.startTestSuite(TestCaseMain.java:181)
	at com.kms.katalon.core.main.TestCaseMain$startTestSuite$0.call(Unknown Source)
	at TempTestSuite1642398411696.run(TempTestSuite1642398411696.groovy:36)
Caused by: com.kms.katalon.core.webui.exception.WebElementNotFoundException: Web element with id: 'Object Repository/Page_Element/button_OK' located by '//button[@type='button']' not found
	at com.kms.katalon.core.webui.common.WebUiCommonHelper.findWebElement(WebUiCommonHelper.java:1368)
	at com.kms.katalon.core.webui.keyword.internal.WebUIAbstractKeyword.findWebElement(WebUIAbstractKeyword.groovy:27)
	at com.kms.katalon.core.webui.keyword.builtin.ClickKeyword$_click_closure1.doCall(ClickKeyword.groovy:65)
	at com.kms.katalon.core.webui.keyword.builtin.ClickKeyword$_click_closure1.call(ClickKeyword.groovy)
	at com.kms.katalon.core.webui.keyword.internal.WebUIKeywordMain.runKeyword(WebUIKeywordMain.groovy:20)
	... 19 more


2022-01-17 13:15:12 - [TEST_STEP][PASSED] - openBrowser(""): Browser is opened with url: ''

2022-01-17 13:15:12 - [MESSAGE][INFO] - Starting 'Chrome' driver

2022-01-17 13:15:12 - [MESSAGE][INFO] - Action delay is set to 1,000 milliseconds

2022-01-17 13:15:14 - [MESSAGE][PASSED] - Browser is opened with url: ''

2022-01-17 13:15:14 - [TEST_STEP][PASSED] - navigateToUrl("http://localhost:8080/"): Navigate to 'http://localhost:8080/' successfully

2022-01-17 13:15:17 - [MESSAGE][PASSED] - Navigate to 'http://localhost:8080/' successfully

2022-01-17 13:15:17 - [TEST_STEP][PASSED] - click(findTestObject("Object Repository/Page_Element/a_Sign In")): Object: 'Object Repository/Page_Element/a_Sign In' is clicked on

2022-01-17 13:15:19 - [MESSAGE][PASSED] - Object: 'Object Repository/Page_Element/a_Sign In' is clicked on

2022-01-17 13:15:19 - [TEST_STEP][PASSED] - setText(findTestObject("Object Repository/Page_Element/input_Sign in with_username"), "ptnha19"): Text 'ptnha19' is set on object 'Object Repository/Page_Element/input_Sign in with_username'

2022-01-17 13:15:22 - [MESSAGE][PASSED] - Text 'ptnha19' is set on object 'Object Repository/Page_Element/input_Sign in with_username'

2022-01-17 13:15:22 - [TEST_STEP][PASSED] - setEncryptedText(findTestObject("Object Repository/Page_Element/input_Username_password"), "5R3Ima4A+eOeCrCDRGMLmJpaGR3V3+YI"): Text ****** has been set on object 'Object Repository/Page_Element/input_Username_password'

2022-01-17 13:15:25 - [MESSAGE][PASSED] - Text ****** has been set on object 'Object Repository/Page_Element/input_Username_password'

2022-01-17 13:15:25 - [TEST_STEP][PASSED] - click(findTestObject("Object Repository/Page_Element/input_Forgot password_mx_Login_submit")): Object: 'Object Repository/Page_Element/input_Forgot password_mx_Login_submit' is clicked on

2022-01-17 13:15:26 - [MESSAGE][PASSED] - Object: 'Object Repository/Page_Element/input_Forgot password_mx_Login_submit' is clicked on

2022-01-17 13:15:26 - [TEST_STEP][PASSED] - click(findTestObject("Object Repository/Page_Element/div_Verify with Security Key")): Object: 'Object Repository/Page_Element/div_Verify with Security Key' is clicked on

2022-01-17 13:15:33 - [MESSAGE][PASSED] - Object: 'Object Repository/Page_Element/div_Verify with Security Key' is clicked on

2022-01-17 13:15:33 - [TEST_STEP][PASSED] - setEncryptedText(findTestObject("Object Repository/Page_Element/input_Security Key_mx_Field_4"), "PF4jXtbe/5x5+S5PgN4Kl/QbANAkWZYKqKaG9gW6gn+Po31AOnak0DX8GoEzAUkskgpeON1UhfEqZG0XXngJPA=="): Text ****** has been set on object 'Object Repository/Page_Element/input_Security Key_mx_Field_4'

2022-01-17 13:15:36 - [MESSAGE][PASSED] - Text ****** has been set on object 'Object Repository/Page_Element/input_Security Key_mx_Field_4'

2022-01-17 13:15:36 - [TEST_STEP][PASSED] - click(findTestObject("Object Repository/Page_Element/button_Continue")): Object: 'Object Repository/Page_Element/button_Continue' is clicked on

2022-01-17 13:15:37 - [MESSAGE][PASSED] - Object: 'Object Repository/Page_Element/button_Continue' is clicked on

2022-01-17 13:15:37 - [TEST_STEP][PASSED] - click(findTestObject("Object Repository/Page_Element/div_Done")): Object: 'Object Repository/Page_Element/div_Done' is clicked on

2022-01-17 13:15:39 - [MESSAGE][PASSED] - Object: 'Object Repository/Page_Element/div_Done' is clicked on

2022-01-17 13:15:39 - [TEST_STEP][PASSED] - click(findTestObject("Object Repository/Page_Element/img_Review_mx_BaseAvatar_image")): Object: 'Object Repository/Page_Element/img_Review_mx_BaseAvatar_image' is clicked on

2022-01-17 13:15:40 - [MESSAGE][PASSED] - Object: 'Object Repository/Page_Element/img_Review_mx_BaseAvatar_image' is clicked on

2022-01-17 13:15:40 - [TEST_STEP][PASSED] - click(findTestObject("Object Repository/Page_Element/span_All settings")): Object: 'Object Repository/Page_Element/span_All settings' is clicked on

2022-01-17 13:15:41 - [MESSAGE][PASSED] - Object: 'Object Repository/Page_Element/span_All settings' is clicked on

2022-01-17 13:15:41 - [TEST_STEP][PASSED] - setText(findTestObject("Object Repository/Page_Element/input__mx_Field_11"), "1233333"): Text '1233333' is set on object 'Object Repository/Page_Element/input__mx_Field_11'

2022-01-17 13:15:47 - [MESSAGE][PASSED] - Text '1233333' is set on object 'Object Repository/Page_Element/input__mx_Field_11'

2022-01-17 13:15:47 - [TEST_STEP][PASSED] - click(findTestObject("Object Repository/Page_Element/div_Add")): Object: 'Object Repository/Page_Element/div_Add' is clicked on

2022-01-17 13:15:48 - [MESSAGE][PASSED] - Object: 'Object Repository/Page_Element/div_Add' is clicked on

2022-01-17 13:15:48 - [TEST_STEP][FAILED] - click(findTestObject("Object Repository/Page_Element/button_OK")): Unable to click on object 'Object Repository/Page_Element/button_OK' (Root cause: com.kms.katalon.core.exception.StepFailedException: Unable to click on object 'Object Repository/Page_Element/button_OK'
	at com.kms.katalon.core.webui.keyword.internal.WebUIKeywordMain.stepFailed(WebUIKeywordMain.groovy:64)
	at com.kms.katalon.core.webui.keyword.internal.WebUIKeywordMain.runKeyword(WebUIKeywordMain.groovy:26)
	at com.kms.katalon.core.webui.keyword.builtin.ClickKeyword.click(ClickKeyword.groovy:74)
	at com.kms.katalon.core.webui.keyword.builtin.ClickKeyword.execute(ClickKeyword.groovy:40)
	at com.kms.katalon.core.keyword.internal.KeywordExecutor.executeKeywordForPlatform(KeywordExecutor.groovy:74)
	at com.kms.katalon.core.webui.keyword.WebUiBuiltInKeywords.click(WebUiBuiltInKeywords.groovy:620)
	at com.kms.katalon.core.webui.keyword.WebUiBuiltInKeywords$click$1.call(Unknown Source)
	at 76.AddInvalidPhoneNumber.run(76.AddInvalidPhoneNumber:48)
	at com.kms.katalon.core.main.ScriptEngine.run(ScriptEngine.java:194)
	at com.kms.katalon.core.main.ScriptEngine.runScriptAsRawText(ScriptEngine.java:119)
	at com.kms.katalon.core.main.TestCaseExecutor.runScript(TestCaseExecutor.java:442)
	at com.kms.katalon.core.main.TestCaseExecutor.doExecute(TestCaseExecutor.java:433)
	at com.kms.katalon.core.main.TestCaseExecutor.processExecutionPhase(TestCaseExecutor.java:412)
	at com.kms.katalon.core.main.TestCaseExecutor.accessMainPhase(TestCaseExecutor.java:404)
	at com.kms.katalon.core.main.TestCaseExecutor.execute(TestCaseExecutor.java:281)
	at com.kms.katalon.core.main.TestSuiteExecutor.accessTestCaseMainPhase(TestSuiteExecutor.java:202)
	at com.kms.katalon.core.main.TestSuiteExecutor.accessTestSuiteMainPhase(TestSuiteExecutor.java:164)
	at com.kms.katalon.core.main.TestSuiteExecutor.execute(TestSuiteExecutor.java:105)
	at com.kms.katalon.core.main.TestCaseMain.startTestSuite(TestCaseMain.java:181)
	at com.kms.katalon.core.main.TestCaseMain$startTestSuite$0.call(Unknown Source)
	at TempTestSuite1642398411696.run(TempTestSuite1642398411696.groovy:36)
Caused by: com.kms.katalon.core.webui.exception.WebElementNotFoundException: Web element with id: 'Object Repository/Page_Element/button_OK' located by '//button[@type='button']' not found
	at com.kms.katalon.core.webui.common.WebUiCommonHelper.findWebElement(WebUiCommonHelper.java:1368)
	at com.kms.katalon.core.webui.keyword.internal.WebUIAbstractKeyword.findWebElement(WebUIAbstractKeyword.groovy:27)
	at com.kms.katalon.core.webui.keyword.builtin.ClickKeyword$_click_closure1.doCall(ClickKeyword.groovy:65)
	at com.kms.katalon.core.webui.keyword.builtin.ClickKeyword$_click_closure1.call(ClickKeyword.groovy)
	at com.kms.katalon.core.webui.keyword.internal.WebUIKeywordMain.runKeyword(WebUIKeywordMain.groovy:20)
	at com.kms.katalon.core.webui.keyword.builtin.ClickKeyword.click(ClickKeyword.groovy:74)
	at com.kms.katalon.core.webui.keyword.builtin.ClickKeyword.execute(ClickKeyword.groovy:40)
	at com.kms.katalon.core.keyword.internal.KeywordExecutor.executeKeywordForPlatform(KeywordExecutor.groovy:74)
	at com.kms.katalon.core.webui.keyword.WebUiBuiltInKeywords.click(WebUiBuiltInKeywords.groovy:620)
	at com.kms.katalon.core.webui.keyword.WebUiBuiltInKeywords$click$1.call(Unknown Source)
	at Script1642177017481.run(Script1642177017481.groovy:48)
	... 13 more
)

2022-01-17 13:16:19 - [MESSAGE][INFO] - Unable to find the element located by 'By.xpath: //button[@type='button']'. Please recheck the objects properties to make sure the desired element is located. 

2022-01-17 13:16:19 - [MESSAGE][FAILED] - Unable to click on object 'Object Repository/Page_Element/button_OK' (Root cause: com.kms.katalon.core.exception.StepFailedException: Unable to click on object 'Object Repository/Page_Element/button_OK'
	at com.kms.katalon.core.webui.keyword.internal.WebUIKeywordMain.stepFailed(WebUIKeywordMain.groovy:64)
	at com.kms.katalon.core.webui.keyword.internal.WebUIKeywordMain.runKeyword(WebUIKeywordMain.groovy:26)
	at com.kms.katalon.core.webui.keyword.builtin.ClickKeyword.click(ClickKeyword.groovy:74)
	at com.kms.katalon.core.webui.keyword.builtin.ClickKeyword.execute(ClickKeyword.groovy:40)
	at com.kms.katalon.core.keyword.internal.KeywordExecutor.executeKeywordForPlatform(KeywordExecutor.groovy:74)
	at com.kms.katalon.core.webui.keyword.WebUiBuiltInKeywords.click(WebUiBuiltInKeywords.groovy:620)
	at com.kms.katalon.core.webui.keyword.WebUiBuiltInKeywords$click$1.call(Unknown Source)
	at 76.AddInvalidPhoneNumber.run(76.AddInvalidPhoneNumber:48)
	at com.kms.katalon.core.main.ScriptEngine.run(ScriptEngine.java:194)
	at com.kms.katalon.core.main.ScriptEngine.runScriptAsRawText(ScriptEngine.java:119)
	at com.kms.katalon.core.main.TestCaseExecutor.runScript(TestCaseExecutor.java:442)
	at com.kms.katalon.core.main.TestCaseExecutor.doExecute(TestCaseExecutor.java:433)
	at com.kms.katalon.core.main.TestCaseExecutor.processExecutionPhase(TestCaseExecutor.java:412)
	at com.kms.katalon.core.main.TestCaseExecutor.accessMainPhase(TestCaseExecutor.java:404)
	at com.kms.katalon.core.main.TestCaseExecutor.execute(TestCaseExecutor.java:281)
	at com.kms.katalon.core.main.TestSuiteExecutor.accessTestCaseMainPhase(TestSuiteExecutor.java:202)
	at com.kms.katalon.core.main.TestSuiteExecutor.accessTestSuiteMainPhase(TestSuiteExecutor.java:164)
	at com.kms.katalon.core.main.TestSuiteExecutor.execute(TestSuiteExecutor.java:105)
	at com.kms.katalon.core.main.TestCaseMain.startTestSuite(TestCaseMain.java:181)
	at com.kms.katalon.core.main.TestCaseMain$startTestSuite$0.call(Unknown Source)
	at TempTestSuite1642398411696.run(TempTestSuite1642398411696.groovy:36)
Caused by: com.kms.katalon.core.webui.exception.WebElementNotFoundException: Web element with id: 'Object Repository/Page_Element/button_OK' located by '//button[@type='button']' not found
	at com.kms.katalon.core.webui.common.WebUiCommonHelper.findWebElement(WebUiCommonHelper.java:1368)
	at com.kms.katalon.core.webui.keyword.internal.WebUIAbstractKeyword.findWebElement(WebUIAbstractKeyword.groovy:27)
	at com.kms.katalon.core.webui.keyword.builtin.ClickKeyword$_click_closure1.doCall(ClickKeyword.groovy:65)
	at com.kms.katalon.core.webui.keyword.builtin.ClickKeyword$_click_closure1.call(ClickKeyword.groovy)
	at com.kms.katalon.core.webui.keyword.internal.WebUIKeywordMain.runKeyword(WebUIKeywordMain.groovy:20)
	at com.kms.katalon.core.webui.keyword.builtin.ClickKeyword.click(ClickKeyword.groovy:74)
	at com.kms.katalon.core.webui.keyword.builtin.ClickKeyword.execute(ClickKeyword.groovy:40)
	at com.kms.katalon.core.keyword.internal.KeywordExecutor.executeKeywordForPlatform(KeywordExecutor.groovy:74)
	at com.kms.katalon.core.webui.keyword.WebUiBuiltInKeywords.click(WebUiBuiltInKeywords.groovy:620)
	at com.kms.katalon.core.webui.keyword.WebUiBuiltInKeywords$click$1.call(Unknown Source)
	at Script1642177017481.run(Script1642177017481.groovy:48)
	... 13 more
)
[[ATTACHMENT|D:\\Bonus-SE\\Katalon_pj\\Bonus_SE\\Reports\\20220117_124651\\Run all test case\\20220117_124651\\1642400179500.png]]]]></system-out>
         <system-err><![CDATA[2022-01-17 13:15:12 - [TEST_CASE][FAILED] - Test Cases/76.AddInvalidPhoneNumber: Test Cases/76.AddInvalidPhoneNumber FAILED.
Reason:
com.kms.katalon.core.exception.StepFailedException: Unable to click on object 'Object Repository/Page_Element/button_OK'
	at com.kms.katalon.core.webui.keyword.internal.WebUIKeywordMain.stepFailed(WebUIKeywordMain.groovy:64)
	at com.kms.katalon.core.webui.keyword.internal.WebUIKeywordMain.runKeyword(WebUIKeywordMain.groovy:26)
	at com.kms.katalon.core.webui.keyword.builtin.ClickKeyword.click(ClickKeyword.groovy:74)
	at com.kms.katalon.core.webui.keyword.builtin.ClickKeyword.execute(ClickKeyword.groovy:40)
	at com.kms.katalon.core.keyword.internal.KeywordExecutor.executeKeywordForPlatform(KeywordExecutor.groovy:74)
	at com.kms.katalon.core.webui.keyword.WebUiBuiltInKeywords.click(WebUiBuiltInKeywords.groovy:620)
	at com.kms.katalon.core.webui.keyword.WebUiBuiltInKeywords$click$1.call(Unknown Source)
	at 76.AddInvalidPhoneNumber.run(76.AddInvalidPhoneNumber:48)
	at com.kms.katalon.core.main.ScriptEngine.run(ScriptEngine.java:194)
	at com.kms.katalon.core.main.ScriptEngine.runScriptAsRawText(ScriptEngine.java:119)
	at com.kms.katalon.core.main.TestCaseExecutor.runScript(TestCaseExecutor.java:442)
	at com.kms.katalon.core.main.TestCaseExecutor.doExecute(TestCaseExecutor.java:433)
	at com.kms.katalon.core.main.TestCaseExecutor.processExecutionPhase(TestCaseExecutor.java:412)
	at com.kms.katalon.core.main.TestCaseExecutor.accessMainPhase(TestCaseExecutor.java:404)
	at com.kms.katalon.core.main.TestCaseExecutor.execute(TestCaseExecutor.java:281)
	at com.kms.katalon.core.main.TestSuiteExecutor.accessTestCaseMainPhase(TestSuiteExecutor.java:202)
	at com.kms.katalon.core.main.TestSuiteExecutor.accessTestSuiteMainPhase(TestSuiteExecutor.java:164)
	at com.kms.katalon.core.main.TestSuiteExecutor.execute(TestSuiteExecutor.java:105)
	at com.kms.katalon.core.main.TestCaseMain.startTestSuite(TestCaseMain.java:181)
	at com.kms.katalon.core.main.TestCaseMain$startTestSuite$0.call(Unknown Source)
	at TempTestSuite1642398411696.run(TempTestSuite1642398411696.groovy:36)
Caused by: com.kms.katalon.core.webui.exception.WebElementNotFoundException: Web element with id: 'Object Repository/Page_Element/button_OK' located by '//button[@type='button']' not found
	at com.kms.katalon.core.webui.common.WebUiCommonHelper.findWebElement(WebUiCommonHelper.java:1368)
	at com.kms.katalon.core.webui.keyword.internal.WebUIAbstractKeyword.findWebElement(WebUIAbstractKeyword.groovy:27)
	at com.kms.katalon.core.webui.keyword.builtin.ClickKeyword$_click_closure1.doCall(ClickKeyword.groovy:65)
	at com.kms.katalon.core.webui.keyword.builtin.ClickKeyword$_click_closure1.call(ClickKeyword.groovy)
	at com.kms.katalon.core.webui.keyword.internal.WebUIKeywordMain.runKeyword(WebUIKeywordMain.groovy:20)
	... 19 more]]></system-err>
      </testcase>
      <testcase name="Test Cases/79.InvitePeopleToSpace_RightClick" time="29.795" classname="Test Cases/79.InvitePeopleToSpace_RightClick" status="PASSED">
         <system-out><![CDATA[2022-01-17 13:16:19 - [TEST_CASE][PASSED] - Test Cases/79.InvitePeopleToSpace_RightClick: Test Cases/79.InvitePeopleToSpace_RightClick

2022-01-17 13:16:19 - [TEST_STEP][PASSED] - openBrowser(""): Browser is opened with url: ''

2022-01-17 13:16:19 - [MESSAGE][WARNING] - A browser is already opened. Closing browser and opening a new one

2022-01-17 13:16:20 - [MESSAGE][INFO] - Starting 'Chrome' driver

2022-01-17 13:16:20 - [MESSAGE][INFO] - Action delay is set to 1,000 milliseconds

2022-01-17 13:16:21 - [MESSAGE][PASSED] - Browser is opened with url: ''

2022-01-17 13:16:21 - [TEST_STEP][PASSED] - navigateToUrl("http://localhost:8080/"): Navigate to 'http://localhost:8080/' successfully

2022-01-17 13:16:24 - [MESSAGE][PASSED] - Navigate to 'http://localhost:8080/' successfully

2022-01-17 13:16:24 - [TEST_STEP][PASSED] - click(findTestObject("Object Repository/Page_Element/div_Sign In")): Object: 'Object Repository/Page_Element/div_Sign In' is clicked on

2022-01-17 13:16:28 - [MESSAGE][PASSED] - Object: 'Object Repository/Page_Element/div_Sign In' is clicked on

2022-01-17 13:16:28 - [TEST_STEP][PASSED] - setText(findTestObject("Object Repository/Page_Element/input_Sign in with_username"), "ptnha19"): Text 'ptnha19' is set on object 'Object Repository/Page_Element/input_Sign in with_username'

2022-01-17 13:16:31 - [MESSAGE][PASSED] - Text 'ptnha19' is set on object 'Object Repository/Page_Element/input_Sign in with_username'

2022-01-17 13:16:31 - [TEST_STEP][PASSED] - setEncryptedText(findTestObject("Object Repository/Page_Element/input_Username_password"), "5R3Ima4A+eOeCrCDRGMLmJpaGR3V3+YI"): Text ****** has been set on object 'Object Repository/Page_Element/input_Username_password'

2022-01-17 13:16:33 - [MESSAGE][PASSED] - Text ****** has been set on object 'Object Repository/Page_Element/input_Username_password'

2022-01-17 13:16:33 - [TEST_STEP][PASSED] - click(findTestObject("Object Repository/Page_Element/input_Forgot password_mx_Login_submit")): Object: 'Object Repository/Page_Element/input_Forgot password_mx_Login_submit' is clicked on

2022-01-17 13:16:34 - [MESSAGE][PASSED] - Object: 'Object Repository/Page_Element/input_Forgot password_mx_Login_submit' is clicked on

2022-01-17 13:16:34 - [TEST_STEP][PASSED] - click(findTestObject("Object Repository/Page_Element/div_Verify with Security Key")): Object: 'Object Repository/Page_Element/div_Verify with Security Key' is clicked on

2022-01-17 13:16:40 - [MESSAGE][PASSED] - Object: 'Object Repository/Page_Element/div_Verify with Security Key' is clicked on

2022-01-17 13:16:40 - [TEST_STEP][PASSED] - setEncryptedText(findTestObject("Object Repository/Page_Element/input_Security Key_mx_Field_4"), "PF4jXtbe/5x5+S5PgN4Kl/QbANAkWZYKqKaG9gW6gn+Po31AOnak0DX8GoEzAUkskgpeON1UhfEqZG0XXngJPA=="): Text ****** has been set on object 'Object Repository/Page_Element/input_Security Key_mx_Field_4'

2022-01-17 13:16:43 - [MESSAGE][PASSED] - Text ****** has been set on object 'Object Repository/Page_Element/input_Security Key_mx_Field_4'

2022-01-17 13:16:43 - [TEST_STEP][PASSED] - click(findTestObject("Object Repository/Page_Element/button_Continue")): Object: 'Object Repository/Page_Element/button_Continue' is clicked on

2022-01-17 13:16:44 - [MESSAGE][PASSED] - Object: 'Object Repository/Page_Element/button_Continue' is clicked on

2022-01-17 13:16:44 - [TEST_STEP][PASSED] - click(findTestObject("Object Repository/Page_Element/div_Done")): Object: 'Object Repository/Page_Element/div_Done' is clicked on

2022-01-17 13:16:46 - [MESSAGE][PASSED] - Object: 'Object Repository/Page_Element/div_Done' is clicked on

2022-01-17 13:16:46 - [TEST_STEP][PASSED] - rightClick(findTestObject("Object Repository/Page_Element/span_H")): Object: 'Object Repository/Page_Element/span_H' is right clicked on

2022-01-17 13:16:46 - [MESSAGE][PASSED] - Object: 'Object Repository/Page_Element/span_H' is right clicked on

2022-01-17 13:16:46 - [TEST_STEP][PASSED] - click(findTestObject("Object Repository/Page_Element/span_Invite")): Object: 'Object Repository/Page_Element/span_Invite' is clicked on

2022-01-17 13:16:47 - [MESSAGE][PASSED] - Object: 'Object Repository/Page_Element/span_Invite' is clicked on

2022-01-17 13:16:47 - [TEST_STEP][PASSED] - click(findTestObject("Object Repository/Page_Element/input_share this space_focus-visible")): Object: 'Object Repository/Page_Element/input_share this space_focus-visible' is clicked on

2022-01-17 13:16:48 - [MESSAGE][PASSED] - Object: 'Object Repository/Page_Element/input_share this space_focus-visible' is clicked on

2022-01-17 13:16:48 - [TEST_STEP][PASSED] - closeBrowser(): Browser is closed

2022-01-17 13:16:49 - [MESSAGE][PASSED] - Browser is closed]]></system-out>
         <system-err><![CDATA[]]></system-err>
      </testcase>
      <testcase name="Test Cases/81.SettingSpace_RightClick" time="31.023" classname="Test Cases/81.SettingSpace_RightClick" status="PASSED">
         <system-out><![CDATA[2022-01-17 13:16:49 - [TEST_CASE][PASSED] - Test Cases/81.SettingSpace_RightClick: Test Cases/81.SettingSpace_RightClick

2022-01-17 13:16:49 - [TEST_STEP][PASSED] - openBrowser(""): Browser is opened with url: ''

2022-01-17 13:16:49 - [MESSAGE][INFO] - Starting 'Chrome' driver

2022-01-17 13:16:49 - [MESSAGE][INFO] - Action delay is set to 1,000 milliseconds

2022-01-17 13:16:50 - [MESSAGE][PASSED] - Browser is opened with url: ''

2022-01-17 13:16:50 - [TEST_STEP][PASSED] - navigateToUrl("http://localhost:8080/"): Navigate to 'http://localhost:8080/' successfully

2022-01-17 13:16:53 - [MESSAGE][PASSED] - Navigate to 'http://localhost:8080/' successfully

2022-01-17 13:16:53 - [TEST_STEP][PASSED] - click(findTestObject("Object Repository/Page_Element/div_Sign In")): Object: 'Object Repository/Page_Element/div_Sign In' is clicked on

2022-01-17 13:16:57 - [MESSAGE][PASSED] - Object: 'Object Repository/Page_Element/div_Sign In' is clicked on

2022-01-17 13:16:57 - [TEST_STEP][PASSED] - setText(findTestObject("Object Repository/Page_Element/input_Sign in with_username"), "ptnha19"): Text 'ptnha19' is set on object 'Object Repository/Page_Element/input_Sign in with_username'

2022-01-17 13:17:01 - [MESSAGE][PASSED] - Text 'ptnha19' is set on object 'Object Repository/Page_Element/input_Sign in with_username'

2022-01-17 13:17:01 - [TEST_STEP][PASSED] - setEncryptedText(findTestObject("Object Repository/Page_Element/input_Username_password"), "5R3Ima4A+eOeCrCDRGMLmJpaGR3V3+YI"): Text ****** has been set on object 'Object Repository/Page_Element/input_Username_password'

2022-01-17 13:17:03 - [MESSAGE][PASSED] - Text ****** has been set on object 'Object Repository/Page_Element/input_Username_password'

2022-01-17 13:17:03 - [TEST_STEP][PASSED] - click(findTestObject("Object Repository/Page_Element/input_Forgot password_mx_Login_submit")): Object: 'Object Repository/Page_Element/input_Forgot password_mx_Login_submit' is clicked on

2022-01-17 13:17:04 - [MESSAGE][PASSED] - Object: 'Object Repository/Page_Element/input_Forgot password_mx_Login_submit' is clicked on

2022-01-17 13:17:04 - [TEST_STEP][PASSED] - click(findTestObject("Object Repository/Page_Element/div_Verify with Security Key")): Object: 'Object Repository/Page_Element/div_Verify with Security Key' is clicked on

2022-01-17 13:17:10 - [MESSAGE][PASSED] - Object: 'Object Repository/Page_Element/div_Verify with Security Key' is clicked on

2022-01-17 13:17:10 - [TEST_STEP][PASSED] - setEncryptedText(findTestObject("Object Repository/Page_Element/input_Security Key_mx_Field_4"), "PF4jXtbe/5x5+S5PgN4Kl/QbANAkWZYKqKaG9gW6gn+Po31AOnak0DX8GoEzAUkskgpeON1UhfEqZG0XXngJPA=="): Text ****** has been set on object 'Object Repository/Page_Element/input_Security Key_mx_Field_4'

2022-01-17 13:17:13 - [MESSAGE][PASSED] - Text ****** has been set on object 'Object Repository/Page_Element/input_Security Key_mx_Field_4'

2022-01-17 13:17:13 - [TEST_STEP][PASSED] - click(findTestObject("Object Repository/Page_Element/button_Continue")): Object: 'Object Repository/Page_Element/button_Continue' is clicked on

2022-01-17 13:17:14 - [MESSAGE][PASSED] - Object: 'Object Repository/Page_Element/button_Continue' is clicked on

2022-01-17 13:17:14 - [TEST_STEP][PASSED] - click(findTestObject("Object Repository/Page_Element/div_Done")): Object: 'Object Repository/Page_Element/div_Done' is clicked on

2022-01-17 13:17:16 - [MESSAGE][PASSED] - Object: 'Object Repository/Page_Element/div_Done' is clicked on

2022-01-17 13:17:16 - [TEST_STEP][PASSED] - rightClick(findTestObject("Object Repository/Page_Element/span_H")): Object: 'Object Repository/Page_Element/span_H' is right clicked on

2022-01-17 13:17:16 - [MESSAGE][PASSED] - Object: 'Object Repository/Page_Element/span_H' is right clicked on

2022-01-17 13:17:16 - [TEST_STEP][PASSED] - click(findTestObject("Object Repository/Page_Element/span_Settings")): Object: 'Object Repository/Page_Element/span_Settings' is clicked on

2022-01-17 13:17:18 - [MESSAGE][PASSED] - Object: 'Object Repository/Page_Element/span_Settings' is clicked on

2022-01-17 13:17:18 - [TEST_STEP][PASSED] - click(findTestObject("Object Repository/Page_Element/input_Upload_spaceName")): Object: 'Object Repository/Page_Element/input_Upload_spaceName' is clicked on

2022-01-17 13:17:19 - [MESSAGE][PASSED] - Object: 'Object Repository/Page_Element/input_Upload_spaceName' is clicked on

2022-01-17 13:17:19 - [TEST_STEP][PASSED] - closeBrowser(): Browser is closed

2022-01-17 13:17:20 - [MESSAGE][PASSED] - Browser is closed]]></system-out>
         <system-err><![CDATA[]]></system-err>
      </testcase>
      <testcase name="Test Cases/84.CreateNewRoomThroughExploreRoom" time="32.181" classname="Test Cases/84.CreateNewRoomThroughExploreRoom" status="PASSED">
         <system-out><![CDATA[2022-01-17 13:17:20 - [TEST_CASE][PASSED] - Test Cases/84.CreateNewRoomThroughExploreRoom: Test Cases/84.CreateNewRoomThroughExploreRoom

2022-01-17 13:17:20 - [TEST_STEP][PASSED] - openBrowser(""): Browser is opened with url: ''

2022-01-17 13:17:20 - [MESSAGE][INFO] - Starting 'Chrome' driver

2022-01-17 13:17:20 - [MESSAGE][INFO] - Action delay is set to 1,000 milliseconds

2022-01-17 13:17:21 - [MESSAGE][PASSED] - Browser is opened with url: ''

2022-01-17 13:17:21 - [TEST_STEP][PASSED] - navigateToUrl("http://localhost:8080/"): Navigate to 'http://localhost:8080/' successfully

2022-01-17 13:17:24 - [MESSAGE][PASSED] - Navigate to 'http://localhost:8080/' successfully

2022-01-17 13:17:24 - [TEST_STEP][PASSED] - click(findTestObject("Object Repository/Page_Element/div_Sign In")): Object: 'Object Repository/Page_Element/div_Sign In' is clicked on

2022-01-17 13:17:28 - [MESSAGE][PASSED] - Object: 'Object Repository/Page_Element/div_Sign In' is clicked on

2022-01-17 13:17:28 - [TEST_STEP][PASSED] - setText(findTestObject("Object Repository/Page_Element/input_Sign in with_username"), "ptnha19"): Text 'ptnha19' is set on object 'Object Repository/Page_Element/input_Sign in with_username'

2022-01-17 13:17:31 - [MESSAGE][PASSED] - Text 'ptnha19' is set on object 'Object Repository/Page_Element/input_Sign in with_username'

2022-01-17 13:17:31 - [TEST_STEP][PASSED] - setEncryptedText(findTestObject("Object Repository/Page_Element/input_Username_password"), "5R3Ima4A+eOeCrCDRGMLmJpaGR3V3+YI"): Text ****** has been set on object 'Object Repository/Page_Element/input_Username_password'

2022-01-17 13:17:33 - [MESSAGE][PASSED] - Text ****** has been set on object 'Object Repository/Page_Element/input_Username_password'

2022-01-17 13:17:33 - [TEST_STEP][PASSED] - click(findTestObject("Object Repository/Page_Element/input_Forgot password_mx_Login_submit")): Object: 'Object Repository/Page_Element/input_Forgot password_mx_Login_submit' is clicked on

2022-01-17 13:17:34 - [MESSAGE][PASSED] - Object: 'Object Repository/Page_Element/input_Forgot password_mx_Login_submit' is clicked on

2022-01-17 13:17:34 - [TEST_STEP][PASSED] - click(findTestObject("Object Repository/Page_Element/div_Verify with Security Key")): Object: 'Object Repository/Page_Element/div_Verify with Security Key' is clicked on

2022-01-17 13:17:40 - [MESSAGE][PASSED] - Object: 'Object Repository/Page_Element/div_Verify with Security Key' is clicked on

2022-01-17 13:17:40 - [TEST_STEP][PASSED] - setEncryptedText(findTestObject("Object Repository/Page_Element/input_Security Key_mx_Field_4"), "PF4jXtbe/5x5+S5PgN4Kl/QbANAkWZYKqKaG9gW6gn+Po31AOnak0DX8GoEzAUkskgpeON1UhfEqZG0XXngJPA=="): Text ****** has been set on object 'Object Repository/Page_Element/input_Security Key_mx_Field_4'

2022-01-17 13:17:43 - [MESSAGE][PASSED] - Text ****** has been set on object 'Object Repository/Page_Element/input_Security Key_mx_Field_4'

2022-01-17 13:17:43 - [TEST_STEP][PASSED] - click(findTestObject("Object Repository/Page_Element/button_Continue")): Object: 'Object Repository/Page_Element/button_Continue' is clicked on

2022-01-17 13:17:44 - [MESSAGE][PASSED] - Object: 'Object Repository/Page_Element/button_Continue' is clicked on

2022-01-17 13:17:44 - [TEST_STEP][PASSED] - click(findTestObject("Object Repository/Page_Element/div_Done")): Object: 'Object Repository/Page_Element/div_Done' is clicked on

2022-01-17 13:17:45 - [MESSAGE][PASSED] - Object: 'Object Repository/Page_Element/div_Done' is clicked on

2022-01-17 13:17:45 - [TEST_STEP][PASSED] - click(findTestObject("Object Repository/Page_Element/div_Ctrl K_mx_AccessibleButton mx_LeftPanel_88084c")): Object: 'Object Repository/Page_Element/div_Ctrl K_mx_AccessibleButton mx_LeftPanel_88084c' is clicked on

2022-01-17 13:17:47 - [MESSAGE][PASSED] - Object: 'Object Repository/Page_Element/div_Ctrl K_mx_AccessibleButton mx_LeftPanel_88084c' is clicked on

2022-01-17 13:17:47 - [TEST_STEP][PASSED] - click(findTestObject("Object Repository/Page_Element/div_Create a new room")): Object: 'Object Repository/Page_Element/div_Create a new room' is clicked on

2022-01-17 13:17:48 - [MESSAGE][PASSED] - Object: 'Object Repository/Page_Element/div_Create a new room' is clicked on

2022-01-17 13:17:48 - [TEST_STEP][PASSED] - setText(findTestObject("Object Repository/Page_Element/input_Create a public room_mx_Field_5"), "abc"): Text 'abc' is set on object 'Object Repository/Page_Element/input_Create a public room_mx_Field_5'

2022-01-17 13:17:50 - [MESSAGE][PASSED] - Text 'abc' is set on object 'Object Repository/Page_Element/input_Create a public room_mx_Field_5'

2022-01-17 13:17:50 - [TEST_STEP][PASSED] - click(findTestObject("Object Repository/Page_Element/button_Cancel")): Object: 'Object Repository/Page_Element/button_Cancel' is clicked on

2022-01-17 13:17:51 - [MESSAGE][PASSED] - Object: 'Object Repository/Page_Element/button_Cancel' is clicked on

2022-01-17 13:17:51 - [TEST_STEP][PASSED] - closeBrowser(): Browser is closed

2022-01-17 13:17:52 - [MESSAGE][PASSED] - Browser is closed]]></system-out>
         <system-err><![CDATA[]]></system-err>
      </testcase>
      <testcase name="Test Cases/87.CreateRoomShowAdvanced" time="34.87" classname="Test Cases/87.CreateRoomShowAdvanced" status="PASSED">
         <system-out><![CDATA[2022-01-17 13:17:52 - [TEST_CASE][PASSED] - Test Cases/87.CreateRoomShowAdvanced: Test Cases/87.CreateRoomShowAdvanced

2022-01-17 13:17:52 - [TEST_STEP][PASSED] - openBrowser(""): Browser is opened with url: ''

2022-01-17 13:17:52 - [MESSAGE][INFO] - Starting 'Chrome' driver

2022-01-17 13:17:52 - [MESSAGE][INFO] - Action delay is set to 1,000 milliseconds

2022-01-17 13:17:53 - [MESSAGE][PASSED] - Browser is opened with url: ''

2022-01-17 13:17:53 - [TEST_STEP][PASSED] - navigateToUrl("http://localhost:8080/"): Navigate to 'http://localhost:8080/' successfully

2022-01-17 13:17:56 - [MESSAGE][PASSED] - Navigate to 'http://localhost:8080/' successfully

2022-01-17 13:17:56 - [TEST_STEP][PASSED] - click(findTestObject("Object Repository/Page_Element/div_Sign In")): Object: 'Object Repository/Page_Element/div_Sign In' is clicked on

2022-01-17 13:18:00 - [MESSAGE][PASSED] - Object: 'Object Repository/Page_Element/div_Sign In' is clicked on

2022-01-17 13:18:00 - [TEST_STEP][PASSED] - setText(findTestObject("Object Repository/Page_Element/input_Sign in with_username"), "ptnha19"): Text 'ptnha19' is set on object 'Object Repository/Page_Element/input_Sign in with_username'

2022-01-17 13:18:03 - [MESSAGE][PASSED] - Text 'ptnha19' is set on object 'Object Repository/Page_Element/input_Sign in with_username'

2022-01-17 13:18:03 - [TEST_STEP][PASSED] - setEncryptedText(findTestObject("Object Repository/Page_Element/input_Username_password"), "5R3Ima4A+eOeCrCDRGMLmJpaGR3V3+YI"): Text ****** has been set on object 'Object Repository/Page_Element/input_Username_password'

2022-01-17 13:18:05 - [MESSAGE][PASSED] - Text ****** has been set on object 'Object Repository/Page_Element/input_Username_password'

2022-01-17 13:18:05 - [TEST_STEP][PASSED] - click(findTestObject("Object Repository/Page_Element/input_Forgot password_mx_Login_submit")): Object: 'Object Repository/Page_Element/input_Forgot password_mx_Login_submit' is clicked on

2022-01-17 13:18:07 - [MESSAGE][PASSED] - Object: 'Object Repository/Page_Element/input_Forgot password_mx_Login_submit' is clicked on

2022-01-17 13:18:07 - [TEST_STEP][PASSED] - click(findTestObject("Object Repository/Page_Element/div_Verify with Security Key")): Object: 'Object Repository/Page_Element/div_Verify with Security Key' is clicked on

2022-01-17 13:18:13 - [MESSAGE][PASSED] - Object: 'Object Repository/Page_Element/div_Verify with Security Key' is clicked on

2022-01-17 13:18:13 - [TEST_STEP][PASSED] - setEncryptedText(findTestObject("Object Repository/Page_Element/input_Security Key_mx_Field_4"), "PF4jXtbe/5x5+S5PgN4Kl/QbANAkWZYKqKaG9gW6gn+Po31AOnak0DX8GoEzAUkskgpeON1UhfEqZG0XXngJPA=="): Text ****** has been set on object 'Object Repository/Page_Element/input_Security Key_mx_Field_4'

2022-01-17 13:18:17 - [MESSAGE][PASSED] - Text ****** has been set on object 'Object Repository/Page_Element/input_Security Key_mx_Field_4'

2022-01-17 13:18:17 - [TEST_STEP][PASSED] - click(findTestObject("Object Repository/Page_Element/button_Continue")): Object: 'Object Repository/Page_Element/button_Continue' is clicked on

2022-01-17 13:18:18 - [MESSAGE][PASSED] - Object: 'Object Repository/Page_Element/button_Continue' is clicked on

2022-01-17 13:18:18 - [TEST_STEP][PASSED] - click(findTestObject("Object Repository/Page_Element/div_Done")): Object: 'Object Repository/Page_Element/div_Done' is clicked on

2022-01-17 13:18:20 - [MESSAGE][PASSED] - Object: 'Object Repository/Page_Element/div_Done' is clicked on

2022-01-17 13:18:20 - [TEST_STEP][PASSED] - click(findTestObject("Object Repository/Page_Element/div_Create a Group Chat")): Object: 'Object Repository/Page_Element/div_Create a Group Chat' is clicked on

2022-01-17 13:18:21 - [MESSAGE][PASSED] - Object: 'Object Repository/Page_Element/div_Create a Group Chat' is clicked on

2022-01-17 13:18:21 - [TEST_STEP][PASSED] - click(findTestObject("Object Repository/Page_Element/summary_Show advanced")): Object: 'Object Repository/Page_Element/summary_Show advanced' is clicked on

2022-01-17 13:18:23 - [MESSAGE][PASSED] - Object: 'Object Repository/Page_Element/summary_Show advanced' is clicked on

2022-01-17 13:18:23 - [TEST_STEP][PASSED] - setText(findTestObject("Object Repository/Page_Element/input_Name_mx_Field_6"), "abc"): Text 'abc' is set on object 'Object Repository/Page_Element/input_Name_mx_Field_6'

2022-01-17 13:18:25 - [MESSAGE][PASSED] - Text 'abc' is set on object 'Object Repository/Page_Element/input_Name_mx_Field_6'

2022-01-17 13:18:25 - [TEST_STEP][PASSED] - click(findTestObject("Object Repository/Page_Element/button_Cancel")): Object: 'Object Repository/Page_Element/button_Cancel' is clicked on

2022-01-17 13:18:26 - [MESSAGE][PASSED] - Object: 'Object Repository/Page_Element/button_Cancel' is clicked on

2022-01-17 13:18:26 - [TEST_STEP][PASSED] - closeBrowser(): Browser is closed

2022-01-17 13:18:27 - [MESSAGE][PASSED] - Browser is closed]]></system-out>
         <system-err><![CDATA[]]></system-err>
      </testcase>
      <testcase name="Test Cases/89.SendMessageExploreRoom" time="32.75" classname="Test Cases/89.SendMessageExploreRoom" status="PASSED">
         <system-out><![CDATA[2022-01-17 13:18:27 - [TEST_CASE][PASSED] - Test Cases/89.SendMessageExploreRoom: Test Cases/89.SendMessageExploreRoom

2022-01-17 13:18:27 - [TEST_STEP][PASSED] - openBrowser(""): Browser is opened with url: ''

2022-01-17 13:18:27 - [MESSAGE][INFO] - Starting 'Chrome' driver

2022-01-17 13:18:27 - [MESSAGE][INFO] - Action delay is set to 1,000 milliseconds

2022-01-17 13:18:28 - [MESSAGE][PASSED] - Browser is opened with url: ''

2022-01-17 13:18:28 - [TEST_STEP][PASSED] - navigateToUrl("http://localhost:8080/"): Navigate to 'http://localhost:8080/' successfully

2022-01-17 13:18:32 - [MESSAGE][PASSED] - Navigate to 'http://localhost:8080/' successfully

2022-01-17 13:18:32 - [TEST_STEP][PASSED] - click(findTestObject("Object Repository/Page_Element/div_Sign In")): Object: 'Object Repository/Page_Element/div_Sign In' is clicked on

2022-01-17 13:18:35 - [MESSAGE][PASSED] - Object: 'Object Repository/Page_Element/div_Sign In' is clicked on

2022-01-17 13:18:35 - [TEST_STEP][PASSED] - setText(findTestObject("Object Repository/Page_Element/input_Sign in with_username"), "ptnha19"): Text 'ptnha19' is set on object 'Object Repository/Page_Element/input_Sign in with_username'

2022-01-17 13:18:39 - [MESSAGE][PASSED] - Text 'ptnha19' is set on object 'Object Repository/Page_Element/input_Sign in with_username'

2022-01-17 13:18:39 - [TEST_STEP][PASSED] - setEncryptedText(findTestObject("Object Repository/Page_Element/input_Username_password"), "5R3Ima4A+eOeCrCDRGMLmJpaGR3V3+YI"): Text ****** has been set on object 'Object Repository/Page_Element/input_Username_password'

2022-01-17 13:18:41 - [MESSAGE][PASSED] - Text ****** has been set on object 'Object Repository/Page_Element/input_Username_password'

2022-01-17 13:18:41 - [TEST_STEP][PASSED] - click(findTestObject("Object Repository/Page_Element/input_Forgot password_mx_Login_submit")): Object: 'Object Repository/Page_Element/input_Forgot password_mx_Login_submit' is clicked on

2022-01-17 13:18:42 - [MESSAGE][PASSED] - Object: 'Object Repository/Page_Element/input_Forgot password_mx_Login_submit' is clicked on

2022-01-17 13:18:42 - [TEST_STEP][PASSED] - click(findTestObject("Object Repository/Page_Element/div_Verify with Security Key")): Object: 'Object Repository/Page_Element/div_Verify with Security Key' is clicked on

2022-01-17 13:18:47 - [MESSAGE][PASSED] - Object: 'Object Repository/Page_Element/div_Verify with Security Key' is clicked on

2022-01-17 13:18:47 - [TEST_STEP][PASSED] - setEncryptedText(findTestObject("Object Repository/Page_Element/input_Security Key_mx_Field_4"), "PF4jXtbe/5x5+S5PgN4Kl/QbANAkWZYKqKaG9gW6gn+Po31AOnak0DX8GoEzAUkskgpeON1UhfEqZG0XXngJPA=="): Text ****** has been set on object 'Object Repository/Page_Element/input_Security Key_mx_Field_4'

2022-01-17 13:18:50 - [MESSAGE][PASSED] - Text ****** has been set on object 'Object Repository/Page_Element/input_Security Key_mx_Field_4'

2022-01-17 13:18:50 - [TEST_STEP][PASSED] - click(findTestObject("Object Repository/Page_Element/button_Continue")): Object: 'Object Repository/Page_Element/button_Continue' is clicked on

2022-01-17 13:18:51 - [MESSAGE][PASSED] - Object: 'Object Repository/Page_Element/button_Continue' is clicked on

2022-01-17 13:18:51 - [TEST_STEP][PASSED] - click(findTestObject("Object Repository/Page_Element/div_Done")): Object: 'Object Repository/Page_Element/div_Done' is clicked on

2022-01-17 13:18:53 - [MESSAGE][PASSED] - Object: 'Object Repository/Page_Element/div_Done' is clicked on

2022-01-17 13:18:53 - [TEST_STEP][PASSED] - click(findTestObject("Object Repository/Page_Element/span_Send a Direct Message")): Object: 'Object Repository/Page_Element/span_Send a Direct Message' is clicked on

2022-01-17 13:18:54 - [MESSAGE][PASSED] - Object: 'Object Repository/Page_Element/span_Send a Direct Message' is clicked on

2022-01-17 13:18:54 - [TEST_STEP][PASSED] - click(findTestObject("Object Repository/Page_Element/div_Direct Messages_mx_AccessibleButton mx__57a7bb")): Object: 'Object Repository/Page_Element/div_Direct Messages_mx_AccessibleButton mx__57a7bb' is clicked on

2022-01-17 13:18:55 - [MESSAGE][PASSED] - Object: 'Object Repository/Page_Element/div_Direct Messages_mx_AccessibleButton mx__57a7bb' is clicked on

2022-01-17 13:18:55 - [TEST_STEP][PASSED] - click(findTestObject("Object Repository/Page_Element/div_Explore Public Rooms")): Object: 'Object Repository/Page_Element/div_Explore Public Rooms' is clicked on

2022-01-17 13:18:57 - [MESSAGE][PASSED] - Object: 'Object Repository/Page_Element/div_Explore Public Rooms' is clicked on

2022-01-17 13:18:57 - [TEST_STEP][PASSED] - click(findTestObject("Object Repository/Page_Element/div_Create a new room")): Object: 'Object Repository/Page_Element/div_Create a new room' is clicked on

2022-01-17 13:18:58 - [MESSAGE][PASSED] - Object: 'Object Repository/Page_Element/div_Create a new room' is clicked on

2022-01-17 13:18:58 - [TEST_STEP][PASSED] - click(findTestObject("Object Repository/Page_Element/div_Create a public room_mx_AccessibleButto_14c7c4")): Object: 'Object Repository/Page_Element/div_Create a public room_mx_AccessibleButto_14c7c4' is clicked on

2022-01-17 13:18:59 - [MESSAGE][PASSED] - Object: 'Object Repository/Page_Element/div_Create a public room_mx_AccessibleButto_14c7c4' is clicked on

2022-01-17 13:18:59 - [TEST_STEP][PASSED] - closeBrowser(): Browser is closed

2022-01-17 13:19:00 - [MESSAGE][PASSED] - Browser is closed]]></system-out>
         <system-err><![CDATA[]]></system-err>
      </testcase>
      <testcase name="Test Cases/20.Set_favorate_room" time="37.287" classname="Test Cases/20.Set_favorate_room" status="PASSED">
         <system-out><![CDATA[2022-01-17 13:19:00 - [TEST_CASE][PASSED] - Test Cases/20.Set_favorate_room: Test Cases/20.Set_favorate_room

2022-01-17 13:19:00 - [TEST_STEP][PASSED] - openBrowser(""): Browser is opened with url: ''

2022-01-17 13:19:00 - [MESSAGE][INFO] - Starting 'Chrome' driver

2022-01-17 13:19:00 - [MESSAGE][INFO] - Action delay is set to 1,000 milliseconds

2022-01-17 13:19:01 - [MESSAGE][PASSED] - Browser is opened with url: ''

2022-01-17 13:19:01 - [TEST_STEP][PASSED] - navigateToUrl("http://localhost:8080/"): Navigate to 'http://localhost:8080/' successfully

2022-01-17 13:19:04 - [MESSAGE][PASSED] - Navigate to 'http://localhost:8080/' successfully

2022-01-17 13:19:04 - [TEST_STEP][PASSED] - click(findTestObject("Object Repository/Page_Element/div_Sign In")): Object: 'Object Repository/Page_Element/div_Sign In' is clicked on

2022-01-17 13:19:12 - [MESSAGE][PASSED] - Object: 'Object Repository/Page_Element/div_Sign In' is clicked on

2022-01-17 13:19:12 - [TEST_STEP][PASSED] - setText(findTestObject("Object Repository/Page_Element/input_Sign in with_username"), "ptnha19"): Text 'ptnha19' is set on object 'Object Repository/Page_Element/input_Sign in with_username'

2022-01-17 13:19:15 - [MESSAGE][PASSED] - Text 'ptnha19' is set on object 'Object Repository/Page_Element/input_Sign in with_username'

2022-01-17 13:19:15 - [TEST_STEP][PASSED] - setEncryptedText(findTestObject("Object Repository/Page_Element/input_Username_password"), "5R3Ima4A+eOeCrCDRGMLmJpaGR3V3+YI"): Text ****** has been set on object 'Object Repository/Page_Element/input_Username_password'

2022-01-17 13:19:17 - [MESSAGE][PASSED] - Text ****** has been set on object 'Object Repository/Page_Element/input_Username_password'

2022-01-17 13:19:17 - [TEST_STEP][PASSED] - click(findTestObject("Object Repository/Page_Element/input_Forgot password_mx_Login_submit")): Object: 'Object Repository/Page_Element/input_Forgot password_mx_Login_submit' is clicked on

2022-01-17 13:19:18 - [MESSAGE][PASSED] - Object: 'Object Repository/Page_Element/input_Forgot password_mx_Login_submit' is clicked on

2022-01-17 13:19:18 - [TEST_STEP][PASSED] - click(findTestObject("Object Repository/Page_Element/div_Verify with Security Key")): Object: 'Object Repository/Page_Element/div_Verify with Security Key' is clicked on

2022-01-17 13:19:24 - [MESSAGE][PASSED] - Object: 'Object Repository/Page_Element/div_Verify with Security Key' is clicked on

2022-01-17 13:19:24 - [TEST_STEP][PASSED] - setEncryptedText(findTestObject("Object Repository/Page_Element/input_Security Key_mx_Field_4"), "PF4jXtbe/5x5+S5PgN4Kl/QbANAkWZYKqKaG9gW6gn+Po31AOnak0DX8GoEzAUkskgpeON1UhfEqZG0XXngJPA=="): Text ****** has been set on object 'Object Repository/Page_Element/input_Security Key_mx_Field_4'

2022-01-17 13:19:28 - [MESSAGE][PASSED] - Text ****** has been set on object 'Object Repository/Page_Element/input_Security Key_mx_Field_4'

2022-01-17 13:19:28 - [TEST_STEP][PASSED] - click(findTestObject("Object Repository/Page_Element/button_Continue")): Object: 'Object Repository/Page_Element/button_Continue' is clicked on

2022-01-17 13:19:29 - [MESSAGE][PASSED] - Object: 'Object Repository/Page_Element/button_Continue' is clicked on

2022-01-17 13:19:29 - [TEST_STEP][PASSED] - click(findTestObject("Object Repository/Page_Element/div_Done")): Object: 'Object Repository/Page_Element/div_Done' is clicked on

2022-01-17 13:19:31 - [MESSAGE][PASSED] - Object: 'Object Repository/Page_Element/div_Done' is clicked on

2022-01-17 13:19:31 - [TEST_STEP][PASSED] - click(findTestObject("Object Repository/Page_Element/div_hehe")): Object: 'Object Repository/Page_Element/div_hehe' is clicked on

2022-01-17 13:19:32 - [MESSAGE][PASSED] - Object: 'Object Repository/Page_Element/div_hehe' is clicked on

2022-01-17 13:19:32 - [TEST_STEP][PASSED] - click(findTestObject("Object Repository/Page_Element  hehe/div_hehe_mx_RoomHeader_chevron")): Object: 'Object Repository/Page_Element  hehe/div_hehe_mx_RoomHeader_chevron' is clicked on

2022-01-17 13:19:34 - [MESSAGE][PASSED] - Object: 'Object Repository/Page_Element  hehe/div_hehe_mx_RoomHeader_chevron' is clicked on

2022-01-17 13:19:34 - [TEST_STEP][PASSED] - click(findTestObject("Object Repository/Page_Element  hehe/div_Favorite")): Object: 'Object Repository/Page_Element  hehe/div_Favorite' is clicked on

2022-01-17 13:19:35 - [MESSAGE][PASSED] - Object: 'Object Repository/Page_Element  hehe/div_Favorite' is clicked on

2022-01-17 13:19:35 - [TEST_STEP][PASSED] - click(findTestObject("Object Repository/Page_Element  hehe/div_This room is public_mx_ContextualMenu_b_fc4f75")): Object: 'Object Repository/Page_Element  hehe/div_This room is public_mx_ContextualMenu_b_fc4f75' is clicked on

2022-01-17 13:19:36 - [MESSAGE][PASSED] - Object: 'Object Repository/Page_Element  hehe/div_This room is public_mx_ContextualMenu_b_fc4f75' is clicked on

2022-01-17 13:19:36 - [TEST_STEP][PASSED] - closeBrowser(): Browser is closed

2022-01-17 13:19:37 - [MESSAGE][PASSED] - Browser is closed]]></system-out>
         <system-err><![CDATA[]]></system-err>
      </testcase>
      <system-out><![CDATA[2022-01-17 12:47:03 - [TEST_SUITE][FAILED] - Run all test case: Test Cases/3.Log_out FAILED.
Reason:
com.kms.katalon.core.exception.StepFailedException: Unable to click on object 'Object Repository/Page_Element/button_Sign out'
	at com.kms.katalon.core.webui.keyword.internal.WebUIKeywordMain.stepFailed(WebUIKeywordMain.groovy:64)
	at com.kms.katalon.core.webui.keyword.internal.WebUIKeywordMain.runKeyword(WebUIKeywordMain.groovy:26)
	at com.kms.katalon.core.webui.keyword.builtin.ClickKeyword.click(ClickKeyword.groovy:74)
	at com.kms.katalon.core.webui.keyword.builtin.ClickKeyword.execute(ClickKeyword.groovy:40)
	at com.kms.katalon.core.keyword.internal.KeywordExecutor.executeKeywordForPlatform(KeywordExecutor.groovy:74)
	at com.kms.katalon.core.webui.keyword.WebUiBuiltInKeywords.click(WebUiBuiltInKeywords.groovy:620)
	at com.kms.katalon.core.webui.keyword.WebUiBuiltInKeywords$click$1.call(Unknown Source)
	at 3.Log_out.run(3.Log_out:44)
	at com.kms.katalon.core.main.ScriptEngine.run(ScriptEngine.java:194)
	at com.kms.katalon.core.main.ScriptEngine.runScriptAsRawText(ScriptEngine.java:119)
	at com.kms.katalon.core.main.TestCaseExecutor.runScript(TestCaseExecutor.java:442)
	at com.kms.katalon.core.main.TestCaseExecutor.doExecute(TestCaseExecutor.java:433)
	at com.kms.katalon.core.main.TestCaseExecutor.processExecutionPhase(TestCaseExecutor.java:412)
	at com.kms.katalon.core.main.TestCaseExecutor.accessMainPhase(TestCaseExecutor.java:404)
	at com.kms.katalon.core.main.TestCaseExecutor.execute(TestCaseExecutor.java:281)
	at com.kms.katalon.core.main.TestSuiteExecutor.accessTestCaseMainPhase(TestSuiteExecutor.java:202)
	at com.kms.katalon.core.main.TestSuiteExecutor.accessTestSuiteMainPhase(TestSuiteExecutor.java:164)
	at com.kms.katalon.core.main.TestSuiteExecutor.execute(TestSuiteExecutor.java:105)
	at com.kms.katalon.core.main.TestCaseMain.startTestSuite(TestCaseMain.java:181)
	at com.kms.katalon.core.main.TestCaseMain$startTestSuite$0.call(Unknown Source)
	at TempTestSuite1642398411696.run(TempTestSuite1642398411696.groovy:36)
Caused by: com.kms.katalon.core.webui.exception.WebElementNotFoundException: Web element with id: 'Object Repository/Page_Element/button_Sign out' located by '(//button[@type='button'])[2]' not found
	at com.kms.katalon.core.webui.common.WebUiCommonHelper.findWebElement(WebUiCommonHelper.java:1368)
	at com.kms.katalon.core.webui.keyword.internal.WebUIAbstractKeyword.findWebElement(WebUIAbstractKeyword.groovy:27)
	at com.kms.katalon.core.webui.keyword.builtin.ClickKeyword$_click_closure1.doCall(ClickKeyword.groovy:65)
	at com.kms.katalon.core.webui.keyword.builtin.ClickKeyword$_click_closure1.call(ClickKeyword.groovy)
	at com.kms.katalon.core.webui.keyword.internal.WebUIKeywordMain.runKeyword(WebUIKeywordMain.groovy:20)
	... 19 more]]></system-out>
      <system-err><![CDATA[2022-01-17 12:47:03 - [TEST_SUITE][FAILED] - Run all test case: Test Cases/3.Log_out FAILED.
Reason:
com.kms.katalon.core.exception.StepFailedException: Unable to click on object 'Object Repository/Page_Element/button_Sign out'
	at com.kms.katalon.core.webui.keyword.internal.WebUIKeywordMain.stepFailed(WebUIKeywordMain.groovy:64)
	at com.kms.katalon.core.webui.keyword.internal.WebUIKeywordMain.runKeyword(WebUIKeywordMain.groovy:26)
	at com.kms.katalon.core.webui.keyword.builtin.ClickKeyword.click(ClickKeyword.groovy:74)
	at com.kms.katalon.core.webui.keyword.builtin.ClickKeyword.execute(ClickKeyword.groovy:40)
	at com.kms.katalon.core.keyword.internal.KeywordExecutor.executeKeywordForPlatform(KeywordExecutor.groovy:74)
	at com.kms.katalon.core.webui.keyword.WebUiBuiltInKeywords.click(WebUiBuiltInKeywords.groovy:620)
	at com.kms.katalon.core.webui.keyword.WebUiBuiltInKeywords$click$1.call(Unknown Source)
	at 3.Log_out.run(3.Log_out:44)
	at com.kms.katalon.core.main.ScriptEngine.run(ScriptEngine.java:194)
	at com.kms.katalon.core.main.ScriptEngine.runScriptAsRawText(ScriptEngine.java:119)
	at com.kms.katalon.core.main.TestCaseExecutor.runScript(TestCaseExecutor.java:442)
	at com.kms.katalon.core.main.TestCaseExecutor.doExecute(TestCaseExecutor.java:433)
	at com.kms.katalon.core.main.TestCaseExecutor.processExecutionPhase(TestCaseExecutor.java:412)
	at com.kms.katalon.core.main.TestCaseExecutor.accessMainPhase(TestCaseExecutor.java:404)
	at com.kms.katalon.core.main.TestCaseExecutor.execute(TestCaseExecutor.java:281)
	at com.kms.katalon.core.main.TestSuiteExecutor.accessTestCaseMainPhase(TestSuiteExecutor.java:202)
	at com.kms.katalon.core.main.TestSuiteExecutor.accessTestSuiteMainPhase(TestSuiteExecutor.java:164)
	at com.kms.katalon.core.main.TestSuiteExecutor.execute(TestSuiteExecutor.java:105)
	at com.kms.katalon.core.main.TestCaseMain.startTestSuite(TestCaseMain.java:181)
	at com.kms.katalon.core.main.TestCaseMain$startTestSuite$0.call(Unknown Source)
	at TempTestSuite1642398411696.run(TempTestSuite1642398411696.groovy:36)
Caused by: com.kms.katalon.core.webui.exception.WebElementNotFoundException: Web element with id: 'Object Repository/Page_Element/button_Sign out' located by '(//button[@type='button'])[2]' not found
	at com.kms.katalon.core.webui.common.WebUiCommonHelper.findWebElement(WebUiCommonHelper.java:1368)
	at com.kms.katalon.core.webui.keyword.internal.WebUIAbstractKeyword.findWebElement(WebUIAbstractKeyword.groovy:27)
	at com.kms.katalon.core.webui.keyword.builtin.ClickKeyword$_click_closure1.doCall(ClickKeyword.groovy:65)
	at com.kms.katalon.core.webui.keyword.builtin.ClickKeyword$_click_closure1.call(ClickKeyword.groovy)
	at com.kms.katalon.core.webui.keyword.internal.WebUIKeywordMain.runKeyword(WebUIKeywordMain.groovy:20)
	... 19 more]]></system-err>
   </testsuite>
</testsuites>
