<?xml version="1.0" encoding="UTF-8"?>
<testsuites name="Run all test case" time="1966.121" tests="50" failures="5" errors="0">
   <testsuite name="Run all test case" tests="50" failures="5" errors="0" time="1966.121" skipped="0" timestamp="2022-01-17 21:56:31" hostname="TRI - 192.168.1.4" id="Test Suites/Run all test case">
      <properties>
         <property name="deviceName" value=""/>
         <property name="devicePlatform" value=""/>
         <property name="logFolder" value="D:\\Bonus-SE\\Katalon_pj\\Bonus_SE\\Reports\\20220117_215620\\Run all test case\\20220117_215620"/>
         <property name="logFiles" value="D:\\Bonus-SE\\Katalon_pj\\Bonus_SE\\Reports\\20220117_215620\\Run all test case\\20220117_215620\\execution0.log"/>
         <property name="attachments" value="D:\\Bonus-SE\\Katalon_pj\\Bonus_SE\\Reports\\20220117_215620\\Run all test case\\20220117_215620\\1642431962296.png, D:\\Bonus-SE\\Katalon_pj\\Bonus_SE\\Reports\\20220117_215620\\Run all test case\\20220117_215620\\1642432195105.png, D:\\Bonus-SE\\Katalon_pj\\Bonus_SE\\Reports\\20220117_215620\\Run all test case\\20220117_215620\\1642432337133.png, D:\\Bonus-SE\\Katalon_pj\\Bonus_SE\\Reports\\20220117_215620\\Run all test case\\20220117_215620\\1642432510981.png, D:\\Bonus-SE\\Katalon_pj\\Bonus_SE\\Reports\\20220117_215620\\Run all test case\\20220117_215620\\1642433149934.png"/>
         <property name="hostName" value="TRI - 192.168.1.4"/>
         <property name="os" value="Windows 10 64bit"/>
         <property name="katalonVersion" value="8.2.0.208"/>
         <property name="browser" value="Chrome 97.0.4692.71"/>
         <property name="hostAddress" value="192.168.1.4"/>
         <property name="sessionId" value="5042daae11c4938c9e5674e2cb6bdbc8"/>
         <property name="seleniumVersion" value="3.141.59"/>
         <property name="proxyInformation" value="ProxyInformation { proxyOption=NO_PROXY, proxyServerType=HTTP, username=, password=********, proxyServerAddress=, proxyServerPort=0, executionList=&quot;&quot;, isApplyToDesiredCapabilities=true }"/>
         <property name="platform" value="Windows 10"/>
      </properties>
      <testcase name="Test Cases/40.FeedBack" time="49.497" classname="Test Cases/40.FeedBack" status="PASSED">
         <system-out><![CDATA[2022-01-17 21:56:32 - [TEST_CASE][PASSED] - Test Cases/40.FeedBack: Test Cases/40.FeedBack

2022-01-17 21:56:32 - [TEST_STEP][PASSED] - openBrowser(""): Browser is opened with url: ''

2022-01-17 21:56:33 - [MESSAGE][INFO] - Starting 'Chrome' driver

2022-01-17 21:56:33 - [MESSAGE][INFO] - Action delay is set to 1,000 milliseconds

2022-01-17 21:56:35 - [MESSAGE][PASSED] - Browser is opened with url: ''

2022-01-17 21:56:35 - [TEST_STEP][PASSED] - navigateToUrl("http://localhost:8080/"): Navigate to 'http://localhost:8080/' successfully

2022-01-17 21:56:38 - [MESSAGE][PASSED] - Navigate to 'http://localhost:8080/' successfully

2022-01-17 21:56:38 - [TEST_STEP][PASSED] - click(findTestObject("Object Repository/Page_Element/div_Sign In")): Object: 'Object Repository/Page_Element/div_Sign In' is clicked on

2022-01-17 21:56:43 - [MESSAGE][PASSED] - Object: 'Object Repository/Page_Element/div_Sign In' is clicked on

2022-01-17 21:56:43 - [TEST_STEP][PASSED] - setText(findTestObject("Object Repository/Page_Element/input_Sign in with_username"), "ptnha19"): Text 'ptnha19' is set on object 'Object Repository/Page_Element/input_Sign in with_username'

2022-01-17 21:56:47 - [MESSAGE][PASSED] - Text 'ptnha19' is set on object 'Object Repository/Page_Element/input_Sign in with_username'

2022-01-17 21:56:47 - [TEST_STEP][PASSED] - setEncryptedText(findTestObject("Object Repository/Page_Element/input_Username_password"), "5R3Ima4A+eOeCrCDRGMLmJpaGR3V3+YI"): Text ****** has been set on object 'Object Repository/Page_Element/input_Username_password'

2022-01-17 21:56:49 - [MESSAGE][PASSED] - Text ****** has been set on object 'Object Repository/Page_Element/input_Username_password'

2022-01-17 21:56:49 - [TEST_STEP][PASSED] - click(findTestObject("Object Repository/Page_Element/input_Forgot password_mx_Login_submit")): Object: 'Object Repository/Page_Element/input_Forgot password_mx_Login_submit' is clicked on

2022-01-17 21:56:50 - [MESSAGE][PASSED] - Object: 'Object Repository/Page_Element/input_Forgot password_mx_Login_submit' is clicked on

2022-01-17 21:56:50 - [TEST_STEP][PASSED] - click(findTestObject("Object Repository/Page_Element/div_Verify with Security Key")): Object: 'Object Repository/Page_Element/div_Verify with Security Key' is clicked on

2022-01-17 21:56:58 - [MESSAGE][PASSED] - Object: 'Object Repository/Page_Element/div_Verify with Security Key' is clicked on

2022-01-17 21:56:58 - [TEST_STEP][PASSED] - setEncryptedText(findTestObject("Object Repository/Page_Element/input_Security Key_mx_Field_4"), "PF4jXtbe/5x5+S5PgN4Kl/QbANAkWZYKqKaG9gW6gn+Po31AOnak0DX8GoEzAUkskgpeON1UhfEqZG0XXngJPA=="): Text ****** has been set on object 'Object Repository/Page_Element/input_Security Key_mx_Field_4'

2022-01-17 21:57:01 - [MESSAGE][PASSED] - Text ****** has been set on object 'Object Repository/Page_Element/input_Security Key_mx_Field_4'

2022-01-17 21:57:01 - [TEST_STEP][PASSED] - click(findTestObject("Object Repository/Page_Element/button_Continue")): Object: 'Object Repository/Page_Element/button_Continue' is clicked on

2022-01-17 21:57:03 - [MESSAGE][PASSED] - Object: 'Object Repository/Page_Element/button_Continue' is clicked on

2022-01-17 21:57:03 - [TEST_STEP][PASSED] - click(findTestObject("Object Repository/Page_Element/div_Done")): Object: 'Object Repository/Page_Element/div_Done' is clicked on

2022-01-17 21:57:05 - [MESSAGE][PASSED] - Object: 'Object Repository/Page_Element/div_Done' is clicked on

2022-01-17 21:57:05 - [TEST_STEP][PASSED] - rightClick(findTestObject("Object Repository/Page_Element/img_Review_mx_BaseAvatar_image")): Object: 'Object Repository/Page_Element/img_Review_mx_BaseAvatar_image' is right clicked on

2022-01-17 21:57:05 - [MESSAGE][PASSED] - Object: 'Object Repository/Page_Element/img_Review_mx_BaseAvatar_image' is right clicked on

2022-01-17 21:57:05 - [TEST_STEP][PASSED] - click(findTestObject("Object Repository/Page_Element/span_Feedback")): Object: 'Object Repository/Page_Element/span_Feedback' is clicked on

2022-01-17 21:57:07 - [MESSAGE][PASSED] - Object: 'Object Repository/Page_Element/span_Feedback' is clicked on

2022-01-17 21:57:07 - [TEST_STEP][PASSED] - delay(5): Delayed 5 second(s)

2022-01-17 21:57:12 - [MESSAGE][PASSED] - Delayed 5 second(s)

2022-01-17 21:57:12 - [TEST_STEP][PASSED] - setText(findTestObject("Object Repository/Page_Element/textarea_a"), "a"): Text 'a' is set on object 'Object Repository/Page_Element/textarea_a'

2022-01-17 21:57:14 - [MESSAGE][PASSED] - Text 'a' is set on object 'Object Repository/Page_Element/textarea_a'

2022-01-17 21:57:14 - [TEST_STEP][PASSED] - setText(findTestObject("Object Repository/Page_Element/textarea_ab"), "ab"): Text 'ab' is set on object 'Object Repository/Page_Element/textarea_ab'

2022-01-17 21:57:16 - [MESSAGE][PASSED] - Text 'ab' is set on object 'Object Repository/Page_Element/textarea_ab'

2022-01-17 21:57:16 - [TEST_STEP][PASSED] - setText(findTestObject("Object Repository/Page_Element/textarea_abc"), "abc"): Text 'abc' is set on object 'Object Repository/Page_Element/textarea_abc'

2022-01-17 21:57:18 - [MESSAGE][PASSED] - Text 'abc' is set on object 'Object Repository/Page_Element/textarea_abc'

2022-01-17 21:57:18 - [TEST_STEP][PASSED] - click(findTestObject("Object Repository/Page_Element/button_Send feedback")): Object: 'Object Repository/Page_Element/button_Send feedback' is clicked on

2022-01-17 21:57:19 - [MESSAGE][PASSED] - Object: 'Object Repository/Page_Element/button_Send feedback' is clicked on

2022-01-17 21:57:19 - [TEST_STEP][PASSED] - click(findTestObject("Object Repository/Page_Element/button_OK")): Object: 'Object Repository/Page_Element/button_OK' is clicked on

2022-01-17 21:57:20 - [MESSAGE][PASSED] - Object: 'Object Repository/Page_Element/button_OK' is clicked on

2022-01-17 21:57:20 - [TEST_STEP][PASSED] - closeBrowser(): Browser is closed

2022-01-17 21:57:21 - [MESSAGE][PASSED] - Browser is closed]]></system-out>
         <system-err><![CDATA[]]></system-err>
      </testcase>
      <testcase name="Test Cases/49.LogInFail_03" time="16.594" classname="Test Cases/49.LogInFail_03" status="PASSED">
         <system-out><![CDATA[2022-01-17 21:57:21 - [TEST_CASE][PASSED] - Test Cases/49.LogInFail_03: Test Cases/49.LogInFail_03

2022-01-17 21:57:21 - [TEST_STEP][PASSED] - openBrowser(""): Browser is opened with url: ''

2022-01-17 21:57:21 - [MESSAGE][INFO] - Starting 'Chrome' driver

2022-01-17 21:57:21 - [MESSAGE][INFO] - Action delay is set to 1,000 milliseconds

2022-01-17 21:57:23 - [MESSAGE][PASSED] - Browser is opened with url: ''

2022-01-17 21:57:23 - [TEST_STEP][PASSED] - navigateToUrl("http://localhost:8080/"): Navigate to 'http://localhost:8080/' successfully

2022-01-17 21:57:25 - [MESSAGE][PASSED] - Navigate to 'http://localhost:8080/' successfully

2022-01-17 21:57:25 - [TEST_STEP][PASSED] - click(findTestObject("Object Repository/Page_Element/div_Sign In")): Object: 'Object Repository/Page_Element/div_Sign In' is clicked on

2022-01-17 21:57:29 - [MESSAGE][PASSED] - Object: 'Object Repository/Page_Element/div_Sign In' is clicked on

2022-01-17 21:57:29 - [TEST_STEP][PASSED] - setText(findTestObject("Object Repository/Page_Element/input_Sign in with_username"), "Matrix"): Text 'Matrix' is set on object 'Object Repository/Page_Element/input_Sign in with_username'

2022-01-17 21:57:33 - [MESSAGE][PASSED] - Text 'Matrix' is set on object 'Object Repository/Page_Element/input_Sign in with_username'

2022-01-17 21:57:33 - [TEST_STEP][PASSED] - setEncryptedText(findTestObject("Object Repository/Page_Element/input_Username_password"), "wE3H8sMRrXo="): Text ****** has been set on object 'Object Repository/Page_Element/input_Username_password'

2022-01-17 21:57:35 - [MESSAGE][PASSED] - Text ****** has been set on object 'Object Repository/Page_Element/input_Username_password'

2022-01-17 21:57:35 - [TEST_STEP][PASSED] - click(findTestObject("Object Repository/Page_Element/input_Forgot password_mx_Login_submit")): Object: 'Object Repository/Page_Element/input_Forgot password_mx_Login_submit' is clicked on

2022-01-17 21:57:36 - [MESSAGE][PASSED] - Object: 'Object Repository/Page_Element/input_Forgot password_mx_Login_submit' is clicked on

2022-01-17 21:57:36 - [TEST_STEP][PASSED] - click(findTestObject("Object Repository/Page_Element/div_Incorrect username andor password")): Object: 'Object Repository/Page_Element/div_Incorrect username andor password' is clicked on

2022-01-17 21:57:37 - [MESSAGE][PASSED] - Object: 'Object Repository/Page_Element/div_Incorrect username andor password' is clicked on

2022-01-17 21:57:37 - [TEST_STEP][PASSED] - closeBrowser(): Browser is closed

2022-01-17 21:57:38 - [MESSAGE][PASSED] - Browser is closed]]></system-out>
         <system-err><![CDATA[]]></system-err>
      </testcase>
      <testcase name="Test Cases/77.PreferenceCodeBlock" time="36.514" classname="Test Cases/77.PreferenceCodeBlock" status="PASSED">
         <system-out><![CDATA[2022-01-17 21:57:38 - [TEST_CASE][PASSED] - Test Cases/77.PreferenceCodeBlock: Test Cases/77.PreferenceCodeBlock

2022-01-17 21:57:38 - [TEST_STEP][PASSED] - openBrowser(""): Browser is opened with url: ''

2022-01-17 21:57:38 - [MESSAGE][INFO] - Starting 'Chrome' driver

2022-01-17 21:57:38 - [MESSAGE][INFO] - Action delay is set to 1,000 milliseconds

2022-01-17 21:57:39 - [MESSAGE][PASSED] - Browser is opened with url: ''

2022-01-17 21:57:39 - [TEST_STEP][PASSED] - navigateToUrl("http://localhost:8080/"): Navigate to 'http://localhost:8080/' successfully

2022-01-17 21:57:42 - [MESSAGE][PASSED] - Navigate to 'http://localhost:8080/' successfully

2022-01-17 21:57:42 - [TEST_STEP][PASSED] - click(findTestObject("Object Repository/Page_Element/div_Sign In")): Object: 'Object Repository/Page_Element/div_Sign In' is clicked on

2022-01-17 21:57:47 - [MESSAGE][PASSED] - Object: 'Object Repository/Page_Element/div_Sign In' is clicked on

2022-01-17 21:57:47 - [TEST_STEP][PASSED] - setText(findTestObject("Object Repository/Page_Element/input_Sign in with_username"), "ptnha19"): Text 'ptnha19' is set on object 'Object Repository/Page_Element/input_Sign in with_username'

2022-01-17 21:57:50 - [MESSAGE][PASSED] - Text 'ptnha19' is set on object 'Object Repository/Page_Element/input_Sign in with_username'

2022-01-17 21:57:50 - [TEST_STEP][PASSED] - setEncryptedText(findTestObject("Object Repository/Page_Element/input_Username_password"), "5R3Ima4A+eOeCrCDRGMLmJpaGR3V3+YI"): Text ****** has been set on object 'Object Repository/Page_Element/input_Username_password'

2022-01-17 21:57:52 - [MESSAGE][PASSED] - Text ****** has been set on object 'Object Repository/Page_Element/input_Username_password'

2022-01-17 21:57:52 - [TEST_STEP][PASSED] - click(findTestObject("Object Repository/Page_Element/input_Forgot password_mx_Login_submit")): Object: 'Object Repository/Page_Element/input_Forgot password_mx_Login_submit' is clicked on

2022-01-17 21:57:53 - [MESSAGE][PASSED] - Object: 'Object Repository/Page_Element/input_Forgot password_mx_Login_submit' is clicked on

2022-01-17 21:57:53 - [TEST_STEP][PASSED] - click(findTestObject("Object Repository/Page_Element/div_Verify with Security Key")): Object: 'Object Repository/Page_Element/div_Verify with Security Key' is clicked on

2022-01-17 21:58:00 - [MESSAGE][PASSED] - Object: 'Object Repository/Page_Element/div_Verify with Security Key' is clicked on

2022-01-17 21:58:00 - [TEST_STEP][PASSED] - setEncryptedText(findTestObject("Object Repository/Page_Element/input_Security Key_mx_Field_4"), "PF4jXtbe/5x5+S5PgN4Kl/QbANAkWZYKqKaG9gW6gn+Po31AOnak0DX8GoEzAUkskgpeON1UhfEqZG0XXngJPA=="): Text ****** has been set on object 'Object Repository/Page_Element/input_Security Key_mx_Field_4'

2022-01-17 21:58:03 - [MESSAGE][PASSED] - Text ****** has been set on object 'Object Repository/Page_Element/input_Security Key_mx_Field_4'

2022-01-17 21:58:03 - [TEST_STEP][PASSED] - click(findTestObject("Object Repository/Page_Element/button_Continue")): Object: 'Object Repository/Page_Element/button_Continue' is clicked on

2022-01-17 21:58:04 - [MESSAGE][PASSED] - Object: 'Object Repository/Page_Element/button_Continue' is clicked on

2022-01-17 21:58:04 - [TEST_STEP][PASSED] - click(findTestObject("Object Repository/Page_Element/div_Done")): Object: 'Object Repository/Page_Element/div_Done' is clicked on

2022-01-17 21:58:07 - [MESSAGE][PASSED] - Object: 'Object Repository/Page_Element/div_Done' is clicked on

2022-01-17 21:58:07 - [TEST_STEP][PASSED] - rightClick(findTestObject("Object Repository/Page_Element/img_Review_mx_BaseAvatar_image")): Object: 'Object Repository/Page_Element/img_Review_mx_BaseAvatar_image' is right clicked on

2022-01-17 21:58:07 - [MESSAGE][PASSED] - Object: 'Object Repository/Page_Element/img_Review_mx_BaseAvatar_image' is right clicked on

2022-01-17 21:58:07 - [TEST_STEP][PASSED] - click(findTestObject("Object Repository/Page_Element/div_All settings")): Object: 'Object Repository/Page_Element/div_All settings' is clicked on

2022-01-17 21:58:08 - [MESSAGE][PASSED] - Object: 'Object Repository/Page_Element/div_All settings' is clicked on

2022-01-17 21:58:08 - [TEST_STEP][PASSED] - click(findTestObject("Object Repository/Page_Element/div_Preferences")): Object: 'Object Repository/Page_Element/div_Preferences' is clicked on

2022-01-17 21:58:10 - [MESSAGE][PASSED] - Object: 'Object Repository/Page_Element/div_Preferences' is clicked on

2022-01-17 21:58:10 - [TEST_STEP][PASSED] - click(findTestObject("Object Repository/Page_Element/div_Enable automatic language detection for_7a18d5")): Object: 'Object Repository/Page_Element/div_Enable automatic language detection for_7a18d5' is clicked on

2022-01-17 21:58:11 - [MESSAGE][PASSED] - Object: 'Object Repository/Page_Element/div_Enable automatic language detection for_7a18d5' is clicked on

2022-01-17 21:58:11 - [TEST_STEP][PASSED] - click(findTestObject("Object Repository/Page_Element/div_Enable automatic language detection for_9f13ec")): Object: 'Object Repository/Page_Element/div_Enable automatic language detection for_9f13ec' is clicked on

2022-01-17 21:58:12 - [MESSAGE][PASSED] - Object: 'Object Repository/Page_Element/div_Enable automatic language detection for_9f13ec' is clicked on

2022-01-17 21:58:12 - [TEST_STEP][PASSED] - click(findTestObject("Object Repository/Page_Element/div_Settings_mx_AccessibleButton mx_Dialog__4987e8")): Object: 'Object Repository/Page_Element/div_Settings_mx_AccessibleButton mx_Dialog__4987e8' is clicked on

2022-01-17 21:58:14 - [MESSAGE][PASSED] - Object: 'Object Repository/Page_Element/div_Settings_mx_AccessibleButton mx_Dialog__4987e8' is clicked on

2022-01-17 21:58:14 - [TEST_STEP][PASSED] - closeBrowser(): Browser is closed

2022-01-17 21:58:14 - [MESSAGE][PASSED] - Browser is closed]]></system-out>
         <system-err><![CDATA[]]></system-err>
      </testcase>
      <testcase name="Test Cases/78.RightClickSpace" time="41.933" classname="Test Cases/78.RightClickSpace" status="PASSED">
         <system-out><![CDATA[2022-01-17 21:58:14 - [TEST_CASE][PASSED] - Test Cases/78.RightClickSpace: Test Cases/78.RightClickSpace

2022-01-17 21:58:14 - [TEST_STEP][PASSED] - openBrowser(""): Browser is opened with url: ''

2022-01-17 21:58:14 - [MESSAGE][INFO] - Starting 'Chrome' driver

2022-01-17 21:58:14 - [MESSAGE][INFO] - Action delay is set to 1,000 milliseconds

2022-01-17 21:58:16 - [MESSAGE][PASSED] - Browser is opened with url: ''

2022-01-17 21:58:16 - [TEST_STEP][PASSED] - navigateToUrl("http://localhost:8080/"): Navigate to 'http://localhost:8080/' successfully

2022-01-17 21:58:18 - [MESSAGE][PASSED] - Navigate to 'http://localhost:8080/' successfully

2022-01-17 21:58:18 - [TEST_STEP][PASSED] - click(findTestObject("Object Repository/Page_Element/div_Sign In")): Object: 'Object Repository/Page_Element/div_Sign In' is clicked on

2022-01-17 21:58:23 - [MESSAGE][PASSED] - Object: 'Object Repository/Page_Element/div_Sign In' is clicked on

2022-01-17 21:58:23 - [TEST_STEP][PASSED] - setText(findTestObject("Object Repository/Page_Element/input_Sign in with_username"), "ptnha19"): Text 'ptnha19' is set on object 'Object Repository/Page_Element/input_Sign in with_username'

2022-01-17 21:58:33 - [MESSAGE][PASSED] - Text 'ptnha19' is set on object 'Object Repository/Page_Element/input_Sign in with_username'

2022-01-17 21:58:33 - [TEST_STEP][PASSED] - setEncryptedText(findTestObject("Object Repository/Page_Element/input_Username_password"), "5R3Ima4A+eOeCrCDRGMLmJpaGR3V3+YI"): Text ****** has been set on object 'Object Repository/Page_Element/input_Username_password'

2022-01-17 21:58:35 - [MESSAGE][PASSED] - Text ****** has been set on object 'Object Repository/Page_Element/input_Username_password'

2022-01-17 21:58:35 - [TEST_STEP][PASSED] - click(findTestObject("Object Repository/Page_Element/input_Forgot password_mx_Login_submit")): Object: 'Object Repository/Page_Element/input_Forgot password_mx_Login_submit' is clicked on

2022-01-17 21:58:37 - [MESSAGE][PASSED] - Object: 'Object Repository/Page_Element/input_Forgot password_mx_Login_submit' is clicked on

2022-01-17 21:58:37 - [TEST_STEP][PASSED] - click(findTestObject("Object Repository/Page_Element/div_Verify with Security Key")): Object: 'Object Repository/Page_Element/div_Verify with Security Key' is clicked on

2022-01-17 21:58:43 - [MESSAGE][PASSED] - Object: 'Object Repository/Page_Element/div_Verify with Security Key' is clicked on

2022-01-17 21:58:43 - [TEST_STEP][PASSED] - setEncryptedText(findTestObject("Object Repository/Page_Element/input_Security Key_mx_Field_4"), "PF4jXtbe/5x5+S5PgN4Kl/QbANAkWZYKqKaG9gW6gn+Po31AOnak0DX8GoEzAUkskgpeON1UhfEqZG0XXngJPA=="): Text ****** has been set on object 'Object Repository/Page_Element/input_Security Key_mx_Field_4'

2022-01-17 21:58:46 - [MESSAGE][PASSED] - Text ****** has been set on object 'Object Repository/Page_Element/input_Security Key_mx_Field_4'

2022-01-17 21:58:46 - [TEST_STEP][PASSED] - click(findTestObject("Object Repository/Page_Element/button_Continue")): Object: 'Object Repository/Page_Element/button_Continue' is clicked on

2022-01-17 21:58:47 - [MESSAGE][PASSED] - Object: 'Object Repository/Page_Element/button_Continue' is clicked on

2022-01-17 21:58:47 - [TEST_STEP][PASSED] - click(findTestObject("Object Repository/Page_Element/div_Done")): Object: 'Object Repository/Page_Element/div_Done' is clicked on

2022-01-17 21:58:49 - [MESSAGE][PASSED] - Object: 'Object Repository/Page_Element/div_Done' is clicked on

2022-01-17 21:58:49 - [TEST_STEP][PASSED] - rightClick(findTestObject("Object Repository/Page_Element/span_H")): Object: 'Object Repository/Page_Element/span_H' is right clicked on

2022-01-17 21:58:50 - [MESSAGE][PASSED] - Object: 'Object Repository/Page_Element/span_H' is right clicked on

2022-01-17 21:58:50 - [TEST_STEP][PASSED] - click(findTestObject("Object Repository/Page_Element/span_Manage  explore rooms")): Object: 'Object Repository/Page_Element/span_Manage  explore rooms' is clicked on

2022-01-17 21:58:52 - [MESSAGE][PASSED] - Object: 'Object Repository/Page_Element/span_Manage  explore rooms' is clicked on

2022-01-17 21:58:52 - [TEST_STEP][PASSED] - setText(findTestObject("Object Repository/Page_Element  hey ban Khoa/input_This is a test space_mx_textinput_ico_852234"), "abc"): Text 'abc' is set on object 'Object Repository/Page_Element  hey ban Khoa/input_This is a test space_mx_textinput_ico_852234'

2022-01-17 21:58:54 - [MESSAGE][PASSED] - Text 'abc' is set on object 'Object Repository/Page_Element  hey ban Khoa/input_This is a test space_mx_textinput_ico_852234'

2022-01-17 21:58:54 - [TEST_STEP][PASSED] - click(findTestObject("Object Repository/Page_Element  hey ban Khoa/div_This is a test space_mx_AccessibleButto_bf32ba")): Object: 'Object Repository/Page_Element  hey ban Khoa/div_This is a test space_mx_AccessibleButto_bf32ba' is clicked on

2022-01-17 21:58:55 - [MESSAGE][PASSED] - Object: 'Object Repository/Page_Element  hey ban Khoa/div_This is a test space_mx_AccessibleButto_bf32ba' is clicked on

2022-01-17 21:58:55 - [TEST_STEP][PASSED] - closeBrowser(): Browser is closed

2022-01-17 21:58:56 - [MESSAGE][PASSED] - Browser is closed]]></system-out>
         <system-err><![CDATA[]]></system-err>
      </testcase>
      <testcase name="Test Cases/80.PreferemcesSpace_RightClick" time="36.396" classname="Test Cases/80.PreferemcesSpace_RightClick" status="PASSED">
         <system-out><![CDATA[2022-01-17 21:58:56 - [TEST_CASE][PASSED] - Test Cases/80.PreferemcesSpace_RightClick: Test Cases/80.PreferemcesSpace_RightClick

2022-01-17 21:58:56 - [TEST_STEP][PASSED] - openBrowser(""): Browser is opened with url: ''

2022-01-17 21:58:56 - [MESSAGE][INFO] - Starting 'Chrome' driver

2022-01-17 21:58:56 - [MESSAGE][INFO] - Action delay is set to 1,000 milliseconds

2022-01-17 21:58:58 - [MESSAGE][PASSED] - Browser is opened with url: ''

2022-01-17 21:58:58 - [TEST_STEP][PASSED] - navigateToUrl("http://localhost:8080/"): Navigate to 'http://localhost:8080/' successfully

2022-01-17 21:59:00 - [MESSAGE][PASSED] - Navigate to 'http://localhost:8080/' successfully

2022-01-17 21:59:00 - [TEST_STEP][PASSED] - click(findTestObject("Object Repository/Page_Element/div_Sign In")): Object: 'Object Repository/Page_Element/div_Sign In' is clicked on

2022-01-17 21:59:05 - [MESSAGE][PASSED] - Object: 'Object Repository/Page_Element/div_Sign In' is clicked on

2022-01-17 21:59:05 - [TEST_STEP][PASSED] - setText(findTestObject("Object Repository/Page_Element/input_Sign in with_username"), "ptnha19"): Text 'ptnha19' is set on object 'Object Repository/Page_Element/input_Sign in with_username'

2022-01-17 21:59:09 - [MESSAGE][PASSED] - Text 'ptnha19' is set on object 'Object Repository/Page_Element/input_Sign in with_username'

2022-01-17 21:59:09 - [TEST_STEP][PASSED] - setEncryptedText(findTestObject("Object Repository/Page_Element/input_Username_password"), "5R3Ima4A+eOeCrCDRGMLmJpaGR3V3+YI"): Text ****** has been set on object 'Object Repository/Page_Element/input_Username_password'

2022-01-17 21:59:11 - [MESSAGE][PASSED] - Text ****** has been set on object 'Object Repository/Page_Element/input_Username_password'

2022-01-17 21:59:11 - [TEST_STEP][PASSED] - click(findTestObject("Object Repository/Page_Element/input_Forgot password_mx_Login_submit")): Object: 'Object Repository/Page_Element/input_Forgot password_mx_Login_submit' is clicked on

2022-01-17 21:59:12 - [MESSAGE][PASSED] - Object: 'Object Repository/Page_Element/input_Forgot password_mx_Login_submit' is clicked on

2022-01-17 21:59:12 - [TEST_STEP][PASSED] - click(findTestObject("Object Repository/Page_Element/div_Verify with Security Key")): Object: 'Object Repository/Page_Element/div_Verify with Security Key' is clicked on

2022-01-17 21:59:19 - [MESSAGE][PASSED] - Object: 'Object Repository/Page_Element/div_Verify with Security Key' is clicked on

2022-01-17 21:59:19 - [TEST_STEP][PASSED] - setEncryptedText(findTestObject("Object Repository/Page_Element/input_Security Key_mx_Field_4"), "PF4jXtbe/5x5+S5PgN4Kl/QbANAkWZYKqKaG9gW6gn+Po31AOnak0DX8GoEzAUkskgpeON1UhfEqZG0XXngJPA=="): Text ****** has been set on object 'Object Repository/Page_Element/input_Security Key_mx_Field_4'

2022-01-17 21:59:22 - [MESSAGE][PASSED] - Text ****** has been set on object 'Object Repository/Page_Element/input_Security Key_mx_Field_4'

2022-01-17 21:59:22 - [TEST_STEP][PASSED] - click(findTestObject("Object Repository/Page_Element/button_Continue")): Object: 'Object Repository/Page_Element/button_Continue' is clicked on

2022-01-17 21:59:23 - [MESSAGE][PASSED] - Object: 'Object Repository/Page_Element/button_Continue' is clicked on

2022-01-17 21:59:23 - [TEST_STEP][PASSED] - click(findTestObject("Object Repository/Page_Element/div_Done")): Object: 'Object Repository/Page_Element/div_Done' is clicked on

2022-01-17 21:59:26 - [MESSAGE][PASSED] - Object: 'Object Repository/Page_Element/div_Done' is clicked on

2022-01-17 21:59:26 - [TEST_STEP][PASSED] - rightClick(findTestObject("Object Repository/Page_Element/span_H")): Object: 'Object Repository/Page_Element/span_H' is right clicked on

2022-01-17 21:59:26 - [MESSAGE][PASSED] - Object: 'Object Repository/Page_Element/span_H' is right clicked on

2022-01-17 21:59:26 - [TEST_STEP][PASSED] - click(findTestObject("Object Repository/Page_Element/span_Preferences")): Object: 'Object Repository/Page_Element/span_Preferences' is clicked on

2022-01-17 21:59:27 - [MESSAGE][PASSED] - Object: 'Object Repository/Page_Element/span_Preferences' is clicked on

2022-01-17 21:59:27 - [TEST_STEP][PASSED] - click(findTestObject("Object Repository/Page_Element/div_Sections to show_mx_Checkbox_background")): Object: 'Object Repository/Page_Element/div_Sections to show_mx_Checkbox_background' is clicked on

2022-01-17 21:59:29 - [MESSAGE][PASSED] - Object: 'Object Repository/Page_Element/div_Sections to show_mx_Checkbox_background' is clicked on

2022-01-17 21:59:29 - [TEST_STEP][PASSED] - click(findTestObject("Object Repository/Page_Element/div_Sections to show_mx_Checkbox_checkmark")): Object: 'Object Repository/Page_Element/div_Sections to show_mx_Checkbox_checkmark' is clicked on

2022-01-17 21:59:30 - [MESSAGE][PASSED] - Object: 'Object Repository/Page_Element/div_Sections to show_mx_Checkbox_checkmark' is clicked on

2022-01-17 21:59:30 - [TEST_STEP][PASSED] - click(findTestObject("Object Repository/Page_Element/div_Preferences_mx_AccessibleButton mx_Dial_364915")): Object: 'Object Repository/Page_Element/div_Preferences_mx_AccessibleButton mx_Dial_364915' is clicked on

2022-01-17 21:59:32 - [MESSAGE][PASSED] - Object: 'Object Repository/Page_Element/div_Preferences_mx_AccessibleButton mx_Dial_364915' is clicked on

2022-01-17 21:59:32 - [TEST_STEP][PASSED] - closeBrowser(): Browser is closed

2022-01-17 21:59:33 - [MESSAGE][PASSED] - Browser is closed]]></system-out>
         <system-err><![CDATA[]]></system-err>
      </testcase>
      <testcase name="Test Cases/82.SignIn02" time="47.995" classname="Test Cases/82.SignIn02" status="PASSED">
         <system-out><![CDATA[2022-01-17 21:59:33 - [TEST_CASE][PASSED] - Test Cases/82.SignIn02: Test Cases/82.SignIn02

2022-01-17 21:59:33 - [TEST_STEP][PASSED] - openBrowser(""): Browser is opened with url: ''

2022-01-17 21:59:33 - [MESSAGE][INFO] - Starting 'Chrome' driver

2022-01-17 21:59:33 - [MESSAGE][INFO] - Action delay is set to 1,000 milliseconds

2022-01-17 21:59:34 - [MESSAGE][PASSED] - Browser is opened with url: ''

2022-01-17 21:59:34 - [TEST_STEP][PASSED] - navigateToUrl("http://localhost:8080/"): Navigate to 'http://localhost:8080/' successfully

2022-01-17 21:59:37 - [MESSAGE][PASSED] - Navigate to 'http://localhost:8080/' successfully

2022-01-17 21:59:37 - [TEST_STEP][PASSED] - click(findTestObject("Object Repository/Page_Element/div_English (US)")): Object: 'Object Repository/Page_Element/div_English (US)' is clicked on

2022-01-17 21:59:42 - [MESSAGE][PASSED] - Object: 'Object Repository/Page_Element/div_English (US)' is clicked on

2022-01-17 21:59:42 - [TEST_STEP][PASSED] - setText(findTestObject("Object Repository/Page_Element/input_Explore rooms_mx_LanguageDropdown_input"), "Dan"): Text 'Dan' is set on object 'Object Repository/Page_Element/input_Explore rooms_mx_LanguageDropdown_input'

2022-01-17 21:59:44 - [MESSAGE][PASSED] - Text 'Dan' is set on object 'Object Repository/Page_Element/input_Explore rooms_mx_LanguageDropdown_input'

2022-01-17 21:59:44 - [TEST_STEP][PASSED] - click(findTestObject("Object Repository/Page_Element/div_Dansk")): Object: 'Object Repository/Page_Element/div_Dansk' is clicked on

2022-01-17 21:59:47 - [MESSAGE][PASSED] - Object: 'Object Repository/Page_Element/div_Dansk' is clicked on

2022-01-17 21:59:47 - [TEST_STEP][PASSED] - click(findTestObject("Object Repository/Page_Element/div_Dansk_1")): Object: 'Object Repository/Page_Element/div_Dansk_1' is clicked on

2022-01-17 21:59:50 - [MESSAGE][PASSED] - Object: 'Object Repository/Page_Element/div_Dansk_1' is clicked on

2022-01-17 21:59:50 - [TEST_STEP][PASSED] - setText(findTestObject("Object Repository/Page_Element/input_Explore rooms_mx_LanguageDropdown_input"), "Eng"): Text 'Eng' is set on object 'Object Repository/Page_Element/input_Explore rooms_mx_LanguageDropdown_input'

2022-01-17 21:59:52 - [MESSAGE][PASSED] - Text 'Eng' is set on object 'Object Repository/Page_Element/input_Explore rooms_mx_LanguageDropdown_input'

2022-01-17 21:59:52 - [TEST_STEP][PASSED] - click(findTestObject("Object Repository/Page_Element/div_English")): Object: 'Object Repository/Page_Element/div_English' is clicked on

2022-01-17 21:59:54 - [MESSAGE][PASSED] - Object: 'Object Repository/Page_Element/div_English' is clicked on

2022-01-17 21:59:54 - [TEST_STEP][PASSED] - click(findTestObject("Object Repository/Page_Element/div_Explore rooms")): Object: 'Object Repository/Page_Element/div_Explore rooms' is clicked on

2022-01-17 21:59:57 - [MESSAGE][PASSED] - Object: 'Object Repository/Page_Element/div_Explore rooms' is clicked on

2022-01-17 21:59:57 - [TEST_STEP][PASSED] - click(findTestObject("Object Repository/Page_Element/div_Explore rooms_mx_AccessibleButton mx_Di_ac37a4")): Object: 'Object Repository/Page_Element/div_Explore rooms_mx_AccessibleButton mx_Di_ac37a4' is clicked on

2022-01-17 21:59:58 - [MESSAGE][PASSED] - Object: 'Object Repository/Page_Element/div_Explore rooms_mx_AccessibleButton mx_Di_ac37a4' is clicked on

2022-01-17 21:59:58 - [TEST_STEP][PASSED] - click(findTestObject("Object Repository/Page_Element/div_Sign In")): Object: 'Object Repository/Page_Element/div_Sign In' is clicked on

2022-01-17 21:59:59 - [MESSAGE][PASSED] - Object: 'Object Repository/Page_Element/div_Sign In' is clicked on

2022-01-17 21:59:59 - [TEST_STEP][PASSED] - setText(findTestObject("Object Repository/Page_Element/input_Sign in with_username"), "ptnha19"): Text 'ptnha19' is set on object 'Object Repository/Page_Element/input_Sign in with_username'

2022-01-17 22:00:02 - [MESSAGE][PASSED] - Text 'ptnha19' is set on object 'Object Repository/Page_Element/input_Sign in with_username'

2022-01-17 22:00:02 - [TEST_STEP][PASSED] - setEncryptedText(findTestObject("Object Repository/Page_Element/input_Username_password"), "5R3Ima4A+eOeCrCDRGMLmJpaGR3V3+YI"): Text ****** has been set on object 'Object Repository/Page_Element/input_Username_password'

2022-01-17 22:00:04 - [MESSAGE][PASSED] - Text ****** has been set on object 'Object Repository/Page_Element/input_Username_password'

2022-01-17 22:00:04 - [TEST_STEP][PASSED] - click(findTestObject("Object Repository/Page_Element/input_Forgot password_mx_Login_submit")): Object: 'Object Repository/Page_Element/input_Forgot password_mx_Login_submit' is clicked on

2022-01-17 22:00:06 - [MESSAGE][PASSED] - Object: 'Object Repository/Page_Element/input_Forgot password_mx_Login_submit' is clicked on

2022-01-17 22:00:06 - [TEST_STEP][PASSED] - click(findTestObject("Object Repository/Page_Element/div_Verify with Security Key")): Object: 'Object Repository/Page_Element/div_Verify with Security Key' is clicked on

2022-01-17 22:00:13 - [MESSAGE][PASSED] - Object: 'Object Repository/Page_Element/div_Verify with Security Key' is clicked on

2022-01-17 22:00:13 - [TEST_STEP][PASSED] - setEncryptedText(findTestObject("Object Repository/Page_Element/input_Security Key_mx_Field_4"), "PF4jXtbe/5x5+S5PgN4Kl/QbANAkWZYKqKaG9gW6gn+Po31AOnak0DX8GoEzAUkskgpeON1UhfEqZG0XXngJPA=="): Text ****** has been set on object 'Object Repository/Page_Element/input_Security Key_mx_Field_4'

2022-01-17 22:00:16 - [MESSAGE][PASSED] - Text ****** has been set on object 'Object Repository/Page_Element/input_Security Key_mx_Field_4'

2022-01-17 22:00:16 - [TEST_STEP][PASSED] - click(findTestObject("Object Repository/Page_Element/button_Continue")): Object: 'Object Repository/Page_Element/button_Continue' is clicked on

2022-01-17 22:00:17 - [MESSAGE][PASSED] - Object: 'Object Repository/Page_Element/button_Continue' is clicked on

2022-01-17 22:00:17 - [TEST_STEP][PASSED] - click(findTestObject("Object Repository/Page_Element/div_Done")): Object: 'Object Repository/Page_Element/div_Done' is clicked on

2022-01-17 22:00:20 - [MESSAGE][PASSED] - Object: 'Object Repository/Page_Element/div_Done' is clicked on

2022-01-17 22:00:20 - [TEST_STEP][PASSED] - closeBrowser(): Browser is closed

2022-01-17 22:00:21 - [MESSAGE][PASSED] - Browser is closed]]></system-out>
         <system-err><![CDATA[]]></system-err>
      </testcase>
      <testcase name="Test Cases/85.SignInFail02" time="38.226" classname="Test Cases/85.SignInFail02" status="PASSED">
         <system-out><![CDATA[2022-01-17 22:00:21 - [TEST_CASE][PASSED] - Test Cases/85.SignInFail02: Test Cases/85.SignInFail02

2022-01-17 22:00:21 - [TEST_STEP][PASSED] - openBrowser(""): Browser is opened with url: ''

2022-01-17 22:00:21 - [MESSAGE][INFO] - Starting 'Chrome' driver

2022-01-17 22:00:21 - [MESSAGE][INFO] - Action delay is set to 1,000 milliseconds

2022-01-17 22:00:22 - [MESSAGE][PASSED] - Browser is opened with url: ''

2022-01-17 22:00:22 - [TEST_STEP][PASSED] - navigateToUrl("http://localhost:8080/"): Navigate to 'http://localhost:8080/' successfully

2022-01-17 22:00:25 - [MESSAGE][PASSED] - Navigate to 'http://localhost:8080/' successfully

2022-01-17 22:00:25 - [TEST_STEP][PASSED] - click(findTestObject("Object Repository/Page_Element/div_Explore rooms")): Object: 'Object Repository/Page_Element/div_Explore rooms' is clicked on

2022-01-17 22:00:37 - [MESSAGE][PASSED] - Object: 'Object Repository/Page_Element/div_Explore rooms' is clicked on

2022-01-17 22:00:37 - [TEST_STEP][PASSED] - setText(findTestObject("Object Repository/Page_Element/input_Create a new room_dirsearch"), "dhb"): Text 'dhb' is set on object 'Object Repository/Page_Element/input_Create a new room_dirsearch'

2022-01-17 22:00:40 - [MESSAGE][PASSED] - Text 'dhb' is set on object 'Object Repository/Page_Element/input_Create a new room_dirsearch'

2022-01-17 22:00:40 - [TEST_STEP][PASSED] - delay(5): Delayed 5 second(s)

2022-01-17 22:00:45 - [MESSAGE][PASSED] - Delayed 5 second(s)

2022-01-17 22:00:45 - [TEST_STEP][PASSED] - click(findTestObject("Object Repository/Page_Element/div_Preview")): Object: 'Object Repository/Page_Element/div_Preview' is clicked on

2022-01-17 22:00:51 - [MESSAGE][PASSED] - Object: 'Object Repository/Page_Element/div_Preview' is clicked on

2022-01-17 22:00:51 - [TEST_STEP][PASSED] - click(findTestObject("Object Repository/Page_Element/button_Sign In")): Object: 'Object Repository/Page_Element/button_Sign In' is clicked on

2022-01-17 22:00:52 - [MESSAGE][PASSED] - Object: 'Object Repository/Page_Element/button_Sign In' is clicked on

2022-01-17 22:00:52 - [TEST_STEP][PASSED] - setText(findTestObject("Object Repository/Page_Element/input_Sign in with_username"), "ptnha19"): Text 'ptnha19' is set on object 'Object Repository/Page_Element/input_Sign in with_username'

2022-01-17 22:00:55 - [MESSAGE][PASSED] - Text 'ptnha19' is set on object 'Object Repository/Page_Element/input_Sign in with_username'

2022-01-17 22:00:55 - [TEST_STEP][PASSED] - setEncryptedText(findTestObject("Object Repository/Page_Element/input_Username_password"), "8ylGA/40/qI="): Text ****** has been set on object 'Object Repository/Page_Element/input_Username_password'

2022-01-17 22:00:57 - [MESSAGE][PASSED] - Text ****** has been set on object 'Object Repository/Page_Element/input_Username_password'

2022-01-17 22:00:57 - [TEST_STEP][PASSED] - click(findTestObject("Object Repository/Page_Element/input_Forgot password_mx_Login_submit")): Object: 'Object Repository/Page_Element/input_Forgot password_mx_Login_submit' is clicked on

2022-01-17 22:00:58 - [MESSAGE][PASSED] - Object: 'Object Repository/Page_Element/input_Forgot password_mx_Login_submit' is clicked on

2022-01-17 22:00:58 - [TEST_STEP][PASSED] - closeBrowser(): Browser is closed

2022-01-17 22:00:59 - [MESSAGE][PASSED] - Browser is closed]]></system-out>
         <system-err><![CDATA[]]></system-err>
      </testcase>
      <testcase name="Test Cases/90.ExploreRoomCreateGroup" time="38.311" classname="Test Cases/90.ExploreRoomCreateGroup" status="PASSED">
         <system-out><![CDATA[2022-01-17 22:00:59 - [TEST_CASE][PASSED] - Test Cases/90.ExploreRoomCreateGroup: Test Cases/90.ExploreRoomCreateGroup

2022-01-17 22:00:59 - [TEST_STEP][PASSED] - openBrowser(""): Browser is opened with url: ''

2022-01-17 22:00:59 - [MESSAGE][INFO] - Starting 'Chrome' driver

2022-01-17 22:00:59 - [MESSAGE][INFO] - Action delay is set to 1,000 milliseconds

2022-01-17 22:01:00 - [MESSAGE][PASSED] - Browser is opened with url: ''

2022-01-17 22:01:00 - [TEST_STEP][PASSED] - navigateToUrl("http://localhost:8080/"): Navigate to 'http://localhost:8080/' successfully

2022-01-17 22:01:02 - [MESSAGE][PASSED] - Navigate to 'http://localhost:8080/' successfully

2022-01-17 22:01:02 - [TEST_STEP][PASSED] - click(findTestObject("Object Repository/Page_Element/div_Sign In")): Object: 'Object Repository/Page_Element/div_Sign In' is clicked on

2022-01-17 22:01:06 - [MESSAGE][PASSED] - Object: 'Object Repository/Page_Element/div_Sign In' is clicked on

2022-01-17 22:01:06 - [TEST_STEP][PASSED] - setText(findTestObject("Object Repository/Page_Element/input_Sign in with_username"), "ptnha19"): Text 'ptnha19' is set on object 'Object Repository/Page_Element/input_Sign in with_username'

2022-01-17 22:01:09 - [MESSAGE][PASSED] - Text 'ptnha19' is set on object 'Object Repository/Page_Element/input_Sign in with_username'

2022-01-17 22:01:09 - [TEST_STEP][PASSED] - setEncryptedText(findTestObject("Object Repository/Page_Element/input_Username_password"), "5R3Ima4A+eOeCrCDRGMLmJpaGR3V3+YI"): Text ****** has been set on object 'Object Repository/Page_Element/input_Username_password'

2022-01-17 22:01:12 - [MESSAGE][PASSED] - Text ****** has been set on object 'Object Repository/Page_Element/input_Username_password'

2022-01-17 22:01:12 - [TEST_STEP][PASSED] - click(findTestObject("Object Repository/Page_Element/input_Forgot password_mx_Login_submit")): Object: 'Object Repository/Page_Element/input_Forgot password_mx_Login_submit' is clicked on

2022-01-17 22:01:13 - [MESSAGE][PASSED] - Object: 'Object Repository/Page_Element/input_Forgot password_mx_Login_submit' is clicked on

2022-01-17 22:01:13 - [TEST_STEP][PASSED] - click(findTestObject("Object Repository/Page_Element/div_Verify with Security Key")): Object: 'Object Repository/Page_Element/div_Verify with Security Key' is clicked on

2022-01-17 22:01:20 - [MESSAGE][PASSED] - Object: 'Object Repository/Page_Element/div_Verify with Security Key' is clicked on

2022-01-17 22:01:20 - [TEST_STEP][PASSED] - setEncryptedText(findTestObject("Object Repository/Page_Element/input_Security Key_mx_Field_4"), "PF4jXtbe/5x5+S5PgN4Kl/QbANAkWZYKqKaG9gW6gn+Po31AOnak0DX8GoEzAUkskgpeON1UhfEqZG0XXngJPA=="): Text ****** has been set on object 'Object Repository/Page_Element/input_Security Key_mx_Field_4'

2022-01-17 22:01:23 - [MESSAGE][PASSED] - Text ****** has been set on object 'Object Repository/Page_Element/input_Security Key_mx_Field_4'

2022-01-17 22:01:23 - [TEST_STEP][PASSED] - click(findTestObject("Object Repository/Page_Element/button_Continue")): Object: 'Object Repository/Page_Element/button_Continue' is clicked on

2022-01-17 22:01:24 - [MESSAGE][PASSED] - Object: 'Object Repository/Page_Element/button_Continue' is clicked on

2022-01-17 22:01:24 - [TEST_STEP][PASSED] - click(findTestObject("Object Repository/Page_Element/div_Done")): Object: 'Object Repository/Page_Element/div_Done' is clicked on

2022-01-17 22:01:26 - [MESSAGE][PASSED] - Object: 'Object Repository/Page_Element/div_Done' is clicked on

2022-01-17 22:01:26 - [TEST_STEP][PASSED] - click(findTestObject("Object Repository/Page_Element/span_Explore public rooms")): Object: 'Object Repository/Page_Element/span_Explore public rooms' is clicked on

2022-01-17 22:01:27 - [MESSAGE][PASSED] - Object: 'Object Repository/Page_Element/span_Explore public rooms' is clicked on

2022-01-17 22:01:27 - [TEST_STEP][PASSED] - setText(findTestObject("Object Repository/Page_Element/input_Create a new room_dirsearch"), "abc"): Text 'abc' is set on object 'Object Repository/Page_Element/input_Create a new room_dirsearch'

2022-01-17 22:01:30 - [MESSAGE][PASSED] - Text 'abc' is set on object 'Object Repository/Page_Element/input_Create a new room_dirsearch'

2022-01-17 22:01:30 - [TEST_STEP][PASSED] - click(findTestObject("Object Repository/Page_Element/div_Explore rooms_mx_AccessibleButton mx_Di_ac37a4")): Object: 'Object Repository/Page_Element/div_Explore rooms_mx_AccessibleButton mx_Di_ac37a4' is clicked on

2022-01-17 22:01:31 - [MESSAGE][PASSED] - Object: 'Object Repository/Page_Element/div_Explore rooms_mx_AccessibleButton mx_Di_ac37a4' is clicked on

2022-01-17 22:01:31 - [TEST_STEP][PASSED] - click(findTestObject("Object Repository/Page_Element/div_Create a Group Chat")): Object: 'Object Repository/Page_Element/div_Create a Group Chat' is clicked on

2022-01-17 22:01:32 - [MESSAGE][PASSED] - Object: 'Object Repository/Page_Element/div_Create a Group Chat' is clicked on

2022-01-17 22:01:32 - [TEST_STEP][PASSED] - click(findTestObject("Object Repository/Page_Element/div_Private room (invite only)")): Object: 'Object Repository/Page_Element/div_Private room (invite only)' is clicked on

2022-01-17 22:01:34 - [MESSAGE][PASSED] - Object: 'Object Repository/Page_Element/div_Private room (invite only)' is clicked on

2022-01-17 22:01:34 - [TEST_STEP][PASSED] - click(findTestObject("Object Repository/Page_Element/div_Public room")): Object: 'Object Repository/Page_Element/div_Public room' is clicked on

2022-01-17 22:01:35 - [MESSAGE][PASSED] - Object: 'Object Repository/Page_Element/div_Public room' is clicked on

2022-01-17 22:01:35 - [TEST_STEP][PASSED] - click(findTestObject("Object Repository/Page_Element/button_Cancel")): Object: 'Object Repository/Page_Element/button_Cancel' is clicked on

2022-01-17 22:01:36 - [MESSAGE][PASSED] - Object: 'Object Repository/Page_Element/button_Cancel' is clicked on

2022-01-17 22:01:36 - [TEST_STEP][PASSED] - closeBrowser(): Browser is closed

2022-01-17 22:01:37 - [MESSAGE][PASSED] - Browser is closed]]></system-out>
         <system-err><![CDATA[]]></system-err>
      </testcase>
      <testcase name="Test Cases/91.SendMessageCreateGroup" time="43.024" classname="Test Cases/91.SendMessageCreateGroup" status="PASSED">
         <system-out><![CDATA[2022-01-17 22:01:37 - [TEST_CASE][PASSED] - Test Cases/91.SendMessageCreateGroup: Test Cases/91.SendMessageCreateGroup

2022-01-17 22:01:37 - [TEST_STEP][PASSED] - openBrowser(""): Browser is opened with url: ''

2022-01-17 22:01:37 - [MESSAGE][INFO] - Starting 'Chrome' driver

2022-01-17 22:01:37 - [MESSAGE][INFO] - Action delay is set to 1,000 milliseconds

2022-01-17 22:01:38 - [MESSAGE][PASSED] - Browser is opened with url: ''

2022-01-17 22:01:38 - [TEST_STEP][PASSED] - navigateToUrl("http://localhost:8080/"): Navigate to 'http://localhost:8080/' successfully

2022-01-17 22:01:41 - [MESSAGE][PASSED] - Navigate to 'http://localhost:8080/' successfully

2022-01-17 22:01:41 - [TEST_STEP][PASSED] - click(findTestObject("Object Repository/Page_Element/div_Sign In")): Object: 'Object Repository/Page_Element/div_Sign In' is clicked on

2022-01-17 22:01:46 - [MESSAGE][PASSED] - Object: 'Object Repository/Page_Element/div_Sign In' is clicked on

2022-01-17 22:01:46 - [TEST_STEP][PASSED] - setText(findTestObject("Object Repository/Page_Element/input_Sign in with_username"), "ptnha19"): Text 'ptnha19' is set on object 'Object Repository/Page_Element/input_Sign in with_username'

2022-01-17 22:01:49 - [MESSAGE][PASSED] - Text 'ptnha19' is set on object 'Object Repository/Page_Element/input_Sign in with_username'

2022-01-17 22:01:49 - [TEST_STEP][PASSED] - setEncryptedText(findTestObject("Object Repository/Page_Element/input_Username_password"), "5R3Ima4A+eOeCrCDRGMLmJpaGR3V3+YI"): Text ****** has been set on object 'Object Repository/Page_Element/input_Username_password'

2022-01-17 22:01:52 - [MESSAGE][PASSED] - Text ****** has been set on object 'Object Repository/Page_Element/input_Username_password'

2022-01-17 22:01:52 - [TEST_STEP][PASSED] - click(findTestObject("Object Repository/Page_Element/input_Forgot password_mx_Login_submit")): Object: 'Object Repository/Page_Element/input_Forgot password_mx_Login_submit' is clicked on

2022-01-17 22:01:53 - [MESSAGE][PASSED] - Object: 'Object Repository/Page_Element/input_Forgot password_mx_Login_submit' is clicked on

2022-01-17 22:01:53 - [TEST_STEP][PASSED] - click(findTestObject("Object Repository/Page_Element/div_Verify with Security Key")): Object: 'Object Repository/Page_Element/div_Verify with Security Key' is clicked on

2022-01-17 22:02:00 - [MESSAGE][PASSED] - Object: 'Object Repository/Page_Element/div_Verify with Security Key' is clicked on

2022-01-17 22:02:00 - [TEST_STEP][PASSED] - setEncryptedText(findTestObject("Object Repository/Page_Element/input_Security Key_mx_Field_4"), "PF4jXtbe/5x5+S5PgN4Kl/QbANAkWZYKqKaG9gW6gn+Po31AOnak0DX8GoEzAUkskgpeON1UhfEqZG0XXngJPA=="): Text ****** has been set on object 'Object Repository/Page_Element/input_Security Key_mx_Field_4'

2022-01-17 22:02:03 - [MESSAGE][PASSED] - Text ****** has been set on object 'Object Repository/Page_Element/input_Security Key_mx_Field_4'

2022-01-17 22:02:03 - [TEST_STEP][PASSED] - click(findTestObject("Object Repository/Page_Element/button_Continue")): Object: 'Object Repository/Page_Element/button_Continue' is clicked on

2022-01-17 22:02:04 - [MESSAGE][PASSED] - Object: 'Object Repository/Page_Element/button_Continue' is clicked on

2022-01-17 22:02:04 - [TEST_STEP][PASSED] - click(findTestObject("Object Repository/Page_Element/div_Done")): Object: 'Object Repository/Page_Element/div_Done' is clicked on

2022-01-17 22:02:07 - [MESSAGE][PASSED] - Object: 'Object Repository/Page_Element/div_Done' is clicked on

2022-01-17 22:02:07 - [TEST_STEP][PASSED] - click(findTestObject("Object Repository/Page_Element/span_Send a Direct Message")): Object: 'Object Repository/Page_Element/span_Send a Direct Message' is clicked on

2022-01-17 22:02:08 - [MESSAGE][PASSED] - Object: 'Object Repository/Page_Element/span_Send a Direct Message' is clicked on

2022-01-17 22:02:08 - [TEST_STEP][PASSED] - click(findTestObject("Object Repository/Page_Element/div_Direct Messages_mx_AccessibleButton mx__57a7bb")): Object: 'Object Repository/Page_Element/div_Direct Messages_mx_AccessibleButton mx__57a7bb' is clicked on

2022-01-17 22:02:09 - [MESSAGE][PASSED] - Object: 'Object Repository/Page_Element/div_Direct Messages_mx_AccessibleButton mx__57a7bb' is clicked on

2022-01-17 22:02:09 - [TEST_STEP][PASSED] - click(findTestObject("Object Repository/Page_Element/div_Create a Group Chat")): Object: 'Object Repository/Page_Element/div_Create a Group Chat' is clicked on

2022-01-17 22:02:10 - [MESSAGE][PASSED] - Object: 'Object Repository/Page_Element/div_Create a Group Chat' is clicked on

2022-01-17 22:02:10 - [TEST_STEP][PASSED] - click(findTestObject("Object Repository/Page_Element/div_Enable end-to-end encryption_mx_Accessi_02f4c6")): Object: 'Object Repository/Page_Element/div_Enable end-to-end encryption_mx_Accessi_02f4c6' is clicked on

2022-01-17 22:02:11 - [MESSAGE][PASSED] - Object: 'Object Repository/Page_Element/div_Enable end-to-end encryption_mx_Accessi_02f4c6' is clicked on

2022-01-17 22:02:11 - [TEST_STEP][PASSED] - click(findTestObject("Object Repository/Page_Element/div_Enable end-to-end encryption_mx_Accessi_461c8f")): Object: 'Object Repository/Page_Element/div_Enable end-to-end encryption_mx_Accessi_461c8f' is clicked on

2022-01-17 22:02:13 - [MESSAGE][PASSED] - Object: 'Object Repository/Page_Element/div_Enable end-to-end encryption_mx_Accessi_461c8f' is clicked on

2022-01-17 22:02:13 - [TEST_STEP][PASSED] - click(findTestObject("Object Repository/Page_Element/div_Private room (invite only)")): Object: 'Object Repository/Page_Element/div_Private room (invite only)' is clicked on

2022-01-17 22:02:14 - [MESSAGE][PASSED] - Object: 'Object Repository/Page_Element/div_Private room (invite only)' is clicked on

2022-01-17 22:02:14 - [TEST_STEP][PASSED] - click(findTestObject("Object Repository/Page_Element/div_Public room")): Object: 'Object Repository/Page_Element/div_Public room' is clicked on

2022-01-17 22:02:15 - [MESSAGE][PASSED] - Object: 'Object Repository/Page_Element/div_Public room' is clicked on

2022-01-17 22:02:15 - [TEST_STEP][PASSED] - click(findTestObject("Object Repository/Page_Element/div_Public room_1")): Object: 'Object Repository/Page_Element/div_Public room_1' is clicked on

2022-01-17 22:02:16 - [MESSAGE][PASSED] - Object: 'Object Repository/Page_Element/div_Public room_1' is clicked on

2022-01-17 22:02:16 - [TEST_STEP][PASSED] - click(findTestObject("Object Repository/Page_Element/div_Private room (invite only)_1")): Object: 'Object Repository/Page_Element/div_Private room (invite only)_1' is clicked on

2022-01-17 22:02:17 - [MESSAGE][PASSED] - Object: 'Object Repository/Page_Element/div_Private room (invite only)_1' is clicked on

2022-01-17 22:02:17 - [TEST_STEP][PASSED] - click(findTestObject("Object Repository/Page_Element/summary_Show advanced")): Object: 'Object Repository/Page_Element/summary_Show advanced' is clicked on

2022-01-17 22:02:18 - [MESSAGE][PASSED] - Object: 'Object Repository/Page_Element/summary_Show advanced' is clicked on

2022-01-17 22:02:18 - [TEST_STEP][PASSED] - click(findTestObject("Object Repository/Page_Element/div_Create a private room_mx_AccessibleButt_34e55a")): Object: 'Object Repository/Page_Element/div_Create a private room_mx_AccessibleButt_34e55a' is clicked on

2022-01-17 22:02:19 - [MESSAGE][PASSED] - Object: 'Object Repository/Page_Element/div_Create a private room_mx_AccessibleButt_34e55a' is clicked on

2022-01-17 22:02:19 - [TEST_STEP][PASSED] - closeBrowser(): Browser is closed

2022-01-17 22:02:20 - [MESSAGE][PASSED] - Browser is closed]]></system-out>
         <system-err><![CDATA[]]></system-err>
      </testcase>
      <testcase name="Test Cases/93.SendMessageExploreRoomCreateGroup" time="37.286" classname="Test Cases/93.SendMessageExploreRoomCreateGroup" status="PASSED">
         <system-out><![CDATA[2022-01-17 22:02:20 - [TEST_CASE][PASSED] - Test Cases/93.SendMessageExploreRoomCreateGroup: Test Cases/93.SendMessageExploreRoomCreateGroup

2022-01-17 22:02:20 - [TEST_STEP][PASSED] - openBrowser(""): Browser is opened with url: ''

2022-01-17 22:02:20 - [MESSAGE][INFO] - Starting 'Chrome' driver

2022-01-17 22:02:20 - [MESSAGE][INFO] - Action delay is set to 1,000 milliseconds

2022-01-17 22:02:21 - [MESSAGE][PASSED] - Browser is opened with url: ''

2022-01-17 22:02:21 - [TEST_STEP][PASSED] - navigateToUrl("http://localhost:8080/"): Navigate to 'http://localhost:8080/' successfully

2022-01-17 22:02:24 - [MESSAGE][PASSED] - Navigate to 'http://localhost:8080/' successfully

2022-01-17 22:02:24 - [TEST_STEP][PASSED] - click(findTestObject("Object Repository/Page_Element/div_Sign In")): Object: 'Object Repository/Page_Element/div_Sign In' is clicked on

2022-01-17 22:02:28 - [MESSAGE][PASSED] - Object: 'Object Repository/Page_Element/div_Sign In' is clicked on

2022-01-17 22:02:28 - [TEST_STEP][PASSED] - setText(findTestObject("Object Repository/Page_Element/input_Sign in with_username"), "ptnha19"): Text 'ptnha19' is set on object 'Object Repository/Page_Element/input_Sign in with_username'

2022-01-17 22:02:31 - [MESSAGE][PASSED] - Text 'ptnha19' is set on object 'Object Repository/Page_Element/input_Sign in with_username'

2022-01-17 22:02:31 - [TEST_STEP][PASSED] - click(findTestObject("Object Repository/Page_Element/input_Forgot password_mx_Login_submit")): Object: 'Object Repository/Page_Element/input_Forgot password_mx_Login_submit' is clicked on

2022-01-17 22:02:32 - [MESSAGE][PASSED] - Object: 'Object Repository/Page_Element/input_Forgot password_mx_Login_submit' is clicked on

2022-01-17 22:02:32 - [TEST_STEP][PASSED] - setEncryptedText(findTestObject("Object Repository/Page_Element/input_Username_password"), "5R3Ima4A+eOeCrCDRGMLmJpaGR3V3+YI"): Text ****** has been set on object 'Object Repository/Page_Element/input_Username_password'

2022-01-17 22:02:34 - [MESSAGE][PASSED] - Text ****** has been set on object 'Object Repository/Page_Element/input_Username_password'

2022-01-17 22:02:34 - [TEST_STEP][PASSED] - click(findTestObject("Object Repository/Page_Element/input_Forgot password_mx_Login_submit")): Object: 'Object Repository/Page_Element/input_Forgot password_mx_Login_submit' is clicked on

2022-01-17 22:02:36 - [MESSAGE][PASSED] - Object: 'Object Repository/Page_Element/input_Forgot password_mx_Login_submit' is clicked on

2022-01-17 22:02:36 - [TEST_STEP][PASSED] - click(findTestObject("Object Repository/Page_Element/div_Verify with Security Key")): Object: 'Object Repository/Page_Element/div_Verify with Security Key' is clicked on

2022-01-17 22:02:41 - [MESSAGE][PASSED] - Object: 'Object Repository/Page_Element/div_Verify with Security Key' is clicked on

2022-01-17 22:02:41 - [TEST_STEP][PASSED] - setEncryptedText(findTestObject("Object Repository/Page_Element/input_Security Key_mx_Field_4"), "PF4jXtbe/5x5+S5PgN4Kl/QbANAkWZYKqKaG9gW6gn+Po31AOnak0DX8GoEzAUkskgpeON1UhfEqZG0XXngJPA=="): Text ****** has been set on object 'Object Repository/Page_Element/input_Security Key_mx_Field_4'

2022-01-17 22:02:44 - [MESSAGE][PASSED] - Text ****** has been set on object 'Object Repository/Page_Element/input_Security Key_mx_Field_4'

2022-01-17 22:02:44 - [TEST_STEP][PASSED] - click(findTestObject("Object Repository/Page_Element/button_Continue")): Object: 'Object Repository/Page_Element/button_Continue' is clicked on

2022-01-17 22:02:45 - [MESSAGE][PASSED] - Object: 'Object Repository/Page_Element/button_Continue' is clicked on

2022-01-17 22:02:45 - [TEST_STEP][PASSED] - click(findTestObject("Object Repository/Page_Element/div_Done")): Object: 'Object Repository/Page_Element/div_Done' is clicked on

2022-01-17 22:02:47 - [MESSAGE][PASSED] - Object: 'Object Repository/Page_Element/div_Done' is clicked on

2022-01-17 22:02:47 - [TEST_STEP][PASSED] - click(findTestObject("Object Repository/Page_Element/span_Send a Direct Message")): Object: 'Object Repository/Page_Element/span_Send a Direct Message' is clicked on

2022-01-17 22:02:49 - [MESSAGE][PASSED] - Object: 'Object Repository/Page_Element/span_Send a Direct Message' is clicked on

2022-01-17 22:02:49 - [TEST_STEP][PASSED] - click(findTestObject("Object Repository/Page_Element/div_Direct Messages_mx_AccessibleButton mx__57a7bb")): Object: 'Object Repository/Page_Element/div_Direct Messages_mx_AccessibleButton mx__57a7bb' is clicked on

2022-01-17 22:02:50 - [MESSAGE][PASSED] - Object: 'Object Repository/Page_Element/div_Direct Messages_mx_AccessibleButton mx__57a7bb' is clicked on

2022-01-17 22:02:50 - [TEST_STEP][PASSED] - click(findTestObject("Object Repository/Page_Element/span_Explore public rooms")): Object: 'Object Repository/Page_Element/span_Explore public rooms' is clicked on

2022-01-17 22:02:51 - [MESSAGE][PASSED] - Object: 'Object Repository/Page_Element/span_Explore public rooms' is clicked on

2022-01-17 22:02:51 - [TEST_STEP][PASSED] - click(findTestObject("Object Repository/Page_Element/div_Create a new room")): Object: 'Object Repository/Page_Element/div_Create a new room' is clicked on

2022-01-17 22:02:53 - [MESSAGE][PASSED] - Object: 'Object Repository/Page_Element/div_Create a new room' is clicked on

2022-01-17 22:02:53 - [TEST_STEP][PASSED] - click(findTestObject("Object Repository/Page_Element/div_Create a public room_mx_AccessibleButto_14c7c4")): Object: 'Object Repository/Page_Element/div_Create a public room_mx_AccessibleButto_14c7c4' is clicked on

2022-01-17 22:02:55 - [MESSAGE][PASSED] - Object: 'Object Repository/Page_Element/div_Create a public room_mx_AccessibleButto_14c7c4' is clicked on

2022-01-17 22:02:55 - [TEST_STEP][PASSED] - click(findTestObject("Object Repository/Page_Element/span_Create a Group Chat")): Object: 'Object Repository/Page_Element/span_Create a Group Chat' is clicked on

2022-01-17 22:02:56 - [MESSAGE][PASSED] - Object: 'Object Repository/Page_Element/span_Create a Group Chat' is clicked on

2022-01-17 22:02:56 - [TEST_STEP][PASSED] - click(findTestObject("Object Repository/Page_Element/button_Cancel")): Object: 'Object Repository/Page_Element/button_Cancel' is clicked on

2022-01-17 22:02:57 - [MESSAGE][PASSED] - Object: 'Object Repository/Page_Element/button_Cancel' is clicked on

2022-01-17 22:02:57 - [TEST_STEP][PASSED] - closeBrowser(): Browser is closed

2022-01-17 22:02:57 - [MESSAGE][PASSED] - Browser is closed]]></system-out>
         <system-err><![CDATA[]]></system-err>
      </testcase>
      <testcase name="Test Cases/1.Sign_in_Pass" time="30.731" classname="Test Cases/1.Sign_in_Pass" status="PASSED">
         <system-out><![CDATA[2022-01-17 22:02:57 - [TEST_CASE][PASSED] - Test Cases/1.Sign_in_Pass: Test Cases/1.Sign_in_Pass

2022-01-17 22:02:58 - [TEST_STEP][PASSED] - openBrowser(""): Browser is opened with url: ''

2022-01-17 22:02:58 - [MESSAGE][INFO] - Starting 'Chrome' driver

2022-01-17 22:02:58 - [MESSAGE][INFO] - Action delay is set to 1,000 milliseconds

2022-01-17 22:02:59 - [MESSAGE][PASSED] - Browser is opened with url: ''

2022-01-17 22:02:59 - [TEST_STEP][PASSED] - navigateToUrl("http://localhost:8080/"): Navigate to 'http://localhost:8080/' successfully

2022-01-17 22:03:01 - [MESSAGE][PASSED] - Navigate to 'http://localhost:8080/' successfully

2022-01-17 22:03:01 - [TEST_STEP][PASSED] - click(findTestObject("Object Repository/Page_Element/a_Sign In")): Object: 'Object Repository/Page_Element/a_Sign In' is clicked on

2022-01-17 22:03:05 - [MESSAGE][PASSED] - Object: 'Object Repository/Page_Element/a_Sign In' is clicked on

2022-01-17 22:03:05 - [TEST_STEP][PASSED] - setText(findTestObject("Object Repository/Page_Element/input_Sign in with_username"), "ptnha19"): Text 'ptnha19' is set on object 'Object Repository/Page_Element/input_Sign in with_username'

2022-01-17 22:03:08 - [MESSAGE][PASSED] - Text 'ptnha19' is set on object 'Object Repository/Page_Element/input_Sign in with_username'

2022-01-17 22:03:08 - [TEST_STEP][PASSED] - setEncryptedText(findTestObject("Object Repository/Page_Element/input_Username_password"), "5R3Ima4A+eOeCrCDRGMLmJpaGR3V3+YI"): Text ****** has been set on object 'Object Repository/Page_Element/input_Username_password'

2022-01-17 22:03:10 - [MESSAGE][PASSED] - Text ****** has been set on object 'Object Repository/Page_Element/input_Username_password'

2022-01-17 22:03:10 - [TEST_STEP][PASSED] - click(findTestObject("Object Repository/Page_Element/input_Forgot password_mx_Login_submit")): Object: 'Object Repository/Page_Element/input_Forgot password_mx_Login_submit' is clicked on

2022-01-17 22:03:12 - [MESSAGE][PASSED] - Object: 'Object Repository/Page_Element/input_Forgot password_mx_Login_submit' is clicked on

2022-01-17 22:03:12 - [TEST_STEP][PASSED] - click(findTestObject("Object Repository/Page_Element/div_Verify with Security Key")): Object: 'Object Repository/Page_Element/div_Verify with Security Key' is clicked on

2022-01-17 22:03:18 - [MESSAGE][PASSED] - Object: 'Object Repository/Page_Element/div_Verify with Security Key' is clicked on

2022-01-17 22:03:18 - [TEST_STEP][PASSED] - click(findTestObject("Object Repository/Page_Element/div_Security Key")): Object: 'Object Repository/Page_Element/div_Security Key' is clicked on

2022-01-17 22:03:19 - [MESSAGE][PASSED] - Object: 'Object Repository/Page_Element/div_Security Key' is clicked on

2022-01-17 22:03:19 - [TEST_STEP][PASSED] - setEncryptedText(findTestObject("Object Repository/Page_Element/input_Security Key_mx_Field_4"), "PF4jXtbe/5x5+S5PgN4Kl/QbANAkWZYKqKaG9gW6gn+Po31AOnak0DX8GoEzAUkskgpeON1UhfEqZG0XXngJPA=="): Text ****** has been set on object 'Object Repository/Page_Element/input_Security Key_mx_Field_4'

2022-01-17 22:03:22 - [MESSAGE][PASSED] - Text ****** has been set on object 'Object Repository/Page_Element/input_Security Key_mx_Field_4'

2022-01-17 22:03:22 - [TEST_STEP][PASSED] - click(findTestObject("Object Repository/Page_Element/button_Continue")): Object: 'Object Repository/Page_Element/button_Continue' is clicked on

2022-01-17 22:03:23 - [MESSAGE][PASSED] - Object: 'Object Repository/Page_Element/button_Continue' is clicked on

2022-01-17 22:03:23 - [TEST_STEP][PASSED] - click(findTestObject("Object Repository/Page_Element/div_Done")): Object: 'Object Repository/Page_Element/div_Done' is clicked on

2022-01-17 22:03:25 - [MESSAGE][PASSED] - Object: 'Object Repository/Page_Element/div_Done' is clicked on

2022-01-17 22:03:25 - [TEST_STEP][PASSED] - click(findTestObject("Object Repository/Page_Element/img_Enable_mx_BaseAvatar_image")): Object: 'Object Repository/Page_Element/img_Enable_mx_BaseAvatar_image' is clicked on

2022-01-17 22:03:26 - [MESSAGE][PASSED] - Object: 'Object Repository/Page_Element/img_Enable_mx_BaseAvatar_image' is clicked on

2022-01-17 22:03:26 - [TEST_STEP][PASSED] - click(findTestObject("Object Repository/Page_Element/div_This room is public_mx_ContextualMenu_b_fc4f75")): Object: 'Object Repository/Page_Element/div_This room is public_mx_ContextualMenu_b_fc4f75' is clicked on

2022-01-17 22:03:27 - [MESSAGE][PASSED] - Object: 'Object Repository/Page_Element/div_This room is public_mx_ContextualMenu_b_fc4f75' is clicked on

2022-01-17 22:03:27 - [TEST_STEP][PASSED] - closeBrowser(): Browser is closed

2022-01-17 22:03:28 - [MESSAGE][PASSED] - Browser is closed]]></system-out>
         <system-err><![CDATA[]]></system-err>
      </testcase>
      <testcase name="Test Cases/2.Sign_in_Fail" time="16.936" classname="Test Cases/2.Sign_in_Fail" status="PASSED">
         <system-out><![CDATA[2022-01-17 22:03:28 - [TEST_CASE][PASSED] - Test Cases/2.Sign_in_Fail: Test Cases/2.Sign_in_Fail

2022-01-17 22:03:28 - [TEST_STEP][PASSED] - openBrowser(""): Browser is opened with url: ''

2022-01-17 22:03:28 - [MESSAGE][INFO] - Starting 'Chrome' driver

2022-01-17 22:03:28 - [MESSAGE][INFO] - Action delay is set to 1,000 milliseconds

2022-01-17 22:03:29 - [MESSAGE][PASSED] - Browser is opened with url: ''

2022-01-17 22:03:29 - [TEST_STEP][PASSED] - navigateToUrl("http://localhost:8080/"): Navigate to 'http://localhost:8080/' successfully

2022-01-17 22:03:32 - [MESSAGE][PASSED] - Navigate to 'http://localhost:8080/' successfully

2022-01-17 22:03:32 - [TEST_STEP][PASSED] - click(findTestObject("Object Repository/Page_Element/a_Sign In")): Object: 'Object Repository/Page_Element/a_Sign In' is clicked on

2022-01-17 22:03:37 - [MESSAGE][PASSED] - Object: 'Object Repository/Page_Element/a_Sign In' is clicked on

2022-01-17 22:03:37 - [TEST_STEP][PASSED] - setText(findTestObject("Object Repository/Page_Element/input_Sign in with_username"), "ptsajfk"): Text 'ptsajfk' is set on object 'Object Repository/Page_Element/input_Sign in with_username'

2022-01-17 22:03:41 - [MESSAGE][PASSED] - Text 'ptsajfk' is set on object 'Object Repository/Page_Element/input_Sign in with_username'

2022-01-17 22:03:41 - [TEST_STEP][PASSED] - setEncryptedText(findTestObject("Object Repository/Page_Element/input_Username_password"), "nLM6O7ELZdU="): Text ****** has been set on object 'Object Repository/Page_Element/input_Username_password'

2022-01-17 22:03:43 - [MESSAGE][PASSED] - Text ****** has been set on object 'Object Repository/Page_Element/input_Username_password'

2022-01-17 22:03:43 - [TEST_STEP][PASSED] - click(findTestObject("Object Repository/Page_Element/input_Forgot password_mx_Login_submit")): Object: 'Object Repository/Page_Element/input_Forgot password_mx_Login_submit' is clicked on

2022-01-17 22:03:44 - [MESSAGE][PASSED] - Object: 'Object Repository/Page_Element/input_Forgot password_mx_Login_submit' is clicked on

2022-01-17 22:03:44 - [TEST_STEP][PASSED] - closeBrowser(): Browser is closed

2022-01-17 22:03:45 - [MESSAGE][PASSED] - Browser is closed]]></system-out>
         <system-err><![CDATA[]]></system-err>
      </testcase>
      <testcase name="Test Cases/3.Log_out" time="30.843" classname="Test Cases/3.Log_out" status="PASSED">
         <system-out><![CDATA[2022-01-17 22:03:45 - [TEST_CASE][PASSED] - Test Cases/3.Log_out: Test Cases/3.Log_out

2022-01-17 22:03:45 - [TEST_STEP][PASSED] - openBrowser(""): Browser is opened with url: ''

2022-01-17 22:03:45 - [MESSAGE][INFO] - Starting 'Chrome' driver

2022-01-17 22:03:45 - [MESSAGE][INFO] - Action delay is set to 1,000 milliseconds

2022-01-17 22:03:47 - [MESSAGE][PASSED] - Browser is opened with url: ''

2022-01-17 22:03:47 - [TEST_STEP][PASSED] - navigateToUrl("http://localhost:8080/"): Navigate to 'http://localhost:8080/' successfully

2022-01-17 22:03:49 - [MESSAGE][PASSED] - Navigate to 'http://localhost:8080/' successfully

2022-01-17 22:03:49 - [TEST_STEP][PASSED] - click(findTestObject("Object Repository/Page_Element/a_Sign In")): Object: 'Object Repository/Page_Element/a_Sign In' is clicked on

2022-01-17 22:03:52 - [MESSAGE][PASSED] - Object: 'Object Repository/Page_Element/a_Sign In' is clicked on

2022-01-17 22:03:52 - [TEST_STEP][PASSED] - setText(findTestObject("Object Repository/Page_Element/input_Sign in with_username"), "ptnha19"): Text 'ptnha19' is set on object 'Object Repository/Page_Element/input_Sign in with_username'

2022-01-17 22:03:56 - [MESSAGE][PASSED] - Text 'ptnha19' is set on object 'Object Repository/Page_Element/input_Sign in with_username'

2022-01-17 22:03:56 - [TEST_STEP][PASSED] - setEncryptedText(findTestObject("Object Repository/Page_Element/input_Username_password"), "5R3Ima4A+eOeCrCDRGMLmJpaGR3V3+YI"): Text ****** has been set on object 'Object Repository/Page_Element/input_Username_password'

2022-01-17 22:03:58 - [MESSAGE][PASSED] - Text ****** has been set on object 'Object Repository/Page_Element/input_Username_password'

2022-01-17 22:03:58 - [TEST_STEP][PASSED] - click(findTestObject("Object Repository/Page_Element/input_Forgot password_mx_Login_submit")): Object: 'Object Repository/Page_Element/input_Forgot password_mx_Login_submit' is clicked on

2022-01-17 22:03:59 - [MESSAGE][PASSED] - Object: 'Object Repository/Page_Element/input_Forgot password_mx_Login_submit' is clicked on

2022-01-17 22:03:59 - [TEST_STEP][PASSED] - click(findTestObject("Object Repository/Page_Element/div_Verify with Security Key")): Object: 'Object Repository/Page_Element/div_Verify with Security Key' is clicked on

2022-01-17 22:04:06 - [MESSAGE][PASSED] - Object: 'Object Repository/Page_Element/div_Verify with Security Key' is clicked on

2022-01-17 22:04:06 - [TEST_STEP][PASSED] - setEncryptedText(findTestObject("Object Repository/Page_Element/input_Security Key_mx_Field_4"), "PF4jXtbe/5x5+S5PgN4Kl/QbANAkWZYKqKaG9gW6gn+Po31AOnak0DX8GoEzAUkskgpeON1UhfEqZG0XXngJPA=="): Text ****** has been set on object 'Object Repository/Page_Element/input_Security Key_mx_Field_4'

2022-01-17 22:04:08 - [MESSAGE][PASSED] - Text ****** has been set on object 'Object Repository/Page_Element/input_Security Key_mx_Field_4'

2022-01-17 22:04:08 - [TEST_STEP][PASSED] - click(findTestObject("Object Repository/Page_Element/button_Continue")): Object: 'Object Repository/Page_Element/button_Continue' is clicked on

2022-01-17 22:04:09 - [MESSAGE][PASSED] - Object: 'Object Repository/Page_Element/button_Continue' is clicked on

2022-01-17 22:04:09 - [TEST_STEP][PASSED] - click(findTestObject("Object Repository/Page_Element/div_Done")): Object: 'Object Repository/Page_Element/div_Done' is clicked on

2022-01-17 22:04:12 - [MESSAGE][PASSED] - Object: 'Object Repository/Page_Element/div_Done' is clicked on

2022-01-17 22:04:12 - [TEST_STEP][PASSED] - click(findTestObject("Object Repository/Page_Element/img_Enable_mx_BaseAvatar_image")): Object: 'Object Repository/Page_Element/img_Enable_mx_BaseAvatar_image' is clicked on

2022-01-17 22:04:13 - [MESSAGE][PASSED] - Object: 'Object Repository/Page_Element/img_Enable_mx_BaseAvatar_image' is clicked on

2022-01-17 22:04:13 - [TEST_STEP][PASSED] - click(findTestObject("Object Repository/Page_Element/span_Sign out")): Object: 'Object Repository/Page_Element/span_Sign out' is clicked on

2022-01-17 22:04:14 - [MESSAGE][PASSED] - Object: 'Object Repository/Page_Element/span_Sign out' is clicked on

2022-01-17 22:04:14 - [TEST_STEP][PASSED] - click(findTestObject("Object Repository/Page_Element/button_Sign out")): Object: 'Object Repository/Page_Element/button_Sign out' is clicked on

2022-01-17 22:04:15 - [MESSAGE][PASSED] - Object: 'Object Repository/Page_Element/button_Sign out' is clicked on

2022-01-17 22:04:15 - [TEST_STEP][PASSED] - closeBrowser(): Browser is closed

2022-01-17 22:04:16 - [MESSAGE][PASSED] - Browser is closed]]></system-out>
         <system-err><![CDATA[]]></system-err>
      </testcase>
      <testcase name="Test Cases/4.Create_private_room" time="41.506" classname="Test Cases/4.Create_private_room" status="PASSED">
         <system-out><![CDATA[2022-01-17 22:04:16 - [TEST_CASE][PASSED] - Test Cases/4.Create_private_room: Test Cases/4.Create_private_room

2022-01-17 22:04:16 - [TEST_STEP][PASSED] - openBrowser(""): Browser is opened with url: ''

2022-01-17 22:04:16 - [MESSAGE][INFO] - Starting 'Chrome' driver

2022-01-17 22:04:16 - [MESSAGE][INFO] - Action delay is set to 1,000 milliseconds

2022-01-17 22:04:17 - [MESSAGE][PASSED] - Browser is opened with url: ''

2022-01-17 22:04:17 - [TEST_STEP][PASSED] - navigateToUrl("http://localhost:8080/"): Navigate to 'http://localhost:8080/' successfully

2022-01-17 22:04:20 - [MESSAGE][PASSED] - Navigate to 'http://localhost:8080/' successfully

2022-01-17 22:04:20 - [TEST_STEP][PASSED] - click(findTestObject("Object Repository/Page_Element/a_Sign In")): Object: 'Object Repository/Page_Element/a_Sign In' is clicked on

2022-01-17 22:04:23 - [MESSAGE][PASSED] - Object: 'Object Repository/Page_Element/a_Sign In' is clicked on

2022-01-17 22:04:23 - [TEST_STEP][PASSED] - setText(findTestObject("Object Repository/Page_Element/input_Sign in with_username"), "ptnha19"): Text 'ptnha19' is set on object 'Object Repository/Page_Element/input_Sign in with_username'

2022-01-17 22:04:26 - [MESSAGE][PASSED] - Text 'ptnha19' is set on object 'Object Repository/Page_Element/input_Sign in with_username'

2022-01-17 22:04:26 - [TEST_STEP][PASSED] - setEncryptedText(findTestObject("Object Repository/Page_Element/input_Username_password"), "5R3Ima4A+eOeCrCDRGMLmJpaGR3V3+YI"): Text ****** has been set on object 'Object Repository/Page_Element/input_Username_password'

2022-01-17 22:04:29 - [MESSAGE][PASSED] - Text ****** has been set on object 'Object Repository/Page_Element/input_Username_password'

2022-01-17 22:04:29 - [TEST_STEP][PASSED] - click(findTestObject("Object Repository/Page_Element/input_Forgot password_mx_Login_submit")): Object: 'Object Repository/Page_Element/input_Forgot password_mx_Login_submit' is clicked on

2022-01-17 22:04:30 - [MESSAGE][PASSED] - Object: 'Object Repository/Page_Element/input_Forgot password_mx_Login_submit' is clicked on

2022-01-17 22:04:30 - [TEST_STEP][PASSED] - click(findTestObject("Object Repository/Page_Element/div_Verify with Security Key")): Object: 'Object Repository/Page_Element/div_Verify with Security Key' is clicked on

2022-01-17 22:04:36 - [MESSAGE][PASSED] - Object: 'Object Repository/Page_Element/div_Verify with Security Key' is clicked on

2022-01-17 22:04:36 - [TEST_STEP][PASSED] - click(findTestObject("Object Repository/Page_Element/p_Use your Security Key to continue")): Object: 'Object Repository/Page_Element/p_Use your Security Key to continue' is clicked on

2022-01-17 22:04:37 - [MESSAGE][PASSED] - Object: 'Object Repository/Page_Element/p_Use your Security Key to continue' is clicked on

2022-01-17 22:04:37 - [TEST_STEP][PASSED] - setEncryptedText(findTestObject("Object Repository/Page_Element/input_Security Key_mx_Field_4"), "PF4jXtbe/5x5+S5PgN4Kl/QbANAkWZYKqKaG9gW6gn+Po31AOnak0DX8GoEzAUkskgpeON1UhfEqZG0XXngJPA=="): Text ****** has been set on object 'Object Repository/Page_Element/input_Security Key_mx_Field_4'

2022-01-17 22:04:40 - [MESSAGE][PASSED] - Text ****** has been set on object 'Object Repository/Page_Element/input_Security Key_mx_Field_4'

2022-01-17 22:04:40 - [TEST_STEP][PASSED] - click(findTestObject("Object Repository/Page_Element/button_Continue")): Object: 'Object Repository/Page_Element/button_Continue' is clicked on

2022-01-17 22:04:41 - [MESSAGE][PASSED] - Object: 'Object Repository/Page_Element/button_Continue' is clicked on

2022-01-17 22:04:41 - [TEST_STEP][PASSED] - click(findTestObject("Object Repository/Page_Element/div_Done")): Object: 'Object Repository/Page_Element/div_Done' is clicked on

2022-01-17 22:04:44 - [MESSAGE][PASSED] - Object: 'Object Repository/Page_Element/div_Done' is clicked on

2022-01-17 22:04:44 - [TEST_STEP][PASSED] - click(findTestObject("Object Repository/Page_Element/div_Rooms_mx_AccessibleButton mx_RoomSublis_27fc2e")): Object: 'Object Repository/Page_Element/div_Rooms_mx_AccessibleButton mx_RoomSublis_27fc2e' is clicked on

2022-01-17 22:04:46 - [MESSAGE][PASSED] - Object: 'Object Repository/Page_Element/div_Rooms_mx_AccessibleButton mx_RoomSublis_27fc2e' is clicked on

2022-01-17 22:04:46 - [TEST_STEP][PASSED] - click(findTestObject("Object Repository/Page_Element/span_Create new room")): Object: 'Object Repository/Page_Element/span_Create new room' is clicked on

2022-01-17 22:04:48 - [MESSAGE][PASSED] - Object: 'Object Repository/Page_Element/span_Create new room' is clicked on

2022-01-17 22:04:48 - [TEST_STEP][PASSED] - setText(findTestObject("Object Repository/Page_Element/input_Create a private room_mx_Field_5"), "Room1"): Text 'Room1' is set on object 'Object Repository/Page_Element/input_Create a private room_mx_Field_5'

2022-01-17 22:04:51 - [MESSAGE][PASSED] - Text 'Room1' is set on object 'Object Repository/Page_Element/input_Create a private room_mx_Field_5'

2022-01-17 22:04:51 - [TEST_STEP][PASSED] - click(findTestObject("Object Repository/Page_Element/button_Create Room")): Object: 'Object Repository/Page_Element/button_Create Room' is clicked on

2022-01-17 22:04:52 - [MESSAGE][PASSED] - Object: 'Object Repository/Page_Element/button_Create Room' is clicked on

2022-01-17 22:04:52 - [TEST_STEP][PASSED] - click(findTestObject("Object Repository/Page_Element  Empty room/div_Room1")): Object: 'Object Repository/Page_Element  Empty room/div_Room1' is clicked on

2022-01-17 22:04:57 - [MESSAGE][PASSED] - Object: 'Object Repository/Page_Element  Empty room/div_Room1' is clicked on

2022-01-17 22:04:57 - [TEST_STEP][PASSED] - closeBrowser(): Browser is closed

2022-01-17 22:04:57 - [MESSAGE][PASSED] - Browser is closed]]></system-out>
         <system-err><![CDATA[]]></system-err>
      </testcase>
      <testcase name="Test Cases/6.Search_join_public_room" time="64.509" classname="Test Cases/6.Search_join_public_room" status="FAILED">
         <failure type="FAILED" message="Test Cases/6.Search_join_public_room FAILED.
Reason:
com.kms.katalon.core.exception.StepFailedException: Unable to click on object 'Object Repository/Page_Element/span_Explore public rooms'
	at com.kms.katalon.core.webui.keyword.internal.WebUIKeywordMain.stepFailed(WebUIKeywordMain.groovy:64)
	at com.kms.katalon.core.webui.keyword.internal.WebUIKeywordMain.runKeyword(WebUIKeywordMain.groovy:26)
	at com.kms.katalon.core.webui.keyword.builtin.ClickKeyword.click(ClickKeyword.groovy:74)
	at com.kms.katalon.core.webui.keyword.builtin.ClickKeyword.execute(ClickKeyword.groovy:40)
	at com.kms.katalon.core.keyword.internal.KeywordExecutor.executeKeywordForPlatform(KeywordExecutor.groovy:74)
	at com.kms.katalon.core.webui.keyword.WebUiBuiltInKeywords.click(WebUiBuiltInKeywords.groovy:620)
	at com.kms.katalon.core.webui.keyword.WebUiBuiltInKeywords$click$1.call(Unknown Source)
	at 6.Search_join_public_room.run(6.Search_join_public_room:42)
	at com.kms.katalon.core.main.ScriptEngine.run(ScriptEngine.java:194)
	at com.kms.katalon.core.main.ScriptEngine.runScriptAsRawText(ScriptEngine.java:119)
	at com.kms.katalon.core.main.TestCaseExecutor.runScript(TestCaseExecutor.java:442)
	at com.kms.katalon.core.main.TestCaseExecutor.doExecute(TestCaseExecutor.java:433)
	at com.kms.katalon.core.main.TestCaseExecutor.processExecutionPhase(TestCaseExecutor.java:412)
	at com.kms.katalon.core.main.TestCaseExecutor.accessMainPhase(TestCaseExecutor.java:404)
	at com.kms.katalon.core.main.TestCaseExecutor.execute(TestCaseExecutor.java:281)
	at com.kms.katalon.core.main.TestSuiteExecutor.accessTestCaseMainPhase(TestSuiteExecutor.java:202)
	at com.kms.katalon.core.main.TestSuiteExecutor.accessTestSuiteMainPhase(TestSuiteExecutor.java:164)
	at com.kms.katalon.core.main.TestSuiteExecutor.execute(TestSuiteExecutor.java:105)
	at com.kms.katalon.core.main.TestCaseMain.startTestSuite(TestCaseMain.java:181)
	at com.kms.katalon.core.main.TestCaseMain$startTestSuite$0.call(Unknown Source)
	at TempTestSuite1642431380491.run(TempTestSuite1642431380491.groovy:36)
Caused by: org.openqa.selenium.ElementClickInterceptedException: element click intercepted: Element &lt;span lang=&quot;en&quot;>...&lt;/span> is not clickable at point (726, 463). Other element would receive the click: &lt;div class=&quot;mx_ContextualMenu_background&quot;>&lt;/div>
  (Session info: chrome=97.0.4692.71)
Build info: version: '3.141.59', revision: 'e82be7d358', time: '2018-11-14T08:25:53'
System info: host: 'LAPTOP-RBUE6998', ip: '192.168.1.4', os.name: 'Windows 10', os.arch: 'amd64', os.version: '10.0', java.version: '1.8.0_282'
Driver info: com.kms.katalon.selenium.driver.CChromeDriver
Capabilities {acceptInsecureCerts: false, browserName: chrome, browserVersion: 97.0.4692.71, chrome: {chromedriverVersion: 97.0.4692.71 (adefa7837d02a..., userDataDir: C:\Users\TRI\AppData\Local\...}, goog:chromeOptions: {debuggerAddress: localhost:55862}, javascriptEnabled: true, networkConnectionEnabled: false, pageLoadStrategy: normal, platform: WINDOWS, platformName: WINDOWS, proxy: Proxy(), setWindowRect: true, strictFileInteractability: false, timeouts: {implicit: 0, pageLoad: 300000, script: 30000}, unhandledPromptBehavior: dismiss and notify, webauthn:extension:credBlob: true, webauthn:extension:largeBlob: true, webauthn:virtualAuthenticators: true}
Session ID: ed50f3e9befe4e99438f457ea367d0d0
	at org.openqa.selenium.remote.http.W3CHttpResponseCodec.createException(W3CHttpResponseCodec.java:187)
	at org.openqa.selenium.remote.http.W3CHttpResponseCodec.decode(W3CHttpResponseCodec.java:122)
	at org.openqa.selenium.remote.http.W3CHttpResponseCodec.decode(W3CHttpResponseCodec.java:49)
	at org.openqa.selenium.remote.HttpCommandExecutor.execute(HttpCommandExecutor.java:158)
	at org.openqa.selenium.remote.service.DriverCommandExecutor.execute(DriverCommandExecutor.java:83)
	at org.openqa.selenium.remote.RemoteWebDriver.execute(RemoteWebDriver.java:552)
	at com.kms.katalon.selenium.driver.CChromeDriver.execute(CChromeDriver.java:19)
	at org.openqa.selenium.remote.RemoteWebElement.execute(RemoteWebElement.java:285)
	at org.openqa.selenium.remote.RemoteWebElement.click(RemoteWebElement.java:84)
	at org.openqa.selenium.support.events.EventFiringWebDriver$EventFiringWebElement.lambda$new$0(EventFiringWebDriver.java:404)
	at com.sun.proxy.$Proxy11.click(Unknown Source)
	at org.openqa.selenium.support.events.EventFiringWebDriver$EventFiringWebElement.click(EventFiringWebDriver.java:417)
	at org.openqa.selenium.WebElement$click.call(Unknown Source)
	at com.kms.katalon.core.webui.keyword.builtin.ClickKeyword.clickUntilSuccessWithTimeout(ClickKeyword.groovy:81)
	at com.kms.katalon.core.webui.keyword.builtin.ClickKeyword.clickUntilSuccessWithTimeout(ClickKeyword.groovy)
	at com.kms.katalon.core.webui.keyword.builtin.ClickKeyword$_click_closure1.doCall(ClickKeyword.groovy:67)
	at com.kms.katalon.core.webui.keyword.builtin.ClickKeyword$_click_closure1.call(ClickKeyword.groovy)
	at com.kms.katalon.core.webui.keyword.internal.WebUIKeywordMain.runKeyword(WebUIKeywordMain.groovy:20)
	... 19 more
"/>
         <system-out><![CDATA[2022-01-17 22:04:57 - [TEST_CASE][FAILED] - Test Cases/6.Search_join_public_room: Test Cases/6.Search_join_public_room FAILED.
Reason:
com.kms.katalon.core.exception.StepFailedException: Unable to click on object 'Object Repository/Page_Element/span_Explore public rooms'
	at com.kms.katalon.core.webui.keyword.internal.WebUIKeywordMain.stepFailed(WebUIKeywordMain.groovy:64)
	at com.kms.katalon.core.webui.keyword.internal.WebUIKeywordMain.runKeyword(WebUIKeywordMain.groovy:26)
	at com.kms.katalon.core.webui.keyword.builtin.ClickKeyword.click(ClickKeyword.groovy:74)
	at com.kms.katalon.core.webui.keyword.builtin.ClickKeyword.execute(ClickKeyword.groovy:40)
	at com.kms.katalon.core.keyword.internal.KeywordExecutor.executeKeywordForPlatform(KeywordExecutor.groovy:74)
	at com.kms.katalon.core.webui.keyword.WebUiBuiltInKeywords.click(WebUiBuiltInKeywords.groovy:620)
	at com.kms.katalon.core.webui.keyword.WebUiBuiltInKeywords$click$1.call(Unknown Source)
	at 6.Search_join_public_room.run(6.Search_join_public_room:42)
	at com.kms.katalon.core.main.ScriptEngine.run(ScriptEngine.java:194)
	at com.kms.katalon.core.main.ScriptEngine.runScriptAsRawText(ScriptEngine.java:119)
	at com.kms.katalon.core.main.TestCaseExecutor.runScript(TestCaseExecutor.java:442)
	at com.kms.katalon.core.main.TestCaseExecutor.doExecute(TestCaseExecutor.java:433)
	at com.kms.katalon.core.main.TestCaseExecutor.processExecutionPhase(TestCaseExecutor.java:412)
	at com.kms.katalon.core.main.TestCaseExecutor.accessMainPhase(TestCaseExecutor.java:404)
	at com.kms.katalon.core.main.TestCaseExecutor.execute(TestCaseExecutor.java:281)
	at com.kms.katalon.core.main.TestSuiteExecutor.accessTestCaseMainPhase(TestSuiteExecutor.java:202)
	at com.kms.katalon.core.main.TestSuiteExecutor.accessTestSuiteMainPhase(TestSuiteExecutor.java:164)
	at com.kms.katalon.core.main.TestSuiteExecutor.execute(TestSuiteExecutor.java:105)
	at com.kms.katalon.core.main.TestCaseMain.startTestSuite(TestCaseMain.java:181)
	at com.kms.katalon.core.main.TestCaseMain$startTestSuite$0.call(Unknown Source)
	at TempTestSuite1642431380491.run(TempTestSuite1642431380491.groovy:36)
Caused by: org.openqa.selenium.ElementClickInterceptedException: element click intercepted: Element <span lang="en">...</span> is not clickable at point (726, 463). Other element would receive the click: <div class="mx_ContextualMenu_background"></div>
  (Session info: chrome=97.0.4692.71)
Build info: version: '3.141.59', revision: 'e82be7d358', time: '2018-11-14T08:25:53'
System info: host: 'LAPTOP-RBUE6998', ip: '192.168.1.4', os.name: 'Windows 10', os.arch: 'amd64', os.version: '10.0', java.version: '1.8.0_282'
Driver info: com.kms.katalon.selenium.driver.CChromeDriver
Capabilities {acceptInsecureCerts: false, browserName: chrome, browserVersion: 97.0.4692.71, chrome: {chromedriverVersion: 97.0.4692.71 (adefa7837d02a..., userDataDir: C:\Users\TRI\AppData\Local\...}, goog:chromeOptions: {debuggerAddress: localhost:55862}, javascriptEnabled: true, networkConnectionEnabled: false, pageLoadStrategy: normal, platform: WINDOWS, platformName: WINDOWS, proxy: Proxy(), setWindowRect: true, strictFileInteractability: false, timeouts: {implicit: 0, pageLoad: 300000, script: 30000}, unhandledPromptBehavior: dismiss and notify, webauthn:extension:credBlob: true, webauthn:extension:largeBlob: true, webauthn:virtualAuthenticators: true}
Session ID: ed50f3e9befe4e99438f457ea367d0d0
	at org.openqa.selenium.remote.http.W3CHttpResponseCodec.createException(W3CHttpResponseCodec.java:187)
	at org.openqa.selenium.remote.http.W3CHttpResponseCodec.decode(W3CHttpResponseCodec.java:122)
	at org.openqa.selenium.remote.http.W3CHttpResponseCodec.decode(W3CHttpResponseCodec.java:49)
	at org.openqa.selenium.remote.HttpCommandExecutor.execute(HttpCommandExecutor.java:158)
	at org.openqa.selenium.remote.service.DriverCommandExecutor.execute(DriverCommandExecutor.java:83)
	at org.openqa.selenium.remote.RemoteWebDriver.execute(RemoteWebDriver.java:552)
	at com.kms.katalon.selenium.driver.CChromeDriver.execute(CChromeDriver.java:19)
	at org.openqa.selenium.remote.RemoteWebElement.execute(RemoteWebElement.java:285)
	at org.openqa.selenium.remote.RemoteWebElement.click(RemoteWebElement.java:84)
	at org.openqa.selenium.support.events.EventFiringWebDriver$EventFiringWebElement.lambda$new$0(EventFiringWebDriver.java:404)
	at com.sun.proxy.$Proxy11.click(Unknown Source)
	at org.openqa.selenium.support.events.EventFiringWebDriver$EventFiringWebElement.click(EventFiringWebDriver.java:417)
	at org.openqa.selenium.WebElement$click.call(Unknown Source)
	at com.kms.katalon.core.webui.keyword.builtin.ClickKeyword.clickUntilSuccessWithTimeout(ClickKeyword.groovy:81)
	at com.kms.katalon.core.webui.keyword.builtin.ClickKeyword.clickUntilSuccessWithTimeout(ClickKeyword.groovy)
	at com.kms.katalon.core.webui.keyword.builtin.ClickKeyword$_click_closure1.doCall(ClickKeyword.groovy:67)
	at com.kms.katalon.core.webui.keyword.builtin.ClickKeyword$_click_closure1.call(ClickKeyword.groovy)
	at com.kms.katalon.core.webui.keyword.internal.WebUIKeywordMain.runKeyword(WebUIKeywordMain.groovy:20)
	... 19 more


2022-01-17 22:04:58 - [TEST_STEP][PASSED] - openBrowser(""): Browser is opened with url: ''

2022-01-17 22:04:58 - [MESSAGE][INFO] - Starting 'Chrome' driver

2022-01-17 22:04:58 - [MESSAGE][INFO] - Action delay is set to 1,000 milliseconds

2022-01-17 22:04:59 - [MESSAGE][PASSED] - Browser is opened with url: ''

2022-01-17 22:04:59 - [TEST_STEP][PASSED] - navigateToUrl("http://localhost:8080/"): Navigate to 'http://localhost:8080/' successfully

2022-01-17 22:05:03 - [MESSAGE][PASSED] - Navigate to 'http://localhost:8080/' successfully

2022-01-17 22:05:03 - [TEST_STEP][PASSED] - click(findTestObject("Object Repository/Page_Element/a_Sign In")): Object: 'Object Repository/Page_Element/a_Sign In' is clicked on

2022-01-17 22:05:06 - [MESSAGE][PASSED] - Object: 'Object Repository/Page_Element/a_Sign In' is clicked on

2022-01-17 22:05:06 - [TEST_STEP][PASSED] - setText(findTestObject("Object Repository/Page_Element/input_Sign in with_username"), "ptnha19"): Text 'ptnha19' is set on object 'Object Repository/Page_Element/input_Sign in with_username'

2022-01-17 22:05:09 - [MESSAGE][PASSED] - Text 'ptnha19' is set on object 'Object Repository/Page_Element/input_Sign in with_username'

2022-01-17 22:05:09 - [TEST_STEP][PASSED] - setEncryptedText(findTestObject("Object Repository/Page_Element/input_Username_password"), "5R3Ima4A+eOeCrCDRGMLmJpaGR3V3+YI"): Text ****** has been set on object 'Object Repository/Page_Element/input_Username_password'

2022-01-17 22:05:12 - [MESSAGE][PASSED] - Text ****** has been set on object 'Object Repository/Page_Element/input_Username_password'

2022-01-17 22:05:12 - [TEST_STEP][PASSED] - click(findTestObject("Object Repository/Page_Element/input_Forgot password_mx_Login_submit")): Object: 'Object Repository/Page_Element/input_Forgot password_mx_Login_submit' is clicked on

2022-01-17 22:05:13 - [MESSAGE][PASSED] - Object: 'Object Repository/Page_Element/input_Forgot password_mx_Login_submit' is clicked on

2022-01-17 22:05:13 - [TEST_STEP][PASSED] - click(findTestObject("Object Repository/Page_Element/div_Verify with Security Key")): Object: 'Object Repository/Page_Element/div_Verify with Security Key' is clicked on

2022-01-17 22:05:20 - [MESSAGE][PASSED] - Object: 'Object Repository/Page_Element/div_Verify with Security Key' is clicked on

2022-01-17 22:05:20 - [TEST_STEP][PASSED] - setEncryptedText(findTestObject("Object Repository/Page_Element/input_Security Key_mx_Field_4"), "PF4jXtbe/5x5+S5PgN4Kl/QbANAkWZYKqKaG9gW6gn+Po31AOnak0DX8GoEzAUkskgpeON1UhfEqZG0XXngJPA=="): Text ****** has been set on object 'Object Repository/Page_Element/input_Security Key_mx_Field_4'

2022-01-17 22:05:23 - [MESSAGE][PASSED] - Text ****** has been set on object 'Object Repository/Page_Element/input_Security Key_mx_Field_4'

2022-01-17 22:05:23 - [TEST_STEP][PASSED] - click(findTestObject("Object Repository/Page_Element/button_Continue")): Object: 'Object Repository/Page_Element/button_Continue' is clicked on

2022-01-17 22:05:24 - [MESSAGE][PASSED] - Object: 'Object Repository/Page_Element/button_Continue' is clicked on

2022-01-17 22:05:24 - [TEST_STEP][PASSED] - click(findTestObject("Object Repository/Page_Element/div_Done")): Object: 'Object Repository/Page_Element/div_Done' is clicked on

2022-01-17 22:05:26 - [MESSAGE][PASSED] - Object: 'Object Repository/Page_Element/div_Done' is clicked on

2022-01-17 22:05:26 - [TEST_STEP][PASSED] - click(findTestObject("Object Repository/Page_Element/div_Rooms_mx_AccessibleButton mx_RoomSublis_27fc2e")): Object: 'Object Repository/Page_Element/div_Rooms_mx_AccessibleButton mx_RoomSublis_27fc2e' is clicked on

2022-01-17 22:05:27 - [MESSAGE][PASSED] - Object: 'Object Repository/Page_Element/div_Rooms_mx_AccessibleButton mx_RoomSublis_27fc2e' is clicked on

2022-01-17 22:05:27 - [TEST_STEP][FAILED] - click(findTestObject("Object Repository/Page_Element/span_Explore public rooms")): Unable to click on object 'Object Repository/Page_Element/span_Explore public rooms' (Root cause: com.kms.katalon.core.exception.StepFailedException: Unable to click on object 'Object Repository/Page_Element/span_Explore public rooms'
	at com.kms.katalon.core.webui.keyword.internal.WebUIKeywordMain.stepFailed(WebUIKeywordMain.groovy:64)
	at com.kms.katalon.core.webui.keyword.internal.WebUIKeywordMain.runKeyword(WebUIKeywordMain.groovy:26)
	at com.kms.katalon.core.webui.keyword.builtin.ClickKeyword.click(ClickKeyword.groovy:74)
	at com.kms.katalon.core.webui.keyword.builtin.ClickKeyword.execute(ClickKeyword.groovy:40)
	at com.kms.katalon.core.keyword.internal.KeywordExecutor.executeKeywordForPlatform(KeywordExecutor.groovy:74)
	at com.kms.katalon.core.webui.keyword.WebUiBuiltInKeywords.click(WebUiBuiltInKeywords.groovy:620)
	at com.kms.katalon.core.webui.keyword.WebUiBuiltInKeywords$click$1.call(Unknown Source)
	at 6.Search_join_public_room.run(6.Search_join_public_room:42)
	at com.kms.katalon.core.main.ScriptEngine.run(ScriptEngine.java:194)
	at com.kms.katalon.core.main.ScriptEngine.runScriptAsRawText(ScriptEngine.java:119)
	at com.kms.katalon.core.main.TestCaseExecutor.runScript(TestCaseExecutor.java:442)
	at com.kms.katalon.core.main.TestCaseExecutor.doExecute(TestCaseExecutor.java:433)
	at com.kms.katalon.core.main.TestCaseExecutor.processExecutionPhase(TestCaseExecutor.java:412)
	at com.kms.katalon.core.main.TestCaseExecutor.accessMainPhase(TestCaseExecutor.java:404)
	at com.kms.katalon.core.main.TestCaseExecutor.execute(TestCaseExecutor.java:281)
	at com.kms.katalon.core.main.TestSuiteExecutor.accessTestCaseMainPhase(TestSuiteExecutor.java:202)
	at com.kms.katalon.core.main.TestSuiteExecutor.accessTestSuiteMainPhase(TestSuiteExecutor.java:164)
	at com.kms.katalon.core.main.TestSuiteExecutor.execute(TestSuiteExecutor.java:105)
	at com.kms.katalon.core.main.TestCaseMain.startTestSuite(TestCaseMain.java:181)
	at com.kms.katalon.core.main.TestCaseMain$startTestSuite$0.call(Unknown Source)
	at TempTestSuite1642431380491.run(TempTestSuite1642431380491.groovy:36)
Caused by: org.openqa.selenium.ElementClickInterceptedException: element click intercepted: Element <span lang="en">...</span> is not clickable at point (726, 463). Other element would receive the click: <div class="mx_ContextualMenu_background"></div>
  (Session info: chrome=97.0.4692.71)
Build info: version: '3.141.59', revision: 'e82be7d358', time: '2018-11-14T08:25:53'
System info: host: 'LAPTOP-RBUE6998', ip: '192.168.1.4', os.name: 'Windows 10', os.arch: 'amd64', os.version: '10.0', java.version: '1.8.0_282'
Driver info: com.kms.katalon.selenium.driver.CChromeDriver
Capabilities {acceptInsecureCerts: false, browserName: chrome, browserVersion: 97.0.4692.71, chrome: {chromedriverVersion: 97.0.4692.71 (adefa7837d02a..., userDataDir: C:\Users\TRI\AppData\Local\...}, goog:chromeOptions: {debuggerAddress: localhost:55862}, javascriptEnabled: true, networkConnectionEnabled: false, pageLoadStrategy: normal, platform: WINDOWS, platformName: WINDOWS, proxy: Proxy(), setWindowRect: true, strictFileInteractability: false, timeouts: {implicit: 0, pageLoad: 300000, script: 30000}, unhandledPromptBehavior: dismiss and notify, webauthn:extension:credBlob: true, webauthn:extension:largeBlob: true, webauthn:virtualAuthenticators: true}
Session ID: ed50f3e9befe4e99438f457ea367d0d0
	at org.openqa.selenium.remote.http.W3CHttpResponseCodec.createException(W3CHttpResponseCodec.java:187)
	at org.openqa.selenium.remote.http.W3CHttpResponseCodec.decode(W3CHttpResponseCodec.java:122)
	at org.openqa.selenium.remote.http.W3CHttpResponseCodec.decode(W3CHttpResponseCodec.java:49)
	at org.openqa.selenium.remote.HttpCommandExecutor.execute(HttpCommandExecutor.java:158)
	at org.openqa.selenium.remote.service.DriverCommandExecutor.execute(DriverCommandExecutor.java:83)
	at org.openqa.selenium.remote.RemoteWebDriver.execute(RemoteWebDriver.java:552)
	at com.kms.katalon.selenium.driver.CChromeDriver.execute(CChromeDriver.java:19)
	at org.openqa.selenium.remote.RemoteWebElement.execute(RemoteWebElement.java:285)
	at org.openqa.selenium.remote.RemoteWebElement.click(RemoteWebElement.java:84)
	at org.openqa.selenium.support.events.EventFiringWebDriver$EventFiringWebElement.lambda$new$0(EventFiringWebDriver.java:404)
	at com.sun.proxy.$Proxy11.click(Unknown Source)
	at org.openqa.selenium.support.events.EventFiringWebDriver$EventFiringWebElement.click(EventFiringWebDriver.java:417)
	at org.openqa.selenium.WebElement$click.call(Unknown Source)
	at com.kms.katalon.core.webui.keyword.builtin.ClickKeyword.clickUntilSuccessWithTimeout(ClickKeyword.groovy:81)
	at com.kms.katalon.core.webui.keyword.builtin.ClickKeyword.clickUntilSuccessWithTimeout(ClickKeyword.groovy)
	at com.kms.katalon.core.webui.keyword.builtin.ClickKeyword$_click_closure1.doCall(ClickKeyword.groovy:67)
	at com.kms.katalon.core.webui.keyword.builtin.ClickKeyword$_click_closure1.call(ClickKeyword.groovy)
	at com.kms.katalon.core.webui.keyword.internal.WebUIKeywordMain.runKeyword(WebUIKeywordMain.groovy:20)
	at com.kms.katalon.core.webui.keyword.builtin.ClickKeyword.click(ClickKeyword.groovy:74)
	at com.kms.katalon.core.webui.keyword.builtin.ClickKeyword.execute(ClickKeyword.groovy:40)
	at com.kms.katalon.core.keyword.internal.KeywordExecutor.executeKeywordForPlatform(KeywordExecutor.groovy:74)
	at com.kms.katalon.core.webui.keyword.WebUiBuiltInKeywords.click(WebUiBuiltInKeywords.groovy:620)
	at com.kms.katalon.core.webui.keyword.WebUiBuiltInKeywords$click$1.call(Unknown Source)
	at Script1641788619632.run(Script1641788619632.groovy:42)
	... 13 more
)

2022-01-17 22:06:02 - [MESSAGE][FAILED] - Unable to click on object 'Object Repository/Page_Element/span_Explore public rooms' (Root cause: com.kms.katalon.core.exception.StepFailedException: Unable to click on object 'Object Repository/Page_Element/span_Explore public rooms'
	at com.kms.katalon.core.webui.keyword.internal.WebUIKeywordMain.stepFailed(WebUIKeywordMain.groovy:64)
	at com.kms.katalon.core.webui.keyword.internal.WebUIKeywordMain.runKeyword(WebUIKeywordMain.groovy:26)
	at com.kms.katalon.core.webui.keyword.builtin.ClickKeyword.click(ClickKeyword.groovy:74)
	at com.kms.katalon.core.webui.keyword.builtin.ClickKeyword.execute(ClickKeyword.groovy:40)
	at com.kms.katalon.core.keyword.internal.KeywordExecutor.executeKeywordForPlatform(KeywordExecutor.groovy:74)
	at com.kms.katalon.core.webui.keyword.WebUiBuiltInKeywords.click(WebUiBuiltInKeywords.groovy:620)
	at com.kms.katalon.core.webui.keyword.WebUiBuiltInKeywords$click$1.call(Unknown Source)
	at 6.Search_join_public_room.run(6.Search_join_public_room:42)
	at com.kms.katalon.core.main.ScriptEngine.run(ScriptEngine.java:194)
	at com.kms.katalon.core.main.ScriptEngine.runScriptAsRawText(ScriptEngine.java:119)
	at com.kms.katalon.core.main.TestCaseExecutor.runScript(TestCaseExecutor.java:442)
	at com.kms.katalon.core.main.TestCaseExecutor.doExecute(TestCaseExecutor.java:433)
	at com.kms.katalon.core.main.TestCaseExecutor.processExecutionPhase(TestCaseExecutor.java:412)
	at com.kms.katalon.core.main.TestCaseExecutor.accessMainPhase(TestCaseExecutor.java:404)
	at com.kms.katalon.core.main.TestCaseExecutor.execute(TestCaseExecutor.java:281)
	at com.kms.katalon.core.main.TestSuiteExecutor.accessTestCaseMainPhase(TestSuiteExecutor.java:202)
	at com.kms.katalon.core.main.TestSuiteExecutor.accessTestSuiteMainPhase(TestSuiteExecutor.java:164)
	at com.kms.katalon.core.main.TestSuiteExecutor.execute(TestSuiteExecutor.java:105)
	at com.kms.katalon.core.main.TestCaseMain.startTestSuite(TestCaseMain.java:181)
	at com.kms.katalon.core.main.TestCaseMain$startTestSuite$0.call(Unknown Source)
	at TempTestSuite1642431380491.run(TempTestSuite1642431380491.groovy:36)
Caused by: org.openqa.selenium.ElementClickInterceptedException: element click intercepted: Element <span lang="en">...</span> is not clickable at point (726, 463). Other element would receive the click: <div class="mx_ContextualMenu_background"></div>
  (Session info: chrome=97.0.4692.71)
Build info: version: '3.141.59', revision: 'e82be7d358', time: '2018-11-14T08:25:53'
System info: host: 'LAPTOP-RBUE6998', ip: '192.168.1.4', os.name: 'Windows 10', os.arch: 'amd64', os.version: '10.0', java.version: '1.8.0_282'
Driver info: com.kms.katalon.selenium.driver.CChromeDriver
Capabilities {acceptInsecureCerts: false, browserName: chrome, browserVersion: 97.0.4692.71, chrome: {chromedriverVersion: 97.0.4692.71 (adefa7837d02a..., userDataDir: C:\Users\TRI\AppData\Local\...}, goog:chromeOptions: {debuggerAddress: localhost:55862}, javascriptEnabled: true, networkConnectionEnabled: false, pageLoadStrategy: normal, platform: WINDOWS, platformName: WINDOWS, proxy: Proxy(), setWindowRect: true, strictFileInteractability: false, timeouts: {implicit: 0, pageLoad: 300000, script: 30000}, unhandledPromptBehavior: dismiss and notify, webauthn:extension:credBlob: true, webauthn:extension:largeBlob: true, webauthn:virtualAuthenticators: true}
Session ID: ed50f3e9befe4e99438f457ea367d0d0
	at org.openqa.selenium.remote.http.W3CHttpResponseCodec.createException(W3CHttpResponseCodec.java:187)
	at org.openqa.selenium.remote.http.W3CHttpResponseCodec.decode(W3CHttpResponseCodec.java:122)
	at org.openqa.selenium.remote.http.W3CHttpResponseCodec.decode(W3CHttpResponseCodec.java:49)
	at org.openqa.selenium.remote.HttpCommandExecutor.execute(HttpCommandExecutor.java:158)
	at org.openqa.selenium.remote.service.DriverCommandExecutor.execute(DriverCommandExecutor.java:83)
	at org.openqa.selenium.remote.RemoteWebDriver.execute(RemoteWebDriver.java:552)
	at com.kms.katalon.selenium.driver.CChromeDriver.execute(CChromeDriver.java:19)
	at org.openqa.selenium.remote.RemoteWebElement.execute(RemoteWebElement.java:285)
	at org.openqa.selenium.remote.RemoteWebElement.click(RemoteWebElement.java:84)
	at org.openqa.selenium.support.events.EventFiringWebDriver$EventFiringWebElement.lambda$new$0(EventFiringWebDriver.java:404)
	at com.sun.proxy.$Proxy11.click(Unknown Source)
	at org.openqa.selenium.support.events.EventFiringWebDriver$EventFiringWebElement.click(EventFiringWebDriver.java:417)
	at org.openqa.selenium.WebElement$click.call(Unknown Source)
	at com.kms.katalon.core.webui.keyword.builtin.ClickKeyword.clickUntilSuccessWithTimeout(ClickKeyword.groovy:81)
	at com.kms.katalon.core.webui.keyword.builtin.ClickKeyword.clickUntilSuccessWithTimeout(ClickKeyword.groovy)
	at com.kms.katalon.core.webui.keyword.builtin.ClickKeyword$_click_closure1.doCall(ClickKeyword.groovy:67)
	at com.kms.katalon.core.webui.keyword.builtin.ClickKeyword$_click_closure1.call(ClickKeyword.groovy)
	at com.kms.katalon.core.webui.keyword.internal.WebUIKeywordMain.runKeyword(WebUIKeywordMain.groovy:20)
	at com.kms.katalon.core.webui.keyword.builtin.ClickKeyword.click(ClickKeyword.groovy:74)
	at com.kms.katalon.core.webui.keyword.builtin.ClickKeyword.execute(ClickKeyword.groovy:40)
	at com.kms.katalon.core.keyword.internal.KeywordExecutor.executeKeywordForPlatform(KeywordExecutor.groovy:74)
	at com.kms.katalon.core.webui.keyword.WebUiBuiltInKeywords.click(WebUiBuiltInKeywords.groovy:620)
	at com.kms.katalon.core.webui.keyword.WebUiBuiltInKeywords$click$1.call(Unknown Source)
	at Script1641788619632.run(Script1641788619632.groovy:42)
	... 13 more
)
[[ATTACHMENT|D:\\Bonus-SE\\Katalon_pj\\Bonus_SE\\Reports\\20220117_215620\\Run all test case\\20220117_215620\\1642431962296.png]]]]></system-out>
         <system-err><![CDATA[2022-01-17 22:04:57 - [TEST_CASE][FAILED] - Test Cases/6.Search_join_public_room: Test Cases/6.Search_join_public_room FAILED.
Reason:
com.kms.katalon.core.exception.StepFailedException: Unable to click on object 'Object Repository/Page_Element/span_Explore public rooms'
	at com.kms.katalon.core.webui.keyword.internal.WebUIKeywordMain.stepFailed(WebUIKeywordMain.groovy:64)
	at com.kms.katalon.core.webui.keyword.internal.WebUIKeywordMain.runKeyword(WebUIKeywordMain.groovy:26)
	at com.kms.katalon.core.webui.keyword.builtin.ClickKeyword.click(ClickKeyword.groovy:74)
	at com.kms.katalon.core.webui.keyword.builtin.ClickKeyword.execute(ClickKeyword.groovy:40)
	at com.kms.katalon.core.keyword.internal.KeywordExecutor.executeKeywordForPlatform(KeywordExecutor.groovy:74)
	at com.kms.katalon.core.webui.keyword.WebUiBuiltInKeywords.click(WebUiBuiltInKeywords.groovy:620)
	at com.kms.katalon.core.webui.keyword.WebUiBuiltInKeywords$click$1.call(Unknown Source)
	at 6.Search_join_public_room.run(6.Search_join_public_room:42)
	at com.kms.katalon.core.main.ScriptEngine.run(ScriptEngine.java:194)
	at com.kms.katalon.core.main.ScriptEngine.runScriptAsRawText(ScriptEngine.java:119)
	at com.kms.katalon.core.main.TestCaseExecutor.runScript(TestCaseExecutor.java:442)
	at com.kms.katalon.core.main.TestCaseExecutor.doExecute(TestCaseExecutor.java:433)
	at com.kms.katalon.core.main.TestCaseExecutor.processExecutionPhase(TestCaseExecutor.java:412)
	at com.kms.katalon.core.main.TestCaseExecutor.accessMainPhase(TestCaseExecutor.java:404)
	at com.kms.katalon.core.main.TestCaseExecutor.execute(TestCaseExecutor.java:281)
	at com.kms.katalon.core.main.TestSuiteExecutor.accessTestCaseMainPhase(TestSuiteExecutor.java:202)
	at com.kms.katalon.core.main.TestSuiteExecutor.accessTestSuiteMainPhase(TestSuiteExecutor.java:164)
	at com.kms.katalon.core.main.TestSuiteExecutor.execute(TestSuiteExecutor.java:105)
	at com.kms.katalon.core.main.TestCaseMain.startTestSuite(TestCaseMain.java:181)
	at com.kms.katalon.core.main.TestCaseMain$startTestSuite$0.call(Unknown Source)
	at TempTestSuite1642431380491.run(TempTestSuite1642431380491.groovy:36)
Caused by: org.openqa.selenium.ElementClickInterceptedException: element click intercepted: Element <span lang="en">...</span> is not clickable at point (726, 463). Other element would receive the click: <div class="mx_ContextualMenu_background"></div>
  (Session info: chrome=97.0.4692.71)
Build info: version: '3.141.59', revision: 'e82be7d358', time: '2018-11-14T08:25:53'
System info: host: 'LAPTOP-RBUE6998', ip: '192.168.1.4', os.name: 'Windows 10', os.arch: 'amd64', os.version: '10.0', java.version: '1.8.0_282'
Driver info: com.kms.katalon.selenium.driver.CChromeDriver
Capabilities {acceptInsecureCerts: false, browserName: chrome, browserVersion: 97.0.4692.71, chrome: {chromedriverVersion: 97.0.4692.71 (adefa7837d02a..., userDataDir: C:\Users\TRI\AppData\Local\...}, goog:chromeOptions: {debuggerAddress: localhost:55862}, javascriptEnabled: true, networkConnectionEnabled: false, pageLoadStrategy: normal, platform: WINDOWS, platformName: WINDOWS, proxy: Proxy(), setWindowRect: true, strictFileInteractability: false, timeouts: {implicit: 0, pageLoad: 300000, script: 30000}, unhandledPromptBehavior: dismiss and notify, webauthn:extension:credBlob: true, webauthn:extension:largeBlob: true, webauthn:virtualAuthenticators: true}
Session ID: ed50f3e9befe4e99438f457ea367d0d0
	at org.openqa.selenium.remote.http.W3CHttpResponseCodec.createException(W3CHttpResponseCodec.java:187)
	at org.openqa.selenium.remote.http.W3CHttpResponseCodec.decode(W3CHttpResponseCodec.java:122)
	at org.openqa.selenium.remote.http.W3CHttpResponseCodec.decode(W3CHttpResponseCodec.java:49)
	at org.openqa.selenium.remote.HttpCommandExecutor.execute(HttpCommandExecutor.java:158)
	at org.openqa.selenium.remote.service.DriverCommandExecutor.execute(DriverCommandExecutor.java:83)
	at org.openqa.selenium.remote.RemoteWebDriver.execute(RemoteWebDriver.java:552)
	at com.kms.katalon.selenium.driver.CChromeDriver.execute(CChromeDriver.java:19)
	at org.openqa.selenium.remote.RemoteWebElement.execute(RemoteWebElement.java:285)
	at org.openqa.selenium.remote.RemoteWebElement.click(RemoteWebElement.java:84)
	at org.openqa.selenium.support.events.EventFiringWebDriver$EventFiringWebElement.lambda$new$0(EventFiringWebDriver.java:404)
	at com.sun.proxy.$Proxy11.click(Unknown Source)
	at org.openqa.selenium.support.events.EventFiringWebDriver$EventFiringWebElement.click(EventFiringWebDriver.java:417)
	at org.openqa.selenium.WebElement$click.call(Unknown Source)
	at com.kms.katalon.core.webui.keyword.builtin.ClickKeyword.clickUntilSuccessWithTimeout(ClickKeyword.groovy:81)
	at com.kms.katalon.core.webui.keyword.builtin.ClickKeyword.clickUntilSuccessWithTimeout(ClickKeyword.groovy)
	at com.kms.katalon.core.webui.keyword.builtin.ClickKeyword$_click_closure1.doCall(ClickKeyword.groovy:67)
	at com.kms.katalon.core.webui.keyword.builtin.ClickKeyword$_click_closure1.call(ClickKeyword.groovy)
	at com.kms.katalon.core.webui.keyword.internal.WebUIKeywordMain.runKeyword(WebUIKeywordMain.groovy:20)
	... 19 more]]></system-err>
      </testcase>
      <testcase name="Test Cases/23.ChangeFronSizeValid" time="33.637" classname="Test Cases/23.ChangeFronSizeValid" status="PASSED">
         <system-out><![CDATA[2022-01-17 22:06:02 - [TEST_CASE][PASSED] - Test Cases/23.ChangeFronSizeValid: Test Cases/23.ChangeFronSizeValid

2022-01-17 22:06:02 - [TEST_STEP][PASSED] - openBrowser(""): Browser is opened with url: ''

2022-01-17 22:06:02 - [MESSAGE][WARNING] - A browser is already opened. Closing browser and opening a new one

2022-01-17 22:06:03 - [MESSAGE][INFO] - Starting 'Chrome' driver

2022-01-17 22:06:03 - [MESSAGE][INFO] - Action delay is set to 1,000 milliseconds

2022-01-17 22:06:04 - [MESSAGE][PASSED] - Browser is opened with url: ''

2022-01-17 22:06:04 - [TEST_STEP][PASSED] - navigateToUrl("http://localhost:8080/"): Navigate to 'http://localhost:8080/' successfully

2022-01-17 22:06:07 - [MESSAGE][PASSED] - Navigate to 'http://localhost:8080/' successfully

2022-01-17 22:06:07 - [TEST_STEP][PASSED] - click(findTestObject("Object Repository/Page_Element/a_Sign In")): Object: 'Object Repository/Page_Element/a_Sign In' is clicked on

2022-01-17 22:06:10 - [MESSAGE][PASSED] - Object: 'Object Repository/Page_Element/a_Sign In' is clicked on

2022-01-17 22:06:10 - [TEST_STEP][PASSED] - setText(findTestObject("Object Repository/Page_Element/input_Sign in with_username"), "ptnha19"): Text 'ptnha19' is set on object 'Object Repository/Page_Element/input_Sign in with_username'

2022-01-17 22:06:14 - [MESSAGE][PASSED] - Text 'ptnha19' is set on object 'Object Repository/Page_Element/input_Sign in with_username'

2022-01-17 22:06:14 - [TEST_STEP][PASSED] - setEncryptedText(findTestObject("Object Repository/Page_Element/input_Username_password"), "5R3Ima4A+eOeCrCDRGMLmJpaGR3V3+YI"): Text ****** has been set on object 'Object Repository/Page_Element/input_Username_password'

2022-01-17 22:06:16 - [MESSAGE][PASSED] - Text ****** has been set on object 'Object Repository/Page_Element/input_Username_password'

2022-01-17 22:06:16 - [TEST_STEP][PASSED] - click(findTestObject("Object Repository/Page_Element/input_Forgot password_mx_Login_submit")): Object: 'Object Repository/Page_Element/input_Forgot password_mx_Login_submit' is clicked on

2022-01-17 22:06:17 - [MESSAGE][PASSED] - Object: 'Object Repository/Page_Element/input_Forgot password_mx_Login_submit' is clicked on

2022-01-17 22:06:17 - [TEST_STEP][PASSED] - click(findTestObject("Object Repository/Page_Element/div_Verify with Security Key")): Object: 'Object Repository/Page_Element/div_Verify with Security Key' is clicked on

2022-01-17 22:06:24 - [MESSAGE][PASSED] - Object: 'Object Repository/Page_Element/div_Verify with Security Key' is clicked on

2022-01-17 22:06:24 - [TEST_STEP][PASSED] - setEncryptedText(findTestObject("Object Repository/Page_Element/input_Security Key_mx_Field_4"), "PF4jXtbe/5x5+S5PgN4Kl/QbANAkWZYKqKaG9gW6gn+Po31AOnak0DX8GoEzAUkskgpeON1UhfEqZG0XXngJPA=="): Text ****** has been set on object 'Object Repository/Page_Element/input_Security Key_mx_Field_4'

2022-01-17 22:06:27 - [MESSAGE][PASSED] - Text ****** has been set on object 'Object Repository/Page_Element/input_Security Key_mx_Field_4'

2022-01-17 22:06:27 - [TEST_STEP][PASSED] - click(findTestObject("Object Repository/Page_Element/button_Continue")): Object: 'Object Repository/Page_Element/button_Continue' is clicked on

2022-01-17 22:06:28 - [MESSAGE][PASSED] - Object: 'Object Repository/Page_Element/button_Continue' is clicked on

2022-01-17 22:06:28 - [TEST_STEP][PASSED] - click(findTestObject("Object Repository/Page_Element/div_Done")): Object: 'Object Repository/Page_Element/div_Done' is clicked on

2022-01-17 22:06:30 - [MESSAGE][PASSED] - Object: 'Object Repository/Page_Element/div_Done' is clicked on

2022-01-17 22:06:30 - [TEST_STEP][PASSED] - click(findTestObject("Object Repository/Page_Element/img_Enable_mx_BaseAvatar_image")): Object: 'Object Repository/Page_Element/img_Enable_mx_BaseAvatar_image' is clicked on

2022-01-17 22:06:32 - [MESSAGE][PASSED] - Object: 'Object Repository/Page_Element/img_Enable_mx_BaseAvatar_image' is clicked on

2022-01-17 22:06:32 - [TEST_STEP][PASSED] - click(findTestObject("Object Repository/Page_Element/span_All settings")): Object: 'Object Repository/Page_Element/span_All settings' is clicked on

2022-01-17 22:06:33 - [MESSAGE][PASSED] - Object: 'Object Repository/Page_Element/span_All settings' is clicked on

2022-01-17 22:06:33 - [TEST_STEP][PASSED] - click(findTestObject("Object Repository/Page_Element/span_Appearance")): Object: 'Object Repository/Page_Element/span_Appearance' is clicked on

2022-01-17 22:06:34 - [MESSAGE][PASSED] - Object: 'Object Repository/Page_Element/span_Appearance' is clicked on

2022-01-17 22:06:34 - [TEST_STEP][PASSED] - click(findTestObject("Object Repository/Page_Element/div_Aa_mx_Slider_dot mx_Slider_dotActive")): Object: 'Object Repository/Page_Element/div_Aa_mx_Slider_dot mx_Slider_dotActive' is clicked on

2022-01-17 22:06:35 - [MESSAGE][PASSED] - Object: 'Object Repository/Page_Element/div_Aa_mx_Slider_dot mx_Slider_dotActive' is clicked on

2022-01-17 22:06:35 - [TEST_STEP][PASSED] - closeBrowser(): Browser is closed

2022-01-17 22:06:36 - [MESSAGE][PASSED] - Browser is closed]]></system-out>
         <system-err><![CDATA[]]></system-err>
      </testcase>
      <testcase name="Test Cases/24.ChangeDisplayName" time="34.022" classname="Test Cases/24.ChangeDisplayName" status="PASSED">
         <system-out><![CDATA[2022-01-17 22:06:36 - [TEST_CASE][PASSED] - Test Cases/24.ChangeDisplayName: Test Cases/24.ChangeDisplayName

2022-01-17 22:06:36 - [TEST_STEP][PASSED] - openBrowser(""): Browser is opened with url: ''

2022-01-17 22:06:36 - [MESSAGE][INFO] - Starting 'Chrome' driver

2022-01-17 22:06:36 - [MESSAGE][INFO] - Action delay is set to 1,000 milliseconds

2022-01-17 22:06:37 - [MESSAGE][PASSED] - Browser is opened with url: ''

2022-01-17 22:06:37 - [TEST_STEP][PASSED] - navigateToUrl("http://localhost:8080/"): Navigate to 'http://localhost:8080/' successfully

2022-01-17 22:06:39 - [MESSAGE][PASSED] - Navigate to 'http://localhost:8080/' successfully

2022-01-17 22:06:39 - [TEST_STEP][PASSED] - click(findTestObject("Object Repository/Page_Element/div_Sign In")): Object: 'Object Repository/Page_Element/div_Sign In' is clicked on

2022-01-17 22:06:43 - [MESSAGE][PASSED] - Object: 'Object Repository/Page_Element/div_Sign In' is clicked on

2022-01-17 22:06:43 - [TEST_STEP][PASSED] - setText(findTestObject("Object Repository/Page_Element/input_Sign in with_username"), "ptnha19"): Text 'ptnha19' is set on object 'Object Repository/Page_Element/input_Sign in with_username'

2022-01-17 22:06:47 - [MESSAGE][PASSED] - Text 'ptnha19' is set on object 'Object Repository/Page_Element/input_Sign in with_username'

2022-01-17 22:06:47 - [TEST_STEP][PASSED] - setEncryptedText(findTestObject("Object Repository/Page_Element/input_Username_password"), "5R3Ima4A+eOeCrCDRGMLmJpaGR3V3+YI"): Text ****** has been set on object 'Object Repository/Page_Element/input_Username_password'

2022-01-17 22:06:49 - [MESSAGE][PASSED] - Text ****** has been set on object 'Object Repository/Page_Element/input_Username_password'

2022-01-17 22:06:49 - [TEST_STEP][PASSED] - click(findTestObject("Object Repository/Page_Element/input_Forgot password_mx_Login_submit")): Object: 'Object Repository/Page_Element/input_Forgot password_mx_Login_submit' is clicked on

2022-01-17 22:06:50 - [MESSAGE][PASSED] - Object: 'Object Repository/Page_Element/input_Forgot password_mx_Login_submit' is clicked on

2022-01-17 22:06:50 - [TEST_STEP][PASSED] - click(findTestObject("Object Repository/Page_Element/div_Verify with Security Key")): Object: 'Object Repository/Page_Element/div_Verify with Security Key' is clicked on

2022-01-17 22:06:57 - [MESSAGE][PASSED] - Object: 'Object Repository/Page_Element/div_Verify with Security Key' is clicked on

2022-01-17 22:06:57 - [TEST_STEP][PASSED] - setEncryptedText(findTestObject("Object Repository/Page_Element/input_Security Key_mx_Field_4"), "PF4jXtbe/5x5+S5PgN4Kl/QbANAkWZYKqKaG9gW6gn+Po31AOnak0DX8GoEzAUkskgpeON1UhfEqZG0XXngJPA=="): Text ****** has been set on object 'Object Repository/Page_Element/input_Security Key_mx_Field_4'

2022-01-17 22:06:59 - [MESSAGE][PASSED] - Text ****** has been set on object 'Object Repository/Page_Element/input_Security Key_mx_Field_4'

2022-01-17 22:06:59 - [TEST_STEP][PASSED] - click(findTestObject("Object Repository/Page_Element/button_Continue")): Object: 'Object Repository/Page_Element/button_Continue' is clicked on

2022-01-17 22:07:00 - [MESSAGE][PASSED] - Object: 'Object Repository/Page_Element/button_Continue' is clicked on

2022-01-17 22:07:00 - [TEST_STEP][PASSED] - click(findTestObject("Object Repository/Page_Element/div_Done")): Object: 'Object Repository/Page_Element/div_Done' is clicked on

2022-01-17 22:07:02 - [MESSAGE][PASSED] - Object: 'Object Repository/Page_Element/div_Done' is clicked on

2022-01-17 22:07:02 - [TEST_STEP][PASSED] - click(findTestObject("Object Repository/Page_Element/img_Review_mx_BaseAvatar_image")): Object: 'Object Repository/Page_Element/img_Review_mx_BaseAvatar_image' is clicked on

2022-01-17 22:07:04 - [MESSAGE][PASSED] - Object: 'Object Repository/Page_Element/img_Review_mx_BaseAvatar_image' is clicked on

2022-01-17 22:07:04 - [TEST_STEP][PASSED] - click(findTestObject("Object Repository/Page_Element/span_All settings")): Object: 'Object Repository/Page_Element/span_All settings' is clicked on

2022-01-17 22:07:05 - [MESSAGE][PASSED] - Object: 'Object Repository/Page_Element/span_All settings' is clicked on

2022-01-17 22:07:05 - [TEST_STEP][PASSED] - setText(findTestObject("Object Repository/Page_Element/input_Profile_mx_Field_5"), "ptnha1"): Text 'ptnha1' is set on object 'Object Repository/Page_Element/input_Profile_mx_Field_5'

2022-01-17 22:07:07 - [MESSAGE][PASSED] - Text 'ptnha1' is set on object 'Object Repository/Page_Element/input_Profile_mx_Field_5'

2022-01-17 22:07:07 - [TEST_STEP][PASSED] - click(findTestObject("Object Repository/Page_Element/div_Save")): Object: 'Object Repository/Page_Element/div_Save' is clicked on

2022-01-17 22:07:09 - [MESSAGE][PASSED] - Object: 'Object Repository/Page_Element/div_Save' is clicked on

2022-01-17 22:07:09 - [TEST_STEP][PASSED] - closeBrowser(): Browser is closed

2022-01-17 22:07:10 - [MESSAGE][PASSED] - Browser is closed]]></system-out>
         <system-err><![CDATA[]]></system-err>
      </testcase>
      <testcase name="Test Cases/25.ChangePasswordInvalid" time="38.502" classname="Test Cases/25.ChangePasswordInvalid" status="PASSED">
         <system-out><![CDATA[2022-01-17 22:07:10 - [TEST_CASE][PASSED] - Test Cases/25.ChangePasswordInvalid: Test Cases/25.ChangePasswordInvalid

2022-01-17 22:07:10 - [TEST_STEP][PASSED] - openBrowser(""): Browser is opened with url: ''

2022-01-17 22:07:10 - [MESSAGE][INFO] - Starting 'Chrome' driver

2022-01-17 22:07:10 - [MESSAGE][INFO] - Action delay is set to 1,000 milliseconds

2022-01-17 22:07:11 - [MESSAGE][PASSED] - Browser is opened with url: ''

2022-01-17 22:07:11 - [TEST_STEP][PASSED] - navigateToUrl("http://localhost:8080/"): Navigate to 'http://localhost:8080/' successfully

2022-01-17 22:07:14 - [MESSAGE][PASSED] - Navigate to 'http://localhost:8080/' successfully

2022-01-17 22:07:14 - [TEST_STEP][PASSED] - click(findTestObject("Object Repository/Page_Element/div_Sign In")): Object: 'Object Repository/Page_Element/div_Sign In' is clicked on

2022-01-17 22:07:18 - [MESSAGE][PASSED] - Object: 'Object Repository/Page_Element/div_Sign In' is clicked on

2022-01-17 22:07:18 - [TEST_STEP][PASSED] - setText(findTestObject("Object Repository/Page_Element/input_Sign in with_username"), "ptnha19"): Text 'ptnha19' is set on object 'Object Repository/Page_Element/input_Sign in with_username'

2022-01-17 22:07:21 - [MESSAGE][PASSED] - Text 'ptnha19' is set on object 'Object Repository/Page_Element/input_Sign in with_username'

2022-01-17 22:07:21 - [TEST_STEP][PASSED] - setEncryptedText(findTestObject("Object Repository/Page_Element/input_Username_password"), "5R3Ima4A+eOeCrCDRGMLmJpaGR3V3+YI"): Text ****** has been set on object 'Object Repository/Page_Element/input_Username_password'

2022-01-17 22:07:24 - [MESSAGE][PASSED] - Text ****** has been set on object 'Object Repository/Page_Element/input_Username_password'

2022-01-17 22:07:24 - [TEST_STEP][PASSED] - click(findTestObject("Object Repository/Page_Element/input_Forgot password_mx_Login_submit")): Object: 'Object Repository/Page_Element/input_Forgot password_mx_Login_submit' is clicked on

2022-01-17 22:07:25 - [MESSAGE][PASSED] - Object: 'Object Repository/Page_Element/input_Forgot password_mx_Login_submit' is clicked on

2022-01-17 22:07:25 - [TEST_STEP][PASSED] - click(findTestObject("Object Repository/Page_Element/div_Verify with Security Key")): Object: 'Object Repository/Page_Element/div_Verify with Security Key' is clicked on

2022-01-17 22:07:30 - [MESSAGE][PASSED] - Object: 'Object Repository/Page_Element/div_Verify with Security Key' is clicked on

2022-01-17 22:07:30 - [TEST_STEP][PASSED] - setEncryptedText(findTestObject("Object Repository/Page_Element/input_Security Key_mx_Field_4"), "PF4jXtbe/5x5+S5PgN4Kl/QbANAkWZYKqKaG9gW6gn+Po31AOnak0DX8GoEzAUkskgpeON1UhfEqZG0XXngJPA=="): Text ****** has been set on object 'Object Repository/Page_Element/input_Security Key_mx_Field_4'

2022-01-17 22:07:33 - [MESSAGE][PASSED] - Text ****** has been set on object 'Object Repository/Page_Element/input_Security Key_mx_Field_4'

2022-01-17 22:07:33 - [TEST_STEP][PASSED] - click(findTestObject("Object Repository/Page_Element/button_Continue")): Object: 'Object Repository/Page_Element/button_Continue' is clicked on

2022-01-17 22:07:34 - [MESSAGE][PASSED] - Object: 'Object Repository/Page_Element/button_Continue' is clicked on

2022-01-17 22:07:34 - [TEST_STEP][PASSED] - click(findTestObject("Object Repository/Page_Element/div_Done")): Object: 'Object Repository/Page_Element/div_Done' is clicked on

2022-01-17 22:07:37 - [MESSAGE][PASSED] - Object: 'Object Repository/Page_Element/div_Done' is clicked on

2022-01-17 22:07:37 - [TEST_STEP][PASSED] - click(findTestObject("Object Repository/Page_Element/img_Enable_mx_BaseAvatar_image")): Object: 'Object Repository/Page_Element/img_Enable_mx_BaseAvatar_image' is clicked on

2022-01-17 22:07:38 - [MESSAGE][PASSED] - Object: 'Object Repository/Page_Element/img_Enable_mx_BaseAvatar_image' is clicked on

2022-01-17 22:07:38 - [TEST_STEP][PASSED] - click(findTestObject("Object Repository/Page_Element/span_All settings")): Object: 'Object Repository/Page_Element/span_All settings' is clicked on

2022-01-17 22:07:39 - [MESSAGE][PASSED] - Object: 'Object Repository/Page_Element/span_All settings' is clicked on

2022-01-17 22:07:39 - [TEST_STEP][PASSED] - setEncryptedText(findTestObject("Object Repository/Page_Element/input_Account_mx_Field_7"), "cH9eeb27K7k="): Text ****** has been set on object 'Object Repository/Page_Element/input_Account_mx_Field_7'

2022-01-17 22:07:42 - [MESSAGE][PASSED] - Text ****** has been set on object 'Object Repository/Page_Element/input_Account_mx_Field_7'

2022-01-17 22:07:42 - [TEST_STEP][PASSED] - setEncryptedText(findTestObject("Object Repository/Page_Element/input_Current password_mx_Field_8"), "YYdYgnpZIxc="): Text ****** has been set on object 'Object Repository/Page_Element/input_Current password_mx_Field_8'

2022-01-17 22:07:44 - [MESSAGE][PASSED] - Text ****** has been set on object 'Object Repository/Page_Element/input_Current password_mx_Field_8'

2022-01-17 22:07:44 - [TEST_STEP][PASSED] - setEncryptedText(findTestObject("Object Repository/Page_Element/input_New Password_mx_Field_9"), "YYdYgnpZIxc="): Text ****** has been set on object 'Object Repository/Page_Element/input_New Password_mx_Field_9'

2022-01-17 22:07:46 - [MESSAGE][PASSED] - Text ****** has been set on object 'Object Repository/Page_Element/input_New Password_mx_Field_9'

2022-01-17 22:07:46 - [TEST_STEP][PASSED] - click(findTestObject("Object Repository/Page_Element/div_Change Password")): Object: 'Object Repository/Page_Element/div_Change Password' is clicked on

2022-01-17 22:07:47 - [MESSAGE][PASSED] - Object: 'Object Repository/Page_Element/div_Change Password' is clicked on

2022-01-17 22:07:47 - [TEST_STEP][PASSED] - closeBrowser(): Browser is closed

2022-01-17 22:07:48 - [MESSAGE][PASSED] - Browser is closed]]></system-out>
         <system-err><![CDATA[]]></system-err>
      </testcase>
      <testcase name="Test Cases/28.EnableDesktopNotificationsForThisSession" time="32.864" classname="Test Cases/28.EnableDesktopNotificationsForThisSession" status="PASSED">
         <system-out><![CDATA[2022-01-17 22:07:48 - [TEST_CASE][PASSED] - Test Cases/28.EnableDesktopNotificationsForThisSession: Test Cases/28.EnableDesktopNotificationsForThisSession

2022-01-17 22:07:48 - [TEST_STEP][PASSED] - openBrowser(""): Browser is opened with url: ''

2022-01-17 22:07:48 - [MESSAGE][INFO] - Starting 'Chrome' driver

2022-01-17 22:07:48 - [MESSAGE][INFO] - Action delay is set to 1,000 milliseconds

2022-01-17 22:07:49 - [MESSAGE][PASSED] - Browser is opened with url: ''

2022-01-17 22:07:49 - [TEST_STEP][PASSED] - navigateToUrl("http://localhost:8080/"): Navigate to 'http://localhost:8080/' successfully

2022-01-17 22:07:52 - [MESSAGE][PASSED] - Navigate to 'http://localhost:8080/' successfully

2022-01-17 22:07:52 - [TEST_STEP][PASSED] - click(findTestObject("Object Repository/Page_Element/div_Sign In")): Object: 'Object Repository/Page_Element/div_Sign In' is clicked on

2022-01-17 22:07:55 - [MESSAGE][PASSED] - Object: 'Object Repository/Page_Element/div_Sign In' is clicked on

2022-01-17 22:07:55 - [TEST_STEP][PASSED] - setText(findTestObject("Object Repository/Page_Element/input_Sign in with_username"), "ptnha19"): Text 'ptnha19' is set on object 'Object Repository/Page_Element/input_Sign in with_username'

2022-01-17 22:07:58 - [MESSAGE][PASSED] - Text 'ptnha19' is set on object 'Object Repository/Page_Element/input_Sign in with_username'

2022-01-17 22:07:58 - [TEST_STEP][PASSED] - setEncryptedText(findTestObject("Object Repository/Page_Element/input_Username_password"), "5R3Ima4A+eOeCrCDRGMLmJpaGR3V3+YI"): Text ****** has been set on object 'Object Repository/Page_Element/input_Username_password'

2022-01-17 22:08:00 - [MESSAGE][PASSED] - Text ****** has been set on object 'Object Repository/Page_Element/input_Username_password'

2022-01-17 22:08:00 - [TEST_STEP][PASSED] - click(findTestObject("Object Repository/Page_Element/input_Forgot password_mx_Login_submit")): Object: 'Object Repository/Page_Element/input_Forgot password_mx_Login_submit' is clicked on

2022-01-17 22:08:01 - [MESSAGE][PASSED] - Object: 'Object Repository/Page_Element/input_Forgot password_mx_Login_submit' is clicked on

2022-01-17 22:08:01 - [TEST_STEP][PASSED] - click(findTestObject("Object Repository/Page_Element/div_Verify with Security Key")): Object: 'Object Repository/Page_Element/div_Verify with Security Key' is clicked on

2022-01-17 22:08:07 - [MESSAGE][PASSED] - Object: 'Object Repository/Page_Element/div_Verify with Security Key' is clicked on

2022-01-17 22:08:07 - [TEST_STEP][PASSED] - setEncryptedText(findTestObject("Object Repository/Page_Element/input_Security Key_mx_Field_4"), "PF4jXtbe/5x5+S5PgN4Kl/QbANAkWZYKqKaG9gW6gn+Po31AOnak0DX8GoEzAUkskgpeON1UhfEqZG0XXngJPA=="): Text ****** has been set on object 'Object Repository/Page_Element/input_Security Key_mx_Field_4'

2022-01-17 22:08:10 - [MESSAGE][PASSED] - Text ****** has been set on object 'Object Repository/Page_Element/input_Security Key_mx_Field_4'

2022-01-17 22:08:10 - [TEST_STEP][PASSED] - click(findTestObject("Object Repository/Page_Element/button_Continue")): Object: 'Object Repository/Page_Element/button_Continue' is clicked on

2022-01-17 22:08:11 - [MESSAGE][PASSED] - Object: 'Object Repository/Page_Element/button_Continue' is clicked on

2022-01-17 22:08:11 - [TEST_STEP][PASSED] - click(findTestObject("Object Repository/Page_Element/div_Done")): Object: 'Object Repository/Page_Element/div_Done' is clicked on

2022-01-17 22:08:13 - [MESSAGE][PASSED] - Object: 'Object Repository/Page_Element/div_Done' is clicked on

2022-01-17 22:08:13 - [TEST_STEP][PASSED] - click(findTestObject("Object Repository/Page_Element/img_Enable_mx_BaseAvatar_image")): Object: 'Object Repository/Page_Element/img_Enable_mx_BaseAvatar_image' is clicked on

2022-01-17 22:08:14 - [MESSAGE][PASSED] - Object: 'Object Repository/Page_Element/img_Enable_mx_BaseAvatar_image' is clicked on

2022-01-17 22:08:14 - [TEST_STEP][PASSED] - click(findTestObject("Object Repository/Page_Element/span_Notifications")): Object: 'Object Repository/Page_Element/span_Notifications' is clicked on

2022-01-17 22:08:16 - [MESSAGE][PASSED] - Object: 'Object Repository/Page_Element/span_Notifications' is clicked on

2022-01-17 22:08:16 - [TEST_STEP][PASSED] - click(findTestObject("Object Repository/Page_Element/div_Enable desktop notifications for this s_6cd3cd")): Object: 'Object Repository/Page_Element/div_Enable desktop notifications for this s_6cd3cd' is clicked on

2022-01-17 22:08:18 - [MESSAGE][PASSED] - Object: 'Object Repository/Page_Element/div_Enable desktop notifications for this s_6cd3cd' is clicked on

2022-01-17 22:08:18 - [TEST_STEP][PASSED] - click(findTestObject("Object Repository/Page_Element/div_Enable desktop notifications for this s_6cd3cd")): Object: 'Object Repository/Page_Element/div_Enable desktop notifications for this s_6cd3cd' is clicked on

2022-01-17 22:08:19 - [MESSAGE][PASSED] - Object: 'Object Repository/Page_Element/div_Enable desktop notifications for this s_6cd3cd' is clicked on

2022-01-17 22:08:19 - [TEST_STEP][PASSED] - click(findTestObject("Object Repository/Page_Element/div_Enable desktop notifications for this s_6cd3cd_1")): Object: 'Object Repository/Page_Element/div_Enable desktop notifications for this s_6cd3cd_1' is clicked on

2022-01-17 22:08:20 - [MESSAGE][PASSED] - Object: 'Object Repository/Page_Element/div_Enable desktop notifications for this s_6cd3cd_1' is clicked on

2022-01-17 22:08:20 - [TEST_STEP][PASSED] - closeBrowser(): Browser is closed

2022-01-17 22:08:21 - [MESSAGE][PASSED] - Browser is closed]]></system-out>
         <system-err><![CDATA[]]></system-err>
      </testcase>
      <testcase name="Test Cases/29.EnableEmailNotifications" time="33.474" classname="Test Cases/29.EnableEmailNotifications" status="PASSED">
         <system-out><![CDATA[2022-01-17 22:08:21 - [TEST_CASE][PASSED] - Test Cases/29.EnableEmailNotifications: Test Cases/29.EnableEmailNotifications

2022-01-17 22:08:21 - [TEST_STEP][PASSED] - openBrowser(""): Browser is opened with url: ''

2022-01-17 22:08:21 - [MESSAGE][INFO] - Starting 'Chrome' driver

2022-01-17 22:08:21 - [MESSAGE][INFO] - Action delay is set to 1,000 milliseconds

2022-01-17 22:08:22 - [MESSAGE][PASSED] - Browser is opened with url: ''

2022-01-17 22:08:22 - [TEST_STEP][PASSED] - navigateToUrl("http://localhost:8080/"): Navigate to 'http://localhost:8080/' successfully

2022-01-17 22:08:25 - [MESSAGE][PASSED] - Navigate to 'http://localhost:8080/' successfully

2022-01-17 22:08:25 - [TEST_STEP][PASSED] - click(findTestObject("Object Repository/Page_Element/div_Sign In")): Object: 'Object Repository/Page_Element/div_Sign In' is clicked on

2022-01-17 22:08:29 - [MESSAGE][PASSED] - Object: 'Object Repository/Page_Element/div_Sign In' is clicked on

2022-01-17 22:08:29 - [TEST_STEP][PASSED] - setText(findTestObject("Object Repository/Page_Element/input_Sign in with_username"), "ptnha19"): Text 'ptnha19' is set on object 'Object Repository/Page_Element/input_Sign in with_username'

2022-01-17 22:08:32 - [MESSAGE][PASSED] - Text 'ptnha19' is set on object 'Object Repository/Page_Element/input_Sign in with_username'

2022-01-17 22:08:32 - [TEST_STEP][PASSED] - setEncryptedText(findTestObject("Object Repository/Page_Element/input_Username_password"), "5R3Ima4A+eOeCrCDRGMLmJpaGR3V3+YI"): Text ****** has been set on object 'Object Repository/Page_Element/input_Username_password'

2022-01-17 22:08:34 - [MESSAGE][PASSED] - Text ****** has been set on object 'Object Repository/Page_Element/input_Username_password'

2022-01-17 22:08:34 - [TEST_STEP][PASSED] - click(findTestObject("Object Repository/Page_Element/input_Forgot password_mx_Login_submit")): Object: 'Object Repository/Page_Element/input_Forgot password_mx_Login_submit' is clicked on

2022-01-17 22:08:36 - [MESSAGE][PASSED] - Object: 'Object Repository/Page_Element/input_Forgot password_mx_Login_submit' is clicked on

2022-01-17 22:08:36 - [TEST_STEP][PASSED] - click(findTestObject("Object Repository/Page_Element/div_Verify with Security Key")): Object: 'Object Repository/Page_Element/div_Verify with Security Key' is clicked on

2022-01-17 22:08:41 - [MESSAGE][PASSED] - Object: 'Object Repository/Page_Element/div_Verify with Security Key' is clicked on

2022-01-17 22:08:41 - [TEST_STEP][PASSED] - setEncryptedText(findTestObject("Object Repository/Page_Element/input_Security Key_mx_Field_4"), "PF4jXtbe/5x5+S5PgN4Kl/QbANAkWZYKqKaG9gW6gn+Po31AOnak0DX8GoEzAUkskgpeON1UhfEqZG0XXngJPA=="): Text ****** has been set on object 'Object Repository/Page_Element/input_Security Key_mx_Field_4'

2022-01-17 22:08:44 - [MESSAGE][PASSED] - Text ****** has been set on object 'Object Repository/Page_Element/input_Security Key_mx_Field_4'

2022-01-17 22:08:44 - [TEST_STEP][PASSED] - click(findTestObject("Object Repository/Page_Element/button_Continue")): Object: 'Object Repository/Page_Element/button_Continue' is clicked on

2022-01-17 22:08:45 - [MESSAGE][PASSED] - Object: 'Object Repository/Page_Element/button_Continue' is clicked on

2022-01-17 22:08:45 - [TEST_STEP][PASSED] - click(findTestObject("Object Repository/Page_Element/div_Done")): Object: 'Object Repository/Page_Element/div_Done' is clicked on

2022-01-17 22:08:47 - [MESSAGE][PASSED] - Object: 'Object Repository/Page_Element/div_Done' is clicked on

2022-01-17 22:08:47 - [TEST_STEP][PASSED] - click(findTestObject("Object Repository/Page_Element/img_Enable_mx_BaseAvatar_image")): Object: 'Object Repository/Page_Element/img_Enable_mx_BaseAvatar_image' is clicked on

2022-01-17 22:08:49 - [MESSAGE][PASSED] - Object: 'Object Repository/Page_Element/img_Enable_mx_BaseAvatar_image' is clicked on

2022-01-17 22:08:49 - [TEST_STEP][PASSED] - click(findTestObject("Object Repository/Page_Element/span_Notifications")): Object: 'Object Repository/Page_Element/span_Notifications' is clicked on

2022-01-17 22:08:50 - [MESSAGE][PASSED] - Object: 'Object Repository/Page_Element/span_Notifications' is clicked on

2022-01-17 22:08:50 - [TEST_STEP][PASSED] - click(findTestObject("Object Repository/Page_Element/div_Enable email notifications for selena.n_56c593")): Object: 'Object Repository/Page_Element/div_Enable email notifications for selena.n_56c593' is clicked on

2022-01-17 22:08:52 - [MESSAGE][PASSED] - Object: 'Object Repository/Page_Element/div_Enable email notifications for selena.n_56c593' is clicked on

2022-01-17 22:08:52 - [TEST_STEP][PASSED] - click(findTestObject("Object Repository/Page_Element/div_Enable email notifications for selena.n_56c593_1")): Object: 'Object Repository/Page_Element/div_Enable email notifications for selena.n_56c593_1' is clicked on

2022-01-17 22:08:54 - [MESSAGE][PASSED] - Object: 'Object Repository/Page_Element/div_Enable email notifications for selena.n_56c593_1' is clicked on

2022-01-17 22:08:54 - [TEST_STEP][PASSED] - closeBrowser(): Browser is closed

2022-01-17 22:08:54 - [MESSAGE][PASSED] - Browser is closed]]></system-out>
         <system-err><![CDATA[]]></system-err>
      </testcase>
      <testcase name="Test Cases/30.ReferencesRoomList" time="60.278" classname="Test Cases/30.ReferencesRoomList" status="FAILED">
         <failure type="FAILED" message="Test Cases/30.ReferencesRoomList FAILED.
Reason:
com.kms.katalon.core.exception.StepFailedException: Unable to click on object 'Object Repository/Page_Element/span_Preferences'
	at com.kms.katalon.core.webui.keyword.internal.WebUIKeywordMain.stepFailed(WebUIKeywordMain.groovy:64)
	at com.kms.katalon.core.webui.keyword.internal.WebUIKeywordMain.runKeyword(WebUIKeywordMain.groovy:26)
	at com.kms.katalon.core.webui.keyword.builtin.ClickKeyword.click(ClickKeyword.groovy:74)
	at com.kms.katalon.core.webui.keyword.builtin.ClickKeyword.execute(ClickKeyword.groovy:40)
	at com.kms.katalon.core.keyword.internal.KeywordExecutor.executeKeywordForPlatform(KeywordExecutor.groovy:74)
	at com.kms.katalon.core.webui.keyword.WebUiBuiltInKeywords.click(WebUiBuiltInKeywords.groovy:620)
	at com.kms.katalon.core.webui.keyword.WebUiBuiltInKeywords$click$1.call(Unknown Source)
	at 30.ReferencesRoomList.run(30.ReferencesRoomList:44)
	at com.kms.katalon.core.main.ScriptEngine.run(ScriptEngine.java:194)
	at com.kms.katalon.core.main.ScriptEngine.runScriptAsRawText(ScriptEngine.java:119)
	at com.kms.katalon.core.main.TestCaseExecutor.runScript(TestCaseExecutor.java:442)
	at com.kms.katalon.core.main.TestCaseExecutor.doExecute(TestCaseExecutor.java:433)
	at com.kms.katalon.core.main.TestCaseExecutor.processExecutionPhase(TestCaseExecutor.java:412)
	at com.kms.katalon.core.main.TestCaseExecutor.accessMainPhase(TestCaseExecutor.java:404)
	at com.kms.katalon.core.main.TestCaseExecutor.execute(TestCaseExecutor.java:281)
	at com.kms.katalon.core.main.TestSuiteExecutor.accessTestCaseMainPhase(TestSuiteExecutor.java:202)
	at com.kms.katalon.core.main.TestSuiteExecutor.accessTestSuiteMainPhase(TestSuiteExecutor.java:164)
	at com.kms.katalon.core.main.TestSuiteExecutor.execute(TestSuiteExecutor.java:105)
	at com.kms.katalon.core.main.TestCaseMain.startTestSuite(TestCaseMain.java:181)
	at com.kms.katalon.core.main.TestCaseMain$startTestSuite$0.call(Unknown Source)
	at TempTestSuite1642431380491.run(TempTestSuite1642431380491.groovy:36)
Caused by: com.kms.katalon.core.webui.exception.WebElementNotFoundException: Web element with id: 'Object Repository/Page_Element/span_Preferences' located by '//div[@id='mx_ContextualMenu_Container']/div/div[2]/div/div[2]/div[3]/span[2]' not found
	at com.kms.katalon.core.webui.common.WebUiCommonHelper.findWebElement(WebUiCommonHelper.java:1368)
	at com.kms.katalon.core.webui.keyword.internal.WebUIAbstractKeyword.findWebElement(WebUIAbstractKeyword.groovy:27)
	at com.kms.katalon.core.webui.keyword.builtin.ClickKeyword$_click_closure1.doCall(ClickKeyword.groovy:65)
	at com.kms.katalon.core.webui.keyword.builtin.ClickKeyword$_click_closure1.call(ClickKeyword.groovy)
	at com.kms.katalon.core.webui.keyword.internal.WebUIKeywordMain.runKeyword(WebUIKeywordMain.groovy:20)
	... 19 more
"/>
         <system-out><![CDATA[2022-01-17 22:08:54 - [TEST_CASE][FAILED] - Test Cases/30.ReferencesRoomList: Test Cases/30.ReferencesRoomList FAILED.
Reason:
com.kms.katalon.core.exception.StepFailedException: Unable to click on object 'Object Repository/Page_Element/span_Preferences'
	at com.kms.katalon.core.webui.keyword.internal.WebUIKeywordMain.stepFailed(WebUIKeywordMain.groovy:64)
	at com.kms.katalon.core.webui.keyword.internal.WebUIKeywordMain.runKeyword(WebUIKeywordMain.groovy:26)
	at com.kms.katalon.core.webui.keyword.builtin.ClickKeyword.click(ClickKeyword.groovy:74)
	at com.kms.katalon.core.webui.keyword.builtin.ClickKeyword.execute(ClickKeyword.groovy:40)
	at com.kms.katalon.core.keyword.internal.KeywordExecutor.executeKeywordForPlatform(KeywordExecutor.groovy:74)
	at com.kms.katalon.core.webui.keyword.WebUiBuiltInKeywords.click(WebUiBuiltInKeywords.groovy:620)
	at com.kms.katalon.core.webui.keyword.WebUiBuiltInKeywords$click$1.call(Unknown Source)
	at 30.ReferencesRoomList.run(30.ReferencesRoomList:44)
	at com.kms.katalon.core.main.ScriptEngine.run(ScriptEngine.java:194)
	at com.kms.katalon.core.main.ScriptEngine.runScriptAsRawText(ScriptEngine.java:119)
	at com.kms.katalon.core.main.TestCaseExecutor.runScript(TestCaseExecutor.java:442)
	at com.kms.katalon.core.main.TestCaseExecutor.doExecute(TestCaseExecutor.java:433)
	at com.kms.katalon.core.main.TestCaseExecutor.processExecutionPhase(TestCaseExecutor.java:412)
	at com.kms.katalon.core.main.TestCaseExecutor.accessMainPhase(TestCaseExecutor.java:404)
	at com.kms.katalon.core.main.TestCaseExecutor.execute(TestCaseExecutor.java:281)
	at com.kms.katalon.core.main.TestSuiteExecutor.accessTestCaseMainPhase(TestSuiteExecutor.java:202)
	at com.kms.katalon.core.main.TestSuiteExecutor.accessTestSuiteMainPhase(TestSuiteExecutor.java:164)
	at com.kms.katalon.core.main.TestSuiteExecutor.execute(TestSuiteExecutor.java:105)
	at com.kms.katalon.core.main.TestCaseMain.startTestSuite(TestCaseMain.java:181)
	at com.kms.katalon.core.main.TestCaseMain$startTestSuite$0.call(Unknown Source)
	at TempTestSuite1642431380491.run(TempTestSuite1642431380491.groovy:36)
Caused by: com.kms.katalon.core.webui.exception.WebElementNotFoundException: Web element with id: 'Object Repository/Page_Element/span_Preferences' located by '//div[@id='mx_ContextualMenu_Container']/div/div[2]/div/div[2]/div[3]/span[2]' not found
	at com.kms.katalon.core.webui.common.WebUiCommonHelper.findWebElement(WebUiCommonHelper.java:1368)
	at com.kms.katalon.core.webui.keyword.internal.WebUIAbstractKeyword.findWebElement(WebUIAbstractKeyword.groovy:27)
	at com.kms.katalon.core.webui.keyword.builtin.ClickKeyword$_click_closure1.doCall(ClickKeyword.groovy:65)
	at com.kms.katalon.core.webui.keyword.builtin.ClickKeyword$_click_closure1.call(ClickKeyword.groovy)
	at com.kms.katalon.core.webui.keyword.internal.WebUIKeywordMain.runKeyword(WebUIKeywordMain.groovy:20)
	... 19 more


2022-01-17 22:08:55 - [TEST_STEP][PASSED] - openBrowser(""): Browser is opened with url: ''

2022-01-17 22:08:55 - [MESSAGE][INFO] - Starting 'Chrome' driver

2022-01-17 22:08:55 - [MESSAGE][INFO] - Action delay is set to 1,000 milliseconds

2022-01-17 22:08:56 - [MESSAGE][PASSED] - Browser is opened with url: ''

2022-01-17 22:08:56 - [TEST_STEP][PASSED] - navigateToUrl("http://localhost:8080/"): Navigate to 'http://localhost:8080/' successfully

2022-01-17 22:08:58 - [MESSAGE][PASSED] - Navigate to 'http://localhost:8080/' successfully

2022-01-17 22:08:58 - [TEST_STEP][PASSED] - click(findTestObject("Object Repository/Page_Element/div_Sign In")): Object: 'Object Repository/Page_Element/div_Sign In' is clicked on

2022-01-17 22:09:02 - [MESSAGE][PASSED] - Object: 'Object Repository/Page_Element/div_Sign In' is clicked on

2022-01-17 22:09:02 - [TEST_STEP][PASSED] - setText(findTestObject("Object Repository/Page_Element/input_Sign in with_username"), "ptnha19"): Text 'ptnha19' is set on object 'Object Repository/Page_Element/input_Sign in with_username'

2022-01-17 22:09:05 - [MESSAGE][PASSED] - Text 'ptnha19' is set on object 'Object Repository/Page_Element/input_Sign in with_username'

2022-01-17 22:09:05 - [TEST_STEP][PASSED] - setEncryptedText(findTestObject("Object Repository/Page_Element/input_Username_password"), "5R3Ima4A+eOeCrCDRGMLmJpaGR3V3+YI"): Text ****** has been set on object 'Object Repository/Page_Element/input_Username_password'

2022-01-17 22:09:07 - [MESSAGE][PASSED] - Text ****** has been set on object 'Object Repository/Page_Element/input_Username_password'

2022-01-17 22:09:07 - [TEST_STEP][PASSED] - click(findTestObject("Object Repository/Page_Element/input_Forgot password_mx_Login_submit")): Object: 'Object Repository/Page_Element/input_Forgot password_mx_Login_submit' is clicked on

2022-01-17 22:09:08 - [MESSAGE][PASSED] - Object: 'Object Repository/Page_Element/input_Forgot password_mx_Login_submit' is clicked on

2022-01-17 22:09:08 - [TEST_STEP][PASSED] - click(findTestObject("Object Repository/Page_Element/div_Verify with Security Key")): Object: 'Object Repository/Page_Element/div_Verify with Security Key' is clicked on

2022-01-17 22:09:14 - [MESSAGE][PASSED] - Object: 'Object Repository/Page_Element/div_Verify with Security Key' is clicked on

2022-01-17 22:09:14 - [TEST_STEP][PASSED] - setEncryptedText(findTestObject("Object Repository/Page_Element/input_Security Key_mx_Field_4"), "PF4jXtbe/5x5+S5PgN4Kl/QbANAkWZYKqKaG9gW6gn+Po31AOnak0DX8GoEzAUkskgpeON1UhfEqZG0XXngJPA=="): Text ****** has been set on object 'Object Repository/Page_Element/input_Security Key_mx_Field_4'

2022-01-17 22:09:17 - [MESSAGE][PASSED] - Text ****** has been set on object 'Object Repository/Page_Element/input_Security Key_mx_Field_4'

2022-01-17 22:09:17 - [TEST_STEP][PASSED] - click(findTestObject("Object Repository/Page_Element/button_Continue")): Object: 'Object Repository/Page_Element/button_Continue' is clicked on

2022-01-17 22:09:19 - [MESSAGE][PASSED] - Object: 'Object Repository/Page_Element/button_Continue' is clicked on

2022-01-17 22:09:19 - [TEST_STEP][PASSED] - click(findTestObject("Object Repository/Page_Element/div_Done")): Object: 'Object Repository/Page_Element/div_Done' is clicked on

2022-01-17 22:09:21 - [MESSAGE][PASSED] - Object: 'Object Repository/Page_Element/div_Done' is clicked on

2022-01-17 22:09:21 - [TEST_STEP][PASSED] - click(findTestObject("Object Repository/Page_Element/span_P")): Object: 'Object Repository/Page_Element/span_P' is clicked on

2022-01-17 22:09:22 - [MESSAGE][PASSED] - Object: 'Object Repository/Page_Element/span_P' is clicked on

2022-01-17 22:09:22 - [TEST_STEP][PASSED] - click(findTestObject("Object Repository/Page_Element/span_All settings")): Object: 'Object Repository/Page_Element/span_All settings' is clicked on

2022-01-17 22:09:24 - [MESSAGE][PASSED] - Object: 'Object Repository/Page_Element/span_All settings' is clicked on

2022-01-17 22:09:24 - [TEST_STEP][FAILED] - click(findTestObject("Object Repository/Page_Element/span_Preferences")): Unable to click on object 'Object Repository/Page_Element/span_Preferences' (Root cause: com.kms.katalon.core.exception.StepFailedException: Unable to click on object 'Object Repository/Page_Element/span_Preferences'
	at com.kms.katalon.core.webui.keyword.internal.WebUIKeywordMain.stepFailed(WebUIKeywordMain.groovy:64)
	at com.kms.katalon.core.webui.keyword.internal.WebUIKeywordMain.runKeyword(WebUIKeywordMain.groovy:26)
	at com.kms.katalon.core.webui.keyword.builtin.ClickKeyword.click(ClickKeyword.groovy:74)
	at com.kms.katalon.core.webui.keyword.builtin.ClickKeyword.execute(ClickKeyword.groovy:40)
	at com.kms.katalon.core.keyword.internal.KeywordExecutor.executeKeywordForPlatform(KeywordExecutor.groovy:74)
	at com.kms.katalon.core.webui.keyword.WebUiBuiltInKeywords.click(WebUiBuiltInKeywords.groovy:620)
	at com.kms.katalon.core.webui.keyword.WebUiBuiltInKeywords$click$1.call(Unknown Source)
	at 30.ReferencesRoomList.run(30.ReferencesRoomList:44)
	at com.kms.katalon.core.main.ScriptEngine.run(ScriptEngine.java:194)
	at com.kms.katalon.core.main.ScriptEngine.runScriptAsRawText(ScriptEngine.java:119)
	at com.kms.katalon.core.main.TestCaseExecutor.runScript(TestCaseExecutor.java:442)
	at com.kms.katalon.core.main.TestCaseExecutor.doExecute(TestCaseExecutor.java:433)
	at com.kms.katalon.core.main.TestCaseExecutor.processExecutionPhase(TestCaseExecutor.java:412)
	at com.kms.katalon.core.main.TestCaseExecutor.accessMainPhase(TestCaseExecutor.java:404)
	at com.kms.katalon.core.main.TestCaseExecutor.execute(TestCaseExecutor.java:281)
	at com.kms.katalon.core.main.TestSuiteExecutor.accessTestCaseMainPhase(TestSuiteExecutor.java:202)
	at com.kms.katalon.core.main.TestSuiteExecutor.accessTestSuiteMainPhase(TestSuiteExecutor.java:164)
	at com.kms.katalon.core.main.TestSuiteExecutor.execute(TestSuiteExecutor.java:105)
	at com.kms.katalon.core.main.TestCaseMain.startTestSuite(TestCaseMain.java:181)
	at com.kms.katalon.core.main.TestCaseMain$startTestSuite$0.call(Unknown Source)
	at TempTestSuite1642431380491.run(TempTestSuite1642431380491.groovy:36)
Caused by: com.kms.katalon.core.webui.exception.WebElementNotFoundException: Web element with id: 'Object Repository/Page_Element/span_Preferences' located by '//div[@id='mx_ContextualMenu_Container']/div/div[2]/div/div[2]/div[3]/span[2]' not found
	at com.kms.katalon.core.webui.common.WebUiCommonHelper.findWebElement(WebUiCommonHelper.java:1368)
	at com.kms.katalon.core.webui.keyword.internal.WebUIAbstractKeyword.findWebElement(WebUIAbstractKeyword.groovy:27)
	at com.kms.katalon.core.webui.keyword.builtin.ClickKeyword$_click_closure1.doCall(ClickKeyword.groovy:65)
	at com.kms.katalon.core.webui.keyword.builtin.ClickKeyword$_click_closure1.call(ClickKeyword.groovy)
	at com.kms.katalon.core.webui.keyword.internal.WebUIKeywordMain.runKeyword(WebUIKeywordMain.groovy:20)
	at com.kms.katalon.core.webui.keyword.builtin.ClickKeyword.click(ClickKeyword.groovy:74)
	at com.kms.katalon.core.webui.keyword.builtin.ClickKeyword.execute(ClickKeyword.groovy:40)
	at com.kms.katalon.core.keyword.internal.KeywordExecutor.executeKeywordForPlatform(KeywordExecutor.groovy:74)
	at com.kms.katalon.core.webui.keyword.WebUiBuiltInKeywords.click(WebUiBuiltInKeywords.groovy:620)
	at com.kms.katalon.core.webui.keyword.WebUiBuiltInKeywords$click$1.call(Unknown Source)
	at Script1641894812076.run(Script1641894812076.groovy:44)
	... 13 more
)

2022-01-17 22:09:55 - [MESSAGE][INFO] - Unable to find the element located by 'By.xpath: //div[@id='mx_ContextualMenu_Container']/div/div[2]/div/div[2]/div[3]/span[2]'. Please recheck the objects properties to make sure the desired element is located. 

2022-01-17 22:09:55 - [MESSAGE][FAILED] - Unable to click on object 'Object Repository/Page_Element/span_Preferences' (Root cause: com.kms.katalon.core.exception.StepFailedException: Unable to click on object 'Object Repository/Page_Element/span_Preferences'
	at com.kms.katalon.core.webui.keyword.internal.WebUIKeywordMain.stepFailed(WebUIKeywordMain.groovy:64)
	at com.kms.katalon.core.webui.keyword.internal.WebUIKeywordMain.runKeyword(WebUIKeywordMain.groovy:26)
	at com.kms.katalon.core.webui.keyword.builtin.ClickKeyword.click(ClickKeyword.groovy:74)
	at com.kms.katalon.core.webui.keyword.builtin.ClickKeyword.execute(ClickKeyword.groovy:40)
	at com.kms.katalon.core.keyword.internal.KeywordExecutor.executeKeywordForPlatform(KeywordExecutor.groovy:74)
	at com.kms.katalon.core.webui.keyword.WebUiBuiltInKeywords.click(WebUiBuiltInKeywords.groovy:620)
	at com.kms.katalon.core.webui.keyword.WebUiBuiltInKeywords$click$1.call(Unknown Source)
	at 30.ReferencesRoomList.run(30.ReferencesRoomList:44)
	at com.kms.katalon.core.main.ScriptEngine.run(ScriptEngine.java:194)
	at com.kms.katalon.core.main.ScriptEngine.runScriptAsRawText(ScriptEngine.java:119)
	at com.kms.katalon.core.main.TestCaseExecutor.runScript(TestCaseExecutor.java:442)
	at com.kms.katalon.core.main.TestCaseExecutor.doExecute(TestCaseExecutor.java:433)
	at com.kms.katalon.core.main.TestCaseExecutor.processExecutionPhase(TestCaseExecutor.java:412)
	at com.kms.katalon.core.main.TestCaseExecutor.accessMainPhase(TestCaseExecutor.java:404)
	at com.kms.katalon.core.main.TestCaseExecutor.execute(TestCaseExecutor.java:281)
	at com.kms.katalon.core.main.TestSuiteExecutor.accessTestCaseMainPhase(TestSuiteExecutor.java:202)
	at com.kms.katalon.core.main.TestSuiteExecutor.accessTestSuiteMainPhase(TestSuiteExecutor.java:164)
	at com.kms.katalon.core.main.TestSuiteExecutor.execute(TestSuiteExecutor.java:105)
	at com.kms.katalon.core.main.TestCaseMain.startTestSuite(TestCaseMain.java:181)
	at com.kms.katalon.core.main.TestCaseMain$startTestSuite$0.call(Unknown Source)
	at TempTestSuite1642431380491.run(TempTestSuite1642431380491.groovy:36)
Caused by: com.kms.katalon.core.webui.exception.WebElementNotFoundException: Web element with id: 'Object Repository/Page_Element/span_Preferences' located by '//div[@id='mx_ContextualMenu_Container']/div/div[2]/div/div[2]/div[3]/span[2]' not found
	at com.kms.katalon.core.webui.common.WebUiCommonHelper.findWebElement(WebUiCommonHelper.java:1368)
	at com.kms.katalon.core.webui.keyword.internal.WebUIAbstractKeyword.findWebElement(WebUIAbstractKeyword.groovy:27)
	at com.kms.katalon.core.webui.keyword.builtin.ClickKeyword$_click_closure1.doCall(ClickKeyword.groovy:65)
	at com.kms.katalon.core.webui.keyword.builtin.ClickKeyword$_click_closure1.call(ClickKeyword.groovy)
	at com.kms.katalon.core.webui.keyword.internal.WebUIKeywordMain.runKeyword(WebUIKeywordMain.groovy:20)
	at com.kms.katalon.core.webui.keyword.builtin.ClickKeyword.click(ClickKeyword.groovy:74)
	at com.kms.katalon.core.webui.keyword.builtin.ClickKeyword.execute(ClickKeyword.groovy:40)
	at com.kms.katalon.core.keyword.internal.KeywordExecutor.executeKeywordForPlatform(KeywordExecutor.groovy:74)
	at com.kms.katalon.core.webui.keyword.WebUiBuiltInKeywords.click(WebUiBuiltInKeywords.groovy:620)
	at com.kms.katalon.core.webui.keyword.WebUiBuiltInKeywords$click$1.call(Unknown Source)
	at Script1641894812076.run(Script1641894812076.groovy:44)
	... 13 more
)
[[ATTACHMENT|D:\\Bonus-SE\\Katalon_pj\\Bonus_SE\\Reports\\20220117_215620\\Run all test case\\20220117_215620\\1642432195105.png]]]]></system-out>
         <system-err><![CDATA[2022-01-17 22:08:54 - [TEST_CASE][FAILED] - Test Cases/30.ReferencesRoomList: Test Cases/30.ReferencesRoomList FAILED.
Reason:
com.kms.katalon.core.exception.StepFailedException: Unable to click on object 'Object Repository/Page_Element/span_Preferences'
	at com.kms.katalon.core.webui.keyword.internal.WebUIKeywordMain.stepFailed(WebUIKeywordMain.groovy:64)
	at com.kms.katalon.core.webui.keyword.internal.WebUIKeywordMain.runKeyword(WebUIKeywordMain.groovy:26)
	at com.kms.katalon.core.webui.keyword.builtin.ClickKeyword.click(ClickKeyword.groovy:74)
	at com.kms.katalon.core.webui.keyword.builtin.ClickKeyword.execute(ClickKeyword.groovy:40)
	at com.kms.katalon.core.keyword.internal.KeywordExecutor.executeKeywordForPlatform(KeywordExecutor.groovy:74)
	at com.kms.katalon.core.webui.keyword.WebUiBuiltInKeywords.click(WebUiBuiltInKeywords.groovy:620)
	at com.kms.katalon.core.webui.keyword.WebUiBuiltInKeywords$click$1.call(Unknown Source)
	at 30.ReferencesRoomList.run(30.ReferencesRoomList:44)
	at com.kms.katalon.core.main.ScriptEngine.run(ScriptEngine.java:194)
	at com.kms.katalon.core.main.ScriptEngine.runScriptAsRawText(ScriptEngine.java:119)
	at com.kms.katalon.core.main.TestCaseExecutor.runScript(TestCaseExecutor.java:442)
	at com.kms.katalon.core.main.TestCaseExecutor.doExecute(TestCaseExecutor.java:433)
	at com.kms.katalon.core.main.TestCaseExecutor.processExecutionPhase(TestCaseExecutor.java:412)
	at com.kms.katalon.core.main.TestCaseExecutor.accessMainPhase(TestCaseExecutor.java:404)
	at com.kms.katalon.core.main.TestCaseExecutor.execute(TestCaseExecutor.java:281)
	at com.kms.katalon.core.main.TestSuiteExecutor.accessTestCaseMainPhase(TestSuiteExecutor.java:202)
	at com.kms.katalon.core.main.TestSuiteExecutor.accessTestSuiteMainPhase(TestSuiteExecutor.java:164)
	at com.kms.katalon.core.main.TestSuiteExecutor.execute(TestSuiteExecutor.java:105)
	at com.kms.katalon.core.main.TestCaseMain.startTestSuite(TestCaseMain.java:181)
	at com.kms.katalon.core.main.TestCaseMain$startTestSuite$0.call(Unknown Source)
	at TempTestSuite1642431380491.run(TempTestSuite1642431380491.groovy:36)
Caused by: com.kms.katalon.core.webui.exception.WebElementNotFoundException: Web element with id: 'Object Repository/Page_Element/span_Preferences' located by '//div[@id='mx_ContextualMenu_Container']/div/div[2]/div/div[2]/div[3]/span[2]' not found
	at com.kms.katalon.core.webui.common.WebUiCommonHelper.findWebElement(WebUiCommonHelper.java:1368)
	at com.kms.katalon.core.webui.keyword.internal.WebUIAbstractKeyword.findWebElement(WebUIAbstractKeyword.groovy:27)
	at com.kms.katalon.core.webui.keyword.builtin.ClickKeyword$_click_closure1.doCall(ClickKeyword.groovy:65)
	at com.kms.katalon.core.webui.keyword.builtin.ClickKeyword$_click_closure1.call(ClickKeyword.groovy)
	at com.kms.katalon.core.webui.keyword.internal.WebUIKeywordMain.runKeyword(WebUIKeywordMain.groovy:20)
	... 19 more]]></system-err>
      </testcase>
      <testcase name="Test Cases/31.FAQ" time="39.755" classname="Test Cases/31.FAQ" status="PASSED">
         <system-out><![CDATA[2022-01-17 22:09:55 - [TEST_CASE][PASSED] - Test Cases/31.FAQ: Test Cases/31.FAQ

2022-01-17 22:09:55 - [TEST_STEP][PASSED] - openBrowser(""): Browser is opened with url: ''

2022-01-17 22:09:55 - [MESSAGE][WARNING] - A browser is already opened. Closing browser and opening a new one

2022-01-17 22:09:56 - [MESSAGE][INFO] - Starting 'Chrome' driver

2022-01-17 22:09:56 - [MESSAGE][INFO] - Action delay is set to 1,000 milliseconds

2022-01-17 22:09:57 - [MESSAGE][PASSED] - Browser is opened with url: ''

2022-01-17 22:09:57 - [TEST_STEP][PASSED] - navigateToUrl("http://localhost:8080/"): Navigate to 'http://localhost:8080/' successfully

2022-01-17 22:10:00 - [MESSAGE][PASSED] - Navigate to 'http://localhost:8080/' successfully

2022-01-17 22:10:00 - [TEST_STEP][PASSED] - click(findTestObject("Object Repository/Page_Element/div_Sign In")): Object: 'Object Repository/Page_Element/div_Sign In' is clicked on

2022-01-17 22:10:03 - [MESSAGE][PASSED] - Object: 'Object Repository/Page_Element/div_Sign In' is clicked on

2022-01-17 22:10:03 - [TEST_STEP][PASSED] - click(findTestObject("Object Repository/Page_Element/input_Sign in with_username")): Object: 'Object Repository/Page_Element/input_Sign in with_username' is clicked on

2022-01-17 22:10:05 - [MESSAGE][PASSED] - Object: 'Object Repository/Page_Element/input_Sign in with_username' is clicked on

2022-01-17 22:10:05 - [TEST_STEP][PASSED] - setText(findTestObject("Object Repository/Page_Element/input_Sign in with_username"), "ptnha19"): Text 'ptnha19' is set on object 'Object Repository/Page_Element/input_Sign in with_username'

2022-01-17 22:10:07 - [MESSAGE][PASSED] - Text 'ptnha19' is set on object 'Object Repository/Page_Element/input_Sign in with_username'

2022-01-17 22:10:07 - [TEST_STEP][PASSED] - setEncryptedText(findTestObject("Object Repository/Page_Element/input_Username_password"), "5R3Ima4A+eOeCrCDRGMLmJpaGR3V3+YI"): Text ****** has been set on object 'Object Repository/Page_Element/input_Username_password'

2022-01-17 22:10:09 - [MESSAGE][PASSED] - Text ****** has been set on object 'Object Repository/Page_Element/input_Username_password'

2022-01-17 22:10:09 - [TEST_STEP][PASSED] - click(findTestObject("Object Repository/Page_Element/input_Forgot password_mx_Login_submit")): Object: 'Object Repository/Page_Element/input_Forgot password_mx_Login_submit' is clicked on

2022-01-17 22:10:10 - [MESSAGE][PASSED] - Object: 'Object Repository/Page_Element/input_Forgot password_mx_Login_submit' is clicked on

2022-01-17 22:10:10 - [TEST_STEP][PASSED] - click(findTestObject("Object Repository/Page_Element/div_Verify with Security Key")): Object: 'Object Repository/Page_Element/div_Verify with Security Key' is clicked on

2022-01-17 22:10:16 - [MESSAGE][PASSED] - Object: 'Object Repository/Page_Element/div_Verify with Security Key' is clicked on

2022-01-17 22:10:16 - [TEST_STEP][PASSED] - setEncryptedText(findTestObject("Object Repository/Page_Element/input_Security Key_mx_Field_4"), "PF4jXtbe/5x5+S5PgN4Kl/QbANAkWZYKqKaG9gW6gn+Po31AOnak0DX8GoEzAUkskgpeON1UhfEqZG0XXngJPA=="): Text ****** has been set on object 'Object Repository/Page_Element/input_Security Key_mx_Field_4'

2022-01-17 22:10:21 - [MESSAGE][PASSED] - Text ****** has been set on object 'Object Repository/Page_Element/input_Security Key_mx_Field_4'

2022-01-17 22:10:21 - [TEST_STEP][PASSED] - click(findTestObject("Object Repository/Page_Element/button_Continue")): Object: 'Object Repository/Page_Element/button_Continue' is clicked on

2022-01-17 22:10:22 - [MESSAGE][PASSED] - Object: 'Object Repository/Page_Element/button_Continue' is clicked on

2022-01-17 22:10:22 - [TEST_STEP][PASSED] - click(findTestObject("Object Repository/Page_Element/div_Done")): Object: 'Object Repository/Page_Element/div_Done' is clicked on

2022-01-17 22:10:24 - [MESSAGE][PASSED] - Object: 'Object Repository/Page_Element/div_Done' is clicked on

2022-01-17 22:10:24 - [TEST_STEP][PASSED] - click(findTestObject("Object Repository/Page_Element/img_Enable_mx_BaseAvatar_image")): Object: 'Object Repository/Page_Element/img_Enable_mx_BaseAvatar_image' is clicked on

2022-01-17 22:10:25 - [MESSAGE][PASSED] - Object: 'Object Repository/Page_Element/img_Enable_mx_BaseAvatar_image' is clicked on

2022-01-17 22:10:25 - [TEST_STEP][PASSED] - click(findTestObject("Object Repository/Page_Element/span_All settings")): Object: 'Object Repository/Page_Element/span_All settings' is clicked on

2022-01-17 22:10:26 - [MESSAGE][PASSED] - Object: 'Object Repository/Page_Element/span_All settings' is clicked on

2022-01-17 22:10:26 - [TEST_STEP][PASSED] - click(findTestObject("Object Repository/Page_Element/span_Help  About")): Object: 'Object Repository/Page_Element/span_Help  About' is clicked on

2022-01-17 22:10:28 - [MESSAGE][PASSED] - Object: 'Object Repository/Page_Element/span_Help  About' is clicked on

2022-01-17 22:10:28 - [TEST_STEP][PASSED] - click(findTestObject("Object Repository/Page_Element/div_Keyboard Shortcuts")): Object: 'Object Repository/Page_Element/div_Keyboard Shortcuts' is clicked on

2022-01-17 22:10:29 - [MESSAGE][PASSED] - Object: 'Object Repository/Page_Element/div_Keyboard Shortcuts' is clicked on

2022-01-17 22:10:29 - [TEST_STEP][PASSED] - click(findTestObject("Object Repository/Page_Element/div_Keyboard Shortcuts_mx_AccessibleButton _622478")): Object: 'Object Repository/Page_Element/div_Keyboard Shortcuts_mx_AccessibleButton _622478' is clicked on

2022-01-17 22:10:30 - [MESSAGE][PASSED] - Object: 'Object Repository/Page_Element/div_Keyboard Shortcuts_mx_AccessibleButton _622478' is clicked on

2022-01-17 22:10:30 - [TEST_STEP][PASSED] - click(findTestObject("Object Repository/Page_Element/div_Settings_mx_AccessibleButton mx_Dialog__4987e8")): Object: 'Object Repository/Page_Element/div_Settings_mx_AccessibleButton mx_Dialog__4987e8' is clicked on

2022-01-17 22:10:33 - [MESSAGE][PASSED] - Object: 'Object Repository/Page_Element/div_Settings_mx_AccessibleButton mx_Dialog__4987e8' is clicked on

2022-01-17 22:10:33 - [TEST_STEP][PASSED] - click(findTestObject("Object Repository/Page_Element/img_Enable_mx_BaseAvatar_image")): Object: 'Object Repository/Page_Element/img_Enable_mx_BaseAvatar_image' is clicked on

2022-01-17 22:10:34 - [MESSAGE][PASSED] - Object: 'Object Repository/Page_Element/img_Enable_mx_BaseAvatar_image' is clicked on

2022-01-17 22:10:34 - [TEST_STEP][PASSED] - closeBrowser(): Browser is closed

2022-01-17 22:10:35 - [MESSAGE][PASSED] - Browser is closed]]></system-out>
         <system-err><![CDATA[]]></system-err>
      </testcase>
      <testcase name="Test Cases/33.SettingVoiceVideo" time="39.211" classname="Test Cases/33.SettingVoiceVideo" status="PASSED">
         <system-out><![CDATA[2022-01-17 22:10:35 - [TEST_CASE][PASSED] - Test Cases/33.SettingVoiceVideo: Test Cases/33.SettingVoiceVideo

2022-01-17 22:10:35 - [TEST_STEP][PASSED] - openBrowser(""): Browser is opened with url: ''

2022-01-17 22:10:35 - [MESSAGE][INFO] - Starting 'Chrome' driver

2022-01-17 22:10:35 - [MESSAGE][INFO] - Action delay is set to 1,000 milliseconds

2022-01-17 22:10:36 - [MESSAGE][PASSED] - Browser is opened with url: ''

2022-01-17 22:10:36 - [TEST_STEP][PASSED] - navigateToUrl("http://localhost:8080/"): Navigate to 'http://localhost:8080/' successfully

2022-01-17 22:10:38 - [MESSAGE][PASSED] - Navigate to 'http://localhost:8080/' successfully

2022-01-17 22:10:38 - [TEST_STEP][PASSED] - click(findTestObject("Object Repository/Page_Element/div_Sign In")): Object: 'Object Repository/Page_Element/div_Sign In' is clicked on

2022-01-17 22:10:43 - [MESSAGE][PASSED] - Object: 'Object Repository/Page_Element/div_Sign In' is clicked on

2022-01-17 22:10:43 - [TEST_STEP][PASSED] - setText(findTestObject("Object Repository/Page_Element/input_Sign in with_username"), "ptnha19"): Text 'ptnha19' is set on object 'Object Repository/Page_Element/input_Sign in with_username'

2022-01-17 22:10:46 - [MESSAGE][PASSED] - Text 'ptnha19' is set on object 'Object Repository/Page_Element/input_Sign in with_username'

2022-01-17 22:10:46 - [TEST_STEP][PASSED] - setEncryptedText(findTestObject("Object Repository/Page_Element/input_Username_password"), "5R3Ima4A+eOeCrCDRGMLmJpaGR3V3+YI"): Text ****** has been set on object 'Object Repository/Page_Element/input_Username_password'

2022-01-17 22:10:49 - [MESSAGE][PASSED] - Text ****** has been set on object 'Object Repository/Page_Element/input_Username_password'

2022-01-17 22:10:49 - [TEST_STEP][PASSED] - click(findTestObject("Object Repository/Page_Element/input_Forgot password_mx_Login_submit")): Object: 'Object Repository/Page_Element/input_Forgot password_mx_Login_submit' is clicked on

2022-01-17 22:10:50 - [MESSAGE][PASSED] - Object: 'Object Repository/Page_Element/input_Forgot password_mx_Login_submit' is clicked on

2022-01-17 22:10:50 - [TEST_STEP][PASSED] - click(findTestObject("Object Repository/Page_Element/div_Verify with Security Key")): Object: 'Object Repository/Page_Element/div_Verify with Security Key' is clicked on

2022-01-17 22:10:57 - [MESSAGE][PASSED] - Object: 'Object Repository/Page_Element/div_Verify with Security Key' is clicked on

2022-01-17 22:10:57 - [TEST_STEP][PASSED] - setEncryptedText(findTestObject("Object Repository/Page_Element/input_Security Key_mx_Field_4"), "PF4jXtbe/5x5+S5PgN4Kl/QbANAkWZYKqKaG9gW6gn+Po31AOnak0DX8GoEzAUkskgpeON1UhfEqZG0XXngJPA=="): Text ****** has been set on object 'Object Repository/Page_Element/input_Security Key_mx_Field_4'

2022-01-17 22:11:01 - [MESSAGE][PASSED] - Text ****** has been set on object 'Object Repository/Page_Element/input_Security Key_mx_Field_4'

2022-01-17 22:11:01 - [TEST_STEP][PASSED] - click(findTestObject("Object Repository/Page_Element/button_Continue")): Object: 'Object Repository/Page_Element/button_Continue' is clicked on

2022-01-17 22:11:02 - [MESSAGE][PASSED] - Object: 'Object Repository/Page_Element/button_Continue' is clicked on

2022-01-17 22:11:02 - [TEST_STEP][PASSED] - click(findTestObject("Object Repository/Page_Element/div_Done")): Object: 'Object Repository/Page_Element/div_Done' is clicked on

2022-01-17 22:11:04 - [MESSAGE][PASSED] - Object: 'Object Repository/Page_Element/div_Done' is clicked on

2022-01-17 22:11:04 - [TEST_STEP][PASSED] - click(findTestObject("Object Repository/Page_Element/img_Enable_mx_BaseAvatar_image")): Object: 'Object Repository/Page_Element/img_Enable_mx_BaseAvatar_image' is clicked on

2022-01-17 22:11:05 - [MESSAGE][PASSED] - Object: 'Object Repository/Page_Element/img_Enable_mx_BaseAvatar_image' is clicked on

2022-01-17 22:11:05 - [TEST_STEP][PASSED] - click(findTestObject("Object Repository/Page_Element/span_All settings")): Object: 'Object Repository/Page_Element/span_All settings' is clicked on

2022-01-17 22:11:06 - [MESSAGE][PASSED] - Object: 'Object Repository/Page_Element/span_All settings' is clicked on

2022-01-17 22:11:06 - [TEST_STEP][PASSED] - click(findTestObject("Object Repository/Page_Element/span_Voice  Video")): Object: 'Object Repository/Page_Element/span_Voice  Video' is clicked on

2022-01-17 22:11:08 - [MESSAGE][PASSED] - Object: 'Object Repository/Page_Element/span_Voice  Video' is clicked on

2022-01-17 22:11:08 - [TEST_STEP][PASSED] - click(findTestObject("Object Repository/Page_Element/div_Mirror local video feed_mx_AccessibleBu_eb52dd")): Object: 'Object Repository/Page_Element/div_Mirror local video feed_mx_AccessibleBu_eb52dd' is clicked on

2022-01-17 22:11:09 - [MESSAGE][PASSED] - Object: 'Object Repository/Page_Element/div_Mirror local video feed_mx_AccessibleBu_eb52dd' is clicked on

2022-01-17 22:11:09 - [TEST_STEP][PASSED] - click(findTestObject("Object Repository/Page_Element/div_Mirror local video feed_mx_ToggleSwitch_ball")): Object: 'Object Repository/Page_Element/div_Mirror local video feed_mx_ToggleSwitch_ball' is clicked on

2022-01-17 22:11:11 - [MESSAGE][PASSED] - Object: 'Object Repository/Page_Element/div_Mirror local video feed_mx_ToggleSwitch_ball' is clicked on

2022-01-17 22:11:11 - [TEST_STEP][PASSED] - click(findTestObject("Object Repository/Page_Element/div_Settings_mx_AccessibleButton mx_Dialog__4987e8")): Object: 'Object Repository/Page_Element/div_Settings_mx_AccessibleButton mx_Dialog__4987e8' is clicked on

2022-01-17 22:11:12 - [MESSAGE][PASSED] - Object: 'Object Repository/Page_Element/div_Settings_mx_AccessibleButton mx_Dialog__4987e8' is clicked on

2022-01-17 22:11:12 - [TEST_STEP][PASSED] - click(findTestObject("Object Repository/Page_Element/img_Enable_mx_BaseAvatar_image")): Object: 'Object Repository/Page_Element/img_Enable_mx_BaseAvatar_image' is clicked on

2022-01-17 22:11:13 - [MESSAGE][PASSED] - Object: 'Object Repository/Page_Element/img_Enable_mx_BaseAvatar_image' is clicked on

2022-01-17 22:11:13 - [TEST_STEP][PASSED] - closeBrowser(): Browser is closed

2022-01-17 22:11:14 - [MESSAGE][PASSED] - Browser is closed]]></system-out>
         <system-err><![CDATA[]]></system-err>
      </testcase>
      <testcase name="Test Cases/34.ExploreRoom" time="63.023" classname="Test Cases/34.ExploreRoom" status="FAILED">
         <failure type="FAILED" message="Test Cases/34.ExploreRoom FAILED.
Reason:
com.kms.katalon.core.exception.StepFailedException: Unable to click on object 'Object Repository/Page_Element/div_Ctrl K_mx_AccessibleButton mx_LeftPanel_88084c'
	at com.kms.katalon.core.webui.keyword.internal.WebUIKeywordMain.stepFailed(WebUIKeywordMain.groovy:64)
	at com.kms.katalon.core.webui.keyword.internal.WebUIKeywordMain.runKeyword(WebUIKeywordMain.groovy:26)
	at com.kms.katalon.core.webui.keyword.builtin.ClickKeyword.click(ClickKeyword.groovy:74)
	at com.kms.katalon.core.webui.keyword.builtin.ClickKeyword.execute(ClickKeyword.groovy:40)
	at com.kms.katalon.core.keyword.internal.KeywordExecutor.executeKeywordForPlatform(KeywordExecutor.groovy:74)
	at com.kms.katalon.core.webui.keyword.WebUiBuiltInKeywords.click(WebUiBuiltInKeywords.groovy:620)
	at com.kms.katalon.core.webui.keyword.WebUiBuiltInKeywords$click$1.call(Unknown Source)
	at 34.ExploreRoom.run(34.ExploreRoom:40)
	at com.kms.katalon.core.main.ScriptEngine.run(ScriptEngine.java:194)
	at com.kms.katalon.core.main.ScriptEngine.runScriptAsRawText(ScriptEngine.java:119)
	at com.kms.katalon.core.main.TestCaseExecutor.runScript(TestCaseExecutor.java:442)
	at com.kms.katalon.core.main.TestCaseExecutor.doExecute(TestCaseExecutor.java:433)
	at com.kms.katalon.core.main.TestCaseExecutor.processExecutionPhase(TestCaseExecutor.java:412)
	at com.kms.katalon.core.main.TestCaseExecutor.accessMainPhase(TestCaseExecutor.java:404)
	at com.kms.katalon.core.main.TestCaseExecutor.execute(TestCaseExecutor.java:281)
	at com.kms.katalon.core.main.TestSuiteExecutor.accessTestCaseMainPhase(TestSuiteExecutor.java:202)
	at com.kms.katalon.core.main.TestSuiteExecutor.accessTestSuiteMainPhase(TestSuiteExecutor.java:164)
	at com.kms.katalon.core.main.TestSuiteExecutor.execute(TestSuiteExecutor.java:105)
	at com.kms.katalon.core.main.TestCaseMain.startTestSuite(TestCaseMain.java:181)
	at com.kms.katalon.core.main.TestCaseMain$startTestSuite$0.call(Unknown Source)
	at TempTestSuite1642431380491.run(TempTestSuite1642431380491.groovy:36)
Caused by: org.openqa.selenium.ElementClickInterceptedException: element click intercepted: Element &lt;div aria-label=&quot;Explore rooms&quot; role=&quot;button&quot; tabindex=&quot;0&quot; class=&quot;mx_AccessibleButton mx_LeftPanel_exploreButton&quot;>&lt;/div> is not clickable at point (390, 28). Other element would receive the click: &lt;div class=&quot;mx_Toast_toast mx_Toast_hasIcon mx_Toast_icon_verification_warning&quot;>...&lt;/div>
  (Session info: chrome=97.0.4692.71)
Build info: version: '3.141.59', revision: 'e82be7d358', time: '2018-11-14T08:25:53'
System info: host: 'LAPTOP-RBUE6998', ip: '192.168.1.4', os.name: 'Windows 10', os.arch: 'amd64', os.version: '10.0', java.version: '1.8.0_282'
Driver info: com.kms.katalon.selenium.driver.CChromeDriver
Capabilities {acceptInsecureCerts: false, browserName: chrome, browserVersion: 97.0.4692.71, chrome: {chromedriverVersion: 97.0.4692.71 (adefa7837d02a..., userDataDir: C:\Users\TRI\AppData\Local\...}, goog:chromeOptions: {debuggerAddress: localhost:56437}, javascriptEnabled: true, networkConnectionEnabled: false, pageLoadStrategy: normal, platform: WINDOWS, platformName: WINDOWS, proxy: Proxy(), setWindowRect: true, strictFileInteractability: false, timeouts: {implicit: 0, pageLoad: 300000, script: 30000}, unhandledPromptBehavior: dismiss and notify, webauthn:extension:credBlob: true, webauthn:extension:largeBlob: true, webauthn:virtualAuthenticators: true}
Session ID: 2113215d8c77dc6887d69e78bd7e59bf
	at org.openqa.selenium.remote.http.W3CHttpResponseCodec.createException(W3CHttpResponseCodec.java:187)
	at org.openqa.selenium.remote.http.W3CHttpResponseCodec.decode(W3CHttpResponseCodec.java:122)
	at org.openqa.selenium.remote.http.W3CHttpResponseCodec.decode(W3CHttpResponseCodec.java:49)
	at org.openqa.selenium.remote.HttpCommandExecutor.execute(HttpCommandExecutor.java:158)
	at org.openqa.selenium.remote.service.DriverCommandExecutor.execute(DriverCommandExecutor.java:83)
	at org.openqa.selenium.remote.RemoteWebDriver.execute(RemoteWebDriver.java:552)
	at com.kms.katalon.selenium.driver.CChromeDriver.execute(CChromeDriver.java:19)
	at org.openqa.selenium.remote.RemoteWebElement.execute(RemoteWebElement.java:285)
	at org.openqa.selenium.remote.RemoteWebElement.click(RemoteWebElement.java:84)
	at org.openqa.selenium.support.events.EventFiringWebDriver$EventFiringWebElement.lambda$new$0(EventFiringWebDriver.java:404)
	at com.sun.proxy.$Proxy11.click(Unknown Source)
	at org.openqa.selenium.support.events.EventFiringWebDriver$EventFiringWebElement.click(EventFiringWebDriver.java:417)
	at org.openqa.selenium.WebElement$click.call(Unknown Source)
	at com.kms.katalon.core.webui.keyword.builtin.ClickKeyword.clickUntilSuccessWithTimeout(ClickKeyword.groovy:81)
	at com.kms.katalon.core.webui.keyword.builtin.ClickKeyword.clickUntilSuccessWithTimeout(ClickKeyword.groovy)
	at com.kms.katalon.core.webui.keyword.builtin.ClickKeyword$_click_closure1.doCall(ClickKeyword.groovy:67)
	at com.kms.katalon.core.webui.keyword.builtin.ClickKeyword$_click_closure1.call(ClickKeyword.groovy)
	at com.kms.katalon.core.webui.keyword.internal.WebUIKeywordMain.runKeyword(WebUIKeywordMain.groovy:20)
	... 19 more
"/>
         <system-out><![CDATA[2022-01-17 22:11:14 - [TEST_CASE][FAILED] - Test Cases/34.ExploreRoom: Test Cases/34.ExploreRoom FAILED.
Reason:
com.kms.katalon.core.exception.StepFailedException: Unable to click on object 'Object Repository/Page_Element/div_Ctrl K_mx_AccessibleButton mx_LeftPanel_88084c'
	at com.kms.katalon.core.webui.keyword.internal.WebUIKeywordMain.stepFailed(WebUIKeywordMain.groovy:64)
	at com.kms.katalon.core.webui.keyword.internal.WebUIKeywordMain.runKeyword(WebUIKeywordMain.groovy:26)
	at com.kms.katalon.core.webui.keyword.builtin.ClickKeyword.click(ClickKeyword.groovy:74)
	at com.kms.katalon.core.webui.keyword.builtin.ClickKeyword.execute(ClickKeyword.groovy:40)
	at com.kms.katalon.core.keyword.internal.KeywordExecutor.executeKeywordForPlatform(KeywordExecutor.groovy:74)
	at com.kms.katalon.core.webui.keyword.WebUiBuiltInKeywords.click(WebUiBuiltInKeywords.groovy:620)
	at com.kms.katalon.core.webui.keyword.WebUiBuiltInKeywords$click$1.call(Unknown Source)
	at 34.ExploreRoom.run(34.ExploreRoom:40)
	at com.kms.katalon.core.main.ScriptEngine.run(ScriptEngine.java:194)
	at com.kms.katalon.core.main.ScriptEngine.runScriptAsRawText(ScriptEngine.java:119)
	at com.kms.katalon.core.main.TestCaseExecutor.runScript(TestCaseExecutor.java:442)
	at com.kms.katalon.core.main.TestCaseExecutor.doExecute(TestCaseExecutor.java:433)
	at com.kms.katalon.core.main.TestCaseExecutor.processExecutionPhase(TestCaseExecutor.java:412)
	at com.kms.katalon.core.main.TestCaseExecutor.accessMainPhase(TestCaseExecutor.java:404)
	at com.kms.katalon.core.main.TestCaseExecutor.execute(TestCaseExecutor.java:281)
	at com.kms.katalon.core.main.TestSuiteExecutor.accessTestCaseMainPhase(TestSuiteExecutor.java:202)
	at com.kms.katalon.core.main.TestSuiteExecutor.accessTestSuiteMainPhase(TestSuiteExecutor.java:164)
	at com.kms.katalon.core.main.TestSuiteExecutor.execute(TestSuiteExecutor.java:105)
	at com.kms.katalon.core.main.TestCaseMain.startTestSuite(TestCaseMain.java:181)
	at com.kms.katalon.core.main.TestCaseMain$startTestSuite$0.call(Unknown Source)
	at TempTestSuite1642431380491.run(TempTestSuite1642431380491.groovy:36)
Caused by: org.openqa.selenium.ElementClickInterceptedException: element click intercepted: Element <div aria-label="Explore rooms" role="button" tabindex="0" class="mx_AccessibleButton mx_LeftPanel_exploreButton"></div> is not clickable at point (390, 28). Other element would receive the click: <div class="mx_Toast_toast mx_Toast_hasIcon mx_Toast_icon_verification_warning">...</div>
  (Session info: chrome=97.0.4692.71)
Build info: version: '3.141.59', revision: 'e82be7d358', time: '2018-11-14T08:25:53'
System info: host: 'LAPTOP-RBUE6998', ip: '192.168.1.4', os.name: 'Windows 10', os.arch: 'amd64', os.version: '10.0', java.version: '1.8.0_282'
Driver info: com.kms.katalon.selenium.driver.CChromeDriver
Capabilities {acceptInsecureCerts: false, browserName: chrome, browserVersion: 97.0.4692.71, chrome: {chromedriverVersion: 97.0.4692.71 (adefa7837d02a..., userDataDir: C:\Users\TRI\AppData\Local\...}, goog:chromeOptions: {debuggerAddress: localhost:56437}, javascriptEnabled: true, networkConnectionEnabled: false, pageLoadStrategy: normal, platform: WINDOWS, platformName: WINDOWS, proxy: Proxy(), setWindowRect: true, strictFileInteractability: false, timeouts: {implicit: 0, pageLoad: 300000, script: 30000}, unhandledPromptBehavior: dismiss and notify, webauthn:extension:credBlob: true, webauthn:extension:largeBlob: true, webauthn:virtualAuthenticators: true}
Session ID: 2113215d8c77dc6887d69e78bd7e59bf
	at org.openqa.selenium.remote.http.W3CHttpResponseCodec.createException(W3CHttpResponseCodec.java:187)
	at org.openqa.selenium.remote.http.W3CHttpResponseCodec.decode(W3CHttpResponseCodec.java:122)
	at org.openqa.selenium.remote.http.W3CHttpResponseCodec.decode(W3CHttpResponseCodec.java:49)
	at org.openqa.selenium.remote.HttpCommandExecutor.execute(HttpCommandExecutor.java:158)
	at org.openqa.selenium.remote.service.DriverCommandExecutor.execute(DriverCommandExecutor.java:83)
	at org.openqa.selenium.remote.RemoteWebDriver.execute(RemoteWebDriver.java:552)
	at com.kms.katalon.selenium.driver.CChromeDriver.execute(CChromeDriver.java:19)
	at org.openqa.selenium.remote.RemoteWebElement.execute(RemoteWebElement.java:285)
	at org.openqa.selenium.remote.RemoteWebElement.click(RemoteWebElement.java:84)
	at org.openqa.selenium.support.events.EventFiringWebDriver$EventFiringWebElement.lambda$new$0(EventFiringWebDriver.java:404)
	at com.sun.proxy.$Proxy11.click(Unknown Source)
	at org.openqa.selenium.support.events.EventFiringWebDriver$EventFiringWebElement.click(EventFiringWebDriver.java:417)
	at org.openqa.selenium.WebElement$click.call(Unknown Source)
	at com.kms.katalon.core.webui.keyword.builtin.ClickKeyword.clickUntilSuccessWithTimeout(ClickKeyword.groovy:81)
	at com.kms.katalon.core.webui.keyword.builtin.ClickKeyword.clickUntilSuccessWithTimeout(ClickKeyword.groovy)
	at com.kms.katalon.core.webui.keyword.builtin.ClickKeyword$_click_closure1.doCall(ClickKeyword.groovy:67)
	at com.kms.katalon.core.webui.keyword.builtin.ClickKeyword$_click_closure1.call(ClickKeyword.groovy)
	at com.kms.katalon.core.webui.keyword.internal.WebUIKeywordMain.runKeyword(WebUIKeywordMain.groovy:20)
	... 19 more


2022-01-17 22:11:14 - [TEST_STEP][PASSED] - openBrowser(""): Browser is opened with url: ''

2022-01-17 22:11:14 - [MESSAGE][INFO] - Starting 'Chrome' driver

2022-01-17 22:11:14 - [MESSAGE][INFO] - Action delay is set to 1,000 milliseconds

2022-01-17 22:11:15 - [MESSAGE][PASSED] - Browser is opened with url: ''

2022-01-17 22:11:15 - [TEST_STEP][PASSED] - navigateToUrl("http://localhost:8080/"): Navigate to 'http://localhost:8080/' successfully

2022-01-17 22:11:18 - [MESSAGE][PASSED] - Navigate to 'http://localhost:8080/' successfully

2022-01-17 22:11:18 - [TEST_STEP][PASSED] - click(findTestObject("Object Repository/Page_Element/div_Sign In")): Object: 'Object Repository/Page_Element/div_Sign In' is clicked on

2022-01-17 22:11:21 - [MESSAGE][PASSED] - Object: 'Object Repository/Page_Element/div_Sign In' is clicked on

2022-01-17 22:11:21 - [TEST_STEP][PASSED] - setText(findTestObject("Object Repository/Page_Element/input_Sign in with_username"), "ptnha19"): Text 'ptnha19' is set on object 'Object Repository/Page_Element/input_Sign in with_username'

2022-01-17 22:11:24 - [MESSAGE][PASSED] - Text 'ptnha19' is set on object 'Object Repository/Page_Element/input_Sign in with_username'

2022-01-17 22:11:24 - [TEST_STEP][PASSED] - setEncryptedText(findTestObject("Object Repository/Page_Element/input_Username_password"), "5R3Ima4A+eOeCrCDRGMLmJpaGR3V3+YI"): Text ****** has been set on object 'Object Repository/Page_Element/input_Username_password'

2022-01-17 22:11:27 - [MESSAGE][PASSED] - Text ****** has been set on object 'Object Repository/Page_Element/input_Username_password'

2022-01-17 22:11:27 - [TEST_STEP][PASSED] - click(findTestObject("Object Repository/Page_Element/input_Forgot password_mx_Login_submit")): Object: 'Object Repository/Page_Element/input_Forgot password_mx_Login_submit' is clicked on

2022-01-17 22:11:28 - [MESSAGE][PASSED] - Object: 'Object Repository/Page_Element/input_Forgot password_mx_Login_submit' is clicked on

2022-01-17 22:11:28 - [TEST_STEP][PASSED] - click(findTestObject("Object Repository/Page_Element/div_Verify with Security Key")): Object: 'Object Repository/Page_Element/div_Verify with Security Key' is clicked on

2022-01-17 22:11:34 - [MESSAGE][PASSED] - Object: 'Object Repository/Page_Element/div_Verify with Security Key' is clicked on

2022-01-17 22:11:34 - [TEST_STEP][PASSED] - setEncryptedText(findTestObject("Object Repository/Page_Element/input_Security Key_mx_Field_4"), "PF4jXtbe/5x5+S5PgN4Kl/QbANAkWZYKqKaG9gW6gn+Po31AOnak0DX8GoEzAUkskgpeON1UhfEqZG0XXngJPA=="): Text ****** has been set on object 'Object Repository/Page_Element/input_Security Key_mx_Field_4'

2022-01-17 22:11:37 - [MESSAGE][PASSED] - Text ****** has been set on object 'Object Repository/Page_Element/input_Security Key_mx_Field_4'

2022-01-17 22:11:37 - [TEST_STEP][PASSED] - click(findTestObject("Object Repository/Page_Element/button_Continue")): Object: 'Object Repository/Page_Element/button_Continue' is clicked on

2022-01-17 22:11:39 - [MESSAGE][PASSED] - Object: 'Object Repository/Page_Element/button_Continue' is clicked on

2022-01-17 22:11:39 - [TEST_STEP][PASSED] - click(findTestObject("Object Repository/Page_Element/div_Done")): Object: 'Object Repository/Page_Element/div_Done' is clicked on

2022-01-17 22:11:42 - [MESSAGE][PASSED] - Object: 'Object Repository/Page_Element/div_Done' is clicked on

2022-01-17 22:11:42 - [TEST_STEP][FAILED] - click(findTestObject("Object Repository/Page_Element/div_Ctrl K_mx_AccessibleButton mx_LeftPanel_88084c")): Unable to click on object 'Object Repository/Page_Element/div_Ctrl K_mx_AccessibleButton mx_LeftPanel_88084c' (Root cause: com.kms.katalon.core.exception.StepFailedException: Unable to click on object 'Object Repository/Page_Element/div_Ctrl K_mx_AccessibleButton mx_LeftPanel_88084c'
	at com.kms.katalon.core.webui.keyword.internal.WebUIKeywordMain.stepFailed(WebUIKeywordMain.groovy:64)
	at com.kms.katalon.core.webui.keyword.internal.WebUIKeywordMain.runKeyword(WebUIKeywordMain.groovy:26)
	at com.kms.katalon.core.webui.keyword.builtin.ClickKeyword.click(ClickKeyword.groovy:74)
	at com.kms.katalon.core.webui.keyword.builtin.ClickKeyword.execute(ClickKeyword.groovy:40)
	at com.kms.katalon.core.keyword.internal.KeywordExecutor.executeKeywordForPlatform(KeywordExecutor.groovy:74)
	at com.kms.katalon.core.webui.keyword.WebUiBuiltInKeywords.click(WebUiBuiltInKeywords.groovy:620)
	at com.kms.katalon.core.webui.keyword.WebUiBuiltInKeywords$click$1.call(Unknown Source)
	at 34.ExploreRoom.run(34.ExploreRoom:40)
	at com.kms.katalon.core.main.ScriptEngine.run(ScriptEngine.java:194)
	at com.kms.katalon.core.main.ScriptEngine.runScriptAsRawText(ScriptEngine.java:119)
	at com.kms.katalon.core.main.TestCaseExecutor.runScript(TestCaseExecutor.java:442)
	at com.kms.katalon.core.main.TestCaseExecutor.doExecute(TestCaseExecutor.java:433)
	at com.kms.katalon.core.main.TestCaseExecutor.processExecutionPhase(TestCaseExecutor.java:412)
	at com.kms.katalon.core.main.TestCaseExecutor.accessMainPhase(TestCaseExecutor.java:404)
	at com.kms.katalon.core.main.TestCaseExecutor.execute(TestCaseExecutor.java:281)
	at com.kms.katalon.core.main.TestSuiteExecutor.accessTestCaseMainPhase(TestSuiteExecutor.java:202)
	at com.kms.katalon.core.main.TestSuiteExecutor.accessTestSuiteMainPhase(TestSuiteExecutor.java:164)
	at com.kms.katalon.core.main.TestSuiteExecutor.execute(TestSuiteExecutor.java:105)
	at com.kms.katalon.core.main.TestCaseMain.startTestSuite(TestCaseMain.java:181)
	at com.kms.katalon.core.main.TestCaseMain$startTestSuite$0.call(Unknown Source)
	at TempTestSuite1642431380491.run(TempTestSuite1642431380491.groovy:36)
Caused by: org.openqa.selenium.ElementClickInterceptedException: element click intercepted: Element <div aria-label="Explore rooms" role="button" tabindex="0" class="mx_AccessibleButton mx_LeftPanel_exploreButton"></div> is not clickable at point (390, 28). Other element would receive the click: <div class="mx_Toast_toast mx_Toast_hasIcon mx_Toast_icon_verification_warning">...</div>
  (Session info: chrome=97.0.4692.71)
Build info: version: '3.141.59', revision: 'e82be7d358', time: '2018-11-14T08:25:53'
System info: host: 'LAPTOP-RBUE6998', ip: '192.168.1.4', os.name: 'Windows 10', os.arch: 'amd64', os.version: '10.0', java.version: '1.8.0_282'
Driver info: com.kms.katalon.selenium.driver.CChromeDriver
Capabilities {acceptInsecureCerts: false, browserName: chrome, browserVersion: 97.0.4692.71, chrome: {chromedriverVersion: 97.0.4692.71 (adefa7837d02a..., userDataDir: C:\Users\TRI\AppData\Local\...}, goog:chromeOptions: {debuggerAddress: localhost:56437}, javascriptEnabled: true, networkConnectionEnabled: false, pageLoadStrategy: normal, platform: WINDOWS, platformName: WINDOWS, proxy: Proxy(), setWindowRect: true, strictFileInteractability: false, timeouts: {implicit: 0, pageLoad: 300000, script: 30000}, unhandledPromptBehavior: dismiss and notify, webauthn:extension:credBlob: true, webauthn:extension:largeBlob: true, webauthn:virtualAuthenticators: true}
Session ID: 2113215d8c77dc6887d69e78bd7e59bf
	at org.openqa.selenium.remote.http.W3CHttpResponseCodec.createException(W3CHttpResponseCodec.java:187)
	at org.openqa.selenium.remote.http.W3CHttpResponseCodec.decode(W3CHttpResponseCodec.java:122)
	at org.openqa.selenium.remote.http.W3CHttpResponseCodec.decode(W3CHttpResponseCodec.java:49)
	at org.openqa.selenium.remote.HttpCommandExecutor.execute(HttpCommandExecutor.java:158)
	at org.openqa.selenium.remote.service.DriverCommandExecutor.execute(DriverCommandExecutor.java:83)
	at org.openqa.selenium.remote.RemoteWebDriver.execute(RemoteWebDriver.java:552)
	at com.kms.katalon.selenium.driver.CChromeDriver.execute(CChromeDriver.java:19)
	at org.openqa.selenium.remote.RemoteWebElement.execute(RemoteWebElement.java:285)
	at org.openqa.selenium.remote.RemoteWebElement.click(RemoteWebElement.java:84)
	at org.openqa.selenium.support.events.EventFiringWebDriver$EventFiringWebElement.lambda$new$0(EventFiringWebDriver.java:404)
	at com.sun.proxy.$Proxy11.click(Unknown Source)
	at org.openqa.selenium.support.events.EventFiringWebDriver$EventFiringWebElement.click(EventFiringWebDriver.java:417)
	at org.openqa.selenium.WebElement$click.call(Unknown Source)
	at com.kms.katalon.core.webui.keyword.builtin.ClickKeyword.clickUntilSuccessWithTimeout(ClickKeyword.groovy:81)
	at com.kms.katalon.core.webui.keyword.builtin.ClickKeyword.clickUntilSuccessWithTimeout(ClickKeyword.groovy)
	at com.kms.katalon.core.webui.keyword.builtin.ClickKeyword$_click_closure1.doCall(ClickKeyword.groovy:67)
	at com.kms.katalon.core.webui.keyword.builtin.ClickKeyword$_click_closure1.call(ClickKeyword.groovy)
	at com.kms.katalon.core.webui.keyword.internal.WebUIKeywordMain.runKeyword(WebUIKeywordMain.groovy:20)
	at com.kms.katalon.core.webui.keyword.builtin.ClickKeyword.click(ClickKeyword.groovy:74)
	at com.kms.katalon.core.webui.keyword.builtin.ClickKeyword.execute(ClickKeyword.groovy:40)
	at com.kms.katalon.core.keyword.internal.KeywordExecutor.executeKeywordForPlatform(KeywordExecutor.groovy:74)
	at com.kms.katalon.core.webui.keyword.WebUiBuiltInKeywords.click(WebUiBuiltInKeywords.groovy:620)
	at com.kms.katalon.core.webui.keyword.WebUiBuiltInKeywords$click$1.call(Unknown Source)
	at Script1641896358765.run(Script1641896358765.groovy:40)
	... 13 more
)

2022-01-17 22:12:17 - [MESSAGE][FAILED] - Unable to click on object 'Object Repository/Page_Element/div_Ctrl K_mx_AccessibleButton mx_LeftPanel_88084c' (Root cause: com.kms.katalon.core.exception.StepFailedException: Unable to click on object 'Object Repository/Page_Element/div_Ctrl K_mx_AccessibleButton mx_LeftPanel_88084c'
	at com.kms.katalon.core.webui.keyword.internal.WebUIKeywordMain.stepFailed(WebUIKeywordMain.groovy:64)
	at com.kms.katalon.core.webui.keyword.internal.WebUIKeywordMain.runKeyword(WebUIKeywordMain.groovy:26)
	at com.kms.katalon.core.webui.keyword.builtin.ClickKeyword.click(ClickKeyword.groovy:74)
	at com.kms.katalon.core.webui.keyword.builtin.ClickKeyword.execute(ClickKeyword.groovy:40)
	at com.kms.katalon.core.keyword.internal.KeywordExecutor.executeKeywordForPlatform(KeywordExecutor.groovy:74)
	at com.kms.katalon.core.webui.keyword.WebUiBuiltInKeywords.click(WebUiBuiltInKeywords.groovy:620)
	at com.kms.katalon.core.webui.keyword.WebUiBuiltInKeywords$click$1.call(Unknown Source)
	at 34.ExploreRoom.run(34.ExploreRoom:40)
	at com.kms.katalon.core.main.ScriptEngine.run(ScriptEngine.java:194)
	at com.kms.katalon.core.main.ScriptEngine.runScriptAsRawText(ScriptEngine.java:119)
	at com.kms.katalon.core.main.TestCaseExecutor.runScript(TestCaseExecutor.java:442)
	at com.kms.katalon.core.main.TestCaseExecutor.doExecute(TestCaseExecutor.java:433)
	at com.kms.katalon.core.main.TestCaseExecutor.processExecutionPhase(TestCaseExecutor.java:412)
	at com.kms.katalon.core.main.TestCaseExecutor.accessMainPhase(TestCaseExecutor.java:404)
	at com.kms.katalon.core.main.TestCaseExecutor.execute(TestCaseExecutor.java:281)
	at com.kms.katalon.core.main.TestSuiteExecutor.accessTestCaseMainPhase(TestSuiteExecutor.java:202)
	at com.kms.katalon.core.main.TestSuiteExecutor.accessTestSuiteMainPhase(TestSuiteExecutor.java:164)
	at com.kms.katalon.core.main.TestSuiteExecutor.execute(TestSuiteExecutor.java:105)
	at com.kms.katalon.core.main.TestCaseMain.startTestSuite(TestCaseMain.java:181)
	at com.kms.katalon.core.main.TestCaseMain$startTestSuite$0.call(Unknown Source)
	at TempTestSuite1642431380491.run(TempTestSuite1642431380491.groovy:36)
Caused by: org.openqa.selenium.ElementClickInterceptedException: element click intercepted: Element <div aria-label="Explore rooms" role="button" tabindex="0" class="mx_AccessibleButton mx_LeftPanel_exploreButton"></div> is not clickable at point (390, 28). Other element would receive the click: <div class="mx_Toast_toast mx_Toast_hasIcon mx_Toast_icon_verification_warning">...</div>
  (Session info: chrome=97.0.4692.71)
Build info: version: '3.141.59', revision: 'e82be7d358', time: '2018-11-14T08:25:53'
System info: host: 'LAPTOP-RBUE6998', ip: '192.168.1.4', os.name: 'Windows 10', os.arch: 'amd64', os.version: '10.0', java.version: '1.8.0_282'
Driver info: com.kms.katalon.selenium.driver.CChromeDriver
Capabilities {acceptInsecureCerts: false, browserName: chrome, browserVersion: 97.0.4692.71, chrome: {chromedriverVersion: 97.0.4692.71 (adefa7837d02a..., userDataDir: C:\Users\TRI\AppData\Local\...}, goog:chromeOptions: {debuggerAddress: localhost:56437}, javascriptEnabled: true, networkConnectionEnabled: false, pageLoadStrategy: normal, platform: WINDOWS, platformName: WINDOWS, proxy: Proxy(), setWindowRect: true, strictFileInteractability: false, timeouts: {implicit: 0, pageLoad: 300000, script: 30000}, unhandledPromptBehavior: dismiss and notify, webauthn:extension:credBlob: true, webauthn:extension:largeBlob: true, webauthn:virtualAuthenticators: true}
Session ID: 2113215d8c77dc6887d69e78bd7e59bf
	at org.openqa.selenium.remote.http.W3CHttpResponseCodec.createException(W3CHttpResponseCodec.java:187)
	at org.openqa.selenium.remote.http.W3CHttpResponseCodec.decode(W3CHttpResponseCodec.java:122)
	at org.openqa.selenium.remote.http.W3CHttpResponseCodec.decode(W3CHttpResponseCodec.java:49)
	at org.openqa.selenium.remote.HttpCommandExecutor.execute(HttpCommandExecutor.java:158)
	at org.openqa.selenium.remote.service.DriverCommandExecutor.execute(DriverCommandExecutor.java:83)
	at org.openqa.selenium.remote.RemoteWebDriver.execute(RemoteWebDriver.java:552)
	at com.kms.katalon.selenium.driver.CChromeDriver.execute(CChromeDriver.java:19)
	at org.openqa.selenium.remote.RemoteWebElement.execute(RemoteWebElement.java:285)
	at org.openqa.selenium.remote.RemoteWebElement.click(RemoteWebElement.java:84)
	at org.openqa.selenium.support.events.EventFiringWebDriver$EventFiringWebElement.lambda$new$0(EventFiringWebDriver.java:404)
	at com.sun.proxy.$Proxy11.click(Unknown Source)
	at org.openqa.selenium.support.events.EventFiringWebDriver$EventFiringWebElement.click(EventFiringWebDriver.java:417)
	at org.openqa.selenium.WebElement$click.call(Unknown Source)
	at com.kms.katalon.core.webui.keyword.builtin.ClickKeyword.clickUntilSuccessWithTimeout(ClickKeyword.groovy:81)
	at com.kms.katalon.core.webui.keyword.builtin.ClickKeyword.clickUntilSuccessWithTimeout(ClickKeyword.groovy)
	at com.kms.katalon.core.webui.keyword.builtin.ClickKeyword$_click_closure1.doCall(ClickKeyword.groovy:67)
	at com.kms.katalon.core.webui.keyword.builtin.ClickKeyword$_click_closure1.call(ClickKeyword.groovy)
	at com.kms.katalon.core.webui.keyword.internal.WebUIKeywordMain.runKeyword(WebUIKeywordMain.groovy:20)
	at com.kms.katalon.core.webui.keyword.builtin.ClickKeyword.click(ClickKeyword.groovy:74)
	at com.kms.katalon.core.webui.keyword.builtin.ClickKeyword.execute(ClickKeyword.groovy:40)
	at com.kms.katalon.core.keyword.internal.KeywordExecutor.executeKeywordForPlatform(KeywordExecutor.groovy:74)
	at com.kms.katalon.core.webui.keyword.WebUiBuiltInKeywords.click(WebUiBuiltInKeywords.groovy:620)
	at com.kms.katalon.core.webui.keyword.WebUiBuiltInKeywords$click$1.call(Unknown Source)
	at Script1641896358765.run(Script1641896358765.groovy:40)
	... 13 more
)
[[ATTACHMENT|D:\\Bonus-SE\\Katalon_pj\\Bonus_SE\\Reports\\20220117_215620\\Run all test case\\20220117_215620\\1642432337133.png]]]]></system-out>
         <system-err><![CDATA[2022-01-17 22:11:14 - [TEST_CASE][FAILED] - Test Cases/34.ExploreRoom: Test Cases/34.ExploreRoom FAILED.
Reason:
com.kms.katalon.core.exception.StepFailedException: Unable to click on object 'Object Repository/Page_Element/div_Ctrl K_mx_AccessibleButton mx_LeftPanel_88084c'
	at com.kms.katalon.core.webui.keyword.internal.WebUIKeywordMain.stepFailed(WebUIKeywordMain.groovy:64)
	at com.kms.katalon.core.webui.keyword.internal.WebUIKeywordMain.runKeyword(WebUIKeywordMain.groovy:26)
	at com.kms.katalon.core.webui.keyword.builtin.ClickKeyword.click(ClickKeyword.groovy:74)
	at com.kms.katalon.core.webui.keyword.builtin.ClickKeyword.execute(ClickKeyword.groovy:40)
	at com.kms.katalon.core.keyword.internal.KeywordExecutor.executeKeywordForPlatform(KeywordExecutor.groovy:74)
	at com.kms.katalon.core.webui.keyword.WebUiBuiltInKeywords.click(WebUiBuiltInKeywords.groovy:620)
	at com.kms.katalon.core.webui.keyword.WebUiBuiltInKeywords$click$1.call(Unknown Source)
	at 34.ExploreRoom.run(34.ExploreRoom:40)
	at com.kms.katalon.core.main.ScriptEngine.run(ScriptEngine.java:194)
	at com.kms.katalon.core.main.ScriptEngine.runScriptAsRawText(ScriptEngine.java:119)
	at com.kms.katalon.core.main.TestCaseExecutor.runScript(TestCaseExecutor.java:442)
	at com.kms.katalon.core.main.TestCaseExecutor.doExecute(TestCaseExecutor.java:433)
	at com.kms.katalon.core.main.TestCaseExecutor.processExecutionPhase(TestCaseExecutor.java:412)
	at com.kms.katalon.core.main.TestCaseExecutor.accessMainPhase(TestCaseExecutor.java:404)
	at com.kms.katalon.core.main.TestCaseExecutor.execute(TestCaseExecutor.java:281)
	at com.kms.katalon.core.main.TestSuiteExecutor.accessTestCaseMainPhase(TestSuiteExecutor.java:202)
	at com.kms.katalon.core.main.TestSuiteExecutor.accessTestSuiteMainPhase(TestSuiteExecutor.java:164)
	at com.kms.katalon.core.main.TestSuiteExecutor.execute(TestSuiteExecutor.java:105)
	at com.kms.katalon.core.main.TestCaseMain.startTestSuite(TestCaseMain.java:181)
	at com.kms.katalon.core.main.TestCaseMain$startTestSuite$0.call(Unknown Source)
	at TempTestSuite1642431380491.run(TempTestSuite1642431380491.groovy:36)
Caused by: org.openqa.selenium.ElementClickInterceptedException: element click intercepted: Element <div aria-label="Explore rooms" role="button" tabindex="0" class="mx_AccessibleButton mx_LeftPanel_exploreButton"></div> is not clickable at point (390, 28). Other element would receive the click: <div class="mx_Toast_toast mx_Toast_hasIcon mx_Toast_icon_verification_warning">...</div>
  (Session info: chrome=97.0.4692.71)
Build info: version: '3.141.59', revision: 'e82be7d358', time: '2018-11-14T08:25:53'
System info: host: 'LAPTOP-RBUE6998', ip: '192.168.1.4', os.name: 'Windows 10', os.arch: 'amd64', os.version: '10.0', java.version: '1.8.0_282'
Driver info: com.kms.katalon.selenium.driver.CChromeDriver
Capabilities {acceptInsecureCerts: false, browserName: chrome, browserVersion: 97.0.4692.71, chrome: {chromedriverVersion: 97.0.4692.71 (adefa7837d02a..., userDataDir: C:\Users\TRI\AppData\Local\...}, goog:chromeOptions: {debuggerAddress: localhost:56437}, javascriptEnabled: true, networkConnectionEnabled: false, pageLoadStrategy: normal, platform: WINDOWS, platformName: WINDOWS, proxy: Proxy(), setWindowRect: true, strictFileInteractability: false, timeouts: {implicit: 0, pageLoad: 300000, script: 30000}, unhandledPromptBehavior: dismiss and notify, webauthn:extension:credBlob: true, webauthn:extension:largeBlob: true, webauthn:virtualAuthenticators: true}
Session ID: 2113215d8c77dc6887d69e78bd7e59bf
	at org.openqa.selenium.remote.http.W3CHttpResponseCodec.createException(W3CHttpResponseCodec.java:187)
	at org.openqa.selenium.remote.http.W3CHttpResponseCodec.decode(W3CHttpResponseCodec.java:122)
	at org.openqa.selenium.remote.http.W3CHttpResponseCodec.decode(W3CHttpResponseCodec.java:49)
	at org.openqa.selenium.remote.HttpCommandExecutor.execute(HttpCommandExecutor.java:158)
	at org.openqa.selenium.remote.service.DriverCommandExecutor.execute(DriverCommandExecutor.java:83)
	at org.openqa.selenium.remote.RemoteWebDriver.execute(RemoteWebDriver.java:552)
	at com.kms.katalon.selenium.driver.CChromeDriver.execute(CChromeDriver.java:19)
	at org.openqa.selenium.remote.RemoteWebElement.execute(RemoteWebElement.java:285)
	at org.openqa.selenium.remote.RemoteWebElement.click(RemoteWebElement.java:84)
	at org.openqa.selenium.support.events.EventFiringWebDriver$EventFiringWebElement.lambda$new$0(EventFiringWebDriver.java:404)
	at com.sun.proxy.$Proxy11.click(Unknown Source)
	at org.openqa.selenium.support.events.EventFiringWebDriver$EventFiringWebElement.click(EventFiringWebDriver.java:417)
	at org.openqa.selenium.WebElement$click.call(Unknown Source)
	at com.kms.katalon.core.webui.keyword.builtin.ClickKeyword.clickUntilSuccessWithTimeout(ClickKeyword.groovy:81)
	at com.kms.katalon.core.webui.keyword.builtin.ClickKeyword.clickUntilSuccessWithTimeout(ClickKeyword.groovy)
	at com.kms.katalon.core.webui.keyword.builtin.ClickKeyword$_click_closure1.doCall(ClickKeyword.groovy:67)
	at com.kms.katalon.core.webui.keyword.builtin.ClickKeyword$_click_closure1.call(ClickKeyword.groovy)
	at com.kms.katalon.core.webui.keyword.internal.WebUIKeywordMain.runKeyword(WebUIKeywordMain.groovy:20)
	... 19 more]]></system-err>
      </testcase>
      <testcase name="Test Cases/35.ExpandPeopleBar" time="42.758" classname="Test Cases/35.ExpandPeopleBar" status="PASSED">
         <system-out><![CDATA[2022-01-17 22:12:17 - [TEST_CASE][PASSED] - Test Cases/35.ExpandPeopleBar: Test Cases/35.ExpandPeopleBar

2022-01-17 22:12:17 - [TEST_STEP][PASSED] - openBrowser(""): Browser is opened with url: ''

2022-01-17 22:12:17 - [MESSAGE][WARNING] - A browser is already opened. Closing browser and opening a new one

2022-01-17 22:12:18 - [MESSAGE][INFO] - Starting 'Chrome' driver

2022-01-17 22:12:18 - [MESSAGE][INFO] - Action delay is set to 1,000 milliseconds

2022-01-17 22:12:19 - [MESSAGE][PASSED] - Browser is opened with url: ''

2022-01-17 22:12:19 - [TEST_STEP][PASSED] - navigateToUrl("http://localhost:8080/"): Navigate to 'http://localhost:8080/' successfully

2022-01-17 22:12:21 - [MESSAGE][PASSED] - Navigate to 'http://localhost:8080/' successfully

2022-01-17 22:12:21 - [TEST_STEP][PASSED] - click(findTestObject("Object Repository/Page_Element/div_Sign In")): Object: 'Object Repository/Page_Element/div_Sign In' is clicked on

2022-01-17 22:12:27 - [MESSAGE][PASSED] - Object: 'Object Repository/Page_Element/div_Sign In' is clicked on

2022-01-17 22:12:27 - [TEST_STEP][PASSED] - setText(findTestObject("Object Repository/Page_Element/input_Sign in with_username"), "ptnha19"): Text 'ptnha19' is set on object 'Object Repository/Page_Element/input_Sign in with_username'

2022-01-17 22:12:30 - [MESSAGE][PASSED] - Text 'ptnha19' is set on object 'Object Repository/Page_Element/input_Sign in with_username'

2022-01-17 22:12:30 - [TEST_STEP][PASSED] - setEncryptedText(findTestObject("Object Repository/Page_Element/input_Username_password"), "5R3Ima4A+eOeCrCDRGMLmJpaGR3V3+YI"): Text ****** has been set on object 'Object Repository/Page_Element/input_Username_password'

2022-01-17 22:12:32 - [MESSAGE][PASSED] - Text ****** has been set on object 'Object Repository/Page_Element/input_Username_password'

2022-01-17 22:12:32 - [TEST_STEP][PASSED] - click(findTestObject("Object Repository/Page_Element/input_Forgot password_mx_Login_submit")): Object: 'Object Repository/Page_Element/input_Forgot password_mx_Login_submit' is clicked on

2022-01-17 22:12:33 - [MESSAGE][PASSED] - Object: 'Object Repository/Page_Element/input_Forgot password_mx_Login_submit' is clicked on

2022-01-17 22:12:33 - [TEST_STEP][PASSED] - click(findTestObject("Object Repository/Page_Element/div_Verify with Security Key")): Object: 'Object Repository/Page_Element/div_Verify with Security Key' is clicked on

2022-01-17 22:12:47 - [MESSAGE][PASSED] - Object: 'Object Repository/Page_Element/div_Verify with Security Key' is clicked on

2022-01-17 22:12:47 - [TEST_STEP][PASSED] - setEncryptedText(findTestObject("Object Repository/Page_Element/input_Security Key_mx_Field_4"), "PF4jXtbe/5x5+S5PgN4Kl/QbANAkWZYKqKaG9gW6gn+Po31AOnak0DX8GoEzAUkskgpeON1UhfEqZG0XXngJPA=="): Text ****** has been set on object 'Object Repository/Page_Element/input_Security Key_mx_Field_4'

2022-01-17 22:12:51 - [MESSAGE][PASSED] - Text ****** has been set on object 'Object Repository/Page_Element/input_Security Key_mx_Field_4'

2022-01-17 22:12:51 - [TEST_STEP][PASSED] - click(findTestObject("Object Repository/Page_Element/button_Continue")): Object: 'Object Repository/Page_Element/button_Continue' is clicked on

2022-01-17 22:12:52 - [MESSAGE][PASSED] - Object: 'Object Repository/Page_Element/button_Continue' is clicked on

2022-01-17 22:12:52 - [TEST_STEP][PASSED] - click(findTestObject("Object Repository/Page_Element/div_Done")): Object: 'Object Repository/Page_Element/div_Done' is clicked on

2022-01-17 22:12:54 - [MESSAGE][PASSED] - Object: 'Object Repository/Page_Element/div_Done' is clicked on

2022-01-17 22:12:54 - [TEST_STEP][PASSED] - click(findTestObject("Object Repository/Page_Element/span_Favorites_mx_RoomSublist_collapseBtn")): Object: 'Object Repository/Page_Element/span_Favorites_mx_RoomSublist_collapseBtn' is clicked on

2022-01-17 22:12:55 - [MESSAGE][PASSED] - Object: 'Object Repository/Page_Element/span_Favorites_mx_RoomSublist_collapseBtn' is clicked on

2022-01-17 22:12:55 - [TEST_STEP][PASSED] - click(findTestObject("Object Repository/Page_Element/span_Favorites_mx_RoomSublist_collapseBtn m_10447f")): Object: 'Object Repository/Page_Element/span_Favorites_mx_RoomSublist_collapseBtn m_10447f' is clicked on

2022-01-17 22:12:56 - [MESSAGE][PASSED] - Object: 'Object Repository/Page_Element/span_Favorites_mx_RoomSublist_collapseBtn m_10447f' is clicked on

2022-01-17 22:12:56 - [TEST_STEP][PASSED] - click(findTestObject("Object Repository/Page_Element/div_Tr Cao Thin")): Object: 'Object Repository/Page_Element/div_Tr Cao Thin' is clicked on

2022-01-17 22:12:58 - [MESSAGE][PASSED] - Object: 'Object Repository/Page_Element/div_Tr Cao Thin' is clicked on

2022-01-17 22:12:58 - [TEST_STEP][PASSED] - click(findTestObject("Object Repository/Page_Element  Tr Cao Thin/div_Khoa Dng Vn")): Object: 'Object Repository/Page_Element  Tr Cao Thin/div_Khoa Dng Vn' is clicked on

2022-01-17 22:12:59 - [MESSAGE][PASSED] - Object: 'Object Repository/Page_Element  Tr Cao Thin/div_Khoa Dng Vn' is clicked on

2022-01-17 22:12:59 - [TEST_STEP][PASSED] - closeBrowser(): Browser is closed

2022-01-17 22:13:00 - [MESSAGE][PASSED] - Browser is closed]]></system-out>
         <system-err><![CDATA[]]></system-err>
      </testcase>
      <testcase name="Test Cases/37.SettingPeople" time="37.328" classname="Test Cases/37.SettingPeople" status="PASSED">
         <system-out><![CDATA[2022-01-17 22:13:00 - [TEST_CASE][PASSED] - Test Cases/37.SettingPeople: Test Cases/37.SettingPeople

2022-01-17 22:13:00 - [TEST_STEP][PASSED] - openBrowser(""): Browser is opened with url: ''

2022-01-17 22:13:00 - [MESSAGE][INFO] - Starting 'Chrome' driver

2022-01-17 22:13:00 - [MESSAGE][INFO] - Action delay is set to 1,000 milliseconds

2022-01-17 22:13:01 - [MESSAGE][PASSED] - Browser is opened with url: ''

2022-01-17 22:13:01 - [TEST_STEP][PASSED] - navigateToUrl("http://localhost:8080/"): Navigate to 'http://localhost:8080/' successfully

2022-01-17 22:13:04 - [MESSAGE][PASSED] - Navigate to 'http://localhost:8080/' successfully

2022-01-17 22:13:04 - [TEST_STEP][PASSED] - click(findTestObject("Object Repository/Page_Element/div_Sign In")): Object: 'Object Repository/Page_Element/div_Sign In' is clicked on

2022-01-17 22:13:08 - [MESSAGE][PASSED] - Object: 'Object Repository/Page_Element/div_Sign In' is clicked on

2022-01-17 22:13:08 - [TEST_STEP][PASSED] - setText(findTestObject("Object Repository/Page_Element/input_Sign in with_username"), "ptnha19"): Text 'ptnha19' is set on object 'Object Repository/Page_Element/input_Sign in with_username'

2022-01-17 22:13:11 - [MESSAGE][PASSED] - Text 'ptnha19' is set on object 'Object Repository/Page_Element/input_Sign in with_username'

2022-01-17 22:13:11 - [TEST_STEP][PASSED] - setEncryptedText(findTestObject("Object Repository/Page_Element/input_Username_password"), "5R3Ima4A+eOeCrCDRGMLmJpaGR3V3+YI"): Text ****** has been set on object 'Object Repository/Page_Element/input_Username_password'

2022-01-17 22:13:13 - [MESSAGE][PASSED] - Text ****** has been set on object 'Object Repository/Page_Element/input_Username_password'

2022-01-17 22:13:13 - [TEST_STEP][PASSED] - click(findTestObject("Object Repository/Page_Element/input_Forgot password_mx_Login_submit")): Object: 'Object Repository/Page_Element/input_Forgot password_mx_Login_submit' is clicked on

2022-01-17 22:13:14 - [MESSAGE][PASSED] - Object: 'Object Repository/Page_Element/input_Forgot password_mx_Login_submit' is clicked on

2022-01-17 22:13:14 - [TEST_STEP][PASSED] - click(findTestObject("Object Repository/Page_Element/div_Verify with Security Key")): Object: 'Object Repository/Page_Element/div_Verify with Security Key' is clicked on

2022-01-17 22:13:24 - [MESSAGE][PASSED] - Object: 'Object Repository/Page_Element/div_Verify with Security Key' is clicked on

2022-01-17 22:13:24 - [TEST_STEP][PASSED] - setEncryptedText(findTestObject("Object Repository/Page_Element/input_Security Key_mx_Field_4"), "PF4jXtbe/5x5+S5PgN4Kl/QbANAkWZYKqKaG9gW6gn+Po31AOnak0DX8GoEzAUkskgpeON1UhfEqZG0XXngJPA=="): Text ****** has been set on object 'Object Repository/Page_Element/input_Security Key_mx_Field_4'

2022-01-17 22:13:27 - [MESSAGE][PASSED] - Text ****** has been set on object 'Object Repository/Page_Element/input_Security Key_mx_Field_4'

2022-01-17 22:13:27 - [TEST_STEP][PASSED] - click(findTestObject("Object Repository/Page_Element/button_Continue")): Object: 'Object Repository/Page_Element/button_Continue' is clicked on

2022-01-17 22:13:28 - [MESSAGE][PASSED] - Object: 'Object Repository/Page_Element/button_Continue' is clicked on

2022-01-17 22:13:28 - [TEST_STEP][PASSED] - click(findTestObject("Object Repository/Page_Element/div_Done")): Object: 'Object Repository/Page_Element/div_Done' is clicked on

2022-01-17 22:13:30 - [MESSAGE][PASSED] - Object: 'Object Repository/Page_Element/div_Done' is clicked on

2022-01-17 22:13:30 - [TEST_STEP][PASSED] - click(findTestObject("Object Repository/Page_Element/div_Tr Cao Thin")): Object: 'Object Repository/Page_Element/div_Tr Cao Thin' is clicked on

2022-01-17 22:13:32 - [MESSAGE][PASSED] - Object: 'Object Repository/Page_Element/div_Tr Cao Thin' is clicked on

2022-01-17 22:13:32 - [TEST_STEP][PASSED] - click(findTestObject("Object Repository/Page_Element  Tr Cao Thin/div_Tr Cao Thin_mx_AccessibleButton mx_Room_04dc30")): Object: 'Object Repository/Page_Element  Tr Cao Thin/div_Tr Cao Thin_mx_AccessibleButton mx_Room_04dc30' is clicked on

2022-01-17 22:13:33 - [MESSAGE][PASSED] - Object: 'Object Repository/Page_Element  Tr Cao Thin/div_Tr Cao Thin_mx_AccessibleButton mx_Room_04dc30' is clicked on

2022-01-17 22:13:33 - [TEST_STEP][PASSED] - click(findTestObject("Object Repository/Page_Element  Tr Cao Thin/span_Settings")): Object: 'Object Repository/Page_Element  Tr Cao Thin/span_Settings' is clicked on

2022-01-17 22:13:34 - [MESSAGE][PASSED] - Object: 'Object Repository/Page_Element  Tr Cao Thin/span_Settings' is clicked on

2022-01-17 22:13:34 - [TEST_STEP][PASSED] - click(findTestObject("Object Repository/Page_Element  Tr Cao Thin/div_Room Settings - Tr Cao Thin_mx_Accessib_be264e")): Object: 'Object Repository/Page_Element  Tr Cao Thin/div_Room Settings - Tr Cao Thin_mx_Accessib_be264e' is clicked on

2022-01-17 22:13:35 - [MESSAGE][PASSED] - Object: 'Object Repository/Page_Element  Tr Cao Thin/div_Room Settings - Tr Cao Thin_mx_Accessib_be264e' is clicked on

2022-01-17 22:13:35 - [TEST_STEP][PASSED] - click(findTestObject("Object Repository/Page_Element  Tr Cao Thin/div_Tr Cao Thin")): Object: 'Object Repository/Page_Element  Tr Cao Thin/div_Tr Cao Thin' is clicked on

2022-01-17 22:13:36 - [MESSAGE][PASSED] - Object: 'Object Repository/Page_Element  Tr Cao Thin/div_Tr Cao Thin' is clicked on

2022-01-17 22:13:36 - [TEST_STEP][PASSED] - closeBrowser(): Browser is closed

2022-01-17 22:13:37 - [MESSAGE][PASSED] - Browser is closed]]></system-out>
         <system-err><![CDATA[]]></system-err>
      </testcase>
      <testcase name="Test Cases/38.TurnOffOnNotiPeople" time="33.223" classname="Test Cases/38.TurnOffOnNotiPeople" status="PASSED">
         <system-out><![CDATA[2022-01-17 22:13:37 - [TEST_CASE][PASSED] - Test Cases/38.TurnOffOnNotiPeople: Test Cases/38.TurnOffOnNotiPeople

2022-01-17 22:13:37 - [TEST_STEP][PASSED] - openBrowser(""): Browser is opened with url: ''

2022-01-17 22:13:37 - [MESSAGE][INFO] - Starting 'Chrome' driver

2022-01-17 22:13:37 - [MESSAGE][INFO] - Action delay is set to 1,000 milliseconds

2022-01-17 22:13:38 - [MESSAGE][PASSED] - Browser is opened with url: ''

2022-01-17 22:13:38 - [TEST_STEP][PASSED] - navigateToUrl("http://localhost:8080/"): Navigate to 'http://localhost:8080/' successfully

2022-01-17 22:13:41 - [MESSAGE][PASSED] - Navigate to 'http://localhost:8080/' successfully

2022-01-17 22:13:41 - [TEST_STEP][PASSED] - click(findTestObject("Object Repository/Page_Element/div_Sign In")): Object: 'Object Repository/Page_Element/div_Sign In' is clicked on

2022-01-17 22:13:46 - [MESSAGE][PASSED] - Object: 'Object Repository/Page_Element/div_Sign In' is clicked on

2022-01-17 22:13:46 - [TEST_STEP][PASSED] - setText(findTestObject("Object Repository/Page_Element/input_Sign in with_username"), "ptnha19"): Text 'ptnha19' is set on object 'Object Repository/Page_Element/input_Sign in with_username'

2022-01-17 22:13:49 - [MESSAGE][PASSED] - Text 'ptnha19' is set on object 'Object Repository/Page_Element/input_Sign in with_username'

2022-01-17 22:13:49 - [TEST_STEP][PASSED] - setEncryptedText(findTestObject("Object Repository/Page_Element/input_Username_password"), "5R3Ima4A+eOeCrCDRGMLmJpaGR3V3+YI"): Text ****** has been set on object 'Object Repository/Page_Element/input_Username_password'

2022-01-17 22:13:51 - [MESSAGE][PASSED] - Text ****** has been set on object 'Object Repository/Page_Element/input_Username_password'

2022-01-17 22:13:51 - [TEST_STEP][PASSED] - click(findTestObject("Object Repository/Page_Element/input_Forgot password_mx_Login_submit")): Object: 'Object Repository/Page_Element/input_Forgot password_mx_Login_submit' is clicked on

2022-01-17 22:13:52 - [MESSAGE][PASSED] - Object: 'Object Repository/Page_Element/input_Forgot password_mx_Login_submit' is clicked on

2022-01-17 22:13:52 - [TEST_STEP][PASSED] - click(findTestObject("Object Repository/Page_Element/div_Verify with Security Key")): Object: 'Object Repository/Page_Element/div_Verify with Security Key' is clicked on

2022-01-17 22:13:58 - [MESSAGE][PASSED] - Object: 'Object Repository/Page_Element/div_Verify with Security Key' is clicked on

2022-01-17 22:13:58 - [TEST_STEP][PASSED] - setEncryptedText(findTestObject("Object Repository/Page_Element/input_Security Key_mx_Field_4"), "PF4jXtbe/5x5+S5PgN4Kl/QbANAkWZYKqKaG9gW6gn+Po31AOnak0DX8GoEzAUkskgpeON1UhfEqZG0XXngJPA=="): Text ****** has been set on object 'Object Repository/Page_Element/input_Security Key_mx_Field_4'

2022-01-17 22:14:01 - [MESSAGE][PASSED] - Text ****** has been set on object 'Object Repository/Page_Element/input_Security Key_mx_Field_4'

2022-01-17 22:14:01 - [TEST_STEP][PASSED] - click(findTestObject("Object Repository/Page_Element/button_Continue")): Object: 'Object Repository/Page_Element/button_Continue' is clicked on

2022-01-17 22:14:02 - [MESSAGE][PASSED] - Object: 'Object Repository/Page_Element/button_Continue' is clicked on

2022-01-17 22:14:02 - [TEST_STEP][PASSED] - click(findTestObject("Object Repository/Page_Element/div_Done")): Object: 'Object Repository/Page_Element/div_Done' is clicked on

2022-01-17 22:14:05 - [MESSAGE][PASSED] - Object: 'Object Repository/Page_Element/div_Done' is clicked on

2022-01-17 22:14:05 - [TEST_STEP][PASSED] - click(findTestObject("Object Repository/Page_Element/div_Tr Cao Thin")): Object: 'Object Repository/Page_Element/div_Tr Cao Thin' is clicked on

2022-01-17 22:14:06 - [MESSAGE][PASSED] - Object: 'Object Repository/Page_Element/div_Tr Cao Thin' is clicked on

2022-01-17 22:14:06 - [TEST_STEP][PASSED] - click(findTestObject("Object Repository/Page_Element  Tr Cao Thin/div_Tr Cao Thin_mx_AccessibleButton mx_Room_44fb40")): Object: 'Object Repository/Page_Element  Tr Cao Thin/div_Tr Cao Thin_mx_AccessibleButton mx_Room_44fb40' is clicked on

2022-01-17 22:14:07 - [MESSAGE][PASSED] - Object: 'Object Repository/Page_Element  Tr Cao Thin/div_Tr Cao Thin_mx_AccessibleButton mx_Room_44fb40' is clicked on

2022-01-17 22:14:07 - [TEST_STEP][PASSED] - click(findTestObject("Object Repository/Page_Element  Tr Cao Thin/span_None")): Object: 'Object Repository/Page_Element  Tr Cao Thin/span_None' is clicked on

2022-01-17 22:14:08 - [MESSAGE][PASSED] - Object: 'Object Repository/Page_Element  Tr Cao Thin/span_None' is clicked on

2022-01-17 22:14:08 - [TEST_STEP][PASSED] - click(findTestObject("Object Repository/Page_Element  Tr Cao Thin/span_Use default")): Object: 'Object Repository/Page_Element  Tr Cao Thin/span_Use default' is clicked on

2022-01-17 22:14:09 - [MESSAGE][PASSED] - Object: 'Object Repository/Page_Element  Tr Cao Thin/span_Use default' is clicked on

2022-01-17 22:14:09 - [TEST_STEP][PASSED] - closeBrowser(): Browser is closed

2022-01-17 22:14:10 - [MESSAGE][PASSED] - Browser is closed]]></system-out>
         <system-err><![CDATA[]]></system-err>
      </testcase>
      <testcase name="Test Cases/41.ChangeLanguage" time="60.531" classname="Test Cases/41.ChangeLanguage" status="FAILED">
         <failure type="FAILED" message="Test Cases/41.ChangeLanguage FAILED.
Reason:
com.kms.katalon.core.exception.StepFailedException: Unable to click on object 'Object Repository/Page_Element/div_English (US)'
	at com.kms.katalon.core.webui.keyword.internal.WebUIKeywordMain.stepFailed(WebUIKeywordMain.groovy:64)
	at com.kms.katalon.core.webui.keyword.internal.WebUIKeywordMain.runKeyword(WebUIKeywordMain.groovy:26)
	at com.kms.katalon.core.webui.keyword.builtin.ClickKeyword.click(ClickKeyword.groovy:74)
	at com.kms.katalon.core.webui.keyword.builtin.ClickKeyword.execute(ClickKeyword.groovy:40)
	at com.kms.katalon.core.keyword.internal.KeywordExecutor.executeKeywordForPlatform(KeywordExecutor.groovy:74)
	at com.kms.katalon.core.webui.keyword.WebUiBuiltInKeywords.click(WebUiBuiltInKeywords.groovy:620)
	at com.kms.katalon.core.webui.keyword.WebUiBuiltInKeywords$click$1.call(Unknown Source)
	at 41.ChangeLanguage.run(41.ChangeLanguage:44)
	at com.kms.katalon.core.main.ScriptEngine.run(ScriptEngine.java:194)
	at com.kms.katalon.core.main.ScriptEngine.runScriptAsRawText(ScriptEngine.java:119)
	at com.kms.katalon.core.main.TestCaseExecutor.runScript(TestCaseExecutor.java:442)
	at com.kms.katalon.core.main.TestCaseExecutor.doExecute(TestCaseExecutor.java:433)
	at com.kms.katalon.core.main.TestCaseExecutor.processExecutionPhase(TestCaseExecutor.java:412)
	at com.kms.katalon.core.main.TestCaseExecutor.accessMainPhase(TestCaseExecutor.java:404)
	at com.kms.katalon.core.main.TestCaseExecutor.execute(TestCaseExecutor.java:281)
	at com.kms.katalon.core.main.TestSuiteExecutor.accessTestCaseMainPhase(TestSuiteExecutor.java:202)
	at com.kms.katalon.core.main.TestSuiteExecutor.accessTestSuiteMainPhase(TestSuiteExecutor.java:164)
	at com.kms.katalon.core.main.TestSuiteExecutor.execute(TestSuiteExecutor.java:105)
	at com.kms.katalon.core.main.TestCaseMain.startTestSuite(TestCaseMain.java:181)
	at com.kms.katalon.core.main.TestCaseMain$startTestSuite$0.call(Unknown Source)
	at TempTestSuite1642431380491.run(TempTestSuite1642431380491.groovy:36)
Caused by: com.kms.katalon.core.webui.exception.WebElementNotFoundException: Web element with id: 'Object Repository/Page_Element/div_English (US)' located by '//section[@id='matrixchat']/div/div/div[2]/div/div[2]/div' not found
	at com.kms.katalon.core.webui.common.WebUiCommonHelper.findWebElement(WebUiCommonHelper.java:1368)
	at com.kms.katalon.core.webui.keyword.internal.WebUIAbstractKeyword.findWebElement(WebUIAbstractKeyword.groovy:27)
	at com.kms.katalon.core.webui.keyword.builtin.ClickKeyword$_click_closure1.doCall(ClickKeyword.groovy:65)
	at com.kms.katalon.core.webui.keyword.builtin.ClickKeyword$_click_closure1.call(ClickKeyword.groovy)
	at com.kms.katalon.core.webui.keyword.internal.WebUIKeywordMain.runKeyword(WebUIKeywordMain.groovy:20)
	... 19 more
"/>
         <system-out><![CDATA[2022-01-17 22:14:10 - [TEST_CASE][FAILED] - Test Cases/41.ChangeLanguage: Test Cases/41.ChangeLanguage FAILED.
Reason:
com.kms.katalon.core.exception.StepFailedException: Unable to click on object 'Object Repository/Page_Element/div_English (US)'
	at com.kms.katalon.core.webui.keyword.internal.WebUIKeywordMain.stepFailed(WebUIKeywordMain.groovy:64)
	at com.kms.katalon.core.webui.keyword.internal.WebUIKeywordMain.runKeyword(WebUIKeywordMain.groovy:26)
	at com.kms.katalon.core.webui.keyword.builtin.ClickKeyword.click(ClickKeyword.groovy:74)
	at com.kms.katalon.core.webui.keyword.builtin.ClickKeyword.execute(ClickKeyword.groovy:40)
	at com.kms.katalon.core.keyword.internal.KeywordExecutor.executeKeywordForPlatform(KeywordExecutor.groovy:74)
	at com.kms.katalon.core.webui.keyword.WebUiBuiltInKeywords.click(WebUiBuiltInKeywords.groovy:620)
	at com.kms.katalon.core.webui.keyword.WebUiBuiltInKeywords$click$1.call(Unknown Source)
	at 41.ChangeLanguage.run(41.ChangeLanguage:44)
	at com.kms.katalon.core.main.ScriptEngine.run(ScriptEngine.java:194)
	at com.kms.katalon.core.main.ScriptEngine.runScriptAsRawText(ScriptEngine.java:119)
	at com.kms.katalon.core.main.TestCaseExecutor.runScript(TestCaseExecutor.java:442)
	at com.kms.katalon.core.main.TestCaseExecutor.doExecute(TestCaseExecutor.java:433)
	at com.kms.katalon.core.main.TestCaseExecutor.processExecutionPhase(TestCaseExecutor.java:412)
	at com.kms.katalon.core.main.TestCaseExecutor.accessMainPhase(TestCaseExecutor.java:404)
	at com.kms.katalon.core.main.TestCaseExecutor.execute(TestCaseExecutor.java:281)
	at com.kms.katalon.core.main.TestSuiteExecutor.accessTestCaseMainPhase(TestSuiteExecutor.java:202)
	at com.kms.katalon.core.main.TestSuiteExecutor.accessTestSuiteMainPhase(TestSuiteExecutor.java:164)
	at com.kms.katalon.core.main.TestSuiteExecutor.execute(TestSuiteExecutor.java:105)
	at com.kms.katalon.core.main.TestCaseMain.startTestSuite(TestCaseMain.java:181)
	at com.kms.katalon.core.main.TestCaseMain$startTestSuite$0.call(Unknown Source)
	at TempTestSuite1642431380491.run(TempTestSuite1642431380491.groovy:36)
Caused by: com.kms.katalon.core.webui.exception.WebElementNotFoundException: Web element with id: 'Object Repository/Page_Element/div_English (US)' located by '//section[@id='matrixchat']/div/div/div[2]/div/div[2]/div' not found
	at com.kms.katalon.core.webui.common.WebUiCommonHelper.findWebElement(WebUiCommonHelper.java:1368)
	at com.kms.katalon.core.webui.keyword.internal.WebUIAbstractKeyword.findWebElement(WebUIAbstractKeyword.groovy:27)
	at com.kms.katalon.core.webui.keyword.builtin.ClickKeyword$_click_closure1.doCall(ClickKeyword.groovy:65)
	at com.kms.katalon.core.webui.keyword.builtin.ClickKeyword$_click_closure1.call(ClickKeyword.groovy)
	at com.kms.katalon.core.webui.keyword.internal.WebUIKeywordMain.runKeyword(WebUIKeywordMain.groovy:20)
	... 19 more


2022-01-17 22:14:10 - [TEST_STEP][PASSED] - openBrowser(""): Browser is opened with url: ''

2022-01-17 22:14:10 - [MESSAGE][INFO] - Starting 'Chrome' driver

2022-01-17 22:14:10 - [MESSAGE][INFO] - Action delay is set to 1,000 milliseconds

2022-01-17 22:14:11 - [MESSAGE][PASSED] - Browser is opened with url: ''

2022-01-17 22:14:11 - [TEST_STEP][PASSED] - navigateToUrl("http://localhost:8080/"): Navigate to 'http://localhost:8080/' successfully

2022-01-17 22:14:14 - [MESSAGE][PASSED] - Navigate to 'http://localhost:8080/' successfully

2022-01-17 22:14:14 - [TEST_STEP][PASSED] - click(findTestObject("Object Repository/Page_Element/div_Sign In")): Object: 'Object Repository/Page_Element/div_Sign In' is clicked on

2022-01-17 22:14:17 - [MESSAGE][PASSED] - Object: 'Object Repository/Page_Element/div_Sign In' is clicked on

2022-01-17 22:14:17 - [TEST_STEP][PASSED] - setText(findTestObject("Object Repository/Page_Element/input_Sign in with_username"), "ptnha19"): Text 'ptnha19' is set on object 'Object Repository/Page_Element/input_Sign in with_username'

2022-01-17 22:14:20 - [MESSAGE][PASSED] - Text 'ptnha19' is set on object 'Object Repository/Page_Element/input_Sign in with_username'

2022-01-17 22:14:20 - [TEST_STEP][PASSED] - setEncryptedText(findTestObject("Object Repository/Page_Element/input_Username_password"), "5R3Ima4A+eOeCrCDRGMLmJpaGR3V3+YI"): Text ****** has been set on object 'Object Repository/Page_Element/input_Username_password'

2022-01-17 22:14:22 - [MESSAGE][PASSED] - Text ****** has been set on object 'Object Repository/Page_Element/input_Username_password'

2022-01-17 22:14:22 - [TEST_STEP][PASSED] - click(findTestObject("Object Repository/Page_Element/input_Forgot password_mx_Login_submit")): Object: 'Object Repository/Page_Element/input_Forgot password_mx_Login_submit' is clicked on

2022-01-17 22:14:24 - [MESSAGE][PASSED] - Object: 'Object Repository/Page_Element/input_Forgot password_mx_Login_submit' is clicked on

2022-01-17 22:14:24 - [TEST_STEP][PASSED] - click(findTestObject("Object Repository/Page_Element/div_Verify with Security Key")): Object: 'Object Repository/Page_Element/div_Verify with Security Key' is clicked on

2022-01-17 22:14:30 - [MESSAGE][PASSED] - Object: 'Object Repository/Page_Element/div_Verify with Security Key' is clicked on

2022-01-17 22:14:30 - [TEST_STEP][PASSED] - setEncryptedText(findTestObject("Object Repository/Page_Element/input_Security Key_mx_Field_4"), "PF4jXtbe/5x5+S5PgN4Kl/QbANAkWZYKqKaG9gW6gn+Po31AOnak0DX8GoEzAUkskgpeON1UhfEqZG0XXngJPA=="): Text ****** has been set on object 'Object Repository/Page_Element/input_Security Key_mx_Field_4'

2022-01-17 22:14:34 - [MESSAGE][PASSED] - Text ****** has been set on object 'Object Repository/Page_Element/input_Security Key_mx_Field_4'

2022-01-17 22:14:34 - [TEST_STEP][PASSED] - click(findTestObject("Object Repository/Page_Element/button_Continue")): Object: 'Object Repository/Page_Element/button_Continue' is clicked on

2022-01-17 22:14:35 - [MESSAGE][PASSED] - Object: 'Object Repository/Page_Element/button_Continue' is clicked on

2022-01-17 22:14:35 - [TEST_STEP][PASSED] - click(findTestObject("Object Repository/Page_Element/div_Done")): Object: 'Object Repository/Page_Element/div_Done' is clicked on

2022-01-17 22:14:37 - [MESSAGE][PASSED] - Object: 'Object Repository/Page_Element/div_Done' is clicked on

2022-01-17 22:14:37 - [TEST_STEP][PASSED] - click(findTestObject("Object Repository/Page_Element/img_Review_mx_BaseAvatar_image")): Object: 'Object Repository/Page_Element/img_Review_mx_BaseAvatar_image' is clicked on

2022-01-17 22:14:38 - [MESSAGE][PASSED] - Object: 'Object Repository/Page_Element/img_Review_mx_BaseAvatar_image' is clicked on

2022-01-17 22:14:38 - [TEST_STEP][PASSED] - click(findTestObject("Object Repository/Page_Element/span_All settings")): Object: 'Object Repository/Page_Element/span_All settings' is clicked on

2022-01-17 22:14:39 - [MESSAGE][PASSED] - Object: 'Object Repository/Page_Element/span_All settings' is clicked on

2022-01-17 22:14:39 - [TEST_STEP][FAILED] - click(findTestObject("Object Repository/Page_Element/div_English (US)")): Unable to click on object 'Object Repository/Page_Element/div_English (US)' (Root cause: com.kms.katalon.core.exception.StepFailedException: Unable to click on object 'Object Repository/Page_Element/div_English (US)'
	at com.kms.katalon.core.webui.keyword.internal.WebUIKeywordMain.stepFailed(WebUIKeywordMain.groovy:64)
	at com.kms.katalon.core.webui.keyword.internal.WebUIKeywordMain.runKeyword(WebUIKeywordMain.groovy:26)
	at com.kms.katalon.core.webui.keyword.builtin.ClickKeyword.click(ClickKeyword.groovy:74)
	at com.kms.katalon.core.webui.keyword.builtin.ClickKeyword.execute(ClickKeyword.groovy:40)
	at com.kms.katalon.core.keyword.internal.KeywordExecutor.executeKeywordForPlatform(KeywordExecutor.groovy:74)
	at com.kms.katalon.core.webui.keyword.WebUiBuiltInKeywords.click(WebUiBuiltInKeywords.groovy:620)
	at com.kms.katalon.core.webui.keyword.WebUiBuiltInKeywords$click$1.call(Unknown Source)
	at 41.ChangeLanguage.run(41.ChangeLanguage:44)
	at com.kms.katalon.core.main.ScriptEngine.run(ScriptEngine.java:194)
	at com.kms.katalon.core.main.ScriptEngine.runScriptAsRawText(ScriptEngine.java:119)
	at com.kms.katalon.core.main.TestCaseExecutor.runScript(TestCaseExecutor.java:442)
	at com.kms.katalon.core.main.TestCaseExecutor.doExecute(TestCaseExecutor.java:433)
	at com.kms.katalon.core.main.TestCaseExecutor.processExecutionPhase(TestCaseExecutor.java:412)
	at com.kms.katalon.core.main.TestCaseExecutor.accessMainPhase(TestCaseExecutor.java:404)
	at com.kms.katalon.core.main.TestCaseExecutor.execute(TestCaseExecutor.java:281)
	at com.kms.katalon.core.main.TestSuiteExecutor.accessTestCaseMainPhase(TestSuiteExecutor.java:202)
	at com.kms.katalon.core.main.TestSuiteExecutor.accessTestSuiteMainPhase(TestSuiteExecutor.java:164)
	at com.kms.katalon.core.main.TestSuiteExecutor.execute(TestSuiteExecutor.java:105)
	at com.kms.katalon.core.main.TestCaseMain.startTestSuite(TestCaseMain.java:181)
	at com.kms.katalon.core.main.TestCaseMain$startTestSuite$0.call(Unknown Source)
	at TempTestSuite1642431380491.run(TempTestSuite1642431380491.groovy:36)
Caused by: com.kms.katalon.core.webui.exception.WebElementNotFoundException: Web element with id: 'Object Repository/Page_Element/div_English (US)' located by '//section[@id='matrixchat']/div/div/div[2]/div/div[2]/div' not found
	at com.kms.katalon.core.webui.common.WebUiCommonHelper.findWebElement(WebUiCommonHelper.java:1368)
	at com.kms.katalon.core.webui.keyword.internal.WebUIAbstractKeyword.findWebElement(WebUIAbstractKeyword.groovy:27)
	at com.kms.katalon.core.webui.keyword.builtin.ClickKeyword$_click_closure1.doCall(ClickKeyword.groovy:65)
	at com.kms.katalon.core.webui.keyword.builtin.ClickKeyword$_click_closure1.call(ClickKeyword.groovy)
	at com.kms.katalon.core.webui.keyword.internal.WebUIKeywordMain.runKeyword(WebUIKeywordMain.groovy:20)
	at com.kms.katalon.core.webui.keyword.builtin.ClickKeyword.click(ClickKeyword.groovy:74)
	at com.kms.katalon.core.webui.keyword.builtin.ClickKeyword.execute(ClickKeyword.groovy:40)
	at com.kms.katalon.core.keyword.internal.KeywordExecutor.executeKeywordForPlatform(KeywordExecutor.groovy:74)
	at com.kms.katalon.core.webui.keyword.WebUiBuiltInKeywords.click(WebUiBuiltInKeywords.groovy:620)
	at com.kms.katalon.core.webui.keyword.WebUiBuiltInKeywords$click$1.call(Unknown Source)
	at Script1642001610131.run(Script1642001610131.groovy:44)
	... 13 more
)

2022-01-17 22:15:10 - [MESSAGE][INFO] - Unable to find the element located by 'By.xpath: //section[@id='matrixchat']/div/div/div[2]/div/div[2]/div'. Please recheck the objects properties to make sure the desired element is located. 

2022-01-17 22:15:11 - [MESSAGE][FAILED] - Unable to click on object 'Object Repository/Page_Element/div_English (US)' (Root cause: com.kms.katalon.core.exception.StepFailedException: Unable to click on object 'Object Repository/Page_Element/div_English (US)'
	at com.kms.katalon.core.webui.keyword.internal.WebUIKeywordMain.stepFailed(WebUIKeywordMain.groovy:64)
	at com.kms.katalon.core.webui.keyword.internal.WebUIKeywordMain.runKeyword(WebUIKeywordMain.groovy:26)
	at com.kms.katalon.core.webui.keyword.builtin.ClickKeyword.click(ClickKeyword.groovy:74)
	at com.kms.katalon.core.webui.keyword.builtin.ClickKeyword.execute(ClickKeyword.groovy:40)
	at com.kms.katalon.core.keyword.internal.KeywordExecutor.executeKeywordForPlatform(KeywordExecutor.groovy:74)
	at com.kms.katalon.core.webui.keyword.WebUiBuiltInKeywords.click(WebUiBuiltInKeywords.groovy:620)
	at com.kms.katalon.core.webui.keyword.WebUiBuiltInKeywords$click$1.call(Unknown Source)
	at 41.ChangeLanguage.run(41.ChangeLanguage:44)
	at com.kms.katalon.core.main.ScriptEngine.run(ScriptEngine.java:194)
	at com.kms.katalon.core.main.ScriptEngine.runScriptAsRawText(ScriptEngine.java:119)
	at com.kms.katalon.core.main.TestCaseExecutor.runScript(TestCaseExecutor.java:442)
	at com.kms.katalon.core.main.TestCaseExecutor.doExecute(TestCaseExecutor.java:433)
	at com.kms.katalon.core.main.TestCaseExecutor.processExecutionPhase(TestCaseExecutor.java:412)
	at com.kms.katalon.core.main.TestCaseExecutor.accessMainPhase(TestCaseExecutor.java:404)
	at com.kms.katalon.core.main.TestCaseExecutor.execute(TestCaseExecutor.java:281)
	at com.kms.katalon.core.main.TestSuiteExecutor.accessTestCaseMainPhase(TestSuiteExecutor.java:202)
	at com.kms.katalon.core.main.TestSuiteExecutor.accessTestSuiteMainPhase(TestSuiteExecutor.java:164)
	at com.kms.katalon.core.main.TestSuiteExecutor.execute(TestSuiteExecutor.java:105)
	at com.kms.katalon.core.main.TestCaseMain.startTestSuite(TestCaseMain.java:181)
	at com.kms.katalon.core.main.TestCaseMain$startTestSuite$0.call(Unknown Source)
	at TempTestSuite1642431380491.run(TempTestSuite1642431380491.groovy:36)
Caused by: com.kms.katalon.core.webui.exception.WebElementNotFoundException: Web element with id: 'Object Repository/Page_Element/div_English (US)' located by '//section[@id='matrixchat']/div/div/div[2]/div/div[2]/div' not found
	at com.kms.katalon.core.webui.common.WebUiCommonHelper.findWebElement(WebUiCommonHelper.java:1368)
	at com.kms.katalon.core.webui.keyword.internal.WebUIAbstractKeyword.findWebElement(WebUIAbstractKeyword.groovy:27)
	at com.kms.katalon.core.webui.keyword.builtin.ClickKeyword$_click_closure1.doCall(ClickKeyword.groovy:65)
	at com.kms.katalon.core.webui.keyword.builtin.ClickKeyword$_click_closure1.call(ClickKeyword.groovy)
	at com.kms.katalon.core.webui.keyword.internal.WebUIKeywordMain.runKeyword(WebUIKeywordMain.groovy:20)
	at com.kms.katalon.core.webui.keyword.builtin.ClickKeyword.click(ClickKeyword.groovy:74)
	at com.kms.katalon.core.webui.keyword.builtin.ClickKeyword.execute(ClickKeyword.groovy:40)
	at com.kms.katalon.core.keyword.internal.KeywordExecutor.executeKeywordForPlatform(KeywordExecutor.groovy:74)
	at com.kms.katalon.core.webui.keyword.WebUiBuiltInKeywords.click(WebUiBuiltInKeywords.groovy:620)
	at com.kms.katalon.core.webui.keyword.WebUiBuiltInKeywords$click$1.call(Unknown Source)
	at Script1642001610131.run(Script1642001610131.groovy:44)
	... 13 more
)
[[ATTACHMENT|D:\\Bonus-SE\\Katalon_pj\\Bonus_SE\\Reports\\20220117_215620\\Run all test case\\20220117_215620\\1642432510981.png]]]]></system-out>
         <system-err><![CDATA[2022-01-17 22:14:10 - [TEST_CASE][FAILED] - Test Cases/41.ChangeLanguage: Test Cases/41.ChangeLanguage FAILED.
Reason:
com.kms.katalon.core.exception.StepFailedException: Unable to click on object 'Object Repository/Page_Element/div_English (US)'
	at com.kms.katalon.core.webui.keyword.internal.WebUIKeywordMain.stepFailed(WebUIKeywordMain.groovy:64)
	at com.kms.katalon.core.webui.keyword.internal.WebUIKeywordMain.runKeyword(WebUIKeywordMain.groovy:26)
	at com.kms.katalon.core.webui.keyword.builtin.ClickKeyword.click(ClickKeyword.groovy:74)
	at com.kms.katalon.core.webui.keyword.builtin.ClickKeyword.execute(ClickKeyword.groovy:40)
	at com.kms.katalon.core.keyword.internal.KeywordExecutor.executeKeywordForPlatform(KeywordExecutor.groovy:74)
	at com.kms.katalon.core.webui.keyword.WebUiBuiltInKeywords.click(WebUiBuiltInKeywords.groovy:620)
	at com.kms.katalon.core.webui.keyword.WebUiBuiltInKeywords$click$1.call(Unknown Source)
	at 41.ChangeLanguage.run(41.ChangeLanguage:44)
	at com.kms.katalon.core.main.ScriptEngine.run(ScriptEngine.java:194)
	at com.kms.katalon.core.main.ScriptEngine.runScriptAsRawText(ScriptEngine.java:119)
	at com.kms.katalon.core.main.TestCaseExecutor.runScript(TestCaseExecutor.java:442)
	at com.kms.katalon.core.main.TestCaseExecutor.doExecute(TestCaseExecutor.java:433)
	at com.kms.katalon.core.main.TestCaseExecutor.processExecutionPhase(TestCaseExecutor.java:412)
	at com.kms.katalon.core.main.TestCaseExecutor.accessMainPhase(TestCaseExecutor.java:404)
	at com.kms.katalon.core.main.TestCaseExecutor.execute(TestCaseExecutor.java:281)
	at com.kms.katalon.core.main.TestSuiteExecutor.accessTestCaseMainPhase(TestSuiteExecutor.java:202)
	at com.kms.katalon.core.main.TestSuiteExecutor.accessTestSuiteMainPhase(TestSuiteExecutor.java:164)
	at com.kms.katalon.core.main.TestSuiteExecutor.execute(TestSuiteExecutor.java:105)
	at com.kms.katalon.core.main.TestCaseMain.startTestSuite(TestCaseMain.java:181)
	at com.kms.katalon.core.main.TestCaseMain$startTestSuite$0.call(Unknown Source)
	at TempTestSuite1642431380491.run(TempTestSuite1642431380491.groovy:36)
Caused by: com.kms.katalon.core.webui.exception.WebElementNotFoundException: Web element with id: 'Object Repository/Page_Element/div_English (US)' located by '//section[@id='matrixchat']/div/div/div[2]/div/div[2]/div' not found
	at com.kms.katalon.core.webui.common.WebUiCommonHelper.findWebElement(WebUiCommonHelper.java:1368)
	at com.kms.katalon.core.webui.keyword.internal.WebUIAbstractKeyword.findWebElement(WebUIAbstractKeyword.groovy:27)
	at com.kms.katalon.core.webui.keyword.builtin.ClickKeyword$_click_closure1.doCall(ClickKeyword.groovy:65)
	at com.kms.katalon.core.webui.keyword.builtin.ClickKeyword$_click_closure1.call(ClickKeyword.groovy)
	at com.kms.katalon.core.webui.keyword.internal.WebUIKeywordMain.runKeyword(WebUIKeywordMain.groovy:20)
	... 19 more]]></system-err>
      </testcase>
      <testcase name="Test Cases/43.InvalidSecurityKey" time="24.885" classname="Test Cases/43.InvalidSecurityKey" status="PASSED">
         <system-out><![CDATA[2022-01-17 22:15:11 - [TEST_CASE][PASSED] - Test Cases/43.InvalidSecurityKey: Test Cases/43.InvalidSecurityKey

2022-01-17 22:15:11 - [TEST_STEP][PASSED] - openBrowser(""): Browser is opened with url: ''

2022-01-17 22:15:11 - [MESSAGE][WARNING] - A browser is already opened. Closing browser and opening a new one

2022-01-17 22:15:11 - [MESSAGE][INFO] - Starting 'Chrome' driver

2022-01-17 22:15:11 - [MESSAGE][INFO] - Action delay is set to 1,000 milliseconds

2022-01-17 22:15:13 - [MESSAGE][PASSED] - Browser is opened with url: ''

2022-01-17 22:15:13 - [TEST_STEP][PASSED] - navigateToUrl("http://localhost:8080/"): Navigate to 'http://localhost:8080/' successfully

2022-01-17 22:15:16 - [MESSAGE][PASSED] - Navigate to 'http://localhost:8080/' successfully

2022-01-17 22:15:16 - [TEST_STEP][PASSED] - click(findTestObject("Object Repository/Page_Element/div_Sign In")): Object: 'Object Repository/Page_Element/div_Sign In' is clicked on

2022-01-17 22:15:19 - [MESSAGE][PASSED] - Object: 'Object Repository/Page_Element/div_Sign In' is clicked on

2022-01-17 22:15:19 - [TEST_STEP][PASSED] - setText(findTestObject("Object Repository/Page_Element/input_Sign in with_username"), "ptnha19"): Text 'ptnha19' is set on object 'Object Repository/Page_Element/input_Sign in with_username'

2022-01-17 22:15:22 - [MESSAGE][PASSED] - Text 'ptnha19' is set on object 'Object Repository/Page_Element/input_Sign in with_username'

2022-01-17 22:15:22 - [TEST_STEP][PASSED] - setEncryptedText(findTestObject("Object Repository/Page_Element/input_Username_password"), "5R3Ima4A+eOeCrCDRGMLmJpaGR3V3+YI"): Text ****** has been set on object 'Object Repository/Page_Element/input_Username_password'

2022-01-17 22:15:24 - [MESSAGE][PASSED] - Text ****** has been set on object 'Object Repository/Page_Element/input_Username_password'

2022-01-17 22:15:24 - [TEST_STEP][PASSED] - click(findTestObject("Object Repository/Page_Element/input_Forgot password_mx_Login_submit")): Object: 'Object Repository/Page_Element/input_Forgot password_mx_Login_submit' is clicked on

2022-01-17 22:15:25 - [MESSAGE][PASSED] - Object: 'Object Repository/Page_Element/input_Forgot password_mx_Login_submit' is clicked on

2022-01-17 22:15:25 - [TEST_STEP][PASSED] - click(findTestObject("Object Repository/Page_Element/div_Verify with Security Key")): Object: 'Object Repository/Page_Element/div_Verify with Security Key' is clicked on

2022-01-17 22:15:31 - [MESSAGE][PASSED] - Object: 'Object Repository/Page_Element/div_Verify with Security Key' is clicked on

2022-01-17 22:15:31 - [TEST_STEP][PASSED] - setEncryptedText(findTestObject("Object Repository/Page_Element/input_Security Key_mx_Field_4"), "5R3Ima4A+eOeCrCDRGMLmJpaGR3V3+YI"): Text ****** has been set on object 'Object Repository/Page_Element/input_Security Key_mx_Field_4'

2022-01-17 22:15:34 - [MESSAGE][PASSED] - Text ****** has been set on object 'Object Repository/Page_Element/input_Security Key_mx_Field_4'

2022-01-17 22:15:34 - [TEST_STEP][PASSED] - click(findTestObject("Object Repository/Page_Element/div_Invalid Security Key")): Object: 'Object Repository/Page_Element/div_Invalid Security Key' is clicked on

2022-01-17 22:15:35 - [MESSAGE][PASSED] - Object: 'Object Repository/Page_Element/div_Invalid Security Key' is clicked on

2022-01-17 22:15:35 - [TEST_STEP][PASSED] - closeBrowser(): Browser is closed

2022-01-17 22:15:35 - [MESSAGE][PASSED] - Browser is closed]]></system-out>
         <system-err><![CDATA[]]></system-err>
      </testcase>
      <testcase name="Test Cases/44.SignOutThroughSetting" time="55.586" classname="Test Cases/44.SignOutThroughSetting" status="PASSED">
         <system-out><![CDATA[2022-01-17 22:15:35 - [TEST_CASE][PASSED] - Test Cases/44.SignOutThroughSetting: Test Cases/44.SignOutThroughSetting

2022-01-17 22:15:36 - [TEST_STEP][PASSED] - openBrowser(""): Browser is opened with url: ''

2022-01-17 22:15:36 - [MESSAGE][INFO] - Starting 'Chrome' driver

2022-01-17 22:15:36 - [MESSAGE][INFO] - Action delay is set to 1,000 milliseconds

2022-01-17 22:15:37 - [MESSAGE][PASSED] - Browser is opened with url: ''

2022-01-17 22:15:37 - [TEST_STEP][PASSED] - navigateToUrl("http://localhost:8080/"): Navigate to 'http://localhost:8080/' successfully

2022-01-17 22:15:39 - [MESSAGE][PASSED] - Navigate to 'http://localhost:8080/' successfully

2022-01-17 22:15:39 - [TEST_STEP][PASSED] - click(findTestObject("Object Repository/Page_Element/div_Sign In")): Object: 'Object Repository/Page_Element/div_Sign In' is clicked on

2022-01-17 22:15:43 - [MESSAGE][PASSED] - Object: 'Object Repository/Page_Element/div_Sign In' is clicked on

2022-01-17 22:15:43 - [TEST_STEP][PASSED] - setText(findTestObject("Object Repository/Page_Element/input_Sign in with_username"), "ptnha19"): Text 'ptnha19' is set on object 'Object Repository/Page_Element/input_Sign in with_username'

2022-01-17 22:15:47 - [MESSAGE][PASSED] - Text 'ptnha19' is set on object 'Object Repository/Page_Element/input_Sign in with_username'

2022-01-17 22:15:47 - [TEST_STEP][PASSED] - setEncryptedText(findTestObject("Object Repository/Page_Element/input_Username_password"), "5R3Ima4A+eOeCrCDRGMLmJpaGR3V3+YI"): Text ****** has been set on object 'Object Repository/Page_Element/input_Username_password'

2022-01-17 22:15:49 - [MESSAGE][PASSED] - Text ****** has been set on object 'Object Repository/Page_Element/input_Username_password'

2022-01-17 22:15:49 - [TEST_STEP][PASSED] - click(findTestObject("Object Repository/Page_Element/input_Forgot password_mx_Login_submit")): Object: 'Object Repository/Page_Element/input_Forgot password_mx_Login_submit' is clicked on

2022-01-17 22:15:50 - [MESSAGE][PASSED] - Object: 'Object Repository/Page_Element/input_Forgot password_mx_Login_submit' is clicked on

2022-01-17 22:15:50 - [TEST_STEP][PASSED] - click(findTestObject("Object Repository/Page_Element/div_Verify with Security Key")): Object: 'Object Repository/Page_Element/div_Verify with Security Key' is clicked on

2022-01-17 22:16:05 - [MESSAGE][PASSED] - Object: 'Object Repository/Page_Element/div_Verify with Security Key' is clicked on

2022-01-17 22:16:05 - [TEST_STEP][PASSED] - setEncryptedText(findTestObject("Object Repository/Page_Element/input_Security Key_mx_Field_4"), "PF4jXtbe/5x5+S5PgN4Kl/QbANAkWZYKqKaG9gW6gn+Po31AOnak0DX8GoEzAUkskgpeON1UhfEqZG0XXngJPA=="): Text ****** has been set on object 'Object Repository/Page_Element/input_Security Key_mx_Field_4'

2022-01-17 22:16:13 - [MESSAGE][PASSED] - Text ****** has been set on object 'Object Repository/Page_Element/input_Security Key_mx_Field_4'

2022-01-17 22:16:13 - [TEST_STEP][PASSED] - click(findTestObject("Object Repository/Page_Element/button_Continue")): Object: 'Object Repository/Page_Element/button_Continue' is clicked on

2022-01-17 22:16:14 - [MESSAGE][PASSED] - Object: 'Object Repository/Page_Element/button_Continue' is clicked on

2022-01-17 22:16:14 - [TEST_STEP][PASSED] - click(findTestObject("Object Repository/Page_Element/div_Done")): Object: 'Object Repository/Page_Element/div_Done' is clicked on

2022-01-17 22:16:16 - [MESSAGE][PASSED] - Object: 'Object Repository/Page_Element/div_Done' is clicked on

2022-01-17 22:16:16 - [TEST_STEP][PASSED] - click(findTestObject("Object Repository/Page_Element/img_Review_mx_BaseAvatar_image")): Object: 'Object Repository/Page_Element/img_Review_mx_BaseAvatar_image' is clicked on

2022-01-17 22:16:18 - [MESSAGE][PASSED] - Object: 'Object Repository/Page_Element/img_Review_mx_BaseAvatar_image' is clicked on

2022-01-17 22:16:18 - [TEST_STEP][PASSED] - click(findTestObject("Object Repository/Page_Element/span_All settings")): Object: 'Object Repository/Page_Element/span_All settings' is clicked on

2022-01-17 22:16:19 - [MESSAGE][PASSED] - Object: 'Object Repository/Page_Element/span_All settings' is clicked on

2022-01-17 22:16:19 - [TEST_STEP][PASSED] - click(findTestObject("Object Repository/Page_Element/span_Security  Privacy")): Object: 'Object Repository/Page_Element/span_Security  Privacy' is clicked on

2022-01-17 22:16:20 - [MESSAGE][PASSED] - Object: 'Object Repository/Page_Element/span_Security  Privacy' is clicked on

2022-01-17 22:16:20 - [TEST_STEP][PASSED] - click(findTestObject("Object Repository/Page_Element/div_Sign Out")): Object: 'Object Repository/Page_Element/div_Sign Out' is clicked on

2022-01-17 22:16:29 - [MESSAGE][PASSED] - Object: 'Object Repository/Page_Element/div_Sign Out' is clicked on

2022-01-17 22:16:29 - [TEST_STEP][PASSED] - click(findTestObject("Object Repository/Page_Element/button_Sign out")): Object: 'Object Repository/Page_Element/button_Sign out' is clicked on

2022-01-17 22:16:30 - [MESSAGE][PASSED] - Object: 'Object Repository/Page_Element/button_Sign out' is clicked on

2022-01-17 22:16:30 - [TEST_STEP][PASSED] - closeBrowser(): Browser is closed

2022-01-17 22:16:31 - [MESSAGE][PASSED] - Browser is closed]]></system-out>
         <system-err><![CDATA[]]></system-err>
      </testcase>
      <testcase name="Test Cases/45.ChangeLanguageInSigninPage" time="44.435" classname="Test Cases/45.ChangeLanguageInSigninPage" status="PASSED">
         <system-out><![CDATA[2022-01-17 22:16:31 - [TEST_CASE][PASSED] - Test Cases/45.ChangeLanguageInSigninPage: Test Cases/45.ChangeLanguageInSigninPage

2022-01-17 22:16:31 - [TEST_STEP][PASSED] - openBrowser(""): Browser is opened with url: ''

2022-01-17 22:16:31 - [MESSAGE][INFO] - Starting 'Chrome' driver

2022-01-17 22:16:31 - [MESSAGE][INFO] - Action delay is set to 1,000 milliseconds

2022-01-17 22:16:32 - [MESSAGE][PASSED] - Browser is opened with url: ''

2022-01-17 22:16:32 - [TEST_STEP][PASSED] - navigateToUrl("http://localhost:8080/"): Navigate to 'http://localhost:8080/' successfully

2022-01-17 22:16:36 - [MESSAGE][PASSED] - Navigate to 'http://localhost:8080/' successfully

2022-01-17 22:16:36 - [TEST_STEP][PASSED] - click(findTestObject("Object Repository/Page_Element/div_Sign In")): Object: 'Object Repository/Page_Element/div_Sign In' is clicked on

2022-01-17 22:16:39 - [MESSAGE][PASSED] - Object: 'Object Repository/Page_Element/div_Sign In' is clicked on

2022-01-17 22:16:39 - [TEST_STEP][PASSED] - click(findTestObject("Object Repository/Page_Element/div_English (US)")): Object: 'Object Repository/Page_Element/div_English (US)' is clicked on

2022-01-17 22:16:40 - [MESSAGE][PASSED] - Object: 'Object Repository/Page_Element/div_English (US)' is clicked on

2022-01-17 22:16:40 - [TEST_STEP][PASSED] - setText(findTestObject("Object Repository/Page_Element/input_Catal_mx_LanguageDropdown_input"), "Ti"): Text 'Ti' is set on object 'Object Repository/Page_Element/input_Catal_mx_LanguageDropdown_input'

2022-01-17 22:16:42 - [MESSAGE][PASSED] - Text 'Ti' is set on object 'Object Repository/Page_Element/input_Catal_mx_LanguageDropdown_input'

2022-01-17 22:16:42 - [TEST_STEP][PASSED] - click(findTestObject("Object Repository/Page_Element/div_Ting Vit")): Object: 'Object Repository/Page_Element/div_Ting Vit' is clicked on

2022-01-17 22:16:45 - [MESSAGE][PASSED] - Object: 'Object Repository/Page_Element/div_Ting Vit' is clicked on

2022-01-17 22:16:45 - [TEST_STEP][PASSED] - setText(findTestObject("Object Repository/Page_Element/input_ng nhp vi_username"), "ptnha19"): Text 'ptnha19' is set on object 'Object Repository/Page_Element/input_ng nhp vi_username'

2022-01-17 22:16:49 - [MESSAGE][PASSED] - Text 'ptnha19' is set on object 'Object Repository/Page_Element/input_ng nhp vi_username'

2022-01-17 22:16:49 - [TEST_STEP][PASSED] - setEncryptedText(findTestObject("Object Repository/Page_Element/input_Tn ti khon_password"), "5R3Ima4A+eOeCrCDRGMLmJpaGR3V3+YI"): Text ****** has been set on object 'Object Repository/Page_Element/input_Tn ti khon_password'

2022-01-17 22:16:51 - [MESSAGE][PASSED] - Text ****** has been set on object 'Object Repository/Page_Element/input_Tn ti khon_password'

2022-01-17 22:16:51 - [TEST_STEP][PASSED] - click(findTestObject("Object Repository/Page_Element/input_Qun mt khu_mx_Login_submit")): Object: 'Object Repository/Page_Element/input_Qun mt khu_mx_Login_submit' is clicked on

2022-01-17 22:16:53 - [MESSAGE][PASSED] - Object: 'Object Repository/Page_Element/input_Qun mt khu_mx_Login_submit' is clicked on

2022-01-17 22:16:53 - [TEST_STEP][PASSED] - click(findTestObject("Object Repository/Page_Element/div_Xc minh bng Kha Bo mt")): Object: 'Object Repository/Page_Element/div_Xc minh bng Kha Bo mt' is clicked on

2022-01-17 22:17:07 - [MESSAGE][PASSED] - Object: 'Object Repository/Page_Element/div_Xc minh bng Kha Bo mt' is clicked on

2022-01-17 22:17:07 - [TEST_STEP][PASSED] - setEncryptedText(findTestObject("Object Repository/Page_Element/input_Cha kha bo mt_mx_Field_4"), "PF4jXtbe/5x5+S5PgN4Kl/QbANAkWZYKqKaG9gW6gn+Po31AOnak0DX8GoEzAUkskgpeON1UhfEqZG0XXngJPA=="): Text ****** has been set on object 'Object Repository/Page_Element/input_Cha kha bo mt_mx_Field_4'

2022-01-17 22:17:10 - [MESSAGE][PASSED] - Text ****** has been set on object 'Object Repository/Page_Element/input_Cha kha bo mt_mx_Field_4'

2022-01-17 22:17:10 - [TEST_STEP][PASSED] - click(findTestObject("Object Repository/Page_Element/button_Tip tc")): Object: 'Object Repository/Page_Element/button_Tip tc' is clicked on

2022-01-17 22:17:12 - [MESSAGE][PASSED] - Object: 'Object Repository/Page_Element/button_Tip tc' is clicked on

2022-01-17 22:17:12 - [TEST_STEP][PASSED] - click(findTestObject("Object Repository/Page_Element/div_Xong")): Object: 'Object Repository/Page_Element/div_Xong' is clicked on

2022-01-17 22:17:14 - [MESSAGE][PASSED] - Object: 'Object Repository/Page_Element/div_Xong' is clicked on

2022-01-17 22:17:14 - [TEST_STEP][PASSED] - click(findTestObject("Object Repository/Page_Element/img_Kim tra li_mx_BaseAvatar_image")): Object: 'Object Repository/Page_Element/img_Kim tra li_mx_BaseAvatar_image' is clicked on

2022-01-17 22:17:15 - [MESSAGE][PASSED] - Object: 'Object Repository/Page_Element/img_Kim tra li_mx_BaseAvatar_image' is clicked on

2022-01-17 22:17:15 - [TEST_STEP][PASSED] - closeBrowser(): Browser is closed

2022-01-17 22:17:16 - [MESSAGE][PASSED] - Browser is closed]]></system-out>
         <system-err><![CDATA[]]></system-err>
      </testcase>
      <testcase name="Test Cases/51.ChangeRoomName" time="50.771" classname="Test Cases/51.ChangeRoomName" status="PASSED">
         <system-out><![CDATA[2022-01-17 22:17:16 - [TEST_CASE][PASSED] - Test Cases/51.ChangeRoomName: Test Cases/51.ChangeRoomName

2022-01-17 22:17:16 - [TEST_STEP][PASSED] - openBrowser(""): Browser is opened with url: ''

2022-01-17 22:17:16 - [MESSAGE][INFO] - Starting 'Chrome' driver

2022-01-17 22:17:16 - [MESSAGE][INFO] - Action delay is set to 1,000 milliseconds

2022-01-17 22:17:17 - [MESSAGE][PASSED] - Browser is opened with url: ''

2022-01-17 22:17:17 - [TEST_STEP][PASSED] - navigateToUrl("http://localhost:8080/"): Navigate to 'http://localhost:8080/' successfully

2022-01-17 22:17:19 - [MESSAGE][PASSED] - Navigate to 'http://localhost:8080/' successfully

2022-01-17 22:17:19 - [TEST_STEP][PASSED] - click(findTestObject("Object Repository/Page_Element/div_Sign In")): Object: 'Object Repository/Page_Element/div_Sign In' is clicked on

2022-01-17 22:17:25 - [MESSAGE][PASSED] - Object: 'Object Repository/Page_Element/div_Sign In' is clicked on

2022-01-17 22:17:25 - [TEST_STEP][PASSED] - setText(findTestObject("Object Repository/Page_Element/input_Sign in with_username"), "ptnha19"): Text 'ptnha19' is set on object 'Object Repository/Page_Element/input_Sign in with_username'

2022-01-17 22:17:29 - [MESSAGE][PASSED] - Text 'ptnha19' is set on object 'Object Repository/Page_Element/input_Sign in with_username'

2022-01-17 22:17:29 - [TEST_STEP][PASSED] - setEncryptedText(findTestObject("Object Repository/Page_Element/input_Username_password"), "5R3Ima4A+eOeCrCDRGMLmJpaGR3V3+YI"): Text ****** has been set on object 'Object Repository/Page_Element/input_Username_password'

2022-01-17 22:17:32 - [MESSAGE][PASSED] - Text ****** has been set on object 'Object Repository/Page_Element/input_Username_password'

2022-01-17 22:17:32 - [TEST_STEP][PASSED] - click(findTestObject("Object Repository/Page_Element/input_Forgot password_mx_Login_submit")): Object: 'Object Repository/Page_Element/input_Forgot password_mx_Login_submit' is clicked on

2022-01-17 22:17:33 - [MESSAGE][PASSED] - Object: 'Object Repository/Page_Element/input_Forgot password_mx_Login_submit' is clicked on

2022-01-17 22:17:33 - [TEST_STEP][PASSED] - click(findTestObject("Object Repository/Page_Element/div_Verify with Security Key")): Object: 'Object Repository/Page_Element/div_Verify with Security Key' is clicked on

2022-01-17 22:17:45 - [MESSAGE][PASSED] - Object: 'Object Repository/Page_Element/div_Verify with Security Key' is clicked on

2022-01-17 22:17:45 - [TEST_STEP][PASSED] - setEncryptedText(findTestObject("Object Repository/Page_Element/input_Security Key_mx_Field_4"), "PF4jXtbe/5x5+S5PgN4Kl/QbANAkWZYKqKaG9gW6gn+Po31AOnak0DX8GoEzAUkskgpeON1UhfEqZG0XXngJPA=="): Text ****** has been set on object 'Object Repository/Page_Element/input_Security Key_mx_Field_4'

2022-01-17 22:17:49 - [MESSAGE][PASSED] - Text ****** has been set on object 'Object Repository/Page_Element/input_Security Key_mx_Field_4'

2022-01-17 22:17:49 - [TEST_STEP][PASSED] - click(findTestObject("Object Repository/Page_Element/button_Continue")): Object: 'Object Repository/Page_Element/button_Continue' is clicked on

2022-01-17 22:17:50 - [MESSAGE][PASSED] - Object: 'Object Repository/Page_Element/button_Continue' is clicked on

2022-01-17 22:17:50 - [TEST_STEP][PASSED] - click(findTestObject("Object Repository/Page_Element/div_Done")): Object: 'Object Repository/Page_Element/div_Done' is clicked on

2022-01-17 22:17:52 - [MESSAGE][PASSED] - Object: 'Object Repository/Page_Element/div_Done' is clicked on

2022-01-17 22:17:52 - [TEST_STEP][PASSED] - click(findTestObject("Object Repository/Page_Element/div_Tr Cao Thin")): Object: 'Object Repository/Page_Element/div_Tr Cao Thin' is clicked on

2022-01-17 22:17:53 - [MESSAGE][PASSED] - Object: 'Object Repository/Page_Element/div_Tr Cao Thin' is clicked on

2022-01-17 22:17:53 - [TEST_STEP][PASSED] - click(findTestObject("Object Repository/Page_Element  Tr Cao Thin/div_Tr Cao Thin_mx_AccessibleButton mx_Righ_04f030")): Object: 'Object Repository/Page_Element  Tr Cao Thin/div_Tr Cao Thin_mx_AccessibleButton mx_Righ_04f030' is clicked on

2022-01-17 22:17:55 - [MESSAGE][PASSED] - Object: 'Object Repository/Page_Element  Tr Cao Thin/div_Tr Cao Thin_mx_AccessibleButton mx_Righ_04f030' is clicked on

2022-01-17 22:17:55 - [TEST_STEP][PASSED] - click(findTestObject("Object Repository/Page_Element  Tr Cao Thin/div_Room settings")): Object: 'Object Repository/Page_Element  Tr Cao Thin/div_Room settings' is clicked on

2022-01-17 22:17:56 - [MESSAGE][PASSED] - Object: 'Object Repository/Page_Element  Tr Cao Thin/div_Room settings' is clicked on

2022-01-17 22:17:56 - [TEST_STEP][PASSED] - click(findTestObject("Object Repository/Page_Element  Tr Cao Thin/input_General_mx_Field_5")): Object: 'Object Repository/Page_Element  Tr Cao Thin/input_General_mx_Field_5' is clicked on

2022-01-17 22:17:57 - [MESSAGE][PASSED] - Object: 'Object Repository/Page_Element  Tr Cao Thin/input_General_mx_Field_5' is clicked on

2022-01-17 22:17:57 - [TEST_STEP][PASSED] - setText(findTestObject("Object Repository/Page_Element  Tr Cao Thin/input_General_mx_Field_5"), "ABC"): Text 'ABC' is set on object 'Object Repository/Page_Element  Tr Cao Thin/input_General_mx_Field_5'

2022-01-17 22:18:00 - [MESSAGE][PASSED] - Text 'ABC' is set on object 'Object Repository/Page_Element  Tr Cao Thin/input_General_mx_Field_5'

2022-01-17 22:18:00 - [TEST_STEP][PASSED] - click(findTestObject("Object Repository/Page_Element  Tr Cao Thin/div_Save")): Object: 'Object Repository/Page_Element  Tr Cao Thin/div_Save' is clicked on

2022-01-17 22:18:01 - [MESSAGE][PASSED] - Object: 'Object Repository/Page_Element  Tr Cao Thin/div_Save' is clicked on

2022-01-17 22:18:01 - [TEST_STEP][PASSED] - click(findTestObject("Object Repository/Page_Element  Tr Cao Thin/div_GeneralSecurity  PrivacyRoles  Permissi_f2bebd")): Object: 'Object Repository/Page_Element  Tr Cao Thin/div_GeneralSecurity  PrivacyRoles  Permissi_f2bebd' is clicked on

2022-01-17 22:18:02 - [MESSAGE][PASSED] - Object: 'Object Repository/Page_Element  Tr Cao Thin/div_GeneralSecurity  PrivacyRoles  Permissi_f2bebd' is clicked on

2022-01-17 22:18:02 - [TEST_STEP][PASSED] - setText(findTestObject("Object Repository/Page_Element  Tr Cao Thin/input_General_mx_Field_5"), ""): Text '' is set on object 'Object Repository/Page_Element  Tr Cao Thin/input_General_mx_Field_5'

2022-01-17 22:18:05 - [MESSAGE][PASSED] - Text '' is set on object 'Object Repository/Page_Element  Tr Cao Thin/input_General_mx_Field_5'

2022-01-17 22:18:05 - [TEST_STEP][PASSED] - click(findTestObject("Object Repository/Page_Element  Tr Cao Thin/div_Save")): Object: 'Object Repository/Page_Element  Tr Cao Thin/div_Save' is clicked on

2022-01-17 22:18:06 - [MESSAGE][PASSED] - Object: 'Object Repository/Page_Element  Tr Cao Thin/div_Save' is clicked on

2022-01-17 22:18:06 - [TEST_STEP][PASSED] - closeBrowser(): Browser is closed

2022-01-17 22:18:06 - [MESSAGE][PASSED] - Browser is closed]]></system-out>
         <system-err><![CDATA[]]></system-err>
      </testcase>
      <testcase name="Test Cases/54.ShareLinkToUser" time="36.999" classname="Test Cases/54.ShareLinkToUser" status="PASSED">
         <system-out><![CDATA[2022-01-17 22:18:06 - [TEST_CASE][PASSED] - Test Cases/54.ShareLinkToUser: Test Cases/54.ShareLinkToUser

2022-01-17 22:18:06 - [TEST_STEP][PASSED] - openBrowser(""): Browser is opened with url: ''

2022-01-17 22:18:06 - [MESSAGE][INFO] - Starting 'Chrome' driver

2022-01-17 22:18:06 - [MESSAGE][INFO] - Action delay is set to 1,000 milliseconds

2022-01-17 22:18:08 - [MESSAGE][PASSED] - Browser is opened with url: ''

2022-01-17 22:18:08 - [TEST_STEP][PASSED] - navigateToUrl("http://localhost:8080/"): Navigate to 'http://localhost:8080/' successfully

2022-01-17 22:18:10 - [MESSAGE][PASSED] - Navigate to 'http://localhost:8080/' successfully

2022-01-17 22:18:10 - [TEST_STEP][PASSED] - click(findTestObject("Object Repository/Page_Element/div_Sign In")): Object: 'Object Repository/Page_Element/div_Sign In' is clicked on

2022-01-17 22:18:14 - [MESSAGE][PASSED] - Object: 'Object Repository/Page_Element/div_Sign In' is clicked on

2022-01-17 22:18:14 - [TEST_STEP][PASSED] - setText(findTestObject("Object Repository/Page_Element/input_Sign in with_username"), "ptnha19"): Text 'ptnha19' is set on object 'Object Repository/Page_Element/input_Sign in with_username'

2022-01-17 22:18:17 - [MESSAGE][PASSED] - Text 'ptnha19' is set on object 'Object Repository/Page_Element/input_Sign in with_username'

2022-01-17 22:18:17 - [TEST_STEP][PASSED] - setEncryptedText(findTestObject("Object Repository/Page_Element/input_Username_password"), "5R3Ima4A+eOeCrCDRGMLmJpaGR3V3+YI"): Text ****** has been set on object 'Object Repository/Page_Element/input_Username_password'

2022-01-17 22:18:19 - [MESSAGE][PASSED] - Text ****** has been set on object 'Object Repository/Page_Element/input_Username_password'

2022-01-17 22:18:19 - [TEST_STEP][PASSED] - click(findTestObject("Object Repository/Page_Element/input_Forgot password_mx_Login_submit")): Object: 'Object Repository/Page_Element/input_Forgot password_mx_Login_submit' is clicked on

2022-01-17 22:18:20 - [MESSAGE][PASSED] - Object: 'Object Repository/Page_Element/input_Forgot password_mx_Login_submit' is clicked on

2022-01-17 22:18:20 - [TEST_STEP][PASSED] - click(findTestObject("Object Repository/Page_Element/div_Verify with Security Key")): Object: 'Object Repository/Page_Element/div_Verify with Security Key' is clicked on

2022-01-17 22:18:27 - [MESSAGE][PASSED] - Object: 'Object Repository/Page_Element/div_Verify with Security Key' is clicked on

2022-01-17 22:18:27 - [TEST_STEP][PASSED] - setEncryptedText(findTestObject("Object Repository/Page_Element/input_Security Key_mx_Field_4"), "PF4jXtbe/5x5+S5PgN4Kl/QbANAkWZYKqKaG9gW6gn+Po31AOnak0DX8GoEzAUkskgpeON1UhfEqZG0XXngJPA=="): Text ****** has been set on object 'Object Repository/Page_Element/input_Security Key_mx_Field_4'

2022-01-17 22:18:30 - [MESSAGE][PASSED] - Text ****** has been set on object 'Object Repository/Page_Element/input_Security Key_mx_Field_4'

2022-01-17 22:18:30 - [TEST_STEP][PASSED] - click(findTestObject("Object Repository/Page_Element/button_Continue")): Object: 'Object Repository/Page_Element/button_Continue' is clicked on

2022-01-17 22:18:31 - [MESSAGE][PASSED] - Object: 'Object Repository/Page_Element/button_Continue' is clicked on

2022-01-17 22:18:31 - [TEST_STEP][PASSED] - click(findTestObject("Object Repository/Page_Element/div_Done")): Object: 'Object Repository/Page_Element/div_Done' is clicked on

2022-01-17 22:18:33 - [MESSAGE][PASSED] - Object: 'Object Repository/Page_Element/div_Done' is clicked on

2022-01-17 22:18:33 - [TEST_STEP][PASSED] - click(findTestObject("Object Repository/Page_Element/div_Tr Cao Thin")): Object: 'Object Repository/Page_Element/div_Tr Cao Thin' is clicked on

2022-01-17 22:18:34 - [MESSAGE][PASSED] - Object: 'Object Repository/Page_Element/div_Tr Cao Thin' is clicked on

2022-01-17 22:18:34 - [TEST_STEP][PASSED] - click(findTestObject("Object Repository/Page_Element  Tr Cao Thin/div_Tr Cao Thin_mx_AccessibleButton mx_Righ_04f030")): Object: 'Object Repository/Page_Element  Tr Cao Thin/div_Tr Cao Thin_mx_AccessibleButton mx_Righ_04f030' is clicked on

2022-01-17 22:18:36 - [MESSAGE][PASSED] - Object: 'Object Repository/Page_Element  Tr Cao Thin/div_Tr Cao Thin_mx_AccessibleButton mx_Righ_04f030' is clicked on

2022-01-17 22:18:36 - [TEST_STEP][PASSED] - click(findTestObject("Object Repository/Page_Element  Tr Cao Thin/div_People2")): Object: 'Object Repository/Page_Element  Tr Cao Thin/div_People2' is clicked on

2022-01-17 22:18:38 - [MESSAGE][PASSED] - Object: 'Object Repository/Page_Element  Tr Cao Thin/div_People2' is clicked on

2022-01-17 22:18:38 - [TEST_STEP][PASSED] - click(findTestObject("Object Repository/Page_Element  Tr Cao Thin/div_ptnha19")): Object: 'Object Repository/Page_Element  Tr Cao Thin/div_ptnha19' is clicked on

2022-01-17 22:18:40 - [MESSAGE][PASSED] - Object: 'Object Repository/Page_Element  Tr Cao Thin/div_ptnha19' is clicked on

2022-01-17 22:18:40 - [TEST_STEP][PASSED] - click(findTestObject("Object Repository/Page_Element  Tr Cao Thin/div_Share Link to User")): Object: 'Object Repository/Page_Element  Tr Cao Thin/div_Share Link to User' is clicked on

2022-01-17 22:18:41 - [MESSAGE][PASSED] - Object: 'Object Repository/Page_Element  Tr Cao Thin/div_Share Link to User' is clicked on

2022-01-17 22:18:41 - [TEST_STEP][PASSED] - click(findTestObject("Object Repository/Page_Element  Tr Cao Thin/div_httpsmatrix.toptnha19matrix.org_mx_Acce_452c44")): Object: 'Object Repository/Page_Element  Tr Cao Thin/div_httpsmatrix.toptnha19matrix.org_mx_Acce_452c44' is clicked on

2022-01-17 22:18:43 - [MESSAGE][PASSED] - Object: 'Object Repository/Page_Element  Tr Cao Thin/div_httpsmatrix.toptnha19matrix.org_mx_Acce_452c44' is clicked on

2022-01-17 22:18:43 - [TEST_STEP][PASSED] - closeBrowser(): Browser is closed

2022-01-17 22:18:43 - [MESSAGE][PASSED] - Browser is closed]]></system-out>
         <system-err><![CDATA[]]></system-err>
      </testcase>
      <testcase name="Test Cases/55.ShareLink" time="38.902" classname="Test Cases/55.ShareLink" status="PASSED">
         <system-out><![CDATA[2022-01-17 22:18:43 - [TEST_CASE][PASSED] - Test Cases/55.ShareLink: Test Cases/55.ShareLink

2022-01-17 22:18:43 - [TEST_STEP][PASSED] - openBrowser(""): Browser is opened with url: ''

2022-01-17 22:18:43 - [MESSAGE][INFO] - Starting 'Chrome' driver

2022-01-17 22:18:43 - [MESSAGE][INFO] - Action delay is set to 1,000 milliseconds

2022-01-17 22:18:45 - [MESSAGE][PASSED] - Browser is opened with url: ''

2022-01-17 22:18:45 - [TEST_STEP][PASSED] - navigateToUrl("http://localhost:8080/"): Navigate to 'http://localhost:8080/' successfully

2022-01-17 22:18:47 - [MESSAGE][PASSED] - Navigate to 'http://localhost:8080/' successfully

2022-01-17 22:18:47 - [TEST_STEP][PASSED] - click(findTestObject("Object Repository/Page_Element/div_Sign In")): Object: 'Object Repository/Page_Element/div_Sign In' is clicked on

2022-01-17 22:18:51 - [MESSAGE][PASSED] - Object: 'Object Repository/Page_Element/div_Sign In' is clicked on

2022-01-17 22:18:51 - [TEST_STEP][PASSED] - setText(findTestObject("Object Repository/Page_Element/input_Sign in with_username"), "ptnha19"): Text 'ptnha19' is set on object 'Object Repository/Page_Element/input_Sign in with_username'

2022-01-17 22:18:54 - [MESSAGE][PASSED] - Text 'ptnha19' is set on object 'Object Repository/Page_Element/input_Sign in with_username'

2022-01-17 22:18:54 - [TEST_STEP][PASSED] - setEncryptedText(findTestObject("Object Repository/Page_Element/input_Username_password"), "5R3Ima4A+eOeCrCDRGMLmJpaGR3V3+YI"): Text ****** has been set on object 'Object Repository/Page_Element/input_Username_password'

2022-01-17 22:18:56 - [MESSAGE][PASSED] - Text ****** has been set on object 'Object Repository/Page_Element/input_Username_password'

2022-01-17 22:18:56 - [TEST_STEP][PASSED] - click(findTestObject("Object Repository/Page_Element/input_Forgot password_mx_Login_submit")): Object: 'Object Repository/Page_Element/input_Forgot password_mx_Login_submit' is clicked on

2022-01-17 22:18:57 - [MESSAGE][PASSED] - Object: 'Object Repository/Page_Element/input_Forgot password_mx_Login_submit' is clicked on

2022-01-17 22:18:57 - [TEST_STEP][PASSED] - click(findTestObject("Object Repository/Page_Element/div_Verify with Security Key")): Object: 'Object Repository/Page_Element/div_Verify with Security Key' is clicked on

2022-01-17 22:19:03 - [MESSAGE][PASSED] - Object: 'Object Repository/Page_Element/div_Verify with Security Key' is clicked on

2022-01-17 22:19:03 - [TEST_STEP][PASSED] - setEncryptedText(findTestObject("Object Repository/Page_Element/input_Security Key_mx_Field_4"), "PF4jXtbe/5x5+S5PgN4Kl/QbANAkWZYKqKaG9gW6gn+Po31AOnak0DX8GoEzAUkskgpeON1UhfEqZG0XXngJPA=="): Text ****** has been set on object 'Object Repository/Page_Element/input_Security Key_mx_Field_4'

2022-01-17 22:19:08 - [MESSAGE][PASSED] - Text ****** has been set on object 'Object Repository/Page_Element/input_Security Key_mx_Field_4'

2022-01-17 22:19:08 - [TEST_STEP][PASSED] - click(findTestObject("Object Repository/Page_Element/button_Continue")): Object: 'Object Repository/Page_Element/button_Continue' is clicked on

2022-01-17 22:19:09 - [MESSAGE][PASSED] - Object: 'Object Repository/Page_Element/button_Continue' is clicked on

2022-01-17 22:19:09 - [TEST_STEP][PASSED] - click(findTestObject("Object Repository/Page_Element/div_Done")): Object: 'Object Repository/Page_Element/div_Done' is clicked on

2022-01-17 22:19:12 - [MESSAGE][PASSED] - Object: 'Object Repository/Page_Element/div_Done' is clicked on

2022-01-17 22:19:12 - [TEST_STEP][PASSED] - click(findTestObject("Object Repository/Page_Element/div_Tr Cao Thin")): Object: 'Object Repository/Page_Element/div_Tr Cao Thin' is clicked on

2022-01-17 22:19:13 - [MESSAGE][PASSED] - Object: 'Object Repository/Page_Element/div_Tr Cao Thin' is clicked on

2022-01-17 22:19:13 - [TEST_STEP][PASSED] - click(findTestObject("Object Repository/Page_Element  Tr Cao Thin/div_Tr Cao Thin_mx_AccessibleButton mx_Righ_04f030")): Object: 'Object Repository/Page_Element  Tr Cao Thin/div_Tr Cao Thin_mx_AccessibleButton mx_Righ_04f030' is clicked on

2022-01-17 22:19:15 - [MESSAGE][PASSED] - Object: 'Object Repository/Page_Element  Tr Cao Thin/div_Tr Cao Thin_mx_AccessibleButton mx_Righ_04f030' is clicked on

2022-01-17 22:19:15 - [TEST_STEP][PASSED] - click(findTestObject("Object Repository/Page_Element  Tr Cao Thin/div_Share room")): Object: 'Object Repository/Page_Element  Tr Cao Thin/div_Share room' is clicked on

2022-01-17 22:19:17 - [MESSAGE][PASSED] - Object: 'Object Repository/Page_Element  Tr Cao Thin/div_Share room' is clicked on

2022-01-17 22:19:17 - [TEST_STEP][PASSED] - click(findTestObject("Object Repository/Page_Element  Tr Cao Thin/div_httpsmatrix.toFfCpvSioZvOdNBsrLematrix._1ba303")): Object: 'Object Repository/Page_Element  Tr Cao Thin/div_httpsmatrix.toFfCpvSioZvOdNBsrLematrix._1ba303' is clicked on

2022-01-17 22:19:19 - [MESSAGE][PASSED] - Object: 'Object Repository/Page_Element  Tr Cao Thin/div_httpsmatrix.toFfCpvSioZvOdNBsrLematrix._1ba303' is clicked on

2022-01-17 22:19:19 - [TEST_STEP][PASSED] - click(findTestObject("Object Repository/Page_Element  Tr Cao Thin/div_Share Room_mx_AccessibleButton mx_Dialo_364380")): Object: 'Object Repository/Page_Element  Tr Cao Thin/div_Share Room_mx_AccessibleButton mx_Dialo_364380' is clicked on

2022-01-17 22:19:20 - [MESSAGE][PASSED] - Object: 'Object Repository/Page_Element  Tr Cao Thin/div_Share Room_mx_AccessibleButton mx_Dialo_364380' is clicked on

2022-01-17 22:19:20 - [TEST_STEP][PASSED] - click(findTestObject("Object Repository/Page_Element  Tr Cao Thin/div_Tr Cao Thin")): Object: 'Object Repository/Page_Element  Tr Cao Thin/div_Tr Cao Thin' is clicked on

2022-01-17 22:19:22 - [MESSAGE][PASSED] - Object: 'Object Repository/Page_Element  Tr Cao Thin/div_Tr Cao Thin' is clicked on

2022-01-17 22:19:22 - [TEST_STEP][PASSED] - closeBrowser(): Browser is closed

2022-01-17 22:19:22 - [MESSAGE][PASSED] - Browser is closed]]></system-out>
         <system-err><![CDATA[]]></system-err>
      </testcase>
      <testcase name="Test Cases/56.SeeFileInRoom" time="52.893" classname="Test Cases/56.SeeFileInRoom" status="PASSED">
         <system-out><![CDATA[2022-01-17 22:19:22 - [TEST_CASE][PASSED] - Test Cases/56.SeeFileInRoom: Test Cases/56.SeeFileInRoom

2022-01-17 22:19:22 - [TEST_STEP][PASSED] - openBrowser(""): Browser is opened with url: ''

2022-01-17 22:19:22 - [MESSAGE][INFO] - Starting 'Chrome' driver

2022-01-17 22:19:22 - [MESSAGE][INFO] - Action delay is set to 1,000 milliseconds

2022-01-17 22:19:24 - [MESSAGE][PASSED] - Browser is opened with url: ''

2022-01-17 22:19:24 - [TEST_STEP][PASSED] - navigateToUrl("http://localhost:8080/"): Navigate to 'http://localhost:8080/' successfully

2022-01-17 22:19:26 - [MESSAGE][PASSED] - Navigate to 'http://localhost:8080/' successfully

2022-01-17 22:19:26 - [TEST_STEP][PASSED] - click(findTestObject("Object Repository/Page_Element/div_Sign In")): Object: 'Object Repository/Page_Element/div_Sign In' is clicked on

2022-01-17 22:19:31 - [MESSAGE][PASSED] - Object: 'Object Repository/Page_Element/div_Sign In' is clicked on

2022-01-17 22:19:31 - [TEST_STEP][PASSED] - setText(findTestObject("Object Repository/Page_Element/input_Sign in with_username"), "ptnha19"): Text 'ptnha19' is set on object 'Object Repository/Page_Element/input_Sign in with_username'

2022-01-17 22:19:34 - [MESSAGE][PASSED] - Text 'ptnha19' is set on object 'Object Repository/Page_Element/input_Sign in with_username'

2022-01-17 22:19:34 - [TEST_STEP][PASSED] - setEncryptedText(findTestObject("Object Repository/Page_Element/input_Username_password"), "5R3Ima4A+eOeCrCDRGMLmJpaGR3V3+YI"): Text ****** has been set on object 'Object Repository/Page_Element/input_Username_password'

2022-01-17 22:19:36 - [MESSAGE][PASSED] - Text ****** has been set on object 'Object Repository/Page_Element/input_Username_password'

2022-01-17 22:19:36 - [TEST_STEP][PASSED] - click(findTestObject("Object Repository/Page_Element/input_Forgot password_mx_Login_submit")): Object: 'Object Repository/Page_Element/input_Forgot password_mx_Login_submit' is clicked on

2022-01-17 22:19:37 - [MESSAGE][PASSED] - Object: 'Object Repository/Page_Element/input_Forgot password_mx_Login_submit' is clicked on

2022-01-17 22:19:37 - [TEST_STEP][PASSED] - click(findTestObject("Object Repository/Page_Element/div_Verify with Security Key")): Object: 'Object Repository/Page_Element/div_Verify with Security Key' is clicked on

2022-01-17 22:20:01 - [MESSAGE][PASSED] - Object: 'Object Repository/Page_Element/div_Verify with Security Key' is clicked on

2022-01-17 22:20:01 - [TEST_STEP][PASSED] - setEncryptedText(findTestObject("Object Repository/Page_Element/input_Security Key_mx_Field_4"), "PF4jXtbe/5x5+S5PgN4Kl/QbANAkWZYKqKaG9gW6gn+Po31AOnak0DX8GoEzAUkskgpeON1UhfEqZG0XXngJPA=="): Text ****** has been set on object 'Object Repository/Page_Element/input_Security Key_mx_Field_4'

2022-01-17 22:20:05 - [MESSAGE][PASSED] - Text ****** has been set on object 'Object Repository/Page_Element/input_Security Key_mx_Field_4'

2022-01-17 22:20:05 - [TEST_STEP][PASSED] - click(findTestObject("Object Repository/Page_Element/button_Continue")): Object: 'Object Repository/Page_Element/button_Continue' is clicked on

2022-01-17 22:20:06 - [MESSAGE][PASSED] - Object: 'Object Repository/Page_Element/button_Continue' is clicked on

2022-01-17 22:20:06 - [TEST_STEP][PASSED] - click(findTestObject("Object Repository/Page_Element/div_Done")): Object: 'Object Repository/Page_Element/div_Done' is clicked on

2022-01-17 22:20:08 - [MESSAGE][PASSED] - Object: 'Object Repository/Page_Element/div_Done' is clicked on

2022-01-17 22:20:08 - [TEST_STEP][PASSED] - click(findTestObject("Object Repository/Page_Element/div_Tr Cao Thin")): Object: 'Object Repository/Page_Element/div_Tr Cao Thin' is clicked on

2022-01-17 22:20:10 - [MESSAGE][PASSED] - Object: 'Object Repository/Page_Element/div_Tr Cao Thin' is clicked on

2022-01-17 22:20:10 - [TEST_STEP][PASSED] - click(findTestObject("Object Repository/Page_Element  Tr Cao Thin/div_Tr Cao Thin_mx_AccessibleButton mx_Righ_04f030")): Object: 'Object Repository/Page_Element  Tr Cao Thin/div_Tr Cao Thin_mx_AccessibleButton mx_Righ_04f030' is clicked on

2022-01-17 22:20:11 - [MESSAGE][PASSED] - Object: 'Object Repository/Page_Element  Tr Cao Thin/div_Tr Cao Thin_mx_AccessibleButton mx_Righ_04f030' is clicked on

2022-01-17 22:20:11 - [TEST_STEP][PASSED] - click(findTestObject("Object Repository/Page_Element  Tr Cao Thin/div_Files")): Object: 'Object Repository/Page_Element  Tr Cao Thin/div_Files' is clicked on

2022-01-17 22:20:12 - [MESSAGE][PASSED] - Object: 'Object Repository/Page_Element  Tr Cao Thin/div_Files' is clicked on

2022-01-17 22:20:12 - [TEST_STEP][PASSED] - click(findTestObject("Object Repository/Page_Element  Tr Cao Thin/div_Message deleted_mx_AccessibleButton mx__334218")): Object: 'Object Repository/Page_Element  Tr Cao Thin/div_Message deleted_mx_AccessibleButton mx__334218' is clicked on

2022-01-17 22:20:13 - [MESSAGE][PASSED] - Object: 'Object Repository/Page_Element  Tr Cao Thin/div_Message deleted_mx_AccessibleButton mx__334218' is clicked on

2022-01-17 22:20:13 - [TEST_STEP][PASSED] - click(findTestObject("Object Repository/Page_Element  Tr Cao Thin/div_Message deleted_mx_AccessibleButton mx__0a07ff")): Object: 'Object Repository/Page_Element  Tr Cao Thin/div_Message deleted_mx_AccessibleButton mx__0a07ff' is clicked on

2022-01-17 22:20:14 - [MESSAGE][PASSED] - Object: 'Object Repository/Page_Element  Tr Cao Thin/div_Message deleted_mx_AccessibleButton mx__0a07ff' is clicked on

2022-01-17 22:20:14 - [TEST_STEP][PASSED] - closeBrowser(): Browser is closed

2022-01-17 22:20:15 - [MESSAGE][PASSED] - Browser is closed]]></system-out>
         <system-err><![CDATA[]]></system-err>
      </testcase>
      <testcase name="Test Cases/58.AdvancedInRoomSetting" time="40.449" classname="Test Cases/58.AdvancedInRoomSetting" status="PASSED">
         <system-out><![CDATA[2022-01-17 22:20:15 - [TEST_CASE][PASSED] - Test Cases/58.AdvancedInRoomSetting: Test Cases/58.AdvancedInRoomSetting

2022-01-17 22:20:15 - [TEST_STEP][PASSED] - openBrowser(""): Browser is opened with url: ''

2022-01-17 22:20:15 - [MESSAGE][INFO] - Starting 'Chrome' driver

2022-01-17 22:20:15 - [MESSAGE][INFO] - Action delay is set to 1,000 milliseconds

2022-01-17 22:20:16 - [MESSAGE][PASSED] - Browser is opened with url: ''

2022-01-17 22:20:16 - [TEST_STEP][PASSED] - navigateToUrl("http://localhost:8080/"): Navigate to 'http://localhost:8080/' successfully

2022-01-17 22:20:19 - [MESSAGE][PASSED] - Navigate to 'http://localhost:8080/' successfully

2022-01-17 22:20:19 - [TEST_STEP][PASSED] - click(findTestObject("Object Repository/Page_Element/div_Sign In")): Object: 'Object Repository/Page_Element/div_Sign In' is clicked on

2022-01-17 22:20:23 - [MESSAGE][PASSED] - Object: 'Object Repository/Page_Element/div_Sign In' is clicked on

2022-01-17 22:20:23 - [TEST_STEP][PASSED] - setText(findTestObject("Object Repository/Page_Element/input_Sign in with_username"), "ptnha19"): Text 'ptnha19' is set on object 'Object Repository/Page_Element/input_Sign in with_username'

2022-01-17 22:20:29 - [MESSAGE][PASSED] - Text 'ptnha19' is set on object 'Object Repository/Page_Element/input_Sign in with_username'

2022-01-17 22:20:29 - [TEST_STEP][PASSED] - setEncryptedText(findTestObject("Object Repository/Page_Element/input_Username_password"), "5R3Ima4A+eOeCrCDRGMLmJpaGR3V3+YI"): Text ****** has been set on object 'Object Repository/Page_Element/input_Username_password'

2022-01-17 22:20:31 - [MESSAGE][PASSED] - Text ****** has been set on object 'Object Repository/Page_Element/input_Username_password'

2022-01-17 22:20:31 - [TEST_STEP][PASSED] - click(findTestObject("Object Repository/Page_Element/input_Forgot password_mx_Login_submit")): Object: 'Object Repository/Page_Element/input_Forgot password_mx_Login_submit' is clicked on

2022-01-17 22:20:32 - [MESSAGE][PASSED] - Object: 'Object Repository/Page_Element/input_Forgot password_mx_Login_submit' is clicked on

2022-01-17 22:20:32 - [TEST_STEP][PASSED] - click(findTestObject("Object Repository/Page_Element/div_Verify with Security Key")): Object: 'Object Repository/Page_Element/div_Verify with Security Key' is clicked on

2022-01-17 22:20:39 - [MESSAGE][PASSED] - Object: 'Object Repository/Page_Element/div_Verify with Security Key' is clicked on

2022-01-17 22:20:39 - [TEST_STEP][PASSED] - setEncryptedText(findTestObject("Object Repository/Page_Element/input_Security Key_mx_Field_4"), "PF4jXtbe/5x5+S5PgN4Kl/QbANAkWZYKqKaG9gW6gn+Po31AOnak0DX8GoEzAUkskgpeON1UhfEqZG0XXngJPA=="): Text ****** has been set on object 'Object Repository/Page_Element/input_Security Key_mx_Field_4'

2022-01-17 22:20:41 - [MESSAGE][PASSED] - Text ****** has been set on object 'Object Repository/Page_Element/input_Security Key_mx_Field_4'

2022-01-17 22:20:41 - [TEST_STEP][PASSED] - click(findTestObject("Object Repository/Page_Element/button_Continue")): Object: 'Object Repository/Page_Element/button_Continue' is clicked on

2022-01-17 22:20:42 - [MESSAGE][PASSED] - Object: 'Object Repository/Page_Element/button_Continue' is clicked on

2022-01-17 22:20:42 - [TEST_STEP][PASSED] - click(findTestObject("Object Repository/Page_Element/div_Done")): Object: 'Object Repository/Page_Element/div_Done' is clicked on

2022-01-17 22:20:44 - [MESSAGE][PASSED] - Object: 'Object Repository/Page_Element/div_Done' is clicked on

2022-01-17 22:20:44 - [TEST_STEP][PASSED] - click(findTestObject("Object Repository/Page_Element/div_Tr Cao Thin")): Object: 'Object Repository/Page_Element/div_Tr Cao Thin' is clicked on

2022-01-17 22:20:46 - [MESSAGE][PASSED] - Object: 'Object Repository/Page_Element/div_Tr Cao Thin' is clicked on

2022-01-17 22:20:46 - [TEST_STEP][PASSED] - click(findTestObject("Object Repository/Page_Element  Tr Cao Thin/div_Tr Cao Thin_mx_AccessibleButton mx_Righ_04f030")): Object: 'Object Repository/Page_Element  Tr Cao Thin/div_Tr Cao Thin_mx_AccessibleButton mx_Righ_04f030' is clicked on

2022-01-17 22:20:47 - [MESSAGE][PASSED] - Object: 'Object Repository/Page_Element  Tr Cao Thin/div_Tr Cao Thin_mx_AccessibleButton mx_Righ_04f030' is clicked on

2022-01-17 22:20:47 - [TEST_STEP][PASSED] - click(findTestObject("Object Repository/Page_Element  Tr Cao Thin/div_Room settings")): Object: 'Object Repository/Page_Element  Tr Cao Thin/div_Room settings' is clicked on

2022-01-17 22:20:48 - [MESSAGE][PASSED] - Object: 'Object Repository/Page_Element  Tr Cao Thin/div_Room settings' is clicked on

2022-01-17 22:20:48 - [TEST_STEP][PASSED] - click(findTestObject("Object Repository/Page_Element  Tr Cao Thin/span_Advanced")): Object: 'Object Repository/Page_Element  Tr Cao Thin/span_Advanced' is clicked on

2022-01-17 22:20:49 - [MESSAGE][PASSED] - Object: 'Object Repository/Page_Element  Tr Cao Thin/span_Advanced' is clicked on

2022-01-17 22:20:49 - [TEST_STEP][PASSED] - click(findTestObject("Object Repository/Page_Element  Tr Cao Thin/div_Open Devtools")): Object: 'Object Repository/Page_Element  Tr Cao Thin/div_Open Devtools' is clicked on

2022-01-17 22:20:52 - [MESSAGE][PASSED] - Object: 'Object Repository/Page_Element  Tr Cao Thin/div_Open Devtools' is clicked on

2022-01-17 22:20:52 - [TEST_STEP][PASSED] - click(findTestObject("Object Repository/Page_Element  Tr Cao Thin/button_Send Custom Event")): Object: 'Object Repository/Page_Element  Tr Cao Thin/button_Send Custom Event' is clicked on

2022-01-17 22:20:53 - [MESSAGE][PASSED] - Object: 'Object Repository/Page_Element  Tr Cao Thin/button_Send Custom Event' is clicked on

2022-01-17 22:20:53 - [TEST_STEP][PASSED] - click(findTestObject("Object Repository/Page_Element  Tr Cao Thin/button_Back")): Object: 'Object Repository/Page_Element  Tr Cao Thin/button_Back' is clicked on

2022-01-17 22:20:54 - [MESSAGE][PASSED] - Object: 'Object Repository/Page_Element  Tr Cao Thin/button_Back' is clicked on

2022-01-17 22:20:54 - [TEST_STEP][PASSED] - click(findTestObject("Object Repository/Page_Element  Tr Cao Thin/button_Cancel")): Object: 'Object Repository/Page_Element  Tr Cao Thin/button_Cancel' is clicked on

2022-01-17 22:20:55 - [MESSAGE][PASSED] - Object: 'Object Repository/Page_Element  Tr Cao Thin/button_Cancel' is clicked on

2022-01-17 22:20:55 - [TEST_STEP][PASSED] - closeBrowser(): Browser is closed

2022-01-17 22:20:56 - [MESSAGE][PASSED] - Browser is closed]]></system-out>
         <system-err><![CDATA[]]></system-err>
      </testcase>
      <testcase name="Test Cases/59.SearchInRoom" time="36.371" classname="Test Cases/59.SearchInRoom" status="PASSED">
         <system-out><![CDATA[2022-01-17 22:20:56 - [TEST_CASE][PASSED] - Test Cases/59.SearchInRoom: Test Cases/59.SearchInRoom

2022-01-17 22:20:56 - [TEST_STEP][PASSED] - openBrowser(""): Browser is opened with url: ''

2022-01-17 22:20:56 - [MESSAGE][INFO] - Starting 'Chrome' driver

2022-01-17 22:20:56 - [MESSAGE][INFO] - Action delay is set to 1,000 milliseconds

2022-01-17 22:20:57 - [MESSAGE][PASSED] - Browser is opened with url: ''

2022-01-17 22:20:57 - [TEST_STEP][PASSED] - navigateToUrl("http://localhost:8080/"): Navigate to 'http://localhost:8080/' successfully

2022-01-17 22:20:59 - [MESSAGE][PASSED] - Navigate to 'http://localhost:8080/' successfully

2022-01-17 22:20:59 - [TEST_STEP][PASSED] - click(findTestObject("Object Repository/Page_Element/div_Sign In")): Object: 'Object Repository/Page_Element/div_Sign In' is clicked on

2022-01-17 22:21:03 - [MESSAGE][PASSED] - Object: 'Object Repository/Page_Element/div_Sign In' is clicked on

2022-01-17 22:21:03 - [TEST_STEP][PASSED] - setText(findTestObject("Object Repository/Page_Element/input_Sign in with_username"), "ptnha19"): Text 'ptnha19' is set on object 'Object Repository/Page_Element/input_Sign in with_username'

2022-01-17 22:21:07 - [MESSAGE][PASSED] - Text 'ptnha19' is set on object 'Object Repository/Page_Element/input_Sign in with_username'

2022-01-17 22:21:07 - [TEST_STEP][PASSED] - setEncryptedText(findTestObject("Object Repository/Page_Element/input_Username_password"), "5R3Ima4A+eOeCrCDRGMLmJpaGR3V3+YI"): Text ****** has been set on object 'Object Repository/Page_Element/input_Username_password'

2022-01-17 22:21:09 - [MESSAGE][PASSED] - Text ****** has been set on object 'Object Repository/Page_Element/input_Username_password'

2022-01-17 22:21:09 - [TEST_STEP][PASSED] - click(findTestObject("Object Repository/Page_Element/input_Forgot password_mx_Login_submit")): Object: 'Object Repository/Page_Element/input_Forgot password_mx_Login_submit' is clicked on

2022-01-17 22:21:10 - [MESSAGE][PASSED] - Object: 'Object Repository/Page_Element/input_Forgot password_mx_Login_submit' is clicked on

2022-01-17 22:21:10 - [TEST_STEP][PASSED] - click(findTestObject("Object Repository/Page_Element/div_Verify with Security Key")): Object: 'Object Repository/Page_Element/div_Verify with Security Key' is clicked on

2022-01-17 22:21:19 - [MESSAGE][PASSED] - Object: 'Object Repository/Page_Element/div_Verify with Security Key' is clicked on

2022-01-17 22:21:19 - [TEST_STEP][PASSED] - setEncryptedText(findTestObject("Object Repository/Page_Element/input_Security Key_mx_Field_4"), "PF4jXtbe/5x5+S5PgN4Kl/QbANAkWZYKqKaG9gW6gn+Po31AOnak0DX8GoEzAUkskgpeON1UhfEqZG0XXngJPA=="): Text ****** has been set on object 'Object Repository/Page_Element/input_Security Key_mx_Field_4'

2022-01-17 22:21:22 - [MESSAGE][PASSED] - Text ****** has been set on object 'Object Repository/Page_Element/input_Security Key_mx_Field_4'

2022-01-17 22:21:22 - [TEST_STEP][PASSED] - click(findTestObject("Object Repository/Page_Element/button_Continue")): Object: 'Object Repository/Page_Element/button_Continue' is clicked on

2022-01-17 22:21:23 - [MESSAGE][PASSED] - Object: 'Object Repository/Page_Element/button_Continue' is clicked on

2022-01-17 22:21:23 - [TEST_STEP][PASSED] - click(findTestObject("Object Repository/Page_Element/div_Done")): Object: 'Object Repository/Page_Element/div_Done' is clicked on

2022-01-17 22:21:25 - [MESSAGE][PASSED] - Object: 'Object Repository/Page_Element/div_Done' is clicked on

2022-01-17 22:21:25 - [TEST_STEP][PASSED] - click(findTestObject("Object Repository/Page_Element/div_Tr Cao Thin")): Object: 'Object Repository/Page_Element/div_Tr Cao Thin' is clicked on

2022-01-17 22:21:27 - [MESSAGE][PASSED] - Object: 'Object Repository/Page_Element/div_Tr Cao Thin' is clicked on

2022-01-17 22:21:27 - [TEST_STEP][PASSED] - click(findTestObject("Object Repository/Page_Element  Tr Cao Thin/div_Tr Cao Thin_mx_AccessibleButton mx_Room_93b1eb")): Object: 'Object Repository/Page_Element  Tr Cao Thin/div_Tr Cao Thin_mx_AccessibleButton mx_Room_93b1eb' is clicked on

2022-01-17 22:21:28 - [MESSAGE][PASSED] - Object: 'Object Repository/Page_Element  Tr Cao Thin/div_Tr Cao Thin_mx_AccessibleButton mx_Room_93b1eb' is clicked on

2022-01-17 22:21:28 - [TEST_STEP][PASSED] - setText(findTestObject("Object Repository/Page_Element  Tr Cao Thin/input_All Rooms_focus-visible"), "ABC"): Text 'ABC' is set on object 'Object Repository/Page_Element  Tr Cao Thin/input_All Rooms_focus-visible'

2022-01-17 22:21:30 - [MESSAGE][PASSED] - Text 'ABC' is set on object 'Object Repository/Page_Element  Tr Cao Thin/input_All Rooms_focus-visible'

2022-01-17 22:21:30 - [TEST_STEP][PASSED] - sendKeys(findTestObject("Object Repository/Page_Element  Tr Cao Thin/input_All Rooms_focus-visible"), Keys.chord(ENTER)): Keys 'ENTER + ' sent to object: 'Object Repository/Page_Element  Tr Cao Thin/input_All Rooms_focus-visible'

2022-01-17 22:21:31 - [MESSAGE][PASSED] - Keys 'ENTER + ' sent to object: 'Object Repository/Page_Element  Tr Cao Thin/input_All Rooms_focus-visible'

2022-01-17 22:21:31 - [TEST_STEP][PASSED] - closeBrowser(): Browser is closed

2022-01-17 22:21:32 - [MESSAGE][PASSED] - Browser is closed]]></system-out>
         <system-err><![CDATA[]]></system-err>
      </testcase>
      <testcase name="Test Cases/62.SignInWithoutVerify" time="26.906" classname="Test Cases/62.SignInWithoutVerify" status="PASSED">
         <system-out><![CDATA[2022-01-17 22:21:32 - [TEST_CASE][PASSED] - Test Cases/62.SignInWithoutVerify: Test Cases/62.SignInWithoutVerify

2022-01-17 22:21:32 - [TEST_STEP][PASSED] - openBrowser(""): Browser is opened with url: ''

2022-01-17 22:21:32 - [MESSAGE][INFO] - Starting 'Chrome' driver

2022-01-17 22:21:32 - [MESSAGE][INFO] - Action delay is set to 1,000 milliseconds

2022-01-17 22:21:33 - [MESSAGE][PASSED] - Browser is opened with url: ''

2022-01-17 22:21:33 - [TEST_STEP][PASSED] - navigateToUrl("http://localhost:8080/"): Navigate to 'http://localhost:8080/' successfully

2022-01-17 22:21:36 - [MESSAGE][PASSED] - Navigate to 'http://localhost:8080/' successfully

2022-01-17 22:21:36 - [TEST_STEP][PASSED] - click(findTestObject("Object Repository/Page_Element/div_Sign In")): Object: 'Object Repository/Page_Element/div_Sign In' is clicked on

2022-01-17 22:21:40 - [MESSAGE][PASSED] - Object: 'Object Repository/Page_Element/div_Sign In' is clicked on

2022-01-17 22:21:40 - [TEST_STEP][PASSED] - setText(findTestObject("Object Repository/Page_Element/input_Sign in with_username"), "ptnha19"): Text 'ptnha19' is set on object 'Object Repository/Page_Element/input_Sign in with_username'

2022-01-17 22:21:43 - [MESSAGE][PASSED] - Text 'ptnha19' is set on object 'Object Repository/Page_Element/input_Sign in with_username'

2022-01-17 22:21:43 - [TEST_STEP][PASSED] - setEncryptedText(findTestObject("Object Repository/Page_Element/input_Username_password"), "5R3Ima4A+eOeCrCDRGMLmJpaGR3V3+YI"): Text ****** has been set on object 'Object Repository/Page_Element/input_Username_password'

2022-01-17 22:21:45 - [MESSAGE][PASSED] - Text ****** has been set on object 'Object Repository/Page_Element/input_Username_password'

2022-01-17 22:21:45 - [TEST_STEP][PASSED] - click(findTestObject("Object Repository/Page_Element/input_Forgot password_mx_Login_submit")): Object: 'Object Repository/Page_Element/input_Forgot password_mx_Login_submit' is clicked on

2022-01-17 22:21:46 - [MESSAGE][PASSED] - Object: 'Object Repository/Page_Element/input_Forgot password_mx_Login_submit' is clicked on

2022-01-17 22:21:46 - [TEST_STEP][PASSED] - click(findTestObject("Object Repository/Page_Element/div_Verify with Security Key")): Object: 'Object Repository/Page_Element/div_Verify with Security Key' is clicked on

2022-01-17 22:21:52 - [MESSAGE][PASSED] - Object: 'Object Repository/Page_Element/div_Verify with Security Key' is clicked on

2022-01-17 22:21:52 - [TEST_STEP][PASSED] - click(findTestObject("Object Repository/Page_Element/button_Go Back")): Object: 'Object Repository/Page_Element/button_Go Back' is clicked on

2022-01-17 22:21:55 - [MESSAGE][PASSED] - Object: 'Object Repository/Page_Element/button_Go Back' is clicked on

2022-01-17 22:21:55 - [TEST_STEP][PASSED] - click(findTestObject("Object Repository/Page_Element/div_Verify this device_mx_AccessibleButton _90ce45")): Object: 'Object Repository/Page_Element/div_Verify this device_mx_AccessibleButton _90ce45' is clicked on

2022-01-17 22:21:56 - [MESSAGE][PASSED] - Object: 'Object Repository/Page_Element/div_Verify this device_mx_AccessibleButton _90ce45' is clicked on

2022-01-17 22:21:56 - [TEST_STEP][PASSED] - click(findTestObject("Object Repository/Page_Element/div_Ill verify later")): Object: 'Object Repository/Page_Element/div_Ill verify later' is clicked on

2022-01-17 22:21:57 - [MESSAGE][PASSED] - Object: 'Object Repository/Page_Element/div_Ill verify later' is clicked on

2022-01-17 22:21:57 - [TEST_STEP][PASSED] - click(findTestObject("Object Repository/Page_Element/img_Verify_mx_BaseAvatar_image")): Object: 'Object Repository/Page_Element/img_Verify_mx_BaseAvatar_image' is clicked on

2022-01-17 22:21:58 - [MESSAGE][PASSED] - Object: 'Object Repository/Page_Element/img_Verify_mx_BaseAvatar_image' is clicked on

2022-01-17 22:21:58 - [TEST_STEP][PASSED] - closeBrowser(): Browser is closed

2022-01-17 22:21:59 - [MESSAGE][PASSED] - Browser is closed]]></system-out>
         <system-err><![CDATA[]]></system-err>
      </testcase>
      <testcase name="Test Cases/63.ServerOptions" time="37.236" classname="Test Cases/63.ServerOptions" status="PASSED">
         <system-out><![CDATA[2022-01-17 22:21:59 - [TEST_CASE][PASSED] - Test Cases/63.ServerOptions: Test Cases/63.ServerOptions

2022-01-17 22:21:59 - [TEST_STEP][PASSED] - openBrowser(""): Browser is opened with url: ''

2022-01-17 22:21:59 - [MESSAGE][INFO] - Starting 'Chrome' driver

2022-01-17 22:21:59 - [MESSAGE][INFO] - Action delay is set to 1,000 milliseconds

2022-01-17 22:22:00 - [MESSAGE][PASSED] - Browser is opened with url: ''

2022-01-17 22:22:00 - [TEST_STEP][PASSED] - navigateToUrl("http://localhost:8080/"): Navigate to 'http://localhost:8080/' successfully

2022-01-17 22:22:03 - [MESSAGE][PASSED] - Navigate to 'http://localhost:8080/' successfully

2022-01-17 22:22:03 - [TEST_STEP][PASSED] - click(findTestObject("Object Repository/Page_Element/div_Sign In")): Object: 'Object Repository/Page_Element/div_Sign In' is clicked on

2022-01-17 22:22:07 - [MESSAGE][PASSED] - Object: 'Object Repository/Page_Element/div_Sign In' is clicked on

2022-01-17 22:22:07 - [TEST_STEP][PASSED] - click(findTestObject("Object Repository/Page_Element/div_Homeserver_mx_AccessibleButton mx_Serve_8ed01c")): Object: 'Object Repository/Page_Element/div_Homeserver_mx_AccessibleButton mx_Serve_8ed01c' is clicked on

2022-01-17 22:22:09 - [MESSAGE][PASSED] - Object: 'Object Repository/Page_Element/div_Homeserver_mx_AccessibleButton mx_Serve_8ed01c' is clicked on

2022-01-17 22:22:09 - [TEST_STEP][PASSED] - click(findTestObject("Object Repository/Page_Element/button_Dismiss")): Object: 'Object Repository/Page_Element/button_Dismiss' is clicked on

2022-01-17 22:22:10 - [MESSAGE][PASSED] - Object: 'Object Repository/Page_Element/button_Dismiss' is clicked on

2022-01-17 22:22:10 - [TEST_STEP][PASSED] - setText(findTestObject("Object Repository/Page_Element/input_Sign in with_username"), "ptnha19"): Text 'ptnha19' is set on object 'Object Repository/Page_Element/input_Sign in with_username'

2022-01-17 22:22:15 - [MESSAGE][PASSED] - Text 'ptnha19' is set on object 'Object Repository/Page_Element/input_Sign in with_username'

2022-01-17 22:22:15 - [TEST_STEP][PASSED] - setEncryptedText(findTestObject("Object Repository/Page_Element/input_Username_password"), "5R3Ima4A+eOeCrCDRGMLmJpaGR3V3+YI"): Text ****** has been set on object 'Object Repository/Page_Element/input_Username_password'

2022-01-17 22:22:17 - [MESSAGE][PASSED] - Text ****** has been set on object 'Object Repository/Page_Element/input_Username_password'

2022-01-17 22:22:17 - [TEST_STEP][PASSED] - click(findTestObject("Object Repository/Page_Element/input_Forgot password_mx_Login_submit")): Object: 'Object Repository/Page_Element/input_Forgot password_mx_Login_submit' is clicked on

2022-01-17 22:22:18 - [MESSAGE][PASSED] - Object: 'Object Repository/Page_Element/input_Forgot password_mx_Login_submit' is clicked on

2022-01-17 22:22:18 - [TEST_STEP][PASSED] - click(findTestObject("Object Repository/Page_Element/div_Verify with Security Key")): Object: 'Object Repository/Page_Element/div_Verify with Security Key' is clicked on

2022-01-17 22:22:26 - [MESSAGE][PASSED] - Object: 'Object Repository/Page_Element/div_Verify with Security Key' is clicked on

2022-01-17 22:22:26 - [TEST_STEP][PASSED] - setEncryptedText(findTestObject("Object Repository/Page_Element/input_Security Key_mx_Field_4"), "PF4jXtbe/5x5+S5PgN4Kl/QbANAkWZYKqKaG9gW6gn+Po31AOnak0DX8GoEzAUkskgpeON1UhfEqZG0XXngJPA=="): Text ****** has been set on object 'Object Repository/Page_Element/input_Security Key_mx_Field_4'

2022-01-17 22:22:30 - [MESSAGE][PASSED] - Text ****** has been set on object 'Object Repository/Page_Element/input_Security Key_mx_Field_4'

2022-01-17 22:22:30 - [TEST_STEP][PASSED] - click(findTestObject("Object Repository/Page_Element/button_Continue")): Object: 'Object Repository/Page_Element/button_Continue' is clicked on

2022-01-17 22:22:32 - [MESSAGE][PASSED] - Object: 'Object Repository/Page_Element/button_Continue' is clicked on

2022-01-17 22:22:32 - [TEST_STEP][PASSED] - click(findTestObject("Object Repository/Page_Element/div_Done")): Object: 'Object Repository/Page_Element/div_Done' is clicked on

2022-01-17 22:22:34 - [MESSAGE][PASSED] - Object: 'Object Repository/Page_Element/div_Done' is clicked on

2022-01-17 22:22:34 - [TEST_STEP][PASSED] - click(findTestObject("Object Repository/Page_Element/img_Review_mx_BaseAvatar_image")): Object: 'Object Repository/Page_Element/img_Review_mx_BaseAvatar_image' is clicked on

2022-01-17 22:22:35 - [MESSAGE][PASSED] - Object: 'Object Repository/Page_Element/img_Review_mx_BaseAvatar_image' is clicked on

2022-01-17 22:22:35 - [TEST_STEP][PASSED] - closeBrowser(): Browser is closed

2022-01-17 22:22:36 - [MESSAGE][PASSED] - Browser is closed]]></system-out>
         <system-err><![CDATA[]]></system-err>
      </testcase>
      <testcase name="Test Cases/65.UploadSecurityKey" time="25.698" classname="Test Cases/65.UploadSecurityKey" status="PASSED">
         <system-out><![CDATA[2022-01-17 22:22:36 - [TEST_CASE][PASSED] - Test Cases/65.UploadSecurityKey: Test Cases/65.UploadSecurityKey

2022-01-17 22:22:36 - [TEST_STEP][PASSED] - openBrowser(""): Browser is opened with url: ''

2022-01-17 22:22:36 - [MESSAGE][INFO] - Starting 'Chrome' driver

2022-01-17 22:22:36 - [MESSAGE][INFO] - Action delay is set to 1,000 milliseconds

2022-01-17 22:22:37 - [MESSAGE][PASSED] - Browser is opened with url: ''

2022-01-17 22:22:37 - [TEST_STEP][PASSED] - navigateToUrl("http://localhost:8080/"): Navigate to 'http://localhost:8080/' successfully

2022-01-17 22:22:40 - [MESSAGE][PASSED] - Navigate to 'http://localhost:8080/' successfully

2022-01-17 22:22:40 - [TEST_STEP][PASSED] - click(findTestObject("Object Repository/Page_Element/div_Sign In")): Object: 'Object Repository/Page_Element/div_Sign In' is clicked on

2022-01-17 22:22:43 - [MESSAGE][PASSED] - Object: 'Object Repository/Page_Element/div_Sign In' is clicked on

2022-01-17 22:22:43 - [TEST_STEP][PASSED] - setText(findTestObject("Object Repository/Page_Element/input_Sign in with_username"), "ptnha19"): Text 'ptnha19' is set on object 'Object Repository/Page_Element/input_Sign in with_username'

2022-01-17 22:22:47 - [MESSAGE][PASSED] - Text 'ptnha19' is set on object 'Object Repository/Page_Element/input_Sign in with_username'

2022-01-17 22:22:47 - [TEST_STEP][PASSED] - setEncryptedText(findTestObject("Object Repository/Page_Element/input_Username_password"), "5R3Ima4A+eOeCrCDRGMLmJpaGR3V3+YI"): Text ****** has been set on object 'Object Repository/Page_Element/input_Username_password'

2022-01-17 22:22:49 - [MESSAGE][PASSED] - Text ****** has been set on object 'Object Repository/Page_Element/input_Username_password'

2022-01-17 22:22:49 - [TEST_STEP][PASSED] - click(findTestObject("Object Repository/Page_Element/input_Forgot password_mx_Login_submit")): Object: 'Object Repository/Page_Element/input_Forgot password_mx_Login_submit' is clicked on

2022-01-17 22:22:51 - [MESSAGE][PASSED] - Object: 'Object Repository/Page_Element/input_Forgot password_mx_Login_submit' is clicked on

2022-01-17 22:22:51 - [TEST_STEP][PASSED] - click(findTestObject("Object Repository/Page_Element/div_Verify with Security Key")): Object: 'Object Repository/Page_Element/div_Verify with Security Key' is clicked on

2022-01-17 22:22:59 - [MESSAGE][PASSED] - Object: 'Object Repository/Page_Element/div_Verify with Security Key' is clicked on

2022-01-17 22:22:59 - [TEST_STEP][PASSED] - click(findTestObject("Object Repository/Page_Element/div_Upload")): Object: 'Object Repository/Page_Element/div_Upload' is clicked on

2022-01-17 22:23:01 - [MESSAGE][PASSED] - Object: 'Object Repository/Page_Element/div_Upload' is clicked on

2022-01-17 22:23:01 - [TEST_STEP][PASSED] - closeBrowser(): Browser is closed

2022-01-17 22:23:02 - [MESSAGE][PASSED] - Browser is closed]]></system-out>
         <system-err><![CDATA[]]></system-err>
      </testcase>
      <testcase name="Test Cases/67.ExpandSpaceBar" time="34.652" classname="Test Cases/67.ExpandSpaceBar" status="PASSED">
         <system-out><![CDATA[2022-01-17 22:23:02 - [TEST_CASE][PASSED] - Test Cases/67.ExpandSpaceBar: Test Cases/67.ExpandSpaceBar

2022-01-17 22:23:02 - [TEST_STEP][PASSED] - openBrowser(""): Browser is opened with url: ''

2022-01-17 22:23:02 - [MESSAGE][INFO] - Starting 'Chrome' driver

2022-01-17 22:23:02 - [MESSAGE][INFO] - Action delay is set to 1,000 milliseconds

2022-01-17 22:23:03 - [MESSAGE][PASSED] - Browser is opened with url: ''

2022-01-17 22:23:03 - [TEST_STEP][PASSED] - navigateToUrl("http://localhost:8080/"): Navigate to 'http://localhost:8080/' successfully

2022-01-17 22:23:06 - [MESSAGE][PASSED] - Navigate to 'http://localhost:8080/' successfully

2022-01-17 22:23:06 - [TEST_STEP][PASSED] - click(findTestObject("Object Repository/Page_Element/div_Sign In")): Object: 'Object Repository/Page_Element/div_Sign In' is clicked on

2022-01-17 22:23:09 - [MESSAGE][PASSED] - Object: 'Object Repository/Page_Element/div_Sign In' is clicked on

2022-01-17 22:23:09 - [TEST_STEP][PASSED] - setText(findTestObject("Object Repository/Page_Element/input_Sign in with_username"), "ptnha19"): Text 'ptnha19' is set on object 'Object Repository/Page_Element/input_Sign in with_username'

2022-01-17 22:23:15 - [MESSAGE][PASSED] - Text 'ptnha19' is set on object 'Object Repository/Page_Element/input_Sign in with_username'

2022-01-17 22:23:15 - [TEST_STEP][PASSED] - setEncryptedText(findTestObject("Object Repository/Page_Element/input_Username_password"), "5R3Ima4A+eOeCrCDRGMLmJpaGR3V3+YI"): Text ****** has been set on object 'Object Repository/Page_Element/input_Username_password'

2022-01-17 22:23:17 - [MESSAGE][PASSED] - Text ****** has been set on object 'Object Repository/Page_Element/input_Username_password'

2022-01-17 22:23:17 - [TEST_STEP][PASSED] - click(findTestObject("Object Repository/Page_Element/input_Forgot password_mx_Login_submit")): Object: 'Object Repository/Page_Element/input_Forgot password_mx_Login_submit' is clicked on

2022-01-17 22:23:18 - [MESSAGE][PASSED] - Object: 'Object Repository/Page_Element/input_Forgot password_mx_Login_submit' is clicked on

2022-01-17 22:23:18 - [TEST_STEP][PASSED] - click(findTestObject("Object Repository/Page_Element/div_Verify with Security Key")): Object: 'Object Repository/Page_Element/div_Verify with Security Key' is clicked on

2022-01-17 22:23:26 - [MESSAGE][PASSED] - Object: 'Object Repository/Page_Element/div_Verify with Security Key' is clicked on

2022-01-17 22:23:26 - [TEST_STEP][PASSED] - setEncryptedText(findTestObject("Object Repository/Page_Element/input_Security Key_mx_Field_4"), "PF4jXtbe/5x5+S5PgN4Kl/QbANAkWZYKqKaG9gW6gn+Po31AOnak0DX8GoEzAUkskgpeON1UhfEqZG0XXngJPA=="): Text ****** has been set on object 'Object Repository/Page_Element/input_Security Key_mx_Field_4'

2022-01-17 22:23:29 - [MESSAGE][PASSED] - Text ****** has been set on object 'Object Repository/Page_Element/input_Security Key_mx_Field_4'

2022-01-17 22:23:29 - [TEST_STEP][PASSED] - click(findTestObject("Object Repository/Page_Element/button_Continue")): Object: 'Object Repository/Page_Element/button_Continue' is clicked on

2022-01-17 22:23:31 - [MESSAGE][PASSED] - Object: 'Object Repository/Page_Element/button_Continue' is clicked on

2022-01-17 22:23:31 - [TEST_STEP][PASSED] - click(findTestObject("Object Repository/Page_Element/div_Done")): Object: 'Object Repository/Page_Element/div_Done' is clicked on

2022-01-17 22:23:33 - [MESSAGE][PASSED] - Object: 'Object Repository/Page_Element/div_Done' is clicked on

2022-01-17 22:23:33 - [TEST_STEP][PASSED] - click(findTestObject("Object Repository/Page_Element/div_Review_mx_AccessibleButton mx_SpacePane_f02940")): Object: 'Object Repository/Page_Element/div_Review_mx_AccessibleButton mx_SpacePane_f02940' is clicked on

2022-01-17 22:23:34 - [MESSAGE][PASSED] - Object: 'Object Repository/Page_Element/div_Review_mx_AccessibleButton mx_SpacePane_f02940' is clicked on

2022-01-17 22:23:34 - [TEST_STEP][PASSED] - click(findTestObject("Object Repository/Page_Element/span_H")): Object: 'Object Repository/Page_Element/span_H' is clicked on

2022-01-17 22:23:36 - [MESSAGE][PASSED] - Object: 'Object Repository/Page_Element/span_H' is clicked on

2022-01-17 22:23:36 - [TEST_STEP][PASSED] - closeBrowser(): Browser is closed

2022-01-17 22:23:36 - [MESSAGE][PASSED] - Browser is closed]]></system-out>
         <system-err><![CDATA[]]></system-err>
      </testcase>
      <testcase name="Test Cases/71.SpaceSetting" time="32.074" classname="Test Cases/71.SpaceSetting" status="PASSED">
         <system-out><![CDATA[2022-01-17 22:23:36 - [TEST_CASE][PASSED] - Test Cases/71.SpaceSetting: Test Cases/71.SpaceSetting

2022-01-17 22:23:37 - [TEST_STEP][PASSED] - openBrowser(""): Browser is opened with url: ''

2022-01-17 22:23:37 - [MESSAGE][INFO] - Starting 'Chrome' driver

2022-01-17 22:23:37 - [MESSAGE][INFO] - Action delay is set to 1,000 milliseconds

2022-01-17 22:23:38 - [MESSAGE][PASSED] - Browser is opened with url: ''

2022-01-17 22:23:38 - [TEST_STEP][PASSED] - navigateToUrl("http://localhost:8080/"): Navigate to 'http://localhost:8080/' successfully

2022-01-17 22:23:41 - [MESSAGE][PASSED] - Navigate to 'http://localhost:8080/' successfully

2022-01-17 22:23:41 - [TEST_STEP][PASSED] - click(findTestObject("Object Repository/Page_Element/div_Sign In")): Object: 'Object Repository/Page_Element/div_Sign In' is clicked on

2022-01-17 22:23:44 - [MESSAGE][PASSED] - Object: 'Object Repository/Page_Element/div_Sign In' is clicked on

2022-01-17 22:23:44 - [TEST_STEP][PASSED] - setText(findTestObject("Object Repository/Page_Element/input_Sign in with_username"), "ptnha19"): Text 'ptnha19' is set on object 'Object Repository/Page_Element/input_Sign in with_username'

2022-01-17 22:23:48 - [MESSAGE][PASSED] - Text 'ptnha19' is set on object 'Object Repository/Page_Element/input_Sign in with_username'

2022-01-17 22:23:48 - [TEST_STEP][PASSED] - setEncryptedText(findTestObject("Object Repository/Page_Element/input_Username_password"), "5R3Ima4A+eOeCrCDRGMLmJpaGR3V3+YI"): Text ****** has been set on object 'Object Repository/Page_Element/input_Username_password'

2022-01-17 22:23:50 - [MESSAGE][PASSED] - Text ****** has been set on object 'Object Repository/Page_Element/input_Username_password'

2022-01-17 22:23:50 - [TEST_STEP][PASSED] - click(findTestObject("Object Repository/Page_Element/input_Forgot password_mx_Login_submit")): Object: 'Object Repository/Page_Element/input_Forgot password_mx_Login_submit' is clicked on

2022-01-17 22:23:51 - [MESSAGE][PASSED] - Object: 'Object Repository/Page_Element/input_Forgot password_mx_Login_submit' is clicked on

2022-01-17 22:23:51 - [TEST_STEP][PASSED] - click(findTestObject("Object Repository/Page_Element/div_Verify with Security Key")): Object: 'Object Repository/Page_Element/div_Verify with Security Key' is clicked on

2022-01-17 22:23:57 - [MESSAGE][PASSED] - Object: 'Object Repository/Page_Element/div_Verify with Security Key' is clicked on

2022-01-17 22:23:57 - [TEST_STEP][PASSED] - setEncryptedText(findTestObject("Object Repository/Page_Element/input_Security Key_mx_Field_4"), "PF4jXtbe/5x5+S5PgN4Kl/QbANAkWZYKqKaG9gW6gn+Po31AOnak0DX8GoEzAUkskgpeON1UhfEqZG0XXngJPA=="): Text ****** has been set on object 'Object Repository/Page_Element/input_Security Key_mx_Field_4'

2022-01-17 22:24:00 - [MESSAGE][PASSED] - Text ****** has been set on object 'Object Repository/Page_Element/input_Security Key_mx_Field_4'

2022-01-17 22:24:00 - [TEST_STEP][PASSED] - click(findTestObject("Object Repository/Page_Element/button_Continue")): Object: 'Object Repository/Page_Element/button_Continue' is clicked on

2022-01-17 22:24:01 - [MESSAGE][PASSED] - Object: 'Object Repository/Page_Element/button_Continue' is clicked on

2022-01-17 22:24:01 - [TEST_STEP][PASSED] - click(findTestObject("Object Repository/Page_Element/div_Done")): Object: 'Object Repository/Page_Element/div_Done' is clicked on

2022-01-17 22:24:03 - [MESSAGE][PASSED] - Object: 'Object Repository/Page_Element/div_Done' is clicked on

2022-01-17 22:24:03 - [TEST_STEP][PASSED] - click(findTestObject("Object Repository/Page_Element/div_Review_mx_AccessibleButton mx_SpacePane_f02940")): Object: 'Object Repository/Page_Element/div_Review_mx_AccessibleButton mx_SpacePane_f02940' is clicked on

2022-01-17 22:24:04 - [MESSAGE][PASSED] - Object: 'Object Repository/Page_Element/div_Review_mx_AccessibleButton mx_SpacePane_f02940' is clicked on

2022-01-17 22:24:04 - [TEST_STEP][PASSED] - click(findTestObject("Object Repository/Page_Element/span_hey ban Khoa")): Object: 'Object Repository/Page_Element/span_hey ban Khoa' is clicked on

2022-01-17 22:24:06 - [MESSAGE][PASSED] - Object: 'Object Repository/Page_Element/span_hey ban Khoa' is clicked on

2022-01-17 22:24:06 - [TEST_STEP][PASSED] - click(findTestObject("Object Repository/Page_Element  hey ban Khoa/div_Invite_mx_AccessibleButton mx_SpaceRoom_87964d")): Object: 'Object Repository/Page_Element  hey ban Khoa/div_Invite_mx_AccessibleButton mx_SpaceRoom_87964d' is clicked on

2022-01-17 22:24:07 - [MESSAGE][PASSED] - Object: 'Object Repository/Page_Element  hey ban Khoa/div_Invite_mx_AccessibleButton mx_SpaceRoom_87964d' is clicked on

2022-01-17 22:24:07 - [TEST_STEP][PASSED] - click(findTestObject("Object Repository/Page_Element  hey ban Khoa/span_Visibility")): Object: 'Object Repository/Page_Element  hey ban Khoa/span_Visibility' is clicked on

2022-01-17 22:24:08 - [MESSAGE][PASSED] - Object: 'Object Repository/Page_Element  hey ban Khoa/span_Visibility' is clicked on

2022-01-17 22:24:08 - [TEST_STEP][PASSED] - closeBrowser(): Browser is closed

2022-01-17 22:24:08 - [MESSAGE][PASSED] - Browser is closed]]></system-out>
         <system-err><![CDATA[]]></system-err>
      </testcase>
      <testcase name="Test Cases/73.InviteToSpacec" time="32.215" classname="Test Cases/73.InviteToSpacec" status="PASSED">
         <system-out><![CDATA[2022-01-17 22:24:08 - [TEST_CASE][PASSED] - Test Cases/73.InviteToSpacec: Test Cases/73.InviteToSpacec

2022-01-17 22:24:09 - [TEST_STEP][PASSED] - openBrowser(""): Browser is opened with url: ''

2022-01-17 22:24:09 - [MESSAGE][INFO] - Starting 'Chrome' driver

2022-01-17 22:24:09 - [MESSAGE][INFO] - Action delay is set to 1,000 milliseconds

2022-01-17 22:24:10 - [MESSAGE][PASSED] - Browser is opened with url: ''

2022-01-17 22:24:10 - [TEST_STEP][PASSED] - navigateToUrl("http://localhost:8080/"): Navigate to 'http://localhost:8080/' successfully

2022-01-17 22:24:12 - [MESSAGE][PASSED] - Navigate to 'http://localhost:8080/' successfully

2022-01-17 22:24:12 - [TEST_STEP][PASSED] - click(findTestObject("Object Repository/Page_Element/div_Sign In")): Object: 'Object Repository/Page_Element/div_Sign In' is clicked on

2022-01-17 22:24:16 - [MESSAGE][PASSED] - Object: 'Object Repository/Page_Element/div_Sign In' is clicked on

2022-01-17 22:24:16 - [TEST_STEP][PASSED] - setText(findTestObject("Object Repository/Page_Element/input_Sign in with_username"), "ptnha19"): Text 'ptnha19' is set on object 'Object Repository/Page_Element/input_Sign in with_username'

2022-01-17 22:24:20 - [MESSAGE][PASSED] - Text 'ptnha19' is set on object 'Object Repository/Page_Element/input_Sign in with_username'

2022-01-17 22:24:20 - [TEST_STEP][PASSED] - setEncryptedText(findTestObject("Object Repository/Page_Element/input_Username_password"), "5R3Ima4A+eOeCrCDRGMLmJpaGR3V3+YI"): Text ****** has been set on object 'Object Repository/Page_Element/input_Username_password'

2022-01-17 22:24:22 - [MESSAGE][PASSED] - Text ****** has been set on object 'Object Repository/Page_Element/input_Username_password'

2022-01-17 22:24:22 - [TEST_STEP][PASSED] - click(findTestObject("Object Repository/Page_Element/input_Forgot password_mx_Login_submit")): Object: 'Object Repository/Page_Element/input_Forgot password_mx_Login_submit' is clicked on

2022-01-17 22:24:23 - [MESSAGE][PASSED] - Object: 'Object Repository/Page_Element/input_Forgot password_mx_Login_submit' is clicked on

2022-01-17 22:24:23 - [TEST_STEP][PASSED] - click(findTestObject("Object Repository/Page_Element/div_Verify with Security Key")): Object: 'Object Repository/Page_Element/div_Verify with Security Key' is clicked on

2022-01-17 22:24:30 - [MESSAGE][PASSED] - Object: 'Object Repository/Page_Element/div_Verify with Security Key' is clicked on

2022-01-17 22:24:30 - [TEST_STEP][PASSED] - click(findTestObject("Object Repository/Page_Element/button_Go Back")): Object: 'Object Repository/Page_Element/button_Go Back' is clicked on

2022-01-17 22:24:32 - [MESSAGE][PASSED] - Object: 'Object Repository/Page_Element/button_Go Back' is clicked on

2022-01-17 22:24:32 - [TEST_STEP][PASSED] - click(findTestObject("Object Repository/Page_Element/div_Verify this device_mx_AccessibleButton _90ce45")): Object: 'Object Repository/Page_Element/div_Verify this device_mx_AccessibleButton _90ce45' is clicked on

2022-01-17 22:24:33 - [MESSAGE][PASSED] - Object: 'Object Repository/Page_Element/div_Verify this device_mx_AccessibleButton _90ce45' is clicked on

2022-01-17 22:24:33 - [TEST_STEP][PASSED] - click(findTestObject("Object Repository/Page_Element/div_Ill verify later")): Object: 'Object Repository/Page_Element/div_Ill verify later' is clicked on

2022-01-17 22:24:34 - [MESSAGE][PASSED] - Object: 'Object Repository/Page_Element/div_Ill verify later' is clicked on

2022-01-17 22:24:34 - [TEST_STEP][PASSED] - click(findTestObject("Object Repository/Page_Element/span_H")): Object: 'Object Repository/Page_Element/span_H' is clicked on

2022-01-17 22:24:36 - [MESSAGE][PASSED] - Object: 'Object Repository/Page_Element/span_H' is clicked on

2022-01-17 22:24:36 - [TEST_STEP][PASSED] - click(findTestObject("Object Repository/Page_Element  hey ban Khoa/div_Invite")): Object: 'Object Repository/Page_Element  hey ban Khoa/div_Invite' is clicked on

2022-01-17 22:24:37 - [MESSAGE][PASSED] - Object: 'Object Repository/Page_Element  hey ban Khoa/div_Invite' is clicked on

2022-01-17 22:24:37 - [TEST_STEP][PASSED] - click(findTestObject("Object Repository/Page_Element  hey ban Khoa/div_Vvntuan13579vntuan13579matrix.org7 days ago")): Object: 'Object Repository/Page_Element  hey ban Khoa/div_Vvntuan13579vntuan13579matrix.org7 days ago' is clicked on

2022-01-17 22:24:38 - [MESSAGE][PASSED] - Object: 'Object Repository/Page_Element  hey ban Khoa/div_Vvntuan13579vntuan13579matrix.org7 days ago' is clicked on

2022-01-17 22:24:38 - [TEST_STEP][PASSED] - click(findTestObject("Object Repository/Page_Element  hey ban Khoa/div_vntuan13579_mx_AccessibleButton mx_Invi_91ef3a")): Object: 'Object Repository/Page_Element  hey ban Khoa/div_vntuan13579_mx_AccessibleButton mx_Invi_91ef3a' is clicked on

2022-01-17 22:24:39 - [MESSAGE][PASSED] - Object: 'Object Repository/Page_Element  hey ban Khoa/div_vntuan13579_mx_AccessibleButton mx_Invi_91ef3a' is clicked on

2022-01-17 22:24:39 - [TEST_STEP][PASSED] - click(findTestObject("Object Repository/Page_Element  hey ban Khoa/div_Invite to hey ban Khoa_mx_AccessibleBut_34124f")): Object: 'Object Repository/Page_Element  hey ban Khoa/div_Invite to hey ban Khoa_mx_AccessibleBut_34124f' is clicked on

2022-01-17 22:24:40 - [MESSAGE][PASSED] - Object: 'Object Repository/Page_Element  hey ban Khoa/div_Invite to hey ban Khoa_mx_AccessibleBut_34124f' is clicked on

2022-01-17 22:24:40 - [TEST_STEP][PASSED] - closeBrowser(): Browser is closed

2022-01-17 22:24:41 - [MESSAGE][PASSED] - Browser is closed]]></system-out>
         <system-err><![CDATA[]]></system-err>
      </testcase>
      <testcase name="Test Cases/76.AddInvalidPhoneNumber" time="68.834" classname="Test Cases/76.AddInvalidPhoneNumber" status="FAILED">
         <failure type="FAILED" message="Test Cases/76.AddInvalidPhoneNumber FAILED.
Reason:
com.kms.katalon.core.exception.StepFailedException: Unable to click on object 'Object Repository/Page_Element/button_OK'
	at com.kms.katalon.core.webui.keyword.internal.WebUIKeywordMain.stepFailed(WebUIKeywordMain.groovy:64)
	at com.kms.katalon.core.webui.keyword.internal.WebUIKeywordMain.runKeyword(WebUIKeywordMain.groovy:26)
	at com.kms.katalon.core.webui.keyword.builtin.ClickKeyword.click(ClickKeyword.groovy:74)
	at com.kms.katalon.core.webui.keyword.builtin.ClickKeyword.execute(ClickKeyword.groovy:40)
	at com.kms.katalon.core.keyword.internal.KeywordExecutor.executeKeywordForPlatform(KeywordExecutor.groovy:74)
	at com.kms.katalon.core.webui.keyword.WebUiBuiltInKeywords.click(WebUiBuiltInKeywords.groovy:620)
	at com.kms.katalon.core.webui.keyword.WebUiBuiltInKeywords$click$1.call(Unknown Source)
	at 76.AddInvalidPhoneNumber.run(76.AddInvalidPhoneNumber:48)
	at com.kms.katalon.core.main.ScriptEngine.run(ScriptEngine.java:194)
	at com.kms.katalon.core.main.ScriptEngine.runScriptAsRawText(ScriptEngine.java:119)
	at com.kms.katalon.core.main.TestCaseExecutor.runScript(TestCaseExecutor.java:442)
	at com.kms.katalon.core.main.TestCaseExecutor.doExecute(TestCaseExecutor.java:433)
	at com.kms.katalon.core.main.TestCaseExecutor.processExecutionPhase(TestCaseExecutor.java:412)
	at com.kms.katalon.core.main.TestCaseExecutor.accessMainPhase(TestCaseExecutor.java:404)
	at com.kms.katalon.core.main.TestCaseExecutor.execute(TestCaseExecutor.java:281)
	at com.kms.katalon.core.main.TestSuiteExecutor.accessTestCaseMainPhase(TestSuiteExecutor.java:202)
	at com.kms.katalon.core.main.TestSuiteExecutor.accessTestSuiteMainPhase(TestSuiteExecutor.java:164)
	at com.kms.katalon.core.main.TestSuiteExecutor.execute(TestSuiteExecutor.java:105)
	at com.kms.katalon.core.main.TestCaseMain.startTestSuite(TestCaseMain.java:181)
	at com.kms.katalon.core.main.TestCaseMain$startTestSuite$0.call(Unknown Source)
	at TempTestSuite1642431380491.run(TempTestSuite1642431380491.groovy:36)
Caused by: com.kms.katalon.core.webui.exception.WebElementNotFoundException: Web element with id: 'Object Repository/Page_Element/button_OK' located by '//button[@type='button']' not found
	at com.kms.katalon.core.webui.common.WebUiCommonHelper.findWebElement(WebUiCommonHelper.java:1368)
	at com.kms.katalon.core.webui.keyword.internal.WebUIAbstractKeyword.findWebElement(WebUIAbstractKeyword.groovy:27)
	at com.kms.katalon.core.webui.keyword.builtin.ClickKeyword$_click_closure1.doCall(ClickKeyword.groovy:65)
	at com.kms.katalon.core.webui.keyword.builtin.ClickKeyword$_click_closure1.call(ClickKeyword.groovy)
	at com.kms.katalon.core.webui.keyword.internal.WebUIKeywordMain.runKeyword(WebUIKeywordMain.groovy:20)
	... 19 more
"/>
         <system-out><![CDATA[2022-01-17 22:24:41 - [TEST_CASE][FAILED] - Test Cases/76.AddInvalidPhoneNumber: Test Cases/76.AddInvalidPhoneNumber FAILED.
Reason:
com.kms.katalon.core.exception.StepFailedException: Unable to click on object 'Object Repository/Page_Element/button_OK'
	at com.kms.katalon.core.webui.keyword.internal.WebUIKeywordMain.stepFailed(WebUIKeywordMain.groovy:64)
	at com.kms.katalon.core.webui.keyword.internal.WebUIKeywordMain.runKeyword(WebUIKeywordMain.groovy:26)
	at com.kms.katalon.core.webui.keyword.builtin.ClickKeyword.click(ClickKeyword.groovy:74)
	at com.kms.katalon.core.webui.keyword.builtin.ClickKeyword.execute(ClickKeyword.groovy:40)
	at com.kms.katalon.core.keyword.internal.KeywordExecutor.executeKeywordForPlatform(KeywordExecutor.groovy:74)
	at com.kms.katalon.core.webui.keyword.WebUiBuiltInKeywords.click(WebUiBuiltInKeywords.groovy:620)
	at com.kms.katalon.core.webui.keyword.WebUiBuiltInKeywords$click$1.call(Unknown Source)
	at 76.AddInvalidPhoneNumber.run(76.AddInvalidPhoneNumber:48)
	at com.kms.katalon.core.main.ScriptEngine.run(ScriptEngine.java:194)
	at com.kms.katalon.core.main.ScriptEngine.runScriptAsRawText(ScriptEngine.java:119)
	at com.kms.katalon.core.main.TestCaseExecutor.runScript(TestCaseExecutor.java:442)
	at com.kms.katalon.core.main.TestCaseExecutor.doExecute(TestCaseExecutor.java:433)
	at com.kms.katalon.core.main.TestCaseExecutor.processExecutionPhase(TestCaseExecutor.java:412)
	at com.kms.katalon.core.main.TestCaseExecutor.accessMainPhase(TestCaseExecutor.java:404)
	at com.kms.katalon.core.main.TestCaseExecutor.execute(TestCaseExecutor.java:281)
	at com.kms.katalon.core.main.TestSuiteExecutor.accessTestCaseMainPhase(TestSuiteExecutor.java:202)
	at com.kms.katalon.core.main.TestSuiteExecutor.accessTestSuiteMainPhase(TestSuiteExecutor.java:164)
	at com.kms.katalon.core.main.TestSuiteExecutor.execute(TestSuiteExecutor.java:105)
	at com.kms.katalon.core.main.TestCaseMain.startTestSuite(TestCaseMain.java:181)
	at com.kms.katalon.core.main.TestCaseMain$startTestSuite$0.call(Unknown Source)
	at TempTestSuite1642431380491.run(TempTestSuite1642431380491.groovy:36)
Caused by: com.kms.katalon.core.webui.exception.WebElementNotFoundException: Web element with id: 'Object Repository/Page_Element/button_OK' located by '//button[@type='button']' not found
	at com.kms.katalon.core.webui.common.WebUiCommonHelper.findWebElement(WebUiCommonHelper.java:1368)
	at com.kms.katalon.core.webui.keyword.internal.WebUIAbstractKeyword.findWebElement(WebUIAbstractKeyword.groovy:27)
	at com.kms.katalon.core.webui.keyword.builtin.ClickKeyword$_click_closure1.doCall(ClickKeyword.groovy:65)
	at com.kms.katalon.core.webui.keyword.builtin.ClickKeyword$_click_closure1.call(ClickKeyword.groovy)
	at com.kms.katalon.core.webui.keyword.internal.WebUIKeywordMain.runKeyword(WebUIKeywordMain.groovy:20)
	... 19 more


2022-01-17 22:24:41 - [TEST_STEP][PASSED] - openBrowser(""): Browser is opened with url: ''

2022-01-17 22:24:41 - [MESSAGE][INFO] - Starting 'Chrome' driver

2022-01-17 22:24:41 - [MESSAGE][INFO] - Action delay is set to 1,000 milliseconds

2022-01-17 22:24:42 - [MESSAGE][PASSED] - Browser is opened with url: ''

2022-01-17 22:24:42 - [TEST_STEP][PASSED] - navigateToUrl("http://localhost:8080/"): Navigate to 'http://localhost:8080/' successfully

2022-01-17 22:24:45 - [MESSAGE][PASSED] - Navigate to 'http://localhost:8080/' successfully

2022-01-17 22:24:45 - [TEST_STEP][PASSED] - click(findTestObject("Object Repository/Page_Element/a_Sign In")): Object: 'Object Repository/Page_Element/a_Sign In' is clicked on

2022-01-17 22:24:49 - [MESSAGE][PASSED] - Object: 'Object Repository/Page_Element/a_Sign In' is clicked on

2022-01-17 22:24:49 - [TEST_STEP][PASSED] - setText(findTestObject("Object Repository/Page_Element/input_Sign in with_username"), "ptnha19"): Text 'ptnha19' is set on object 'Object Repository/Page_Element/input_Sign in with_username'

2022-01-17 22:24:53 - [MESSAGE][PASSED] - Text 'ptnha19' is set on object 'Object Repository/Page_Element/input_Sign in with_username'

2022-01-17 22:24:53 - [TEST_STEP][PASSED] - setEncryptedText(findTestObject("Object Repository/Page_Element/input_Username_password"), "5R3Ima4A+eOeCrCDRGMLmJpaGR3V3+YI"): Text ****** has been set on object 'Object Repository/Page_Element/input_Username_password'

2022-01-17 22:24:55 - [MESSAGE][PASSED] - Text ****** has been set on object 'Object Repository/Page_Element/input_Username_password'

2022-01-17 22:24:55 - [TEST_STEP][PASSED] - click(findTestObject("Object Repository/Page_Element/input_Forgot password_mx_Login_submit")): Object: 'Object Repository/Page_Element/input_Forgot password_mx_Login_submit' is clicked on

2022-01-17 22:24:57 - [MESSAGE][PASSED] - Object: 'Object Repository/Page_Element/input_Forgot password_mx_Login_submit' is clicked on

2022-01-17 22:24:57 - [TEST_STEP][PASSED] - click(findTestObject("Object Repository/Page_Element/div_Verify with Security Key")): Object: 'Object Repository/Page_Element/div_Verify with Security Key' is clicked on

2022-01-17 22:25:03 - [MESSAGE][PASSED] - Object: 'Object Repository/Page_Element/div_Verify with Security Key' is clicked on

2022-01-17 22:25:03 - [TEST_STEP][PASSED] - setEncryptedText(findTestObject("Object Repository/Page_Element/input_Security Key_mx_Field_4"), "PF4jXtbe/5x5+S5PgN4Kl/QbANAkWZYKqKaG9gW6gn+Po31AOnak0DX8GoEzAUkskgpeON1UhfEqZG0XXngJPA=="): Text ****** has been set on object 'Object Repository/Page_Element/input_Security Key_mx_Field_4'

2022-01-17 22:25:05 - [MESSAGE][PASSED] - Text ****** has been set on object 'Object Repository/Page_Element/input_Security Key_mx_Field_4'

2022-01-17 22:25:05 - [TEST_STEP][PASSED] - click(findTestObject("Object Repository/Page_Element/button_Continue")): Object: 'Object Repository/Page_Element/button_Continue' is clicked on

2022-01-17 22:25:07 - [MESSAGE][PASSED] - Object: 'Object Repository/Page_Element/button_Continue' is clicked on

2022-01-17 22:25:07 - [TEST_STEP][PASSED] - click(findTestObject("Object Repository/Page_Element/div_Done")): Object: 'Object Repository/Page_Element/div_Done' is clicked on

2022-01-17 22:25:09 - [MESSAGE][PASSED] - Object: 'Object Repository/Page_Element/div_Done' is clicked on

2022-01-17 22:25:09 - [TEST_STEP][PASSED] - click(findTestObject("Object Repository/Page_Element/img_Review_mx_BaseAvatar_image")): Object: 'Object Repository/Page_Element/img_Review_mx_BaseAvatar_image' is clicked on

2022-01-17 22:25:10 - [MESSAGE][PASSED] - Object: 'Object Repository/Page_Element/img_Review_mx_BaseAvatar_image' is clicked on

2022-01-17 22:25:10 - [TEST_STEP][PASSED] - click(findTestObject("Object Repository/Page_Element/span_All settings")): Object: 'Object Repository/Page_Element/span_All settings' is clicked on

2022-01-17 22:25:12 - [MESSAGE][PASSED] - Object: 'Object Repository/Page_Element/span_All settings' is clicked on

2022-01-17 22:25:12 - [TEST_STEP][PASSED] - setText(findTestObject("Object Repository/Page_Element/input__mx_Field_11"), "1233333"): Text '1233333' is set on object 'Object Repository/Page_Element/input__mx_Field_11'

2022-01-17 22:25:17 - [MESSAGE][PASSED] - Text '1233333' is set on object 'Object Repository/Page_Element/input__mx_Field_11'

2022-01-17 22:25:17 - [TEST_STEP][PASSED] - click(findTestObject("Object Repository/Page_Element/div_Add")): Object: 'Object Repository/Page_Element/div_Add' is clicked on

2022-01-17 22:25:18 - [MESSAGE][PASSED] - Object: 'Object Repository/Page_Element/div_Add' is clicked on

2022-01-17 22:25:18 - [TEST_STEP][FAILED] - click(findTestObject("Object Repository/Page_Element/button_OK")): Unable to click on object 'Object Repository/Page_Element/button_OK' (Root cause: com.kms.katalon.core.exception.StepFailedException: Unable to click on object 'Object Repository/Page_Element/button_OK'
	at com.kms.katalon.core.webui.keyword.internal.WebUIKeywordMain.stepFailed(WebUIKeywordMain.groovy:64)
	at com.kms.katalon.core.webui.keyword.internal.WebUIKeywordMain.runKeyword(WebUIKeywordMain.groovy:26)
	at com.kms.katalon.core.webui.keyword.builtin.ClickKeyword.click(ClickKeyword.groovy:74)
	at com.kms.katalon.core.webui.keyword.builtin.ClickKeyword.execute(ClickKeyword.groovy:40)
	at com.kms.katalon.core.keyword.internal.KeywordExecutor.executeKeywordForPlatform(KeywordExecutor.groovy:74)
	at com.kms.katalon.core.webui.keyword.WebUiBuiltInKeywords.click(WebUiBuiltInKeywords.groovy:620)
	at com.kms.katalon.core.webui.keyword.WebUiBuiltInKeywords$click$1.call(Unknown Source)
	at 76.AddInvalidPhoneNumber.run(76.AddInvalidPhoneNumber:48)
	at com.kms.katalon.core.main.ScriptEngine.run(ScriptEngine.java:194)
	at com.kms.katalon.core.main.ScriptEngine.runScriptAsRawText(ScriptEngine.java:119)
	at com.kms.katalon.core.main.TestCaseExecutor.runScript(TestCaseExecutor.java:442)
	at com.kms.katalon.core.main.TestCaseExecutor.doExecute(TestCaseExecutor.java:433)
	at com.kms.katalon.core.main.TestCaseExecutor.processExecutionPhase(TestCaseExecutor.java:412)
	at com.kms.katalon.core.main.TestCaseExecutor.accessMainPhase(TestCaseExecutor.java:404)
	at com.kms.katalon.core.main.TestCaseExecutor.execute(TestCaseExecutor.java:281)
	at com.kms.katalon.core.main.TestSuiteExecutor.accessTestCaseMainPhase(TestSuiteExecutor.java:202)
	at com.kms.katalon.core.main.TestSuiteExecutor.accessTestSuiteMainPhase(TestSuiteExecutor.java:164)
	at com.kms.katalon.core.main.TestSuiteExecutor.execute(TestSuiteExecutor.java:105)
	at com.kms.katalon.core.main.TestCaseMain.startTestSuite(TestCaseMain.java:181)
	at com.kms.katalon.core.main.TestCaseMain$startTestSuite$0.call(Unknown Source)
	at TempTestSuite1642431380491.run(TempTestSuite1642431380491.groovy:36)
Caused by: com.kms.katalon.core.webui.exception.WebElementNotFoundException: Web element with id: 'Object Repository/Page_Element/button_OK' located by '//button[@type='button']' not found
	at com.kms.katalon.core.webui.common.WebUiCommonHelper.findWebElement(WebUiCommonHelper.java:1368)
	at com.kms.katalon.core.webui.keyword.internal.WebUIAbstractKeyword.findWebElement(WebUIAbstractKeyword.groovy:27)
	at com.kms.katalon.core.webui.keyword.builtin.ClickKeyword$_click_closure1.doCall(ClickKeyword.groovy:65)
	at com.kms.katalon.core.webui.keyword.builtin.ClickKeyword$_click_closure1.call(ClickKeyword.groovy)
	at com.kms.katalon.core.webui.keyword.internal.WebUIKeywordMain.runKeyword(WebUIKeywordMain.groovy:20)
	at com.kms.katalon.core.webui.keyword.builtin.ClickKeyword.click(ClickKeyword.groovy:74)
	at com.kms.katalon.core.webui.keyword.builtin.ClickKeyword.execute(ClickKeyword.groovy:40)
	at com.kms.katalon.core.keyword.internal.KeywordExecutor.executeKeywordForPlatform(KeywordExecutor.groovy:74)
	at com.kms.katalon.core.webui.keyword.WebUiBuiltInKeywords.click(WebUiBuiltInKeywords.groovy:620)
	at com.kms.katalon.core.webui.keyword.WebUiBuiltInKeywords$click$1.call(Unknown Source)
	at Script1642177017481.run(Script1642177017481.groovy:48)
	... 13 more
)

2022-01-17 22:25:49 - [MESSAGE][INFO] - Unable to find the element located by 'By.xpath: //button[@type='button']'. Please recheck the objects properties to make sure the desired element is located. 

2022-01-17 22:25:50 - [MESSAGE][FAILED] - Unable to click on object 'Object Repository/Page_Element/button_OK' (Root cause: com.kms.katalon.core.exception.StepFailedException: Unable to click on object 'Object Repository/Page_Element/button_OK'
	at com.kms.katalon.core.webui.keyword.internal.WebUIKeywordMain.stepFailed(WebUIKeywordMain.groovy:64)
	at com.kms.katalon.core.webui.keyword.internal.WebUIKeywordMain.runKeyword(WebUIKeywordMain.groovy:26)
	at com.kms.katalon.core.webui.keyword.builtin.ClickKeyword.click(ClickKeyword.groovy:74)
	at com.kms.katalon.core.webui.keyword.builtin.ClickKeyword.execute(ClickKeyword.groovy:40)
	at com.kms.katalon.core.keyword.internal.KeywordExecutor.executeKeywordForPlatform(KeywordExecutor.groovy:74)
	at com.kms.katalon.core.webui.keyword.WebUiBuiltInKeywords.click(WebUiBuiltInKeywords.groovy:620)
	at com.kms.katalon.core.webui.keyword.WebUiBuiltInKeywords$click$1.call(Unknown Source)
	at 76.AddInvalidPhoneNumber.run(76.AddInvalidPhoneNumber:48)
	at com.kms.katalon.core.main.ScriptEngine.run(ScriptEngine.java:194)
	at com.kms.katalon.core.main.ScriptEngine.runScriptAsRawText(ScriptEngine.java:119)
	at com.kms.katalon.core.main.TestCaseExecutor.runScript(TestCaseExecutor.java:442)
	at com.kms.katalon.core.main.TestCaseExecutor.doExecute(TestCaseExecutor.java:433)
	at com.kms.katalon.core.main.TestCaseExecutor.processExecutionPhase(TestCaseExecutor.java:412)
	at com.kms.katalon.core.main.TestCaseExecutor.accessMainPhase(TestCaseExecutor.java:404)
	at com.kms.katalon.core.main.TestCaseExecutor.execute(TestCaseExecutor.java:281)
	at com.kms.katalon.core.main.TestSuiteExecutor.accessTestCaseMainPhase(TestSuiteExecutor.java:202)
	at com.kms.katalon.core.main.TestSuiteExecutor.accessTestSuiteMainPhase(TestSuiteExecutor.java:164)
	at com.kms.katalon.core.main.TestSuiteExecutor.execute(TestSuiteExecutor.java:105)
	at com.kms.katalon.core.main.TestCaseMain.startTestSuite(TestCaseMain.java:181)
	at com.kms.katalon.core.main.TestCaseMain$startTestSuite$0.call(Unknown Source)
	at TempTestSuite1642431380491.run(TempTestSuite1642431380491.groovy:36)
Caused by: com.kms.katalon.core.webui.exception.WebElementNotFoundException: Web element with id: 'Object Repository/Page_Element/button_OK' located by '//button[@type='button']' not found
	at com.kms.katalon.core.webui.common.WebUiCommonHelper.findWebElement(WebUiCommonHelper.java:1368)
	at com.kms.katalon.core.webui.keyword.internal.WebUIAbstractKeyword.findWebElement(WebUIAbstractKeyword.groovy:27)
	at com.kms.katalon.core.webui.keyword.builtin.ClickKeyword$_click_closure1.doCall(ClickKeyword.groovy:65)
	at com.kms.katalon.core.webui.keyword.builtin.ClickKeyword$_click_closure1.call(ClickKeyword.groovy)
	at com.kms.katalon.core.webui.keyword.internal.WebUIKeywordMain.runKeyword(WebUIKeywordMain.groovy:20)
	at com.kms.katalon.core.webui.keyword.builtin.ClickKeyword.click(ClickKeyword.groovy:74)
	at com.kms.katalon.core.webui.keyword.builtin.ClickKeyword.execute(ClickKeyword.groovy:40)
	at com.kms.katalon.core.keyword.internal.KeywordExecutor.executeKeywordForPlatform(KeywordExecutor.groovy:74)
	at com.kms.katalon.core.webui.keyword.WebUiBuiltInKeywords.click(WebUiBuiltInKeywords.groovy:620)
	at com.kms.katalon.core.webui.keyword.WebUiBuiltInKeywords$click$1.call(Unknown Source)
	at Script1642177017481.run(Script1642177017481.groovy:48)
	... 13 more
)
[[ATTACHMENT|D:\\Bonus-SE\\Katalon_pj\\Bonus_SE\\Reports\\20220117_215620\\Run all test case\\20220117_215620\\1642433149934.png]]]]></system-out>
         <system-err><![CDATA[2022-01-17 22:24:41 - [TEST_CASE][FAILED] - Test Cases/76.AddInvalidPhoneNumber: Test Cases/76.AddInvalidPhoneNumber FAILED.
Reason:
com.kms.katalon.core.exception.StepFailedException: Unable to click on object 'Object Repository/Page_Element/button_OK'
	at com.kms.katalon.core.webui.keyword.internal.WebUIKeywordMain.stepFailed(WebUIKeywordMain.groovy:64)
	at com.kms.katalon.core.webui.keyword.internal.WebUIKeywordMain.runKeyword(WebUIKeywordMain.groovy:26)
	at com.kms.katalon.core.webui.keyword.builtin.ClickKeyword.click(ClickKeyword.groovy:74)
	at com.kms.katalon.core.webui.keyword.builtin.ClickKeyword.execute(ClickKeyword.groovy:40)
	at com.kms.katalon.core.keyword.internal.KeywordExecutor.executeKeywordForPlatform(KeywordExecutor.groovy:74)
	at com.kms.katalon.core.webui.keyword.WebUiBuiltInKeywords.click(WebUiBuiltInKeywords.groovy:620)
	at com.kms.katalon.core.webui.keyword.WebUiBuiltInKeywords$click$1.call(Unknown Source)
	at 76.AddInvalidPhoneNumber.run(76.AddInvalidPhoneNumber:48)
	at com.kms.katalon.core.main.ScriptEngine.run(ScriptEngine.java:194)
	at com.kms.katalon.core.main.ScriptEngine.runScriptAsRawText(ScriptEngine.java:119)
	at com.kms.katalon.core.main.TestCaseExecutor.runScript(TestCaseExecutor.java:442)
	at com.kms.katalon.core.main.TestCaseExecutor.doExecute(TestCaseExecutor.java:433)
	at com.kms.katalon.core.main.TestCaseExecutor.processExecutionPhase(TestCaseExecutor.java:412)
	at com.kms.katalon.core.main.TestCaseExecutor.accessMainPhase(TestCaseExecutor.java:404)
	at com.kms.katalon.core.main.TestCaseExecutor.execute(TestCaseExecutor.java:281)
	at com.kms.katalon.core.main.TestSuiteExecutor.accessTestCaseMainPhase(TestSuiteExecutor.java:202)
	at com.kms.katalon.core.main.TestSuiteExecutor.accessTestSuiteMainPhase(TestSuiteExecutor.java:164)
	at com.kms.katalon.core.main.TestSuiteExecutor.execute(TestSuiteExecutor.java:105)
	at com.kms.katalon.core.main.TestCaseMain.startTestSuite(TestCaseMain.java:181)
	at com.kms.katalon.core.main.TestCaseMain$startTestSuite$0.call(Unknown Source)
	at TempTestSuite1642431380491.run(TempTestSuite1642431380491.groovy:36)
Caused by: com.kms.katalon.core.webui.exception.WebElementNotFoundException: Web element with id: 'Object Repository/Page_Element/button_OK' located by '//button[@type='button']' not found
	at com.kms.katalon.core.webui.common.WebUiCommonHelper.findWebElement(WebUiCommonHelper.java:1368)
	at com.kms.katalon.core.webui.keyword.internal.WebUIAbstractKeyword.findWebElement(WebUIAbstractKeyword.groovy:27)
	at com.kms.katalon.core.webui.keyword.builtin.ClickKeyword$_click_closure1.doCall(ClickKeyword.groovy:65)
	at com.kms.katalon.core.webui.keyword.builtin.ClickKeyword$_click_closure1.call(ClickKeyword.groovy)
	at com.kms.katalon.core.webui.keyword.internal.WebUIKeywordMain.runKeyword(WebUIKeywordMain.groovy:20)
	... 19 more]]></system-err>
      </testcase>
      <testcase name="Test Cases/79.InvitePeopleToSpace_RightClick" time="29.939" classname="Test Cases/79.InvitePeopleToSpace_RightClick" status="PASSED">
         <system-out><![CDATA[2022-01-17 22:25:50 - [TEST_CASE][PASSED] - Test Cases/79.InvitePeopleToSpace_RightClick: Test Cases/79.InvitePeopleToSpace_RightClick

2022-01-17 22:25:50 - [TEST_STEP][PASSED] - openBrowser(""): Browser is opened with url: ''

2022-01-17 22:25:50 - [MESSAGE][WARNING] - A browser is already opened. Closing browser and opening a new one

2022-01-17 22:25:50 - [MESSAGE][INFO] - Starting 'Chrome' driver

2022-01-17 22:25:50 - [MESSAGE][INFO] - Action delay is set to 1,000 milliseconds

2022-01-17 22:25:52 - [MESSAGE][PASSED] - Browser is opened with url: ''

2022-01-17 22:25:52 - [TEST_STEP][PASSED] - navigateToUrl("http://localhost:8080/"): Navigate to 'http://localhost:8080/' successfully

2022-01-17 22:25:54 - [MESSAGE][PASSED] - Navigate to 'http://localhost:8080/' successfully

2022-01-17 22:25:54 - [TEST_STEP][PASSED] - click(findTestObject("Object Repository/Page_Element/div_Sign In")): Object: 'Object Repository/Page_Element/div_Sign In' is clicked on

2022-01-17 22:25:58 - [MESSAGE][PASSED] - Object: 'Object Repository/Page_Element/div_Sign In' is clicked on

2022-01-17 22:25:58 - [TEST_STEP][PASSED] - setText(findTestObject("Object Repository/Page_Element/input_Sign in with_username"), "ptnha19"): Text 'ptnha19' is set on object 'Object Repository/Page_Element/input_Sign in with_username'

2022-01-17 22:26:01 - [MESSAGE][PASSED] - Text 'ptnha19' is set on object 'Object Repository/Page_Element/input_Sign in with_username'

2022-01-17 22:26:01 - [TEST_STEP][PASSED] - setEncryptedText(findTestObject("Object Repository/Page_Element/input_Username_password"), "5R3Ima4A+eOeCrCDRGMLmJpaGR3V3+YI"): Text ****** has been set on object 'Object Repository/Page_Element/input_Username_password'

2022-01-17 22:26:03 - [MESSAGE][PASSED] - Text ****** has been set on object 'Object Repository/Page_Element/input_Username_password'

2022-01-17 22:26:03 - [TEST_STEP][PASSED] - click(findTestObject("Object Repository/Page_Element/input_Forgot password_mx_Login_submit")): Object: 'Object Repository/Page_Element/input_Forgot password_mx_Login_submit' is clicked on

2022-01-17 22:26:04 - [MESSAGE][PASSED] - Object: 'Object Repository/Page_Element/input_Forgot password_mx_Login_submit' is clicked on

2022-01-17 22:26:04 - [TEST_STEP][PASSED] - click(findTestObject("Object Repository/Page_Element/div_Verify with Security Key")): Object: 'Object Repository/Page_Element/div_Verify with Security Key' is clicked on

2022-01-17 22:26:10 - [MESSAGE][PASSED] - Object: 'Object Repository/Page_Element/div_Verify with Security Key' is clicked on

2022-01-17 22:26:10 - [TEST_STEP][PASSED] - setEncryptedText(findTestObject("Object Repository/Page_Element/input_Security Key_mx_Field_4"), "PF4jXtbe/5x5+S5PgN4Kl/QbANAkWZYKqKaG9gW6gn+Po31AOnak0DX8GoEzAUkskgpeON1UhfEqZG0XXngJPA=="): Text ****** has been set on object 'Object Repository/Page_Element/input_Security Key_mx_Field_4'

2022-01-17 22:26:13 - [MESSAGE][PASSED] - Text ****** has been set on object 'Object Repository/Page_Element/input_Security Key_mx_Field_4'

2022-01-17 22:26:13 - [TEST_STEP][PASSED] - click(findTestObject("Object Repository/Page_Element/button_Continue")): Object: 'Object Repository/Page_Element/button_Continue' is clicked on

2022-01-17 22:26:14 - [MESSAGE][PASSED] - Object: 'Object Repository/Page_Element/button_Continue' is clicked on

2022-01-17 22:26:14 - [TEST_STEP][PASSED] - click(findTestObject("Object Repository/Page_Element/div_Done")): Object: 'Object Repository/Page_Element/div_Done' is clicked on

2022-01-17 22:26:16 - [MESSAGE][PASSED] - Object: 'Object Repository/Page_Element/div_Done' is clicked on

2022-01-17 22:26:16 - [TEST_STEP][PASSED] - rightClick(findTestObject("Object Repository/Page_Element/span_H")): Object: 'Object Repository/Page_Element/span_H' is right clicked on

2022-01-17 22:26:16 - [MESSAGE][PASSED] - Object: 'Object Repository/Page_Element/span_H' is right clicked on

2022-01-17 22:26:16 - [TEST_STEP][PASSED] - click(findTestObject("Object Repository/Page_Element/span_Invite")): Object: 'Object Repository/Page_Element/span_Invite' is clicked on

2022-01-17 22:26:18 - [MESSAGE][PASSED] - Object: 'Object Repository/Page_Element/span_Invite' is clicked on

2022-01-17 22:26:18 - [TEST_STEP][PASSED] - click(findTestObject("Object Repository/Page_Element/input_share this space_focus-visible")): Object: 'Object Repository/Page_Element/input_share this space_focus-visible' is clicked on

2022-01-17 22:26:19 - [MESSAGE][PASSED] - Object: 'Object Repository/Page_Element/input_share this space_focus-visible' is clicked on

2022-01-17 22:26:19 - [TEST_STEP][PASSED] - closeBrowser(): Browser is closed

2022-01-17 22:26:19 - [MESSAGE][PASSED] - Browser is closed]]></system-out>
         <system-err><![CDATA[]]></system-err>
      </testcase>
      <testcase name="Test Cases/81.SettingSpace_RightClick" time="30.751" classname="Test Cases/81.SettingSpace_RightClick" status="PASSED">
         <system-out><![CDATA[2022-01-17 22:26:19 - [TEST_CASE][PASSED] - Test Cases/81.SettingSpace_RightClick: Test Cases/81.SettingSpace_RightClick

2022-01-17 22:26:20 - [TEST_STEP][PASSED] - openBrowser(""): Browser is opened with url: ''

2022-01-17 22:26:20 - [MESSAGE][INFO] - Starting 'Chrome' driver

2022-01-17 22:26:20 - [MESSAGE][INFO] - Action delay is set to 1,000 milliseconds

2022-01-17 22:26:21 - [MESSAGE][PASSED] - Browser is opened with url: ''

2022-01-17 22:26:21 - [TEST_STEP][PASSED] - navigateToUrl("http://localhost:8080/"): Navigate to 'http://localhost:8080/' successfully

2022-01-17 22:26:23 - [MESSAGE][PASSED] - Navigate to 'http://localhost:8080/' successfully

2022-01-17 22:26:23 - [TEST_STEP][PASSED] - click(findTestObject("Object Repository/Page_Element/div_Sign In")): Object: 'Object Repository/Page_Element/div_Sign In' is clicked on

2022-01-17 22:26:27 - [MESSAGE][PASSED] - Object: 'Object Repository/Page_Element/div_Sign In' is clicked on

2022-01-17 22:26:27 - [TEST_STEP][PASSED] - setText(findTestObject("Object Repository/Page_Element/input_Sign in with_username"), "ptnha19"): Text 'ptnha19' is set on object 'Object Repository/Page_Element/input_Sign in with_username'

2022-01-17 22:26:30 - [MESSAGE][PASSED] - Text 'ptnha19' is set on object 'Object Repository/Page_Element/input_Sign in with_username'

2022-01-17 22:26:30 - [TEST_STEP][PASSED] - setEncryptedText(findTestObject("Object Repository/Page_Element/input_Username_password"), "5R3Ima4A+eOeCrCDRGMLmJpaGR3V3+YI"): Text ****** has been set on object 'Object Repository/Page_Element/input_Username_password'

2022-01-17 22:26:32 - [MESSAGE][PASSED] - Text ****** has been set on object 'Object Repository/Page_Element/input_Username_password'

2022-01-17 22:26:32 - [TEST_STEP][PASSED] - click(findTestObject("Object Repository/Page_Element/input_Forgot password_mx_Login_submit")): Object: 'Object Repository/Page_Element/input_Forgot password_mx_Login_submit' is clicked on

2022-01-17 22:26:33 - [MESSAGE][PASSED] - Object: 'Object Repository/Page_Element/input_Forgot password_mx_Login_submit' is clicked on

2022-01-17 22:26:33 - [TEST_STEP][PASSED] - click(findTestObject("Object Repository/Page_Element/div_Verify with Security Key")): Object: 'Object Repository/Page_Element/div_Verify with Security Key' is clicked on

2022-01-17 22:26:39 - [MESSAGE][PASSED] - Object: 'Object Repository/Page_Element/div_Verify with Security Key' is clicked on

2022-01-17 22:26:39 - [TEST_STEP][PASSED] - setEncryptedText(findTestObject("Object Repository/Page_Element/input_Security Key_mx_Field_4"), "PF4jXtbe/5x5+S5PgN4Kl/QbANAkWZYKqKaG9gW6gn+Po31AOnak0DX8GoEzAUkskgpeON1UhfEqZG0XXngJPA=="): Text ****** has been set on object 'Object Repository/Page_Element/input_Security Key_mx_Field_4'

2022-01-17 22:26:43 - [MESSAGE][PASSED] - Text ****** has been set on object 'Object Repository/Page_Element/input_Security Key_mx_Field_4'

2022-01-17 22:26:43 - [TEST_STEP][PASSED] - click(findTestObject("Object Repository/Page_Element/button_Continue")): Object: 'Object Repository/Page_Element/button_Continue' is clicked on

2022-01-17 22:26:44 - [MESSAGE][PASSED] - Object: 'Object Repository/Page_Element/button_Continue' is clicked on

2022-01-17 22:26:44 - [TEST_STEP][PASSED] - click(findTestObject("Object Repository/Page_Element/div_Done")): Object: 'Object Repository/Page_Element/div_Done' is clicked on

2022-01-17 22:26:46 - [MESSAGE][PASSED] - Object: 'Object Repository/Page_Element/div_Done' is clicked on

2022-01-17 22:26:46 - [TEST_STEP][PASSED] - rightClick(findTestObject("Object Repository/Page_Element/span_H")): Object: 'Object Repository/Page_Element/span_H' is right clicked on

2022-01-17 22:26:47 - [MESSAGE][PASSED] - Object: 'Object Repository/Page_Element/span_H' is right clicked on

2022-01-17 22:26:47 - [TEST_STEP][PASSED] - click(findTestObject("Object Repository/Page_Element/span_Settings")): Object: 'Object Repository/Page_Element/span_Settings' is clicked on

2022-01-17 22:26:48 - [MESSAGE][PASSED] - Object: 'Object Repository/Page_Element/span_Settings' is clicked on

2022-01-17 22:26:48 - [TEST_STEP][PASSED] - click(findTestObject("Object Repository/Page_Element/input_Upload_spaceName")): Object: 'Object Repository/Page_Element/input_Upload_spaceName' is clicked on

2022-01-17 22:26:50 - [MESSAGE][PASSED] - Object: 'Object Repository/Page_Element/input_Upload_spaceName' is clicked on

2022-01-17 22:26:50 - [TEST_STEP][PASSED] - closeBrowser(): Browser is closed

2022-01-17 22:26:50 - [MESSAGE][PASSED] - Browser is closed]]></system-out>
         <system-err><![CDATA[]]></system-err>
      </testcase>
      <testcase name="Test Cases/84.CreateNewRoomThroughExploreRoom" time="35.077" classname="Test Cases/84.CreateNewRoomThroughExploreRoom" status="PASSED">
         <system-out><![CDATA[2022-01-17 22:26:50 - [TEST_CASE][PASSED] - Test Cases/84.CreateNewRoomThroughExploreRoom: Test Cases/84.CreateNewRoomThroughExploreRoom

2022-01-17 22:26:50 - [TEST_STEP][PASSED] - openBrowser(""): Browser is opened with url: ''

2022-01-17 22:26:50 - [MESSAGE][INFO] - Starting 'Chrome' driver

2022-01-17 22:26:50 - [MESSAGE][INFO] - Action delay is set to 1,000 milliseconds

2022-01-17 22:26:52 - [MESSAGE][PASSED] - Browser is opened with url: ''

2022-01-17 22:26:52 - [TEST_STEP][PASSED] - navigateToUrl("http://localhost:8080/"): Navigate to 'http://localhost:8080/' successfully

2022-01-17 22:26:54 - [MESSAGE][PASSED] - Navigate to 'http://localhost:8080/' successfully

2022-01-17 22:26:54 - [TEST_STEP][PASSED] - click(findTestObject("Object Repository/Page_Element/div_Sign In")): Object: 'Object Repository/Page_Element/div_Sign In' is clicked on

2022-01-17 22:26:58 - [MESSAGE][PASSED] - Object: 'Object Repository/Page_Element/div_Sign In' is clicked on

2022-01-17 22:26:58 - [TEST_STEP][PASSED] - setText(findTestObject("Object Repository/Page_Element/input_Sign in with_username"), "ptnha19"): Text 'ptnha19' is set on object 'Object Repository/Page_Element/input_Sign in with_username'

2022-01-17 22:27:01 - [MESSAGE][PASSED] - Text 'ptnha19' is set on object 'Object Repository/Page_Element/input_Sign in with_username'

2022-01-17 22:27:01 - [TEST_STEP][PASSED] - setEncryptedText(findTestObject("Object Repository/Page_Element/input_Username_password"), "5R3Ima4A+eOeCrCDRGMLmJpaGR3V3+YI"): Text ****** has been set on object 'Object Repository/Page_Element/input_Username_password'

2022-01-17 22:27:03 - [MESSAGE][PASSED] - Text ****** has been set on object 'Object Repository/Page_Element/input_Username_password'

2022-01-17 22:27:03 - [TEST_STEP][PASSED] - click(findTestObject("Object Repository/Page_Element/input_Forgot password_mx_Login_submit")): Object: 'Object Repository/Page_Element/input_Forgot password_mx_Login_submit' is clicked on

2022-01-17 22:27:05 - [MESSAGE][PASSED] - Object: 'Object Repository/Page_Element/input_Forgot password_mx_Login_submit' is clicked on

2022-01-17 22:27:05 - [TEST_STEP][PASSED] - click(findTestObject("Object Repository/Page_Element/div_Verify with Security Key")): Object: 'Object Repository/Page_Element/div_Verify with Security Key' is clicked on

2022-01-17 22:27:11 - [MESSAGE][PASSED] - Object: 'Object Repository/Page_Element/div_Verify with Security Key' is clicked on

2022-01-17 22:27:11 - [TEST_STEP][PASSED] - setEncryptedText(findTestObject("Object Repository/Page_Element/input_Security Key_mx_Field_4"), "PF4jXtbe/5x5+S5PgN4Kl/QbANAkWZYKqKaG9gW6gn+Po31AOnak0DX8GoEzAUkskgpeON1UhfEqZG0XXngJPA=="): Text ****** has been set on object 'Object Repository/Page_Element/input_Security Key_mx_Field_4'

2022-01-17 22:27:15 - [MESSAGE][PASSED] - Text ****** has been set on object 'Object Repository/Page_Element/input_Security Key_mx_Field_4'

2022-01-17 22:27:15 - [TEST_STEP][PASSED] - click(findTestObject("Object Repository/Page_Element/button_Continue")): Object: 'Object Repository/Page_Element/button_Continue' is clicked on

2022-01-17 22:27:16 - [MESSAGE][PASSED] - Object: 'Object Repository/Page_Element/button_Continue' is clicked on

2022-01-17 22:27:16 - [TEST_STEP][PASSED] - click(findTestObject("Object Repository/Page_Element/div_Done")): Object: 'Object Repository/Page_Element/div_Done' is clicked on

2022-01-17 22:27:18 - [MESSAGE][PASSED] - Object: 'Object Repository/Page_Element/div_Done' is clicked on

2022-01-17 22:27:18 - [TEST_STEP][PASSED] - click(findTestObject("Object Repository/Page_Element/div_Ctrl K_mx_AccessibleButton mx_LeftPanel_88084c")): Object: 'Object Repository/Page_Element/div_Ctrl K_mx_AccessibleButton mx_LeftPanel_88084c' is clicked on

2022-01-17 22:27:19 - [MESSAGE][PASSED] - Object: 'Object Repository/Page_Element/div_Ctrl K_mx_AccessibleButton mx_LeftPanel_88084c' is clicked on

2022-01-17 22:27:19 - [TEST_STEP][PASSED] - click(findTestObject("Object Repository/Page_Element/div_Create a new room")): Object: 'Object Repository/Page_Element/div_Create a new room' is clicked on

2022-01-17 22:27:20 - [MESSAGE][PASSED] - Object: 'Object Repository/Page_Element/div_Create a new room' is clicked on

2022-01-17 22:27:20 - [TEST_STEP][PASSED] - setText(findTestObject("Object Repository/Page_Element/input_Create a public room_mx_Field_5"), "abc"): Text 'abc' is set on object 'Object Repository/Page_Element/input_Create a public room_mx_Field_5'

2022-01-17 22:27:23 - [MESSAGE][PASSED] - Text 'abc' is set on object 'Object Repository/Page_Element/input_Create a public room_mx_Field_5'

2022-01-17 22:27:23 - [TEST_STEP][PASSED] - click(findTestObject("Object Repository/Page_Element/button_Cancel")): Object: 'Object Repository/Page_Element/button_Cancel' is clicked on

2022-01-17 22:27:25 - [MESSAGE][PASSED] - Object: 'Object Repository/Page_Element/button_Cancel' is clicked on

2022-01-17 22:27:25 - [TEST_STEP][PASSED] - closeBrowser(): Browser is closed

2022-01-17 22:27:25 - [MESSAGE][PASSED] - Browser is closed]]></system-out>
         <system-err><![CDATA[]]></system-err>
      </testcase>
      <testcase name="Test Cases/87.CreateRoomShowAdvanced" time="33.012" classname="Test Cases/87.CreateRoomShowAdvanced" status="PASSED">
         <system-out><![CDATA[2022-01-17 22:27:25 - [TEST_CASE][PASSED] - Test Cases/87.CreateRoomShowAdvanced: Test Cases/87.CreateRoomShowAdvanced

2022-01-17 22:27:26 - [TEST_STEP][PASSED] - openBrowser(""): Browser is opened with url: ''

2022-01-17 22:27:26 - [MESSAGE][INFO] - Starting 'Chrome' driver

2022-01-17 22:27:26 - [MESSAGE][INFO] - Action delay is set to 1,000 milliseconds

2022-01-17 22:27:27 - [MESSAGE][PASSED] - Browser is opened with url: ''

2022-01-17 22:27:27 - [TEST_STEP][PASSED] - navigateToUrl("http://localhost:8080/"): Navigate to 'http://localhost:8080/' successfully

2022-01-17 22:27:29 - [MESSAGE][PASSED] - Navigate to 'http://localhost:8080/' successfully

2022-01-17 22:27:29 - [TEST_STEP][PASSED] - click(findTestObject("Object Repository/Page_Element/div_Sign In")): Object: 'Object Repository/Page_Element/div_Sign In' is clicked on

2022-01-17 22:27:32 - [MESSAGE][PASSED] - Object: 'Object Repository/Page_Element/div_Sign In' is clicked on

2022-01-17 22:27:32 - [TEST_STEP][PASSED] - setText(findTestObject("Object Repository/Page_Element/input_Sign in with_username"), "ptnha19"): Text 'ptnha19' is set on object 'Object Repository/Page_Element/input_Sign in with_username'

2022-01-17 22:27:36 - [MESSAGE][PASSED] - Text 'ptnha19' is set on object 'Object Repository/Page_Element/input_Sign in with_username'

2022-01-17 22:27:36 - [TEST_STEP][PASSED] - setEncryptedText(findTestObject("Object Repository/Page_Element/input_Username_password"), "5R3Ima4A+eOeCrCDRGMLmJpaGR3V3+YI"): Text ****** has been set on object 'Object Repository/Page_Element/input_Username_password'

2022-01-17 22:27:38 - [MESSAGE][PASSED] - Text ****** has been set on object 'Object Repository/Page_Element/input_Username_password'

2022-01-17 22:27:38 - [TEST_STEP][PASSED] - click(findTestObject("Object Repository/Page_Element/input_Forgot password_mx_Login_submit")): Object: 'Object Repository/Page_Element/input_Forgot password_mx_Login_submit' is clicked on

2022-01-17 22:27:39 - [MESSAGE][PASSED] - Object: 'Object Repository/Page_Element/input_Forgot password_mx_Login_submit' is clicked on

2022-01-17 22:27:39 - [TEST_STEP][PASSED] - click(findTestObject("Object Repository/Page_Element/div_Verify with Security Key")): Object: 'Object Repository/Page_Element/div_Verify with Security Key' is clicked on

2022-01-17 22:27:44 - [MESSAGE][PASSED] - Object: 'Object Repository/Page_Element/div_Verify with Security Key' is clicked on

2022-01-17 22:27:44 - [TEST_STEP][PASSED] - setEncryptedText(findTestObject("Object Repository/Page_Element/input_Security Key_mx_Field_4"), "PF4jXtbe/5x5+S5PgN4Kl/QbANAkWZYKqKaG9gW6gn+Po31AOnak0DX8GoEzAUkskgpeON1UhfEqZG0XXngJPA=="): Text ****** has been set on object 'Object Repository/Page_Element/input_Security Key_mx_Field_4'

2022-01-17 22:27:47 - [MESSAGE][PASSED] - Text ****** has been set on object 'Object Repository/Page_Element/input_Security Key_mx_Field_4'

2022-01-17 22:27:47 - [TEST_STEP][PASSED] - click(findTestObject("Object Repository/Page_Element/button_Continue")): Object: 'Object Repository/Page_Element/button_Continue' is clicked on

2022-01-17 22:27:48 - [MESSAGE][PASSED] - Object: 'Object Repository/Page_Element/button_Continue' is clicked on

2022-01-17 22:27:48 - [TEST_STEP][PASSED] - click(findTestObject("Object Repository/Page_Element/div_Done")): Object: 'Object Repository/Page_Element/div_Done' is clicked on

2022-01-17 22:27:51 - [MESSAGE][PASSED] - Object: 'Object Repository/Page_Element/div_Done' is clicked on

2022-01-17 22:27:51 - [TEST_STEP][PASSED] - click(findTestObject("Object Repository/Page_Element/div_Create a Group Chat")): Object: 'Object Repository/Page_Element/div_Create a Group Chat' is clicked on

2022-01-17 22:27:52 - [MESSAGE][PASSED] - Object: 'Object Repository/Page_Element/div_Create a Group Chat' is clicked on

2022-01-17 22:27:52 - [TEST_STEP][PASSED] - click(findTestObject("Object Repository/Page_Element/summary_Show advanced")): Object: 'Object Repository/Page_Element/summary_Show advanced' is clicked on

2022-01-17 22:27:53 - [MESSAGE][PASSED] - Object: 'Object Repository/Page_Element/summary_Show advanced' is clicked on

2022-01-17 22:27:53 - [TEST_STEP][PASSED] - setText(findTestObject("Object Repository/Page_Element/input_Name_mx_Field_6"), "abc"): Text 'abc' is set on object 'Object Repository/Page_Element/input_Name_mx_Field_6'

2022-01-17 22:27:56 - [MESSAGE][PASSED] - Text 'abc' is set on object 'Object Repository/Page_Element/input_Name_mx_Field_6'

2022-01-17 22:27:56 - [TEST_STEP][PASSED] - click(findTestObject("Object Repository/Page_Element/button_Cancel")): Object: 'Object Repository/Page_Element/button_Cancel' is clicked on

2022-01-17 22:27:58 - [MESSAGE][PASSED] - Object: 'Object Repository/Page_Element/button_Cancel' is clicked on

2022-01-17 22:27:58 - [TEST_STEP][PASSED] - closeBrowser(): Browser is closed

2022-01-17 22:27:58 - [MESSAGE][PASSED] - Browser is closed]]></system-out>
         <system-err><![CDATA[]]></system-err>
      </testcase>
      <testcase name="Test Cases/89.SendMessageExploreRoom" time="38.819" classname="Test Cases/89.SendMessageExploreRoom" status="PASSED">
         <system-out><![CDATA[2022-01-17 22:27:58 - [TEST_CASE][PASSED] - Test Cases/89.SendMessageExploreRoom: Test Cases/89.SendMessageExploreRoom

2022-01-17 22:27:59 - [TEST_STEP][PASSED] - openBrowser(""): Browser is opened with url: ''

2022-01-17 22:27:59 - [MESSAGE][INFO] - Starting 'Chrome' driver

2022-01-17 22:27:59 - [MESSAGE][INFO] - Action delay is set to 1,000 milliseconds

2022-01-17 22:28:00 - [MESSAGE][PASSED] - Browser is opened with url: ''

2022-01-17 22:28:00 - [TEST_STEP][PASSED] - navigateToUrl("http://localhost:8080/"): Navigate to 'http://localhost:8080/' successfully

2022-01-17 22:28:03 - [MESSAGE][PASSED] - Navigate to 'http://localhost:8080/' successfully

2022-01-17 22:28:03 - [TEST_STEP][PASSED] - click(findTestObject("Object Repository/Page_Element/div_Sign In")): Object: 'Object Repository/Page_Element/div_Sign In' is clicked on

2022-01-17 22:28:06 - [MESSAGE][PASSED] - Object: 'Object Repository/Page_Element/div_Sign In' is clicked on

2022-01-17 22:28:06 - [TEST_STEP][PASSED] - setText(findTestObject("Object Repository/Page_Element/input_Sign in with_username"), "ptnha19"): Text 'ptnha19' is set on object 'Object Repository/Page_Element/input_Sign in with_username'

2022-01-17 22:28:09 - [MESSAGE][PASSED] - Text 'ptnha19' is set on object 'Object Repository/Page_Element/input_Sign in with_username'

2022-01-17 22:28:09 - [TEST_STEP][PASSED] - setEncryptedText(findTestObject("Object Repository/Page_Element/input_Username_password"), "5R3Ima4A+eOeCrCDRGMLmJpaGR3V3+YI"): Text ****** has been set on object 'Object Repository/Page_Element/input_Username_password'

2022-01-17 22:28:12 - [MESSAGE][PASSED] - Text ****** has been set on object 'Object Repository/Page_Element/input_Username_password'

2022-01-17 22:28:12 - [TEST_STEP][PASSED] - click(findTestObject("Object Repository/Page_Element/input_Forgot password_mx_Login_submit")): Object: 'Object Repository/Page_Element/input_Forgot password_mx_Login_submit' is clicked on

2022-01-17 22:28:13 - [MESSAGE][PASSED] - Object: 'Object Repository/Page_Element/input_Forgot password_mx_Login_submit' is clicked on

2022-01-17 22:28:13 - [TEST_STEP][PASSED] - click(findTestObject("Object Repository/Page_Element/div_Verify with Security Key")): Object: 'Object Repository/Page_Element/div_Verify with Security Key' is clicked on

2022-01-17 22:28:24 - [MESSAGE][PASSED] - Object: 'Object Repository/Page_Element/div_Verify with Security Key' is clicked on

2022-01-17 22:28:24 - [TEST_STEP][PASSED] - setEncryptedText(findTestObject("Object Repository/Page_Element/input_Security Key_mx_Field_4"), "PF4jXtbe/5x5+S5PgN4Kl/QbANAkWZYKqKaG9gW6gn+Po31AOnak0DX8GoEzAUkskgpeON1UhfEqZG0XXngJPA=="): Text ****** has been set on object 'Object Repository/Page_Element/input_Security Key_mx_Field_4'

2022-01-17 22:28:27 - [MESSAGE][PASSED] - Text ****** has been set on object 'Object Repository/Page_Element/input_Security Key_mx_Field_4'

2022-01-17 22:28:27 - [TEST_STEP][PASSED] - click(findTestObject("Object Repository/Page_Element/button_Continue")): Object: 'Object Repository/Page_Element/button_Continue' is clicked on

2022-01-17 22:28:28 - [MESSAGE][PASSED] - Object: 'Object Repository/Page_Element/button_Continue' is clicked on

2022-01-17 22:28:28 - [TEST_STEP][PASSED] - click(findTestObject("Object Repository/Page_Element/div_Done")): Object: 'Object Repository/Page_Element/div_Done' is clicked on

2022-01-17 22:28:30 - [MESSAGE][PASSED] - Object: 'Object Repository/Page_Element/div_Done' is clicked on

2022-01-17 22:28:30 - [TEST_STEP][PASSED] - click(findTestObject("Object Repository/Page_Element/span_Send a Direct Message")): Object: 'Object Repository/Page_Element/span_Send a Direct Message' is clicked on

2022-01-17 22:28:31 - [MESSAGE][PASSED] - Object: 'Object Repository/Page_Element/span_Send a Direct Message' is clicked on

2022-01-17 22:28:31 - [TEST_STEP][PASSED] - click(findTestObject("Object Repository/Page_Element/div_Direct Messages_mx_AccessibleButton mx__57a7bb")): Object: 'Object Repository/Page_Element/div_Direct Messages_mx_AccessibleButton mx__57a7bb' is clicked on

2022-01-17 22:28:33 - [MESSAGE][PASSED] - Object: 'Object Repository/Page_Element/div_Direct Messages_mx_AccessibleButton mx__57a7bb' is clicked on

2022-01-17 22:28:33 - [TEST_STEP][PASSED] - click(findTestObject("Object Repository/Page_Element/div_Explore Public Rooms")): Object: 'Object Repository/Page_Element/div_Explore Public Rooms' is clicked on

2022-01-17 22:28:34 - [MESSAGE][PASSED] - Object: 'Object Repository/Page_Element/div_Explore Public Rooms' is clicked on

2022-01-17 22:28:34 - [TEST_STEP][PASSED] - click(findTestObject("Object Repository/Page_Element/div_Create a new room")): Object: 'Object Repository/Page_Element/div_Create a new room' is clicked on

2022-01-17 22:28:35 - [MESSAGE][PASSED] - Object: 'Object Repository/Page_Element/div_Create a new room' is clicked on

2022-01-17 22:28:35 - [TEST_STEP][PASSED] - click(findTestObject("Object Repository/Page_Element/div_Create a public room_mx_AccessibleButto_14c7c4")): Object: 'Object Repository/Page_Element/div_Create a public room_mx_AccessibleButto_14c7c4' is clicked on

2022-01-17 22:28:37 - [MESSAGE][PASSED] - Object: 'Object Repository/Page_Element/div_Create a public room_mx_AccessibleButto_14c7c4' is clicked on

2022-01-17 22:28:37 - [TEST_STEP][PASSED] - closeBrowser(): Browser is closed

2022-01-17 22:28:37 - [MESSAGE][PASSED] - Browser is closed]]></system-out>
         <system-err><![CDATA[]]></system-err>
      </testcase>
      <testcase name="Test Cases/20.Set_favorate_room" time="40.186" classname="Test Cases/20.Set_favorate_room" status="PASSED">
         <system-out><![CDATA[2022-01-17 22:28:37 - [TEST_CASE][PASSED] - Test Cases/20.Set_favorate_room: Test Cases/20.Set_favorate_room

2022-01-17 22:28:37 - [TEST_STEP][PASSED] - openBrowser(""): Browser is opened with url: ''

2022-01-17 22:28:37 - [MESSAGE][INFO] - Starting 'Chrome' driver

2022-01-17 22:28:37 - [MESSAGE][INFO] - Action delay is set to 1,000 milliseconds

2022-01-17 22:28:39 - [MESSAGE][PASSED] - Browser is opened with url: ''

2022-01-17 22:28:39 - [TEST_STEP][PASSED] - navigateToUrl("http://localhost:8080/"): Navigate to 'http://localhost:8080/' successfully

2022-01-17 22:28:41 - [MESSAGE][PASSED] - Navigate to 'http://localhost:8080/' successfully

2022-01-17 22:28:41 - [TEST_STEP][PASSED] - click(findTestObject("Object Repository/Page_Element/div_Sign In")): Object: 'Object Repository/Page_Element/div_Sign In' is clicked on

2022-01-17 22:28:46 - [MESSAGE][PASSED] - Object: 'Object Repository/Page_Element/div_Sign In' is clicked on

2022-01-17 22:28:46 - [TEST_STEP][PASSED] - setText(findTestObject("Object Repository/Page_Element/input_Sign in with_username"), "ptnha19"): Text 'ptnha19' is set on object 'Object Repository/Page_Element/input_Sign in with_username'

2022-01-17 22:28:49 - [MESSAGE][PASSED] - Text 'ptnha19' is set on object 'Object Repository/Page_Element/input_Sign in with_username'

2022-01-17 22:28:49 - [TEST_STEP][PASSED] - setEncryptedText(findTestObject("Object Repository/Page_Element/input_Username_password"), "5R3Ima4A+eOeCrCDRGMLmJpaGR3V3+YI"): Text ****** has been set on object 'Object Repository/Page_Element/input_Username_password'

2022-01-17 22:28:51 - [MESSAGE][PASSED] - Text ****** has been set on object 'Object Repository/Page_Element/input_Username_password'

2022-01-17 22:28:51 - [TEST_STEP][PASSED] - click(findTestObject("Object Repository/Page_Element/input_Forgot password_mx_Login_submit")): Object: 'Object Repository/Page_Element/input_Forgot password_mx_Login_submit' is clicked on

2022-01-17 22:28:53 - [MESSAGE][PASSED] - Object: 'Object Repository/Page_Element/input_Forgot password_mx_Login_submit' is clicked on

2022-01-17 22:28:53 - [TEST_STEP][PASSED] - click(findTestObject("Object Repository/Page_Element/div_Verify with Security Key")): Object: 'Object Repository/Page_Element/div_Verify with Security Key' is clicked on

2022-01-17 22:29:01 - [MESSAGE][PASSED] - Object: 'Object Repository/Page_Element/div_Verify with Security Key' is clicked on

2022-01-17 22:29:01 - [TEST_STEP][PASSED] - setEncryptedText(findTestObject("Object Repository/Page_Element/input_Security Key_mx_Field_4"), "PF4jXtbe/5x5+S5PgN4Kl/QbANAkWZYKqKaG9gW6gn+Po31AOnak0DX8GoEzAUkskgpeON1UhfEqZG0XXngJPA=="): Text ****** has been set on object 'Object Repository/Page_Element/input_Security Key_mx_Field_4'

2022-01-17 22:29:07 - [MESSAGE][PASSED] - Text ****** has been set on object 'Object Repository/Page_Element/input_Security Key_mx_Field_4'

2022-01-17 22:29:07 - [TEST_STEP][PASSED] - click(findTestObject("Object Repository/Page_Element/button_Continue")): Object: 'Object Repository/Page_Element/button_Continue' is clicked on

2022-01-17 22:29:08 - [MESSAGE][PASSED] - Object: 'Object Repository/Page_Element/button_Continue' is clicked on

2022-01-17 22:29:08 - [TEST_STEP][PASSED] - click(findTestObject("Object Repository/Page_Element/div_Done")): Object: 'Object Repository/Page_Element/div_Done' is clicked on

2022-01-17 22:29:11 - [MESSAGE][PASSED] - Object: 'Object Repository/Page_Element/div_Done' is clicked on

2022-01-17 22:29:11 - [TEST_STEP][PASSED] - click(findTestObject("Object Repository/Page_Element/div_hehe")): Object: 'Object Repository/Page_Element/div_hehe' is clicked on

2022-01-17 22:29:12 - [MESSAGE][PASSED] - Object: 'Object Repository/Page_Element/div_hehe' is clicked on

2022-01-17 22:29:12 - [TEST_STEP][PASSED] - click(findTestObject("Object Repository/Page_Element  hehe/div_hehe_mx_RoomHeader_chevron")): Object: 'Object Repository/Page_Element  hehe/div_hehe_mx_RoomHeader_chevron' is clicked on

2022-01-17 22:29:13 - [MESSAGE][PASSED] - Object: 'Object Repository/Page_Element  hehe/div_hehe_mx_RoomHeader_chevron' is clicked on

2022-01-17 22:29:13 - [TEST_STEP][PASSED] - click(findTestObject("Object Repository/Page_Element  hehe/div_Favorite")): Object: 'Object Repository/Page_Element  hehe/div_Favorite' is clicked on

2022-01-17 22:29:14 - [MESSAGE][PASSED] - Object: 'Object Repository/Page_Element  hehe/div_Favorite' is clicked on

2022-01-17 22:29:14 - [TEST_STEP][PASSED] - click(findTestObject("Object Repository/Page_Element  hehe/div_This room is public_mx_ContextualMenu_b_fc4f75")): Object: 'Object Repository/Page_Element  hehe/div_This room is public_mx_ContextualMenu_b_fc4f75' is clicked on

2022-01-17 22:29:17 - [MESSAGE][PASSED] - Object: 'Object Repository/Page_Element  hehe/div_This room is public_mx_ContextualMenu_b_fc4f75' is clicked on

2022-01-17 22:29:17 - [TEST_STEP][PASSED] - closeBrowser(): Browser is closed

2022-01-17 22:29:17 - [MESSAGE][PASSED] - Browser is closed]]></system-out>
         <system-err><![CDATA[]]></system-err>
      </testcase>
      <system-out><![CDATA[2022-01-17 21:56:31 - [TEST_SUITE][FAILED] - Run all test case: Test Cases/6.Search_join_public_room FAILED.
Reason:
com.kms.katalon.core.exception.StepFailedException: Unable to click on object 'Object Repository/Page_Element/span_Explore public rooms'
	at com.kms.katalon.core.webui.keyword.internal.WebUIKeywordMain.stepFailed(WebUIKeywordMain.groovy:64)
	at com.kms.katalon.core.webui.keyword.internal.WebUIKeywordMain.runKeyword(WebUIKeywordMain.groovy:26)
	at com.kms.katalon.core.webui.keyword.builtin.ClickKeyword.click(ClickKeyword.groovy:74)
	at com.kms.katalon.core.webui.keyword.builtin.ClickKeyword.execute(ClickKeyword.groovy:40)
	at com.kms.katalon.core.keyword.internal.KeywordExecutor.executeKeywordForPlatform(KeywordExecutor.groovy:74)
	at com.kms.katalon.core.webui.keyword.WebUiBuiltInKeywords.click(WebUiBuiltInKeywords.groovy:620)
	at com.kms.katalon.core.webui.keyword.WebUiBuiltInKeywords$click$1.call(Unknown Source)
	at 6.Search_join_public_room.run(6.Search_join_public_room:42)
	at com.kms.katalon.core.main.ScriptEngine.run(ScriptEngine.java:194)
	at com.kms.katalon.core.main.ScriptEngine.runScriptAsRawText(ScriptEngine.java:119)
	at com.kms.katalon.core.main.TestCaseExecutor.runScript(TestCaseExecutor.java:442)
	at com.kms.katalon.core.main.TestCaseExecutor.doExecute(TestCaseExecutor.java:433)
	at com.kms.katalon.core.main.TestCaseExecutor.processExecutionPhase(TestCaseExecutor.java:412)
	at com.kms.katalon.core.main.TestCaseExecutor.accessMainPhase(TestCaseExecutor.java:404)
	at com.kms.katalon.core.main.TestCaseExecutor.execute(TestCaseExecutor.java:281)
	at com.kms.katalon.core.main.TestSuiteExecutor.accessTestCaseMainPhase(TestSuiteExecutor.java:202)
	at com.kms.katalon.core.main.TestSuiteExecutor.accessTestSuiteMainPhase(TestSuiteExecutor.java:164)
	at com.kms.katalon.core.main.TestSuiteExecutor.execute(TestSuiteExecutor.java:105)
	at com.kms.katalon.core.main.TestCaseMain.startTestSuite(TestCaseMain.java:181)
	at com.kms.katalon.core.main.TestCaseMain$startTestSuite$0.call(Unknown Source)
	at TempTestSuite1642431380491.run(TempTestSuite1642431380491.groovy:36)
Caused by: org.openqa.selenium.ElementClickInterceptedException: element click intercepted: Element <span lang="en">...</span> is not clickable at point (726, 463). Other element would receive the click: <div class="mx_ContextualMenu_background"></div>
  (Session info: chrome=97.0.4692.71)
Build info: version: '3.141.59', revision: 'e82be7d358', time: '2018-11-14T08:25:53'
System info: host: 'LAPTOP-RBUE6998', ip: '192.168.1.4', os.name: 'Windows 10', os.arch: 'amd64', os.version: '10.0', java.version: '1.8.0_282'
Driver info: com.kms.katalon.selenium.driver.CChromeDriver
Capabilities {acceptInsecureCerts: false, browserName: chrome, browserVersion: 97.0.4692.71, chrome: {chromedriverVersion: 97.0.4692.71 (adefa7837d02a..., userDataDir: C:\Users\TRI\AppData\Local\...}, goog:chromeOptions: {debuggerAddress: localhost:55862}, javascriptEnabled: true, networkConnectionEnabled: false, pageLoadStrategy: normal, platform: WINDOWS, platformName: WINDOWS, proxy: Proxy(), setWindowRect: true, strictFileInteractability: false, timeouts: {implicit: 0, pageLoad: 300000, script: 30000}, unhandledPromptBehavior: dismiss and notify, webauthn:extension:credBlob: true, webauthn:extension:largeBlob: true, webauthn:virtualAuthenticators: true}
Session ID: ed50f3e9befe4e99438f457ea367d0d0
	at org.openqa.selenium.remote.http.W3CHttpResponseCodec.createException(W3CHttpResponseCodec.java:187)
	at org.openqa.selenium.remote.http.W3CHttpResponseCodec.decode(W3CHttpResponseCodec.java:122)
	at org.openqa.selenium.remote.http.W3CHttpResponseCodec.decode(W3CHttpResponseCodec.java:49)
	at org.openqa.selenium.remote.HttpCommandExecutor.execute(HttpCommandExecutor.java:158)
	at org.openqa.selenium.remote.service.DriverCommandExecutor.execute(DriverCommandExecutor.java:83)
	at org.openqa.selenium.remote.RemoteWebDriver.execute(RemoteWebDriver.java:552)
	at com.kms.katalon.selenium.driver.CChromeDriver.execute(CChromeDriver.java:19)
	at org.openqa.selenium.remote.RemoteWebElement.execute(RemoteWebElement.java:285)
	at org.openqa.selenium.remote.RemoteWebElement.click(RemoteWebElement.java:84)
	at org.openqa.selenium.support.events.EventFiringWebDriver$EventFiringWebElement.lambda$new$0(EventFiringWebDriver.java:404)
	at com.sun.proxy.$Proxy11.click(Unknown Source)
	at org.openqa.selenium.support.events.EventFiringWebDriver$EventFiringWebElement.click(EventFiringWebDriver.java:417)
	at org.openqa.selenium.WebElement$click.call(Unknown Source)
	at com.kms.katalon.core.webui.keyword.builtin.ClickKeyword.clickUntilSuccessWithTimeout(ClickKeyword.groovy:81)
	at com.kms.katalon.core.webui.keyword.builtin.ClickKeyword.clickUntilSuccessWithTimeout(ClickKeyword.groovy)
	at com.kms.katalon.core.webui.keyword.builtin.ClickKeyword$_click_closure1.doCall(ClickKeyword.groovy:67)
	at com.kms.katalon.core.webui.keyword.builtin.ClickKeyword$_click_closure1.call(ClickKeyword.groovy)
	at com.kms.katalon.core.webui.keyword.internal.WebUIKeywordMain.runKeyword(WebUIKeywordMain.groovy:20)
	... 19 more]]></system-out>
      <system-err><![CDATA[2022-01-17 21:56:31 - [TEST_SUITE][FAILED] - Run all test case: Test Cases/6.Search_join_public_room FAILED.
Reason:
com.kms.katalon.core.exception.StepFailedException: Unable to click on object 'Object Repository/Page_Element/span_Explore public rooms'
	at com.kms.katalon.core.webui.keyword.internal.WebUIKeywordMain.stepFailed(WebUIKeywordMain.groovy:64)
	at com.kms.katalon.core.webui.keyword.internal.WebUIKeywordMain.runKeyword(WebUIKeywordMain.groovy:26)
	at com.kms.katalon.core.webui.keyword.builtin.ClickKeyword.click(ClickKeyword.groovy:74)
	at com.kms.katalon.core.webui.keyword.builtin.ClickKeyword.execute(ClickKeyword.groovy:40)
	at com.kms.katalon.core.keyword.internal.KeywordExecutor.executeKeywordForPlatform(KeywordExecutor.groovy:74)
	at com.kms.katalon.core.webui.keyword.WebUiBuiltInKeywords.click(WebUiBuiltInKeywords.groovy:620)
	at com.kms.katalon.core.webui.keyword.WebUiBuiltInKeywords$click$1.call(Unknown Source)
	at 6.Search_join_public_room.run(6.Search_join_public_room:42)
	at com.kms.katalon.core.main.ScriptEngine.run(ScriptEngine.java:194)
	at com.kms.katalon.core.main.ScriptEngine.runScriptAsRawText(ScriptEngine.java:119)
	at com.kms.katalon.core.main.TestCaseExecutor.runScript(TestCaseExecutor.java:442)
	at com.kms.katalon.core.main.TestCaseExecutor.doExecute(TestCaseExecutor.java:433)
	at com.kms.katalon.core.main.TestCaseExecutor.processExecutionPhase(TestCaseExecutor.java:412)
	at com.kms.katalon.core.main.TestCaseExecutor.accessMainPhase(TestCaseExecutor.java:404)
	at com.kms.katalon.core.main.TestCaseExecutor.execute(TestCaseExecutor.java:281)
	at com.kms.katalon.core.main.TestSuiteExecutor.accessTestCaseMainPhase(TestSuiteExecutor.java:202)
	at com.kms.katalon.core.main.TestSuiteExecutor.accessTestSuiteMainPhase(TestSuiteExecutor.java:164)
	at com.kms.katalon.core.main.TestSuiteExecutor.execute(TestSuiteExecutor.java:105)
	at com.kms.katalon.core.main.TestCaseMain.startTestSuite(TestCaseMain.java:181)
	at com.kms.katalon.core.main.TestCaseMain$startTestSuite$0.call(Unknown Source)
	at TempTestSuite1642431380491.run(TempTestSuite1642431380491.groovy:36)
Caused by: org.openqa.selenium.ElementClickInterceptedException: element click intercepted: Element <span lang="en">...</span> is not clickable at point (726, 463). Other element would receive the click: <div class="mx_ContextualMenu_background"></div>
  (Session info: chrome=97.0.4692.71)
Build info: version: '3.141.59', revision: 'e82be7d358', time: '2018-11-14T08:25:53'
System info: host: 'LAPTOP-RBUE6998', ip: '192.168.1.4', os.name: 'Windows 10', os.arch: 'amd64', os.version: '10.0', java.version: '1.8.0_282'
Driver info: com.kms.katalon.selenium.driver.CChromeDriver
Capabilities {acceptInsecureCerts: false, browserName: chrome, browserVersion: 97.0.4692.71, chrome: {chromedriverVersion: 97.0.4692.71 (adefa7837d02a..., userDataDir: C:\Users\TRI\AppData\Local\...}, goog:chromeOptions: {debuggerAddress: localhost:55862}, javascriptEnabled: true, networkConnectionEnabled: false, pageLoadStrategy: normal, platform: WINDOWS, platformName: WINDOWS, proxy: Proxy(), setWindowRect: true, strictFileInteractability: false, timeouts: {implicit: 0, pageLoad: 300000, script: 30000}, unhandledPromptBehavior: dismiss and notify, webauthn:extension:credBlob: true, webauthn:extension:largeBlob: true, webauthn:virtualAuthenticators: true}
Session ID: ed50f3e9befe4e99438f457ea367d0d0
	at org.openqa.selenium.remote.http.W3CHttpResponseCodec.createException(W3CHttpResponseCodec.java:187)
	at org.openqa.selenium.remote.http.W3CHttpResponseCodec.decode(W3CHttpResponseCodec.java:122)
	at org.openqa.selenium.remote.http.W3CHttpResponseCodec.decode(W3CHttpResponseCodec.java:49)
	at org.openqa.selenium.remote.HttpCommandExecutor.execute(HttpCommandExecutor.java:158)
	at org.openqa.selenium.remote.service.DriverCommandExecutor.execute(DriverCommandExecutor.java:83)
	at org.openqa.selenium.remote.RemoteWebDriver.execute(RemoteWebDriver.java:552)
	at com.kms.katalon.selenium.driver.CChromeDriver.execute(CChromeDriver.java:19)
	at org.openqa.selenium.remote.RemoteWebElement.execute(RemoteWebElement.java:285)
	at org.openqa.selenium.remote.RemoteWebElement.click(RemoteWebElement.java:84)
	at org.openqa.selenium.support.events.EventFiringWebDriver$EventFiringWebElement.lambda$new$0(EventFiringWebDriver.java:404)
	at com.sun.proxy.$Proxy11.click(Unknown Source)
	at org.openqa.selenium.support.events.EventFiringWebDriver$EventFiringWebElement.click(EventFiringWebDriver.java:417)
	at org.openqa.selenium.WebElement$click.call(Unknown Source)
	at com.kms.katalon.core.webui.keyword.builtin.ClickKeyword.clickUntilSuccessWithTimeout(ClickKeyword.groovy:81)
	at com.kms.katalon.core.webui.keyword.builtin.ClickKeyword.clickUntilSuccessWithTimeout(ClickKeyword.groovy)
	at com.kms.katalon.core.webui.keyword.builtin.ClickKeyword$_click_closure1.doCall(ClickKeyword.groovy:67)
	at com.kms.katalon.core.webui.keyword.builtin.ClickKeyword$_click_closure1.call(ClickKeyword.groovy)
	at com.kms.katalon.core.webui.keyword.internal.WebUIKeywordMain.runKeyword(WebUIKeywordMain.groovy:20)
	... 19 more]]></system-err>
   </testsuite>
</testsuites>
