<?xml version="1.0" encoding="UTF-8"?>
<testsuites name="Run all test case" time="2370.777" tests="50" failures="12" errors="0">
   <testsuite name="Run all test case" tests="50" failures="12" errors="0" time="2370.777" skipped="0" timestamp="2022-01-17 22:59:13" hostname="ha.pham - HLBW2D3" id="Test Suites/Run all test case">
      <properties>
         <property name="deviceName" value=""/>
         <property name="devicePlatform" value=""/>
         <property name="logFolder" value="C:\\Users\\ha.pham\\Documents\\GitHub\\Bonus-SE\\Katalon_pj\\Bonus_SE\\Reports\\20220117_225903\\Run all test case\\20220117_225903"/>
         <property name="logFiles" value="C:\\Users\\ha.pham\\Documents\\GitHub\\Bonus-SE\\Katalon_pj\\Bonus_SE\\Reports\\20220117_225903\\Run all test case\\20220117_225903\\execution0.log"/>
         <property name="attachments" value="C:\\Users\\ha.pham\\Documents\\GitHub\\Bonus-SE\\Katalon_pj\\Bonus_SE\\Reports\\20220117_225903\\Run all test case\\20220117_225903\\1642435327643.png, C:\\Users\\ha.pham\\Documents\\GitHub\\Bonus-SE\\Katalon_pj\\Bonus_SE\\Reports\\20220117_225903\\Run all test case\\20220117_225903\\1642435513474.png, C:\\Users\\ha.pham\\Documents\\GitHub\\Bonus-SE\\Katalon_pj\\Bonus_SE\\Reports\\20220117_225903\\Run all test case\\20220117_225903\\1642435578072.png, C:\\Users\\ha.pham\\Documents\\GitHub\\Bonus-SE\\Katalon_pj\\Bonus_SE\\Reports\\20220117_225903\\Run all test case\\20220117_225903\\1642435649419.png, C:\\Users\\ha.pham\\Documents\\GitHub\\Bonus-SE\\Katalon_pj\\Bonus_SE\\Reports\\20220117_225903\\Run all test case\\20220117_225903\\1642435863741.png, C:\\Users\\ha.pham\\Documents\\GitHub\\Bonus-SE\\Katalon_pj\\Bonus_SE\\Reports\\20220117_225903\\Run all test case\\20220117_225903\\1642436057080.png, C:\\Users\\ha.pham\\Documents\\GitHub\\Bonus-SE\\Katalon_pj\\Bonus_SE\\Reports\\20220117_225903\\Run all test case\\20220117_225903\\1642436184673.png, C:\\Users\\ha.pham\\Documents\\GitHub\\Bonus-SE\\Katalon_pj\\Bonus_SE\\Reports\\20220117_225903\\Run all test case\\20220117_225903\\1642436525423.png, C:\\Users\\ha.pham\\Documents\\GitHub\\Bonus-SE\\Katalon_pj\\Bonus_SE\\Reports\\20220117_225903\\Run all test case\\20220117_225903\\1642437119438.png, C:\\Users\\ha.pham\\Documents\\GitHub\\Bonus-SE\\Katalon_pj\\Bonus_SE\\Reports\\20220117_225903\\Run all test case\\20220117_225903\\1642437189149.png, C:\\Users\\ha.pham\\Documents\\GitHub\\Bonus-SE\\Katalon_pj\\Bonus_SE\\Reports\\20220117_225903\\Run all test case\\20220117_225903\\1642437263117.png, C:\\Users\\ha.pham\\Documents\\GitHub\\Bonus-SE\\Katalon_pj\\Bonus_SE\\Reports\\20220117_225903\\Run all test case\\20220117_225903\\1642437483286.png"/>
         <property name="hostName" value="ha.pham - HLBW2D3"/>
         <property name="os" value="Windows 10 64bit"/>
         <property name="katalonVersion" value="8.2.0.208"/>
         <property name="browser" value="Chrome 97.0.4692.71"/>
         <property name="hostAddress" value="192.168.1.14"/>
         <property name="sessionId" value="ac5e6168bcee721edb51d8c9105a431a"/>
         <property name="seleniumVersion" value="3.141.59"/>
         <property name="proxyInformation" value="ProxyInformation { proxyOption=NO_PROXY, proxyServerType=HTTP, username=, password=********, proxyServerAddress=, proxyServerPort=0, executionList=&quot;&quot;, isApplyToDesiredCapabilities=true }"/>
         <property name="platform" value="Windows 10"/>
      </properties>
      <testcase name="Test Cases/40.FeedBack" time="52.032" classname="Test Cases/40.FeedBack" status="PASSED">
         <system-out><![CDATA[2022-01-17 22:59:13 - [TEST_CASE][PASSED] - Test Cases/40.FeedBack: Test Cases/40.FeedBack

2022-01-17 22:59:13 - [TEST_STEP][PASSED] - openBrowser(""): Browser is opened with url: ''

2022-01-17 22:59:13 - [MESSAGE][INFO] - Starting 'Chrome' driver

2022-01-17 22:59:13 - [MESSAGE][INFO] - Action delay is set to 1,000 milliseconds

2022-01-17 22:59:16 - [MESSAGE][PASSED] - Browser is opened with url: ''

2022-01-17 22:59:16 - [TEST_STEP][PASSED] - navigateToUrl("http://localhost:8080/"): Navigate to 'http://localhost:8080/' successfully

2022-01-17 22:59:18 - [MESSAGE][PASSED] - Navigate to 'http://localhost:8080/' successfully

2022-01-17 22:59:18 - [TEST_STEP][PASSED] - click(findTestObject("Object Repository/Page_Element/div_Sign In")): Object: 'Object Repository/Page_Element/div_Sign In' is clicked on

2022-01-17 22:59:22 - [MESSAGE][PASSED] - Object: 'Object Repository/Page_Element/div_Sign In' is clicked on

2022-01-17 22:59:22 - [TEST_STEP][PASSED] - setText(findTestObject("Object Repository/Page_Element/input_Sign in with_username"), "ptnha19"): Text 'ptnha19' is set on object 'Object Repository/Page_Element/input_Sign in with_username'

2022-01-17 22:59:27 - [MESSAGE][PASSED] - Text 'ptnha19' is set on object 'Object Repository/Page_Element/input_Sign in with_username'

2022-01-17 22:59:27 - [TEST_STEP][PASSED] - setEncryptedText(findTestObject("Object Repository/Page_Element/input_Username_password"), "5R3Ima4A+eOeCrCDRGMLmJpaGR3V3+YI"): Text ****** has been set on object 'Object Repository/Page_Element/input_Username_password'

2022-01-17 22:59:29 - [MESSAGE][PASSED] - Text ****** has been set on object 'Object Repository/Page_Element/input_Username_password'

2022-01-17 22:59:29 - [TEST_STEP][PASSED] - click(findTestObject("Object Repository/Page_Element/input_Forgot password_mx_Login_submit")): Object: 'Object Repository/Page_Element/input_Forgot password_mx_Login_submit' is clicked on

2022-01-17 22:59:30 - [MESSAGE][PASSED] - Object: 'Object Repository/Page_Element/input_Forgot password_mx_Login_submit' is clicked on

2022-01-17 22:59:30 - [TEST_STEP][PASSED] - click(findTestObject("Object Repository/Page_Element/div_Verify with Security Key")): Object: 'Object Repository/Page_Element/div_Verify with Security Key' is clicked on

2022-01-17 22:59:41 - [MESSAGE][PASSED] - Object: 'Object Repository/Page_Element/div_Verify with Security Key' is clicked on

2022-01-17 22:59:41 - [TEST_STEP][PASSED] - setEncryptedText(findTestObject("Object Repository/Page_Element/input_Security Key_mx_Field_4"), "PF4jXtbe/5x5+S5PgN4Kl/QbANAkWZYKqKaG9gW6gn+Po31AOnak0DX8GoEzAUkskgpeON1UhfEqZG0XXngJPA=="): Text ****** has been set on object 'Object Repository/Page_Element/input_Security Key_mx_Field_4'

2022-01-17 22:59:44 - [MESSAGE][PASSED] - Text ****** has been set on object 'Object Repository/Page_Element/input_Security Key_mx_Field_4'

2022-01-17 22:59:44 - [TEST_STEP][PASSED] - click(findTestObject("Object Repository/Page_Element/button_Continue")): Object: 'Object Repository/Page_Element/button_Continue' is clicked on

2022-01-17 22:59:46 - [MESSAGE][PASSED] - Object: 'Object Repository/Page_Element/button_Continue' is clicked on

2022-01-17 22:59:46 - [TEST_STEP][PASSED] - click(findTestObject("Object Repository/Page_Element/div_Done")): Object: 'Object Repository/Page_Element/div_Done' is clicked on

2022-01-17 22:59:48 - [MESSAGE][PASSED] - Object: 'Object Repository/Page_Element/div_Done' is clicked on

2022-01-17 22:59:48 - [TEST_STEP][PASSED] - rightClick(findTestObject("Object Repository/Page_Element/img_Review_mx_BaseAvatar_image")): Object: 'Object Repository/Page_Element/img_Review_mx_BaseAvatar_image' is right clicked on

2022-01-17 22:59:48 - [MESSAGE][PASSED] - Object: 'Object Repository/Page_Element/img_Review_mx_BaseAvatar_image' is right clicked on

2022-01-17 22:59:48 - [TEST_STEP][PASSED] - click(findTestObject("Object Repository/Page_Element/span_Feedback")): Object: 'Object Repository/Page_Element/span_Feedback' is clicked on

2022-01-17 22:59:49 - [MESSAGE][PASSED] - Object: 'Object Repository/Page_Element/span_Feedback' is clicked on

2022-01-17 22:59:49 - [TEST_STEP][PASSED] - delay(5): Delayed 5 second(s)

2022-01-17 22:59:54 - [MESSAGE][PASSED] - Delayed 5 second(s)

2022-01-17 22:59:54 - [TEST_STEP][PASSED] - setText(findTestObject("Object Repository/Page_Element/textarea_a"), "a"): Text 'a' is set on object 'Object Repository/Page_Element/textarea_a'

2022-01-17 22:59:57 - [MESSAGE][PASSED] - Text 'a' is set on object 'Object Repository/Page_Element/textarea_a'

2022-01-17 22:59:57 - [TEST_STEP][PASSED] - setText(findTestObject("Object Repository/Page_Element/textarea_ab"), "ab"): Text 'ab' is set on object 'Object Repository/Page_Element/textarea_ab'

2022-01-17 22:59:59 - [MESSAGE][PASSED] - Text 'ab' is set on object 'Object Repository/Page_Element/textarea_ab'

2022-01-17 22:59:59 - [TEST_STEP][PASSED] - setText(findTestObject("Object Repository/Page_Element/textarea_abc"), "abc"): Text 'abc' is set on object 'Object Repository/Page_Element/textarea_abc'

2022-01-17 23:00:01 - [MESSAGE][PASSED] - Text 'abc' is set on object 'Object Repository/Page_Element/textarea_abc'

2022-01-17 23:00:01 - [TEST_STEP][PASSED] - click(findTestObject("Object Repository/Page_Element/button_Send feedback")): Object: 'Object Repository/Page_Element/button_Send feedback' is clicked on

2022-01-17 23:00:02 - [MESSAGE][PASSED] - Object: 'Object Repository/Page_Element/button_Send feedback' is clicked on

2022-01-17 23:00:02 - [TEST_STEP][PASSED] - click(findTestObject("Object Repository/Page_Element/button_OK")): Object: 'Object Repository/Page_Element/button_OK' is clicked on

2022-01-17 23:00:03 - [MESSAGE][PASSED] - Object: 'Object Repository/Page_Element/button_OK' is clicked on

2022-01-17 23:00:03 - [TEST_STEP][PASSED] - closeBrowser(): Browser is closed

2022-01-17 23:00:05 - [MESSAGE][PASSED] - Browser is closed]]></system-out>
         <system-err><![CDATA[]]></system-err>
      </testcase>
      <testcase name="Test Cases/49.LogInFail_03" time="18.129" classname="Test Cases/49.LogInFail_03" status="PASSED">
         <system-out><![CDATA[2022-01-17 23:00:05 - [TEST_CASE][PASSED] - Test Cases/49.LogInFail_03: Test Cases/49.LogInFail_03

2022-01-17 23:00:05 - [TEST_STEP][PASSED] - openBrowser(""): Browser is opened with url: ''

2022-01-17 23:00:05 - [MESSAGE][INFO] - Starting 'Chrome' driver

2022-01-17 23:00:05 - [MESSAGE][INFO] - Action delay is set to 1,000 milliseconds

2022-01-17 23:00:07 - [MESSAGE][PASSED] - Browser is opened with url: ''

2022-01-17 23:00:07 - [TEST_STEP][PASSED] - navigateToUrl("http://localhost:8080/"): Navigate to 'http://localhost:8080/' successfully

2022-01-17 23:00:10 - [MESSAGE][PASSED] - Navigate to 'http://localhost:8080/' successfully

2022-01-17 23:00:10 - [TEST_STEP][PASSED] - click(findTestObject("Object Repository/Page_Element/div_Sign In")): Object: 'Object Repository/Page_Element/div_Sign In' is clicked on

2022-01-17 23:00:13 - [MESSAGE][PASSED] - Object: 'Object Repository/Page_Element/div_Sign In' is clicked on

2022-01-17 23:00:13 - [TEST_STEP][PASSED] - setText(findTestObject("Object Repository/Page_Element/input_Sign in with_username"), "Matrix"): Text 'Matrix' is set on object 'Object Repository/Page_Element/input_Sign in with_username'

2022-01-17 23:00:17 - [MESSAGE][PASSED] - Text 'Matrix' is set on object 'Object Repository/Page_Element/input_Sign in with_username'

2022-01-17 23:00:17 - [TEST_STEP][PASSED] - setEncryptedText(findTestObject("Object Repository/Page_Element/input_Username_password"), "wE3H8sMRrXo="): Text ****** has been set on object 'Object Repository/Page_Element/input_Username_password'

2022-01-17 23:00:19 - [MESSAGE][PASSED] - Text ****** has been set on object 'Object Repository/Page_Element/input_Username_password'

2022-01-17 23:00:19 - [TEST_STEP][PASSED] - click(findTestObject("Object Repository/Page_Element/input_Forgot password_mx_Login_submit")): Object: 'Object Repository/Page_Element/input_Forgot password_mx_Login_submit' is clicked on

2022-01-17 23:00:20 - [MESSAGE][PASSED] - Object: 'Object Repository/Page_Element/input_Forgot password_mx_Login_submit' is clicked on

2022-01-17 23:00:20 - [TEST_STEP][PASSED] - click(findTestObject("Object Repository/Page_Element/div_Incorrect username andor password")): Object: 'Object Repository/Page_Element/div_Incorrect username andor password' is clicked on

2022-01-17 23:00:22 - [MESSAGE][PASSED] - Object: 'Object Repository/Page_Element/div_Incorrect username andor password' is clicked on

2022-01-17 23:00:22 - [TEST_STEP][PASSED] - closeBrowser(): Browser is closed

2022-01-17 23:00:23 - [MESSAGE][PASSED] - Browser is closed]]></system-out>
         <system-err><![CDATA[]]></system-err>
      </testcase>
      <testcase name="Test Cases/77.PreferenceCodeBlock" time="36.877" classname="Test Cases/77.PreferenceCodeBlock" status="PASSED">
         <system-out><![CDATA[2022-01-17 23:00:23 - [TEST_CASE][PASSED] - Test Cases/77.PreferenceCodeBlock: Test Cases/77.PreferenceCodeBlock

2022-01-17 23:00:23 - [TEST_STEP][PASSED] - openBrowser(""): Browser is opened with url: ''

2022-01-17 23:00:23 - [MESSAGE][INFO] - Starting 'Chrome' driver

2022-01-17 23:00:23 - [MESSAGE][INFO] - Action delay is set to 1,000 milliseconds

2022-01-17 23:00:25 - [MESSAGE][PASSED] - Browser is opened with url: ''

2022-01-17 23:00:25 - [TEST_STEP][PASSED] - navigateToUrl("http://localhost:8080/"): Navigate to 'http://localhost:8080/' successfully

2022-01-17 23:00:28 - [MESSAGE][PASSED] - Navigate to 'http://localhost:8080/' successfully

2022-01-17 23:00:28 - [TEST_STEP][PASSED] - click(findTestObject("Object Repository/Page_Element/div_Sign In")): Object: 'Object Repository/Page_Element/div_Sign In' is clicked on

2022-01-17 23:00:31 - [MESSAGE][PASSED] - Object: 'Object Repository/Page_Element/div_Sign In' is clicked on

2022-01-17 23:00:31 - [TEST_STEP][PASSED] - setText(findTestObject("Object Repository/Page_Element/input_Sign in with_username"), "ptnha19"): Text 'ptnha19' is set on object 'Object Repository/Page_Element/input_Sign in with_username'

2022-01-17 23:00:34 - [MESSAGE][PASSED] - Text 'ptnha19' is set on object 'Object Repository/Page_Element/input_Sign in with_username'

2022-01-17 23:00:34 - [TEST_STEP][PASSED] - setEncryptedText(findTestObject("Object Repository/Page_Element/input_Username_password"), "5R3Ima4A+eOeCrCDRGMLmJpaGR3V3+YI"): Text ****** has been set on object 'Object Repository/Page_Element/input_Username_password'

2022-01-17 23:00:36 - [MESSAGE][PASSED] - Text ****** has been set on object 'Object Repository/Page_Element/input_Username_password'

2022-01-17 23:00:36 - [TEST_STEP][PASSED] - click(findTestObject("Object Repository/Page_Element/input_Forgot password_mx_Login_submit")): Object: 'Object Repository/Page_Element/input_Forgot password_mx_Login_submit' is clicked on

2022-01-17 23:00:38 - [MESSAGE][PASSED] - Object: 'Object Repository/Page_Element/input_Forgot password_mx_Login_submit' is clicked on

2022-01-17 23:00:38 - [TEST_STEP][PASSED] - click(findTestObject("Object Repository/Page_Element/div_Verify with Security Key")): Object: 'Object Repository/Page_Element/div_Verify with Security Key' is clicked on

2022-01-17 23:00:46 - [MESSAGE][PASSED] - Object: 'Object Repository/Page_Element/div_Verify with Security Key' is clicked on

2022-01-17 23:00:46 - [TEST_STEP][PASSED] - setEncryptedText(findTestObject("Object Repository/Page_Element/input_Security Key_mx_Field_4"), "PF4jXtbe/5x5+S5PgN4Kl/QbANAkWZYKqKaG9gW6gn+Po31AOnak0DX8GoEzAUkskgpeON1UhfEqZG0XXngJPA=="): Text ****** has been set on object 'Object Repository/Page_Element/input_Security Key_mx_Field_4'

2022-01-17 23:00:49 - [MESSAGE][PASSED] - Text ****** has been set on object 'Object Repository/Page_Element/input_Security Key_mx_Field_4'

2022-01-17 23:00:49 - [TEST_STEP][PASSED] - click(findTestObject("Object Repository/Page_Element/button_Continue")): Object: 'Object Repository/Page_Element/button_Continue' is clicked on

2022-01-17 23:00:50 - [MESSAGE][PASSED] - Object: 'Object Repository/Page_Element/button_Continue' is clicked on

2022-01-17 23:00:50 - [TEST_STEP][PASSED] - click(findTestObject("Object Repository/Page_Element/div_Done")): Object: 'Object Repository/Page_Element/div_Done' is clicked on

2022-01-17 23:00:52 - [MESSAGE][PASSED] - Object: 'Object Repository/Page_Element/div_Done' is clicked on

2022-01-17 23:00:52 - [TEST_STEP][PASSED] - rightClick(findTestObject("Object Repository/Page_Element/img_Review_mx_BaseAvatar_image")): Object: 'Object Repository/Page_Element/img_Review_mx_BaseAvatar_image' is right clicked on

2022-01-17 23:00:53 - [MESSAGE][PASSED] - Object: 'Object Repository/Page_Element/img_Review_mx_BaseAvatar_image' is right clicked on

2022-01-17 23:00:53 - [TEST_STEP][PASSED] - click(findTestObject("Object Repository/Page_Element/div_All settings")): Object: 'Object Repository/Page_Element/div_All settings' is clicked on

2022-01-17 23:00:54 - [MESSAGE][PASSED] - Object: 'Object Repository/Page_Element/div_All settings' is clicked on

2022-01-17 23:00:54 - [TEST_STEP][PASSED] - click(findTestObject("Object Repository/Page_Element/div_Preferences")): Object: 'Object Repository/Page_Element/div_Preferences' is clicked on

2022-01-17 23:00:55 - [MESSAGE][PASSED] - Object: 'Object Repository/Page_Element/div_Preferences' is clicked on

2022-01-17 23:00:55 - [TEST_STEP][PASSED] - click(findTestObject("Object Repository/Page_Element/div_Enable automatic language detection for_7a18d5")): Object: 'Object Repository/Page_Element/div_Enable automatic language detection for_7a18d5' is clicked on

2022-01-17 23:00:56 - [MESSAGE][PASSED] - Object: 'Object Repository/Page_Element/div_Enable automatic language detection for_7a18d5' is clicked on

2022-01-17 23:00:56 - [TEST_STEP][PASSED] - click(findTestObject("Object Repository/Page_Element/div_Enable automatic language detection for_9f13ec")): Object: 'Object Repository/Page_Element/div_Enable automatic language detection for_9f13ec' is clicked on

2022-01-17 23:00:57 - [MESSAGE][PASSED] - Object: 'Object Repository/Page_Element/div_Enable automatic language detection for_9f13ec' is clicked on

2022-01-17 23:00:57 - [TEST_STEP][PASSED] - click(findTestObject("Object Repository/Page_Element/div_Settings_mx_AccessibleButton mx_Dialog__4987e8")): Object: 'Object Repository/Page_Element/div_Settings_mx_AccessibleButton mx_Dialog__4987e8' is clicked on

2022-01-17 23:00:58 - [MESSAGE][PASSED] - Object: 'Object Repository/Page_Element/div_Settings_mx_AccessibleButton mx_Dialog__4987e8' is clicked on

2022-01-17 23:00:58 - [TEST_STEP][PASSED] - closeBrowser(): Browser is closed

2022-01-17 23:01:00 - [MESSAGE][PASSED] - Browser is closed]]></system-out>
         <system-err><![CDATA[]]></system-err>
      </testcase>
      <testcase name="Test Cases/78.RightClickSpace" time="67.461" classname="Test Cases/78.RightClickSpace" status="FAILED">
         <failure type="FAILED" message="Test Cases/78.RightClickSpace FAILED.
Reason:
com.kms.katalon.core.exception.StepFailedException: Unable to set text 'abc' of object 'Object Repository/Page_Element  hey ban Khoa/input_This is a test space_mx_textinput_ico_852234'
	at com.kms.katalon.core.webui.keyword.internal.WebUIKeywordMain.stepFailed(WebUIKeywordMain.groovy:64)
	at com.kms.katalon.core.webui.keyword.internal.WebUIKeywordMain.runKeyword(WebUIKeywordMain.groovy:26)
	at com.kms.katalon.core.webui.keyword.builtin.SetTextKeyword.setText(SetTextKeyword.groovy:66)
	at com.kms.katalon.core.webui.keyword.builtin.SetTextKeyword.execute(SetTextKeyword.groovy:37)
	at com.kms.katalon.core.keyword.internal.KeywordExecutor.executeKeywordForPlatform(KeywordExecutor.groovy:74)
	at com.kms.katalon.core.webui.keyword.WebUiBuiltInKeywords.setText(WebUiBuiltInKeywords.groovy:980)
	at com.kms.katalon.core.webui.keyword.WebUiBuiltInKeywords$setText$2.call(Unknown Source)
	at 78.RightClickSpace.run(78.RightClickSpace:44)
	at com.kms.katalon.core.main.ScriptEngine.run(ScriptEngine.java:194)
	at com.kms.katalon.core.main.ScriptEngine.runScriptAsRawText(ScriptEngine.java:119)
	at com.kms.katalon.core.main.TestCaseExecutor.runScript(TestCaseExecutor.java:442)
	at com.kms.katalon.core.main.TestCaseExecutor.doExecute(TestCaseExecutor.java:433)
	at com.kms.katalon.core.main.TestCaseExecutor.processExecutionPhase(TestCaseExecutor.java:412)
	at com.kms.katalon.core.main.TestCaseExecutor.accessMainPhase(TestCaseExecutor.java:404)
	at com.kms.katalon.core.main.TestCaseExecutor.execute(TestCaseExecutor.java:281)
	at com.kms.katalon.core.main.TestSuiteExecutor.accessTestCaseMainPhase(TestSuiteExecutor.java:202)
	at com.kms.katalon.core.main.TestSuiteExecutor.accessTestSuiteMainPhase(TestSuiteExecutor.java:164)
	at com.kms.katalon.core.main.TestSuiteExecutor.execute(TestSuiteExecutor.java:105)
	at com.kms.katalon.core.main.TestCaseMain.startTestSuite(TestCaseMain.java:181)
	at com.kms.katalon.core.main.TestCaseMain$startTestSuite$0.call(Unknown Source)
	at TempTestSuite1642435143013.run(TempTestSuite1642435143013.groovy:36)
Caused by: com.kms.katalon.core.webui.exception.WebElementNotFoundException: Web element with id: 'Object Repository/Page_Element  hey ban Khoa/input_This is a test space_mx_textinput_ico_852234' located by '(//input[@value=''])[2]' not found
	at com.kms.katalon.core.webui.common.WebUiCommonHelper.findWebElement(WebUiCommonHelper.java:1368)
	at com.kms.katalon.core.webui.keyword.internal.WebUIAbstractKeyword.findWebElement(WebUIAbstractKeyword.groovy:27)
	at com.kms.katalon.core.webui.keyword.internal.WebUIAbstractKeyword.findWebElement(WebUIAbstractKeyword.groovy:26)
	at com.kms.katalon.core.webui.keyword.builtin.SetTextKeyword$_setText_closure1.doCall(SetTextKeyword.groovy:51)
	at com.kms.katalon.core.webui.keyword.builtin.SetTextKeyword$_setText_closure1.call(SetTextKeyword.groovy)
	at com.kms.katalon.core.webui.keyword.internal.WebUIKeywordMain.runKeyword(WebUIKeywordMain.groovy:20)
	... 19 more
"/>
         <system-out><![CDATA[2022-01-17 23:01:00 - [TEST_CASE][FAILED] - Test Cases/78.RightClickSpace: Test Cases/78.RightClickSpace FAILED.
Reason:
com.kms.katalon.core.exception.StepFailedException: Unable to set text 'abc' of object 'Object Repository/Page_Element  hey ban Khoa/input_This is a test space_mx_textinput_ico_852234'
	at com.kms.katalon.core.webui.keyword.internal.WebUIKeywordMain.stepFailed(WebUIKeywordMain.groovy:64)
	at com.kms.katalon.core.webui.keyword.internal.WebUIKeywordMain.runKeyword(WebUIKeywordMain.groovy:26)
	at com.kms.katalon.core.webui.keyword.builtin.SetTextKeyword.setText(SetTextKeyword.groovy:66)
	at com.kms.katalon.core.webui.keyword.builtin.SetTextKeyword.execute(SetTextKeyword.groovy:37)
	at com.kms.katalon.core.keyword.internal.KeywordExecutor.executeKeywordForPlatform(KeywordExecutor.groovy:74)
	at com.kms.katalon.core.webui.keyword.WebUiBuiltInKeywords.setText(WebUiBuiltInKeywords.groovy:980)
	at com.kms.katalon.core.webui.keyword.WebUiBuiltInKeywords$setText$2.call(Unknown Source)
	at 78.RightClickSpace.run(78.RightClickSpace:44)
	at com.kms.katalon.core.main.ScriptEngine.run(ScriptEngine.java:194)
	at com.kms.katalon.core.main.ScriptEngine.runScriptAsRawText(ScriptEngine.java:119)
	at com.kms.katalon.core.main.TestCaseExecutor.runScript(TestCaseExecutor.java:442)
	at com.kms.katalon.core.main.TestCaseExecutor.doExecute(TestCaseExecutor.java:433)
	at com.kms.katalon.core.main.TestCaseExecutor.processExecutionPhase(TestCaseExecutor.java:412)
	at com.kms.katalon.core.main.TestCaseExecutor.accessMainPhase(TestCaseExecutor.java:404)
	at com.kms.katalon.core.main.TestCaseExecutor.execute(TestCaseExecutor.java:281)
	at com.kms.katalon.core.main.TestSuiteExecutor.accessTestCaseMainPhase(TestSuiteExecutor.java:202)
	at com.kms.katalon.core.main.TestSuiteExecutor.accessTestSuiteMainPhase(TestSuiteExecutor.java:164)
	at com.kms.katalon.core.main.TestSuiteExecutor.execute(TestSuiteExecutor.java:105)
	at com.kms.katalon.core.main.TestCaseMain.startTestSuite(TestCaseMain.java:181)
	at com.kms.katalon.core.main.TestCaseMain$startTestSuite$0.call(Unknown Source)
	at TempTestSuite1642435143013.run(TempTestSuite1642435143013.groovy:36)
Caused by: com.kms.katalon.core.webui.exception.WebElementNotFoundException: Web element with id: 'Object Repository/Page_Element  hey ban Khoa/input_This is a test space_mx_textinput_ico_852234' located by '(//input[@value=''])[2]' not found
	at com.kms.katalon.core.webui.common.WebUiCommonHelper.findWebElement(WebUiCommonHelper.java:1368)
	at com.kms.katalon.core.webui.keyword.internal.WebUIAbstractKeyword.findWebElement(WebUIAbstractKeyword.groovy:27)
	at com.kms.katalon.core.webui.keyword.internal.WebUIAbstractKeyword.findWebElement(WebUIAbstractKeyword.groovy:26)
	at com.kms.katalon.core.webui.keyword.builtin.SetTextKeyword$_setText_closure1.doCall(SetTextKeyword.groovy:51)
	at com.kms.katalon.core.webui.keyword.builtin.SetTextKeyword$_setText_closure1.call(SetTextKeyword.groovy)
	at com.kms.katalon.core.webui.keyword.internal.WebUIKeywordMain.runKeyword(WebUIKeywordMain.groovy:20)
	... 19 more


2022-01-17 23:01:00 - [TEST_STEP][PASSED] - openBrowser(""): Browser is opened with url: ''

2022-01-17 23:01:00 - [MESSAGE][INFO] - Starting 'Chrome' driver

2022-01-17 23:01:00 - [MESSAGE][INFO] - Action delay is set to 1,000 milliseconds

2022-01-17 23:01:02 - [MESSAGE][PASSED] - Browser is opened with url: ''

2022-01-17 23:01:02 - [TEST_STEP][PASSED] - navigateToUrl("http://localhost:8080/"): Navigate to 'http://localhost:8080/' successfully

2022-01-17 23:01:05 - [MESSAGE][PASSED] - Navigate to 'http://localhost:8080/' successfully

2022-01-17 23:01:05 - [TEST_STEP][PASSED] - click(findTestObject("Object Repository/Page_Element/div_Sign In")): Object: 'Object Repository/Page_Element/div_Sign In' is clicked on

2022-01-17 23:01:08 - [MESSAGE][PASSED] - Object: 'Object Repository/Page_Element/div_Sign In' is clicked on

2022-01-17 23:01:08 - [TEST_STEP][PASSED] - setText(findTestObject("Object Repository/Page_Element/input_Sign in with_username"), "ptnha19"): Text 'ptnha19' is set on object 'Object Repository/Page_Element/input_Sign in with_username'

2022-01-17 23:01:11 - [MESSAGE][PASSED] - Text 'ptnha19' is set on object 'Object Repository/Page_Element/input_Sign in with_username'

2022-01-17 23:01:11 - [TEST_STEP][PASSED] - setEncryptedText(findTestObject("Object Repository/Page_Element/input_Username_password"), "5R3Ima4A+eOeCrCDRGMLmJpaGR3V3+YI"): Text ****** has been set on object 'Object Repository/Page_Element/input_Username_password'

2022-01-17 23:01:13 - [MESSAGE][PASSED] - Text ****** has been set on object 'Object Repository/Page_Element/input_Username_password'

2022-01-17 23:01:13 - [TEST_STEP][PASSED] - click(findTestObject("Object Repository/Page_Element/input_Forgot password_mx_Login_submit")): Object: 'Object Repository/Page_Element/input_Forgot password_mx_Login_submit' is clicked on

2022-01-17 23:01:14 - [MESSAGE][PASSED] - Object: 'Object Repository/Page_Element/input_Forgot password_mx_Login_submit' is clicked on

2022-01-17 23:01:14 - [TEST_STEP][PASSED] - click(findTestObject("Object Repository/Page_Element/div_Verify with Security Key")): Object: 'Object Repository/Page_Element/div_Verify with Security Key' is clicked on

2022-01-17 23:01:23 - [MESSAGE][PASSED] - Object: 'Object Repository/Page_Element/div_Verify with Security Key' is clicked on

2022-01-17 23:01:23 - [TEST_STEP][PASSED] - setEncryptedText(findTestObject("Object Repository/Page_Element/input_Security Key_mx_Field_4"), "PF4jXtbe/5x5+S5PgN4Kl/QbANAkWZYKqKaG9gW6gn+Po31AOnak0DX8GoEzAUkskgpeON1UhfEqZG0XXngJPA=="): Text ****** has been set on object 'Object Repository/Page_Element/input_Security Key_mx_Field_4'

2022-01-17 23:01:31 - [MESSAGE][PASSED] - Text ****** has been set on object 'Object Repository/Page_Element/input_Security Key_mx_Field_4'

2022-01-17 23:01:31 - [TEST_STEP][PASSED] - click(findTestObject("Object Repository/Page_Element/button_Continue")): Object: 'Object Repository/Page_Element/button_Continue' is clicked on

2022-01-17 23:01:32 - [MESSAGE][PASSED] - Object: 'Object Repository/Page_Element/button_Continue' is clicked on

2022-01-17 23:01:32 - [TEST_STEP][PASSED] - click(findTestObject("Object Repository/Page_Element/div_Done")): Object: 'Object Repository/Page_Element/div_Done' is clicked on

2022-01-17 23:01:35 - [MESSAGE][PASSED] - Object: 'Object Repository/Page_Element/div_Done' is clicked on

2022-01-17 23:01:35 - [TEST_STEP][PASSED] - rightClick(findTestObject("Object Repository/Page_Element/span_H")): Object: 'Object Repository/Page_Element/span_H' is right clicked on

2022-01-17 23:01:35 - [MESSAGE][PASSED] - Object: 'Object Repository/Page_Element/span_H' is right clicked on

2022-01-17 23:01:35 - [TEST_STEP][PASSED] - click(findTestObject("Object Repository/Page_Element/span_Manage  explore rooms")): Object: 'Object Repository/Page_Element/span_Manage  explore rooms' is clicked on

2022-01-17 23:01:36 - [MESSAGE][PASSED] - Object: 'Object Repository/Page_Element/span_Manage  explore rooms' is clicked on

2022-01-17 23:01:36 - [TEST_STEP][FAILED] - setText(findTestObject("Object Repository/Page_Element  hey ban Khoa/input_This is a test space_mx_textinput_ico_852234"), "abc"): Unable to set text 'abc' of object 'Object Repository/Page_Element  hey ban Khoa/input_This is a test space_mx_textinput_ico_852234' (Root cause: com.kms.katalon.core.exception.StepFailedException: Unable to set text 'abc' of object 'Object Repository/Page_Element  hey ban Khoa/input_This is a test space_mx_textinput_ico_852234'
	at com.kms.katalon.core.webui.keyword.internal.WebUIKeywordMain.stepFailed(WebUIKeywordMain.groovy:64)
	at com.kms.katalon.core.webui.keyword.internal.WebUIKeywordMain.runKeyword(WebUIKeywordMain.groovy:26)
	at com.kms.katalon.core.webui.keyword.builtin.SetTextKeyword.setText(SetTextKeyword.groovy:66)
	at com.kms.katalon.core.webui.keyword.builtin.SetTextKeyword.execute(SetTextKeyword.groovy:37)
	at com.kms.katalon.core.keyword.internal.KeywordExecutor.executeKeywordForPlatform(KeywordExecutor.groovy:74)
	at com.kms.katalon.core.webui.keyword.WebUiBuiltInKeywords.setText(WebUiBuiltInKeywords.groovy:980)
	at com.kms.katalon.core.webui.keyword.WebUiBuiltInKeywords$setText$2.call(Unknown Source)
	at 78.RightClickSpace.run(78.RightClickSpace:44)
	at com.kms.katalon.core.main.ScriptEngine.run(ScriptEngine.java:194)
	at com.kms.katalon.core.main.ScriptEngine.runScriptAsRawText(ScriptEngine.java:119)
	at com.kms.katalon.core.main.TestCaseExecutor.runScript(TestCaseExecutor.java:442)
	at com.kms.katalon.core.main.TestCaseExecutor.doExecute(TestCaseExecutor.java:433)
	at com.kms.katalon.core.main.TestCaseExecutor.processExecutionPhase(TestCaseExecutor.java:412)
	at com.kms.katalon.core.main.TestCaseExecutor.accessMainPhase(TestCaseExecutor.java:404)
	at com.kms.katalon.core.main.TestCaseExecutor.execute(TestCaseExecutor.java:281)
	at com.kms.katalon.core.main.TestSuiteExecutor.accessTestCaseMainPhase(TestSuiteExecutor.java:202)
	at com.kms.katalon.core.main.TestSuiteExecutor.accessTestSuiteMainPhase(TestSuiteExecutor.java:164)
	at com.kms.katalon.core.main.TestSuiteExecutor.execute(TestSuiteExecutor.java:105)
	at com.kms.katalon.core.main.TestCaseMain.startTestSuite(TestCaseMain.java:181)
	at com.kms.katalon.core.main.TestCaseMain$startTestSuite$0.call(Unknown Source)
	at TempTestSuite1642435143013.run(TempTestSuite1642435143013.groovy:36)
Caused by: com.kms.katalon.core.webui.exception.WebElementNotFoundException: Web element with id: 'Object Repository/Page_Element  hey ban Khoa/input_This is a test space_mx_textinput_ico_852234' located by '(//input[@value=''])[2]' not found
	at com.kms.katalon.core.webui.common.WebUiCommonHelper.findWebElement(WebUiCommonHelper.java:1368)
	at com.kms.katalon.core.webui.keyword.internal.WebUIAbstractKeyword.findWebElement(WebUIAbstractKeyword.groovy:27)
	at com.kms.katalon.core.webui.keyword.internal.WebUIAbstractKeyword.findWebElement(WebUIAbstractKeyword.groovy:26)
	at com.kms.katalon.core.webui.keyword.builtin.SetTextKeyword$_setText_closure1.doCall(SetTextKeyword.groovy:51)
	at com.kms.katalon.core.webui.keyword.builtin.SetTextKeyword$_setText_closure1.call(SetTextKeyword.groovy)
	at com.kms.katalon.core.webui.keyword.internal.WebUIKeywordMain.runKeyword(WebUIKeywordMain.groovy:20)
	at com.kms.katalon.core.webui.keyword.builtin.SetTextKeyword.setText(SetTextKeyword.groovy:66)
	at com.kms.katalon.core.webui.keyword.builtin.SetTextKeyword.execute(SetTextKeyword.groovy:37)
	at com.kms.katalon.core.keyword.internal.KeywordExecutor.executeKeywordForPlatform(KeywordExecutor.groovy:74)
	at com.kms.katalon.core.webui.keyword.WebUiBuiltInKeywords.setText(WebUiBuiltInKeywords.groovy:980)
	at com.kms.katalon.core.webui.keyword.WebUiBuiltInKeywords$setText$2.call(Unknown Source)
	at Script1642177642342.run(Script1642177642342.groovy:44)
	... 13 more
)

2022-01-17 23:02:07 - [MESSAGE][INFO] - Unable to find the element located by 'By.xpath: (//input[@value=''])[2]'. Please recheck the objects properties to make sure the desired element is located. 

2022-01-17 23:02:07 - [MESSAGE][FAILED] - Unable to set text 'abc' of object 'Object Repository/Page_Element  hey ban Khoa/input_This is a test space_mx_textinput_ico_852234' (Root cause: com.kms.katalon.core.exception.StepFailedException: Unable to set text 'abc' of object 'Object Repository/Page_Element  hey ban Khoa/input_This is a test space_mx_textinput_ico_852234'
	at com.kms.katalon.core.webui.keyword.internal.WebUIKeywordMain.stepFailed(WebUIKeywordMain.groovy:64)
	at com.kms.katalon.core.webui.keyword.internal.WebUIKeywordMain.runKeyword(WebUIKeywordMain.groovy:26)
	at com.kms.katalon.core.webui.keyword.builtin.SetTextKeyword.setText(SetTextKeyword.groovy:66)
	at com.kms.katalon.core.webui.keyword.builtin.SetTextKeyword.execute(SetTextKeyword.groovy:37)
	at com.kms.katalon.core.keyword.internal.KeywordExecutor.executeKeywordForPlatform(KeywordExecutor.groovy:74)
	at com.kms.katalon.core.webui.keyword.WebUiBuiltInKeywords.setText(WebUiBuiltInKeywords.groovy:980)
	at com.kms.katalon.core.webui.keyword.WebUiBuiltInKeywords$setText$2.call(Unknown Source)
	at 78.RightClickSpace.run(78.RightClickSpace:44)
	at com.kms.katalon.core.main.ScriptEngine.run(ScriptEngine.java:194)
	at com.kms.katalon.core.main.ScriptEngine.runScriptAsRawText(ScriptEngine.java:119)
	at com.kms.katalon.core.main.TestCaseExecutor.runScript(TestCaseExecutor.java:442)
	at com.kms.katalon.core.main.TestCaseExecutor.doExecute(TestCaseExecutor.java:433)
	at com.kms.katalon.core.main.TestCaseExecutor.processExecutionPhase(TestCaseExecutor.java:412)
	at com.kms.katalon.core.main.TestCaseExecutor.accessMainPhase(TestCaseExecutor.java:404)
	at com.kms.katalon.core.main.TestCaseExecutor.execute(TestCaseExecutor.java:281)
	at com.kms.katalon.core.main.TestSuiteExecutor.accessTestCaseMainPhase(TestSuiteExecutor.java:202)
	at com.kms.katalon.core.main.TestSuiteExecutor.accessTestSuiteMainPhase(TestSuiteExecutor.java:164)
	at com.kms.katalon.core.main.TestSuiteExecutor.execute(TestSuiteExecutor.java:105)
	at com.kms.katalon.core.main.TestCaseMain.startTestSuite(TestCaseMain.java:181)
	at com.kms.katalon.core.main.TestCaseMain$startTestSuite$0.call(Unknown Source)
	at TempTestSuite1642435143013.run(TempTestSuite1642435143013.groovy:36)
Caused by: com.kms.katalon.core.webui.exception.WebElementNotFoundException: Web element with id: 'Object Repository/Page_Element  hey ban Khoa/input_This is a test space_mx_textinput_ico_852234' located by '(//input[@value=''])[2]' not found
	at com.kms.katalon.core.webui.common.WebUiCommonHelper.findWebElement(WebUiCommonHelper.java:1368)
	at com.kms.katalon.core.webui.keyword.internal.WebUIAbstractKeyword.findWebElement(WebUIAbstractKeyword.groovy:27)
	at com.kms.katalon.core.webui.keyword.internal.WebUIAbstractKeyword.findWebElement(WebUIAbstractKeyword.groovy:26)
	at com.kms.katalon.core.webui.keyword.builtin.SetTextKeyword$_setText_closure1.doCall(SetTextKeyword.groovy:51)
	at com.kms.katalon.core.webui.keyword.builtin.SetTextKeyword$_setText_closure1.call(SetTextKeyword.groovy)
	at com.kms.katalon.core.webui.keyword.internal.WebUIKeywordMain.runKeyword(WebUIKeywordMain.groovy:20)
	at com.kms.katalon.core.webui.keyword.builtin.SetTextKeyword.setText(SetTextKeyword.groovy:66)
	at com.kms.katalon.core.webui.keyword.builtin.SetTextKeyword.execute(SetTextKeyword.groovy:37)
	at com.kms.katalon.core.keyword.internal.KeywordExecutor.executeKeywordForPlatform(KeywordExecutor.groovy:74)
	at com.kms.katalon.core.webui.keyword.WebUiBuiltInKeywords.setText(WebUiBuiltInKeywords.groovy:980)
	at com.kms.katalon.core.webui.keyword.WebUiBuiltInKeywords$setText$2.call(Unknown Source)
	at Script1642177642342.run(Script1642177642342.groovy:44)
	... 13 more
)
[[ATTACHMENT|C:\\Users\\ha.pham\\Documents\\GitHub\\Bonus-SE\\Katalon_pj\\Bonus_SE\\Reports\\20220117_225903\\Run all test case\\20220117_225903\\1642435327643.png]]]]></system-out>
         <system-err><![CDATA[2022-01-17 23:01:00 - [TEST_CASE][FAILED] - Test Cases/78.RightClickSpace: Test Cases/78.RightClickSpace FAILED.
Reason:
com.kms.katalon.core.exception.StepFailedException: Unable to set text 'abc' of object 'Object Repository/Page_Element  hey ban Khoa/input_This is a test space_mx_textinput_ico_852234'
	at com.kms.katalon.core.webui.keyword.internal.WebUIKeywordMain.stepFailed(WebUIKeywordMain.groovy:64)
	at com.kms.katalon.core.webui.keyword.internal.WebUIKeywordMain.runKeyword(WebUIKeywordMain.groovy:26)
	at com.kms.katalon.core.webui.keyword.builtin.SetTextKeyword.setText(SetTextKeyword.groovy:66)
	at com.kms.katalon.core.webui.keyword.builtin.SetTextKeyword.execute(SetTextKeyword.groovy:37)
	at com.kms.katalon.core.keyword.internal.KeywordExecutor.executeKeywordForPlatform(KeywordExecutor.groovy:74)
	at com.kms.katalon.core.webui.keyword.WebUiBuiltInKeywords.setText(WebUiBuiltInKeywords.groovy:980)
	at com.kms.katalon.core.webui.keyword.WebUiBuiltInKeywords$setText$2.call(Unknown Source)
	at 78.RightClickSpace.run(78.RightClickSpace:44)
	at com.kms.katalon.core.main.ScriptEngine.run(ScriptEngine.java:194)
	at com.kms.katalon.core.main.ScriptEngine.runScriptAsRawText(ScriptEngine.java:119)
	at com.kms.katalon.core.main.TestCaseExecutor.runScript(TestCaseExecutor.java:442)
	at com.kms.katalon.core.main.TestCaseExecutor.doExecute(TestCaseExecutor.java:433)
	at com.kms.katalon.core.main.TestCaseExecutor.processExecutionPhase(TestCaseExecutor.java:412)
	at com.kms.katalon.core.main.TestCaseExecutor.accessMainPhase(TestCaseExecutor.java:404)
	at com.kms.katalon.core.main.TestCaseExecutor.execute(TestCaseExecutor.java:281)
	at com.kms.katalon.core.main.TestSuiteExecutor.accessTestCaseMainPhase(TestSuiteExecutor.java:202)
	at com.kms.katalon.core.main.TestSuiteExecutor.accessTestSuiteMainPhase(TestSuiteExecutor.java:164)
	at com.kms.katalon.core.main.TestSuiteExecutor.execute(TestSuiteExecutor.java:105)
	at com.kms.katalon.core.main.TestCaseMain.startTestSuite(TestCaseMain.java:181)
	at com.kms.katalon.core.main.TestCaseMain$startTestSuite$0.call(Unknown Source)
	at TempTestSuite1642435143013.run(TempTestSuite1642435143013.groovy:36)
Caused by: com.kms.katalon.core.webui.exception.WebElementNotFoundException: Web element with id: 'Object Repository/Page_Element  hey ban Khoa/input_This is a test space_mx_textinput_ico_852234' located by '(//input[@value=''])[2]' not found
	at com.kms.katalon.core.webui.common.WebUiCommonHelper.findWebElement(WebUiCommonHelper.java:1368)
	at com.kms.katalon.core.webui.keyword.internal.WebUIAbstractKeyword.findWebElement(WebUIAbstractKeyword.groovy:27)
	at com.kms.katalon.core.webui.keyword.internal.WebUIAbstractKeyword.findWebElement(WebUIAbstractKeyword.groovy:26)
	at com.kms.katalon.core.webui.keyword.builtin.SetTextKeyword$_setText_closure1.doCall(SetTextKeyword.groovy:51)
	at com.kms.katalon.core.webui.keyword.builtin.SetTextKeyword$_setText_closure1.call(SetTextKeyword.groovy)
	at com.kms.katalon.core.webui.keyword.internal.WebUIKeywordMain.runKeyword(WebUIKeywordMain.groovy:20)
	... 19 more]]></system-err>
      </testcase>
      <testcase name="Test Cases/80.PreferemcesSpace_RightClick" time="39.179" classname="Test Cases/80.PreferemcesSpace_RightClick" status="PASSED">
         <system-out><![CDATA[2022-01-17 23:02:07 - [TEST_CASE][PASSED] - Test Cases/80.PreferemcesSpace_RightClick: Test Cases/80.PreferemcesSpace_RightClick

2022-01-17 23:02:08 - [TEST_STEP][PASSED] - openBrowser(""): Browser is opened with url: ''

2022-01-17 23:02:08 - [MESSAGE][WARNING] - A browser is already opened. Closing browser and opening a new one

2022-01-17 23:02:09 - [MESSAGE][INFO] - Starting 'Chrome' driver

2022-01-17 23:02:09 - [MESSAGE][INFO] - Action delay is set to 1,000 milliseconds

2022-01-17 23:02:11 - [MESSAGE][PASSED] - Browser is opened with url: ''

2022-01-17 23:02:11 - [TEST_STEP][PASSED] - navigateToUrl("http://localhost:8080/"): Navigate to 'http://localhost:8080/' successfully

2022-01-17 23:02:13 - [MESSAGE][PASSED] - Navigate to 'http://localhost:8080/' successfully

2022-01-17 23:02:13 - [TEST_STEP][PASSED] - click(findTestObject("Object Repository/Page_Element/div_Sign In")): Object: 'Object Repository/Page_Element/div_Sign In' is clicked on

2022-01-17 23:02:17 - [MESSAGE][PASSED] - Object: 'Object Repository/Page_Element/div_Sign In' is clicked on

2022-01-17 23:02:17 - [TEST_STEP][PASSED] - setText(findTestObject("Object Repository/Page_Element/input_Sign in with_username"), "ptnha19"): Text 'ptnha19' is set on object 'Object Repository/Page_Element/input_Sign in with_username'

2022-01-17 23:02:21 - [MESSAGE][PASSED] - Text 'ptnha19' is set on object 'Object Repository/Page_Element/input_Sign in with_username'

2022-01-17 23:02:21 - [TEST_STEP][PASSED] - setEncryptedText(findTestObject("Object Repository/Page_Element/input_Username_password"), "5R3Ima4A+eOeCrCDRGMLmJpaGR3V3+YI"): Text ****** has been set on object 'Object Repository/Page_Element/input_Username_password'

2022-01-17 23:02:23 - [MESSAGE][PASSED] - Text ****** has been set on object 'Object Repository/Page_Element/input_Username_password'

2022-01-17 23:02:23 - [TEST_STEP][PASSED] - click(findTestObject("Object Repository/Page_Element/input_Forgot password_mx_Login_submit")): Object: 'Object Repository/Page_Element/input_Forgot password_mx_Login_submit' is clicked on

2022-01-17 23:02:24 - [MESSAGE][PASSED] - Object: 'Object Repository/Page_Element/input_Forgot password_mx_Login_submit' is clicked on

2022-01-17 23:02:24 - [TEST_STEP][PASSED] - click(findTestObject("Object Repository/Page_Element/div_Verify with Security Key")): Object: 'Object Repository/Page_Element/div_Verify with Security Key' is clicked on

2022-01-17 23:02:32 - [MESSAGE][PASSED] - Object: 'Object Repository/Page_Element/div_Verify with Security Key' is clicked on

2022-01-17 23:02:32 - [TEST_STEP][PASSED] - setEncryptedText(findTestObject("Object Repository/Page_Element/input_Security Key_mx_Field_4"), "PF4jXtbe/5x5+S5PgN4Kl/QbANAkWZYKqKaG9gW6gn+Po31AOnak0DX8GoEzAUkskgpeON1UhfEqZG0XXngJPA=="): Text ****** has been set on object 'Object Repository/Page_Element/input_Security Key_mx_Field_4'

2022-01-17 23:02:37 - [MESSAGE][PASSED] - Text ****** has been set on object 'Object Repository/Page_Element/input_Security Key_mx_Field_4'

2022-01-17 23:02:37 - [TEST_STEP][PASSED] - click(findTestObject("Object Repository/Page_Element/button_Continue")): Object: 'Object Repository/Page_Element/button_Continue' is clicked on

2022-01-17 23:02:38 - [MESSAGE][PASSED] - Object: 'Object Repository/Page_Element/button_Continue' is clicked on

2022-01-17 23:02:38 - [TEST_STEP][PASSED] - click(findTestObject("Object Repository/Page_Element/div_Done")): Object: 'Object Repository/Page_Element/div_Done' is clicked on

2022-01-17 23:02:40 - [MESSAGE][PASSED] - Object: 'Object Repository/Page_Element/div_Done' is clicked on

2022-01-17 23:02:40 - [TEST_STEP][PASSED] - rightClick(findTestObject("Object Repository/Page_Element/span_H")): Object: 'Object Repository/Page_Element/span_H' is right clicked on

2022-01-17 23:02:41 - [MESSAGE][PASSED] - Object: 'Object Repository/Page_Element/span_H' is right clicked on

2022-01-17 23:02:41 - [TEST_STEP][PASSED] - click(findTestObject("Object Repository/Page_Element/span_Preferences")): Object: 'Object Repository/Page_Element/span_Preferences' is clicked on

2022-01-17 23:02:42 - [MESSAGE][PASSED] - Object: 'Object Repository/Page_Element/span_Preferences' is clicked on

2022-01-17 23:02:42 - [TEST_STEP][PASSED] - click(findTestObject("Object Repository/Page_Element/div_Sections to show_mx_Checkbox_background")): Object: 'Object Repository/Page_Element/div_Sections to show_mx_Checkbox_background' is clicked on

2022-01-17 23:02:43 - [MESSAGE][PASSED] - Object: 'Object Repository/Page_Element/div_Sections to show_mx_Checkbox_background' is clicked on

2022-01-17 23:02:43 - [TEST_STEP][PASSED] - click(findTestObject("Object Repository/Page_Element/div_Sections to show_mx_Checkbox_checkmark")): Object: 'Object Repository/Page_Element/div_Sections to show_mx_Checkbox_checkmark' is clicked on

2022-01-17 23:02:44 - [MESSAGE][PASSED] - Object: 'Object Repository/Page_Element/div_Sections to show_mx_Checkbox_checkmark' is clicked on

2022-01-17 23:02:44 - [TEST_STEP][PASSED] - click(findTestObject("Object Repository/Page_Element/div_Preferences_mx_AccessibleButton mx_Dial_364915")): Object: 'Object Repository/Page_Element/div_Preferences_mx_AccessibleButton mx_Dial_364915' is clicked on

2022-01-17 23:02:45 - [MESSAGE][PASSED] - Object: 'Object Repository/Page_Element/div_Preferences_mx_AccessibleButton mx_Dial_364915' is clicked on

2022-01-17 23:02:45 - [TEST_STEP][PASSED] - closeBrowser(): Browser is closed

2022-01-17 23:02:46 - [MESSAGE][PASSED] - Browser is closed]]></system-out>
         <system-err><![CDATA[]]></system-err>
      </testcase>
      <testcase name="Test Cases/82.SignIn02" time="52.005" classname="Test Cases/82.SignIn02" status="PASSED">
         <system-out><![CDATA[2022-01-17 23:02:46 - [TEST_CASE][PASSED] - Test Cases/82.SignIn02: Test Cases/82.SignIn02

2022-01-17 23:02:47 - [TEST_STEP][PASSED] - openBrowser(""): Browser is opened with url: ''

2022-01-17 23:02:47 - [MESSAGE][INFO] - Starting 'Chrome' driver

2022-01-17 23:02:47 - [MESSAGE][INFO] - Action delay is set to 1,000 milliseconds

2022-01-17 23:02:49 - [MESSAGE][PASSED] - Browser is opened with url: ''

2022-01-17 23:02:49 - [TEST_STEP][PASSED] - navigateToUrl("http://localhost:8080/"): Navigate to 'http://localhost:8080/' successfully

2022-01-17 23:02:51 - [MESSAGE][PASSED] - Navigate to 'http://localhost:8080/' successfully

2022-01-17 23:02:51 - [TEST_STEP][PASSED] - click(findTestObject("Object Repository/Page_Element/div_English (US)")): Object: 'Object Repository/Page_Element/div_English (US)' is clicked on

2022-01-17 23:02:55 - [MESSAGE][PASSED] - Object: 'Object Repository/Page_Element/div_English (US)' is clicked on

2022-01-17 23:02:55 - [TEST_STEP][PASSED] - setText(findTestObject("Object Repository/Page_Element/input_Explore rooms_mx_LanguageDropdown_input"), "Dan"): Text 'Dan' is set on object 'Object Repository/Page_Element/input_Explore rooms_mx_LanguageDropdown_input'

2022-01-17 23:02:57 - [MESSAGE][PASSED] - Text 'Dan' is set on object 'Object Repository/Page_Element/input_Explore rooms_mx_LanguageDropdown_input'

2022-01-17 23:02:57 - [TEST_STEP][PASSED] - click(findTestObject("Object Repository/Page_Element/div_Dansk")): Object: 'Object Repository/Page_Element/div_Dansk' is clicked on

2022-01-17 23:02:59 - [MESSAGE][PASSED] - Object: 'Object Repository/Page_Element/div_Dansk' is clicked on

2022-01-17 23:02:59 - [TEST_STEP][PASSED] - click(findTestObject("Object Repository/Page_Element/div_Dansk_1")): Object: 'Object Repository/Page_Element/div_Dansk_1' is clicked on

2022-01-17 23:03:03 - [MESSAGE][PASSED] - Object: 'Object Repository/Page_Element/div_Dansk_1' is clicked on

2022-01-17 23:03:03 - [TEST_STEP][PASSED] - setText(findTestObject("Object Repository/Page_Element/input_Explore rooms_mx_LanguageDropdown_input"), "Eng"): Text 'Eng' is set on object 'Object Repository/Page_Element/input_Explore rooms_mx_LanguageDropdown_input'

2022-01-17 23:03:05 - [MESSAGE][PASSED] - Text 'Eng' is set on object 'Object Repository/Page_Element/input_Explore rooms_mx_LanguageDropdown_input'

2022-01-17 23:03:05 - [TEST_STEP][PASSED] - click(findTestObject("Object Repository/Page_Element/div_English")): Object: 'Object Repository/Page_Element/div_English' is clicked on

2022-01-17 23:03:07 - [MESSAGE][PASSED] - Object: 'Object Repository/Page_Element/div_English' is clicked on

2022-01-17 23:03:07 - [TEST_STEP][PASSED] - click(findTestObject("Object Repository/Page_Element/div_Explore rooms")): Object: 'Object Repository/Page_Element/div_Explore rooms' is clicked on

2022-01-17 23:03:09 - [MESSAGE][PASSED] - Object: 'Object Repository/Page_Element/div_Explore rooms' is clicked on

2022-01-17 23:03:09 - [TEST_STEP][PASSED] - click(findTestObject("Object Repository/Page_Element/div_Explore rooms_mx_AccessibleButton mx_Di_ac37a4")): Object: 'Object Repository/Page_Element/div_Explore rooms_mx_AccessibleButton mx_Di_ac37a4' is clicked on

2022-01-17 23:03:10 - [MESSAGE][PASSED] - Object: 'Object Repository/Page_Element/div_Explore rooms_mx_AccessibleButton mx_Di_ac37a4' is clicked on

2022-01-17 23:03:10 - [TEST_STEP][PASSED] - click(findTestObject("Object Repository/Page_Element/div_Sign In")): Object: 'Object Repository/Page_Element/div_Sign In' is clicked on

2022-01-17 23:03:11 - [MESSAGE][PASSED] - Object: 'Object Repository/Page_Element/div_Sign In' is clicked on

2022-01-17 23:03:11 - [TEST_STEP][PASSED] - setText(findTestObject("Object Repository/Page_Element/input_Sign in with_username"), "ptnha19"): Text 'ptnha19' is set on object 'Object Repository/Page_Element/input_Sign in with_username'

2022-01-17 23:03:14 - [MESSAGE][PASSED] - Text 'ptnha19' is set on object 'Object Repository/Page_Element/input_Sign in with_username'

2022-01-17 23:03:14 - [TEST_STEP][PASSED] - setEncryptedText(findTestObject("Object Repository/Page_Element/input_Username_password"), "5R3Ima4A+eOeCrCDRGMLmJpaGR3V3+YI"): Text ****** has been set on object 'Object Repository/Page_Element/input_Username_password'

2022-01-17 23:03:17 - [MESSAGE][PASSED] - Text ****** has been set on object 'Object Repository/Page_Element/input_Username_password'

2022-01-17 23:03:17 - [TEST_STEP][PASSED] - click(findTestObject("Object Repository/Page_Element/input_Forgot password_mx_Login_submit")): Object: 'Object Repository/Page_Element/input_Forgot password_mx_Login_submit' is clicked on

2022-01-17 23:03:18 - [MESSAGE][PASSED] - Object: 'Object Repository/Page_Element/input_Forgot password_mx_Login_submit' is clicked on

2022-01-17 23:03:18 - [TEST_STEP][PASSED] - click(findTestObject("Object Repository/Page_Element/div_Verify with Security Key")): Object: 'Object Repository/Page_Element/div_Verify with Security Key' is clicked on

2022-01-17 23:03:30 - [MESSAGE][PASSED] - Object: 'Object Repository/Page_Element/div_Verify with Security Key' is clicked on

2022-01-17 23:03:30 - [TEST_STEP][PASSED] - setEncryptedText(findTestObject("Object Repository/Page_Element/input_Security Key_mx_Field_4"), "PF4jXtbe/5x5+S5PgN4Kl/QbANAkWZYKqKaG9gW6gn+Po31AOnak0DX8GoEzAUkskgpeON1UhfEqZG0XXngJPA=="): Text ****** has been set on object 'Object Repository/Page_Element/input_Security Key_mx_Field_4'

2022-01-17 23:03:34 - [MESSAGE][PASSED] - Text ****** has been set on object 'Object Repository/Page_Element/input_Security Key_mx_Field_4'

2022-01-17 23:03:34 - [TEST_STEP][PASSED] - click(findTestObject("Object Repository/Page_Element/button_Continue")): Object: 'Object Repository/Page_Element/button_Continue' is clicked on

2022-01-17 23:03:35 - [MESSAGE][PASSED] - Object: 'Object Repository/Page_Element/button_Continue' is clicked on

2022-01-17 23:03:35 - [TEST_STEP][PASSED] - click(findTestObject("Object Repository/Page_Element/div_Done")): Object: 'Object Repository/Page_Element/div_Done' is clicked on

2022-01-17 23:03:37 - [MESSAGE][PASSED] - Object: 'Object Repository/Page_Element/div_Done' is clicked on

2022-01-17 23:03:37 - [TEST_STEP][PASSED] - closeBrowser(): Browser is closed

2022-01-17 23:03:38 - [MESSAGE][PASSED] - Browser is closed]]></system-out>
         <system-err><![CDATA[]]></system-err>
      </testcase>
      <testcase name="Test Cases/85.SignInFail02" time="28.787" classname="Test Cases/85.SignInFail02" status="PASSED">
         <system-out><![CDATA[2022-01-17 23:03:38 - [TEST_CASE][PASSED] - Test Cases/85.SignInFail02: Test Cases/85.SignInFail02

2022-01-17 23:03:39 - [TEST_STEP][PASSED] - openBrowser(""): Browser is opened with url: ''

2022-01-17 23:03:39 - [MESSAGE][INFO] - Starting 'Chrome' driver

2022-01-17 23:03:39 - [MESSAGE][INFO] - Action delay is set to 1,000 milliseconds

2022-01-17 23:03:41 - [MESSAGE][PASSED] - Browser is opened with url: ''

2022-01-17 23:03:41 - [TEST_STEP][PASSED] - navigateToUrl("http://localhost:8080/"): Navigate to 'http://localhost:8080/' successfully

2022-01-17 23:03:43 - [MESSAGE][PASSED] - Navigate to 'http://localhost:8080/' successfully

2022-01-17 23:03:43 - [TEST_STEP][PASSED] - click(findTestObject("Object Repository/Page_Element/div_Explore rooms")): Object: 'Object Repository/Page_Element/div_Explore rooms' is clicked on

2022-01-17 23:03:47 - [MESSAGE][PASSED] - Object: 'Object Repository/Page_Element/div_Explore rooms' is clicked on

2022-01-17 23:03:47 - [TEST_STEP][PASSED] - setText(findTestObject("Object Repository/Page_Element/input_Create a new room_dirsearch"), "dhb"): Text 'dhb' is set on object 'Object Repository/Page_Element/input_Create a new room_dirsearch'

2022-01-17 23:03:50 - [MESSAGE][PASSED] - Text 'dhb' is set on object 'Object Repository/Page_Element/input_Create a new room_dirsearch'

2022-01-17 23:03:50 - [TEST_STEP][PASSED] - delay(5): Delayed 5 second(s)

2022-01-17 23:03:55 - [MESSAGE][PASSED] - Delayed 5 second(s)

2022-01-17 23:03:55 - [TEST_STEP][PASSED] - click(findTestObject("Object Repository/Page_Element/div_Preview")): Object: 'Object Repository/Page_Element/div_Preview' is clicked on

2022-01-17 23:03:58 - [MESSAGE][PASSED] - Object: 'Object Repository/Page_Element/div_Preview' is clicked on

2022-01-17 23:03:58 - [TEST_STEP][PASSED] - click(findTestObject("Object Repository/Page_Element/button_Sign In")): Object: 'Object Repository/Page_Element/button_Sign In' is clicked on

2022-01-17 23:03:59 - [MESSAGE][PASSED] - Object: 'Object Repository/Page_Element/button_Sign In' is clicked on

2022-01-17 23:03:59 - [TEST_STEP][PASSED] - setText(findTestObject("Object Repository/Page_Element/input_Sign in with_username"), "ptnha19"): Text 'ptnha19' is set on object 'Object Repository/Page_Element/input_Sign in with_username'

2022-01-17 23:04:03 - [MESSAGE][PASSED] - Text 'ptnha19' is set on object 'Object Repository/Page_Element/input_Sign in with_username'

2022-01-17 23:04:03 - [TEST_STEP][PASSED] - setEncryptedText(findTestObject("Object Repository/Page_Element/input_Username_password"), "8ylGA/40/qI="): Text ****** has been set on object 'Object Repository/Page_Element/input_Username_password'

2022-01-17 23:04:05 - [MESSAGE][PASSED] - Text ****** has been set on object 'Object Repository/Page_Element/input_Username_password'

2022-01-17 23:04:05 - [TEST_STEP][PASSED] - click(findTestObject("Object Repository/Page_Element/input_Forgot password_mx_Login_submit")): Object: 'Object Repository/Page_Element/input_Forgot password_mx_Login_submit' is clicked on

2022-01-17 23:04:06 - [MESSAGE][PASSED] - Object: 'Object Repository/Page_Element/input_Forgot password_mx_Login_submit' is clicked on

2022-01-17 23:04:06 - [TEST_STEP][PASSED] - closeBrowser(): Browser is closed

2022-01-17 23:04:07 - [MESSAGE][PASSED] - Browser is closed]]></system-out>
         <system-err><![CDATA[]]></system-err>
      </testcase>
      <testcase name="Test Cases/90.ExploreRoomCreateGroup" time="65.806" classname="Test Cases/90.ExploreRoomCreateGroup" status="FAILED">
         <failure type="FAILED" message="Test Cases/90.ExploreRoomCreateGroup FAILED.
Reason:
com.kms.katalon.core.exception.StepFailedException: Unable to click on object 'Object Repository/Page_Element/span_Explore public rooms'
	at com.kms.katalon.core.webui.keyword.internal.WebUIKeywordMain.stepFailed(WebUIKeywordMain.groovy:64)
	at com.kms.katalon.core.webui.keyword.internal.WebUIKeywordMain.runKeyword(WebUIKeywordMain.groovy:26)
	at com.kms.katalon.core.webui.keyword.builtin.ClickKeyword.click(ClickKeyword.groovy:74)
	at com.kms.katalon.core.webui.keyword.builtin.ClickKeyword.execute(ClickKeyword.groovy:40)
	at com.kms.katalon.core.keyword.internal.KeywordExecutor.executeKeywordForPlatform(KeywordExecutor.groovy:74)
	at com.kms.katalon.core.webui.keyword.WebUiBuiltInKeywords.click(WebUiBuiltInKeywords.groovy:620)
	at com.kms.katalon.core.webui.keyword.WebUiBuiltInKeywords$click$1.call(Unknown Source)
	at 90.ExploreRoomCreateGroup.run(90.ExploreRoomCreateGroup:40)
	at com.kms.katalon.core.main.ScriptEngine.run(ScriptEngine.java:194)
	at com.kms.katalon.core.main.ScriptEngine.runScriptAsRawText(ScriptEngine.java:119)
	at com.kms.katalon.core.main.TestCaseExecutor.runScript(TestCaseExecutor.java:442)
	at com.kms.katalon.core.main.TestCaseExecutor.doExecute(TestCaseExecutor.java:433)
	at com.kms.katalon.core.main.TestCaseExecutor.processExecutionPhase(TestCaseExecutor.java:412)
	at com.kms.katalon.core.main.TestCaseExecutor.accessMainPhase(TestCaseExecutor.java:404)
	at com.kms.katalon.core.main.TestCaseExecutor.execute(TestCaseExecutor.java:281)
	at com.kms.katalon.core.main.TestSuiteExecutor.accessTestCaseMainPhase(TestSuiteExecutor.java:202)
	at com.kms.katalon.core.main.TestSuiteExecutor.accessTestSuiteMainPhase(TestSuiteExecutor.java:164)
	at com.kms.katalon.core.main.TestSuiteExecutor.execute(TestSuiteExecutor.java:105)
	at com.kms.katalon.core.main.TestCaseMain.startTestSuite(TestCaseMain.java:181)
	at com.kms.katalon.core.main.TestCaseMain$startTestSuite$0.call(Unknown Source)
	at TempTestSuite1642435143013.run(TempTestSuite1642435143013.groovy:36)
Caused by: com.kms.katalon.core.webui.exception.WebElementNotFoundException: Web element with id: 'Object Repository/Page_Element/span_Explore public rooms' located by '//section[@id='matrixchat']/div/div[2]/div[3]/div/div/div/div[2]/span' not found
	at com.kms.katalon.core.webui.common.WebUiCommonHelper.findWebElement(WebUiCommonHelper.java:1368)
	at com.kms.katalon.core.webui.keyword.internal.WebUIAbstractKeyword.findWebElement(WebUIAbstractKeyword.groovy:27)
	at com.kms.katalon.core.webui.keyword.builtin.ClickKeyword$_click_closure1.doCall(ClickKeyword.groovy:65)
	at com.kms.katalon.core.webui.keyword.builtin.ClickKeyword$_click_closure1.call(ClickKeyword.groovy)
	at com.kms.katalon.core.webui.keyword.internal.WebUIKeywordMain.runKeyword(WebUIKeywordMain.groovy:20)
	... 19 more
"/>
         <system-out><![CDATA[2022-01-17 23:04:07 - [TEST_CASE][FAILED] - Test Cases/90.ExploreRoomCreateGroup: Test Cases/90.ExploreRoomCreateGroup FAILED.
Reason:
com.kms.katalon.core.exception.StepFailedException: Unable to click on object 'Object Repository/Page_Element/span_Explore public rooms'
	at com.kms.katalon.core.webui.keyword.internal.WebUIKeywordMain.stepFailed(WebUIKeywordMain.groovy:64)
	at com.kms.katalon.core.webui.keyword.internal.WebUIKeywordMain.runKeyword(WebUIKeywordMain.groovy:26)
	at com.kms.katalon.core.webui.keyword.builtin.ClickKeyword.click(ClickKeyword.groovy:74)
	at com.kms.katalon.core.webui.keyword.builtin.ClickKeyword.execute(ClickKeyword.groovy:40)
	at com.kms.katalon.core.keyword.internal.KeywordExecutor.executeKeywordForPlatform(KeywordExecutor.groovy:74)
	at com.kms.katalon.core.webui.keyword.WebUiBuiltInKeywords.click(WebUiBuiltInKeywords.groovy:620)
	at com.kms.katalon.core.webui.keyword.WebUiBuiltInKeywords$click$1.call(Unknown Source)
	at 90.ExploreRoomCreateGroup.run(90.ExploreRoomCreateGroup:40)
	at com.kms.katalon.core.main.ScriptEngine.run(ScriptEngine.java:194)
	at com.kms.katalon.core.main.ScriptEngine.runScriptAsRawText(ScriptEngine.java:119)
	at com.kms.katalon.core.main.TestCaseExecutor.runScript(TestCaseExecutor.java:442)
	at com.kms.katalon.core.main.TestCaseExecutor.doExecute(TestCaseExecutor.java:433)
	at com.kms.katalon.core.main.TestCaseExecutor.processExecutionPhase(TestCaseExecutor.java:412)
	at com.kms.katalon.core.main.TestCaseExecutor.accessMainPhase(TestCaseExecutor.java:404)
	at com.kms.katalon.core.main.TestCaseExecutor.execute(TestCaseExecutor.java:281)
	at com.kms.katalon.core.main.TestSuiteExecutor.accessTestCaseMainPhase(TestSuiteExecutor.java:202)
	at com.kms.katalon.core.main.TestSuiteExecutor.accessTestSuiteMainPhase(TestSuiteExecutor.java:164)
	at com.kms.katalon.core.main.TestSuiteExecutor.execute(TestSuiteExecutor.java:105)
	at com.kms.katalon.core.main.TestCaseMain.startTestSuite(TestCaseMain.java:181)
	at com.kms.katalon.core.main.TestCaseMain$startTestSuite$0.call(Unknown Source)
	at TempTestSuite1642435143013.run(TempTestSuite1642435143013.groovy:36)
Caused by: com.kms.katalon.core.webui.exception.WebElementNotFoundException: Web element with id: 'Object Repository/Page_Element/span_Explore public rooms' located by '//section[@id='matrixchat']/div/div[2]/div[3]/div/div/div/div[2]/span' not found
	at com.kms.katalon.core.webui.common.WebUiCommonHelper.findWebElement(WebUiCommonHelper.java:1368)
	at com.kms.katalon.core.webui.keyword.internal.WebUIAbstractKeyword.findWebElement(WebUIAbstractKeyword.groovy:27)
	at com.kms.katalon.core.webui.keyword.builtin.ClickKeyword$_click_closure1.doCall(ClickKeyword.groovy:65)
	at com.kms.katalon.core.webui.keyword.builtin.ClickKeyword$_click_closure1.call(ClickKeyword.groovy)
	at com.kms.katalon.core.webui.keyword.internal.WebUIKeywordMain.runKeyword(WebUIKeywordMain.groovy:20)
	... 19 more


2022-01-17 23:04:08 - [TEST_STEP][PASSED] - openBrowser(""): Browser is opened with url: ''

2022-01-17 23:04:08 - [MESSAGE][INFO] - Starting 'Chrome' driver

2022-01-17 23:04:08 - [MESSAGE][INFO] - Action delay is set to 1,000 milliseconds

2022-01-17 23:04:09 - [MESSAGE][PASSED] - Browser is opened with url: ''

2022-01-17 23:04:09 - [TEST_STEP][PASSED] - navigateToUrl("http://localhost:8080/"): Navigate to 'http://localhost:8080/' successfully

2022-01-17 23:04:12 - [MESSAGE][PASSED] - Navigate to 'http://localhost:8080/' successfully

2022-01-17 23:04:12 - [TEST_STEP][PASSED] - click(findTestObject("Object Repository/Page_Element/div_Sign In")): Object: 'Object Repository/Page_Element/div_Sign In' is clicked on

2022-01-17 23:04:16 - [MESSAGE][PASSED] - Object: 'Object Repository/Page_Element/div_Sign In' is clicked on

2022-01-17 23:04:16 - [TEST_STEP][PASSED] - setText(findTestObject("Object Repository/Page_Element/input_Sign in with_username"), "ptnha19"): Text 'ptnha19' is set on object 'Object Repository/Page_Element/input_Sign in with_username'

2022-01-17 23:04:20 - [MESSAGE][PASSED] - Text 'ptnha19' is set on object 'Object Repository/Page_Element/input_Sign in with_username'

2022-01-17 23:04:20 - [TEST_STEP][PASSED] - setEncryptedText(findTestObject("Object Repository/Page_Element/input_Username_password"), "5R3Ima4A+eOeCrCDRGMLmJpaGR3V3+YI"): Text ****** has been set on object 'Object Repository/Page_Element/input_Username_password'

2022-01-17 23:04:22 - [MESSAGE][PASSED] - Text ****** has been set on object 'Object Repository/Page_Element/input_Username_password'

2022-01-17 23:04:22 - [TEST_STEP][PASSED] - click(findTestObject("Object Repository/Page_Element/input_Forgot password_mx_Login_submit")): Object: 'Object Repository/Page_Element/input_Forgot password_mx_Login_submit' is clicked on

2022-01-17 23:04:23 - [MESSAGE][PASSED] - Object: 'Object Repository/Page_Element/input_Forgot password_mx_Login_submit' is clicked on

2022-01-17 23:04:23 - [TEST_STEP][PASSED] - click(findTestObject("Object Repository/Page_Element/div_Verify with Security Key")): Object: 'Object Repository/Page_Element/div_Verify with Security Key' is clicked on

2022-01-17 23:04:33 - [MESSAGE][PASSED] - Object: 'Object Repository/Page_Element/div_Verify with Security Key' is clicked on

2022-01-17 23:04:33 - [TEST_STEP][PASSED] - setEncryptedText(findTestObject("Object Repository/Page_Element/input_Security Key_mx_Field_4"), "PF4jXtbe/5x5+S5PgN4Kl/QbANAkWZYKqKaG9gW6gn+Po31AOnak0DX8GoEzAUkskgpeON1UhfEqZG0XXngJPA=="): Text ****** has been set on object 'Object Repository/Page_Element/input_Security Key_mx_Field_4'

2022-01-17 23:04:39 - [MESSAGE][PASSED] - Text ****** has been set on object 'Object Repository/Page_Element/input_Security Key_mx_Field_4'

2022-01-17 23:04:39 - [TEST_STEP][PASSED] - click(findTestObject("Object Repository/Page_Element/button_Continue")): Object: 'Object Repository/Page_Element/button_Continue' is clicked on

2022-01-17 23:04:40 - [MESSAGE][PASSED] - Object: 'Object Repository/Page_Element/button_Continue' is clicked on

2022-01-17 23:04:40 - [TEST_STEP][PASSED] - click(findTestObject("Object Repository/Page_Element/div_Done")): Object: 'Object Repository/Page_Element/div_Done' is clicked on

2022-01-17 23:04:42 - [MESSAGE][PASSED] - Object: 'Object Repository/Page_Element/div_Done' is clicked on

2022-01-17 23:04:42 - [TEST_STEP][FAILED] - click(findTestObject("Object Repository/Page_Element/span_Explore public rooms")): Unable to click on object 'Object Repository/Page_Element/span_Explore public rooms' (Root cause: com.kms.katalon.core.exception.StepFailedException: Unable to click on object 'Object Repository/Page_Element/span_Explore public rooms'
	at com.kms.katalon.core.webui.keyword.internal.WebUIKeywordMain.stepFailed(WebUIKeywordMain.groovy:64)
	at com.kms.katalon.core.webui.keyword.internal.WebUIKeywordMain.runKeyword(WebUIKeywordMain.groovy:26)
	at com.kms.katalon.core.webui.keyword.builtin.ClickKeyword.click(ClickKeyword.groovy:74)
	at com.kms.katalon.core.webui.keyword.builtin.ClickKeyword.execute(ClickKeyword.groovy:40)
	at com.kms.katalon.core.keyword.internal.KeywordExecutor.executeKeywordForPlatform(KeywordExecutor.groovy:74)
	at com.kms.katalon.core.webui.keyword.WebUiBuiltInKeywords.click(WebUiBuiltInKeywords.groovy:620)
	at com.kms.katalon.core.webui.keyword.WebUiBuiltInKeywords$click$1.call(Unknown Source)
	at 90.ExploreRoomCreateGroup.run(90.ExploreRoomCreateGroup:40)
	at com.kms.katalon.core.main.ScriptEngine.run(ScriptEngine.java:194)
	at com.kms.katalon.core.main.ScriptEngine.runScriptAsRawText(ScriptEngine.java:119)
	at com.kms.katalon.core.main.TestCaseExecutor.runScript(TestCaseExecutor.java:442)
	at com.kms.katalon.core.main.TestCaseExecutor.doExecute(TestCaseExecutor.java:433)
	at com.kms.katalon.core.main.TestCaseExecutor.processExecutionPhase(TestCaseExecutor.java:412)
	at com.kms.katalon.core.main.TestCaseExecutor.accessMainPhase(TestCaseExecutor.java:404)
	at com.kms.katalon.core.main.TestCaseExecutor.execute(TestCaseExecutor.java:281)
	at com.kms.katalon.core.main.TestSuiteExecutor.accessTestCaseMainPhase(TestSuiteExecutor.java:202)
	at com.kms.katalon.core.main.TestSuiteExecutor.accessTestSuiteMainPhase(TestSuiteExecutor.java:164)
	at com.kms.katalon.core.main.TestSuiteExecutor.execute(TestSuiteExecutor.java:105)
	at com.kms.katalon.core.main.TestCaseMain.startTestSuite(TestCaseMain.java:181)
	at com.kms.katalon.core.main.TestCaseMain$startTestSuite$0.call(Unknown Source)
	at TempTestSuite1642435143013.run(TempTestSuite1642435143013.groovy:36)
Caused by: com.kms.katalon.core.webui.exception.WebElementNotFoundException: Web element with id: 'Object Repository/Page_Element/span_Explore public rooms' located by '//section[@id='matrixchat']/div/div[2]/div[3]/div/div/div/div[2]/span' not found
	at com.kms.katalon.core.webui.common.WebUiCommonHelper.findWebElement(WebUiCommonHelper.java:1368)
	at com.kms.katalon.core.webui.keyword.internal.WebUIAbstractKeyword.findWebElement(WebUIAbstractKeyword.groovy:27)
	at com.kms.katalon.core.webui.keyword.builtin.ClickKeyword$_click_closure1.doCall(ClickKeyword.groovy:65)
	at com.kms.katalon.core.webui.keyword.builtin.ClickKeyword$_click_closure1.call(ClickKeyword.groovy)
	at com.kms.katalon.core.webui.keyword.internal.WebUIKeywordMain.runKeyword(WebUIKeywordMain.groovy:20)
	at com.kms.katalon.core.webui.keyword.builtin.ClickKeyword.click(ClickKeyword.groovy:74)
	at com.kms.katalon.core.webui.keyword.builtin.ClickKeyword.execute(ClickKeyword.groovy:40)
	at com.kms.katalon.core.keyword.internal.KeywordExecutor.executeKeywordForPlatform(KeywordExecutor.groovy:74)
	at com.kms.katalon.core.webui.keyword.WebUiBuiltInKeywords.click(WebUiBuiltInKeywords.groovy:620)
	at com.kms.katalon.core.webui.keyword.WebUiBuiltInKeywords$click$1.call(Unknown Source)
	at Script1642355075084.run(Script1642355075084.groovy:40)
	... 13 more
)

2022-01-17 23:05:13 - [MESSAGE][INFO] - Unable to find the element located by 'By.xpath: //section[@id='matrixchat']/div/div[2]/div[3]/div/div/div/div[2]/span'. Please recheck the objects properties to make sure the desired element is located. 

2022-01-17 23:05:13 - [MESSAGE][FAILED] - Unable to click on object 'Object Repository/Page_Element/span_Explore public rooms' (Root cause: com.kms.katalon.core.exception.StepFailedException: Unable to click on object 'Object Repository/Page_Element/span_Explore public rooms'
	at com.kms.katalon.core.webui.keyword.internal.WebUIKeywordMain.stepFailed(WebUIKeywordMain.groovy:64)
	at com.kms.katalon.core.webui.keyword.internal.WebUIKeywordMain.runKeyword(WebUIKeywordMain.groovy:26)
	at com.kms.katalon.core.webui.keyword.builtin.ClickKeyword.click(ClickKeyword.groovy:74)
	at com.kms.katalon.core.webui.keyword.builtin.ClickKeyword.execute(ClickKeyword.groovy:40)
	at com.kms.katalon.core.keyword.internal.KeywordExecutor.executeKeywordForPlatform(KeywordExecutor.groovy:74)
	at com.kms.katalon.core.webui.keyword.WebUiBuiltInKeywords.click(WebUiBuiltInKeywords.groovy:620)
	at com.kms.katalon.core.webui.keyword.WebUiBuiltInKeywords$click$1.call(Unknown Source)
	at 90.ExploreRoomCreateGroup.run(90.ExploreRoomCreateGroup:40)
	at com.kms.katalon.core.main.ScriptEngine.run(ScriptEngine.java:194)
	at com.kms.katalon.core.main.ScriptEngine.runScriptAsRawText(ScriptEngine.java:119)
	at com.kms.katalon.core.main.TestCaseExecutor.runScript(TestCaseExecutor.java:442)
	at com.kms.katalon.core.main.TestCaseExecutor.doExecute(TestCaseExecutor.java:433)
	at com.kms.katalon.core.main.TestCaseExecutor.processExecutionPhase(TestCaseExecutor.java:412)
	at com.kms.katalon.core.main.TestCaseExecutor.accessMainPhase(TestCaseExecutor.java:404)
	at com.kms.katalon.core.main.TestCaseExecutor.execute(TestCaseExecutor.java:281)
	at com.kms.katalon.core.main.TestSuiteExecutor.accessTestCaseMainPhase(TestSuiteExecutor.java:202)
	at com.kms.katalon.core.main.TestSuiteExecutor.accessTestSuiteMainPhase(TestSuiteExecutor.java:164)
	at com.kms.katalon.core.main.TestSuiteExecutor.execute(TestSuiteExecutor.java:105)
	at com.kms.katalon.core.main.TestCaseMain.startTestSuite(TestCaseMain.java:181)
	at com.kms.katalon.core.main.TestCaseMain$startTestSuite$0.call(Unknown Source)
	at TempTestSuite1642435143013.run(TempTestSuite1642435143013.groovy:36)
Caused by: com.kms.katalon.core.webui.exception.WebElementNotFoundException: Web element with id: 'Object Repository/Page_Element/span_Explore public rooms' located by '//section[@id='matrixchat']/div/div[2]/div[3]/div/div/div/div[2]/span' not found
	at com.kms.katalon.core.webui.common.WebUiCommonHelper.findWebElement(WebUiCommonHelper.java:1368)
	at com.kms.katalon.core.webui.keyword.internal.WebUIAbstractKeyword.findWebElement(WebUIAbstractKeyword.groovy:27)
	at com.kms.katalon.core.webui.keyword.builtin.ClickKeyword$_click_closure1.doCall(ClickKeyword.groovy:65)
	at com.kms.katalon.core.webui.keyword.builtin.ClickKeyword$_click_closure1.call(ClickKeyword.groovy)
	at com.kms.katalon.core.webui.keyword.internal.WebUIKeywordMain.runKeyword(WebUIKeywordMain.groovy:20)
	at com.kms.katalon.core.webui.keyword.builtin.ClickKeyword.click(ClickKeyword.groovy:74)
	at com.kms.katalon.core.webui.keyword.builtin.ClickKeyword.execute(ClickKeyword.groovy:40)
	at com.kms.katalon.core.keyword.internal.KeywordExecutor.executeKeywordForPlatform(KeywordExecutor.groovy:74)
	at com.kms.katalon.core.webui.keyword.WebUiBuiltInKeywords.click(WebUiBuiltInKeywords.groovy:620)
	at com.kms.katalon.core.webui.keyword.WebUiBuiltInKeywords$click$1.call(Unknown Source)
	at Script1642355075084.run(Script1642355075084.groovy:40)
	... 13 more
)
[[ATTACHMENT|C:\\Users\\ha.pham\\Documents\\GitHub\\Bonus-SE\\Katalon_pj\\Bonus_SE\\Reports\\20220117_225903\\Run all test case\\20220117_225903\\1642435513474.png]]]]></system-out>
         <system-err><![CDATA[2022-01-17 23:04:07 - [TEST_CASE][FAILED] - Test Cases/90.ExploreRoomCreateGroup: Test Cases/90.ExploreRoomCreateGroup FAILED.
Reason:
com.kms.katalon.core.exception.StepFailedException: Unable to click on object 'Object Repository/Page_Element/span_Explore public rooms'
	at com.kms.katalon.core.webui.keyword.internal.WebUIKeywordMain.stepFailed(WebUIKeywordMain.groovy:64)
	at com.kms.katalon.core.webui.keyword.internal.WebUIKeywordMain.runKeyword(WebUIKeywordMain.groovy:26)
	at com.kms.katalon.core.webui.keyword.builtin.ClickKeyword.click(ClickKeyword.groovy:74)
	at com.kms.katalon.core.webui.keyword.builtin.ClickKeyword.execute(ClickKeyword.groovy:40)
	at com.kms.katalon.core.keyword.internal.KeywordExecutor.executeKeywordForPlatform(KeywordExecutor.groovy:74)
	at com.kms.katalon.core.webui.keyword.WebUiBuiltInKeywords.click(WebUiBuiltInKeywords.groovy:620)
	at com.kms.katalon.core.webui.keyword.WebUiBuiltInKeywords$click$1.call(Unknown Source)
	at 90.ExploreRoomCreateGroup.run(90.ExploreRoomCreateGroup:40)
	at com.kms.katalon.core.main.ScriptEngine.run(ScriptEngine.java:194)
	at com.kms.katalon.core.main.ScriptEngine.runScriptAsRawText(ScriptEngine.java:119)
	at com.kms.katalon.core.main.TestCaseExecutor.runScript(TestCaseExecutor.java:442)
	at com.kms.katalon.core.main.TestCaseExecutor.doExecute(TestCaseExecutor.java:433)
	at com.kms.katalon.core.main.TestCaseExecutor.processExecutionPhase(TestCaseExecutor.java:412)
	at com.kms.katalon.core.main.TestCaseExecutor.accessMainPhase(TestCaseExecutor.java:404)
	at com.kms.katalon.core.main.TestCaseExecutor.execute(TestCaseExecutor.java:281)
	at com.kms.katalon.core.main.TestSuiteExecutor.accessTestCaseMainPhase(TestSuiteExecutor.java:202)
	at com.kms.katalon.core.main.TestSuiteExecutor.accessTestSuiteMainPhase(TestSuiteExecutor.java:164)
	at com.kms.katalon.core.main.TestSuiteExecutor.execute(TestSuiteExecutor.java:105)
	at com.kms.katalon.core.main.TestCaseMain.startTestSuite(TestCaseMain.java:181)
	at com.kms.katalon.core.main.TestCaseMain$startTestSuite$0.call(Unknown Source)
	at TempTestSuite1642435143013.run(TempTestSuite1642435143013.groovy:36)
Caused by: com.kms.katalon.core.webui.exception.WebElementNotFoundException: Web element with id: 'Object Repository/Page_Element/span_Explore public rooms' located by '//section[@id='matrixchat']/div/div[2]/div[3]/div/div/div/div[2]/span' not found
	at com.kms.katalon.core.webui.common.WebUiCommonHelper.findWebElement(WebUiCommonHelper.java:1368)
	at com.kms.katalon.core.webui.keyword.internal.WebUIAbstractKeyword.findWebElement(WebUIAbstractKeyword.groovy:27)
	at com.kms.katalon.core.webui.keyword.builtin.ClickKeyword$_click_closure1.doCall(ClickKeyword.groovy:65)
	at com.kms.katalon.core.webui.keyword.builtin.ClickKeyword$_click_closure1.call(ClickKeyword.groovy)
	at com.kms.katalon.core.webui.keyword.internal.WebUIKeywordMain.runKeyword(WebUIKeywordMain.groovy:20)
	... 19 more]]></system-err>
      </testcase>
      <testcase name="Test Cases/91.SendMessageCreateGroup" time="64.591" classname="Test Cases/91.SendMessageCreateGroup" status="FAILED">
         <failure type="FAILED" message="Test Cases/91.SendMessageCreateGroup FAILED.
Reason:
com.kms.katalon.core.exception.StepFailedException: Unable to click on object 'Object Repository/Page_Element/span_Send a Direct Message'
	at com.kms.katalon.core.webui.keyword.internal.WebUIKeywordMain.stepFailed(WebUIKeywordMain.groovy:64)
	at com.kms.katalon.core.webui.keyword.internal.WebUIKeywordMain.runKeyword(WebUIKeywordMain.groovy:26)
	at com.kms.katalon.core.webui.keyword.builtin.ClickKeyword.click(ClickKeyword.groovy:74)
	at com.kms.katalon.core.webui.keyword.builtin.ClickKeyword.execute(ClickKeyword.groovy:40)
	at com.kms.katalon.core.keyword.internal.KeywordExecutor.executeKeywordForPlatform(KeywordExecutor.groovy:74)
	at com.kms.katalon.core.webui.keyword.WebUiBuiltInKeywords.click(WebUiBuiltInKeywords.groovy:620)
	at com.kms.katalon.core.webui.keyword.WebUiBuiltInKeywords$click$1.call(Unknown Source)
	at 91.SendMessageCreateGroup.run(91.SendMessageCreateGroup:40)
	at com.kms.katalon.core.main.ScriptEngine.run(ScriptEngine.java:194)
	at com.kms.katalon.core.main.ScriptEngine.runScriptAsRawText(ScriptEngine.java:119)
	at com.kms.katalon.core.main.TestCaseExecutor.runScript(TestCaseExecutor.java:442)
	at com.kms.katalon.core.main.TestCaseExecutor.doExecute(TestCaseExecutor.java:433)
	at com.kms.katalon.core.main.TestCaseExecutor.processExecutionPhase(TestCaseExecutor.java:412)
	at com.kms.katalon.core.main.TestCaseExecutor.accessMainPhase(TestCaseExecutor.java:404)
	at com.kms.katalon.core.main.TestCaseExecutor.execute(TestCaseExecutor.java:281)
	at com.kms.katalon.core.main.TestSuiteExecutor.accessTestCaseMainPhase(TestSuiteExecutor.java:202)
	at com.kms.katalon.core.main.TestSuiteExecutor.accessTestSuiteMainPhase(TestSuiteExecutor.java:164)
	at com.kms.katalon.core.main.TestSuiteExecutor.execute(TestSuiteExecutor.java:105)
	at com.kms.katalon.core.main.TestCaseMain.startTestSuite(TestCaseMain.java:181)
	at com.kms.katalon.core.main.TestCaseMain$startTestSuite$0.call(Unknown Source)
	at TempTestSuite1642435143013.run(TempTestSuite1642435143013.groovy:36)
Caused by: com.kms.katalon.core.webui.exception.WebElementNotFoundException: Web element with id: 'Object Repository/Page_Element/span_Send a Direct Message' located by '//section[@id='matrixchat']/div/div[2]/div[3]/div/div/div/div/span' not found
	at com.kms.katalon.core.webui.common.WebUiCommonHelper.findWebElement(WebUiCommonHelper.java:1368)
	at com.kms.katalon.core.webui.keyword.internal.WebUIAbstractKeyword.findWebElement(WebUIAbstractKeyword.groovy:27)
	at com.kms.katalon.core.webui.keyword.builtin.ClickKeyword$_click_closure1.doCall(ClickKeyword.groovy:65)
	at com.kms.katalon.core.webui.keyword.builtin.ClickKeyword$_click_closure1.call(ClickKeyword.groovy)
	at com.kms.katalon.core.webui.keyword.internal.WebUIKeywordMain.runKeyword(WebUIKeywordMain.groovy:20)
	... 19 more
"/>
         <system-out><![CDATA[2022-01-17 23:05:13 - [TEST_CASE][FAILED] - Test Cases/91.SendMessageCreateGroup: Test Cases/91.SendMessageCreateGroup FAILED.
Reason:
com.kms.katalon.core.exception.StepFailedException: Unable to click on object 'Object Repository/Page_Element/span_Send a Direct Message'
	at com.kms.katalon.core.webui.keyword.internal.WebUIKeywordMain.stepFailed(WebUIKeywordMain.groovy:64)
	at com.kms.katalon.core.webui.keyword.internal.WebUIKeywordMain.runKeyword(WebUIKeywordMain.groovy:26)
	at com.kms.katalon.core.webui.keyword.builtin.ClickKeyword.click(ClickKeyword.groovy:74)
	at com.kms.katalon.core.webui.keyword.builtin.ClickKeyword.execute(ClickKeyword.groovy:40)
	at com.kms.katalon.core.keyword.internal.KeywordExecutor.executeKeywordForPlatform(KeywordExecutor.groovy:74)
	at com.kms.katalon.core.webui.keyword.WebUiBuiltInKeywords.click(WebUiBuiltInKeywords.groovy:620)
	at com.kms.katalon.core.webui.keyword.WebUiBuiltInKeywords$click$1.call(Unknown Source)
	at 91.SendMessageCreateGroup.run(91.SendMessageCreateGroup:40)
	at com.kms.katalon.core.main.ScriptEngine.run(ScriptEngine.java:194)
	at com.kms.katalon.core.main.ScriptEngine.runScriptAsRawText(ScriptEngine.java:119)
	at com.kms.katalon.core.main.TestCaseExecutor.runScript(TestCaseExecutor.java:442)
	at com.kms.katalon.core.main.TestCaseExecutor.doExecute(TestCaseExecutor.java:433)
	at com.kms.katalon.core.main.TestCaseExecutor.processExecutionPhase(TestCaseExecutor.java:412)
	at com.kms.katalon.core.main.TestCaseExecutor.accessMainPhase(TestCaseExecutor.java:404)
	at com.kms.katalon.core.main.TestCaseExecutor.execute(TestCaseExecutor.java:281)
	at com.kms.katalon.core.main.TestSuiteExecutor.accessTestCaseMainPhase(TestSuiteExecutor.java:202)
	at com.kms.katalon.core.main.TestSuiteExecutor.accessTestSuiteMainPhase(TestSuiteExecutor.java:164)
	at com.kms.katalon.core.main.TestSuiteExecutor.execute(TestSuiteExecutor.java:105)
	at com.kms.katalon.core.main.TestCaseMain.startTestSuite(TestCaseMain.java:181)
	at com.kms.katalon.core.main.TestCaseMain$startTestSuite$0.call(Unknown Source)
	at TempTestSuite1642435143013.run(TempTestSuite1642435143013.groovy:36)
Caused by: com.kms.katalon.core.webui.exception.WebElementNotFoundException: Web element with id: 'Object Repository/Page_Element/span_Send a Direct Message' located by '//section[@id='matrixchat']/div/div[2]/div[3]/div/div/div/div/span' not found
	at com.kms.katalon.core.webui.common.WebUiCommonHelper.findWebElement(WebUiCommonHelper.java:1368)
	at com.kms.katalon.core.webui.keyword.internal.WebUIAbstractKeyword.findWebElement(WebUIAbstractKeyword.groovy:27)
	at com.kms.katalon.core.webui.keyword.builtin.ClickKeyword$_click_closure1.doCall(ClickKeyword.groovy:65)
	at com.kms.katalon.core.webui.keyword.builtin.ClickKeyword$_click_closure1.call(ClickKeyword.groovy)
	at com.kms.katalon.core.webui.keyword.internal.WebUIKeywordMain.runKeyword(WebUIKeywordMain.groovy:20)
	... 19 more


2022-01-17 23:05:13 - [TEST_STEP][PASSED] - openBrowser(""): Browser is opened with url: ''

2022-01-17 23:05:13 - [MESSAGE][WARNING] - A browser is already opened. Closing browser and opening a new one

2022-01-17 23:05:15 - [MESSAGE][INFO] - Starting 'Chrome' driver

2022-01-17 23:05:15 - [MESSAGE][INFO] - Action delay is set to 1,000 milliseconds

2022-01-17 23:05:17 - [MESSAGE][PASSED] - Browser is opened with url: ''

2022-01-17 23:05:17 - [TEST_STEP][PASSED] - navigateToUrl("http://localhost:8080/"): Navigate to 'http://localhost:8080/' successfully

2022-01-17 23:05:19 - [MESSAGE][PASSED] - Navigate to 'http://localhost:8080/' successfully

2022-01-17 23:05:19 - [TEST_STEP][PASSED] - click(findTestObject("Object Repository/Page_Element/div_Sign In")): Object: 'Object Repository/Page_Element/div_Sign In' is clicked on

2022-01-17 23:05:23 - [MESSAGE][PASSED] - Object: 'Object Repository/Page_Element/div_Sign In' is clicked on

2022-01-17 23:05:23 - [TEST_STEP][PASSED] - setText(findTestObject("Object Repository/Page_Element/input_Sign in with_username"), "ptnha19"): Text 'ptnha19' is set on object 'Object Repository/Page_Element/input_Sign in with_username'

2022-01-17 23:05:28 - [MESSAGE][PASSED] - Text 'ptnha19' is set on object 'Object Repository/Page_Element/input_Sign in with_username'

2022-01-17 23:05:28 - [TEST_STEP][PASSED] - setEncryptedText(findTestObject("Object Repository/Page_Element/input_Username_password"), "5R3Ima4A+eOeCrCDRGMLmJpaGR3V3+YI"): Text ****** has been set on object 'Object Repository/Page_Element/input_Username_password'

2022-01-17 23:05:30 - [MESSAGE][PASSED] - Text ****** has been set on object 'Object Repository/Page_Element/input_Username_password'

2022-01-17 23:05:30 - [TEST_STEP][PASSED] - click(findTestObject("Object Repository/Page_Element/input_Forgot password_mx_Login_submit")): Object: 'Object Repository/Page_Element/input_Forgot password_mx_Login_submit' is clicked on

2022-01-17 23:05:31 - [MESSAGE][PASSED] - Object: 'Object Repository/Page_Element/input_Forgot password_mx_Login_submit' is clicked on

2022-01-17 23:05:31 - [TEST_STEP][PASSED] - click(findTestObject("Object Repository/Page_Element/div_Verify with Security Key")): Object: 'Object Repository/Page_Element/div_Verify with Security Key' is clicked on

2022-01-17 23:05:39 - [MESSAGE][PASSED] - Object: 'Object Repository/Page_Element/div_Verify with Security Key' is clicked on

2022-01-17 23:05:39 - [TEST_STEP][PASSED] - setEncryptedText(findTestObject("Object Repository/Page_Element/input_Security Key_mx_Field_4"), "PF4jXtbe/5x5+S5PgN4Kl/QbANAkWZYKqKaG9gW6gn+Po31AOnak0DX8GoEzAUkskgpeON1UhfEqZG0XXngJPA=="): Text ****** has been set on object 'Object Repository/Page_Element/input_Security Key_mx_Field_4'

2022-01-17 23:05:43 - [MESSAGE][PASSED] - Text ****** has been set on object 'Object Repository/Page_Element/input_Security Key_mx_Field_4'

2022-01-17 23:05:43 - [TEST_STEP][PASSED] - click(findTestObject("Object Repository/Page_Element/button_Continue")): Object: 'Object Repository/Page_Element/button_Continue' is clicked on

2022-01-17 23:05:45 - [MESSAGE][PASSED] - Object: 'Object Repository/Page_Element/button_Continue' is clicked on

2022-01-17 23:05:45 - [TEST_STEP][PASSED] - click(findTestObject("Object Repository/Page_Element/div_Done")): Object: 'Object Repository/Page_Element/div_Done' is clicked on

2022-01-17 23:05:47 - [MESSAGE][PASSED] - Object: 'Object Repository/Page_Element/div_Done' is clicked on

2022-01-17 23:05:47 - [TEST_STEP][FAILED] - click(findTestObject("Object Repository/Page_Element/span_Send a Direct Message")): Unable to click on object 'Object Repository/Page_Element/span_Send a Direct Message' (Root cause: com.kms.katalon.core.exception.StepFailedException: Unable to click on object 'Object Repository/Page_Element/span_Send a Direct Message'
	at com.kms.katalon.core.webui.keyword.internal.WebUIKeywordMain.stepFailed(WebUIKeywordMain.groovy:64)
	at com.kms.katalon.core.webui.keyword.internal.WebUIKeywordMain.runKeyword(WebUIKeywordMain.groovy:26)
	at com.kms.katalon.core.webui.keyword.builtin.ClickKeyword.click(ClickKeyword.groovy:74)
	at com.kms.katalon.core.webui.keyword.builtin.ClickKeyword.execute(ClickKeyword.groovy:40)
	at com.kms.katalon.core.keyword.internal.KeywordExecutor.executeKeywordForPlatform(KeywordExecutor.groovy:74)
	at com.kms.katalon.core.webui.keyword.WebUiBuiltInKeywords.click(WebUiBuiltInKeywords.groovy:620)
	at com.kms.katalon.core.webui.keyword.WebUiBuiltInKeywords$click$1.call(Unknown Source)
	at 91.SendMessageCreateGroup.run(91.SendMessageCreateGroup:40)
	at com.kms.katalon.core.main.ScriptEngine.run(ScriptEngine.java:194)
	at com.kms.katalon.core.main.ScriptEngine.runScriptAsRawText(ScriptEngine.java:119)
	at com.kms.katalon.core.main.TestCaseExecutor.runScript(TestCaseExecutor.java:442)
	at com.kms.katalon.core.main.TestCaseExecutor.doExecute(TestCaseExecutor.java:433)
	at com.kms.katalon.core.main.TestCaseExecutor.processExecutionPhase(TestCaseExecutor.java:412)
	at com.kms.katalon.core.main.TestCaseExecutor.accessMainPhase(TestCaseExecutor.java:404)
	at com.kms.katalon.core.main.TestCaseExecutor.execute(TestCaseExecutor.java:281)
	at com.kms.katalon.core.main.TestSuiteExecutor.accessTestCaseMainPhase(TestSuiteExecutor.java:202)
	at com.kms.katalon.core.main.TestSuiteExecutor.accessTestSuiteMainPhase(TestSuiteExecutor.java:164)
	at com.kms.katalon.core.main.TestSuiteExecutor.execute(TestSuiteExecutor.java:105)
	at com.kms.katalon.core.main.TestCaseMain.startTestSuite(TestCaseMain.java:181)
	at com.kms.katalon.core.main.TestCaseMain$startTestSuite$0.call(Unknown Source)
	at TempTestSuite1642435143013.run(TempTestSuite1642435143013.groovy:36)
Caused by: com.kms.katalon.core.webui.exception.WebElementNotFoundException: Web element with id: 'Object Repository/Page_Element/span_Send a Direct Message' located by '//section[@id='matrixchat']/div/div[2]/div[3]/div/div/div/div/span' not found
	at com.kms.katalon.core.webui.common.WebUiCommonHelper.findWebElement(WebUiCommonHelper.java:1368)
	at com.kms.katalon.core.webui.keyword.internal.WebUIAbstractKeyword.findWebElement(WebUIAbstractKeyword.groovy:27)
	at com.kms.katalon.core.webui.keyword.builtin.ClickKeyword$_click_closure1.doCall(ClickKeyword.groovy:65)
	at com.kms.katalon.core.webui.keyword.builtin.ClickKeyword$_click_closure1.call(ClickKeyword.groovy)
	at com.kms.katalon.core.webui.keyword.internal.WebUIKeywordMain.runKeyword(WebUIKeywordMain.groovy:20)
	at com.kms.katalon.core.webui.keyword.builtin.ClickKeyword.click(ClickKeyword.groovy:74)
	at com.kms.katalon.core.webui.keyword.builtin.ClickKeyword.execute(ClickKeyword.groovy:40)
	at com.kms.katalon.core.keyword.internal.KeywordExecutor.executeKeywordForPlatform(KeywordExecutor.groovy:74)
	at com.kms.katalon.core.webui.keyword.WebUiBuiltInKeywords.click(WebUiBuiltInKeywords.groovy:620)
	at com.kms.katalon.core.webui.keyword.WebUiBuiltInKeywords$click$1.call(Unknown Source)
	at Script1642355640105.run(Script1642355640105.groovy:40)
	... 13 more
)

2022-01-17 23:06:18 - [MESSAGE][INFO] - Unable to find the element located by 'By.xpath: //section[@id='matrixchat']/div/div[2]/div[3]/div/div/div/div/span'. Please recheck the objects properties to make sure the desired element is located. 

2022-01-17 23:06:18 - [MESSAGE][FAILED] - Unable to click on object 'Object Repository/Page_Element/span_Send a Direct Message' (Root cause: com.kms.katalon.core.exception.StepFailedException: Unable to click on object 'Object Repository/Page_Element/span_Send a Direct Message'
	at com.kms.katalon.core.webui.keyword.internal.WebUIKeywordMain.stepFailed(WebUIKeywordMain.groovy:64)
	at com.kms.katalon.core.webui.keyword.internal.WebUIKeywordMain.runKeyword(WebUIKeywordMain.groovy:26)
	at com.kms.katalon.core.webui.keyword.builtin.ClickKeyword.click(ClickKeyword.groovy:74)
	at com.kms.katalon.core.webui.keyword.builtin.ClickKeyword.execute(ClickKeyword.groovy:40)
	at com.kms.katalon.core.keyword.internal.KeywordExecutor.executeKeywordForPlatform(KeywordExecutor.groovy:74)
	at com.kms.katalon.core.webui.keyword.WebUiBuiltInKeywords.click(WebUiBuiltInKeywords.groovy:620)
	at com.kms.katalon.core.webui.keyword.WebUiBuiltInKeywords$click$1.call(Unknown Source)
	at 91.SendMessageCreateGroup.run(91.SendMessageCreateGroup:40)
	at com.kms.katalon.core.main.ScriptEngine.run(ScriptEngine.java:194)
	at com.kms.katalon.core.main.ScriptEngine.runScriptAsRawText(ScriptEngine.java:119)
	at com.kms.katalon.core.main.TestCaseExecutor.runScript(TestCaseExecutor.java:442)
	at com.kms.katalon.core.main.TestCaseExecutor.doExecute(TestCaseExecutor.java:433)
	at com.kms.katalon.core.main.TestCaseExecutor.processExecutionPhase(TestCaseExecutor.java:412)
	at com.kms.katalon.core.main.TestCaseExecutor.accessMainPhase(TestCaseExecutor.java:404)
	at com.kms.katalon.core.main.TestCaseExecutor.execute(TestCaseExecutor.java:281)
	at com.kms.katalon.core.main.TestSuiteExecutor.accessTestCaseMainPhase(TestSuiteExecutor.java:202)
	at com.kms.katalon.core.main.TestSuiteExecutor.accessTestSuiteMainPhase(TestSuiteExecutor.java:164)
	at com.kms.katalon.core.main.TestSuiteExecutor.execute(TestSuiteExecutor.java:105)
	at com.kms.katalon.core.main.TestCaseMain.startTestSuite(TestCaseMain.java:181)
	at com.kms.katalon.core.main.TestCaseMain$startTestSuite$0.call(Unknown Source)
	at TempTestSuite1642435143013.run(TempTestSuite1642435143013.groovy:36)
Caused by: com.kms.katalon.core.webui.exception.WebElementNotFoundException: Web element with id: 'Object Repository/Page_Element/span_Send a Direct Message' located by '//section[@id='matrixchat']/div/div[2]/div[3]/div/div/div/div/span' not found
	at com.kms.katalon.core.webui.common.WebUiCommonHelper.findWebElement(WebUiCommonHelper.java:1368)
	at com.kms.katalon.core.webui.keyword.internal.WebUIAbstractKeyword.findWebElement(WebUIAbstractKeyword.groovy:27)
	at com.kms.katalon.core.webui.keyword.builtin.ClickKeyword$_click_closure1.doCall(ClickKeyword.groovy:65)
	at com.kms.katalon.core.webui.keyword.builtin.ClickKeyword$_click_closure1.call(ClickKeyword.groovy)
	at com.kms.katalon.core.webui.keyword.internal.WebUIKeywordMain.runKeyword(WebUIKeywordMain.groovy:20)
	at com.kms.katalon.core.webui.keyword.builtin.ClickKeyword.click(ClickKeyword.groovy:74)
	at com.kms.katalon.core.webui.keyword.builtin.ClickKeyword.execute(ClickKeyword.groovy:40)
	at com.kms.katalon.core.keyword.internal.KeywordExecutor.executeKeywordForPlatform(KeywordExecutor.groovy:74)
	at com.kms.katalon.core.webui.keyword.WebUiBuiltInKeywords.click(WebUiBuiltInKeywords.groovy:620)
	at com.kms.katalon.core.webui.keyword.WebUiBuiltInKeywords$click$1.call(Unknown Source)
	at Script1642355640105.run(Script1642355640105.groovy:40)
	... 13 more
)
[[ATTACHMENT|C:\\Users\\ha.pham\\Documents\\GitHub\\Bonus-SE\\Katalon_pj\\Bonus_SE\\Reports\\20220117_225903\\Run all test case\\20220117_225903\\1642435578072.png]]]]></system-out>
         <system-err><![CDATA[2022-01-17 23:05:13 - [TEST_CASE][FAILED] - Test Cases/91.SendMessageCreateGroup: Test Cases/91.SendMessageCreateGroup FAILED.
Reason:
com.kms.katalon.core.exception.StepFailedException: Unable to click on object 'Object Repository/Page_Element/span_Send a Direct Message'
	at com.kms.katalon.core.webui.keyword.internal.WebUIKeywordMain.stepFailed(WebUIKeywordMain.groovy:64)
	at com.kms.katalon.core.webui.keyword.internal.WebUIKeywordMain.runKeyword(WebUIKeywordMain.groovy:26)
	at com.kms.katalon.core.webui.keyword.builtin.ClickKeyword.click(ClickKeyword.groovy:74)
	at com.kms.katalon.core.webui.keyword.builtin.ClickKeyword.execute(ClickKeyword.groovy:40)
	at com.kms.katalon.core.keyword.internal.KeywordExecutor.executeKeywordForPlatform(KeywordExecutor.groovy:74)
	at com.kms.katalon.core.webui.keyword.WebUiBuiltInKeywords.click(WebUiBuiltInKeywords.groovy:620)
	at com.kms.katalon.core.webui.keyword.WebUiBuiltInKeywords$click$1.call(Unknown Source)
	at 91.SendMessageCreateGroup.run(91.SendMessageCreateGroup:40)
	at com.kms.katalon.core.main.ScriptEngine.run(ScriptEngine.java:194)
	at com.kms.katalon.core.main.ScriptEngine.runScriptAsRawText(ScriptEngine.java:119)
	at com.kms.katalon.core.main.TestCaseExecutor.runScript(TestCaseExecutor.java:442)
	at com.kms.katalon.core.main.TestCaseExecutor.doExecute(TestCaseExecutor.java:433)
	at com.kms.katalon.core.main.TestCaseExecutor.processExecutionPhase(TestCaseExecutor.java:412)
	at com.kms.katalon.core.main.TestCaseExecutor.accessMainPhase(TestCaseExecutor.java:404)
	at com.kms.katalon.core.main.TestCaseExecutor.execute(TestCaseExecutor.java:281)
	at com.kms.katalon.core.main.TestSuiteExecutor.accessTestCaseMainPhase(TestSuiteExecutor.java:202)
	at com.kms.katalon.core.main.TestSuiteExecutor.accessTestSuiteMainPhase(TestSuiteExecutor.java:164)
	at com.kms.katalon.core.main.TestSuiteExecutor.execute(TestSuiteExecutor.java:105)
	at com.kms.katalon.core.main.TestCaseMain.startTestSuite(TestCaseMain.java:181)
	at com.kms.katalon.core.main.TestCaseMain$startTestSuite$0.call(Unknown Source)
	at TempTestSuite1642435143013.run(TempTestSuite1642435143013.groovy:36)
Caused by: com.kms.katalon.core.webui.exception.WebElementNotFoundException: Web element with id: 'Object Repository/Page_Element/span_Send a Direct Message' located by '//section[@id='matrixchat']/div/div[2]/div[3]/div/div/div/div/span' not found
	at com.kms.katalon.core.webui.common.WebUiCommonHelper.findWebElement(WebUiCommonHelper.java:1368)
	at com.kms.katalon.core.webui.keyword.internal.WebUIAbstractKeyword.findWebElement(WebUIAbstractKeyword.groovy:27)
	at com.kms.katalon.core.webui.keyword.builtin.ClickKeyword$_click_closure1.doCall(ClickKeyword.groovy:65)
	at com.kms.katalon.core.webui.keyword.builtin.ClickKeyword$_click_closure1.call(ClickKeyword.groovy)
	at com.kms.katalon.core.webui.keyword.internal.WebUIKeywordMain.runKeyword(WebUIKeywordMain.groovy:20)
	... 19 more]]></system-err>
      </testcase>
      <testcase name="Test Cases/93.SendMessageExploreRoomCreateGroup" time="71.344" classname="Test Cases/93.SendMessageExploreRoomCreateGroup" status="FAILED">
         <failure type="FAILED" message="Test Cases/93.SendMessageExploreRoomCreateGroup FAILED.
Reason:
com.kms.katalon.core.exception.StepFailedException: Unable to click on object 'Object Repository/Page_Element/span_Send a Direct Message'
	at com.kms.katalon.core.webui.keyword.internal.WebUIKeywordMain.stepFailed(WebUIKeywordMain.groovy:64)
	at com.kms.katalon.core.webui.keyword.internal.WebUIKeywordMain.runKeyword(WebUIKeywordMain.groovy:26)
	at com.kms.katalon.core.webui.keyword.builtin.ClickKeyword.click(ClickKeyword.groovy:74)
	at com.kms.katalon.core.webui.keyword.builtin.ClickKeyword.execute(ClickKeyword.groovy:40)
	at com.kms.katalon.core.keyword.internal.KeywordExecutor.executeKeywordForPlatform(KeywordExecutor.groovy:74)
	at com.kms.katalon.core.webui.keyword.WebUiBuiltInKeywords.click(WebUiBuiltInKeywords.groovy:620)
	at com.kms.katalon.core.webui.keyword.WebUiBuiltInKeywords$click$1.call(Unknown Source)
	at 93.SendMessageExploreRoomCreateGroup.run(93.SendMessageExploreRoomCreateGroup:42)
	at com.kms.katalon.core.main.ScriptEngine.run(ScriptEngine.java:194)
	at com.kms.katalon.core.main.ScriptEngine.runScriptAsRawText(ScriptEngine.java:119)
	at com.kms.katalon.core.main.TestCaseExecutor.runScript(TestCaseExecutor.java:442)
	at com.kms.katalon.core.main.TestCaseExecutor.doExecute(TestCaseExecutor.java:433)
	at com.kms.katalon.core.main.TestCaseExecutor.processExecutionPhase(TestCaseExecutor.java:412)
	at com.kms.katalon.core.main.TestCaseExecutor.accessMainPhase(TestCaseExecutor.java:404)
	at com.kms.katalon.core.main.TestCaseExecutor.execute(TestCaseExecutor.java:281)
	at com.kms.katalon.core.main.TestSuiteExecutor.accessTestCaseMainPhase(TestSuiteExecutor.java:202)
	at com.kms.katalon.core.main.TestSuiteExecutor.accessTestSuiteMainPhase(TestSuiteExecutor.java:164)
	at com.kms.katalon.core.main.TestSuiteExecutor.execute(TestSuiteExecutor.java:105)
	at com.kms.katalon.core.main.TestCaseMain.startTestSuite(TestCaseMain.java:181)
	at com.kms.katalon.core.main.TestCaseMain$startTestSuite$0.call(Unknown Source)
	at TempTestSuite1642435143013.run(TempTestSuite1642435143013.groovy:36)
Caused by: com.kms.katalon.core.webui.exception.WebElementNotFoundException: Web element with id: 'Object Repository/Page_Element/span_Send a Direct Message' located by '//section[@id='matrixchat']/div/div[2]/div[3]/div/div/div/div/span' not found
	at com.kms.katalon.core.webui.common.WebUiCommonHelper.findWebElement(WebUiCommonHelper.java:1368)
	at com.kms.katalon.core.webui.keyword.internal.WebUIAbstractKeyword.findWebElement(WebUIAbstractKeyword.groovy:27)
	at com.kms.katalon.core.webui.keyword.builtin.ClickKeyword$_click_closure1.doCall(ClickKeyword.groovy:65)
	at com.kms.katalon.core.webui.keyword.builtin.ClickKeyword$_click_closure1.call(ClickKeyword.groovy)
	at com.kms.katalon.core.webui.keyword.internal.WebUIKeywordMain.runKeyword(WebUIKeywordMain.groovy:20)
	... 19 more
"/>
         <system-out><![CDATA[2022-01-17 23:06:18 - [TEST_CASE][FAILED] - Test Cases/93.SendMessageExploreRoomCreateGroup: Test Cases/93.SendMessageExploreRoomCreateGroup FAILED.
Reason:
com.kms.katalon.core.exception.StepFailedException: Unable to click on object 'Object Repository/Page_Element/span_Send a Direct Message'
	at com.kms.katalon.core.webui.keyword.internal.WebUIKeywordMain.stepFailed(WebUIKeywordMain.groovy:64)
	at com.kms.katalon.core.webui.keyword.internal.WebUIKeywordMain.runKeyword(WebUIKeywordMain.groovy:26)
	at com.kms.katalon.core.webui.keyword.builtin.ClickKeyword.click(ClickKeyword.groovy:74)
	at com.kms.katalon.core.webui.keyword.builtin.ClickKeyword.execute(ClickKeyword.groovy:40)
	at com.kms.katalon.core.keyword.internal.KeywordExecutor.executeKeywordForPlatform(KeywordExecutor.groovy:74)
	at com.kms.katalon.core.webui.keyword.WebUiBuiltInKeywords.click(WebUiBuiltInKeywords.groovy:620)
	at com.kms.katalon.core.webui.keyword.WebUiBuiltInKeywords$click$1.call(Unknown Source)
	at 93.SendMessageExploreRoomCreateGroup.run(93.SendMessageExploreRoomCreateGroup:42)
	at com.kms.katalon.core.main.ScriptEngine.run(ScriptEngine.java:194)
	at com.kms.katalon.core.main.ScriptEngine.runScriptAsRawText(ScriptEngine.java:119)
	at com.kms.katalon.core.main.TestCaseExecutor.runScript(TestCaseExecutor.java:442)
	at com.kms.katalon.core.main.TestCaseExecutor.doExecute(TestCaseExecutor.java:433)
	at com.kms.katalon.core.main.TestCaseExecutor.processExecutionPhase(TestCaseExecutor.java:412)
	at com.kms.katalon.core.main.TestCaseExecutor.accessMainPhase(TestCaseExecutor.java:404)
	at com.kms.katalon.core.main.TestCaseExecutor.execute(TestCaseExecutor.java:281)
	at com.kms.katalon.core.main.TestSuiteExecutor.accessTestCaseMainPhase(TestSuiteExecutor.java:202)
	at com.kms.katalon.core.main.TestSuiteExecutor.accessTestSuiteMainPhase(TestSuiteExecutor.java:164)
	at com.kms.katalon.core.main.TestSuiteExecutor.execute(TestSuiteExecutor.java:105)
	at com.kms.katalon.core.main.TestCaseMain.startTestSuite(TestCaseMain.java:181)
	at com.kms.katalon.core.main.TestCaseMain$startTestSuite$0.call(Unknown Source)
	at TempTestSuite1642435143013.run(TempTestSuite1642435143013.groovy:36)
Caused by: com.kms.katalon.core.webui.exception.WebElementNotFoundException: Web element with id: 'Object Repository/Page_Element/span_Send a Direct Message' located by '//section[@id='matrixchat']/div/div[2]/div[3]/div/div/div/div/span' not found
	at com.kms.katalon.core.webui.common.WebUiCommonHelper.findWebElement(WebUiCommonHelper.java:1368)
	at com.kms.katalon.core.webui.keyword.internal.WebUIAbstractKeyword.findWebElement(WebUIAbstractKeyword.groovy:27)
	at com.kms.katalon.core.webui.keyword.builtin.ClickKeyword$_click_closure1.doCall(ClickKeyword.groovy:65)
	at com.kms.katalon.core.webui.keyword.builtin.ClickKeyword$_click_closure1.call(ClickKeyword.groovy)
	at com.kms.katalon.core.webui.keyword.internal.WebUIKeywordMain.runKeyword(WebUIKeywordMain.groovy:20)
	... 19 more


2022-01-17 23:06:18 - [TEST_STEP][PASSED] - openBrowser(""): Browser is opened with url: ''

2022-01-17 23:06:18 - [MESSAGE][WARNING] - A browser is already opened. Closing browser and opening a new one

2022-01-17 23:06:19 - [MESSAGE][INFO] - Starting 'Chrome' driver

2022-01-17 23:06:19 - [MESSAGE][INFO] - Action delay is set to 1,000 milliseconds

2022-01-17 23:06:21 - [MESSAGE][PASSED] - Browser is opened with url: ''

2022-01-17 23:06:21 - [TEST_STEP][PASSED] - navigateToUrl("http://localhost:8080/"): Navigate to 'http://localhost:8080/' successfully

2022-01-17 23:06:24 - [MESSAGE][PASSED] - Navigate to 'http://localhost:8080/' successfully

2022-01-17 23:06:24 - [TEST_STEP][PASSED] - click(findTestObject("Object Repository/Page_Element/div_Sign In")): Object: 'Object Repository/Page_Element/div_Sign In' is clicked on

2022-01-17 23:06:28 - [MESSAGE][PASSED] - Object: 'Object Repository/Page_Element/div_Sign In' is clicked on

2022-01-17 23:06:28 - [TEST_STEP][PASSED] - setText(findTestObject("Object Repository/Page_Element/input_Sign in with_username"), "ptnha19"): Text 'ptnha19' is set on object 'Object Repository/Page_Element/input_Sign in with_username'

2022-01-17 23:06:32 - [MESSAGE][PASSED] - Text 'ptnha19' is set on object 'Object Repository/Page_Element/input_Sign in with_username'

2022-01-17 23:06:32 - [TEST_STEP][PASSED] - click(findTestObject("Object Repository/Page_Element/input_Forgot password_mx_Login_submit")): Object: 'Object Repository/Page_Element/input_Forgot password_mx_Login_submit' is clicked on

2022-01-17 23:06:33 - [MESSAGE][PASSED] - Object: 'Object Repository/Page_Element/input_Forgot password_mx_Login_submit' is clicked on

2022-01-17 23:06:33 - [TEST_STEP][PASSED] - setEncryptedText(findTestObject("Object Repository/Page_Element/input_Username_password"), "5R3Ima4A+eOeCrCDRGMLmJpaGR3V3+YI"): Text ****** has been set on object 'Object Repository/Page_Element/input_Username_password'

2022-01-17 23:06:35 - [MESSAGE][PASSED] - Text ****** has been set on object 'Object Repository/Page_Element/input_Username_password'

2022-01-17 23:06:35 - [TEST_STEP][PASSED] - click(findTestObject("Object Repository/Page_Element/input_Forgot password_mx_Login_submit")): Object: 'Object Repository/Page_Element/input_Forgot password_mx_Login_submit' is clicked on

2022-01-17 23:06:36 - [MESSAGE][PASSED] - Object: 'Object Repository/Page_Element/input_Forgot password_mx_Login_submit' is clicked on

2022-01-17 23:06:36 - [TEST_STEP][PASSED] - click(findTestObject("Object Repository/Page_Element/div_Verify with Security Key")): Object: 'Object Repository/Page_Element/div_Verify with Security Key' is clicked on

2022-01-17 23:06:44 - [MESSAGE][PASSED] - Object: 'Object Repository/Page_Element/div_Verify with Security Key' is clicked on

2022-01-17 23:06:44 - [TEST_STEP][PASSED] - setEncryptedText(findTestObject("Object Repository/Page_Element/input_Security Key_mx_Field_4"), "PF4jXtbe/5x5+S5PgN4Kl/QbANAkWZYKqKaG9gW6gn+Po31AOnak0DX8GoEzAUkskgpeON1UhfEqZG0XXngJPA=="): Text ****** has been set on object 'Object Repository/Page_Element/input_Security Key_mx_Field_4'

2022-01-17 23:06:55 - [MESSAGE][PASSED] - Text ****** has been set on object 'Object Repository/Page_Element/input_Security Key_mx_Field_4'

2022-01-17 23:06:55 - [TEST_STEP][PASSED] - click(findTestObject("Object Repository/Page_Element/button_Continue")): Object: 'Object Repository/Page_Element/button_Continue' is clicked on

2022-01-17 23:06:56 - [MESSAGE][PASSED] - Object: 'Object Repository/Page_Element/button_Continue' is clicked on

2022-01-17 23:06:56 - [TEST_STEP][PASSED] - click(findTestObject("Object Repository/Page_Element/div_Done")): Object: 'Object Repository/Page_Element/div_Done' is clicked on

2022-01-17 23:06:58 - [MESSAGE][PASSED] - Object: 'Object Repository/Page_Element/div_Done' is clicked on

2022-01-17 23:06:58 - [TEST_STEP][FAILED] - click(findTestObject("Object Repository/Page_Element/span_Send a Direct Message")): Unable to click on object 'Object Repository/Page_Element/span_Send a Direct Message' (Root cause: com.kms.katalon.core.exception.StepFailedException: Unable to click on object 'Object Repository/Page_Element/span_Send a Direct Message'
	at com.kms.katalon.core.webui.keyword.internal.WebUIKeywordMain.stepFailed(WebUIKeywordMain.groovy:64)
	at com.kms.katalon.core.webui.keyword.internal.WebUIKeywordMain.runKeyword(WebUIKeywordMain.groovy:26)
	at com.kms.katalon.core.webui.keyword.builtin.ClickKeyword.click(ClickKeyword.groovy:74)
	at com.kms.katalon.core.webui.keyword.builtin.ClickKeyword.execute(ClickKeyword.groovy:40)
	at com.kms.katalon.core.keyword.internal.KeywordExecutor.executeKeywordForPlatform(KeywordExecutor.groovy:74)
	at com.kms.katalon.core.webui.keyword.WebUiBuiltInKeywords.click(WebUiBuiltInKeywords.groovy:620)
	at com.kms.katalon.core.webui.keyword.WebUiBuiltInKeywords$click$1.call(Unknown Source)
	at 93.SendMessageExploreRoomCreateGroup.run(93.SendMessageExploreRoomCreateGroup:42)
	at com.kms.katalon.core.main.ScriptEngine.run(ScriptEngine.java:194)
	at com.kms.katalon.core.main.ScriptEngine.runScriptAsRawText(ScriptEngine.java:119)
	at com.kms.katalon.core.main.TestCaseExecutor.runScript(TestCaseExecutor.java:442)
	at com.kms.katalon.core.main.TestCaseExecutor.doExecute(TestCaseExecutor.java:433)
	at com.kms.katalon.core.main.TestCaseExecutor.processExecutionPhase(TestCaseExecutor.java:412)
	at com.kms.katalon.core.main.TestCaseExecutor.accessMainPhase(TestCaseExecutor.java:404)
	at com.kms.katalon.core.main.TestCaseExecutor.execute(TestCaseExecutor.java:281)
	at com.kms.katalon.core.main.TestSuiteExecutor.accessTestCaseMainPhase(TestSuiteExecutor.java:202)
	at com.kms.katalon.core.main.TestSuiteExecutor.accessTestSuiteMainPhase(TestSuiteExecutor.java:164)
	at com.kms.katalon.core.main.TestSuiteExecutor.execute(TestSuiteExecutor.java:105)
	at com.kms.katalon.core.main.TestCaseMain.startTestSuite(TestCaseMain.java:181)
	at com.kms.katalon.core.main.TestCaseMain$startTestSuite$0.call(Unknown Source)
	at TempTestSuite1642435143013.run(TempTestSuite1642435143013.groovy:36)
Caused by: com.kms.katalon.core.webui.exception.WebElementNotFoundException: Web element with id: 'Object Repository/Page_Element/span_Send a Direct Message' located by '//section[@id='matrixchat']/div/div[2]/div[3]/div/div/div/div/span' not found
	at com.kms.katalon.core.webui.common.WebUiCommonHelper.findWebElement(WebUiCommonHelper.java:1368)
	at com.kms.katalon.core.webui.keyword.internal.WebUIAbstractKeyword.findWebElement(WebUIAbstractKeyword.groovy:27)
	at com.kms.katalon.core.webui.keyword.builtin.ClickKeyword$_click_closure1.doCall(ClickKeyword.groovy:65)
	at com.kms.katalon.core.webui.keyword.builtin.ClickKeyword$_click_closure1.call(ClickKeyword.groovy)
	at com.kms.katalon.core.webui.keyword.internal.WebUIKeywordMain.runKeyword(WebUIKeywordMain.groovy:20)
	at com.kms.katalon.core.webui.keyword.builtin.ClickKeyword.click(ClickKeyword.groovy:74)
	at com.kms.katalon.core.webui.keyword.builtin.ClickKeyword.execute(ClickKeyword.groovy:40)
	at com.kms.katalon.core.keyword.internal.KeywordExecutor.executeKeywordForPlatform(KeywordExecutor.groovy:74)
	at com.kms.katalon.core.webui.keyword.WebUiBuiltInKeywords.click(WebUiBuiltInKeywords.groovy:620)
	at com.kms.katalon.core.webui.keyword.WebUiBuiltInKeywords$click$1.call(Unknown Source)
	at Script1642356438054.run(Script1642356438054.groovy:42)
	... 13 more
)

2022-01-17 23:07:29 - [MESSAGE][INFO] - Unable to find the element located by 'By.xpath: //section[@id='matrixchat']/div/div[2]/div[3]/div/div/div/div/span'. Please recheck the objects properties to make sure the desired element is located. 

2022-01-17 23:07:29 - [MESSAGE][FAILED] - Unable to click on object 'Object Repository/Page_Element/span_Send a Direct Message' (Root cause: com.kms.katalon.core.exception.StepFailedException: Unable to click on object 'Object Repository/Page_Element/span_Send a Direct Message'
	at com.kms.katalon.core.webui.keyword.internal.WebUIKeywordMain.stepFailed(WebUIKeywordMain.groovy:64)
	at com.kms.katalon.core.webui.keyword.internal.WebUIKeywordMain.runKeyword(WebUIKeywordMain.groovy:26)
	at com.kms.katalon.core.webui.keyword.builtin.ClickKeyword.click(ClickKeyword.groovy:74)
	at com.kms.katalon.core.webui.keyword.builtin.ClickKeyword.execute(ClickKeyword.groovy:40)
	at com.kms.katalon.core.keyword.internal.KeywordExecutor.executeKeywordForPlatform(KeywordExecutor.groovy:74)
	at com.kms.katalon.core.webui.keyword.WebUiBuiltInKeywords.click(WebUiBuiltInKeywords.groovy:620)
	at com.kms.katalon.core.webui.keyword.WebUiBuiltInKeywords$click$1.call(Unknown Source)
	at 93.SendMessageExploreRoomCreateGroup.run(93.SendMessageExploreRoomCreateGroup:42)
	at com.kms.katalon.core.main.ScriptEngine.run(ScriptEngine.java:194)
	at com.kms.katalon.core.main.ScriptEngine.runScriptAsRawText(ScriptEngine.java:119)
	at com.kms.katalon.core.main.TestCaseExecutor.runScript(TestCaseExecutor.java:442)
	at com.kms.katalon.core.main.TestCaseExecutor.doExecute(TestCaseExecutor.java:433)
	at com.kms.katalon.core.main.TestCaseExecutor.processExecutionPhase(TestCaseExecutor.java:412)
	at com.kms.katalon.core.main.TestCaseExecutor.accessMainPhase(TestCaseExecutor.java:404)
	at com.kms.katalon.core.main.TestCaseExecutor.execute(TestCaseExecutor.java:281)
	at com.kms.katalon.core.main.TestSuiteExecutor.accessTestCaseMainPhase(TestSuiteExecutor.java:202)
	at com.kms.katalon.core.main.TestSuiteExecutor.accessTestSuiteMainPhase(TestSuiteExecutor.java:164)
	at com.kms.katalon.core.main.TestSuiteExecutor.execute(TestSuiteExecutor.java:105)
	at com.kms.katalon.core.main.TestCaseMain.startTestSuite(TestCaseMain.java:181)
	at com.kms.katalon.core.main.TestCaseMain$startTestSuite$0.call(Unknown Source)
	at TempTestSuite1642435143013.run(TempTestSuite1642435143013.groovy:36)
Caused by: com.kms.katalon.core.webui.exception.WebElementNotFoundException: Web element with id: 'Object Repository/Page_Element/span_Send a Direct Message' located by '//section[@id='matrixchat']/div/div[2]/div[3]/div/div/div/div/span' not found
	at com.kms.katalon.core.webui.common.WebUiCommonHelper.findWebElement(WebUiCommonHelper.java:1368)
	at com.kms.katalon.core.webui.keyword.internal.WebUIAbstractKeyword.findWebElement(WebUIAbstractKeyword.groovy:27)
	at com.kms.katalon.core.webui.keyword.builtin.ClickKeyword$_click_closure1.doCall(ClickKeyword.groovy:65)
	at com.kms.katalon.core.webui.keyword.builtin.ClickKeyword$_click_closure1.call(ClickKeyword.groovy)
	at com.kms.katalon.core.webui.keyword.internal.WebUIKeywordMain.runKeyword(WebUIKeywordMain.groovy:20)
	at com.kms.katalon.core.webui.keyword.builtin.ClickKeyword.click(ClickKeyword.groovy:74)
	at com.kms.katalon.core.webui.keyword.builtin.ClickKeyword.execute(ClickKeyword.groovy:40)
	at com.kms.katalon.core.keyword.internal.KeywordExecutor.executeKeywordForPlatform(KeywordExecutor.groovy:74)
	at com.kms.katalon.core.webui.keyword.WebUiBuiltInKeywords.click(WebUiBuiltInKeywords.groovy:620)
	at com.kms.katalon.core.webui.keyword.WebUiBuiltInKeywords$click$1.call(Unknown Source)
	at Script1642356438054.run(Script1642356438054.groovy:42)
	... 13 more
)
[[ATTACHMENT|C:\\Users\\ha.pham\\Documents\\GitHub\\Bonus-SE\\Katalon_pj\\Bonus_SE\\Reports\\20220117_225903\\Run all test case\\20220117_225903\\1642435649419.png]]]]></system-out>
         <system-err><![CDATA[2022-01-17 23:06:18 - [TEST_CASE][FAILED] - Test Cases/93.SendMessageExploreRoomCreateGroup: Test Cases/93.SendMessageExploreRoomCreateGroup FAILED.
Reason:
com.kms.katalon.core.exception.StepFailedException: Unable to click on object 'Object Repository/Page_Element/span_Send a Direct Message'
	at com.kms.katalon.core.webui.keyword.internal.WebUIKeywordMain.stepFailed(WebUIKeywordMain.groovy:64)
	at com.kms.katalon.core.webui.keyword.internal.WebUIKeywordMain.runKeyword(WebUIKeywordMain.groovy:26)
	at com.kms.katalon.core.webui.keyword.builtin.ClickKeyword.click(ClickKeyword.groovy:74)
	at com.kms.katalon.core.webui.keyword.builtin.ClickKeyword.execute(ClickKeyword.groovy:40)
	at com.kms.katalon.core.keyword.internal.KeywordExecutor.executeKeywordForPlatform(KeywordExecutor.groovy:74)
	at com.kms.katalon.core.webui.keyword.WebUiBuiltInKeywords.click(WebUiBuiltInKeywords.groovy:620)
	at com.kms.katalon.core.webui.keyword.WebUiBuiltInKeywords$click$1.call(Unknown Source)
	at 93.SendMessageExploreRoomCreateGroup.run(93.SendMessageExploreRoomCreateGroup:42)
	at com.kms.katalon.core.main.ScriptEngine.run(ScriptEngine.java:194)
	at com.kms.katalon.core.main.ScriptEngine.runScriptAsRawText(ScriptEngine.java:119)
	at com.kms.katalon.core.main.TestCaseExecutor.runScript(TestCaseExecutor.java:442)
	at com.kms.katalon.core.main.TestCaseExecutor.doExecute(TestCaseExecutor.java:433)
	at com.kms.katalon.core.main.TestCaseExecutor.processExecutionPhase(TestCaseExecutor.java:412)
	at com.kms.katalon.core.main.TestCaseExecutor.accessMainPhase(TestCaseExecutor.java:404)
	at com.kms.katalon.core.main.TestCaseExecutor.execute(TestCaseExecutor.java:281)
	at com.kms.katalon.core.main.TestSuiteExecutor.accessTestCaseMainPhase(TestSuiteExecutor.java:202)
	at com.kms.katalon.core.main.TestSuiteExecutor.accessTestSuiteMainPhase(TestSuiteExecutor.java:164)
	at com.kms.katalon.core.main.TestSuiteExecutor.execute(TestSuiteExecutor.java:105)
	at com.kms.katalon.core.main.TestCaseMain.startTestSuite(TestCaseMain.java:181)
	at com.kms.katalon.core.main.TestCaseMain$startTestSuite$0.call(Unknown Source)
	at TempTestSuite1642435143013.run(TempTestSuite1642435143013.groovy:36)
Caused by: com.kms.katalon.core.webui.exception.WebElementNotFoundException: Web element with id: 'Object Repository/Page_Element/span_Send a Direct Message' located by '//section[@id='matrixchat']/div/div[2]/div[3]/div/div/div/div/span' not found
	at com.kms.katalon.core.webui.common.WebUiCommonHelper.findWebElement(WebUiCommonHelper.java:1368)
	at com.kms.katalon.core.webui.keyword.internal.WebUIAbstractKeyword.findWebElement(WebUIAbstractKeyword.groovy:27)
	at com.kms.katalon.core.webui.keyword.builtin.ClickKeyword$_click_closure1.doCall(ClickKeyword.groovy:65)
	at com.kms.katalon.core.webui.keyword.builtin.ClickKeyword$_click_closure1.call(ClickKeyword.groovy)
	at com.kms.katalon.core.webui.keyword.internal.WebUIKeywordMain.runKeyword(WebUIKeywordMain.groovy:20)
	... 19 more]]></system-err>
      </testcase>
      <testcase name="Test Cases/1.Sign_in_Pass" time="39.515" classname="Test Cases/1.Sign_in_Pass" status="PASSED">
         <system-out><![CDATA[2022-01-17 23:07:29 - [TEST_CASE][PASSED] - Test Cases/1.Sign_in_Pass: Test Cases/1.Sign_in_Pass

2022-01-17 23:07:29 - [TEST_STEP][PASSED] - openBrowser(""): Browser is opened with url: ''

2022-01-17 23:07:29 - [MESSAGE][WARNING] - A browser is already opened. Closing browser and opening a new one

2022-01-17 23:07:31 - [MESSAGE][INFO] - Starting 'Chrome' driver

2022-01-17 23:07:31 - [MESSAGE][INFO] - Action delay is set to 1,000 milliseconds

2022-01-17 23:07:33 - [MESSAGE][PASSED] - Browser is opened with url: ''

2022-01-17 23:07:33 - [TEST_STEP][PASSED] - navigateToUrl("http://localhost:8080/"): Navigate to 'http://localhost:8080/' successfully

2022-01-17 23:07:35 - [MESSAGE][PASSED] - Navigate to 'http://localhost:8080/' successfully

2022-01-17 23:07:35 - [TEST_STEP][PASSED] - click(findTestObject("Object Repository/Page_Element/a_Sign In")): Object: 'Object Repository/Page_Element/a_Sign In' is clicked on

2022-01-17 23:07:39 - [MESSAGE][PASSED] - Object: 'Object Repository/Page_Element/a_Sign In' is clicked on

2022-01-17 23:07:39 - [TEST_STEP][PASSED] - setText(findTestObject("Object Repository/Page_Element/input_Sign in with_username"), "ptnha19"): Text 'ptnha19' is set on object 'Object Repository/Page_Element/input_Sign in with_username'

2022-01-17 23:07:43 - [MESSAGE][PASSED] - Text 'ptnha19' is set on object 'Object Repository/Page_Element/input_Sign in with_username'

2022-01-17 23:07:43 - [TEST_STEP][PASSED] - setEncryptedText(findTestObject("Object Repository/Page_Element/input_Username_password"), "5R3Ima4A+eOeCrCDRGMLmJpaGR3V3+YI"): Text ****** has been set on object 'Object Repository/Page_Element/input_Username_password'

2022-01-17 23:07:45 - [MESSAGE][PASSED] - Text ****** has been set on object 'Object Repository/Page_Element/input_Username_password'

2022-01-17 23:07:45 - [TEST_STEP][PASSED] - click(findTestObject("Object Repository/Page_Element/input_Forgot password_mx_Login_submit")): Object: 'Object Repository/Page_Element/input_Forgot password_mx_Login_submit' is clicked on

2022-01-17 23:07:46 - [MESSAGE][PASSED] - Object: 'Object Repository/Page_Element/input_Forgot password_mx_Login_submit' is clicked on

2022-01-17 23:07:46 - [TEST_STEP][PASSED] - click(findTestObject("Object Repository/Page_Element/div_Verify with Security Key")): Object: 'Object Repository/Page_Element/div_Verify with Security Key' is clicked on

2022-01-17 23:07:54 - [MESSAGE][PASSED] - Object: 'Object Repository/Page_Element/div_Verify with Security Key' is clicked on

2022-01-17 23:07:54 - [TEST_STEP][PASSED] - click(findTestObject("Object Repository/Page_Element/div_Security Key")): Object: 'Object Repository/Page_Element/div_Security Key' is clicked on

2022-01-17 23:07:59 - [MESSAGE][PASSED] - Object: 'Object Repository/Page_Element/div_Security Key' is clicked on

2022-01-17 23:07:59 - [TEST_STEP][PASSED] - setEncryptedText(findTestObject("Object Repository/Page_Element/input_Security Key_mx_Field_4"), "PF4jXtbe/5x5+S5PgN4Kl/QbANAkWZYKqKaG9gW6gn+Po31AOnak0DX8GoEzAUkskgpeON1UhfEqZG0XXngJPA=="): Text ****** has been set on object 'Object Repository/Page_Element/input_Security Key_mx_Field_4'

2022-01-17 23:08:01 - [MESSAGE][PASSED] - Text ****** has been set on object 'Object Repository/Page_Element/input_Security Key_mx_Field_4'

2022-01-17 23:08:01 - [TEST_STEP][PASSED] - click(findTestObject("Object Repository/Page_Element/button_Continue")): Object: 'Object Repository/Page_Element/button_Continue' is clicked on

2022-01-17 23:08:02 - [MESSAGE][PASSED] - Object: 'Object Repository/Page_Element/button_Continue' is clicked on

2022-01-17 23:08:02 - [TEST_STEP][PASSED] - click(findTestObject("Object Repository/Page_Element/div_Done")): Object: 'Object Repository/Page_Element/div_Done' is clicked on

2022-01-17 23:08:04 - [MESSAGE][PASSED] - Object: 'Object Repository/Page_Element/div_Done' is clicked on

2022-01-17 23:08:04 - [TEST_STEP][PASSED] - click(findTestObject("Object Repository/Page_Element/img_Enable_mx_BaseAvatar_image")): Object: 'Object Repository/Page_Element/img_Enable_mx_BaseAvatar_image' is clicked on

2022-01-17 23:08:06 - [MESSAGE][PASSED] - Object: 'Object Repository/Page_Element/img_Enable_mx_BaseAvatar_image' is clicked on

2022-01-17 23:08:06 - [TEST_STEP][PASSED] - click(findTestObject("Object Repository/Page_Element/div_This room is public_mx_ContextualMenu_b_fc4f75")): Object: 'Object Repository/Page_Element/div_This room is public_mx_ContextualMenu_b_fc4f75' is clicked on

2022-01-17 23:08:07 - [MESSAGE][PASSED] - Object: 'Object Repository/Page_Element/div_This room is public_mx_ContextualMenu_b_fc4f75' is clicked on

2022-01-17 23:08:07 - [TEST_STEP][PASSED] - closeBrowser(): Browser is closed

2022-01-17 23:08:09 - [MESSAGE][PASSED] - Browser is closed]]></system-out>
         <system-err><![CDATA[]]></system-err>
      </testcase>
      <testcase name="Test Cases/2.Sign_in_Fail" time="16.227" classname="Test Cases/2.Sign_in_Fail" status="PASSED">
         <system-out><![CDATA[2022-01-17 23:08:09 - [TEST_CASE][PASSED] - Test Cases/2.Sign_in_Fail: Test Cases/2.Sign_in_Fail

2022-01-17 23:08:09 - [TEST_STEP][PASSED] - openBrowser(""): Browser is opened with url: ''

2022-01-17 23:08:09 - [MESSAGE][INFO] - Starting 'Chrome' driver

2022-01-17 23:08:09 - [MESSAGE][INFO] - Action delay is set to 1,000 milliseconds

2022-01-17 23:08:11 - [MESSAGE][PASSED] - Browser is opened with url: ''

2022-01-17 23:08:11 - [TEST_STEP][PASSED] - navigateToUrl("http://localhost:8080/"): Navigate to 'http://localhost:8080/' successfully

2022-01-17 23:08:13 - [MESSAGE][PASSED] - Navigate to 'http://localhost:8080/' successfully

2022-01-17 23:08:13 - [TEST_STEP][PASSED] - click(findTestObject("Object Repository/Page_Element/a_Sign In")): Object: 'Object Repository/Page_Element/a_Sign In' is clicked on

2022-01-17 23:08:16 - [MESSAGE][PASSED] - Object: 'Object Repository/Page_Element/a_Sign In' is clicked on

2022-01-17 23:08:16 - [TEST_STEP][PASSED] - setText(findTestObject("Object Repository/Page_Element/input_Sign in with_username"), "ptsajfk"): Text 'ptsajfk' is set on object 'Object Repository/Page_Element/input_Sign in with_username'

2022-01-17 23:08:20 - [MESSAGE][PASSED] - Text 'ptsajfk' is set on object 'Object Repository/Page_Element/input_Sign in with_username'

2022-01-17 23:08:20 - [TEST_STEP][PASSED] - setEncryptedText(findTestObject("Object Repository/Page_Element/input_Username_password"), "nLM6O7ELZdU="): Text ****** has been set on object 'Object Repository/Page_Element/input_Username_password'

2022-01-17 23:08:22 - [MESSAGE][PASSED] - Text ****** has been set on object 'Object Repository/Page_Element/input_Username_password'

2022-01-17 23:08:22 - [TEST_STEP][PASSED] - click(findTestObject("Object Repository/Page_Element/input_Forgot password_mx_Login_submit")): Object: 'Object Repository/Page_Element/input_Forgot password_mx_Login_submit' is clicked on

2022-01-17 23:08:23 - [MESSAGE][PASSED] - Object: 'Object Repository/Page_Element/input_Forgot password_mx_Login_submit' is clicked on

2022-01-17 23:08:23 - [TEST_STEP][PASSED] - closeBrowser(): Browser is closed

2022-01-17 23:08:25 - [MESSAGE][PASSED] - Browser is closed]]></system-out>
         <system-err><![CDATA[]]></system-err>
      </testcase>
      <testcase name="Test Cases/3.Log_out" time="38.975" classname="Test Cases/3.Log_out" status="PASSED">
         <system-out><![CDATA[2022-01-17 23:08:25 - [TEST_CASE][PASSED] - Test Cases/3.Log_out: Test Cases/3.Log_out

2022-01-17 23:08:25 - [TEST_STEP][PASSED] - openBrowser(""): Browser is opened with url: ''

2022-01-17 23:08:25 - [MESSAGE][INFO] - Starting 'Chrome' driver

2022-01-17 23:08:25 - [MESSAGE][INFO] - Action delay is set to 1,000 milliseconds

2022-01-17 23:08:27 - [MESSAGE][PASSED] - Browser is opened with url: ''

2022-01-17 23:08:27 - [TEST_STEP][PASSED] - navigateToUrl("http://localhost:8080/"): Navigate to 'http://localhost:8080/' successfully

2022-01-17 23:08:29 - [MESSAGE][PASSED] - Navigate to 'http://localhost:8080/' successfully

2022-01-17 23:08:29 - [TEST_STEP][PASSED] - click(findTestObject("Object Repository/Page_Element/a_Sign In")): Object: 'Object Repository/Page_Element/a_Sign In' is clicked on

2022-01-17 23:08:33 - [MESSAGE][PASSED] - Object: 'Object Repository/Page_Element/a_Sign In' is clicked on

2022-01-17 23:08:33 - [TEST_STEP][PASSED] - setText(findTestObject("Object Repository/Page_Element/input_Sign in with_username"), "ptnha19"): Text 'ptnha19' is set on object 'Object Repository/Page_Element/input_Sign in with_username'

2022-01-17 23:08:36 - [MESSAGE][PASSED] - Text 'ptnha19' is set on object 'Object Repository/Page_Element/input_Sign in with_username'

2022-01-17 23:08:36 - [TEST_STEP][PASSED] - setEncryptedText(findTestObject("Object Repository/Page_Element/input_Username_password"), "5R3Ima4A+eOeCrCDRGMLmJpaGR3V3+YI"): Text ****** has been set on object 'Object Repository/Page_Element/input_Username_password'

2022-01-17 23:08:39 - [MESSAGE][PASSED] - Text ****** has been set on object 'Object Repository/Page_Element/input_Username_password'

2022-01-17 23:08:39 - [TEST_STEP][PASSED] - click(findTestObject("Object Repository/Page_Element/input_Forgot password_mx_Login_submit")): Object: 'Object Repository/Page_Element/input_Forgot password_mx_Login_submit' is clicked on

2022-01-17 23:08:40 - [MESSAGE][PASSED] - Object: 'Object Repository/Page_Element/input_Forgot password_mx_Login_submit' is clicked on

2022-01-17 23:08:40 - [TEST_STEP][PASSED] - click(findTestObject("Object Repository/Page_Element/div_Verify with Security Key")): Object: 'Object Repository/Page_Element/div_Verify with Security Key' is clicked on

2022-01-17 23:08:49 - [MESSAGE][PASSED] - Object: 'Object Repository/Page_Element/div_Verify with Security Key' is clicked on

2022-01-17 23:08:49 - [TEST_STEP][PASSED] - setEncryptedText(findTestObject("Object Repository/Page_Element/input_Security Key_mx_Field_4"), "PF4jXtbe/5x5+S5PgN4Kl/QbANAkWZYKqKaG9gW6gn+Po31AOnak0DX8GoEzAUkskgpeON1UhfEqZG0XXngJPA=="): Text ****** has been set on object 'Object Repository/Page_Element/input_Security Key_mx_Field_4'

2022-01-17 23:08:56 - [MESSAGE][PASSED] - Text ****** has been set on object 'Object Repository/Page_Element/input_Security Key_mx_Field_4'

2022-01-17 23:08:56 - [TEST_STEP][PASSED] - click(findTestObject("Object Repository/Page_Element/button_Continue")): Object: 'Object Repository/Page_Element/button_Continue' is clicked on

2022-01-17 23:08:57 - [MESSAGE][PASSED] - Object: 'Object Repository/Page_Element/button_Continue' is clicked on

2022-01-17 23:08:57 - [TEST_STEP][PASSED] - click(findTestObject("Object Repository/Page_Element/div_Done")): Object: 'Object Repository/Page_Element/div_Done' is clicked on

2022-01-17 23:08:59 - [MESSAGE][PASSED] - Object: 'Object Repository/Page_Element/div_Done' is clicked on

2022-01-17 23:08:59 - [TEST_STEP][PASSED] - click(findTestObject("Object Repository/Page_Element/img_Enable_mx_BaseAvatar_image")): Object: 'Object Repository/Page_Element/img_Enable_mx_BaseAvatar_image' is clicked on

2022-01-17 23:09:00 - [MESSAGE][PASSED] - Object: 'Object Repository/Page_Element/img_Enable_mx_BaseAvatar_image' is clicked on

2022-01-17 23:09:00 - [TEST_STEP][PASSED] - click(findTestObject("Object Repository/Page_Element/span_Sign out")): Object: 'Object Repository/Page_Element/span_Sign out' is clicked on

2022-01-17 23:09:01 - [MESSAGE][PASSED] - Object: 'Object Repository/Page_Element/span_Sign out' is clicked on

2022-01-17 23:09:01 - [TEST_STEP][PASSED] - click(findTestObject("Object Repository/Page_Element/button_Sign out")): Object: 'Object Repository/Page_Element/button_Sign out' is clicked on

2022-01-17 23:09:02 - [MESSAGE][PASSED] - Object: 'Object Repository/Page_Element/button_Sign out' is clicked on

2022-01-17 23:09:02 - [TEST_STEP][PASSED] - closeBrowser(): Browser is closed

2022-01-17 23:09:04 - [MESSAGE][PASSED] - Browser is closed]]></system-out>
         <system-err><![CDATA[]]></system-err>
      </testcase>
      <testcase name="Test Cases/4.Create_private_room" time="55.527" classname="Test Cases/4.Create_private_room" status="PASSED">
         <system-out><![CDATA[2022-01-17 23:09:04 - [TEST_CASE][PASSED] - Test Cases/4.Create_private_room: Test Cases/4.Create_private_room

2022-01-17 23:09:04 - [TEST_STEP][PASSED] - openBrowser(""): Browser is opened with url: ''

2022-01-17 23:09:04 - [MESSAGE][INFO] - Starting 'Chrome' driver

2022-01-17 23:09:04 - [MESSAGE][INFO] - Action delay is set to 1,000 milliseconds

2022-01-17 23:09:06 - [MESSAGE][PASSED] - Browser is opened with url: ''

2022-01-17 23:09:06 - [TEST_STEP][PASSED] - navigateToUrl("http://localhost:8080/"): Navigate to 'http://localhost:8080/' successfully

2022-01-17 23:09:08 - [MESSAGE][PASSED] - Navigate to 'http://localhost:8080/' successfully

2022-01-17 23:09:08 - [TEST_STEP][PASSED] - click(findTestObject("Object Repository/Page_Element/a_Sign In")): Object: 'Object Repository/Page_Element/a_Sign In' is clicked on

2022-01-17 23:09:12 - [MESSAGE][PASSED] - Object: 'Object Repository/Page_Element/a_Sign In' is clicked on

2022-01-17 23:09:12 - [TEST_STEP][PASSED] - setText(findTestObject("Object Repository/Page_Element/input_Sign in with_username"), "ptnha19"): Text 'ptnha19' is set on object 'Object Repository/Page_Element/input_Sign in with_username'

2022-01-17 23:09:15 - [MESSAGE][PASSED] - Text 'ptnha19' is set on object 'Object Repository/Page_Element/input_Sign in with_username'

2022-01-17 23:09:15 - [TEST_STEP][PASSED] - setEncryptedText(findTestObject("Object Repository/Page_Element/input_Username_password"), "5R3Ima4A+eOeCrCDRGMLmJpaGR3V3+YI"): Text ****** has been set on object 'Object Repository/Page_Element/input_Username_password'

2022-01-17 23:09:18 - [MESSAGE][PASSED] - Text ****** has been set on object 'Object Repository/Page_Element/input_Username_password'

2022-01-17 23:09:18 - [TEST_STEP][PASSED] - click(findTestObject("Object Repository/Page_Element/input_Forgot password_mx_Login_submit")): Object: 'Object Repository/Page_Element/input_Forgot password_mx_Login_submit' is clicked on

2022-01-17 23:09:19 - [MESSAGE][PASSED] - Object: 'Object Repository/Page_Element/input_Forgot password_mx_Login_submit' is clicked on

2022-01-17 23:09:19 - [TEST_STEP][PASSED] - click(findTestObject("Object Repository/Page_Element/div_Verify with Security Key")): Object: 'Object Repository/Page_Element/div_Verify with Security Key' is clicked on

2022-01-17 23:09:29 - [MESSAGE][PASSED] - Object: 'Object Repository/Page_Element/div_Verify with Security Key' is clicked on

2022-01-17 23:09:29 - [TEST_STEP][PASSED] - click(findTestObject("Object Repository/Page_Element/p_Use your Security Key to continue")): Object: 'Object Repository/Page_Element/p_Use your Security Key to continue' is clicked on

2022-01-17 23:09:41 - [MESSAGE][PASSED] - Object: 'Object Repository/Page_Element/p_Use your Security Key to continue' is clicked on

2022-01-17 23:09:41 - [TEST_STEP][PASSED] - setEncryptedText(findTestObject("Object Repository/Page_Element/input_Security Key_mx_Field_4"), "PF4jXtbe/5x5+S5PgN4Kl/QbANAkWZYKqKaG9gW6gn+Po31AOnak0DX8GoEzAUkskgpeON1UhfEqZG0XXngJPA=="): Text ****** has been set on object 'Object Repository/Page_Element/input_Security Key_mx_Field_4'

2022-01-17 23:09:43 - [MESSAGE][PASSED] - Text ****** has been set on object 'Object Repository/Page_Element/input_Security Key_mx_Field_4'

2022-01-17 23:09:43 - [TEST_STEP][PASSED] - click(findTestObject("Object Repository/Page_Element/button_Continue")): Object: 'Object Repository/Page_Element/button_Continue' is clicked on

2022-01-17 23:09:44 - [MESSAGE][PASSED] - Object: 'Object Repository/Page_Element/button_Continue' is clicked on

2022-01-17 23:09:44 - [TEST_STEP][PASSED] - click(findTestObject("Object Repository/Page_Element/div_Done")): Object: 'Object Repository/Page_Element/div_Done' is clicked on

2022-01-17 23:09:47 - [MESSAGE][PASSED] - Object: 'Object Repository/Page_Element/div_Done' is clicked on

2022-01-17 23:09:47 - [TEST_STEP][PASSED] - click(findTestObject("Object Repository/Page_Element/div_Rooms_mx_AccessibleButton mx_RoomSublis_27fc2e")): Object: 'Object Repository/Page_Element/div_Rooms_mx_AccessibleButton mx_RoomSublis_27fc2e' is clicked on

2022-01-17 23:09:48 - [MESSAGE][PASSED] - Object: 'Object Repository/Page_Element/div_Rooms_mx_AccessibleButton mx_RoomSublis_27fc2e' is clicked on

2022-01-17 23:09:48 - [TEST_STEP][PASSED] - click(findTestObject("Object Repository/Page_Element/span_Create new room")): Object: 'Object Repository/Page_Element/span_Create new room' is clicked on

2022-01-17 23:09:49 - [MESSAGE][PASSED] - Object: 'Object Repository/Page_Element/span_Create new room' is clicked on

2022-01-17 23:09:49 - [TEST_STEP][PASSED] - setText(findTestObject("Object Repository/Page_Element/input_Create a private room_mx_Field_5"), "Room1"): Text 'Room1' is set on object 'Object Repository/Page_Element/input_Create a private room_mx_Field_5'

2022-01-17 23:09:52 - [MESSAGE][PASSED] - Text 'Room1' is set on object 'Object Repository/Page_Element/input_Create a private room_mx_Field_5'

2022-01-17 23:09:52 - [TEST_STEP][PASSED] - click(findTestObject("Object Repository/Page_Element/button_Create Room")): Object: 'Object Repository/Page_Element/button_Create Room' is clicked on

2022-01-17 23:09:53 - [MESSAGE][PASSED] - Object: 'Object Repository/Page_Element/button_Create Room' is clicked on

2022-01-17 23:09:53 - [TEST_STEP][PASSED] - click(findTestObject("Object Repository/Page_Element  Empty room/div_Room1")): Object: 'Object Repository/Page_Element  Empty room/div_Room1' is clicked on

2022-01-17 23:09:58 - [MESSAGE][PASSED] - Object: 'Object Repository/Page_Element  Empty room/div_Room1' is clicked on

2022-01-17 23:09:58 - [TEST_STEP][PASSED] - closeBrowser(): Browser is closed

2022-01-17 23:09:59 - [MESSAGE][PASSED] - Browser is closed]]></system-out>
         <system-err><![CDATA[]]></system-err>
      </testcase>
      <testcase name="Test Cases/6.Search_join_public_room" time="64.036" classname="Test Cases/6.Search_join_public_room" status="FAILED">
         <failure type="FAILED" message="Test Cases/6.Search_join_public_room FAILED.
Reason:
com.kms.katalon.core.exception.StepFailedException: Unable to click on object 'Object Repository/Page_Element/span_Explore public rooms'
	at com.kms.katalon.core.webui.keyword.internal.WebUIKeywordMain.stepFailed(WebUIKeywordMain.groovy:64)
	at com.kms.katalon.core.webui.keyword.internal.WebUIKeywordMain.runKeyword(WebUIKeywordMain.groovy:26)
	at com.kms.katalon.core.webui.keyword.builtin.ClickKeyword.click(ClickKeyword.groovy:74)
	at com.kms.katalon.core.webui.keyword.builtin.ClickKeyword.execute(ClickKeyword.groovy:40)
	at com.kms.katalon.core.keyword.internal.KeywordExecutor.executeKeywordForPlatform(KeywordExecutor.groovy:74)
	at com.kms.katalon.core.webui.keyword.WebUiBuiltInKeywords.click(WebUiBuiltInKeywords.groovy:620)
	at com.kms.katalon.core.webui.keyword.WebUiBuiltInKeywords$click$1.call(Unknown Source)
	at 6.Search_join_public_room.run(6.Search_join_public_room:42)
	at com.kms.katalon.core.main.ScriptEngine.run(ScriptEngine.java:194)
	at com.kms.katalon.core.main.ScriptEngine.runScriptAsRawText(ScriptEngine.java:119)
	at com.kms.katalon.core.main.TestCaseExecutor.runScript(TestCaseExecutor.java:442)
	at com.kms.katalon.core.main.TestCaseExecutor.doExecute(TestCaseExecutor.java:433)
	at com.kms.katalon.core.main.TestCaseExecutor.processExecutionPhase(TestCaseExecutor.java:412)
	at com.kms.katalon.core.main.TestCaseExecutor.accessMainPhase(TestCaseExecutor.java:404)
	at com.kms.katalon.core.main.TestCaseExecutor.execute(TestCaseExecutor.java:281)
	at com.kms.katalon.core.main.TestSuiteExecutor.accessTestCaseMainPhase(TestSuiteExecutor.java:202)
	at com.kms.katalon.core.main.TestSuiteExecutor.accessTestSuiteMainPhase(TestSuiteExecutor.java:164)
	at com.kms.katalon.core.main.TestSuiteExecutor.execute(TestSuiteExecutor.java:105)
	at com.kms.katalon.core.main.TestCaseMain.startTestSuite(TestCaseMain.java:181)
	at com.kms.katalon.core.main.TestCaseMain$startTestSuite$0.call(Unknown Source)
	at TempTestSuite1642435143013.run(TempTestSuite1642435143013.groovy:36)
Caused by: com.kms.katalon.core.webui.exception.WebElementNotFoundException: Web element with id: 'Object Repository/Page_Element/span_Explore public rooms' located by '//section[@id='matrixchat']/div/div[2]/div[3]/div/div/div/div[2]/span' not found
	at com.kms.katalon.core.webui.common.WebUiCommonHelper.findWebElement(WebUiCommonHelper.java:1368)
	at com.kms.katalon.core.webui.keyword.internal.WebUIAbstractKeyword.findWebElement(WebUIAbstractKeyword.groovy:27)
	at com.kms.katalon.core.webui.keyword.builtin.ClickKeyword$_click_closure1.doCall(ClickKeyword.groovy:65)
	at com.kms.katalon.core.webui.keyword.builtin.ClickKeyword$_click_closure1.call(ClickKeyword.groovy)
	at com.kms.katalon.core.webui.keyword.internal.WebUIKeywordMain.runKeyword(WebUIKeywordMain.groovy:20)
	... 19 more
"/>
         <system-out><![CDATA[2022-01-17 23:09:59 - [TEST_CASE][FAILED] - Test Cases/6.Search_join_public_room: Test Cases/6.Search_join_public_room FAILED.
Reason:
com.kms.katalon.core.exception.StepFailedException: Unable to click on object 'Object Repository/Page_Element/span_Explore public rooms'
	at com.kms.katalon.core.webui.keyword.internal.WebUIKeywordMain.stepFailed(WebUIKeywordMain.groovy:64)
	at com.kms.katalon.core.webui.keyword.internal.WebUIKeywordMain.runKeyword(WebUIKeywordMain.groovy:26)
	at com.kms.katalon.core.webui.keyword.builtin.ClickKeyword.click(ClickKeyword.groovy:74)
	at com.kms.katalon.core.webui.keyword.builtin.ClickKeyword.execute(ClickKeyword.groovy:40)
	at com.kms.katalon.core.keyword.internal.KeywordExecutor.executeKeywordForPlatform(KeywordExecutor.groovy:74)
	at com.kms.katalon.core.webui.keyword.WebUiBuiltInKeywords.click(WebUiBuiltInKeywords.groovy:620)
	at com.kms.katalon.core.webui.keyword.WebUiBuiltInKeywords$click$1.call(Unknown Source)
	at 6.Search_join_public_room.run(6.Search_join_public_room:42)
	at com.kms.katalon.core.main.ScriptEngine.run(ScriptEngine.java:194)
	at com.kms.katalon.core.main.ScriptEngine.runScriptAsRawText(ScriptEngine.java:119)
	at com.kms.katalon.core.main.TestCaseExecutor.runScript(TestCaseExecutor.java:442)
	at com.kms.katalon.core.main.TestCaseExecutor.doExecute(TestCaseExecutor.java:433)
	at com.kms.katalon.core.main.TestCaseExecutor.processExecutionPhase(TestCaseExecutor.java:412)
	at com.kms.katalon.core.main.TestCaseExecutor.accessMainPhase(TestCaseExecutor.java:404)
	at com.kms.katalon.core.main.TestCaseExecutor.execute(TestCaseExecutor.java:281)
	at com.kms.katalon.core.main.TestSuiteExecutor.accessTestCaseMainPhase(TestSuiteExecutor.java:202)
	at com.kms.katalon.core.main.TestSuiteExecutor.accessTestSuiteMainPhase(TestSuiteExecutor.java:164)
	at com.kms.katalon.core.main.TestSuiteExecutor.execute(TestSuiteExecutor.java:105)
	at com.kms.katalon.core.main.TestCaseMain.startTestSuite(TestCaseMain.java:181)
	at com.kms.katalon.core.main.TestCaseMain$startTestSuite$0.call(Unknown Source)
	at TempTestSuite1642435143013.run(TempTestSuite1642435143013.groovy:36)
Caused by: com.kms.katalon.core.webui.exception.WebElementNotFoundException: Web element with id: 'Object Repository/Page_Element/span_Explore public rooms' located by '//section[@id='matrixchat']/div/div[2]/div[3]/div/div/div/div[2]/span' not found
	at com.kms.katalon.core.webui.common.WebUiCommonHelper.findWebElement(WebUiCommonHelper.java:1368)
	at com.kms.katalon.core.webui.keyword.internal.WebUIAbstractKeyword.findWebElement(WebUIAbstractKeyword.groovy:27)
	at com.kms.katalon.core.webui.keyword.builtin.ClickKeyword$_click_closure1.doCall(ClickKeyword.groovy:65)
	at com.kms.katalon.core.webui.keyword.builtin.ClickKeyword$_click_closure1.call(ClickKeyword.groovy)
	at com.kms.katalon.core.webui.keyword.internal.WebUIKeywordMain.runKeyword(WebUIKeywordMain.groovy:20)
	... 19 more


2022-01-17 23:10:00 - [TEST_STEP][PASSED] - openBrowser(""): Browser is opened with url: ''

2022-01-17 23:10:00 - [MESSAGE][INFO] - Starting 'Chrome' driver

2022-01-17 23:10:00 - [MESSAGE][INFO] - Action delay is set to 1,000 milliseconds

2022-01-17 23:10:01 - [MESSAGE][PASSED] - Browser is opened with url: ''

2022-01-17 23:10:01 - [TEST_STEP][PASSED] - navigateToUrl("http://localhost:8080/"): Navigate to 'http://localhost:8080/' successfully

2022-01-17 23:10:04 - [MESSAGE][PASSED] - Navigate to 'http://localhost:8080/' successfully

2022-01-17 23:10:04 - [TEST_STEP][PASSED] - click(findTestObject("Object Repository/Page_Element/a_Sign In")): Object: 'Object Repository/Page_Element/a_Sign In' is clicked on

2022-01-17 23:10:08 - [MESSAGE][PASSED] - Object: 'Object Repository/Page_Element/a_Sign In' is clicked on

2022-01-17 23:10:08 - [TEST_STEP][PASSED] - setText(findTestObject("Object Repository/Page_Element/input_Sign in with_username"), "ptnha19"): Text 'ptnha19' is set on object 'Object Repository/Page_Element/input_Sign in with_username'

2022-01-17 23:10:11 - [MESSAGE][PASSED] - Text 'ptnha19' is set on object 'Object Repository/Page_Element/input_Sign in with_username'

2022-01-17 23:10:11 - [TEST_STEP][PASSED] - setEncryptedText(findTestObject("Object Repository/Page_Element/input_Username_password"), "5R3Ima4A+eOeCrCDRGMLmJpaGR3V3+YI"): Text ****** has been set on object 'Object Repository/Page_Element/input_Username_password'

2022-01-17 23:10:14 - [MESSAGE][PASSED] - Text ****** has been set on object 'Object Repository/Page_Element/input_Username_password'

2022-01-17 23:10:14 - [TEST_STEP][PASSED] - click(findTestObject("Object Repository/Page_Element/input_Forgot password_mx_Login_submit")): Object: 'Object Repository/Page_Element/input_Forgot password_mx_Login_submit' is clicked on

2022-01-17 23:10:15 - [MESSAGE][PASSED] - Object: 'Object Repository/Page_Element/input_Forgot password_mx_Login_submit' is clicked on

2022-01-17 23:10:15 - [TEST_STEP][PASSED] - click(findTestObject("Object Repository/Page_Element/div_Verify with Security Key")): Object: 'Object Repository/Page_Element/div_Verify with Security Key' is clicked on

2022-01-17 23:10:23 - [MESSAGE][PASSED] - Object: 'Object Repository/Page_Element/div_Verify with Security Key' is clicked on

2022-01-17 23:10:23 - [TEST_STEP][PASSED] - setEncryptedText(findTestObject("Object Repository/Page_Element/input_Security Key_mx_Field_4"), "PF4jXtbe/5x5+S5PgN4Kl/QbANAkWZYKqKaG9gW6gn+Po31AOnak0DX8GoEzAUkskgpeON1UhfEqZG0XXngJPA=="): Text ****** has been set on object 'Object Repository/Page_Element/input_Security Key_mx_Field_4'

2022-01-17 23:10:28 - [MESSAGE][PASSED] - Text ****** has been set on object 'Object Repository/Page_Element/input_Security Key_mx_Field_4'

2022-01-17 23:10:28 - [TEST_STEP][PASSED] - click(findTestObject("Object Repository/Page_Element/button_Continue")): Object: 'Object Repository/Page_Element/button_Continue' is clicked on

2022-01-17 23:10:29 - [MESSAGE][PASSED] - Object: 'Object Repository/Page_Element/button_Continue' is clicked on

2022-01-17 23:10:29 - [TEST_STEP][PASSED] - click(findTestObject("Object Repository/Page_Element/div_Done")): Object: 'Object Repository/Page_Element/div_Done' is clicked on

2022-01-17 23:10:31 - [MESSAGE][PASSED] - Object: 'Object Repository/Page_Element/div_Done' is clicked on

2022-01-17 23:10:31 - [TEST_STEP][PASSED] - click(findTestObject("Object Repository/Page_Element/div_Rooms_mx_AccessibleButton mx_RoomSublis_27fc2e")): Object: 'Object Repository/Page_Element/div_Rooms_mx_AccessibleButton mx_RoomSublis_27fc2e' is clicked on

2022-01-17 23:10:32 - [MESSAGE][PASSED] - Object: 'Object Repository/Page_Element/div_Rooms_mx_AccessibleButton mx_RoomSublis_27fc2e' is clicked on

2022-01-17 23:10:32 - [TEST_STEP][FAILED] - click(findTestObject("Object Repository/Page_Element/span_Explore public rooms")): Unable to click on object 'Object Repository/Page_Element/span_Explore public rooms' (Root cause: com.kms.katalon.core.exception.StepFailedException: Unable to click on object 'Object Repository/Page_Element/span_Explore public rooms'
	at com.kms.katalon.core.webui.keyword.internal.WebUIKeywordMain.stepFailed(WebUIKeywordMain.groovy:64)
	at com.kms.katalon.core.webui.keyword.internal.WebUIKeywordMain.runKeyword(WebUIKeywordMain.groovy:26)
	at com.kms.katalon.core.webui.keyword.builtin.ClickKeyword.click(ClickKeyword.groovy:74)
	at com.kms.katalon.core.webui.keyword.builtin.ClickKeyword.execute(ClickKeyword.groovy:40)
	at com.kms.katalon.core.keyword.internal.KeywordExecutor.executeKeywordForPlatform(KeywordExecutor.groovy:74)
	at com.kms.katalon.core.webui.keyword.WebUiBuiltInKeywords.click(WebUiBuiltInKeywords.groovy:620)
	at com.kms.katalon.core.webui.keyword.WebUiBuiltInKeywords$click$1.call(Unknown Source)
	at 6.Search_join_public_room.run(6.Search_join_public_room:42)
	at com.kms.katalon.core.main.ScriptEngine.run(ScriptEngine.java:194)
	at com.kms.katalon.core.main.ScriptEngine.runScriptAsRawText(ScriptEngine.java:119)
	at com.kms.katalon.core.main.TestCaseExecutor.runScript(TestCaseExecutor.java:442)
	at com.kms.katalon.core.main.TestCaseExecutor.doExecute(TestCaseExecutor.java:433)
	at com.kms.katalon.core.main.TestCaseExecutor.processExecutionPhase(TestCaseExecutor.java:412)
	at com.kms.katalon.core.main.TestCaseExecutor.accessMainPhase(TestCaseExecutor.java:404)
	at com.kms.katalon.core.main.TestCaseExecutor.execute(TestCaseExecutor.java:281)
	at com.kms.katalon.core.main.TestSuiteExecutor.accessTestCaseMainPhase(TestSuiteExecutor.java:202)
	at com.kms.katalon.core.main.TestSuiteExecutor.accessTestSuiteMainPhase(TestSuiteExecutor.java:164)
	at com.kms.katalon.core.main.TestSuiteExecutor.execute(TestSuiteExecutor.java:105)
	at com.kms.katalon.core.main.TestCaseMain.startTestSuite(TestCaseMain.java:181)
	at com.kms.katalon.core.main.TestCaseMain$startTestSuite$0.call(Unknown Source)
	at TempTestSuite1642435143013.run(TempTestSuite1642435143013.groovy:36)
Caused by: com.kms.katalon.core.webui.exception.WebElementNotFoundException: Web element with id: 'Object Repository/Page_Element/span_Explore public rooms' located by '//section[@id='matrixchat']/div/div[2]/div[3]/div/div/div/div[2]/span' not found
	at com.kms.katalon.core.webui.common.WebUiCommonHelper.findWebElement(WebUiCommonHelper.java:1368)
	at com.kms.katalon.core.webui.keyword.internal.WebUIAbstractKeyword.findWebElement(WebUIAbstractKeyword.groovy:27)
	at com.kms.katalon.core.webui.keyword.builtin.ClickKeyword$_click_closure1.doCall(ClickKeyword.groovy:65)
	at com.kms.katalon.core.webui.keyword.builtin.ClickKeyword$_click_closure1.call(ClickKeyword.groovy)
	at com.kms.katalon.core.webui.keyword.internal.WebUIKeywordMain.runKeyword(WebUIKeywordMain.groovy:20)
	at com.kms.katalon.core.webui.keyword.builtin.ClickKeyword.click(ClickKeyword.groovy:74)
	at com.kms.katalon.core.webui.keyword.builtin.ClickKeyword.execute(ClickKeyword.groovy:40)
	at com.kms.katalon.core.keyword.internal.KeywordExecutor.executeKeywordForPlatform(KeywordExecutor.groovy:74)
	at com.kms.katalon.core.webui.keyword.WebUiBuiltInKeywords.click(WebUiBuiltInKeywords.groovy:620)
	at com.kms.katalon.core.webui.keyword.WebUiBuiltInKeywords$click$1.call(Unknown Source)
	at Script1641788619632.run(Script1641788619632.groovy:42)
	... 13 more
)

2022-01-17 23:11:03 - [MESSAGE][INFO] - Unable to find the element located by 'By.xpath: //section[@id='matrixchat']/div/div[2]/div[3]/div/div/div/div[2]/span'. Please recheck the objects properties to make sure the desired element is located. 

2022-01-17 23:11:03 - [MESSAGE][FAILED] - Unable to click on object 'Object Repository/Page_Element/span_Explore public rooms' (Root cause: com.kms.katalon.core.exception.StepFailedException: Unable to click on object 'Object Repository/Page_Element/span_Explore public rooms'
	at com.kms.katalon.core.webui.keyword.internal.WebUIKeywordMain.stepFailed(WebUIKeywordMain.groovy:64)
	at com.kms.katalon.core.webui.keyword.internal.WebUIKeywordMain.runKeyword(WebUIKeywordMain.groovy:26)
	at com.kms.katalon.core.webui.keyword.builtin.ClickKeyword.click(ClickKeyword.groovy:74)
	at com.kms.katalon.core.webui.keyword.builtin.ClickKeyword.execute(ClickKeyword.groovy:40)
	at com.kms.katalon.core.keyword.internal.KeywordExecutor.executeKeywordForPlatform(KeywordExecutor.groovy:74)
	at com.kms.katalon.core.webui.keyword.WebUiBuiltInKeywords.click(WebUiBuiltInKeywords.groovy:620)
	at com.kms.katalon.core.webui.keyword.WebUiBuiltInKeywords$click$1.call(Unknown Source)
	at 6.Search_join_public_room.run(6.Search_join_public_room:42)
	at com.kms.katalon.core.main.ScriptEngine.run(ScriptEngine.java:194)
	at com.kms.katalon.core.main.ScriptEngine.runScriptAsRawText(ScriptEngine.java:119)
	at com.kms.katalon.core.main.TestCaseExecutor.runScript(TestCaseExecutor.java:442)
	at com.kms.katalon.core.main.TestCaseExecutor.doExecute(TestCaseExecutor.java:433)
	at com.kms.katalon.core.main.TestCaseExecutor.processExecutionPhase(TestCaseExecutor.java:412)
	at com.kms.katalon.core.main.TestCaseExecutor.accessMainPhase(TestCaseExecutor.java:404)
	at com.kms.katalon.core.main.TestCaseExecutor.execute(TestCaseExecutor.java:281)
	at com.kms.katalon.core.main.TestSuiteExecutor.accessTestCaseMainPhase(TestSuiteExecutor.java:202)
	at com.kms.katalon.core.main.TestSuiteExecutor.accessTestSuiteMainPhase(TestSuiteExecutor.java:164)
	at com.kms.katalon.core.main.TestSuiteExecutor.execute(TestSuiteExecutor.java:105)
	at com.kms.katalon.core.main.TestCaseMain.startTestSuite(TestCaseMain.java:181)
	at com.kms.katalon.core.main.TestCaseMain$startTestSuite$0.call(Unknown Source)
	at TempTestSuite1642435143013.run(TempTestSuite1642435143013.groovy:36)
Caused by: com.kms.katalon.core.webui.exception.WebElementNotFoundException: Web element with id: 'Object Repository/Page_Element/span_Explore public rooms' located by '//section[@id='matrixchat']/div/div[2]/div[3]/div/div/div/div[2]/span' not found
	at com.kms.katalon.core.webui.common.WebUiCommonHelper.findWebElement(WebUiCommonHelper.java:1368)
	at com.kms.katalon.core.webui.keyword.internal.WebUIAbstractKeyword.findWebElement(WebUIAbstractKeyword.groovy:27)
	at com.kms.katalon.core.webui.keyword.builtin.ClickKeyword$_click_closure1.doCall(ClickKeyword.groovy:65)
	at com.kms.katalon.core.webui.keyword.builtin.ClickKeyword$_click_closure1.call(ClickKeyword.groovy)
	at com.kms.katalon.core.webui.keyword.internal.WebUIKeywordMain.runKeyword(WebUIKeywordMain.groovy:20)
	at com.kms.katalon.core.webui.keyword.builtin.ClickKeyword.click(ClickKeyword.groovy:74)
	at com.kms.katalon.core.webui.keyword.builtin.ClickKeyword.execute(ClickKeyword.groovy:40)
	at com.kms.katalon.core.keyword.internal.KeywordExecutor.executeKeywordForPlatform(KeywordExecutor.groovy:74)
	at com.kms.katalon.core.webui.keyword.WebUiBuiltInKeywords.click(WebUiBuiltInKeywords.groovy:620)
	at com.kms.katalon.core.webui.keyword.WebUiBuiltInKeywords$click$1.call(Unknown Source)
	at Script1641788619632.run(Script1641788619632.groovy:42)
	... 13 more
)
[[ATTACHMENT|C:\\Users\\ha.pham\\Documents\\GitHub\\Bonus-SE\\Katalon_pj\\Bonus_SE\\Reports\\20220117_225903\\Run all test case\\20220117_225903\\1642435863741.png]]]]></system-out>
         <system-err><![CDATA[2022-01-17 23:09:59 - [TEST_CASE][FAILED] - Test Cases/6.Search_join_public_room: Test Cases/6.Search_join_public_room FAILED.
Reason:
com.kms.katalon.core.exception.StepFailedException: Unable to click on object 'Object Repository/Page_Element/span_Explore public rooms'
	at com.kms.katalon.core.webui.keyword.internal.WebUIKeywordMain.stepFailed(WebUIKeywordMain.groovy:64)
	at com.kms.katalon.core.webui.keyword.internal.WebUIKeywordMain.runKeyword(WebUIKeywordMain.groovy:26)
	at com.kms.katalon.core.webui.keyword.builtin.ClickKeyword.click(ClickKeyword.groovy:74)
	at com.kms.katalon.core.webui.keyword.builtin.ClickKeyword.execute(ClickKeyword.groovy:40)
	at com.kms.katalon.core.keyword.internal.KeywordExecutor.executeKeywordForPlatform(KeywordExecutor.groovy:74)
	at com.kms.katalon.core.webui.keyword.WebUiBuiltInKeywords.click(WebUiBuiltInKeywords.groovy:620)
	at com.kms.katalon.core.webui.keyword.WebUiBuiltInKeywords$click$1.call(Unknown Source)
	at 6.Search_join_public_room.run(6.Search_join_public_room:42)
	at com.kms.katalon.core.main.ScriptEngine.run(ScriptEngine.java:194)
	at com.kms.katalon.core.main.ScriptEngine.runScriptAsRawText(ScriptEngine.java:119)
	at com.kms.katalon.core.main.TestCaseExecutor.runScript(TestCaseExecutor.java:442)
	at com.kms.katalon.core.main.TestCaseExecutor.doExecute(TestCaseExecutor.java:433)
	at com.kms.katalon.core.main.TestCaseExecutor.processExecutionPhase(TestCaseExecutor.java:412)
	at com.kms.katalon.core.main.TestCaseExecutor.accessMainPhase(TestCaseExecutor.java:404)
	at com.kms.katalon.core.main.TestCaseExecutor.execute(TestCaseExecutor.java:281)
	at com.kms.katalon.core.main.TestSuiteExecutor.accessTestCaseMainPhase(TestSuiteExecutor.java:202)
	at com.kms.katalon.core.main.TestSuiteExecutor.accessTestSuiteMainPhase(TestSuiteExecutor.java:164)
	at com.kms.katalon.core.main.TestSuiteExecutor.execute(TestSuiteExecutor.java:105)
	at com.kms.katalon.core.main.TestCaseMain.startTestSuite(TestCaseMain.java:181)
	at com.kms.katalon.core.main.TestCaseMain$startTestSuite$0.call(Unknown Source)
	at TempTestSuite1642435143013.run(TempTestSuite1642435143013.groovy:36)
Caused by: com.kms.katalon.core.webui.exception.WebElementNotFoundException: Web element with id: 'Object Repository/Page_Element/span_Explore public rooms' located by '//section[@id='matrixchat']/div/div[2]/div[3]/div/div/div/div[2]/span' not found
	at com.kms.katalon.core.webui.common.WebUiCommonHelper.findWebElement(WebUiCommonHelper.java:1368)
	at com.kms.katalon.core.webui.keyword.internal.WebUIAbstractKeyword.findWebElement(WebUIAbstractKeyword.groovy:27)
	at com.kms.katalon.core.webui.keyword.builtin.ClickKeyword$_click_closure1.doCall(ClickKeyword.groovy:65)
	at com.kms.katalon.core.webui.keyword.builtin.ClickKeyword$_click_closure1.call(ClickKeyword.groovy)
	at com.kms.katalon.core.webui.keyword.internal.WebUIKeywordMain.runKeyword(WebUIKeywordMain.groovy:20)
	... 19 more]]></system-err>
      </testcase>
      <testcase name="Test Cases/23.ChangeFronSizeValid" time="40.202" classname="Test Cases/23.ChangeFronSizeValid" status="PASSED">
         <system-out><![CDATA[2022-01-17 23:11:03 - [TEST_CASE][PASSED] - Test Cases/23.ChangeFronSizeValid: Test Cases/23.ChangeFronSizeValid

2022-01-17 23:11:04 - [TEST_STEP][PASSED] - openBrowser(""): Browser is opened with url: ''

2022-01-17 23:11:04 - [MESSAGE][WARNING] - A browser is already opened. Closing browser and opening a new one

2022-01-17 23:11:05 - [MESSAGE][INFO] - Starting 'Chrome' driver

2022-01-17 23:11:05 - [MESSAGE][INFO] - Action delay is set to 1,000 milliseconds

2022-01-17 23:11:07 - [MESSAGE][PASSED] - Browser is opened with url: ''

2022-01-17 23:11:07 - [TEST_STEP][PASSED] - navigateToUrl("http://localhost:8080/"): Navigate to 'http://localhost:8080/' successfully

2022-01-17 23:11:09 - [MESSAGE][PASSED] - Navigate to 'http://localhost:8080/' successfully

2022-01-17 23:11:09 - [TEST_STEP][PASSED] - click(findTestObject("Object Repository/Page_Element/a_Sign In")): Object: 'Object Repository/Page_Element/a_Sign In' is clicked on

2022-01-17 23:11:14 - [MESSAGE][PASSED] - Object: 'Object Repository/Page_Element/a_Sign In' is clicked on

2022-01-17 23:11:14 - [TEST_STEP][PASSED] - setText(findTestObject("Object Repository/Page_Element/input_Sign in with_username"), "ptnha19"): Text 'ptnha19' is set on object 'Object Repository/Page_Element/input_Sign in with_username'

2022-01-17 23:11:17 - [MESSAGE][PASSED] - Text 'ptnha19' is set on object 'Object Repository/Page_Element/input_Sign in with_username'

2022-01-17 23:11:17 - [TEST_STEP][PASSED] - setEncryptedText(findTestObject("Object Repository/Page_Element/input_Username_password"), "5R3Ima4A+eOeCrCDRGMLmJpaGR3V3+YI"): Text ****** has been set on object 'Object Repository/Page_Element/input_Username_password'

2022-01-17 23:11:19 - [MESSAGE][PASSED] - Text ****** has been set on object 'Object Repository/Page_Element/input_Username_password'

2022-01-17 23:11:19 - [TEST_STEP][PASSED] - click(findTestObject("Object Repository/Page_Element/input_Forgot password_mx_Login_submit")): Object: 'Object Repository/Page_Element/input_Forgot password_mx_Login_submit' is clicked on

2022-01-17 23:11:20 - [MESSAGE][PASSED] - Object: 'Object Repository/Page_Element/input_Forgot password_mx_Login_submit' is clicked on

2022-01-17 23:11:20 - [TEST_STEP][PASSED] - click(findTestObject("Object Repository/Page_Element/div_Verify with Security Key")): Object: 'Object Repository/Page_Element/div_Verify with Security Key' is clicked on

2022-01-17 23:11:29 - [MESSAGE][PASSED] - Object: 'Object Repository/Page_Element/div_Verify with Security Key' is clicked on

2022-01-17 23:11:29 - [TEST_STEP][PASSED] - setEncryptedText(findTestObject("Object Repository/Page_Element/input_Security Key_mx_Field_4"), "PF4jXtbe/5x5+S5PgN4Kl/QbANAkWZYKqKaG9gW6gn+Po31AOnak0DX8GoEzAUkskgpeON1UhfEqZG0XXngJPA=="): Text ****** has been set on object 'Object Repository/Page_Element/input_Security Key_mx_Field_4'

2022-01-17 23:11:33 - [MESSAGE][PASSED] - Text ****** has been set on object 'Object Repository/Page_Element/input_Security Key_mx_Field_4'

2022-01-17 23:11:33 - [TEST_STEP][PASSED] - click(findTestObject("Object Repository/Page_Element/button_Continue")): Object: 'Object Repository/Page_Element/button_Continue' is clicked on

2022-01-17 23:11:34 - [MESSAGE][PASSED] - Object: 'Object Repository/Page_Element/button_Continue' is clicked on

2022-01-17 23:11:34 - [TEST_STEP][PASSED] - click(findTestObject("Object Repository/Page_Element/div_Done")): Object: 'Object Repository/Page_Element/div_Done' is clicked on

2022-01-17 23:11:37 - [MESSAGE][PASSED] - Object: 'Object Repository/Page_Element/div_Done' is clicked on

2022-01-17 23:11:37 - [TEST_STEP][PASSED] - click(findTestObject("Object Repository/Page_Element/img_Enable_mx_BaseAvatar_image")): Object: 'Object Repository/Page_Element/img_Enable_mx_BaseAvatar_image' is clicked on

2022-01-17 23:11:38 - [MESSAGE][PASSED] - Object: 'Object Repository/Page_Element/img_Enable_mx_BaseAvatar_image' is clicked on

2022-01-17 23:11:38 - [TEST_STEP][PASSED] - click(findTestObject("Object Repository/Page_Element/span_All settings")): Object: 'Object Repository/Page_Element/span_All settings' is clicked on

2022-01-17 23:11:39 - [MESSAGE][PASSED] - Object: 'Object Repository/Page_Element/span_All settings' is clicked on

2022-01-17 23:11:39 - [TEST_STEP][PASSED] - click(findTestObject("Object Repository/Page_Element/span_Appearance")): Object: 'Object Repository/Page_Element/span_Appearance' is clicked on

2022-01-17 23:11:41 - [MESSAGE][PASSED] - Object: 'Object Repository/Page_Element/span_Appearance' is clicked on

2022-01-17 23:11:41 - [TEST_STEP][PASSED] - click(findTestObject("Object Repository/Page_Element/div_Aa_mx_Slider_dot mx_Slider_dotActive")): Object: 'Object Repository/Page_Element/div_Aa_mx_Slider_dot mx_Slider_dotActive' is clicked on

2022-01-17 23:11:42 - [MESSAGE][PASSED] - Object: 'Object Repository/Page_Element/div_Aa_mx_Slider_dot mx_Slider_dotActive' is clicked on

2022-01-17 23:11:42 - [TEST_STEP][PASSED] - closeBrowser(): Browser is closed

2022-01-17 23:11:44 - [MESSAGE][PASSED] - Browser is closed]]></system-out>
         <system-err><![CDATA[]]></system-err>
      </testcase>
      <testcase name="Test Cases/24.ChangeDisplayName" time="38.715" classname="Test Cases/24.ChangeDisplayName" status="PASSED">
         <system-out><![CDATA[2022-01-17 23:11:44 - [TEST_CASE][PASSED] - Test Cases/24.ChangeDisplayName: Test Cases/24.ChangeDisplayName

2022-01-17 23:11:44 - [TEST_STEP][PASSED] - openBrowser(""): Browser is opened with url: ''

2022-01-17 23:11:44 - [MESSAGE][INFO] - Starting 'Chrome' driver

2022-01-17 23:11:44 - [MESSAGE][INFO] - Action delay is set to 1,000 milliseconds

2022-01-17 23:11:46 - [MESSAGE][PASSED] - Browser is opened with url: ''

2022-01-17 23:11:46 - [TEST_STEP][PASSED] - navigateToUrl("http://localhost:8080/"): Navigate to 'http://localhost:8080/' successfully

2022-01-17 23:11:48 - [MESSAGE][PASSED] - Navigate to 'http://localhost:8080/' successfully

2022-01-17 23:11:48 - [TEST_STEP][PASSED] - click(findTestObject("Object Repository/Page_Element/div_Sign In")): Object: 'Object Repository/Page_Element/div_Sign In' is clicked on

2022-01-17 23:11:52 - [MESSAGE][PASSED] - Object: 'Object Repository/Page_Element/div_Sign In' is clicked on

2022-01-17 23:11:52 - [TEST_STEP][PASSED] - setText(findTestObject("Object Repository/Page_Element/input_Sign in with_username"), "ptnha19"): Text 'ptnha19' is set on object 'Object Repository/Page_Element/input_Sign in with_username'

2022-01-17 23:11:55 - [MESSAGE][PASSED] - Text 'ptnha19' is set on object 'Object Repository/Page_Element/input_Sign in with_username'

2022-01-17 23:11:55 - [TEST_STEP][PASSED] - setEncryptedText(findTestObject("Object Repository/Page_Element/input_Username_password"), "5R3Ima4A+eOeCrCDRGMLmJpaGR3V3+YI"): Text ****** has been set on object 'Object Repository/Page_Element/input_Username_password'

2022-01-17 23:11:57 - [MESSAGE][PASSED] - Text ****** has been set on object 'Object Repository/Page_Element/input_Username_password'

2022-01-17 23:11:57 - [TEST_STEP][PASSED] - click(findTestObject("Object Repository/Page_Element/input_Forgot password_mx_Login_submit")): Object: 'Object Repository/Page_Element/input_Forgot password_mx_Login_submit' is clicked on

2022-01-17 23:11:59 - [MESSAGE][PASSED] - Object: 'Object Repository/Page_Element/input_Forgot password_mx_Login_submit' is clicked on

2022-01-17 23:11:59 - [TEST_STEP][PASSED] - click(findTestObject("Object Repository/Page_Element/div_Verify with Security Key")): Object: 'Object Repository/Page_Element/div_Verify with Security Key' is clicked on

2022-01-17 23:12:06 - [MESSAGE][PASSED] - Object: 'Object Repository/Page_Element/div_Verify with Security Key' is clicked on

2022-01-17 23:12:06 - [TEST_STEP][PASSED] - setEncryptedText(findTestObject("Object Repository/Page_Element/input_Security Key_mx_Field_4"), "PF4jXtbe/5x5+S5PgN4Kl/QbANAkWZYKqKaG9gW6gn+Po31AOnak0DX8GoEzAUkskgpeON1UhfEqZG0XXngJPA=="): Text ****** has been set on object 'Object Repository/Page_Element/input_Security Key_mx_Field_4'

2022-01-17 23:12:11 - [MESSAGE][PASSED] - Text ****** has been set on object 'Object Repository/Page_Element/input_Security Key_mx_Field_4'

2022-01-17 23:12:11 - [TEST_STEP][PASSED] - click(findTestObject("Object Repository/Page_Element/button_Continue")): Object: 'Object Repository/Page_Element/button_Continue' is clicked on

2022-01-17 23:12:12 - [MESSAGE][PASSED] - Object: 'Object Repository/Page_Element/button_Continue' is clicked on

2022-01-17 23:12:12 - [TEST_STEP][PASSED] - click(findTestObject("Object Repository/Page_Element/div_Done")): Object: 'Object Repository/Page_Element/div_Done' is clicked on

2022-01-17 23:12:14 - [MESSAGE][PASSED] - Object: 'Object Repository/Page_Element/div_Done' is clicked on

2022-01-17 23:12:14 - [TEST_STEP][PASSED] - click(findTestObject("Object Repository/Page_Element/img_Review_mx_BaseAvatar_image")): Object: 'Object Repository/Page_Element/img_Review_mx_BaseAvatar_image' is clicked on

2022-01-17 23:12:15 - [MESSAGE][PASSED] - Object: 'Object Repository/Page_Element/img_Review_mx_BaseAvatar_image' is clicked on

2022-01-17 23:12:15 - [TEST_STEP][PASSED] - click(findTestObject("Object Repository/Page_Element/span_All settings")): Object: 'Object Repository/Page_Element/span_All settings' is clicked on

2022-01-17 23:12:17 - [MESSAGE][PASSED] - Object: 'Object Repository/Page_Element/span_All settings' is clicked on

2022-01-17 23:12:17 - [TEST_STEP][PASSED] - setText(findTestObject("Object Repository/Page_Element/input_Profile_mx_Field_5"), "ptnha1"): Text 'ptnha1' is set on object 'Object Repository/Page_Element/input_Profile_mx_Field_5'

2022-01-17 23:12:19 - [MESSAGE][PASSED] - Text 'ptnha1' is set on object 'Object Repository/Page_Element/input_Profile_mx_Field_5'

2022-01-17 23:12:19 - [TEST_STEP][PASSED] - click(findTestObject("Object Repository/Page_Element/div_Save")): Object: 'Object Repository/Page_Element/div_Save' is clicked on

2022-01-17 23:12:21 - [MESSAGE][PASSED] - Object: 'Object Repository/Page_Element/div_Save' is clicked on

2022-01-17 23:12:21 - [TEST_STEP][PASSED] - closeBrowser(): Browser is closed

2022-01-17 23:12:22 - [MESSAGE][PASSED] - Browser is closed]]></system-out>
         <system-err><![CDATA[]]></system-err>
      </testcase>
      <testcase name="Test Cases/25.ChangePasswordInvalid" time="43.351" classname="Test Cases/25.ChangePasswordInvalid" status="PASSED">
         <system-out><![CDATA[2022-01-17 23:12:22 - [TEST_CASE][PASSED] - Test Cases/25.ChangePasswordInvalid: Test Cases/25.ChangePasswordInvalid

2022-01-17 23:12:22 - [TEST_STEP][PASSED] - openBrowser(""): Browser is opened with url: ''

2022-01-17 23:12:22 - [MESSAGE][INFO] - Starting 'Chrome' driver

2022-01-17 23:12:22 - [MESSAGE][INFO] - Action delay is set to 1,000 milliseconds

2022-01-17 23:12:24 - [MESSAGE][PASSED] - Browser is opened with url: ''

2022-01-17 23:12:24 - [TEST_STEP][PASSED] - navigateToUrl("http://localhost:8080/"): Navigate to 'http://localhost:8080/' successfully

2022-01-17 23:12:27 - [MESSAGE][PASSED] - Navigate to 'http://localhost:8080/' successfully

2022-01-17 23:12:27 - [TEST_STEP][PASSED] - click(findTestObject("Object Repository/Page_Element/div_Sign In")): Object: 'Object Repository/Page_Element/div_Sign In' is clicked on

2022-01-17 23:12:30 - [MESSAGE][PASSED] - Object: 'Object Repository/Page_Element/div_Sign In' is clicked on

2022-01-17 23:12:30 - [TEST_STEP][PASSED] - setText(findTestObject("Object Repository/Page_Element/input_Sign in with_username"), "ptnha19"): Text 'ptnha19' is set on object 'Object Repository/Page_Element/input_Sign in with_username'

2022-01-17 23:12:34 - [MESSAGE][PASSED] - Text 'ptnha19' is set on object 'Object Repository/Page_Element/input_Sign in with_username'

2022-01-17 23:12:34 - [TEST_STEP][PASSED] - setEncryptedText(findTestObject("Object Repository/Page_Element/input_Username_password"), "5R3Ima4A+eOeCrCDRGMLmJpaGR3V3+YI"): Text ****** has been set on object 'Object Repository/Page_Element/input_Username_password'

2022-01-17 23:12:36 - [MESSAGE][PASSED] - Text ****** has been set on object 'Object Repository/Page_Element/input_Username_password'

2022-01-17 23:12:36 - [TEST_STEP][PASSED] - click(findTestObject("Object Repository/Page_Element/input_Forgot password_mx_Login_submit")): Object: 'Object Repository/Page_Element/input_Forgot password_mx_Login_submit' is clicked on

2022-01-17 23:12:37 - [MESSAGE][PASSED] - Object: 'Object Repository/Page_Element/input_Forgot password_mx_Login_submit' is clicked on

2022-01-17 23:12:37 - [TEST_STEP][PASSED] - click(findTestObject("Object Repository/Page_Element/div_Verify with Security Key")): Object: 'Object Repository/Page_Element/div_Verify with Security Key' is clicked on

2022-01-17 23:12:45 - [MESSAGE][PASSED] - Object: 'Object Repository/Page_Element/div_Verify with Security Key' is clicked on

2022-01-17 23:12:45 - [TEST_STEP][PASSED] - setEncryptedText(findTestObject("Object Repository/Page_Element/input_Security Key_mx_Field_4"), "PF4jXtbe/5x5+S5PgN4Kl/QbANAkWZYKqKaG9gW6gn+Po31AOnak0DX8GoEzAUkskgpeON1UhfEqZG0XXngJPA=="): Text ****** has been set on object 'Object Repository/Page_Element/input_Security Key_mx_Field_4'

2022-01-17 23:12:50 - [MESSAGE][PASSED] - Text ****** has been set on object 'Object Repository/Page_Element/input_Security Key_mx_Field_4'

2022-01-17 23:12:50 - [TEST_STEP][PASSED] - click(findTestObject("Object Repository/Page_Element/button_Continue")): Object: 'Object Repository/Page_Element/button_Continue' is clicked on

2022-01-17 23:12:51 - [MESSAGE][PASSED] - Object: 'Object Repository/Page_Element/button_Continue' is clicked on

2022-01-17 23:12:51 - [TEST_STEP][PASSED] - click(findTestObject("Object Repository/Page_Element/div_Done")): Object: 'Object Repository/Page_Element/div_Done' is clicked on

2022-01-17 23:12:53 - [MESSAGE][PASSED] - Object: 'Object Repository/Page_Element/div_Done' is clicked on

2022-01-17 23:12:53 - [TEST_STEP][PASSED] - click(findTestObject("Object Repository/Page_Element/img_Enable_mx_BaseAvatar_image")): Object: 'Object Repository/Page_Element/img_Enable_mx_BaseAvatar_image' is clicked on

2022-01-17 23:12:55 - [MESSAGE][PASSED] - Object: 'Object Repository/Page_Element/img_Enable_mx_BaseAvatar_image' is clicked on

2022-01-17 23:12:55 - [TEST_STEP][PASSED] - click(findTestObject("Object Repository/Page_Element/span_All settings")): Object: 'Object Repository/Page_Element/span_All settings' is clicked on

2022-01-17 23:12:56 - [MESSAGE][PASSED] - Object: 'Object Repository/Page_Element/span_All settings' is clicked on

2022-01-17 23:12:56 - [TEST_STEP][PASSED] - setEncryptedText(findTestObject("Object Repository/Page_Element/input_Account_mx_Field_7"), "cH9eeb27K7k="): Text ****** has been set on object 'Object Repository/Page_Element/input_Account_mx_Field_7'

2022-01-17 23:12:58 - [MESSAGE][PASSED] - Text ****** has been set on object 'Object Repository/Page_Element/input_Account_mx_Field_7'

2022-01-17 23:12:58 - [TEST_STEP][PASSED] - setEncryptedText(findTestObject("Object Repository/Page_Element/input_Current password_mx_Field_8"), "YYdYgnpZIxc="): Text ****** has been set on object 'Object Repository/Page_Element/input_Current password_mx_Field_8'

2022-01-17 23:13:00 - [MESSAGE][PASSED] - Text ****** has been set on object 'Object Repository/Page_Element/input_Current password_mx_Field_8'

2022-01-17 23:13:00 - [TEST_STEP][PASSED] - setEncryptedText(findTestObject("Object Repository/Page_Element/input_New Password_mx_Field_9"), "YYdYgnpZIxc="): Text ****** has been set on object 'Object Repository/Page_Element/input_New Password_mx_Field_9'

2022-01-17 23:13:03 - [MESSAGE][PASSED] - Text ****** has been set on object 'Object Repository/Page_Element/input_New Password_mx_Field_9'

2022-01-17 23:13:03 - [TEST_STEP][PASSED] - click(findTestObject("Object Repository/Page_Element/div_Change Password")): Object: 'Object Repository/Page_Element/div_Change Password' is clicked on

2022-01-17 23:13:04 - [MESSAGE][PASSED] - Object: 'Object Repository/Page_Element/div_Change Password' is clicked on

2022-01-17 23:13:04 - [TEST_STEP][PASSED] - closeBrowser(): Browser is closed

2022-01-17 23:13:06 - [MESSAGE][PASSED] - Browser is closed]]></system-out>
         <system-err><![CDATA[]]></system-err>
      </testcase>
      <testcase name="Test Cases/28.EnableDesktopNotificationsForThisSession" time="71.196" classname="Test Cases/28.EnableDesktopNotificationsForThisSession" status="FAILED">
         <failure type="FAILED" message="Test Cases/28.EnableDesktopNotificationsForThisSession FAILED.
Reason:
com.kms.katalon.core.exception.StepFailedException: Unable to click on object 'Object Repository/Page_Element/div_Enable desktop notifications for this s_6cd3cd'
	at com.kms.katalon.core.webui.keyword.internal.WebUIKeywordMain.stepFailed(WebUIKeywordMain.groovy:64)
	at com.kms.katalon.core.webui.keyword.internal.WebUIKeywordMain.runKeyword(WebUIKeywordMain.groovy:26)
	at com.kms.katalon.core.webui.keyword.builtin.ClickKeyword.click(ClickKeyword.groovy:74)
	at com.kms.katalon.core.webui.keyword.builtin.ClickKeyword.execute(ClickKeyword.groovy:40)
	at com.kms.katalon.core.keyword.internal.KeywordExecutor.executeKeywordForPlatform(KeywordExecutor.groovy:74)
	at com.kms.katalon.core.webui.keyword.WebUiBuiltInKeywords.click(WebUiBuiltInKeywords.groovy:620)
	at com.kms.katalon.core.webui.keyword.WebUiBuiltInKeywords$click$1.call(Unknown Source)
	at 28.EnableDesktopNotificationsForThisSession.run(28.EnableDesktopNotificationsForThisSession:44)
	at com.kms.katalon.core.main.ScriptEngine.run(ScriptEngine.java:194)
	at com.kms.katalon.core.main.ScriptEngine.runScriptAsRawText(ScriptEngine.java:119)
	at com.kms.katalon.core.main.TestCaseExecutor.runScript(TestCaseExecutor.java:442)
	at com.kms.katalon.core.main.TestCaseExecutor.doExecute(TestCaseExecutor.java:433)
	at com.kms.katalon.core.main.TestCaseExecutor.processExecutionPhase(TestCaseExecutor.java:412)
	at com.kms.katalon.core.main.TestCaseExecutor.accessMainPhase(TestCaseExecutor.java:404)
	at com.kms.katalon.core.main.TestCaseExecutor.execute(TestCaseExecutor.java:281)
	at com.kms.katalon.core.main.TestSuiteExecutor.accessTestCaseMainPhase(TestSuiteExecutor.java:202)
	at com.kms.katalon.core.main.TestSuiteExecutor.accessTestSuiteMainPhase(TestSuiteExecutor.java:164)
	at com.kms.katalon.core.main.TestSuiteExecutor.execute(TestSuiteExecutor.java:105)
	at com.kms.katalon.core.main.TestCaseMain.startTestSuite(TestCaseMain.java:181)
	at com.kms.katalon.core.main.TestCaseMain$startTestSuite$0.call(Unknown Source)
	at TempTestSuite1642435143013.run(TempTestSuite1642435143013.groovy:36)
Caused by: com.kms.katalon.core.webui.exception.WebElementNotFoundException: Web element with id: 'Object Repository/Page_Element/div_Enable desktop notifications for this s_6cd3cd' located by '//div[@id='mx_Dialog_StaticContainer']/div/div/div[3]/div[2]/div/div[2]/div/div/div[2]/div/div[2]/div/div' not found
	at com.kms.katalon.core.webui.common.WebUiCommonHelper.findWebElement(WebUiCommonHelper.java:1368)
	at com.kms.katalon.core.webui.keyword.internal.WebUIAbstractKeyword.findWebElement(WebUIAbstractKeyword.groovy:27)
	at com.kms.katalon.core.webui.keyword.builtin.ClickKeyword$_click_closure1.doCall(ClickKeyword.groovy:65)
	at com.kms.katalon.core.webui.keyword.builtin.ClickKeyword$_click_closure1.call(ClickKeyword.groovy)
	at com.kms.katalon.core.webui.keyword.internal.WebUIKeywordMain.runKeyword(WebUIKeywordMain.groovy:20)
	... 19 more
"/>
         <system-out><![CDATA[2022-01-17 23:13:06 - [TEST_CASE][FAILED] - Test Cases/28.EnableDesktopNotificationsForThisSession: Test Cases/28.EnableDesktopNotificationsForThisSession FAILED.
Reason:
com.kms.katalon.core.exception.StepFailedException: Unable to click on object 'Object Repository/Page_Element/div_Enable desktop notifications for this s_6cd3cd'
	at com.kms.katalon.core.webui.keyword.internal.WebUIKeywordMain.stepFailed(WebUIKeywordMain.groovy:64)
	at com.kms.katalon.core.webui.keyword.internal.WebUIKeywordMain.runKeyword(WebUIKeywordMain.groovy:26)
	at com.kms.katalon.core.webui.keyword.builtin.ClickKeyword.click(ClickKeyword.groovy:74)
	at com.kms.katalon.core.webui.keyword.builtin.ClickKeyword.execute(ClickKeyword.groovy:40)
	at com.kms.katalon.core.keyword.internal.KeywordExecutor.executeKeywordForPlatform(KeywordExecutor.groovy:74)
	at com.kms.katalon.core.webui.keyword.WebUiBuiltInKeywords.click(WebUiBuiltInKeywords.groovy:620)
	at com.kms.katalon.core.webui.keyword.WebUiBuiltInKeywords$click$1.call(Unknown Source)
	at 28.EnableDesktopNotificationsForThisSession.run(28.EnableDesktopNotificationsForThisSession:44)
	at com.kms.katalon.core.main.ScriptEngine.run(ScriptEngine.java:194)
	at com.kms.katalon.core.main.ScriptEngine.runScriptAsRawText(ScriptEngine.java:119)
	at com.kms.katalon.core.main.TestCaseExecutor.runScript(TestCaseExecutor.java:442)
	at com.kms.katalon.core.main.TestCaseExecutor.doExecute(TestCaseExecutor.java:433)
	at com.kms.katalon.core.main.TestCaseExecutor.processExecutionPhase(TestCaseExecutor.java:412)
	at com.kms.katalon.core.main.TestCaseExecutor.accessMainPhase(TestCaseExecutor.java:404)
	at com.kms.katalon.core.main.TestCaseExecutor.execute(TestCaseExecutor.java:281)
	at com.kms.katalon.core.main.TestSuiteExecutor.accessTestCaseMainPhase(TestSuiteExecutor.java:202)
	at com.kms.katalon.core.main.TestSuiteExecutor.accessTestSuiteMainPhase(TestSuiteExecutor.java:164)
	at com.kms.katalon.core.main.TestSuiteExecutor.execute(TestSuiteExecutor.java:105)
	at com.kms.katalon.core.main.TestCaseMain.startTestSuite(TestCaseMain.java:181)
	at com.kms.katalon.core.main.TestCaseMain$startTestSuite$0.call(Unknown Source)
	at TempTestSuite1642435143013.run(TempTestSuite1642435143013.groovy:36)
Caused by: com.kms.katalon.core.webui.exception.WebElementNotFoundException: Web element with id: 'Object Repository/Page_Element/div_Enable desktop notifications for this s_6cd3cd' located by '//div[@id='mx_Dialog_StaticContainer']/div/div/div[3]/div[2]/div/div[2]/div/div/div[2]/div/div[2]/div/div' not found
	at com.kms.katalon.core.webui.common.WebUiCommonHelper.findWebElement(WebUiCommonHelper.java:1368)
	at com.kms.katalon.core.webui.keyword.internal.WebUIAbstractKeyword.findWebElement(WebUIAbstractKeyword.groovy:27)
	at com.kms.katalon.core.webui.keyword.builtin.ClickKeyword$_click_closure1.doCall(ClickKeyword.groovy:65)
	at com.kms.katalon.core.webui.keyword.builtin.ClickKeyword$_click_closure1.call(ClickKeyword.groovy)
	at com.kms.katalon.core.webui.keyword.internal.WebUIKeywordMain.runKeyword(WebUIKeywordMain.groovy:20)
	... 19 more


2022-01-17 23:13:06 - [TEST_STEP][PASSED] - openBrowser(""): Browser is opened with url: ''

2022-01-17 23:13:06 - [MESSAGE][INFO] - Starting 'Chrome' driver

2022-01-17 23:13:06 - [MESSAGE][INFO] - Action delay is set to 1,000 milliseconds

2022-01-17 23:13:08 - [MESSAGE][PASSED] - Browser is opened with url: ''

2022-01-17 23:13:08 - [TEST_STEP][PASSED] - navigateToUrl("http://localhost:8080/"): Navigate to 'http://localhost:8080/' successfully

2022-01-17 23:13:10 - [MESSAGE][PASSED] - Navigate to 'http://localhost:8080/' successfully

2022-01-17 23:13:10 - [TEST_STEP][PASSED] - click(findTestObject("Object Repository/Page_Element/div_Sign In")): Object: 'Object Repository/Page_Element/div_Sign In' is clicked on

2022-01-17 23:13:14 - [MESSAGE][PASSED] - Object: 'Object Repository/Page_Element/div_Sign In' is clicked on

2022-01-17 23:13:14 - [TEST_STEP][PASSED] - setText(findTestObject("Object Repository/Page_Element/input_Sign in with_username"), "ptnha19"): Text 'ptnha19' is set on object 'Object Repository/Page_Element/input_Sign in with_username'

2022-01-17 23:13:18 - [MESSAGE][PASSED] - Text 'ptnha19' is set on object 'Object Repository/Page_Element/input_Sign in with_username'

2022-01-17 23:13:18 - [TEST_STEP][PASSED] - setEncryptedText(findTestObject("Object Repository/Page_Element/input_Username_password"), "5R3Ima4A+eOeCrCDRGMLmJpaGR3V3+YI"): Text ****** has been set on object 'Object Repository/Page_Element/input_Username_password'

2022-01-17 23:13:20 - [MESSAGE][PASSED] - Text ****** has been set on object 'Object Repository/Page_Element/input_Username_password'

2022-01-17 23:13:20 - [TEST_STEP][PASSED] - click(findTestObject("Object Repository/Page_Element/input_Forgot password_mx_Login_submit")): Object: 'Object Repository/Page_Element/input_Forgot password_mx_Login_submit' is clicked on

2022-01-17 23:13:21 - [MESSAGE][PASSED] - Object: 'Object Repository/Page_Element/input_Forgot password_mx_Login_submit' is clicked on

2022-01-17 23:13:21 - [TEST_STEP][PASSED] - click(findTestObject("Object Repository/Page_Element/div_Verify with Security Key")): Object: 'Object Repository/Page_Element/div_Verify with Security Key' is clicked on

2022-01-17 23:13:30 - [MESSAGE][PASSED] - Object: 'Object Repository/Page_Element/div_Verify with Security Key' is clicked on

2022-01-17 23:13:30 - [TEST_STEP][PASSED] - setEncryptedText(findTestObject("Object Repository/Page_Element/input_Security Key_mx_Field_4"), "PF4jXtbe/5x5+S5PgN4Kl/QbANAkWZYKqKaG9gW6gn+Po31AOnak0DX8GoEzAUkskgpeON1UhfEqZG0XXngJPA=="): Text ****** has been set on object 'Object Repository/Page_Element/input_Security Key_mx_Field_4'

2022-01-17 23:13:39 - [MESSAGE][PASSED] - Text ****** has been set on object 'Object Repository/Page_Element/input_Security Key_mx_Field_4'

2022-01-17 23:13:39 - [TEST_STEP][PASSED] - click(findTestObject("Object Repository/Page_Element/button_Continue")): Object: 'Object Repository/Page_Element/button_Continue' is clicked on

2022-01-17 23:13:40 - [MESSAGE][PASSED] - Object: 'Object Repository/Page_Element/button_Continue' is clicked on

2022-01-17 23:13:40 - [TEST_STEP][PASSED] - click(findTestObject("Object Repository/Page_Element/div_Done")): Object: 'Object Repository/Page_Element/div_Done' is clicked on

2022-01-17 23:13:43 - [MESSAGE][PASSED] - Object: 'Object Repository/Page_Element/div_Done' is clicked on

2022-01-17 23:13:43 - [TEST_STEP][PASSED] - click(findTestObject("Object Repository/Page_Element/img_Enable_mx_BaseAvatar_image")): Object: 'Object Repository/Page_Element/img_Enable_mx_BaseAvatar_image' is clicked on

2022-01-17 23:13:44 - [MESSAGE][PASSED] - Object: 'Object Repository/Page_Element/img_Enable_mx_BaseAvatar_image' is clicked on

2022-01-17 23:13:44 - [TEST_STEP][PASSED] - click(findTestObject("Object Repository/Page_Element/span_Notifications")): Object: 'Object Repository/Page_Element/span_Notifications' is clicked on

2022-01-17 23:13:46 - [MESSAGE][PASSED] - Object: 'Object Repository/Page_Element/span_Notifications' is clicked on

2022-01-17 23:13:46 - [TEST_STEP][FAILED] - click(findTestObject("Object Repository/Page_Element/div_Enable desktop notifications for this s_6cd3cd")): Unable to click on object 'Object Repository/Page_Element/div_Enable desktop notifications for this s_6cd3cd' (Root cause: com.kms.katalon.core.exception.StepFailedException: Unable to click on object 'Object Repository/Page_Element/div_Enable desktop notifications for this s_6cd3cd'
	at com.kms.katalon.core.webui.keyword.internal.WebUIKeywordMain.stepFailed(WebUIKeywordMain.groovy:64)
	at com.kms.katalon.core.webui.keyword.internal.WebUIKeywordMain.runKeyword(WebUIKeywordMain.groovy:26)
	at com.kms.katalon.core.webui.keyword.builtin.ClickKeyword.click(ClickKeyword.groovy:74)
	at com.kms.katalon.core.webui.keyword.builtin.ClickKeyword.execute(ClickKeyword.groovy:40)
	at com.kms.katalon.core.keyword.internal.KeywordExecutor.executeKeywordForPlatform(KeywordExecutor.groovy:74)
	at com.kms.katalon.core.webui.keyword.WebUiBuiltInKeywords.click(WebUiBuiltInKeywords.groovy:620)
	at com.kms.katalon.core.webui.keyword.WebUiBuiltInKeywords$click$1.call(Unknown Source)
	at 28.EnableDesktopNotificationsForThisSession.run(28.EnableDesktopNotificationsForThisSession:44)
	at com.kms.katalon.core.main.ScriptEngine.run(ScriptEngine.java:194)
	at com.kms.katalon.core.main.ScriptEngine.runScriptAsRawText(ScriptEngine.java:119)
	at com.kms.katalon.core.main.TestCaseExecutor.runScript(TestCaseExecutor.java:442)
	at com.kms.katalon.core.main.TestCaseExecutor.doExecute(TestCaseExecutor.java:433)
	at com.kms.katalon.core.main.TestCaseExecutor.processExecutionPhase(TestCaseExecutor.java:412)
	at com.kms.katalon.core.main.TestCaseExecutor.accessMainPhase(TestCaseExecutor.java:404)
	at com.kms.katalon.core.main.TestCaseExecutor.execute(TestCaseExecutor.java:281)
	at com.kms.katalon.core.main.TestSuiteExecutor.accessTestCaseMainPhase(TestSuiteExecutor.java:202)
	at com.kms.katalon.core.main.TestSuiteExecutor.accessTestSuiteMainPhase(TestSuiteExecutor.java:164)
	at com.kms.katalon.core.main.TestSuiteExecutor.execute(TestSuiteExecutor.java:105)
	at com.kms.katalon.core.main.TestCaseMain.startTestSuite(TestCaseMain.java:181)
	at com.kms.katalon.core.main.TestCaseMain$startTestSuite$0.call(Unknown Source)
	at TempTestSuite1642435143013.run(TempTestSuite1642435143013.groovy:36)
Caused by: com.kms.katalon.core.webui.exception.WebElementNotFoundException: Web element with id: 'Object Repository/Page_Element/div_Enable desktop notifications for this s_6cd3cd' located by '//div[@id='mx_Dialog_StaticContainer']/div/div/div[3]/div[2]/div/div[2]/div/div/div[2]/div/div[2]/div/div' not found
	at com.kms.katalon.core.webui.common.WebUiCommonHelper.findWebElement(WebUiCommonHelper.java:1368)
	at com.kms.katalon.core.webui.keyword.internal.WebUIAbstractKeyword.findWebElement(WebUIAbstractKeyword.groovy:27)
	at com.kms.katalon.core.webui.keyword.builtin.ClickKeyword$_click_closure1.doCall(ClickKeyword.groovy:65)
	at com.kms.katalon.core.webui.keyword.builtin.ClickKeyword$_click_closure1.call(ClickKeyword.groovy)
	at com.kms.katalon.core.webui.keyword.internal.WebUIKeywordMain.runKeyword(WebUIKeywordMain.groovy:20)
	at com.kms.katalon.core.webui.keyword.builtin.ClickKeyword.click(ClickKeyword.groovy:74)
	at com.kms.katalon.core.webui.keyword.builtin.ClickKeyword.execute(ClickKeyword.groovy:40)
	at com.kms.katalon.core.keyword.internal.KeywordExecutor.executeKeywordForPlatform(KeywordExecutor.groovy:74)
	at com.kms.katalon.core.webui.keyword.WebUiBuiltInKeywords.click(WebUiBuiltInKeywords.groovy:620)
	at com.kms.katalon.core.webui.keyword.WebUiBuiltInKeywords$click$1.call(Unknown Source)
	at Script1641893715495.run(Script1641893715495.groovy:44)
	... 13 more
)

2022-01-17 23:14:17 - [MESSAGE][INFO] - Unable to find the element located by 'By.xpath: //div[@id='mx_Dialog_StaticContainer']/div/div/div[3]/div[2]/div/div[2]/div/div/div[2]/div/div[2]/div/div'. Please recheck the objects properties to make sure the desired element is located. 

2022-01-17 23:14:17 - [MESSAGE][FAILED] - Unable to click on object 'Object Repository/Page_Element/div_Enable desktop notifications for this s_6cd3cd' (Root cause: com.kms.katalon.core.exception.StepFailedException: Unable to click on object 'Object Repository/Page_Element/div_Enable desktop notifications for this s_6cd3cd'
	at com.kms.katalon.core.webui.keyword.internal.WebUIKeywordMain.stepFailed(WebUIKeywordMain.groovy:64)
	at com.kms.katalon.core.webui.keyword.internal.WebUIKeywordMain.runKeyword(WebUIKeywordMain.groovy:26)
	at com.kms.katalon.core.webui.keyword.builtin.ClickKeyword.click(ClickKeyword.groovy:74)
	at com.kms.katalon.core.webui.keyword.builtin.ClickKeyword.execute(ClickKeyword.groovy:40)
	at com.kms.katalon.core.keyword.internal.KeywordExecutor.executeKeywordForPlatform(KeywordExecutor.groovy:74)
	at com.kms.katalon.core.webui.keyword.WebUiBuiltInKeywords.click(WebUiBuiltInKeywords.groovy:620)
	at com.kms.katalon.core.webui.keyword.WebUiBuiltInKeywords$click$1.call(Unknown Source)
	at 28.EnableDesktopNotificationsForThisSession.run(28.EnableDesktopNotificationsForThisSession:44)
	at com.kms.katalon.core.main.ScriptEngine.run(ScriptEngine.java:194)
	at com.kms.katalon.core.main.ScriptEngine.runScriptAsRawText(ScriptEngine.java:119)
	at com.kms.katalon.core.main.TestCaseExecutor.runScript(TestCaseExecutor.java:442)
	at com.kms.katalon.core.main.TestCaseExecutor.doExecute(TestCaseExecutor.java:433)
	at com.kms.katalon.core.main.TestCaseExecutor.processExecutionPhase(TestCaseExecutor.java:412)
	at com.kms.katalon.core.main.TestCaseExecutor.accessMainPhase(TestCaseExecutor.java:404)
	at com.kms.katalon.core.main.TestCaseExecutor.execute(TestCaseExecutor.java:281)
	at com.kms.katalon.core.main.TestSuiteExecutor.accessTestCaseMainPhase(TestSuiteExecutor.java:202)
	at com.kms.katalon.core.main.TestSuiteExecutor.accessTestSuiteMainPhase(TestSuiteExecutor.java:164)
	at com.kms.katalon.core.main.TestSuiteExecutor.execute(TestSuiteExecutor.java:105)
	at com.kms.katalon.core.main.TestCaseMain.startTestSuite(TestCaseMain.java:181)
	at com.kms.katalon.core.main.TestCaseMain$startTestSuite$0.call(Unknown Source)
	at TempTestSuite1642435143013.run(TempTestSuite1642435143013.groovy:36)
Caused by: com.kms.katalon.core.webui.exception.WebElementNotFoundException: Web element with id: 'Object Repository/Page_Element/div_Enable desktop notifications for this s_6cd3cd' located by '//div[@id='mx_Dialog_StaticContainer']/div/div/div[3]/div[2]/div/div[2]/div/div/div[2]/div/div[2]/div/div' not found
	at com.kms.katalon.core.webui.common.WebUiCommonHelper.findWebElement(WebUiCommonHelper.java:1368)
	at com.kms.katalon.core.webui.keyword.internal.WebUIAbstractKeyword.findWebElement(WebUIAbstractKeyword.groovy:27)
	at com.kms.katalon.core.webui.keyword.builtin.ClickKeyword$_click_closure1.doCall(ClickKeyword.groovy:65)
	at com.kms.katalon.core.webui.keyword.builtin.ClickKeyword$_click_closure1.call(ClickKeyword.groovy)
	at com.kms.katalon.core.webui.keyword.internal.WebUIKeywordMain.runKeyword(WebUIKeywordMain.groovy:20)
	at com.kms.katalon.core.webui.keyword.builtin.ClickKeyword.click(ClickKeyword.groovy:74)
	at com.kms.katalon.core.webui.keyword.builtin.ClickKeyword.execute(ClickKeyword.groovy:40)
	at com.kms.katalon.core.keyword.internal.KeywordExecutor.executeKeywordForPlatform(KeywordExecutor.groovy:74)
	at com.kms.katalon.core.webui.keyword.WebUiBuiltInKeywords.click(WebUiBuiltInKeywords.groovy:620)
	at com.kms.katalon.core.webui.keyword.WebUiBuiltInKeywords$click$1.call(Unknown Source)
	at Script1641893715495.run(Script1641893715495.groovy:44)
	... 13 more
)
[[ATTACHMENT|C:\\Users\\ha.pham\\Documents\\GitHub\\Bonus-SE\\Katalon_pj\\Bonus_SE\\Reports\\20220117_225903\\Run all test case\\20220117_225903\\1642436057080.png]]]]></system-out>
         <system-err><![CDATA[2022-01-17 23:13:06 - [TEST_CASE][FAILED] - Test Cases/28.EnableDesktopNotificationsForThisSession: Test Cases/28.EnableDesktopNotificationsForThisSession FAILED.
Reason:
com.kms.katalon.core.exception.StepFailedException: Unable to click on object 'Object Repository/Page_Element/div_Enable desktop notifications for this s_6cd3cd'
	at com.kms.katalon.core.webui.keyword.internal.WebUIKeywordMain.stepFailed(WebUIKeywordMain.groovy:64)
	at com.kms.katalon.core.webui.keyword.internal.WebUIKeywordMain.runKeyword(WebUIKeywordMain.groovy:26)
	at com.kms.katalon.core.webui.keyword.builtin.ClickKeyword.click(ClickKeyword.groovy:74)
	at com.kms.katalon.core.webui.keyword.builtin.ClickKeyword.execute(ClickKeyword.groovy:40)
	at com.kms.katalon.core.keyword.internal.KeywordExecutor.executeKeywordForPlatform(KeywordExecutor.groovy:74)
	at com.kms.katalon.core.webui.keyword.WebUiBuiltInKeywords.click(WebUiBuiltInKeywords.groovy:620)
	at com.kms.katalon.core.webui.keyword.WebUiBuiltInKeywords$click$1.call(Unknown Source)
	at 28.EnableDesktopNotificationsForThisSession.run(28.EnableDesktopNotificationsForThisSession:44)
	at com.kms.katalon.core.main.ScriptEngine.run(ScriptEngine.java:194)
	at com.kms.katalon.core.main.ScriptEngine.runScriptAsRawText(ScriptEngine.java:119)
	at com.kms.katalon.core.main.TestCaseExecutor.runScript(TestCaseExecutor.java:442)
	at com.kms.katalon.core.main.TestCaseExecutor.doExecute(TestCaseExecutor.java:433)
	at com.kms.katalon.core.main.TestCaseExecutor.processExecutionPhase(TestCaseExecutor.java:412)
	at com.kms.katalon.core.main.TestCaseExecutor.accessMainPhase(TestCaseExecutor.java:404)
	at com.kms.katalon.core.main.TestCaseExecutor.execute(TestCaseExecutor.java:281)
	at com.kms.katalon.core.main.TestSuiteExecutor.accessTestCaseMainPhase(TestSuiteExecutor.java:202)
	at com.kms.katalon.core.main.TestSuiteExecutor.accessTestSuiteMainPhase(TestSuiteExecutor.java:164)
	at com.kms.katalon.core.main.TestSuiteExecutor.execute(TestSuiteExecutor.java:105)
	at com.kms.katalon.core.main.TestCaseMain.startTestSuite(TestCaseMain.java:181)
	at com.kms.katalon.core.main.TestCaseMain$startTestSuite$0.call(Unknown Source)
	at TempTestSuite1642435143013.run(TempTestSuite1642435143013.groovy:36)
Caused by: com.kms.katalon.core.webui.exception.WebElementNotFoundException: Web element with id: 'Object Repository/Page_Element/div_Enable desktop notifications for this s_6cd3cd' located by '//div[@id='mx_Dialog_StaticContainer']/div/div/div[3]/div[2]/div/div[2]/div/div/div[2]/div/div[2]/div/div' not found
	at com.kms.katalon.core.webui.common.WebUiCommonHelper.findWebElement(WebUiCommonHelper.java:1368)
	at com.kms.katalon.core.webui.keyword.internal.WebUIAbstractKeyword.findWebElement(WebUIAbstractKeyword.groovy:27)
	at com.kms.katalon.core.webui.keyword.builtin.ClickKeyword$_click_closure1.doCall(ClickKeyword.groovy:65)
	at com.kms.katalon.core.webui.keyword.builtin.ClickKeyword$_click_closure1.call(ClickKeyword.groovy)
	at com.kms.katalon.core.webui.keyword.internal.WebUIKeywordMain.runKeyword(WebUIKeywordMain.groovy:20)
	... 19 more]]></system-err>
      </testcase>
      <testcase name="Test Cases/29.EnableEmailNotifications" time="51.075" classname="Test Cases/29.EnableEmailNotifications" status="PASSED">
         <system-out><![CDATA[2022-01-17 23:14:17 - [TEST_CASE][PASSED] - Test Cases/29.EnableEmailNotifications: Test Cases/29.EnableEmailNotifications

2022-01-17 23:14:17 - [TEST_STEP][PASSED] - openBrowser(""): Browser is opened with url: ''

2022-01-17 23:14:17 - [MESSAGE][WARNING] - A browser is already opened. Closing browser and opening a new one

2022-01-17 23:14:19 - [MESSAGE][INFO] - Starting 'Chrome' driver

2022-01-17 23:14:19 - [MESSAGE][INFO] - Action delay is set to 1,000 milliseconds

2022-01-17 23:14:21 - [MESSAGE][PASSED] - Browser is opened with url: ''

2022-01-17 23:14:21 - [TEST_STEP][PASSED] - navigateToUrl("http://localhost:8080/"): Navigate to 'http://localhost:8080/' successfully

2022-01-17 23:14:24 - [MESSAGE][PASSED] - Navigate to 'http://localhost:8080/' successfully

2022-01-17 23:14:24 - [TEST_STEP][PASSED] - click(findTestObject("Object Repository/Page_Element/div_Sign In")): Object: 'Object Repository/Page_Element/div_Sign In' is clicked on

2022-01-17 23:14:28 - [MESSAGE][PASSED] - Object: 'Object Repository/Page_Element/div_Sign In' is clicked on

2022-01-17 23:14:28 - [TEST_STEP][PASSED] - setText(findTestObject("Object Repository/Page_Element/input_Sign in with_username"), "ptnha19"): Text 'ptnha19' is set on object 'Object Repository/Page_Element/input_Sign in with_username'

2022-01-17 23:14:32 - [MESSAGE][PASSED] - Text 'ptnha19' is set on object 'Object Repository/Page_Element/input_Sign in with_username'

2022-01-17 23:14:32 - [TEST_STEP][PASSED] - setEncryptedText(findTestObject("Object Repository/Page_Element/input_Username_password"), "5R3Ima4A+eOeCrCDRGMLmJpaGR3V3+YI"): Text ****** has been set on object 'Object Repository/Page_Element/input_Username_password'

2022-01-17 23:14:34 - [MESSAGE][PASSED] - Text ****** has been set on object 'Object Repository/Page_Element/input_Username_password'

2022-01-17 23:14:34 - [TEST_STEP][PASSED] - click(findTestObject("Object Repository/Page_Element/input_Forgot password_mx_Login_submit")): Object: 'Object Repository/Page_Element/input_Forgot password_mx_Login_submit' is clicked on

2022-01-17 23:14:35 - [MESSAGE][PASSED] - Object: 'Object Repository/Page_Element/input_Forgot password_mx_Login_submit' is clicked on

2022-01-17 23:14:35 - [TEST_STEP][PASSED] - click(findTestObject("Object Repository/Page_Element/div_Verify with Security Key")): Object: 'Object Repository/Page_Element/div_Verify with Security Key' is clicked on

2022-01-17 23:14:43 - [MESSAGE][PASSED] - Object: 'Object Repository/Page_Element/div_Verify with Security Key' is clicked on

2022-01-17 23:14:43 - [TEST_STEP][PASSED] - setEncryptedText(findTestObject("Object Repository/Page_Element/input_Security Key_mx_Field_4"), "PF4jXtbe/5x5+S5PgN4Kl/QbANAkWZYKqKaG9gW6gn+Po31AOnak0DX8GoEzAUkskgpeON1UhfEqZG0XXngJPA=="): Text ****** has been set on object 'Object Repository/Page_Element/input_Security Key_mx_Field_4'

2022-01-17 23:14:50 - [MESSAGE][PASSED] - Text ****** has been set on object 'Object Repository/Page_Element/input_Security Key_mx_Field_4'

2022-01-17 23:14:50 - [TEST_STEP][PASSED] - click(findTestObject("Object Repository/Page_Element/button_Continue")): Object: 'Object Repository/Page_Element/button_Continue' is clicked on

2022-01-17 23:14:51 - [MESSAGE][PASSED] - Object: 'Object Repository/Page_Element/button_Continue' is clicked on

2022-01-17 23:14:51 - [TEST_STEP][PASSED] - click(findTestObject("Object Repository/Page_Element/div_Done")): Object: 'Object Repository/Page_Element/div_Done' is clicked on

2022-01-17 23:14:55 - [MESSAGE][PASSED] - Object: 'Object Repository/Page_Element/div_Done' is clicked on

2022-01-17 23:14:55 - [TEST_STEP][PASSED] - click(findTestObject("Object Repository/Page_Element/img_Enable_mx_BaseAvatar_image")): Object: 'Object Repository/Page_Element/img_Enable_mx_BaseAvatar_image' is clicked on

2022-01-17 23:14:59 - [MESSAGE][PASSED] - Object: 'Object Repository/Page_Element/img_Enable_mx_BaseAvatar_image' is clicked on

2022-01-17 23:14:59 - [TEST_STEP][PASSED] - click(findTestObject("Object Repository/Page_Element/span_Notifications")): Object: 'Object Repository/Page_Element/span_Notifications' is clicked on

2022-01-17 23:15:02 - [MESSAGE][PASSED] - Object: 'Object Repository/Page_Element/span_Notifications' is clicked on

2022-01-17 23:15:02 - [TEST_STEP][PASSED] - click(findTestObject("Object Repository/Page_Element/div_Enable email notifications for selena.n_56c593")): Object: 'Object Repository/Page_Element/div_Enable email notifications for selena.n_56c593' is clicked on

2022-01-17 23:15:06 - [MESSAGE][PASSED] - Object: 'Object Repository/Page_Element/div_Enable email notifications for selena.n_56c593' is clicked on

2022-01-17 23:15:06 - [TEST_STEP][PASSED] - click(findTestObject("Object Repository/Page_Element/div_Enable email notifications for selena.n_56c593_1")): Object: 'Object Repository/Page_Element/div_Enable email notifications for selena.n_56c593_1' is clicked on

2022-01-17 23:15:07 - [MESSAGE][PASSED] - Object: 'Object Repository/Page_Element/div_Enable email notifications for selena.n_56c593_1' is clicked on

2022-01-17 23:15:07 - [TEST_STEP][PASSED] - closeBrowser(): Browser is closed

2022-01-17 23:15:08 - [MESSAGE][PASSED] - Browser is closed]]></system-out>
         <system-err><![CDATA[]]></system-err>
      </testcase>
      <testcase name="Test Cases/30.ReferencesRoomList" time="76.488" classname="Test Cases/30.ReferencesRoomList" status="FAILED">
         <failure type="FAILED" message="Test Cases/30.ReferencesRoomList FAILED.
Reason:
com.kms.katalon.core.exception.StepFailedException: Unable to click on object 'Object Repository/Page_Element/span_Preferences'
	at com.kms.katalon.core.webui.keyword.internal.WebUIKeywordMain.stepFailed(WebUIKeywordMain.groovy:64)
	at com.kms.katalon.core.webui.keyword.internal.WebUIKeywordMain.runKeyword(WebUIKeywordMain.groovy:26)
	at com.kms.katalon.core.webui.keyword.builtin.ClickKeyword.click(ClickKeyword.groovy:74)
	at com.kms.katalon.core.webui.keyword.builtin.ClickKeyword.execute(ClickKeyword.groovy:40)
	at com.kms.katalon.core.keyword.internal.KeywordExecutor.executeKeywordForPlatform(KeywordExecutor.groovy:74)
	at com.kms.katalon.core.webui.keyword.WebUiBuiltInKeywords.click(WebUiBuiltInKeywords.groovy:620)
	at com.kms.katalon.core.webui.keyword.WebUiBuiltInKeywords$click$1.call(Unknown Source)
	at 30.ReferencesRoomList.run(30.ReferencesRoomList:44)
	at com.kms.katalon.core.main.ScriptEngine.run(ScriptEngine.java:194)
	at com.kms.katalon.core.main.ScriptEngine.runScriptAsRawText(ScriptEngine.java:119)
	at com.kms.katalon.core.main.TestCaseExecutor.runScript(TestCaseExecutor.java:442)
	at com.kms.katalon.core.main.TestCaseExecutor.doExecute(TestCaseExecutor.java:433)
	at com.kms.katalon.core.main.TestCaseExecutor.processExecutionPhase(TestCaseExecutor.java:412)
	at com.kms.katalon.core.main.TestCaseExecutor.accessMainPhase(TestCaseExecutor.java:404)
	at com.kms.katalon.core.main.TestCaseExecutor.execute(TestCaseExecutor.java:281)
	at com.kms.katalon.core.main.TestSuiteExecutor.accessTestCaseMainPhase(TestSuiteExecutor.java:202)
	at com.kms.katalon.core.main.TestSuiteExecutor.accessTestSuiteMainPhase(TestSuiteExecutor.java:164)
	at com.kms.katalon.core.main.TestSuiteExecutor.execute(TestSuiteExecutor.java:105)
	at com.kms.katalon.core.main.TestCaseMain.startTestSuite(TestCaseMain.java:181)
	at com.kms.katalon.core.main.TestCaseMain$startTestSuite$0.call(Unknown Source)
	at TempTestSuite1642435143013.run(TempTestSuite1642435143013.groovy:36)
Caused by: com.kms.katalon.core.webui.exception.WebElementNotFoundException: Web element with id: 'Object Repository/Page_Element/span_Preferences' located by '//div[@id='mx_ContextualMenu_Container']/div/div[2]/div/div[2]/div[3]/span[2]' not found
	at com.kms.katalon.core.webui.common.WebUiCommonHelper.findWebElement(WebUiCommonHelper.java:1368)
	at com.kms.katalon.core.webui.keyword.internal.WebUIAbstractKeyword.findWebElement(WebUIAbstractKeyword.groovy:27)
	at com.kms.katalon.core.webui.keyword.builtin.ClickKeyword$_click_closure1.doCall(ClickKeyword.groovy:65)
	at com.kms.katalon.core.webui.keyword.builtin.ClickKeyword$_click_closure1.call(ClickKeyword.groovy)
	at com.kms.katalon.core.webui.keyword.internal.WebUIKeywordMain.runKeyword(WebUIKeywordMain.groovy:20)
	... 19 more
"/>
         <system-out><![CDATA[2022-01-17 23:15:08 - [TEST_CASE][FAILED] - Test Cases/30.ReferencesRoomList: Test Cases/30.ReferencesRoomList FAILED.
Reason:
com.kms.katalon.core.exception.StepFailedException: Unable to click on object 'Object Repository/Page_Element/span_Preferences'
	at com.kms.katalon.core.webui.keyword.internal.WebUIKeywordMain.stepFailed(WebUIKeywordMain.groovy:64)
	at com.kms.katalon.core.webui.keyword.internal.WebUIKeywordMain.runKeyword(WebUIKeywordMain.groovy:26)
	at com.kms.katalon.core.webui.keyword.builtin.ClickKeyword.click(ClickKeyword.groovy:74)
	at com.kms.katalon.core.webui.keyword.builtin.ClickKeyword.execute(ClickKeyword.groovy:40)
	at com.kms.katalon.core.keyword.internal.KeywordExecutor.executeKeywordForPlatform(KeywordExecutor.groovy:74)
	at com.kms.katalon.core.webui.keyword.WebUiBuiltInKeywords.click(WebUiBuiltInKeywords.groovy:620)
	at com.kms.katalon.core.webui.keyword.WebUiBuiltInKeywords$click$1.call(Unknown Source)
	at 30.ReferencesRoomList.run(30.ReferencesRoomList:44)
	at com.kms.katalon.core.main.ScriptEngine.run(ScriptEngine.java:194)
	at com.kms.katalon.core.main.ScriptEngine.runScriptAsRawText(ScriptEngine.java:119)
	at com.kms.katalon.core.main.TestCaseExecutor.runScript(TestCaseExecutor.java:442)
	at com.kms.katalon.core.main.TestCaseExecutor.doExecute(TestCaseExecutor.java:433)
	at com.kms.katalon.core.main.TestCaseExecutor.processExecutionPhase(TestCaseExecutor.java:412)
	at com.kms.katalon.core.main.TestCaseExecutor.accessMainPhase(TestCaseExecutor.java:404)
	at com.kms.katalon.core.main.TestCaseExecutor.execute(TestCaseExecutor.java:281)
	at com.kms.katalon.core.main.TestSuiteExecutor.accessTestCaseMainPhase(TestSuiteExecutor.java:202)
	at com.kms.katalon.core.main.TestSuiteExecutor.accessTestSuiteMainPhase(TestSuiteExecutor.java:164)
	at com.kms.katalon.core.main.TestSuiteExecutor.execute(TestSuiteExecutor.java:105)
	at com.kms.katalon.core.main.TestCaseMain.startTestSuite(TestCaseMain.java:181)
	at com.kms.katalon.core.main.TestCaseMain$startTestSuite$0.call(Unknown Source)
	at TempTestSuite1642435143013.run(TempTestSuite1642435143013.groovy:36)
Caused by: com.kms.katalon.core.webui.exception.WebElementNotFoundException: Web element with id: 'Object Repository/Page_Element/span_Preferences' located by '//div[@id='mx_ContextualMenu_Container']/div/div[2]/div/div[2]/div[3]/span[2]' not found
	at com.kms.katalon.core.webui.common.WebUiCommonHelper.findWebElement(WebUiCommonHelper.java:1368)
	at com.kms.katalon.core.webui.keyword.internal.WebUIAbstractKeyword.findWebElement(WebUIAbstractKeyword.groovy:27)
	at com.kms.katalon.core.webui.keyword.builtin.ClickKeyword$_click_closure1.doCall(ClickKeyword.groovy:65)
	at com.kms.katalon.core.webui.keyword.builtin.ClickKeyword$_click_closure1.call(ClickKeyword.groovy)
	at com.kms.katalon.core.webui.keyword.internal.WebUIKeywordMain.runKeyword(WebUIKeywordMain.groovy:20)
	... 19 more


2022-01-17 23:15:08 - [TEST_STEP][PASSED] - openBrowser(""): Browser is opened with url: ''

2022-01-17 23:15:08 - [MESSAGE][INFO] - Starting 'Chrome' driver

2022-01-17 23:15:09 - [MESSAGE][INFO] - Action delay is set to 1,000 milliseconds

2022-01-17 23:15:11 - [MESSAGE][PASSED] - Browser is opened with url: ''

2022-01-17 23:15:11 - [TEST_STEP][PASSED] - navigateToUrl("http://localhost:8080/"): Navigate to 'http://localhost:8080/' successfully

2022-01-17 23:15:14 - [MESSAGE][PASSED] - Navigate to 'http://localhost:8080/' successfully

2022-01-17 23:15:14 - [TEST_STEP][PASSED] - click(findTestObject("Object Repository/Page_Element/div_Sign In")): Object: 'Object Repository/Page_Element/div_Sign In' is clicked on

2022-01-17 23:15:19 - [MESSAGE][PASSED] - Object: 'Object Repository/Page_Element/div_Sign In' is clicked on

2022-01-17 23:15:19 - [TEST_STEP][PASSED] - setText(findTestObject("Object Repository/Page_Element/input_Sign in with_username"), "ptnha19"): Text 'ptnha19' is set on object 'Object Repository/Page_Element/input_Sign in with_username'

2022-01-17 23:15:22 - [MESSAGE][PASSED] - Text 'ptnha19' is set on object 'Object Repository/Page_Element/input_Sign in with_username'

2022-01-17 23:15:22 - [TEST_STEP][PASSED] - setEncryptedText(findTestObject("Object Repository/Page_Element/input_Username_password"), "5R3Ima4A+eOeCrCDRGMLmJpaGR3V3+YI"): Text ****** has been set on object 'Object Repository/Page_Element/input_Username_password'

2022-01-17 23:15:24 - [MESSAGE][PASSED] - Text ****** has been set on object 'Object Repository/Page_Element/input_Username_password'

2022-01-17 23:15:24 - [TEST_STEP][PASSED] - click(findTestObject("Object Repository/Page_Element/input_Forgot password_mx_Login_submit")): Object: 'Object Repository/Page_Element/input_Forgot password_mx_Login_submit' is clicked on

2022-01-17 23:15:26 - [MESSAGE][PASSED] - Object: 'Object Repository/Page_Element/input_Forgot password_mx_Login_submit' is clicked on

2022-01-17 23:15:26 - [TEST_STEP][PASSED] - click(findTestObject("Object Repository/Page_Element/div_Verify with Security Key")): Object: 'Object Repository/Page_Element/div_Verify with Security Key' is clicked on

2022-01-17 23:15:40 - [MESSAGE][PASSED] - Object: 'Object Repository/Page_Element/div_Verify with Security Key' is clicked on

2022-01-17 23:15:40 - [TEST_STEP][PASSED] - setEncryptedText(findTestObject("Object Repository/Page_Element/input_Security Key_mx_Field_4"), "PF4jXtbe/5x5+S5PgN4Kl/QbANAkWZYKqKaG9gW6gn+Po31AOnak0DX8GoEzAUkskgpeON1UhfEqZG0XXngJPA=="): Text ****** has been set on object 'Object Repository/Page_Element/input_Security Key_mx_Field_4'

2022-01-17 23:15:45 - [MESSAGE][PASSED] - Text ****** has been set on object 'Object Repository/Page_Element/input_Security Key_mx_Field_4'

2022-01-17 23:15:45 - [TEST_STEP][PASSED] - click(findTestObject("Object Repository/Page_Element/button_Continue")): Object: 'Object Repository/Page_Element/button_Continue' is clicked on

2022-01-17 23:15:46 - [MESSAGE][PASSED] - Object: 'Object Repository/Page_Element/button_Continue' is clicked on

2022-01-17 23:15:46 - [TEST_STEP][PASSED] - click(findTestObject("Object Repository/Page_Element/div_Done")): Object: 'Object Repository/Page_Element/div_Done' is clicked on

2022-01-17 23:15:50 - [MESSAGE][PASSED] - Object: 'Object Repository/Page_Element/div_Done' is clicked on

2022-01-17 23:15:50 - [TEST_STEP][PASSED] - click(findTestObject("Object Repository/Page_Element/span_P")): Object: 'Object Repository/Page_Element/span_P' is clicked on

2022-01-17 23:15:52 - [MESSAGE][PASSED] - Object: 'Object Repository/Page_Element/span_P' is clicked on

2022-01-17 23:15:52 - [TEST_STEP][PASSED] - click(findTestObject("Object Repository/Page_Element/span_All settings")): Object: 'Object Repository/Page_Element/span_All settings' is clicked on

2022-01-17 23:15:53 - [MESSAGE][PASSED] - Object: 'Object Repository/Page_Element/span_All settings' is clicked on

2022-01-17 23:15:53 - [TEST_STEP][FAILED] - click(findTestObject("Object Repository/Page_Element/span_Preferences")): Unable to click on object 'Object Repository/Page_Element/span_Preferences' (Root cause: com.kms.katalon.core.exception.StepFailedException: Unable to click on object 'Object Repository/Page_Element/span_Preferences'
	at com.kms.katalon.core.webui.keyword.internal.WebUIKeywordMain.stepFailed(WebUIKeywordMain.groovy:64)
	at com.kms.katalon.core.webui.keyword.internal.WebUIKeywordMain.runKeyword(WebUIKeywordMain.groovy:26)
	at com.kms.katalon.core.webui.keyword.builtin.ClickKeyword.click(ClickKeyword.groovy:74)
	at com.kms.katalon.core.webui.keyword.builtin.ClickKeyword.execute(ClickKeyword.groovy:40)
	at com.kms.katalon.core.keyword.internal.KeywordExecutor.executeKeywordForPlatform(KeywordExecutor.groovy:74)
	at com.kms.katalon.core.webui.keyword.WebUiBuiltInKeywords.click(WebUiBuiltInKeywords.groovy:620)
	at com.kms.katalon.core.webui.keyword.WebUiBuiltInKeywords$click$1.call(Unknown Source)
	at 30.ReferencesRoomList.run(30.ReferencesRoomList:44)
	at com.kms.katalon.core.main.ScriptEngine.run(ScriptEngine.java:194)
	at com.kms.katalon.core.main.ScriptEngine.runScriptAsRawText(ScriptEngine.java:119)
	at com.kms.katalon.core.main.TestCaseExecutor.runScript(TestCaseExecutor.java:442)
	at com.kms.katalon.core.main.TestCaseExecutor.doExecute(TestCaseExecutor.java:433)
	at com.kms.katalon.core.main.TestCaseExecutor.processExecutionPhase(TestCaseExecutor.java:412)
	at com.kms.katalon.core.main.TestCaseExecutor.accessMainPhase(TestCaseExecutor.java:404)
	at com.kms.katalon.core.main.TestCaseExecutor.execute(TestCaseExecutor.java:281)
	at com.kms.katalon.core.main.TestSuiteExecutor.accessTestCaseMainPhase(TestSuiteExecutor.java:202)
	at com.kms.katalon.core.main.TestSuiteExecutor.accessTestSuiteMainPhase(TestSuiteExecutor.java:164)
	at com.kms.katalon.core.main.TestSuiteExecutor.execute(TestSuiteExecutor.java:105)
	at com.kms.katalon.core.main.TestCaseMain.startTestSuite(TestCaseMain.java:181)
	at com.kms.katalon.core.main.TestCaseMain$startTestSuite$0.call(Unknown Source)
	at TempTestSuite1642435143013.run(TempTestSuite1642435143013.groovy:36)
Caused by: com.kms.katalon.core.webui.exception.WebElementNotFoundException: Web element with id: 'Object Repository/Page_Element/span_Preferences' located by '//div[@id='mx_ContextualMenu_Container']/div/div[2]/div/div[2]/div[3]/span[2]' not found
	at com.kms.katalon.core.webui.common.WebUiCommonHelper.findWebElement(WebUiCommonHelper.java:1368)
	at com.kms.katalon.core.webui.keyword.internal.WebUIAbstractKeyword.findWebElement(WebUIAbstractKeyword.groovy:27)
	at com.kms.katalon.core.webui.keyword.builtin.ClickKeyword$_click_closure1.doCall(ClickKeyword.groovy:65)
	at com.kms.katalon.core.webui.keyword.builtin.ClickKeyword$_click_closure1.call(ClickKeyword.groovy)
	at com.kms.katalon.core.webui.keyword.internal.WebUIKeywordMain.runKeyword(WebUIKeywordMain.groovy:20)
	at com.kms.katalon.core.webui.keyword.builtin.ClickKeyword.click(ClickKeyword.groovy:74)
	at com.kms.katalon.core.webui.keyword.builtin.ClickKeyword.execute(ClickKeyword.groovy:40)
	at com.kms.katalon.core.keyword.internal.KeywordExecutor.executeKeywordForPlatform(KeywordExecutor.groovy:74)
	at com.kms.katalon.core.webui.keyword.WebUiBuiltInKeywords.click(WebUiBuiltInKeywords.groovy:620)
	at com.kms.katalon.core.webui.keyword.WebUiBuiltInKeywords$click$1.call(Unknown Source)
	at Script1641894812076.run(Script1641894812076.groovy:44)
	... 13 more
)

2022-01-17 23:16:24 - [MESSAGE][INFO] - Unable to find the element located by 'By.xpath: //div[@id='mx_ContextualMenu_Container']/div/div[2]/div/div[2]/div[3]/span[2]'. Please recheck the objects properties to make sure the desired element is located. 

2022-01-17 23:16:24 - [MESSAGE][FAILED] - Unable to click on object 'Object Repository/Page_Element/span_Preferences' (Root cause: com.kms.katalon.core.exception.StepFailedException: Unable to click on object 'Object Repository/Page_Element/span_Preferences'
	at com.kms.katalon.core.webui.keyword.internal.WebUIKeywordMain.stepFailed(WebUIKeywordMain.groovy:64)
	at com.kms.katalon.core.webui.keyword.internal.WebUIKeywordMain.runKeyword(WebUIKeywordMain.groovy:26)
	at com.kms.katalon.core.webui.keyword.builtin.ClickKeyword.click(ClickKeyword.groovy:74)
	at com.kms.katalon.core.webui.keyword.builtin.ClickKeyword.execute(ClickKeyword.groovy:40)
	at com.kms.katalon.core.keyword.internal.KeywordExecutor.executeKeywordForPlatform(KeywordExecutor.groovy:74)
	at com.kms.katalon.core.webui.keyword.WebUiBuiltInKeywords.click(WebUiBuiltInKeywords.groovy:620)
	at com.kms.katalon.core.webui.keyword.WebUiBuiltInKeywords$click$1.call(Unknown Source)
	at 30.ReferencesRoomList.run(30.ReferencesRoomList:44)
	at com.kms.katalon.core.main.ScriptEngine.run(ScriptEngine.java:194)
	at com.kms.katalon.core.main.ScriptEngine.runScriptAsRawText(ScriptEngine.java:119)
	at com.kms.katalon.core.main.TestCaseExecutor.runScript(TestCaseExecutor.java:442)
	at com.kms.katalon.core.main.TestCaseExecutor.doExecute(TestCaseExecutor.java:433)
	at com.kms.katalon.core.main.TestCaseExecutor.processExecutionPhase(TestCaseExecutor.java:412)
	at com.kms.katalon.core.main.TestCaseExecutor.accessMainPhase(TestCaseExecutor.java:404)
	at com.kms.katalon.core.main.TestCaseExecutor.execute(TestCaseExecutor.java:281)
	at com.kms.katalon.core.main.TestSuiteExecutor.accessTestCaseMainPhase(TestSuiteExecutor.java:202)
	at com.kms.katalon.core.main.TestSuiteExecutor.accessTestSuiteMainPhase(TestSuiteExecutor.java:164)
	at com.kms.katalon.core.main.TestSuiteExecutor.execute(TestSuiteExecutor.java:105)
	at com.kms.katalon.core.main.TestCaseMain.startTestSuite(TestCaseMain.java:181)
	at com.kms.katalon.core.main.TestCaseMain$startTestSuite$0.call(Unknown Source)
	at TempTestSuite1642435143013.run(TempTestSuite1642435143013.groovy:36)
Caused by: com.kms.katalon.core.webui.exception.WebElementNotFoundException: Web element with id: 'Object Repository/Page_Element/span_Preferences' located by '//div[@id='mx_ContextualMenu_Container']/div/div[2]/div/div[2]/div[3]/span[2]' not found
	at com.kms.katalon.core.webui.common.WebUiCommonHelper.findWebElement(WebUiCommonHelper.java:1368)
	at com.kms.katalon.core.webui.keyword.internal.WebUIAbstractKeyword.findWebElement(WebUIAbstractKeyword.groovy:27)
	at com.kms.katalon.core.webui.keyword.builtin.ClickKeyword$_click_closure1.doCall(ClickKeyword.groovy:65)
	at com.kms.katalon.core.webui.keyword.builtin.ClickKeyword$_click_closure1.call(ClickKeyword.groovy)
	at com.kms.katalon.core.webui.keyword.internal.WebUIKeywordMain.runKeyword(WebUIKeywordMain.groovy:20)
	at com.kms.katalon.core.webui.keyword.builtin.ClickKeyword.click(ClickKeyword.groovy:74)
	at com.kms.katalon.core.webui.keyword.builtin.ClickKeyword.execute(ClickKeyword.groovy:40)
	at com.kms.katalon.core.keyword.internal.KeywordExecutor.executeKeywordForPlatform(KeywordExecutor.groovy:74)
	at com.kms.katalon.core.webui.keyword.WebUiBuiltInKeywords.click(WebUiBuiltInKeywords.groovy:620)
	at com.kms.katalon.core.webui.keyword.WebUiBuiltInKeywords$click$1.call(Unknown Source)
	at Script1641894812076.run(Script1641894812076.groovy:44)
	... 13 more
)
[[ATTACHMENT|C:\\Users\\ha.pham\\Documents\\GitHub\\Bonus-SE\\Katalon_pj\\Bonus_SE\\Reports\\20220117_225903\\Run all test case\\20220117_225903\\1642436184673.png]]]]></system-out>
         <system-err><![CDATA[2022-01-17 23:15:08 - [TEST_CASE][FAILED] - Test Cases/30.ReferencesRoomList: Test Cases/30.ReferencesRoomList FAILED.
Reason:
com.kms.katalon.core.exception.StepFailedException: Unable to click on object 'Object Repository/Page_Element/span_Preferences'
	at com.kms.katalon.core.webui.keyword.internal.WebUIKeywordMain.stepFailed(WebUIKeywordMain.groovy:64)
	at com.kms.katalon.core.webui.keyword.internal.WebUIKeywordMain.runKeyword(WebUIKeywordMain.groovy:26)
	at com.kms.katalon.core.webui.keyword.builtin.ClickKeyword.click(ClickKeyword.groovy:74)
	at com.kms.katalon.core.webui.keyword.builtin.ClickKeyword.execute(ClickKeyword.groovy:40)
	at com.kms.katalon.core.keyword.internal.KeywordExecutor.executeKeywordForPlatform(KeywordExecutor.groovy:74)
	at com.kms.katalon.core.webui.keyword.WebUiBuiltInKeywords.click(WebUiBuiltInKeywords.groovy:620)
	at com.kms.katalon.core.webui.keyword.WebUiBuiltInKeywords$click$1.call(Unknown Source)
	at 30.ReferencesRoomList.run(30.ReferencesRoomList:44)
	at com.kms.katalon.core.main.ScriptEngine.run(ScriptEngine.java:194)
	at com.kms.katalon.core.main.ScriptEngine.runScriptAsRawText(ScriptEngine.java:119)
	at com.kms.katalon.core.main.TestCaseExecutor.runScript(TestCaseExecutor.java:442)
	at com.kms.katalon.core.main.TestCaseExecutor.doExecute(TestCaseExecutor.java:433)
	at com.kms.katalon.core.main.TestCaseExecutor.processExecutionPhase(TestCaseExecutor.java:412)
	at com.kms.katalon.core.main.TestCaseExecutor.accessMainPhase(TestCaseExecutor.java:404)
	at com.kms.katalon.core.main.TestCaseExecutor.execute(TestCaseExecutor.java:281)
	at com.kms.katalon.core.main.TestSuiteExecutor.accessTestCaseMainPhase(TestSuiteExecutor.java:202)
	at com.kms.katalon.core.main.TestSuiteExecutor.accessTestSuiteMainPhase(TestSuiteExecutor.java:164)
	at com.kms.katalon.core.main.TestSuiteExecutor.execute(TestSuiteExecutor.java:105)
	at com.kms.katalon.core.main.TestCaseMain.startTestSuite(TestCaseMain.java:181)
	at com.kms.katalon.core.main.TestCaseMain$startTestSuite$0.call(Unknown Source)
	at TempTestSuite1642435143013.run(TempTestSuite1642435143013.groovy:36)
Caused by: com.kms.katalon.core.webui.exception.WebElementNotFoundException: Web element with id: 'Object Repository/Page_Element/span_Preferences' located by '//div[@id='mx_ContextualMenu_Container']/div/div[2]/div/div[2]/div[3]/span[2]' not found
	at com.kms.katalon.core.webui.common.WebUiCommonHelper.findWebElement(WebUiCommonHelper.java:1368)
	at com.kms.katalon.core.webui.keyword.internal.WebUIAbstractKeyword.findWebElement(WebUIAbstractKeyword.groovy:27)
	at com.kms.katalon.core.webui.keyword.builtin.ClickKeyword$_click_closure1.doCall(ClickKeyword.groovy:65)
	at com.kms.katalon.core.webui.keyword.builtin.ClickKeyword$_click_closure1.call(ClickKeyword.groovy)
	at com.kms.katalon.core.webui.keyword.internal.WebUIKeywordMain.runKeyword(WebUIKeywordMain.groovy:20)
	... 19 more]]></system-err>
      </testcase>
      <testcase name="Test Cases/31.FAQ" time="56.373" classname="Test Cases/31.FAQ" status="PASSED">
         <system-out><![CDATA[2022-01-17 23:16:24 - [TEST_CASE][PASSED] - Test Cases/31.FAQ: Test Cases/31.FAQ

2022-01-17 23:16:25 - [TEST_STEP][PASSED] - openBrowser(""): Browser is opened with url: ''

2022-01-17 23:16:25 - [MESSAGE][WARNING] - A browser is already opened. Closing browser and opening a new one

2022-01-17 23:16:26 - [MESSAGE][INFO] - Starting 'Chrome' driver

2022-01-17 23:16:26 - [MESSAGE][INFO] - Action delay is set to 1,000 milliseconds

2022-01-17 23:16:29 - [MESSAGE][PASSED] - Browser is opened with url: ''

2022-01-17 23:16:29 - [TEST_STEP][PASSED] - navigateToUrl("http://localhost:8080/"): Navigate to 'http://localhost:8080/' successfully

2022-01-17 23:16:32 - [MESSAGE][PASSED] - Navigate to 'http://localhost:8080/' successfully

2022-01-17 23:16:32 - [TEST_STEP][PASSED] - click(findTestObject("Object Repository/Page_Element/div_Sign In")): Object: 'Object Repository/Page_Element/div_Sign In' is clicked on

2022-01-17 23:16:37 - [MESSAGE][PASSED] - Object: 'Object Repository/Page_Element/div_Sign In' is clicked on

2022-01-17 23:16:37 - [TEST_STEP][PASSED] - click(findTestObject("Object Repository/Page_Element/input_Sign in with_username")): Object: 'Object Repository/Page_Element/input_Sign in with_username' is clicked on

2022-01-17 23:16:42 - [MESSAGE][PASSED] - Object: 'Object Repository/Page_Element/input_Sign in with_username' is clicked on

2022-01-17 23:16:42 - [TEST_STEP][PASSED] - setText(findTestObject("Object Repository/Page_Element/input_Sign in with_username"), "ptnha19"): Text 'ptnha19' is set on object 'Object Repository/Page_Element/input_Sign in with_username'

2022-01-17 23:16:45 - [MESSAGE][PASSED] - Text 'ptnha19' is set on object 'Object Repository/Page_Element/input_Sign in with_username'

2022-01-17 23:16:45 - [TEST_STEP][PASSED] - setEncryptedText(findTestObject("Object Repository/Page_Element/input_Username_password"), "5R3Ima4A+eOeCrCDRGMLmJpaGR3V3+YI"): Text ****** has been set on object 'Object Repository/Page_Element/input_Username_password'

2022-01-17 23:16:47 - [MESSAGE][PASSED] - Text ****** has been set on object 'Object Repository/Page_Element/input_Username_password'

2022-01-17 23:16:47 - [TEST_STEP][PASSED] - click(findTestObject("Object Repository/Page_Element/input_Forgot password_mx_Login_submit")): Object: 'Object Repository/Page_Element/input_Forgot password_mx_Login_submit' is clicked on

2022-01-17 23:16:48 - [MESSAGE][PASSED] - Object: 'Object Repository/Page_Element/input_Forgot password_mx_Login_submit' is clicked on

2022-01-17 23:16:48 - [TEST_STEP][PASSED] - click(findTestObject("Object Repository/Page_Element/div_Verify with Security Key")): Object: 'Object Repository/Page_Element/div_Verify with Security Key' is clicked on

2022-01-17 23:16:56 - [MESSAGE][PASSED] - Object: 'Object Repository/Page_Element/div_Verify with Security Key' is clicked on

2022-01-17 23:16:56 - [TEST_STEP][PASSED] - setEncryptedText(findTestObject("Object Repository/Page_Element/input_Security Key_mx_Field_4"), "PF4jXtbe/5x5+S5PgN4Kl/QbANAkWZYKqKaG9gW6gn+Po31AOnak0DX8GoEzAUkskgpeON1UhfEqZG0XXngJPA=="): Text ****** has been set on object 'Object Repository/Page_Element/input_Security Key_mx_Field_4'

2022-01-17 23:17:01 - [MESSAGE][PASSED] - Text ****** has been set on object 'Object Repository/Page_Element/input_Security Key_mx_Field_4'

2022-01-17 23:17:01 - [TEST_STEP][PASSED] - click(findTestObject("Object Repository/Page_Element/button_Continue")): Object: 'Object Repository/Page_Element/button_Continue' is clicked on

2022-01-17 23:17:02 - [MESSAGE][PASSED] - Object: 'Object Repository/Page_Element/button_Continue' is clicked on

2022-01-17 23:17:02 - [TEST_STEP][PASSED] - click(findTestObject("Object Repository/Page_Element/div_Done")): Object: 'Object Repository/Page_Element/div_Done' is clicked on

2022-01-17 23:17:06 - [MESSAGE][PASSED] - Object: 'Object Repository/Page_Element/div_Done' is clicked on

2022-01-17 23:17:06 - [TEST_STEP][PASSED] - click(findTestObject("Object Repository/Page_Element/img_Enable_mx_BaseAvatar_image")): Object: 'Object Repository/Page_Element/img_Enable_mx_BaseAvatar_image' is clicked on

2022-01-17 23:17:08 - [MESSAGE][PASSED] - Object: 'Object Repository/Page_Element/img_Enable_mx_BaseAvatar_image' is clicked on

2022-01-17 23:17:08 - [TEST_STEP][PASSED] - click(findTestObject("Object Repository/Page_Element/span_All settings")): Object: 'Object Repository/Page_Element/span_All settings' is clicked on

2022-01-17 23:17:10 - [MESSAGE][PASSED] - Object: 'Object Repository/Page_Element/span_All settings' is clicked on

2022-01-17 23:17:10 - [TEST_STEP][PASSED] - click(findTestObject("Object Repository/Page_Element/span_Help  About")): Object: 'Object Repository/Page_Element/span_Help  About' is clicked on

2022-01-17 23:17:12 - [MESSAGE][PASSED] - Object: 'Object Repository/Page_Element/span_Help  About' is clicked on

2022-01-17 23:17:12 - [TEST_STEP][PASSED] - click(findTestObject("Object Repository/Page_Element/div_Keyboard Shortcuts")): Object: 'Object Repository/Page_Element/div_Keyboard Shortcuts' is clicked on

2022-01-17 23:17:14 - [MESSAGE][PASSED] - Object: 'Object Repository/Page_Element/div_Keyboard Shortcuts' is clicked on

2022-01-17 23:17:14 - [TEST_STEP][PASSED] - click(findTestObject("Object Repository/Page_Element/div_Keyboard Shortcuts_mx_AccessibleButton _622478")): Object: 'Object Repository/Page_Element/div_Keyboard Shortcuts_mx_AccessibleButton _622478' is clicked on

2022-01-17 23:17:17 - [MESSAGE][PASSED] - Object: 'Object Repository/Page_Element/div_Keyboard Shortcuts_mx_AccessibleButton _622478' is clicked on

2022-01-17 23:17:17 - [TEST_STEP][PASSED] - click(findTestObject("Object Repository/Page_Element/div_Settings_mx_AccessibleButton mx_Dialog__4987e8")): Object: 'Object Repository/Page_Element/div_Settings_mx_AccessibleButton mx_Dialog__4987e8' is clicked on

2022-01-17 23:17:19 - [MESSAGE][PASSED] - Object: 'Object Repository/Page_Element/div_Settings_mx_AccessibleButton mx_Dialog__4987e8' is clicked on

2022-01-17 23:17:19 - [TEST_STEP][PASSED] - click(findTestObject("Object Repository/Page_Element/img_Enable_mx_BaseAvatar_image")): Object: 'Object Repository/Page_Element/img_Enable_mx_BaseAvatar_image' is clicked on

2022-01-17 23:17:20 - [MESSAGE][PASSED] - Object: 'Object Repository/Page_Element/img_Enable_mx_BaseAvatar_image' is clicked on

2022-01-17 23:17:20 - [TEST_STEP][PASSED] - closeBrowser(): Browser is closed

2022-01-17 23:17:21 - [MESSAGE][PASSED] - Browser is closed]]></system-out>
         <system-err><![CDATA[]]></system-err>
      </testcase>
      <testcase name="Test Cases/33.SettingVoiceVideo" time="50.669" classname="Test Cases/33.SettingVoiceVideo" status="PASSED">
         <system-out><![CDATA[2022-01-17 23:17:21 - [TEST_CASE][PASSED] - Test Cases/33.SettingVoiceVideo: Test Cases/33.SettingVoiceVideo

2022-01-17 23:17:21 - [TEST_STEP][PASSED] - openBrowser(""): Browser is opened with url: ''

2022-01-17 23:17:21 - [MESSAGE][INFO] - Starting 'Chrome' driver

2022-01-17 23:17:21 - [MESSAGE][INFO] - Action delay is set to 1,000 milliseconds

2022-01-17 23:17:24 - [MESSAGE][PASSED] - Browser is opened with url: ''

2022-01-17 23:17:24 - [TEST_STEP][PASSED] - navigateToUrl("http://localhost:8080/"): Navigate to 'http://localhost:8080/' successfully

2022-01-17 23:17:27 - [MESSAGE][PASSED] - Navigate to 'http://localhost:8080/' successfully

2022-01-17 23:17:27 - [TEST_STEP][PASSED] - click(findTestObject("Object Repository/Page_Element/div_Sign In")): Object: 'Object Repository/Page_Element/div_Sign In' is clicked on

2022-01-17 23:17:30 - [MESSAGE][PASSED] - Object: 'Object Repository/Page_Element/div_Sign In' is clicked on

2022-01-17 23:17:30 - [TEST_STEP][PASSED] - setText(findTestObject("Object Repository/Page_Element/input_Sign in with_username"), "ptnha19"): Text 'ptnha19' is set on object 'Object Repository/Page_Element/input_Sign in with_username'

2022-01-17 23:17:33 - [MESSAGE][PASSED] - Text 'ptnha19' is set on object 'Object Repository/Page_Element/input_Sign in with_username'

2022-01-17 23:17:33 - [TEST_STEP][PASSED] - setEncryptedText(findTestObject("Object Repository/Page_Element/input_Username_password"), "5R3Ima4A+eOeCrCDRGMLmJpaGR3V3+YI"): Text ****** has been set on object 'Object Repository/Page_Element/input_Username_password'

2022-01-17 23:17:36 - [MESSAGE][PASSED] - Text ****** has been set on object 'Object Repository/Page_Element/input_Username_password'

2022-01-17 23:17:36 - [TEST_STEP][PASSED] - click(findTestObject("Object Repository/Page_Element/input_Forgot password_mx_Login_submit")): Object: 'Object Repository/Page_Element/input_Forgot password_mx_Login_submit' is clicked on

2022-01-17 23:17:37 - [MESSAGE][PASSED] - Object: 'Object Repository/Page_Element/input_Forgot password_mx_Login_submit' is clicked on

2022-01-17 23:17:37 - [TEST_STEP][PASSED] - click(findTestObject("Object Repository/Page_Element/div_Verify with Security Key")): Object: 'Object Repository/Page_Element/div_Verify with Security Key' is clicked on

2022-01-17 23:17:50 - [MESSAGE][PASSED] - Object: 'Object Repository/Page_Element/div_Verify with Security Key' is clicked on

2022-01-17 23:17:50 - [TEST_STEP][PASSED] - setEncryptedText(findTestObject("Object Repository/Page_Element/input_Security Key_mx_Field_4"), "PF4jXtbe/5x5+S5PgN4Kl/QbANAkWZYKqKaG9gW6gn+Po31AOnak0DX8GoEzAUkskgpeON1UhfEqZG0XXngJPA=="): Text ****** has been set on object 'Object Repository/Page_Element/input_Security Key_mx_Field_4'

2022-01-17 23:17:58 - [MESSAGE][PASSED] - Text ****** has been set on object 'Object Repository/Page_Element/input_Security Key_mx_Field_4'

2022-01-17 23:17:58 - [TEST_STEP][PASSED] - click(findTestObject("Object Repository/Page_Element/button_Continue")): Object: 'Object Repository/Page_Element/button_Continue' is clicked on

2022-01-17 23:17:59 - [MESSAGE][PASSED] - Object: 'Object Repository/Page_Element/button_Continue' is clicked on

2022-01-17 23:17:59 - [TEST_STEP][PASSED] - click(findTestObject("Object Repository/Page_Element/div_Done")): Object: 'Object Repository/Page_Element/div_Done' is clicked on

2022-01-17 23:18:01 - [MESSAGE][PASSED] - Object: 'Object Repository/Page_Element/div_Done' is clicked on

2022-01-17 23:18:01 - [TEST_STEP][PASSED] - click(findTestObject("Object Repository/Page_Element/img_Enable_mx_BaseAvatar_image")): Object: 'Object Repository/Page_Element/img_Enable_mx_BaseAvatar_image' is clicked on

2022-01-17 23:18:03 - [MESSAGE][PASSED] - Object: 'Object Repository/Page_Element/img_Enable_mx_BaseAvatar_image' is clicked on

2022-01-17 23:18:03 - [TEST_STEP][PASSED] - click(findTestObject("Object Repository/Page_Element/span_All settings")): Object: 'Object Repository/Page_Element/span_All settings' is clicked on

2022-01-17 23:18:04 - [MESSAGE][PASSED] - Object: 'Object Repository/Page_Element/span_All settings' is clicked on

2022-01-17 23:18:04 - [TEST_STEP][PASSED] - click(findTestObject("Object Repository/Page_Element/span_Voice  Video")): Object: 'Object Repository/Page_Element/span_Voice  Video' is clicked on

2022-01-17 23:18:05 - [MESSAGE][PASSED] - Object: 'Object Repository/Page_Element/span_Voice  Video' is clicked on

2022-01-17 23:18:05 - [TEST_STEP][PASSED] - click(findTestObject("Object Repository/Page_Element/div_Mirror local video feed_mx_AccessibleBu_eb52dd")): Object: 'Object Repository/Page_Element/div_Mirror local video feed_mx_AccessibleBu_eb52dd' is clicked on

2022-01-17 23:18:07 - [MESSAGE][PASSED] - Object: 'Object Repository/Page_Element/div_Mirror local video feed_mx_AccessibleBu_eb52dd' is clicked on

2022-01-17 23:18:07 - [TEST_STEP][PASSED] - click(findTestObject("Object Repository/Page_Element/div_Mirror local video feed_mx_ToggleSwitch_ball")): Object: 'Object Repository/Page_Element/div_Mirror local video feed_mx_ToggleSwitch_ball' is clicked on

2022-01-17 23:18:08 - [MESSAGE][PASSED] - Object: 'Object Repository/Page_Element/div_Mirror local video feed_mx_ToggleSwitch_ball' is clicked on

2022-01-17 23:18:08 - [TEST_STEP][PASSED] - click(findTestObject("Object Repository/Page_Element/div_Settings_mx_AccessibleButton mx_Dialog__4987e8")): Object: 'Object Repository/Page_Element/div_Settings_mx_AccessibleButton mx_Dialog__4987e8' is clicked on

2022-01-17 23:18:09 - [MESSAGE][PASSED] - Object: 'Object Repository/Page_Element/div_Settings_mx_AccessibleButton mx_Dialog__4987e8' is clicked on

2022-01-17 23:18:09 - [TEST_STEP][PASSED] - click(findTestObject("Object Repository/Page_Element/img_Enable_mx_BaseAvatar_image")): Object: 'Object Repository/Page_Element/img_Enable_mx_BaseAvatar_image' is clicked on

2022-01-17 23:18:10 - [MESSAGE][PASSED] - Object: 'Object Repository/Page_Element/img_Enable_mx_BaseAvatar_image' is clicked on

2022-01-17 23:18:10 - [TEST_STEP][PASSED] - closeBrowser(): Browser is closed

2022-01-17 23:18:11 - [MESSAGE][PASSED] - Browser is closed]]></system-out>
         <system-err><![CDATA[]]></system-err>
      </testcase>
      <testcase name="Test Cases/34.ExploreRoom" time="46.19" classname="Test Cases/34.ExploreRoom" status="PASSED">
         <system-out><![CDATA[2022-01-17 23:18:11 - [TEST_CASE][PASSED] - Test Cases/34.ExploreRoom: Test Cases/34.ExploreRoom

2022-01-17 23:18:12 - [TEST_STEP][PASSED] - openBrowser(""): Browser is opened with url: ''

2022-01-17 23:18:12 - [MESSAGE][INFO] - Starting 'Chrome' driver

2022-01-17 23:18:12 - [MESSAGE][INFO] - Action delay is set to 1,000 milliseconds

2022-01-17 23:18:15 - [MESSAGE][PASSED] - Browser is opened with url: ''

2022-01-17 23:18:15 - [TEST_STEP][PASSED] - navigateToUrl("http://localhost:8080/"): Navigate to 'http://localhost:8080/' successfully

2022-01-17 23:18:17 - [MESSAGE][PASSED] - Navigate to 'http://localhost:8080/' successfully

2022-01-17 23:18:17 - [TEST_STEP][PASSED] - click(findTestObject("Object Repository/Page_Element/div_Sign In")): Object: 'Object Repository/Page_Element/div_Sign In' is clicked on

2022-01-17 23:18:21 - [MESSAGE][PASSED] - Object: 'Object Repository/Page_Element/div_Sign In' is clicked on

2022-01-17 23:18:21 - [TEST_STEP][PASSED] - setText(findTestObject("Object Repository/Page_Element/input_Sign in with_username"), "ptnha19"): Text 'ptnha19' is set on object 'Object Repository/Page_Element/input_Sign in with_username'

2022-01-17 23:18:25 - [MESSAGE][PASSED] - Text 'ptnha19' is set on object 'Object Repository/Page_Element/input_Sign in with_username'

2022-01-17 23:18:25 - [TEST_STEP][PASSED] - setEncryptedText(findTestObject("Object Repository/Page_Element/input_Username_password"), "5R3Ima4A+eOeCrCDRGMLmJpaGR3V3+YI"): Text ****** has been set on object 'Object Repository/Page_Element/input_Username_password'

2022-01-17 23:18:27 - [MESSAGE][PASSED] - Text ****** has been set on object 'Object Repository/Page_Element/input_Username_password'

2022-01-17 23:18:27 - [TEST_STEP][PASSED] - click(findTestObject("Object Repository/Page_Element/input_Forgot password_mx_Login_submit")): Object: 'Object Repository/Page_Element/input_Forgot password_mx_Login_submit' is clicked on

2022-01-17 23:18:29 - [MESSAGE][PASSED] - Object: 'Object Repository/Page_Element/input_Forgot password_mx_Login_submit' is clicked on

2022-01-17 23:18:29 - [TEST_STEP][PASSED] - click(findTestObject("Object Repository/Page_Element/div_Verify with Security Key")): Object: 'Object Repository/Page_Element/div_Verify with Security Key' is clicked on

2022-01-17 23:18:37 - [MESSAGE][PASSED] - Object: 'Object Repository/Page_Element/div_Verify with Security Key' is clicked on

2022-01-17 23:18:37 - [TEST_STEP][PASSED] - setEncryptedText(findTestObject("Object Repository/Page_Element/input_Security Key_mx_Field_4"), "PF4jXtbe/5x5+S5PgN4Kl/QbANAkWZYKqKaG9gW6gn+Po31AOnak0DX8GoEzAUkskgpeON1UhfEqZG0XXngJPA=="): Text ****** has been set on object 'Object Repository/Page_Element/input_Security Key_mx_Field_4'

2022-01-17 23:18:43 - [MESSAGE][PASSED] - Text ****** has been set on object 'Object Repository/Page_Element/input_Security Key_mx_Field_4'

2022-01-17 23:18:43 - [TEST_STEP][PASSED] - click(findTestObject("Object Repository/Page_Element/button_Continue")): Object: 'Object Repository/Page_Element/button_Continue' is clicked on

2022-01-17 23:18:44 - [MESSAGE][PASSED] - Object: 'Object Repository/Page_Element/button_Continue' is clicked on

2022-01-17 23:18:44 - [TEST_STEP][PASSED] - click(findTestObject("Object Repository/Page_Element/div_Done")): Object: 'Object Repository/Page_Element/div_Done' is clicked on

2022-01-17 23:18:47 - [MESSAGE][PASSED] - Object: 'Object Repository/Page_Element/div_Done' is clicked on

2022-01-17 23:18:47 - [TEST_STEP][PASSED] - click(findTestObject("Object Repository/Page_Element/div_Ctrl K_mx_AccessibleButton mx_LeftPanel_88084c")): Object: 'Object Repository/Page_Element/div_Ctrl K_mx_AccessibleButton mx_LeftPanel_88084c' is clicked on

2022-01-17 23:18:48 - [MESSAGE][PASSED] - Object: 'Object Repository/Page_Element/div_Ctrl K_mx_AccessibleButton mx_LeftPanel_88084c' is clicked on

2022-01-17 23:18:48 - [TEST_STEP][PASSED] - setText(findTestObject("Object Repository/Page_Element/input_Create a new room_dirsearch"), "abc"): Text 'abc' is set on object 'Object Repository/Page_Element/input_Create a new room_dirsearch'

2022-01-17 23:18:51 - [MESSAGE][PASSED] - Text 'abc' is set on object 'Object Repository/Page_Element/input_Create a new room_dirsearch'

2022-01-17 23:18:51 - [TEST_STEP][PASSED] - click(findTestObject("Object Repository/Page_Element/span_(matrix.org)")): Object: 'Object Repository/Page_Element/span_(matrix.org)' is clicked on

2022-01-17 23:18:52 - [MESSAGE][PASSED] - Object: 'Object Repository/Page_Element/span_(matrix.org)' is clicked on

2022-01-17 23:18:52 - [TEST_STEP][PASSED] - click(findTestObject("Object Repository/Page_Element/div_This room is public_mx_ContextualMenu_b_fc4f75")): Object: 'Object Repository/Page_Element/div_This room is public_mx_ContextualMenu_b_fc4f75' is clicked on

2022-01-17 23:18:53 - [MESSAGE][PASSED] - Object: 'Object Repository/Page_Element/div_This room is public_mx_ContextualMenu_b_fc4f75' is clicked on

2022-01-17 23:18:53 - [TEST_STEP][PASSED] - click(findTestObject("Object Repository/Page_Element/div_Explore rooms_mx_AccessibleButton mx_Di_ac37a4")): Object: 'Object Repository/Page_Element/div_Explore rooms_mx_AccessibleButton mx_Di_ac37a4' is clicked on

2022-01-17 23:18:56 - [MESSAGE][PASSED] - Object: 'Object Repository/Page_Element/div_Explore rooms_mx_AccessibleButton mx_Di_ac37a4' is clicked on

2022-01-17 23:18:56 - [TEST_STEP][PASSED] - closeBrowser(): Browser is closed

2022-01-17 23:18:58 - [MESSAGE][PASSED] - Browser is closed]]></system-out>
         <system-err><![CDATA[]]></system-err>
      </testcase>
      <testcase name="Test Cases/35.ExpandPeopleBar" time="42.018" classname="Test Cases/35.ExpandPeopleBar" status="PASSED">
         <system-out><![CDATA[2022-01-17 23:18:58 - [TEST_CASE][PASSED] - Test Cases/35.ExpandPeopleBar: Test Cases/35.ExpandPeopleBar

2022-01-17 23:18:58 - [TEST_STEP][PASSED] - openBrowser(""): Browser is opened with url: ''

2022-01-17 23:18:58 - [MESSAGE][INFO] - Starting 'Chrome' driver

2022-01-17 23:18:58 - [MESSAGE][INFO] - Action delay is set to 1,000 milliseconds

2022-01-17 23:19:00 - [MESSAGE][PASSED] - Browser is opened with url: ''

2022-01-17 23:19:00 - [TEST_STEP][PASSED] - navigateToUrl("http://localhost:8080/"): Navigate to 'http://localhost:8080/' successfully

2022-01-17 23:19:03 - [MESSAGE][PASSED] - Navigate to 'http://localhost:8080/' successfully

2022-01-17 23:19:03 - [TEST_STEP][PASSED] - click(findTestObject("Object Repository/Page_Element/div_Sign In")): Object: 'Object Repository/Page_Element/div_Sign In' is clicked on

2022-01-17 23:19:07 - [MESSAGE][PASSED] - Object: 'Object Repository/Page_Element/div_Sign In' is clicked on

2022-01-17 23:19:07 - [TEST_STEP][PASSED] - setText(findTestObject("Object Repository/Page_Element/input_Sign in with_username"), "ptnha19"): Text 'ptnha19' is set on object 'Object Repository/Page_Element/input_Sign in with_username'

2022-01-17 23:19:10 - [MESSAGE][PASSED] - Text 'ptnha19' is set on object 'Object Repository/Page_Element/input_Sign in with_username'

2022-01-17 23:19:10 - [TEST_STEP][PASSED] - setEncryptedText(findTestObject("Object Repository/Page_Element/input_Username_password"), "5R3Ima4A+eOeCrCDRGMLmJpaGR3V3+YI"): Text ****** has been set on object 'Object Repository/Page_Element/input_Username_password'

2022-01-17 23:19:13 - [MESSAGE][PASSED] - Text ****** has been set on object 'Object Repository/Page_Element/input_Username_password'

2022-01-17 23:19:13 - [TEST_STEP][PASSED] - click(findTestObject("Object Repository/Page_Element/input_Forgot password_mx_Login_submit")): Object: 'Object Repository/Page_Element/input_Forgot password_mx_Login_submit' is clicked on

2022-01-17 23:19:14 - [MESSAGE][PASSED] - Object: 'Object Repository/Page_Element/input_Forgot password_mx_Login_submit' is clicked on

2022-01-17 23:19:14 - [TEST_STEP][PASSED] - click(findTestObject("Object Repository/Page_Element/div_Verify with Security Key")): Object: 'Object Repository/Page_Element/div_Verify with Security Key' is clicked on

2022-01-17 23:19:23 - [MESSAGE][PASSED] - Object: 'Object Repository/Page_Element/div_Verify with Security Key' is clicked on

2022-01-17 23:19:23 - [TEST_STEP][PASSED] - setEncryptedText(findTestObject("Object Repository/Page_Element/input_Security Key_mx_Field_4"), "PF4jXtbe/5x5+S5PgN4Kl/QbANAkWZYKqKaG9gW6gn+Po31AOnak0DX8GoEzAUkskgpeON1UhfEqZG0XXngJPA=="): Text ****** has been set on object 'Object Repository/Page_Element/input_Security Key_mx_Field_4'

2022-01-17 23:19:30 - [MESSAGE][PASSED] - Text ****** has been set on object 'Object Repository/Page_Element/input_Security Key_mx_Field_4'

2022-01-17 23:19:30 - [TEST_STEP][PASSED] - click(findTestObject("Object Repository/Page_Element/button_Continue")): Object: 'Object Repository/Page_Element/button_Continue' is clicked on

2022-01-17 23:19:31 - [MESSAGE][PASSED] - Object: 'Object Repository/Page_Element/button_Continue' is clicked on

2022-01-17 23:19:31 - [TEST_STEP][PASSED] - click(findTestObject("Object Repository/Page_Element/div_Done")): Object: 'Object Repository/Page_Element/div_Done' is clicked on

2022-01-17 23:19:33 - [MESSAGE][PASSED] - Object: 'Object Repository/Page_Element/div_Done' is clicked on

2022-01-17 23:19:33 - [TEST_STEP][PASSED] - click(findTestObject("Object Repository/Page_Element/span_Favorites_mx_RoomSublist_collapseBtn")): Object: 'Object Repository/Page_Element/span_Favorites_mx_RoomSublist_collapseBtn' is clicked on

2022-01-17 23:19:35 - [MESSAGE][PASSED] - Object: 'Object Repository/Page_Element/span_Favorites_mx_RoomSublist_collapseBtn' is clicked on

2022-01-17 23:19:35 - [TEST_STEP][PASSED] - click(findTestObject("Object Repository/Page_Element/span_Favorites_mx_RoomSublist_collapseBtn m_10447f")): Object: 'Object Repository/Page_Element/span_Favorites_mx_RoomSublist_collapseBtn m_10447f' is clicked on

2022-01-17 23:19:36 - [MESSAGE][PASSED] - Object: 'Object Repository/Page_Element/span_Favorites_mx_RoomSublist_collapseBtn m_10447f' is clicked on

2022-01-17 23:19:36 - [TEST_STEP][PASSED] - click(findTestObject("Object Repository/Page_Element/div_Tr Cao Thin")): Object: 'Object Repository/Page_Element/div_Tr Cao Thin' is clicked on

2022-01-17 23:19:37 - [MESSAGE][PASSED] - Object: 'Object Repository/Page_Element/div_Tr Cao Thin' is clicked on

2022-01-17 23:19:37 - [TEST_STEP][PASSED] - click(findTestObject("Object Repository/Page_Element  Tr Cao Thin/div_Khoa Dng Vn")): Object: 'Object Repository/Page_Element  Tr Cao Thin/div_Khoa Dng Vn' is clicked on

2022-01-17 23:19:38 - [MESSAGE][PASSED] - Object: 'Object Repository/Page_Element  Tr Cao Thin/div_Khoa Dng Vn' is clicked on

2022-01-17 23:19:38 - [TEST_STEP][PASSED] - closeBrowser(): Browser is closed

2022-01-17 23:19:40 - [MESSAGE][PASSED] - Browser is closed]]></system-out>
         <system-err><![CDATA[]]></system-err>
      </testcase>
      <testcase name="Test Cases/37.SettingPeople" time="36.926" classname="Test Cases/37.SettingPeople" status="PASSED">
         <system-out><![CDATA[2022-01-17 23:19:40 - [TEST_CASE][PASSED] - Test Cases/37.SettingPeople: Test Cases/37.SettingPeople

2022-01-17 23:19:40 - [TEST_STEP][PASSED] - openBrowser(""): Browser is opened with url: ''

2022-01-17 23:19:40 - [MESSAGE][INFO] - Starting 'Chrome' driver

2022-01-17 23:19:40 - [MESSAGE][INFO] - Action delay is set to 1,000 milliseconds

2022-01-17 23:19:42 - [MESSAGE][PASSED] - Browser is opened with url: ''

2022-01-17 23:19:42 - [TEST_STEP][PASSED] - navigateToUrl("http://localhost:8080/"): Navigate to 'http://localhost:8080/' successfully

2022-01-17 23:19:44 - [MESSAGE][PASSED] - Navigate to 'http://localhost:8080/' successfully

2022-01-17 23:19:44 - [TEST_STEP][PASSED] - click(findTestObject("Object Repository/Page_Element/div_Sign In")): Object: 'Object Repository/Page_Element/div_Sign In' is clicked on

2022-01-17 23:19:48 - [MESSAGE][PASSED] - Object: 'Object Repository/Page_Element/div_Sign In' is clicked on

2022-01-17 23:19:48 - [TEST_STEP][PASSED] - setText(findTestObject("Object Repository/Page_Element/input_Sign in with_username"), "ptnha19"): Text 'ptnha19' is set on object 'Object Repository/Page_Element/input_Sign in with_username'

2022-01-17 23:19:51 - [MESSAGE][PASSED] - Text 'ptnha19' is set on object 'Object Repository/Page_Element/input_Sign in with_username'

2022-01-17 23:19:51 - [TEST_STEP][PASSED] - setEncryptedText(findTestObject("Object Repository/Page_Element/input_Username_password"), "5R3Ima4A+eOeCrCDRGMLmJpaGR3V3+YI"): Text ****** has been set on object 'Object Repository/Page_Element/input_Username_password'

2022-01-17 23:19:53 - [MESSAGE][PASSED] - Text ****** has been set on object 'Object Repository/Page_Element/input_Username_password'

2022-01-17 23:19:53 - [TEST_STEP][PASSED] - click(findTestObject("Object Repository/Page_Element/input_Forgot password_mx_Login_submit")): Object: 'Object Repository/Page_Element/input_Forgot password_mx_Login_submit' is clicked on

2022-01-17 23:19:54 - [MESSAGE][PASSED] - Object: 'Object Repository/Page_Element/input_Forgot password_mx_Login_submit' is clicked on

2022-01-17 23:19:54 - [TEST_STEP][PASSED] - click(findTestObject("Object Repository/Page_Element/div_Verify with Security Key")): Object: 'Object Repository/Page_Element/div_Verify with Security Key' is clicked on

2022-01-17 23:20:03 - [MESSAGE][PASSED] - Object: 'Object Repository/Page_Element/div_Verify with Security Key' is clicked on

2022-01-17 23:20:03 - [TEST_STEP][PASSED] - setEncryptedText(findTestObject("Object Repository/Page_Element/input_Security Key_mx_Field_4"), "PF4jXtbe/5x5+S5PgN4Kl/QbANAkWZYKqKaG9gW6gn+Po31AOnak0DX8GoEzAUkskgpeON1UhfEqZG0XXngJPA=="): Text ****** has been set on object 'Object Repository/Page_Element/input_Security Key_mx_Field_4'

2022-01-17 23:20:06 - [MESSAGE][PASSED] - Text ****** has been set on object 'Object Repository/Page_Element/input_Security Key_mx_Field_4'

2022-01-17 23:20:06 - [TEST_STEP][PASSED] - click(findTestObject("Object Repository/Page_Element/button_Continue")): Object: 'Object Repository/Page_Element/button_Continue' is clicked on

2022-01-17 23:20:07 - [MESSAGE][PASSED] - Object: 'Object Repository/Page_Element/button_Continue' is clicked on

2022-01-17 23:20:07 - [TEST_STEP][PASSED] - click(findTestObject("Object Repository/Page_Element/div_Done")): Object: 'Object Repository/Page_Element/div_Done' is clicked on

2022-01-17 23:20:09 - [MESSAGE][PASSED] - Object: 'Object Repository/Page_Element/div_Done' is clicked on

2022-01-17 23:20:09 - [TEST_STEP][PASSED] - click(findTestObject("Object Repository/Page_Element/div_Tr Cao Thin")): Object: 'Object Repository/Page_Element/div_Tr Cao Thin' is clicked on

2022-01-17 23:20:11 - [MESSAGE][PASSED] - Object: 'Object Repository/Page_Element/div_Tr Cao Thin' is clicked on

2022-01-17 23:20:11 - [TEST_STEP][PASSED] - click(findTestObject("Object Repository/Page_Element  Tr Cao Thin/div_Tr Cao Thin_mx_AccessibleButton mx_Room_04dc30")): Object: 'Object Repository/Page_Element  Tr Cao Thin/div_Tr Cao Thin_mx_AccessibleButton mx_Room_04dc30' is clicked on

2022-01-17 23:20:12 - [MESSAGE][PASSED] - Object: 'Object Repository/Page_Element  Tr Cao Thin/div_Tr Cao Thin_mx_AccessibleButton mx_Room_04dc30' is clicked on

2022-01-17 23:20:12 - [TEST_STEP][PASSED] - click(findTestObject("Object Repository/Page_Element  Tr Cao Thin/span_Settings")): Object: 'Object Repository/Page_Element  Tr Cao Thin/span_Settings' is clicked on

2022-01-17 23:20:13 - [MESSAGE][PASSED] - Object: 'Object Repository/Page_Element  Tr Cao Thin/span_Settings' is clicked on

2022-01-17 23:20:13 - [TEST_STEP][PASSED] - click(findTestObject("Object Repository/Page_Element  Tr Cao Thin/div_Room Settings - Tr Cao Thin_mx_Accessib_be264e")): Object: 'Object Repository/Page_Element  Tr Cao Thin/div_Room Settings - Tr Cao Thin_mx_Accessib_be264e' is clicked on

2022-01-17 23:20:14 - [MESSAGE][PASSED] - Object: 'Object Repository/Page_Element  Tr Cao Thin/div_Room Settings - Tr Cao Thin_mx_Accessib_be264e' is clicked on

2022-01-17 23:20:14 - [TEST_STEP][PASSED] - click(findTestObject("Object Repository/Page_Element  Tr Cao Thin/div_Tr Cao Thin")): Object: 'Object Repository/Page_Element  Tr Cao Thin/div_Tr Cao Thin' is clicked on

2022-01-17 23:20:15 - [MESSAGE][PASSED] - Object: 'Object Repository/Page_Element  Tr Cao Thin/div_Tr Cao Thin' is clicked on

2022-01-17 23:20:15 - [TEST_STEP][PASSED] - closeBrowser(): Browser is closed

2022-01-17 23:20:17 - [MESSAGE][PASSED] - Browser is closed]]></system-out>
         <system-err><![CDATA[]]></system-err>
      </testcase>
      <testcase name="Test Cases/38.TurnOffOnNotiPeople" time="44.759" classname="Test Cases/38.TurnOffOnNotiPeople" status="PASSED">
         <system-out><![CDATA[2022-01-17 23:20:17 - [TEST_CASE][PASSED] - Test Cases/38.TurnOffOnNotiPeople: Test Cases/38.TurnOffOnNotiPeople

2022-01-17 23:20:17 - [TEST_STEP][PASSED] - openBrowser(""): Browser is opened with url: ''

2022-01-17 23:20:17 - [MESSAGE][INFO] - Starting 'Chrome' driver

2022-01-17 23:20:17 - [MESSAGE][INFO] - Action delay is set to 1,000 milliseconds

2022-01-17 23:20:19 - [MESSAGE][PASSED] - Browser is opened with url: ''

2022-01-17 23:20:19 - [TEST_STEP][PASSED] - navigateToUrl("http://localhost:8080/"): Navigate to 'http://localhost:8080/' successfully

2022-01-17 23:20:21 - [MESSAGE][PASSED] - Navigate to 'http://localhost:8080/' successfully

2022-01-17 23:20:21 - [TEST_STEP][PASSED] - click(findTestObject("Object Repository/Page_Element/div_Sign In")): Object: 'Object Repository/Page_Element/div_Sign In' is clicked on

2022-01-17 23:20:25 - [MESSAGE][PASSED] - Object: 'Object Repository/Page_Element/div_Sign In' is clicked on

2022-01-17 23:20:25 - [TEST_STEP][PASSED] - setText(findTestObject("Object Repository/Page_Element/input_Sign in with_username"), "ptnha19"): Text 'ptnha19' is set on object 'Object Repository/Page_Element/input_Sign in with_username'

2022-01-17 23:20:28 - [MESSAGE][PASSED] - Text 'ptnha19' is set on object 'Object Repository/Page_Element/input_Sign in with_username'

2022-01-17 23:20:28 - [TEST_STEP][PASSED] - setEncryptedText(findTestObject("Object Repository/Page_Element/input_Username_password"), "5R3Ima4A+eOeCrCDRGMLmJpaGR3V3+YI"): Text ****** has been set on object 'Object Repository/Page_Element/input_Username_password'

2022-01-17 23:20:30 - [MESSAGE][PASSED] - Text ****** has been set on object 'Object Repository/Page_Element/input_Username_password'

2022-01-17 23:20:30 - [TEST_STEP][PASSED] - click(findTestObject("Object Repository/Page_Element/input_Forgot password_mx_Login_submit")): Object: 'Object Repository/Page_Element/input_Forgot password_mx_Login_submit' is clicked on

2022-01-17 23:20:32 - [MESSAGE][PASSED] - Object: 'Object Repository/Page_Element/input_Forgot password_mx_Login_submit' is clicked on

2022-01-17 23:20:32 - [TEST_STEP][PASSED] - click(findTestObject("Object Repository/Page_Element/div_Verify with Security Key")): Object: 'Object Repository/Page_Element/div_Verify with Security Key' is clicked on

2022-01-17 23:20:48 - [MESSAGE][PASSED] - Object: 'Object Repository/Page_Element/div_Verify with Security Key' is clicked on

2022-01-17 23:20:48 - [TEST_STEP][PASSED] - setEncryptedText(findTestObject("Object Repository/Page_Element/input_Security Key_mx_Field_4"), "PF4jXtbe/5x5+S5PgN4Kl/QbANAkWZYKqKaG9gW6gn+Po31AOnak0DX8GoEzAUkskgpeON1UhfEqZG0XXngJPA=="): Text ****** has been set on object 'Object Repository/Page_Element/input_Security Key_mx_Field_4'

2022-01-17 23:20:52 - [MESSAGE][PASSED] - Text ****** has been set on object 'Object Repository/Page_Element/input_Security Key_mx_Field_4'

2022-01-17 23:20:52 - [TEST_STEP][PASSED] - click(findTestObject("Object Repository/Page_Element/button_Continue")): Object: 'Object Repository/Page_Element/button_Continue' is clicked on

2022-01-17 23:20:53 - [MESSAGE][PASSED] - Object: 'Object Repository/Page_Element/button_Continue' is clicked on

2022-01-17 23:20:53 - [TEST_STEP][PASSED] - click(findTestObject("Object Repository/Page_Element/div_Done")): Object: 'Object Repository/Page_Element/div_Done' is clicked on

2022-01-17 23:20:55 - [MESSAGE][PASSED] - Object: 'Object Repository/Page_Element/div_Done' is clicked on

2022-01-17 23:20:55 - [TEST_STEP][PASSED] - click(findTestObject("Object Repository/Page_Element/div_Tr Cao Thin")): Object: 'Object Repository/Page_Element/div_Tr Cao Thin' is clicked on

2022-01-17 23:20:56 - [MESSAGE][PASSED] - Object: 'Object Repository/Page_Element/div_Tr Cao Thin' is clicked on

2022-01-17 23:20:56 - [TEST_STEP][PASSED] - click(findTestObject("Object Repository/Page_Element  Tr Cao Thin/div_Tr Cao Thin_mx_AccessibleButton mx_Room_44fb40")): Object: 'Object Repository/Page_Element  Tr Cao Thin/div_Tr Cao Thin_mx_AccessibleButton mx_Room_44fb40' is clicked on

2022-01-17 23:20:57 - [MESSAGE][PASSED] - Object: 'Object Repository/Page_Element  Tr Cao Thin/div_Tr Cao Thin_mx_AccessibleButton mx_Room_44fb40' is clicked on

2022-01-17 23:20:57 - [TEST_STEP][PASSED] - click(findTestObject("Object Repository/Page_Element  Tr Cao Thin/span_None")): Object: 'Object Repository/Page_Element  Tr Cao Thin/span_None' is clicked on

2022-01-17 23:20:59 - [MESSAGE][PASSED] - Object: 'Object Repository/Page_Element  Tr Cao Thin/span_None' is clicked on

2022-01-17 23:20:59 - [TEST_STEP][PASSED] - click(findTestObject("Object Repository/Page_Element  Tr Cao Thin/span_Use default")): Object: 'Object Repository/Page_Element  Tr Cao Thin/span_Use default' is clicked on

2022-01-17 23:21:00 - [MESSAGE][PASSED] - Object: 'Object Repository/Page_Element  Tr Cao Thin/span_Use default' is clicked on

2022-01-17 23:21:00 - [TEST_STEP][PASSED] - closeBrowser(): Browser is closed

2022-01-17 23:21:01 - [MESSAGE][PASSED] - Browser is closed]]></system-out>
         <system-err><![CDATA[]]></system-err>
      </testcase>
      <testcase name="Test Cases/41.ChangeLanguage" time="63.638" classname="Test Cases/41.ChangeLanguage" status="FAILED">
         <failure type="FAILED" message="Test Cases/41.ChangeLanguage FAILED.
Reason:
com.kms.katalon.core.exception.StepFailedException: Unable to click on object 'Object Repository/Page_Element/div_English (US)'
	at com.kms.katalon.core.webui.keyword.internal.WebUIKeywordMain.stepFailed(WebUIKeywordMain.groovy:64)
	at com.kms.katalon.core.webui.keyword.internal.WebUIKeywordMain.runKeyword(WebUIKeywordMain.groovy:26)
	at com.kms.katalon.core.webui.keyword.builtin.ClickKeyword.click(ClickKeyword.groovy:74)
	at com.kms.katalon.core.webui.keyword.builtin.ClickKeyword.execute(ClickKeyword.groovy:40)
	at com.kms.katalon.core.keyword.internal.KeywordExecutor.executeKeywordForPlatform(KeywordExecutor.groovy:74)
	at com.kms.katalon.core.webui.keyword.WebUiBuiltInKeywords.click(WebUiBuiltInKeywords.groovy:620)
	at com.kms.katalon.core.webui.keyword.WebUiBuiltInKeywords$click$1.call(Unknown Source)
	at 41.ChangeLanguage.run(41.ChangeLanguage:44)
	at com.kms.katalon.core.main.ScriptEngine.run(ScriptEngine.java:194)
	at com.kms.katalon.core.main.ScriptEngine.runScriptAsRawText(ScriptEngine.java:119)
	at com.kms.katalon.core.main.TestCaseExecutor.runScript(TestCaseExecutor.java:442)
	at com.kms.katalon.core.main.TestCaseExecutor.doExecute(TestCaseExecutor.java:433)
	at com.kms.katalon.core.main.TestCaseExecutor.processExecutionPhase(TestCaseExecutor.java:412)
	at com.kms.katalon.core.main.TestCaseExecutor.accessMainPhase(TestCaseExecutor.java:404)
	at com.kms.katalon.core.main.TestCaseExecutor.execute(TestCaseExecutor.java:281)
	at com.kms.katalon.core.main.TestSuiteExecutor.accessTestCaseMainPhase(TestSuiteExecutor.java:202)
	at com.kms.katalon.core.main.TestSuiteExecutor.accessTestSuiteMainPhase(TestSuiteExecutor.java:164)
	at com.kms.katalon.core.main.TestSuiteExecutor.execute(TestSuiteExecutor.java:105)
	at com.kms.katalon.core.main.TestCaseMain.startTestSuite(TestCaseMain.java:181)
	at com.kms.katalon.core.main.TestCaseMain$startTestSuite$0.call(Unknown Source)
	at TempTestSuite1642435143013.run(TempTestSuite1642435143013.groovy:36)
Caused by: com.kms.katalon.core.webui.exception.WebElementNotFoundException: Web element with id: 'Object Repository/Page_Element/div_English (US)' located by '//section[@id='matrixchat']/div/div/div[2]/div/div[2]/div' not found
	at com.kms.katalon.core.webui.common.WebUiCommonHelper.findWebElement(WebUiCommonHelper.java:1368)
	at com.kms.katalon.core.webui.keyword.internal.WebUIAbstractKeyword.findWebElement(WebUIAbstractKeyword.groovy:27)
	at com.kms.katalon.core.webui.keyword.builtin.ClickKeyword$_click_closure1.doCall(ClickKeyword.groovy:65)
	at com.kms.katalon.core.webui.keyword.builtin.ClickKeyword$_click_closure1.call(ClickKeyword.groovy)
	at com.kms.katalon.core.webui.keyword.internal.WebUIKeywordMain.runKeyword(WebUIKeywordMain.groovy:20)
	... 19 more
"/>
         <system-out><![CDATA[2022-01-17 23:21:01 - [TEST_CASE][FAILED] - Test Cases/41.ChangeLanguage: Test Cases/41.ChangeLanguage FAILED.
Reason:
com.kms.katalon.core.exception.StepFailedException: Unable to click on object 'Object Repository/Page_Element/div_English (US)'
	at com.kms.katalon.core.webui.keyword.internal.WebUIKeywordMain.stepFailed(WebUIKeywordMain.groovy:64)
	at com.kms.katalon.core.webui.keyword.internal.WebUIKeywordMain.runKeyword(WebUIKeywordMain.groovy:26)
	at com.kms.katalon.core.webui.keyword.builtin.ClickKeyword.click(ClickKeyword.groovy:74)
	at com.kms.katalon.core.webui.keyword.builtin.ClickKeyword.execute(ClickKeyword.groovy:40)
	at com.kms.katalon.core.keyword.internal.KeywordExecutor.executeKeywordForPlatform(KeywordExecutor.groovy:74)
	at com.kms.katalon.core.webui.keyword.WebUiBuiltInKeywords.click(WebUiBuiltInKeywords.groovy:620)
	at com.kms.katalon.core.webui.keyword.WebUiBuiltInKeywords$click$1.call(Unknown Source)
	at 41.ChangeLanguage.run(41.ChangeLanguage:44)
	at com.kms.katalon.core.main.ScriptEngine.run(ScriptEngine.java:194)
	at com.kms.katalon.core.main.ScriptEngine.runScriptAsRawText(ScriptEngine.java:119)
	at com.kms.katalon.core.main.TestCaseExecutor.runScript(TestCaseExecutor.java:442)
	at com.kms.katalon.core.main.TestCaseExecutor.doExecute(TestCaseExecutor.java:433)
	at com.kms.katalon.core.main.TestCaseExecutor.processExecutionPhase(TestCaseExecutor.java:412)
	at com.kms.katalon.core.main.TestCaseExecutor.accessMainPhase(TestCaseExecutor.java:404)
	at com.kms.katalon.core.main.TestCaseExecutor.execute(TestCaseExecutor.java:281)
	at com.kms.katalon.core.main.TestSuiteExecutor.accessTestCaseMainPhase(TestSuiteExecutor.java:202)
	at com.kms.katalon.core.main.TestSuiteExecutor.accessTestSuiteMainPhase(TestSuiteExecutor.java:164)
	at com.kms.katalon.core.main.TestSuiteExecutor.execute(TestSuiteExecutor.java:105)
	at com.kms.katalon.core.main.TestCaseMain.startTestSuite(TestCaseMain.java:181)
	at com.kms.katalon.core.main.TestCaseMain$startTestSuite$0.call(Unknown Source)
	at TempTestSuite1642435143013.run(TempTestSuite1642435143013.groovy:36)
Caused by: com.kms.katalon.core.webui.exception.WebElementNotFoundException: Web element with id: 'Object Repository/Page_Element/div_English (US)' located by '//section[@id='matrixchat']/div/div/div[2]/div/div[2]/div' not found
	at com.kms.katalon.core.webui.common.WebUiCommonHelper.findWebElement(WebUiCommonHelper.java:1368)
	at com.kms.katalon.core.webui.keyword.internal.WebUIAbstractKeyword.findWebElement(WebUIAbstractKeyword.groovy:27)
	at com.kms.katalon.core.webui.keyword.builtin.ClickKeyword$_click_closure1.doCall(ClickKeyword.groovy:65)
	at com.kms.katalon.core.webui.keyword.builtin.ClickKeyword$_click_closure1.call(ClickKeyword.groovy)
	at com.kms.katalon.core.webui.keyword.internal.WebUIKeywordMain.runKeyword(WebUIKeywordMain.groovy:20)
	... 19 more


2022-01-17 23:21:02 - [TEST_STEP][PASSED] - openBrowser(""): Browser is opened with url: ''

2022-01-17 23:21:02 - [MESSAGE][INFO] - Starting 'Chrome' driver

2022-01-17 23:21:02 - [MESSAGE][INFO] - Action delay is set to 1,000 milliseconds

2022-01-17 23:21:03 - [MESSAGE][PASSED] - Browser is opened with url: ''

2022-01-17 23:21:04 - [TEST_STEP][PASSED] - navigateToUrl("http://localhost:8080/"): Navigate to 'http://localhost:8080/' successfully

2022-01-17 23:21:06 - [MESSAGE][PASSED] - Navigate to 'http://localhost:8080/' successfully

2022-01-17 23:21:06 - [TEST_STEP][PASSED] - click(findTestObject("Object Repository/Page_Element/div_Sign In")): Object: 'Object Repository/Page_Element/div_Sign In' is clicked on

2022-01-17 23:21:09 - [MESSAGE][PASSED] - Object: 'Object Repository/Page_Element/div_Sign In' is clicked on

2022-01-17 23:21:09 - [TEST_STEP][PASSED] - setText(findTestObject("Object Repository/Page_Element/input_Sign in with_username"), "ptnha19"): Text 'ptnha19' is set on object 'Object Repository/Page_Element/input_Sign in with_username'

2022-01-17 23:21:12 - [MESSAGE][PASSED] - Text 'ptnha19' is set on object 'Object Repository/Page_Element/input_Sign in with_username'

2022-01-17 23:21:12 - [TEST_STEP][PASSED] - setEncryptedText(findTestObject("Object Repository/Page_Element/input_Username_password"), "5R3Ima4A+eOeCrCDRGMLmJpaGR3V3+YI"): Text ****** has been set on object 'Object Repository/Page_Element/input_Username_password'

2022-01-17 23:21:14 - [MESSAGE][PASSED] - Text ****** has been set on object 'Object Repository/Page_Element/input_Username_password'

2022-01-17 23:21:14 - [TEST_STEP][PASSED] - click(findTestObject("Object Repository/Page_Element/input_Forgot password_mx_Login_submit")): Object: 'Object Repository/Page_Element/input_Forgot password_mx_Login_submit' is clicked on

2022-01-17 23:21:16 - [MESSAGE][PASSED] - Object: 'Object Repository/Page_Element/input_Forgot password_mx_Login_submit' is clicked on

2022-01-17 23:21:16 - [TEST_STEP][PASSED] - click(findTestObject("Object Repository/Page_Element/div_Verify with Security Key")): Object: 'Object Repository/Page_Element/div_Verify with Security Key' is clicked on

2022-01-17 23:21:25 - [MESSAGE][PASSED] - Object: 'Object Repository/Page_Element/div_Verify with Security Key' is clicked on

2022-01-17 23:21:25 - [TEST_STEP][PASSED] - setEncryptedText(findTestObject("Object Repository/Page_Element/input_Security Key_mx_Field_4"), "PF4jXtbe/5x5+S5PgN4Kl/QbANAkWZYKqKaG9gW6gn+Po31AOnak0DX8GoEzAUkskgpeON1UhfEqZG0XXngJPA=="): Text ****** has been set on object 'Object Repository/Page_Element/input_Security Key_mx_Field_4'

2022-01-17 23:21:28 - [MESSAGE][PASSED] - Text ****** has been set on object 'Object Repository/Page_Element/input_Security Key_mx_Field_4'

2022-01-17 23:21:28 - [TEST_STEP][PASSED] - click(findTestObject("Object Repository/Page_Element/button_Continue")): Object: 'Object Repository/Page_Element/button_Continue' is clicked on

2022-01-17 23:21:29 - [MESSAGE][PASSED] - Object: 'Object Repository/Page_Element/button_Continue' is clicked on

2022-01-17 23:21:29 - [TEST_STEP][PASSED] - click(findTestObject("Object Repository/Page_Element/div_Done")): Object: 'Object Repository/Page_Element/div_Done' is clicked on

2022-01-17 23:21:31 - [MESSAGE][PASSED] - Object: 'Object Repository/Page_Element/div_Done' is clicked on

2022-01-17 23:21:31 - [TEST_STEP][PASSED] - click(findTestObject("Object Repository/Page_Element/img_Review_mx_BaseAvatar_image")): Object: 'Object Repository/Page_Element/img_Review_mx_BaseAvatar_image' is clicked on

2022-01-17 23:21:33 - [MESSAGE][PASSED] - Object: 'Object Repository/Page_Element/img_Review_mx_BaseAvatar_image' is clicked on

2022-01-17 23:21:33 - [TEST_STEP][PASSED] - click(findTestObject("Object Repository/Page_Element/span_All settings")): Object: 'Object Repository/Page_Element/span_All settings' is clicked on

2022-01-17 23:21:34 - [MESSAGE][PASSED] - Object: 'Object Repository/Page_Element/span_All settings' is clicked on

2022-01-17 23:21:34 - [TEST_STEP][FAILED] - click(findTestObject("Object Repository/Page_Element/div_English (US)")): Unable to click on object 'Object Repository/Page_Element/div_English (US)' (Root cause: com.kms.katalon.core.exception.StepFailedException: Unable to click on object 'Object Repository/Page_Element/div_English (US)'
	at com.kms.katalon.core.webui.keyword.internal.WebUIKeywordMain.stepFailed(WebUIKeywordMain.groovy:64)
	at com.kms.katalon.core.webui.keyword.internal.WebUIKeywordMain.runKeyword(WebUIKeywordMain.groovy:26)
	at com.kms.katalon.core.webui.keyword.builtin.ClickKeyword.click(ClickKeyword.groovy:74)
	at com.kms.katalon.core.webui.keyword.builtin.ClickKeyword.execute(ClickKeyword.groovy:40)
	at com.kms.katalon.core.keyword.internal.KeywordExecutor.executeKeywordForPlatform(KeywordExecutor.groovy:74)
	at com.kms.katalon.core.webui.keyword.WebUiBuiltInKeywords.click(WebUiBuiltInKeywords.groovy:620)
	at com.kms.katalon.core.webui.keyword.WebUiBuiltInKeywords$click$1.call(Unknown Source)
	at 41.ChangeLanguage.run(41.ChangeLanguage:44)
	at com.kms.katalon.core.main.ScriptEngine.run(ScriptEngine.java:194)
	at com.kms.katalon.core.main.ScriptEngine.runScriptAsRawText(ScriptEngine.java:119)
	at com.kms.katalon.core.main.TestCaseExecutor.runScript(TestCaseExecutor.java:442)
	at com.kms.katalon.core.main.TestCaseExecutor.doExecute(TestCaseExecutor.java:433)
	at com.kms.katalon.core.main.TestCaseExecutor.processExecutionPhase(TestCaseExecutor.java:412)
	at com.kms.katalon.core.main.TestCaseExecutor.accessMainPhase(TestCaseExecutor.java:404)
	at com.kms.katalon.core.main.TestCaseExecutor.execute(TestCaseExecutor.java:281)
	at com.kms.katalon.core.main.TestSuiteExecutor.accessTestCaseMainPhase(TestSuiteExecutor.java:202)
	at com.kms.katalon.core.main.TestSuiteExecutor.accessTestSuiteMainPhase(TestSuiteExecutor.java:164)
	at com.kms.katalon.core.main.TestSuiteExecutor.execute(TestSuiteExecutor.java:105)
	at com.kms.katalon.core.main.TestCaseMain.startTestSuite(TestCaseMain.java:181)
	at com.kms.katalon.core.main.TestCaseMain$startTestSuite$0.call(Unknown Source)
	at TempTestSuite1642435143013.run(TempTestSuite1642435143013.groovy:36)
Caused by: com.kms.katalon.core.webui.exception.WebElementNotFoundException: Web element with id: 'Object Repository/Page_Element/div_English (US)' located by '//section[@id='matrixchat']/div/div/div[2]/div/div[2]/div' not found
	at com.kms.katalon.core.webui.common.WebUiCommonHelper.findWebElement(WebUiCommonHelper.java:1368)
	at com.kms.katalon.core.webui.keyword.internal.WebUIAbstractKeyword.findWebElement(WebUIAbstractKeyword.groovy:27)
	at com.kms.katalon.core.webui.keyword.builtin.ClickKeyword$_click_closure1.doCall(ClickKeyword.groovy:65)
	at com.kms.katalon.core.webui.keyword.builtin.ClickKeyword$_click_closure1.call(ClickKeyword.groovy)
	at com.kms.katalon.core.webui.keyword.internal.WebUIKeywordMain.runKeyword(WebUIKeywordMain.groovy:20)
	at com.kms.katalon.core.webui.keyword.builtin.ClickKeyword.click(ClickKeyword.groovy:74)
	at com.kms.katalon.core.webui.keyword.builtin.ClickKeyword.execute(ClickKeyword.groovy:40)
	at com.kms.katalon.core.keyword.internal.KeywordExecutor.executeKeywordForPlatform(KeywordExecutor.groovy:74)
	at com.kms.katalon.core.webui.keyword.WebUiBuiltInKeywords.click(WebUiBuiltInKeywords.groovy:620)
	at com.kms.katalon.core.webui.keyword.WebUiBuiltInKeywords$click$1.call(Unknown Source)
	at Script1642001610131.run(Script1642001610131.groovy:44)
	... 13 more
)

2022-01-17 23:22:05 - [MESSAGE][INFO] - Unable to find the element located by 'By.xpath: //section[@id='matrixchat']/div/div/div[2]/div/div[2]/div'. Please recheck the objects properties to make sure the desired element is located. 

2022-01-17 23:22:05 - [MESSAGE][FAILED] - Unable to click on object 'Object Repository/Page_Element/div_English (US)' (Root cause: com.kms.katalon.core.exception.StepFailedException: Unable to click on object 'Object Repository/Page_Element/div_English (US)'
	at com.kms.katalon.core.webui.keyword.internal.WebUIKeywordMain.stepFailed(WebUIKeywordMain.groovy:64)
	at com.kms.katalon.core.webui.keyword.internal.WebUIKeywordMain.runKeyword(WebUIKeywordMain.groovy:26)
	at com.kms.katalon.core.webui.keyword.builtin.ClickKeyword.click(ClickKeyword.groovy:74)
	at com.kms.katalon.core.webui.keyword.builtin.ClickKeyword.execute(ClickKeyword.groovy:40)
	at com.kms.katalon.core.keyword.internal.KeywordExecutor.executeKeywordForPlatform(KeywordExecutor.groovy:74)
	at com.kms.katalon.core.webui.keyword.WebUiBuiltInKeywords.click(WebUiBuiltInKeywords.groovy:620)
	at com.kms.katalon.core.webui.keyword.WebUiBuiltInKeywords$click$1.call(Unknown Source)
	at 41.ChangeLanguage.run(41.ChangeLanguage:44)
	at com.kms.katalon.core.main.ScriptEngine.run(ScriptEngine.java:194)
	at com.kms.katalon.core.main.ScriptEngine.runScriptAsRawText(ScriptEngine.java:119)
	at com.kms.katalon.core.main.TestCaseExecutor.runScript(TestCaseExecutor.java:442)
	at com.kms.katalon.core.main.TestCaseExecutor.doExecute(TestCaseExecutor.java:433)
	at com.kms.katalon.core.main.TestCaseExecutor.processExecutionPhase(TestCaseExecutor.java:412)
	at com.kms.katalon.core.main.TestCaseExecutor.accessMainPhase(TestCaseExecutor.java:404)
	at com.kms.katalon.core.main.TestCaseExecutor.execute(TestCaseExecutor.java:281)
	at com.kms.katalon.core.main.TestSuiteExecutor.accessTestCaseMainPhase(TestSuiteExecutor.java:202)
	at com.kms.katalon.core.main.TestSuiteExecutor.accessTestSuiteMainPhase(TestSuiteExecutor.java:164)
	at com.kms.katalon.core.main.TestSuiteExecutor.execute(TestSuiteExecutor.java:105)
	at com.kms.katalon.core.main.TestCaseMain.startTestSuite(TestCaseMain.java:181)
	at com.kms.katalon.core.main.TestCaseMain$startTestSuite$0.call(Unknown Source)
	at TempTestSuite1642435143013.run(TempTestSuite1642435143013.groovy:36)
Caused by: com.kms.katalon.core.webui.exception.WebElementNotFoundException: Web element with id: 'Object Repository/Page_Element/div_English (US)' located by '//section[@id='matrixchat']/div/div/div[2]/div/div[2]/div' not found
	at com.kms.katalon.core.webui.common.WebUiCommonHelper.findWebElement(WebUiCommonHelper.java:1368)
	at com.kms.katalon.core.webui.keyword.internal.WebUIAbstractKeyword.findWebElement(WebUIAbstractKeyword.groovy:27)
	at com.kms.katalon.core.webui.keyword.builtin.ClickKeyword$_click_closure1.doCall(ClickKeyword.groovy:65)
	at com.kms.katalon.core.webui.keyword.builtin.ClickKeyword$_click_closure1.call(ClickKeyword.groovy)
	at com.kms.katalon.core.webui.keyword.internal.WebUIKeywordMain.runKeyword(WebUIKeywordMain.groovy:20)
	at com.kms.katalon.core.webui.keyword.builtin.ClickKeyword.click(ClickKeyword.groovy:74)
	at com.kms.katalon.core.webui.keyword.builtin.ClickKeyword.execute(ClickKeyword.groovy:40)
	at com.kms.katalon.core.keyword.internal.KeywordExecutor.executeKeywordForPlatform(KeywordExecutor.groovy:74)
	at com.kms.katalon.core.webui.keyword.WebUiBuiltInKeywords.click(WebUiBuiltInKeywords.groovy:620)
	at com.kms.katalon.core.webui.keyword.WebUiBuiltInKeywords$click$1.call(Unknown Source)
	at Script1642001610131.run(Script1642001610131.groovy:44)
	... 13 more
)
[[ATTACHMENT|C:\\Users\\ha.pham\\Documents\\GitHub\\Bonus-SE\\Katalon_pj\\Bonus_SE\\Reports\\20220117_225903\\Run all test case\\20220117_225903\\1642436525423.png]]]]></system-out>
         <system-err><![CDATA[2022-01-17 23:21:01 - [TEST_CASE][FAILED] - Test Cases/41.ChangeLanguage: Test Cases/41.ChangeLanguage FAILED.
Reason:
com.kms.katalon.core.exception.StepFailedException: Unable to click on object 'Object Repository/Page_Element/div_English (US)'
	at com.kms.katalon.core.webui.keyword.internal.WebUIKeywordMain.stepFailed(WebUIKeywordMain.groovy:64)
	at com.kms.katalon.core.webui.keyword.internal.WebUIKeywordMain.runKeyword(WebUIKeywordMain.groovy:26)
	at com.kms.katalon.core.webui.keyword.builtin.ClickKeyword.click(ClickKeyword.groovy:74)
	at com.kms.katalon.core.webui.keyword.builtin.ClickKeyword.execute(ClickKeyword.groovy:40)
	at com.kms.katalon.core.keyword.internal.KeywordExecutor.executeKeywordForPlatform(KeywordExecutor.groovy:74)
	at com.kms.katalon.core.webui.keyword.WebUiBuiltInKeywords.click(WebUiBuiltInKeywords.groovy:620)
	at com.kms.katalon.core.webui.keyword.WebUiBuiltInKeywords$click$1.call(Unknown Source)
	at 41.ChangeLanguage.run(41.ChangeLanguage:44)
	at com.kms.katalon.core.main.ScriptEngine.run(ScriptEngine.java:194)
	at com.kms.katalon.core.main.ScriptEngine.runScriptAsRawText(ScriptEngine.java:119)
	at com.kms.katalon.core.main.TestCaseExecutor.runScript(TestCaseExecutor.java:442)
	at com.kms.katalon.core.main.TestCaseExecutor.doExecute(TestCaseExecutor.java:433)
	at com.kms.katalon.core.main.TestCaseExecutor.processExecutionPhase(TestCaseExecutor.java:412)
	at com.kms.katalon.core.main.TestCaseExecutor.accessMainPhase(TestCaseExecutor.java:404)
	at com.kms.katalon.core.main.TestCaseExecutor.execute(TestCaseExecutor.java:281)
	at com.kms.katalon.core.main.TestSuiteExecutor.accessTestCaseMainPhase(TestSuiteExecutor.java:202)
	at com.kms.katalon.core.main.TestSuiteExecutor.accessTestSuiteMainPhase(TestSuiteExecutor.java:164)
	at com.kms.katalon.core.main.TestSuiteExecutor.execute(TestSuiteExecutor.java:105)
	at com.kms.katalon.core.main.TestCaseMain.startTestSuite(TestCaseMain.java:181)
	at com.kms.katalon.core.main.TestCaseMain$startTestSuite$0.call(Unknown Source)
	at TempTestSuite1642435143013.run(TempTestSuite1642435143013.groovy:36)
Caused by: com.kms.katalon.core.webui.exception.WebElementNotFoundException: Web element with id: 'Object Repository/Page_Element/div_English (US)' located by '//section[@id='matrixchat']/div/div/div[2]/div/div[2]/div' not found
	at com.kms.katalon.core.webui.common.WebUiCommonHelper.findWebElement(WebUiCommonHelper.java:1368)
	at com.kms.katalon.core.webui.keyword.internal.WebUIAbstractKeyword.findWebElement(WebUIAbstractKeyword.groovy:27)
	at com.kms.katalon.core.webui.keyword.builtin.ClickKeyword$_click_closure1.doCall(ClickKeyword.groovy:65)
	at com.kms.katalon.core.webui.keyword.builtin.ClickKeyword$_click_closure1.call(ClickKeyword.groovy)
	at com.kms.katalon.core.webui.keyword.internal.WebUIKeywordMain.runKeyword(WebUIKeywordMain.groovy:20)
	... 19 more]]></system-err>
      </testcase>
      <testcase name="Test Cases/43.InvalidSecurityKey" time="35.148" classname="Test Cases/43.InvalidSecurityKey" status="PASSED">
         <system-out><![CDATA[2022-01-17 23:22:05 - [TEST_CASE][PASSED] - Test Cases/43.InvalidSecurityKey: Test Cases/43.InvalidSecurityKey

2022-01-17 23:22:05 - [TEST_STEP][PASSED] - openBrowser(""): Browser is opened with url: ''

2022-01-17 23:22:05 - [MESSAGE][WARNING] - A browser is already opened. Closing browser and opening a new one

2022-01-17 23:22:06 - [MESSAGE][INFO] - Starting 'Chrome' driver

2022-01-17 23:22:06 - [MESSAGE][INFO] - Action delay is set to 1,000 milliseconds

2022-01-17 23:22:08 - [MESSAGE][PASSED] - Browser is opened with url: ''

2022-01-17 23:22:08 - [TEST_STEP][PASSED] - navigateToUrl("http://localhost:8080/"): Navigate to 'http://localhost:8080/' successfully

2022-01-17 23:22:11 - [MESSAGE][PASSED] - Navigate to 'http://localhost:8080/' successfully

2022-01-17 23:22:11 - [TEST_STEP][PASSED] - click(findTestObject("Object Repository/Page_Element/div_Sign In")): Object: 'Object Repository/Page_Element/div_Sign In' is clicked on

2022-01-17 23:22:14 - [MESSAGE][PASSED] - Object: 'Object Repository/Page_Element/div_Sign In' is clicked on

2022-01-17 23:22:14 - [TEST_STEP][PASSED] - setText(findTestObject("Object Repository/Page_Element/input_Sign in with_username"), "ptnha19"): Text 'ptnha19' is set on object 'Object Repository/Page_Element/input_Sign in with_username'

2022-01-17 23:22:18 - [MESSAGE][PASSED] - Text 'ptnha19' is set on object 'Object Repository/Page_Element/input_Sign in with_username'

2022-01-17 23:22:18 - [TEST_STEP][PASSED] - setEncryptedText(findTestObject("Object Repository/Page_Element/input_Username_password"), "5R3Ima4A+eOeCrCDRGMLmJpaGR3V3+YI"): Text ****** has been set on object 'Object Repository/Page_Element/input_Username_password'

2022-01-17 23:22:20 - [MESSAGE][PASSED] - Text ****** has been set on object 'Object Repository/Page_Element/input_Username_password'

2022-01-17 23:22:20 - [TEST_STEP][PASSED] - click(findTestObject("Object Repository/Page_Element/input_Forgot password_mx_Login_submit")): Object: 'Object Repository/Page_Element/input_Forgot password_mx_Login_submit' is clicked on

2022-01-17 23:22:21 - [MESSAGE][PASSED] - Object: 'Object Repository/Page_Element/input_Forgot password_mx_Login_submit' is clicked on

2022-01-17 23:22:21 - [TEST_STEP][PASSED] - click(findTestObject("Object Repository/Page_Element/div_Verify with Security Key")): Object: 'Object Repository/Page_Element/div_Verify with Security Key' is clicked on

2022-01-17 23:22:34 - [MESSAGE][PASSED] - Object: 'Object Repository/Page_Element/div_Verify with Security Key' is clicked on

2022-01-17 23:22:34 - [TEST_STEP][PASSED] - setEncryptedText(findTestObject("Object Repository/Page_Element/input_Security Key_mx_Field_4"), "5R3Ima4A+eOeCrCDRGMLmJpaGR3V3+YI"): Text ****** has been set on object 'Object Repository/Page_Element/input_Security Key_mx_Field_4'

2022-01-17 23:22:38 - [MESSAGE][PASSED] - Text ****** has been set on object 'Object Repository/Page_Element/input_Security Key_mx_Field_4'

2022-01-17 23:22:38 - [TEST_STEP][PASSED] - click(findTestObject("Object Repository/Page_Element/div_Invalid Security Key")): Object: 'Object Repository/Page_Element/div_Invalid Security Key' is clicked on

2022-01-17 23:22:39 - [MESSAGE][PASSED] - Object: 'Object Repository/Page_Element/div_Invalid Security Key' is clicked on

2022-01-17 23:22:39 - [TEST_STEP][PASSED] - closeBrowser(): Browser is closed

2022-01-17 23:22:40 - [MESSAGE][PASSED] - Browser is closed]]></system-out>
         <system-err><![CDATA[]]></system-err>
      </testcase>
      <testcase name="Test Cases/44.SignOutThroughSetting" time="54.26" classname="Test Cases/44.SignOutThroughSetting" status="PASSED">
         <system-out><![CDATA[2022-01-17 23:22:40 - [TEST_CASE][PASSED] - Test Cases/44.SignOutThroughSetting: Test Cases/44.SignOutThroughSetting

2022-01-17 23:22:40 - [TEST_STEP][PASSED] - openBrowser(""): Browser is opened with url: ''

2022-01-17 23:22:40 - [MESSAGE][INFO] - Starting 'Chrome' driver

2022-01-17 23:22:40 - [MESSAGE][INFO] - Action delay is set to 1,000 milliseconds

2022-01-17 23:22:42 - [MESSAGE][PASSED] - Browser is opened with url: ''

2022-01-17 23:22:42 - [TEST_STEP][PASSED] - navigateToUrl("http://localhost:8080/"): Navigate to 'http://localhost:8080/' successfully

2022-01-17 23:22:45 - [MESSAGE][PASSED] - Navigate to 'http://localhost:8080/' successfully

2022-01-17 23:22:45 - [TEST_STEP][PASSED] - click(findTestObject("Object Repository/Page_Element/div_Sign In")): Object: 'Object Repository/Page_Element/div_Sign In' is clicked on

2022-01-17 23:22:48 - [MESSAGE][PASSED] - Object: 'Object Repository/Page_Element/div_Sign In' is clicked on

2022-01-17 23:22:48 - [TEST_STEP][PASSED] - setText(findTestObject("Object Repository/Page_Element/input_Sign in with_username"), "ptnha19"): Text 'ptnha19' is set on object 'Object Repository/Page_Element/input_Sign in with_username'

2022-01-17 23:22:51 - [MESSAGE][PASSED] - Text 'ptnha19' is set on object 'Object Repository/Page_Element/input_Sign in with_username'

2022-01-17 23:22:51 - [TEST_STEP][PASSED] - setEncryptedText(findTestObject("Object Repository/Page_Element/input_Username_password"), "5R3Ima4A+eOeCrCDRGMLmJpaGR3V3+YI"): Text ****** has been set on object 'Object Repository/Page_Element/input_Username_password'

2022-01-17 23:22:53 - [MESSAGE][PASSED] - Text ****** has been set on object 'Object Repository/Page_Element/input_Username_password'

2022-01-17 23:22:53 - [TEST_STEP][PASSED] - click(findTestObject("Object Repository/Page_Element/input_Forgot password_mx_Login_submit")): Object: 'Object Repository/Page_Element/input_Forgot password_mx_Login_submit' is clicked on

2022-01-17 23:22:54 - [MESSAGE][PASSED] - Object: 'Object Repository/Page_Element/input_Forgot password_mx_Login_submit' is clicked on

2022-01-17 23:22:55 - [TEST_STEP][PASSED] - click(findTestObject("Object Repository/Page_Element/div_Verify with Security Key")): Object: 'Object Repository/Page_Element/div_Verify with Security Key' is clicked on

2022-01-17 23:23:12 - [MESSAGE][PASSED] - Object: 'Object Repository/Page_Element/div_Verify with Security Key' is clicked on

2022-01-17 23:23:12 - [TEST_STEP][PASSED] - setEncryptedText(findTestObject("Object Repository/Page_Element/input_Security Key_mx_Field_4"), "PF4jXtbe/5x5+S5PgN4Kl/QbANAkWZYKqKaG9gW6gn+Po31AOnak0DX8GoEzAUkskgpeON1UhfEqZG0XXngJPA=="): Text ****** has been set on object 'Object Repository/Page_Element/input_Security Key_mx_Field_4'

2022-01-17 23:23:18 - [MESSAGE][PASSED] - Text ****** has been set on object 'Object Repository/Page_Element/input_Security Key_mx_Field_4'

2022-01-17 23:23:18 - [TEST_STEP][PASSED] - click(findTestObject("Object Repository/Page_Element/button_Continue")): Object: 'Object Repository/Page_Element/button_Continue' is clicked on

2022-01-17 23:23:19 - [MESSAGE][PASSED] - Object: 'Object Repository/Page_Element/button_Continue' is clicked on

2022-01-17 23:23:19 - [TEST_STEP][PASSED] - click(findTestObject("Object Repository/Page_Element/div_Done")): Object: 'Object Repository/Page_Element/div_Done' is clicked on

2022-01-17 23:23:21 - [MESSAGE][PASSED] - Object: 'Object Repository/Page_Element/div_Done' is clicked on

2022-01-17 23:23:21 - [TEST_STEP][PASSED] - click(findTestObject("Object Repository/Page_Element/img_Review_mx_BaseAvatar_image")): Object: 'Object Repository/Page_Element/img_Review_mx_BaseAvatar_image' is clicked on

2022-01-17 23:23:22 - [MESSAGE][PASSED] - Object: 'Object Repository/Page_Element/img_Review_mx_BaseAvatar_image' is clicked on

2022-01-17 23:23:22 - [TEST_STEP][PASSED] - click(findTestObject("Object Repository/Page_Element/span_All settings")): Object: 'Object Repository/Page_Element/span_All settings' is clicked on

2022-01-17 23:23:23 - [MESSAGE][PASSED] - Object: 'Object Repository/Page_Element/span_All settings' is clicked on

2022-01-17 23:23:23 - [TEST_STEP][PASSED] - click(findTestObject("Object Repository/Page_Element/span_Security  Privacy")): Object: 'Object Repository/Page_Element/span_Security  Privacy' is clicked on

2022-01-17 23:23:24 - [MESSAGE][PASSED] - Object: 'Object Repository/Page_Element/span_Security  Privacy' is clicked on

2022-01-17 23:23:24 - [TEST_STEP][PASSED] - click(findTestObject("Object Repository/Page_Element/div_Sign Out")): Object: 'Object Repository/Page_Element/div_Sign Out' is clicked on

2022-01-17 23:23:32 - [MESSAGE][PASSED] - Object: 'Object Repository/Page_Element/div_Sign Out' is clicked on

2022-01-17 23:23:32 - [TEST_STEP][PASSED] - click(findTestObject("Object Repository/Page_Element/button_Sign out")): Object: 'Object Repository/Page_Element/button_Sign out' is clicked on

2022-01-17 23:23:33 - [MESSAGE][PASSED] - Object: 'Object Repository/Page_Element/button_Sign out' is clicked on

2022-01-17 23:23:33 - [TEST_STEP][PASSED] - closeBrowser(): Browser is closed

2022-01-17 23:23:34 - [MESSAGE][PASSED] - Browser is closed]]></system-out>
         <system-err><![CDATA[]]></system-err>
      </testcase>
      <testcase name="Test Cases/45.ChangeLanguageInSigninPage" time="43.314" classname="Test Cases/45.ChangeLanguageInSigninPage" status="PASSED">
         <system-out><![CDATA[2022-01-17 23:23:34 - [TEST_CASE][PASSED] - Test Cases/45.ChangeLanguageInSigninPage: Test Cases/45.ChangeLanguageInSigninPage

2022-01-17 23:23:35 - [TEST_STEP][PASSED] - openBrowser(""): Browser is opened with url: ''

2022-01-17 23:23:35 - [MESSAGE][INFO] - Starting 'Chrome' driver

2022-01-17 23:23:35 - [MESSAGE][INFO] - Action delay is set to 1,000 milliseconds

2022-01-17 23:23:37 - [MESSAGE][PASSED] - Browser is opened with url: ''

2022-01-17 23:23:37 - [TEST_STEP][PASSED] - navigateToUrl("http://localhost:8080/"): Navigate to 'http://localhost:8080/' successfully

2022-01-17 23:23:39 - [MESSAGE][PASSED] - Navigate to 'http://localhost:8080/' successfully

2022-01-17 23:23:39 - [TEST_STEP][PASSED] - click(findTestObject("Object Repository/Page_Element/div_Sign In")): Object: 'Object Repository/Page_Element/div_Sign In' is clicked on

2022-01-17 23:23:44 - [MESSAGE][PASSED] - Object: 'Object Repository/Page_Element/div_Sign In' is clicked on

2022-01-17 23:23:44 - [TEST_STEP][PASSED] - click(findTestObject("Object Repository/Page_Element/div_English (US)")): Object: 'Object Repository/Page_Element/div_English (US)' is clicked on

2022-01-17 23:23:45 - [MESSAGE][PASSED] - Object: 'Object Repository/Page_Element/div_English (US)' is clicked on

2022-01-17 23:23:45 - [TEST_STEP][PASSED] - setText(findTestObject("Object Repository/Page_Element/input_Catal_mx_LanguageDropdown_input"), "Ti"): Text 'Ti' is set on object 'Object Repository/Page_Element/input_Catal_mx_LanguageDropdown_input'

2022-01-17 23:23:47 - [MESSAGE][PASSED] - Text 'Ti' is set on object 'Object Repository/Page_Element/input_Catal_mx_LanguageDropdown_input'

2022-01-17 23:23:47 - [TEST_STEP][PASSED] - click(findTestObject("Object Repository/Page_Element/div_Ting Vit")): Object: 'Object Repository/Page_Element/div_Ting Vit' is clicked on

2022-01-17 23:23:50 - [MESSAGE][PASSED] - Object: 'Object Repository/Page_Element/div_Ting Vit' is clicked on

2022-01-17 23:23:50 - [TEST_STEP][PASSED] - setText(findTestObject("Object Repository/Page_Element/input_ng nhp vi_username"), "ptnha19"): Text 'ptnha19' is set on object 'Object Repository/Page_Element/input_ng nhp vi_username'

2022-01-17 23:23:54 - [MESSAGE][PASSED] - Text 'ptnha19' is set on object 'Object Repository/Page_Element/input_ng nhp vi_username'

2022-01-17 23:23:54 - [TEST_STEP][PASSED] - setEncryptedText(findTestObject("Object Repository/Page_Element/input_Tn ti khon_password"), "5R3Ima4A+eOeCrCDRGMLmJpaGR3V3+YI"): Text ****** has been set on object 'Object Repository/Page_Element/input_Tn ti khon_password'

2022-01-17 23:23:56 - [MESSAGE][PASSED] - Text ****** has been set on object 'Object Repository/Page_Element/input_Tn ti khon_password'

2022-01-17 23:23:56 - [TEST_STEP][PASSED] - click(findTestObject("Object Repository/Page_Element/input_Qun mt khu_mx_Login_submit")): Object: 'Object Repository/Page_Element/input_Qun mt khu_mx_Login_submit' is clicked on

2022-01-17 23:23:57 - [MESSAGE][PASSED] - Object: 'Object Repository/Page_Element/input_Qun mt khu_mx_Login_submit' is clicked on

2022-01-17 23:23:57 - [TEST_STEP][PASSED] - click(findTestObject("Object Repository/Page_Element/div_Xc minh bng Kha Bo mt")): Object: 'Object Repository/Page_Element/div_Xc minh bng Kha Bo mt' is clicked on

2022-01-17 23:24:06 - [MESSAGE][PASSED] - Object: 'Object Repository/Page_Element/div_Xc minh bng Kha Bo mt' is clicked on

2022-01-17 23:24:06 - [TEST_STEP][PASSED] - setEncryptedText(findTestObject("Object Repository/Page_Element/input_Cha kha bo mt_mx_Field_4"), "PF4jXtbe/5x5+S5PgN4Kl/QbANAkWZYKqKaG9gW6gn+Po31AOnak0DX8GoEzAUkskgpeON1UhfEqZG0XXngJPA=="): Text ****** has been set on object 'Object Repository/Page_Element/input_Cha kha bo mt_mx_Field_4'

2022-01-17 23:24:12 - [MESSAGE][PASSED] - Text ****** has been set on object 'Object Repository/Page_Element/input_Cha kha bo mt_mx_Field_4'

2022-01-17 23:24:12 - [TEST_STEP][PASSED] - click(findTestObject("Object Repository/Page_Element/button_Tip tc")): Object: 'Object Repository/Page_Element/button_Tip tc' is clicked on

2022-01-17 23:24:13 - [MESSAGE][PASSED] - Object: 'Object Repository/Page_Element/button_Tip tc' is clicked on

2022-01-17 23:24:13 - [TEST_STEP][PASSED] - click(findTestObject("Object Repository/Page_Element/div_Xong")): Object: 'Object Repository/Page_Element/div_Xong' is clicked on

2022-01-17 23:24:15 - [MESSAGE][PASSED] - Object: 'Object Repository/Page_Element/div_Xong' is clicked on

2022-01-17 23:24:15 - [TEST_STEP][PASSED] - click(findTestObject("Object Repository/Page_Element/img_Kim tra li_mx_BaseAvatar_image")): Object: 'Object Repository/Page_Element/img_Kim tra li_mx_BaseAvatar_image' is clicked on

2022-01-17 23:24:16 - [MESSAGE][PASSED] - Object: 'Object Repository/Page_Element/img_Kim tra li_mx_BaseAvatar_image' is clicked on

2022-01-17 23:24:16 - [TEST_STEP][PASSED] - closeBrowser(): Browser is closed

2022-01-17 23:24:18 - [MESSAGE][PASSED] - Browser is closed]]></system-out>
         <system-err><![CDATA[]]></system-err>
      </testcase>
      <testcase name="Test Cases/51.ChangeRoomName" time="41.792" classname="Test Cases/51.ChangeRoomName" status="PASSED">
         <system-out><![CDATA[2022-01-17 23:24:18 - [TEST_CASE][PASSED] - Test Cases/51.ChangeRoomName: Test Cases/51.ChangeRoomName

2022-01-17 23:24:18 - [TEST_STEP][PASSED] - openBrowser(""): Browser is opened with url: ''

2022-01-17 23:24:18 - [MESSAGE][INFO] - Starting 'Chrome' driver

2022-01-17 23:24:18 - [MESSAGE][INFO] - Action delay is set to 1,000 milliseconds

2022-01-17 23:24:20 - [MESSAGE][PASSED] - Browser is opened with url: ''

2022-01-17 23:24:20 - [TEST_STEP][PASSED] - navigateToUrl("http://localhost:8080/"): Navigate to 'http://localhost:8080/' successfully

2022-01-17 23:24:22 - [MESSAGE][PASSED] - Navigate to 'http://localhost:8080/' successfully

2022-01-17 23:24:22 - [TEST_STEP][PASSED] - click(findTestObject("Object Repository/Page_Element/div_Sign In")): Object: 'Object Repository/Page_Element/div_Sign In' is clicked on

2022-01-17 23:24:26 - [MESSAGE][PASSED] - Object: 'Object Repository/Page_Element/div_Sign In' is clicked on

2022-01-17 23:24:26 - [TEST_STEP][PASSED] - setText(findTestObject("Object Repository/Page_Element/input_Sign in with_username"), "ptnha19"): Text 'ptnha19' is set on object 'Object Repository/Page_Element/input_Sign in with_username'

2022-01-17 23:24:30 - [MESSAGE][PASSED] - Text 'ptnha19' is set on object 'Object Repository/Page_Element/input_Sign in with_username'

2022-01-17 23:24:30 - [TEST_STEP][PASSED] - setEncryptedText(findTestObject("Object Repository/Page_Element/input_Username_password"), "5R3Ima4A+eOeCrCDRGMLmJpaGR3V3+YI"): Text ****** has been set on object 'Object Repository/Page_Element/input_Username_password'

2022-01-17 23:24:32 - [MESSAGE][PASSED] - Text ****** has been set on object 'Object Repository/Page_Element/input_Username_password'

2022-01-17 23:24:32 - [TEST_STEP][PASSED] - click(findTestObject("Object Repository/Page_Element/input_Forgot password_mx_Login_submit")): Object: 'Object Repository/Page_Element/input_Forgot password_mx_Login_submit' is clicked on

2022-01-17 23:24:33 - [MESSAGE][PASSED] - Object: 'Object Repository/Page_Element/input_Forgot password_mx_Login_submit' is clicked on

2022-01-17 23:24:33 - [TEST_STEP][PASSED] - click(findTestObject("Object Repository/Page_Element/div_Verify with Security Key")): Object: 'Object Repository/Page_Element/div_Verify with Security Key' is clicked on

2022-01-17 23:24:39 - [MESSAGE][PASSED] - Object: 'Object Repository/Page_Element/div_Verify with Security Key' is clicked on

2022-01-17 23:24:39 - [TEST_STEP][PASSED] - setEncryptedText(findTestObject("Object Repository/Page_Element/input_Security Key_mx_Field_4"), "PF4jXtbe/5x5+S5PgN4Kl/QbANAkWZYKqKaG9gW6gn+Po31AOnak0DX8GoEzAUkskgpeON1UhfEqZG0XXngJPA=="): Text ****** has been set on object 'Object Repository/Page_Element/input_Security Key_mx_Field_4'

2022-01-17 23:24:42 - [MESSAGE][PASSED] - Text ****** has been set on object 'Object Repository/Page_Element/input_Security Key_mx_Field_4'

2022-01-17 23:24:42 - [TEST_STEP][PASSED] - click(findTestObject("Object Repository/Page_Element/button_Continue")): Object: 'Object Repository/Page_Element/button_Continue' is clicked on

2022-01-17 23:24:43 - [MESSAGE][PASSED] - Object: 'Object Repository/Page_Element/button_Continue' is clicked on

2022-01-17 23:24:43 - [TEST_STEP][PASSED] - click(findTestObject("Object Repository/Page_Element/div_Done")): Object: 'Object Repository/Page_Element/div_Done' is clicked on

2022-01-17 23:24:45 - [MESSAGE][PASSED] - Object: 'Object Repository/Page_Element/div_Done' is clicked on

2022-01-17 23:24:45 - [TEST_STEP][PASSED] - click(findTestObject("Object Repository/Page_Element/div_Tr Cao Thin")): Object: 'Object Repository/Page_Element/div_Tr Cao Thin' is clicked on

2022-01-17 23:24:46 - [MESSAGE][PASSED] - Object: 'Object Repository/Page_Element/div_Tr Cao Thin' is clicked on

2022-01-17 23:24:46 - [TEST_STEP][PASSED] - click(findTestObject("Object Repository/Page_Element  Tr Cao Thin/div_Tr Cao Thin_mx_AccessibleButton mx_Righ_04f030")): Object: 'Object Repository/Page_Element  Tr Cao Thin/div_Tr Cao Thin_mx_AccessibleButton mx_Righ_04f030' is clicked on

2022-01-17 23:24:48 - [MESSAGE][PASSED] - Object: 'Object Repository/Page_Element  Tr Cao Thin/div_Tr Cao Thin_mx_AccessibleButton mx_Righ_04f030' is clicked on

2022-01-17 23:24:48 - [TEST_STEP][PASSED] - click(findTestObject("Object Repository/Page_Element  Tr Cao Thin/div_Room settings")): Object: 'Object Repository/Page_Element  Tr Cao Thin/div_Room settings' is clicked on

2022-01-17 23:24:49 - [MESSAGE][PASSED] - Object: 'Object Repository/Page_Element  Tr Cao Thin/div_Room settings' is clicked on

2022-01-17 23:24:49 - [TEST_STEP][PASSED] - click(findTestObject("Object Repository/Page_Element  Tr Cao Thin/input_General_mx_Field_5")): Object: 'Object Repository/Page_Element  Tr Cao Thin/input_General_mx_Field_5' is clicked on

2022-01-17 23:24:50 - [MESSAGE][PASSED] - Object: 'Object Repository/Page_Element  Tr Cao Thin/input_General_mx_Field_5' is clicked on

2022-01-17 23:24:50 - [TEST_STEP][PASSED] - setText(findTestObject("Object Repository/Page_Element  Tr Cao Thin/input_General_mx_Field_5"), "ABC"): Text 'ABC' is set on object 'Object Repository/Page_Element  Tr Cao Thin/input_General_mx_Field_5'

2022-01-17 23:24:52 - [MESSAGE][PASSED] - Text 'ABC' is set on object 'Object Repository/Page_Element  Tr Cao Thin/input_General_mx_Field_5'

2022-01-17 23:24:52 - [TEST_STEP][PASSED] - click(findTestObject("Object Repository/Page_Element  Tr Cao Thin/div_Save")): Object: 'Object Repository/Page_Element  Tr Cao Thin/div_Save' is clicked on

2022-01-17 23:24:54 - [MESSAGE][PASSED] - Object: 'Object Repository/Page_Element  Tr Cao Thin/div_Save' is clicked on

2022-01-17 23:24:54 - [TEST_STEP][PASSED] - click(findTestObject("Object Repository/Page_Element  Tr Cao Thin/div_GeneralSecurity  PrivacyRoles  Permissi_f2bebd")): Object: 'Object Repository/Page_Element  Tr Cao Thin/div_GeneralSecurity  PrivacyRoles  Permissi_f2bebd' is clicked on

2022-01-17 23:24:55 - [MESSAGE][PASSED] - Object: 'Object Repository/Page_Element  Tr Cao Thin/div_GeneralSecurity  PrivacyRoles  Permissi_f2bebd' is clicked on

2022-01-17 23:24:55 - [TEST_STEP][PASSED] - setText(findTestObject("Object Repository/Page_Element  Tr Cao Thin/input_General_mx_Field_5"), ""): Text '' is set on object 'Object Repository/Page_Element  Tr Cao Thin/input_General_mx_Field_5'

2022-01-17 23:24:57 - [MESSAGE][PASSED] - Text '' is set on object 'Object Repository/Page_Element  Tr Cao Thin/input_General_mx_Field_5'

2022-01-17 23:24:57 - [TEST_STEP][PASSED] - click(findTestObject("Object Repository/Page_Element  Tr Cao Thin/div_Save")): Object: 'Object Repository/Page_Element  Tr Cao Thin/div_Save' is clicked on

2022-01-17 23:24:58 - [MESSAGE][PASSED] - Object: 'Object Repository/Page_Element  Tr Cao Thin/div_Save' is clicked on

2022-01-17 23:24:58 - [TEST_STEP][PASSED] - closeBrowser(): Browser is closed

2022-01-17 23:25:00 - [MESSAGE][PASSED] - Browser is closed]]></system-out>
         <system-err><![CDATA[]]></system-err>
      </testcase>
      <testcase name="Test Cases/54.ShareLinkToUser" time="36.421" classname="Test Cases/54.ShareLinkToUser" status="PASSED">
         <system-out><![CDATA[2022-01-17 23:25:00 - [TEST_CASE][PASSED] - Test Cases/54.ShareLinkToUser: Test Cases/54.ShareLinkToUser

2022-01-17 23:25:00 - [TEST_STEP][PASSED] - openBrowser(""): Browser is opened with url: ''

2022-01-17 23:25:00 - [MESSAGE][INFO] - Starting 'Chrome' driver

2022-01-17 23:25:00 - [MESSAGE][INFO] - Action delay is set to 1,000 milliseconds

2022-01-17 23:25:02 - [MESSAGE][PASSED] - Browser is opened with url: ''

2022-01-17 23:25:02 - [TEST_STEP][PASSED] - navigateToUrl("http://localhost:8080/"): Navigate to 'http://localhost:8080/' successfully

2022-01-17 23:25:04 - [MESSAGE][PASSED] - Navigate to 'http://localhost:8080/' successfully

2022-01-17 23:25:04 - [TEST_STEP][PASSED] - click(findTestObject("Object Repository/Page_Element/div_Sign In")): Object: 'Object Repository/Page_Element/div_Sign In' is clicked on

2022-01-17 23:25:07 - [MESSAGE][PASSED] - Object: 'Object Repository/Page_Element/div_Sign In' is clicked on

2022-01-17 23:25:07 - [TEST_STEP][PASSED] - setText(findTestObject("Object Repository/Page_Element/input_Sign in with_username"), "ptnha19"): Text 'ptnha19' is set on object 'Object Repository/Page_Element/input_Sign in with_username'

2022-01-17 23:25:11 - [MESSAGE][PASSED] - Text 'ptnha19' is set on object 'Object Repository/Page_Element/input_Sign in with_username'

2022-01-17 23:25:11 - [TEST_STEP][PASSED] - setEncryptedText(findTestObject("Object Repository/Page_Element/input_Username_password"), "5R3Ima4A+eOeCrCDRGMLmJpaGR3V3+YI"): Text ****** has been set on object 'Object Repository/Page_Element/input_Username_password'

2022-01-17 23:25:13 - [MESSAGE][PASSED] - Text ****** has been set on object 'Object Repository/Page_Element/input_Username_password'

2022-01-17 23:25:13 - [TEST_STEP][PASSED] - click(findTestObject("Object Repository/Page_Element/input_Forgot password_mx_Login_submit")): Object: 'Object Repository/Page_Element/input_Forgot password_mx_Login_submit' is clicked on

2022-01-17 23:25:14 - [MESSAGE][PASSED] - Object: 'Object Repository/Page_Element/input_Forgot password_mx_Login_submit' is clicked on

2022-01-17 23:25:14 - [TEST_STEP][PASSED] - click(findTestObject("Object Repository/Page_Element/div_Verify with Security Key")): Object: 'Object Repository/Page_Element/div_Verify with Security Key' is clicked on

2022-01-17 23:25:20 - [MESSAGE][PASSED] - Object: 'Object Repository/Page_Element/div_Verify with Security Key' is clicked on

2022-01-17 23:25:20 - [TEST_STEP][PASSED] - setEncryptedText(findTestObject("Object Repository/Page_Element/input_Security Key_mx_Field_4"), "PF4jXtbe/5x5+S5PgN4Kl/QbANAkWZYKqKaG9gW6gn+Po31AOnak0DX8GoEzAUkskgpeON1UhfEqZG0XXngJPA=="): Text ****** has been set on object 'Object Repository/Page_Element/input_Security Key_mx_Field_4'

2022-01-17 23:25:23 - [MESSAGE][PASSED] - Text ****** has been set on object 'Object Repository/Page_Element/input_Security Key_mx_Field_4'

2022-01-17 23:25:23 - [TEST_STEP][PASSED] - click(findTestObject("Object Repository/Page_Element/button_Continue")): Object: 'Object Repository/Page_Element/button_Continue' is clicked on

2022-01-17 23:25:24 - [MESSAGE][PASSED] - Object: 'Object Repository/Page_Element/button_Continue' is clicked on

2022-01-17 23:25:24 - [TEST_STEP][PASSED] - click(findTestObject("Object Repository/Page_Element/div_Done")): Object: 'Object Repository/Page_Element/div_Done' is clicked on

2022-01-17 23:25:26 - [MESSAGE][PASSED] - Object: 'Object Repository/Page_Element/div_Done' is clicked on

2022-01-17 23:25:26 - [TEST_STEP][PASSED] - click(findTestObject("Object Repository/Page_Element/div_Tr Cao Thin")): Object: 'Object Repository/Page_Element/div_Tr Cao Thin' is clicked on

2022-01-17 23:25:27 - [MESSAGE][PASSED] - Object: 'Object Repository/Page_Element/div_Tr Cao Thin' is clicked on

2022-01-17 23:25:27 - [TEST_STEP][PASSED] - click(findTestObject("Object Repository/Page_Element  Tr Cao Thin/div_Tr Cao Thin_mx_AccessibleButton mx_Righ_04f030")): Object: 'Object Repository/Page_Element  Tr Cao Thin/div_Tr Cao Thin_mx_AccessibleButton mx_Righ_04f030' is clicked on

2022-01-17 23:25:29 - [MESSAGE][PASSED] - Object: 'Object Repository/Page_Element  Tr Cao Thin/div_Tr Cao Thin_mx_AccessibleButton mx_Righ_04f030' is clicked on

2022-01-17 23:25:29 - [TEST_STEP][PASSED] - click(findTestObject("Object Repository/Page_Element  Tr Cao Thin/div_People2")): Object: 'Object Repository/Page_Element  Tr Cao Thin/div_People2' is clicked on

2022-01-17 23:25:30 - [MESSAGE][PASSED] - Object: 'Object Repository/Page_Element  Tr Cao Thin/div_People2' is clicked on

2022-01-17 23:25:30 - [TEST_STEP][PASSED] - click(findTestObject("Object Repository/Page_Element  Tr Cao Thin/div_ptnha19")): Object: 'Object Repository/Page_Element  Tr Cao Thin/div_ptnha19' is clicked on

2022-01-17 23:25:32 - [MESSAGE][PASSED] - Object: 'Object Repository/Page_Element  Tr Cao Thin/div_ptnha19' is clicked on

2022-01-17 23:25:32 - [TEST_STEP][PASSED] - click(findTestObject("Object Repository/Page_Element  Tr Cao Thin/div_Share Link to User")): Object: 'Object Repository/Page_Element  Tr Cao Thin/div_Share Link to User' is clicked on

2022-01-17 23:25:34 - [MESSAGE][PASSED] - Object: 'Object Repository/Page_Element  Tr Cao Thin/div_Share Link to User' is clicked on

2022-01-17 23:25:34 - [TEST_STEP][PASSED] - click(findTestObject("Object Repository/Page_Element  Tr Cao Thin/div_httpsmatrix.toptnha19matrix.org_mx_Acce_452c44")): Object: 'Object Repository/Page_Element  Tr Cao Thin/div_httpsmatrix.toptnha19matrix.org_mx_Acce_452c44' is clicked on

2022-01-17 23:25:35 - [MESSAGE][PASSED] - Object: 'Object Repository/Page_Element  Tr Cao Thin/div_httpsmatrix.toptnha19matrix.org_mx_Acce_452c44' is clicked on

2022-01-17 23:25:35 - [TEST_STEP][PASSED] - closeBrowser(): Browser is closed

2022-01-17 23:25:36 - [MESSAGE][PASSED] - Browser is closed]]></system-out>
         <system-err><![CDATA[]]></system-err>
      </testcase>
      <testcase name="Test Cases/55.ShareLink" time="36.28" classname="Test Cases/55.ShareLink" status="PASSED">
         <system-out><![CDATA[2022-01-17 23:25:36 - [TEST_CASE][PASSED] - Test Cases/55.ShareLink: Test Cases/55.ShareLink

2022-01-17 23:25:36 - [TEST_STEP][PASSED] - openBrowser(""): Browser is opened with url: ''

2022-01-17 23:25:36 - [MESSAGE][INFO] - Starting 'Chrome' driver

2022-01-17 23:25:36 - [MESSAGE][INFO] - Action delay is set to 1,000 milliseconds

2022-01-17 23:25:38 - [MESSAGE][PASSED] - Browser is opened with url: ''

2022-01-17 23:25:38 - [TEST_STEP][PASSED] - navigateToUrl("http://localhost:8080/"): Navigate to 'http://localhost:8080/' successfully

2022-01-17 23:25:41 - [MESSAGE][PASSED] - Navigate to 'http://localhost:8080/' successfully

2022-01-17 23:25:41 - [TEST_STEP][PASSED] - click(findTestObject("Object Repository/Page_Element/div_Sign In")): Object: 'Object Repository/Page_Element/div_Sign In' is clicked on

2022-01-17 23:25:45 - [MESSAGE][PASSED] - Object: 'Object Repository/Page_Element/div_Sign In' is clicked on

2022-01-17 23:25:45 - [TEST_STEP][PASSED] - setText(findTestObject("Object Repository/Page_Element/input_Sign in with_username"), "ptnha19"): Text 'ptnha19' is set on object 'Object Repository/Page_Element/input_Sign in with_username'

2022-01-17 23:25:47 - [MESSAGE][PASSED] - Text 'ptnha19' is set on object 'Object Repository/Page_Element/input_Sign in with_username'

2022-01-17 23:25:47 - [TEST_STEP][PASSED] - setEncryptedText(findTestObject("Object Repository/Page_Element/input_Username_password"), "5R3Ima4A+eOeCrCDRGMLmJpaGR3V3+YI"): Text ****** has been set on object 'Object Repository/Page_Element/input_Username_password'

2022-01-17 23:25:50 - [MESSAGE][PASSED] - Text ****** has been set on object 'Object Repository/Page_Element/input_Username_password'

2022-01-17 23:25:50 - [TEST_STEP][PASSED] - click(findTestObject("Object Repository/Page_Element/input_Forgot password_mx_Login_submit")): Object: 'Object Repository/Page_Element/input_Forgot password_mx_Login_submit' is clicked on

2022-01-17 23:25:51 - [MESSAGE][PASSED] - Object: 'Object Repository/Page_Element/input_Forgot password_mx_Login_submit' is clicked on

2022-01-17 23:25:51 - [TEST_STEP][PASSED] - click(findTestObject("Object Repository/Page_Element/div_Verify with Security Key")): Object: 'Object Repository/Page_Element/div_Verify with Security Key' is clicked on

2022-01-17 23:25:57 - [MESSAGE][PASSED] - Object: 'Object Repository/Page_Element/div_Verify with Security Key' is clicked on

2022-01-17 23:25:57 - [TEST_STEP][PASSED] - setEncryptedText(findTestObject("Object Repository/Page_Element/input_Security Key_mx_Field_4"), "PF4jXtbe/5x5+S5PgN4Kl/QbANAkWZYKqKaG9gW6gn+Po31AOnak0DX8GoEzAUkskgpeON1UhfEqZG0XXngJPA=="): Text ****** has been set on object 'Object Repository/Page_Element/input_Security Key_mx_Field_4'

2022-01-17 23:26:00 - [MESSAGE][PASSED] - Text ****** has been set on object 'Object Repository/Page_Element/input_Security Key_mx_Field_4'

2022-01-17 23:26:00 - [TEST_STEP][PASSED] - click(findTestObject("Object Repository/Page_Element/button_Continue")): Object: 'Object Repository/Page_Element/button_Continue' is clicked on

2022-01-17 23:26:01 - [MESSAGE][PASSED] - Object: 'Object Repository/Page_Element/button_Continue' is clicked on

2022-01-17 23:26:01 - [TEST_STEP][PASSED] - click(findTestObject("Object Repository/Page_Element/div_Done")): Object: 'Object Repository/Page_Element/div_Done' is clicked on

2022-01-17 23:26:03 - [MESSAGE][PASSED] - Object: 'Object Repository/Page_Element/div_Done' is clicked on

2022-01-17 23:26:03 - [TEST_STEP][PASSED] - click(findTestObject("Object Repository/Page_Element/div_Tr Cao Thin")): Object: 'Object Repository/Page_Element/div_Tr Cao Thin' is clicked on

2022-01-17 23:26:04 - [MESSAGE][PASSED] - Object: 'Object Repository/Page_Element/div_Tr Cao Thin' is clicked on

2022-01-17 23:26:04 - [TEST_STEP][PASSED] - click(findTestObject("Object Repository/Page_Element  Tr Cao Thin/div_Tr Cao Thin_mx_AccessibleButton mx_Righ_04f030")): Object: 'Object Repository/Page_Element  Tr Cao Thin/div_Tr Cao Thin_mx_AccessibleButton mx_Righ_04f030' is clicked on

2022-01-17 23:26:06 - [MESSAGE][PASSED] - Object: 'Object Repository/Page_Element  Tr Cao Thin/div_Tr Cao Thin_mx_AccessibleButton mx_Righ_04f030' is clicked on

2022-01-17 23:26:06 - [TEST_STEP][PASSED] - click(findTestObject("Object Repository/Page_Element  Tr Cao Thin/div_Share room")): Object: 'Object Repository/Page_Element  Tr Cao Thin/div_Share room' is clicked on

2022-01-17 23:26:07 - [MESSAGE][PASSED] - Object: 'Object Repository/Page_Element  Tr Cao Thin/div_Share room' is clicked on

2022-01-17 23:26:07 - [TEST_STEP][PASSED] - click(findTestObject("Object Repository/Page_Element  Tr Cao Thin/div_httpsmatrix.toFfCpvSioZvOdNBsrLematrix._1ba303")): Object: 'Object Repository/Page_Element  Tr Cao Thin/div_httpsmatrix.toFfCpvSioZvOdNBsrLematrix._1ba303' is clicked on

2022-01-17 23:26:09 - [MESSAGE][PASSED] - Object: 'Object Repository/Page_Element  Tr Cao Thin/div_httpsmatrix.toFfCpvSioZvOdNBsrLematrix._1ba303' is clicked on

2022-01-17 23:26:09 - [TEST_STEP][PASSED] - click(findTestObject("Object Repository/Page_Element  Tr Cao Thin/div_Share Room_mx_AccessibleButton mx_Dialo_364380")): Object: 'Object Repository/Page_Element  Tr Cao Thin/div_Share Room_mx_AccessibleButton mx_Dialo_364380' is clicked on

2022-01-17 23:26:10 - [MESSAGE][PASSED] - Object: 'Object Repository/Page_Element  Tr Cao Thin/div_Share Room_mx_AccessibleButton mx_Dialo_364380' is clicked on

2022-01-17 23:26:10 - [TEST_STEP][PASSED] - click(findTestObject("Object Repository/Page_Element  Tr Cao Thin/div_Tr Cao Thin")): Object: 'Object Repository/Page_Element  Tr Cao Thin/div_Tr Cao Thin' is clicked on

2022-01-17 23:26:11 - [MESSAGE][PASSED] - Object: 'Object Repository/Page_Element  Tr Cao Thin/div_Tr Cao Thin' is clicked on

2022-01-17 23:26:11 - [TEST_STEP][PASSED] - closeBrowser(): Browser is closed

2022-01-17 23:26:12 - [MESSAGE][PASSED] - Browser is closed]]></system-out>
         <system-err><![CDATA[]]></system-err>
      </testcase>
      <testcase name="Test Cases/56.SeeFileInRoom" time="53.112" classname="Test Cases/56.SeeFileInRoom" status="PASSED">
         <system-out><![CDATA[2022-01-17 23:26:12 - [TEST_CASE][PASSED] - Test Cases/56.SeeFileInRoom: Test Cases/56.SeeFileInRoom

2022-01-17 23:26:12 - [TEST_STEP][PASSED] - openBrowser(""): Browser is opened with url: ''

2022-01-17 23:26:12 - [MESSAGE][INFO] - Starting 'Chrome' driver

2022-01-17 23:26:12 - [MESSAGE][INFO] - Action delay is set to 1,000 milliseconds

2022-01-17 23:26:14 - [MESSAGE][PASSED] - Browser is opened with url: ''

2022-01-17 23:26:14 - [TEST_STEP][PASSED] - navigateToUrl("http://localhost:8080/"): Navigate to 'http://localhost:8080/' successfully

2022-01-17 23:26:17 - [MESSAGE][PASSED] - Navigate to 'http://localhost:8080/' successfully

2022-01-17 23:26:17 - [TEST_STEP][PASSED] - click(findTestObject("Object Repository/Page_Element/div_Sign In")): Object: 'Object Repository/Page_Element/div_Sign In' is clicked on

2022-01-17 23:26:21 - [MESSAGE][PASSED] - Object: 'Object Repository/Page_Element/div_Sign In' is clicked on

2022-01-17 23:26:21 - [TEST_STEP][PASSED] - setText(findTestObject("Object Repository/Page_Element/input_Sign in with_username"), "ptnha19"): Text 'ptnha19' is set on object 'Object Repository/Page_Element/input_Sign in with_username'

2022-01-17 23:26:24 - [MESSAGE][PASSED] - Text 'ptnha19' is set on object 'Object Repository/Page_Element/input_Sign in with_username'

2022-01-17 23:26:24 - [TEST_STEP][PASSED] - setEncryptedText(findTestObject("Object Repository/Page_Element/input_Username_password"), "5R3Ima4A+eOeCrCDRGMLmJpaGR3V3+YI"): Text ****** has been set on object 'Object Repository/Page_Element/input_Username_password'

2022-01-17 23:26:26 - [MESSAGE][PASSED] - Text ****** has been set on object 'Object Repository/Page_Element/input_Username_password'

2022-01-17 23:26:26 - [TEST_STEP][PASSED] - click(findTestObject("Object Repository/Page_Element/input_Forgot password_mx_Login_submit")): Object: 'Object Repository/Page_Element/input_Forgot password_mx_Login_submit' is clicked on

2022-01-17 23:26:28 - [MESSAGE][PASSED] - Object: 'Object Repository/Page_Element/input_Forgot password_mx_Login_submit' is clicked on

2022-01-17 23:26:28 - [TEST_STEP][PASSED] - click(findTestObject("Object Repository/Page_Element/div_Verify with Security Key")): Object: 'Object Repository/Page_Element/div_Verify with Security Key' is clicked on

2022-01-17 23:26:41 - [MESSAGE][PASSED] - Object: 'Object Repository/Page_Element/div_Verify with Security Key' is clicked on

2022-01-17 23:26:41 - [TEST_STEP][PASSED] - setEncryptedText(findTestObject("Object Repository/Page_Element/input_Security Key_mx_Field_4"), "PF4jXtbe/5x5+S5PgN4Kl/QbANAkWZYKqKaG9gW6gn+Po31AOnak0DX8GoEzAUkskgpeON1UhfEqZG0XXngJPA=="): Text ****** has been set on object 'Object Repository/Page_Element/input_Security Key_mx_Field_4'

2022-01-17 23:26:55 - [MESSAGE][PASSED] - Text ****** has been set on object 'Object Repository/Page_Element/input_Security Key_mx_Field_4'

2022-01-17 23:26:55 - [TEST_STEP][PASSED] - click(findTestObject("Object Repository/Page_Element/button_Continue")): Object: 'Object Repository/Page_Element/button_Continue' is clicked on

2022-01-17 23:26:56 - [MESSAGE][PASSED] - Object: 'Object Repository/Page_Element/button_Continue' is clicked on

2022-01-17 23:26:56 - [TEST_STEP][PASSED] - click(findTestObject("Object Repository/Page_Element/div_Done")): Object: 'Object Repository/Page_Element/div_Done' is clicked on

2022-01-17 23:26:58 - [MESSAGE][PASSED] - Object: 'Object Repository/Page_Element/div_Done' is clicked on

2022-01-17 23:26:58 - [TEST_STEP][PASSED] - click(findTestObject("Object Repository/Page_Element/div_Tr Cao Thin")): Object: 'Object Repository/Page_Element/div_Tr Cao Thin' is clicked on

2022-01-17 23:26:59 - [MESSAGE][PASSED] - Object: 'Object Repository/Page_Element/div_Tr Cao Thin' is clicked on

2022-01-17 23:26:59 - [TEST_STEP][PASSED] - click(findTestObject("Object Repository/Page_Element  Tr Cao Thin/div_Tr Cao Thin_mx_AccessibleButton mx_Righ_04f030")): Object: 'Object Repository/Page_Element  Tr Cao Thin/div_Tr Cao Thin_mx_AccessibleButton mx_Righ_04f030' is clicked on

2022-01-17 23:27:01 - [MESSAGE][PASSED] - Object: 'Object Repository/Page_Element  Tr Cao Thin/div_Tr Cao Thin_mx_AccessibleButton mx_Righ_04f030' is clicked on

2022-01-17 23:27:01 - [TEST_STEP][PASSED] - click(findTestObject("Object Repository/Page_Element  Tr Cao Thin/div_Files")): Object: 'Object Repository/Page_Element  Tr Cao Thin/div_Files' is clicked on

2022-01-17 23:27:02 - [MESSAGE][PASSED] - Object: 'Object Repository/Page_Element  Tr Cao Thin/div_Files' is clicked on

2022-01-17 23:27:02 - [TEST_STEP][PASSED] - click(findTestObject("Object Repository/Page_Element  Tr Cao Thin/div_Message deleted_mx_AccessibleButton mx__334218")): Object: 'Object Repository/Page_Element  Tr Cao Thin/div_Message deleted_mx_AccessibleButton mx__334218' is clicked on

2022-01-17 23:27:03 - [MESSAGE][PASSED] - Object: 'Object Repository/Page_Element  Tr Cao Thin/div_Message deleted_mx_AccessibleButton mx__334218' is clicked on

2022-01-17 23:27:03 - [TEST_STEP][PASSED] - click(findTestObject("Object Repository/Page_Element  Tr Cao Thin/div_Message deleted_mx_AccessibleButton mx__0a07ff")): Object: 'Object Repository/Page_Element  Tr Cao Thin/div_Message deleted_mx_AccessibleButton mx__0a07ff' is clicked on

2022-01-17 23:27:04 - [MESSAGE][PASSED] - Object: 'Object Repository/Page_Element  Tr Cao Thin/div_Message deleted_mx_AccessibleButton mx__0a07ff' is clicked on

2022-01-17 23:27:04 - [TEST_STEP][PASSED] - closeBrowser(): Browser is closed

2022-01-17 23:27:05 - [MESSAGE][PASSED] - Browser is closed]]></system-out>
         <system-err><![CDATA[]]></system-err>
      </testcase>
      <testcase name="Test Cases/58.AdvancedInRoomSetting" time="53.718" classname="Test Cases/58.AdvancedInRoomSetting" status="PASSED">
         <system-out><![CDATA[2022-01-17 23:27:05 - [TEST_CASE][PASSED] - Test Cases/58.AdvancedInRoomSetting: Test Cases/58.AdvancedInRoomSetting

2022-01-17 23:27:06 - [TEST_STEP][PASSED] - openBrowser(""): Browser is opened with url: ''

2022-01-17 23:27:06 - [MESSAGE][INFO] - Starting 'Chrome' driver

2022-01-17 23:27:06 - [MESSAGE][INFO] - Action delay is set to 1,000 milliseconds

2022-01-17 23:27:08 - [MESSAGE][PASSED] - Browser is opened with url: ''

2022-01-17 23:27:08 - [TEST_STEP][PASSED] - navigateToUrl("http://localhost:8080/"): Navigate to 'http://localhost:8080/' successfully

2022-01-17 23:27:10 - [MESSAGE][PASSED] - Navigate to 'http://localhost:8080/' successfully

2022-01-17 23:27:10 - [TEST_STEP][PASSED] - click(findTestObject("Object Repository/Page_Element/div_Sign In")): Object: 'Object Repository/Page_Element/div_Sign In' is clicked on

2022-01-17 23:27:13 - [MESSAGE][PASSED] - Object: 'Object Repository/Page_Element/div_Sign In' is clicked on

2022-01-17 23:27:13 - [TEST_STEP][PASSED] - setText(findTestObject("Object Repository/Page_Element/input_Sign in with_username"), "ptnha19"): Text 'ptnha19' is set on object 'Object Repository/Page_Element/input_Sign in with_username'

2022-01-17 23:27:17 - [MESSAGE][PASSED] - Text 'ptnha19' is set on object 'Object Repository/Page_Element/input_Sign in with_username'

2022-01-17 23:27:17 - [TEST_STEP][PASSED] - setEncryptedText(findTestObject("Object Repository/Page_Element/input_Username_password"), "5R3Ima4A+eOeCrCDRGMLmJpaGR3V3+YI"): Text ****** has been set on object 'Object Repository/Page_Element/input_Username_password'

2022-01-17 23:27:19 - [MESSAGE][PASSED] - Text ****** has been set on object 'Object Repository/Page_Element/input_Username_password'

2022-01-17 23:27:19 - [TEST_STEP][PASSED] - click(findTestObject("Object Repository/Page_Element/input_Forgot password_mx_Login_submit")): Object: 'Object Repository/Page_Element/input_Forgot password_mx_Login_submit' is clicked on

2022-01-17 23:27:20 - [MESSAGE][PASSED] - Object: 'Object Repository/Page_Element/input_Forgot password_mx_Login_submit' is clicked on

2022-01-17 23:27:20 - [TEST_STEP][PASSED] - click(findTestObject("Object Repository/Page_Element/div_Verify with Security Key")): Object: 'Object Repository/Page_Element/div_Verify with Security Key' is clicked on

2022-01-17 23:27:30 - [MESSAGE][PASSED] - Object: 'Object Repository/Page_Element/div_Verify with Security Key' is clicked on

2022-01-17 23:27:30 - [TEST_STEP][PASSED] - setEncryptedText(findTestObject("Object Repository/Page_Element/input_Security Key_mx_Field_4"), "PF4jXtbe/5x5+S5PgN4Kl/QbANAkWZYKqKaG9gW6gn+Po31AOnak0DX8GoEzAUkskgpeON1UhfEqZG0XXngJPA=="): Text ****** has been set on object 'Object Repository/Page_Element/input_Security Key_mx_Field_4'

2022-01-17 23:27:45 - [MESSAGE][PASSED] - Text ****** has been set on object 'Object Repository/Page_Element/input_Security Key_mx_Field_4'

2022-01-17 23:27:45 - [TEST_STEP][PASSED] - click(findTestObject("Object Repository/Page_Element/button_Continue")): Object: 'Object Repository/Page_Element/button_Continue' is clicked on

2022-01-17 23:27:46 - [MESSAGE][PASSED] - Object: 'Object Repository/Page_Element/button_Continue' is clicked on

2022-01-17 23:27:46 - [TEST_STEP][PASSED] - click(findTestObject("Object Repository/Page_Element/div_Done")): Object: 'Object Repository/Page_Element/div_Done' is clicked on

2022-01-17 23:27:48 - [MESSAGE][PASSED] - Object: 'Object Repository/Page_Element/div_Done' is clicked on

2022-01-17 23:27:48 - [TEST_STEP][PASSED] - click(findTestObject("Object Repository/Page_Element/div_Tr Cao Thin")): Object: 'Object Repository/Page_Element/div_Tr Cao Thin' is clicked on

2022-01-17 23:27:50 - [MESSAGE][PASSED] - Object: 'Object Repository/Page_Element/div_Tr Cao Thin' is clicked on

2022-01-17 23:27:50 - [TEST_STEP][PASSED] - click(findTestObject("Object Repository/Page_Element  Tr Cao Thin/div_Tr Cao Thin_mx_AccessibleButton mx_Righ_04f030")): Object: 'Object Repository/Page_Element  Tr Cao Thin/div_Tr Cao Thin_mx_AccessibleButton mx_Righ_04f030' is clicked on

2022-01-17 23:27:51 - [MESSAGE][PASSED] - Object: 'Object Repository/Page_Element  Tr Cao Thin/div_Tr Cao Thin_mx_AccessibleButton mx_Righ_04f030' is clicked on

2022-01-17 23:27:51 - [TEST_STEP][PASSED] - click(findTestObject("Object Repository/Page_Element  Tr Cao Thin/div_Room settings")): Object: 'Object Repository/Page_Element  Tr Cao Thin/div_Room settings' is clicked on

2022-01-17 23:27:52 - [MESSAGE][PASSED] - Object: 'Object Repository/Page_Element  Tr Cao Thin/div_Room settings' is clicked on

2022-01-17 23:27:52 - [TEST_STEP][PASSED] - click(findTestObject("Object Repository/Page_Element  Tr Cao Thin/span_Advanced")): Object: 'Object Repository/Page_Element  Tr Cao Thin/span_Advanced' is clicked on

2022-01-17 23:27:53 - [MESSAGE][PASSED] - Object: 'Object Repository/Page_Element  Tr Cao Thin/span_Advanced' is clicked on

2022-01-17 23:27:53 - [TEST_STEP][PASSED] - click(findTestObject("Object Repository/Page_Element  Tr Cao Thin/div_Open Devtools")): Object: 'Object Repository/Page_Element  Tr Cao Thin/div_Open Devtools' is clicked on

2022-01-17 23:27:54 - [MESSAGE][PASSED] - Object: 'Object Repository/Page_Element  Tr Cao Thin/div_Open Devtools' is clicked on

2022-01-17 23:27:54 - [TEST_STEP][PASSED] - click(findTestObject("Object Repository/Page_Element  Tr Cao Thin/button_Send Custom Event")): Object: 'Object Repository/Page_Element  Tr Cao Thin/button_Send Custom Event' is clicked on

2022-01-17 23:27:56 - [MESSAGE][PASSED] - Object: 'Object Repository/Page_Element  Tr Cao Thin/button_Send Custom Event' is clicked on

2022-01-17 23:27:56 - [TEST_STEP][PASSED] - click(findTestObject("Object Repository/Page_Element  Tr Cao Thin/button_Back")): Object: 'Object Repository/Page_Element  Tr Cao Thin/button_Back' is clicked on

2022-01-17 23:27:57 - [MESSAGE][PASSED] - Object: 'Object Repository/Page_Element  Tr Cao Thin/button_Back' is clicked on

2022-01-17 23:27:57 - [TEST_STEP][PASSED] - click(findTestObject("Object Repository/Page_Element  Tr Cao Thin/button_Cancel")): Object: 'Object Repository/Page_Element  Tr Cao Thin/button_Cancel' is clicked on

2022-01-17 23:27:58 - [MESSAGE][PASSED] - Object: 'Object Repository/Page_Element  Tr Cao Thin/button_Cancel' is clicked on

2022-01-17 23:27:58 - [TEST_STEP][PASSED] - closeBrowser(): Browser is closed

2022-01-17 23:27:59 - [MESSAGE][PASSED] - Browser is closed]]></system-out>
         <system-err><![CDATA[]]></system-err>
      </testcase>
      <testcase name="Test Cases/59.SearchInRoom" time="35.209" classname="Test Cases/59.SearchInRoom" status="PASSED">
         <system-out><![CDATA[2022-01-17 23:27:59 - [TEST_CASE][PASSED] - Test Cases/59.SearchInRoom: Test Cases/59.SearchInRoom

2022-01-17 23:27:59 - [TEST_STEP][PASSED] - openBrowser(""): Browser is opened with url: ''

2022-01-17 23:27:59 - [MESSAGE][INFO] - Starting 'Chrome' driver

2022-01-17 23:27:59 - [MESSAGE][INFO] - Action delay is set to 1,000 milliseconds

2022-01-17 23:28:01 - [MESSAGE][PASSED] - Browser is opened with url: ''

2022-01-17 23:28:01 - [TEST_STEP][PASSED] - navigateToUrl("http://localhost:8080/"): Navigate to 'http://localhost:8080/' successfully

2022-01-17 23:28:04 - [MESSAGE][PASSED] - Navigate to 'http://localhost:8080/' successfully

2022-01-17 23:28:04 - [TEST_STEP][PASSED] - click(findTestObject("Object Repository/Page_Element/div_Sign In")): Object: 'Object Repository/Page_Element/div_Sign In' is clicked on

2022-01-17 23:28:08 - [MESSAGE][PASSED] - Object: 'Object Repository/Page_Element/div_Sign In' is clicked on

2022-01-17 23:28:08 - [TEST_STEP][PASSED] - setText(findTestObject("Object Repository/Page_Element/input_Sign in with_username"), "ptnha19"): Text 'ptnha19' is set on object 'Object Repository/Page_Element/input_Sign in with_username'

2022-01-17 23:28:11 - [MESSAGE][PASSED] - Text 'ptnha19' is set on object 'Object Repository/Page_Element/input_Sign in with_username'

2022-01-17 23:28:11 - [TEST_STEP][PASSED] - setEncryptedText(findTestObject("Object Repository/Page_Element/input_Username_password"), "5R3Ima4A+eOeCrCDRGMLmJpaGR3V3+YI"): Text ****** has been set on object 'Object Repository/Page_Element/input_Username_password'

2022-01-17 23:28:13 - [MESSAGE][PASSED] - Text ****** has been set on object 'Object Repository/Page_Element/input_Username_password'

2022-01-17 23:28:13 - [TEST_STEP][PASSED] - click(findTestObject("Object Repository/Page_Element/input_Forgot password_mx_Login_submit")): Object: 'Object Repository/Page_Element/input_Forgot password_mx_Login_submit' is clicked on

2022-01-17 23:28:14 - [MESSAGE][PASSED] - Object: 'Object Repository/Page_Element/input_Forgot password_mx_Login_submit' is clicked on

2022-01-17 23:28:14 - [TEST_STEP][PASSED] - click(findTestObject("Object Repository/Page_Element/div_Verify with Security Key")): Object: 'Object Repository/Page_Element/div_Verify with Security Key' is clicked on

2022-01-17 23:28:20 - [MESSAGE][PASSED] - Object: 'Object Repository/Page_Element/div_Verify with Security Key' is clicked on

2022-01-17 23:28:20 - [TEST_STEP][PASSED] - setEncryptedText(findTestObject("Object Repository/Page_Element/input_Security Key_mx_Field_4"), "PF4jXtbe/5x5+S5PgN4Kl/QbANAkWZYKqKaG9gW6gn+Po31AOnak0DX8GoEzAUkskgpeON1UhfEqZG0XXngJPA=="): Text ****** has been set on object 'Object Repository/Page_Element/input_Security Key_mx_Field_4'

2022-01-17 23:28:24 - [MESSAGE][PASSED] - Text ****** has been set on object 'Object Repository/Page_Element/input_Security Key_mx_Field_4'

2022-01-17 23:28:24 - [TEST_STEP][PASSED] - click(findTestObject("Object Repository/Page_Element/button_Continue")): Object: 'Object Repository/Page_Element/button_Continue' is clicked on

2022-01-17 23:28:25 - [MESSAGE][PASSED] - Object: 'Object Repository/Page_Element/button_Continue' is clicked on

2022-01-17 23:28:25 - [TEST_STEP][PASSED] - click(findTestObject("Object Repository/Page_Element/div_Done")): Object: 'Object Repository/Page_Element/div_Done' is clicked on

2022-01-17 23:28:27 - [MESSAGE][PASSED] - Object: 'Object Repository/Page_Element/div_Done' is clicked on

2022-01-17 23:28:27 - [TEST_STEP][PASSED] - click(findTestObject("Object Repository/Page_Element/div_Tr Cao Thin")): Object: 'Object Repository/Page_Element/div_Tr Cao Thin' is clicked on

2022-01-17 23:28:28 - [MESSAGE][PASSED] - Object: 'Object Repository/Page_Element/div_Tr Cao Thin' is clicked on

2022-01-17 23:28:28 - [TEST_STEP][PASSED] - click(findTestObject("Object Repository/Page_Element  Tr Cao Thin/div_Tr Cao Thin_mx_AccessibleButton mx_Room_93b1eb")): Object: 'Object Repository/Page_Element  Tr Cao Thin/div_Tr Cao Thin_mx_AccessibleButton mx_Room_93b1eb' is clicked on

2022-01-17 23:28:29 - [MESSAGE][PASSED] - Object: 'Object Repository/Page_Element  Tr Cao Thin/div_Tr Cao Thin_mx_AccessibleButton mx_Room_93b1eb' is clicked on

2022-01-17 23:28:29 - [TEST_STEP][PASSED] - setText(findTestObject("Object Repository/Page_Element  Tr Cao Thin/input_All Rooms_focus-visible"), "ABC"): Text 'ABC' is set on object 'Object Repository/Page_Element  Tr Cao Thin/input_All Rooms_focus-visible'

2022-01-17 23:28:32 - [MESSAGE][PASSED] - Text 'ABC' is set on object 'Object Repository/Page_Element  Tr Cao Thin/input_All Rooms_focus-visible'

2022-01-17 23:28:32 - [TEST_STEP][PASSED] - sendKeys(findTestObject("Object Repository/Page_Element  Tr Cao Thin/input_All Rooms_focus-visible"), Keys.chord(ENTER)): Keys 'ENTER + ' sent to object: 'Object Repository/Page_Element  Tr Cao Thin/input_All Rooms_focus-visible'

2022-01-17 23:28:33 - [MESSAGE][PASSED] - Keys 'ENTER + ' sent to object: 'Object Repository/Page_Element  Tr Cao Thin/input_All Rooms_focus-visible'

2022-01-17 23:28:33 - [TEST_STEP][PASSED] - closeBrowser(): Browser is closed

2022-01-17 23:28:34 - [MESSAGE][PASSED] - Browser is closed]]></system-out>
         <system-err><![CDATA[]]></system-err>
      </testcase>
      <testcase name="Test Cases/62.SignInWithoutVerify" time="28.264" classname="Test Cases/62.SignInWithoutVerify" status="PASSED">
         <system-out><![CDATA[2022-01-17 23:28:34 - [TEST_CASE][PASSED] - Test Cases/62.SignInWithoutVerify: Test Cases/62.SignInWithoutVerify

2022-01-17 23:28:35 - [TEST_STEP][PASSED] - openBrowser(""): Browser is opened with url: ''

2022-01-17 23:28:35 - [MESSAGE][INFO] - Starting 'Chrome' driver

2022-01-17 23:28:35 - [MESSAGE][INFO] - Action delay is set to 1,000 milliseconds

2022-01-17 23:28:37 - [MESSAGE][PASSED] - Browser is opened with url: ''

2022-01-17 23:28:37 - [TEST_STEP][PASSED] - navigateToUrl("http://localhost:8080/"): Navigate to 'http://localhost:8080/' successfully

2022-01-17 23:28:39 - [MESSAGE][PASSED] - Navigate to 'http://localhost:8080/' successfully

2022-01-17 23:28:39 - [TEST_STEP][PASSED] - click(findTestObject("Object Repository/Page_Element/div_Sign In")): Object: 'Object Repository/Page_Element/div_Sign In' is clicked on

2022-01-17 23:28:43 - [MESSAGE][PASSED] - Object: 'Object Repository/Page_Element/div_Sign In' is clicked on

2022-01-17 23:28:43 - [TEST_STEP][PASSED] - setText(findTestObject("Object Repository/Page_Element/input_Sign in with_username"), "ptnha19"): Text 'ptnha19' is set on object 'Object Repository/Page_Element/input_Sign in with_username'

2022-01-17 23:28:46 - [MESSAGE][PASSED] - Text 'ptnha19' is set on object 'Object Repository/Page_Element/input_Sign in with_username'

2022-01-17 23:28:46 - [TEST_STEP][PASSED] - setEncryptedText(findTestObject("Object Repository/Page_Element/input_Username_password"), "5R3Ima4A+eOeCrCDRGMLmJpaGR3V3+YI"): Text ****** has been set on object 'Object Repository/Page_Element/input_Username_password'

2022-01-17 23:28:48 - [MESSAGE][PASSED] - Text ****** has been set on object 'Object Repository/Page_Element/input_Username_password'

2022-01-17 23:28:48 - [TEST_STEP][PASSED] - click(findTestObject("Object Repository/Page_Element/input_Forgot password_mx_Login_submit")): Object: 'Object Repository/Page_Element/input_Forgot password_mx_Login_submit' is clicked on

2022-01-17 23:28:49 - [MESSAGE][PASSED] - Object: 'Object Repository/Page_Element/input_Forgot password_mx_Login_submit' is clicked on

2022-01-17 23:28:49 - [TEST_STEP][PASSED] - click(findTestObject("Object Repository/Page_Element/div_Verify with Security Key")): Object: 'Object Repository/Page_Element/div_Verify with Security Key' is clicked on

2022-01-17 23:28:56 - [MESSAGE][PASSED] - Object: 'Object Repository/Page_Element/div_Verify with Security Key' is clicked on

2022-01-17 23:28:56 - [TEST_STEP][PASSED] - click(findTestObject("Object Repository/Page_Element/button_Go Back")): Object: 'Object Repository/Page_Element/button_Go Back' is clicked on

2022-01-17 23:28:58 - [MESSAGE][PASSED] - Object: 'Object Repository/Page_Element/button_Go Back' is clicked on

2022-01-17 23:28:58 - [TEST_STEP][PASSED] - click(findTestObject("Object Repository/Page_Element/div_Verify this device_mx_AccessibleButton _90ce45")): Object: 'Object Repository/Page_Element/div_Verify this device_mx_AccessibleButton _90ce45' is clicked on

2022-01-17 23:28:59 - [MESSAGE][PASSED] - Object: 'Object Repository/Page_Element/div_Verify this device_mx_AccessibleButton _90ce45' is clicked on

2022-01-17 23:28:59 - [TEST_STEP][PASSED] - click(findTestObject("Object Repository/Page_Element/div_Ill verify later")): Object: 'Object Repository/Page_Element/div_Ill verify later' is clicked on

2022-01-17 23:29:00 - [MESSAGE][PASSED] - Object: 'Object Repository/Page_Element/div_Ill verify later' is clicked on

2022-01-17 23:29:00 - [TEST_STEP][PASSED] - click(findTestObject("Object Repository/Page_Element/img_Verify_mx_BaseAvatar_image")): Object: 'Object Repository/Page_Element/img_Verify_mx_BaseAvatar_image' is clicked on

2022-01-17 23:29:01 - [MESSAGE][PASSED] - Object: 'Object Repository/Page_Element/img_Verify_mx_BaseAvatar_image' is clicked on

2022-01-17 23:29:01 - [TEST_STEP][PASSED] - closeBrowser(): Browser is closed

2022-01-17 23:29:03 - [MESSAGE][PASSED] - Browser is closed]]></system-out>
         <system-err><![CDATA[]]></system-err>
      </testcase>
      <testcase name="Test Cases/63.ServerOptions" time="36.797" classname="Test Cases/63.ServerOptions" status="PASSED">
         <system-out><![CDATA[2022-01-17 23:29:03 - [TEST_CASE][PASSED] - Test Cases/63.ServerOptions: Test Cases/63.ServerOptions

2022-01-17 23:29:03 - [TEST_STEP][PASSED] - openBrowser(""): Browser is opened with url: ''

2022-01-17 23:29:03 - [MESSAGE][INFO] - Starting 'Chrome' driver

2022-01-17 23:29:03 - [MESSAGE][INFO] - Action delay is set to 1,000 milliseconds

2022-01-17 23:29:05 - [MESSAGE][PASSED] - Browser is opened with url: ''

2022-01-17 23:29:05 - [TEST_STEP][PASSED] - navigateToUrl("http://localhost:8080/"): Navigate to 'http://localhost:8080/' successfully

2022-01-17 23:29:07 - [MESSAGE][PASSED] - Navigate to 'http://localhost:8080/' successfully

2022-01-17 23:29:07 - [TEST_STEP][PASSED] - click(findTestObject("Object Repository/Page_Element/div_Sign In")): Object: 'Object Repository/Page_Element/div_Sign In' is clicked on

2022-01-17 23:29:10 - [MESSAGE][PASSED] - Object: 'Object Repository/Page_Element/div_Sign In' is clicked on

2022-01-17 23:29:10 - [TEST_STEP][PASSED] - click(findTestObject("Object Repository/Page_Element/div_Homeserver_mx_AccessibleButton mx_Serve_8ed01c")): Object: 'Object Repository/Page_Element/div_Homeserver_mx_AccessibleButton mx_Serve_8ed01c' is clicked on

2022-01-17 23:29:12 - [MESSAGE][PASSED] - Object: 'Object Repository/Page_Element/div_Homeserver_mx_AccessibleButton mx_Serve_8ed01c' is clicked on

2022-01-17 23:29:12 - [TEST_STEP][PASSED] - click(findTestObject("Object Repository/Page_Element/button_Dismiss")): Object: 'Object Repository/Page_Element/button_Dismiss' is clicked on

2022-01-17 23:29:13 - [MESSAGE][PASSED] - Object: 'Object Repository/Page_Element/button_Dismiss' is clicked on

2022-01-17 23:29:13 - [TEST_STEP][PASSED] - setText(findTestObject("Object Repository/Page_Element/input_Sign in with_username"), "ptnha19"): Text 'ptnha19' is set on object 'Object Repository/Page_Element/input_Sign in with_username'

2022-01-17 23:29:15 - [MESSAGE][PASSED] - Text 'ptnha19' is set on object 'Object Repository/Page_Element/input_Sign in with_username'

2022-01-17 23:29:15 - [TEST_STEP][PASSED] - setEncryptedText(findTestObject("Object Repository/Page_Element/input_Username_password"), "5R3Ima4A+eOeCrCDRGMLmJpaGR3V3+YI"): Text ****** has been set on object 'Object Repository/Page_Element/input_Username_password'

2022-01-17 23:29:17 - [MESSAGE][PASSED] - Text ****** has been set on object 'Object Repository/Page_Element/input_Username_password'

2022-01-17 23:29:17 - [TEST_STEP][PASSED] - click(findTestObject("Object Repository/Page_Element/input_Forgot password_mx_Login_submit")): Object: 'Object Repository/Page_Element/input_Forgot password_mx_Login_submit' is clicked on

2022-01-17 23:29:18 - [MESSAGE][PASSED] - Object: 'Object Repository/Page_Element/input_Forgot password_mx_Login_submit' is clicked on

2022-01-17 23:29:18 - [TEST_STEP][PASSED] - click(findTestObject("Object Repository/Page_Element/div_Verify with Security Key")): Object: 'Object Repository/Page_Element/div_Verify with Security Key' is clicked on

2022-01-17 23:29:27 - [MESSAGE][PASSED] - Object: 'Object Repository/Page_Element/div_Verify with Security Key' is clicked on

2022-01-17 23:29:27 - [TEST_STEP][PASSED] - setEncryptedText(findTestObject("Object Repository/Page_Element/input_Security Key_mx_Field_4"), "PF4jXtbe/5x5+S5PgN4Kl/QbANAkWZYKqKaG9gW6gn+Po31AOnak0DX8GoEzAUkskgpeON1UhfEqZG0XXngJPA=="): Text ****** has been set on object 'Object Repository/Page_Element/input_Security Key_mx_Field_4'

2022-01-17 23:29:33 - [MESSAGE][PASSED] - Text ****** has been set on object 'Object Repository/Page_Element/input_Security Key_mx_Field_4'

2022-01-17 23:29:33 - [TEST_STEP][PASSED] - click(findTestObject("Object Repository/Page_Element/button_Continue")): Object: 'Object Repository/Page_Element/button_Continue' is clicked on

2022-01-17 23:29:34 - [MESSAGE][PASSED] - Object: 'Object Repository/Page_Element/button_Continue' is clicked on

2022-01-17 23:29:34 - [TEST_STEP][PASSED] - click(findTestObject("Object Repository/Page_Element/div_Done")): Object: 'Object Repository/Page_Element/div_Done' is clicked on

2022-01-17 23:29:37 - [MESSAGE][PASSED] - Object: 'Object Repository/Page_Element/div_Done' is clicked on

2022-01-17 23:29:37 - [TEST_STEP][PASSED] - click(findTestObject("Object Repository/Page_Element/img_Review_mx_BaseAvatar_image")): Object: 'Object Repository/Page_Element/img_Review_mx_BaseAvatar_image' is clicked on

2022-01-17 23:29:38 - [MESSAGE][PASSED] - Object: 'Object Repository/Page_Element/img_Review_mx_BaseAvatar_image' is clicked on

2022-01-17 23:29:38 - [TEST_STEP][PASSED] - closeBrowser(): Browser is closed

2022-01-17 23:29:39 - [MESSAGE][PASSED] - Browser is closed]]></system-out>
         <system-err><![CDATA[]]></system-err>
      </testcase>
      <testcase name="Test Cases/65.UploadSecurityKey" time="44.394" classname="Test Cases/65.UploadSecurityKey" status="PASSED">
         <system-out><![CDATA[2022-01-17 23:29:39 - [TEST_CASE][PASSED] - Test Cases/65.UploadSecurityKey: Test Cases/65.UploadSecurityKey

2022-01-17 23:29:40 - [TEST_STEP][PASSED] - openBrowser(""): Browser is opened with url: ''

2022-01-17 23:29:40 - [MESSAGE][INFO] - Starting 'Chrome' driver

2022-01-17 23:29:40 - [MESSAGE][INFO] - Action delay is set to 1,000 milliseconds

2022-01-17 23:29:42 - [MESSAGE][PASSED] - Browser is opened with url: ''

2022-01-17 23:29:42 - [TEST_STEP][PASSED] - navigateToUrl("http://localhost:8080/"): Navigate to 'http://localhost:8080/' successfully

2022-01-17 23:29:44 - [MESSAGE][PASSED] - Navigate to 'http://localhost:8080/' successfully

2022-01-17 23:29:44 - [TEST_STEP][PASSED] - click(findTestObject("Object Repository/Page_Element/div_Sign In")): Object: 'Object Repository/Page_Element/div_Sign In' is clicked on

2022-01-17 23:29:48 - [MESSAGE][PASSED] - Object: 'Object Repository/Page_Element/div_Sign In' is clicked on

2022-01-17 23:29:48 - [TEST_STEP][PASSED] - setText(findTestObject("Object Repository/Page_Element/input_Sign in with_username"), "ptnha19"): Text 'ptnha19' is set on object 'Object Repository/Page_Element/input_Sign in with_username'

2022-01-17 23:29:51 - [MESSAGE][PASSED] - Text 'ptnha19' is set on object 'Object Repository/Page_Element/input_Sign in with_username'

2022-01-17 23:29:51 - [TEST_STEP][PASSED] - setEncryptedText(findTestObject("Object Repository/Page_Element/input_Username_password"), "5R3Ima4A+eOeCrCDRGMLmJpaGR3V3+YI"): Text ****** has been set on object 'Object Repository/Page_Element/input_Username_password'

2022-01-17 23:29:54 - [MESSAGE][PASSED] - Text ****** has been set on object 'Object Repository/Page_Element/input_Username_password'

2022-01-17 23:29:54 - [TEST_STEP][PASSED] - click(findTestObject("Object Repository/Page_Element/input_Forgot password_mx_Login_submit")): Object: 'Object Repository/Page_Element/input_Forgot password_mx_Login_submit' is clicked on

2022-01-17 23:29:55 - [MESSAGE][PASSED] - Object: 'Object Repository/Page_Element/input_Forgot password_mx_Login_submit' is clicked on

2022-01-17 23:29:55 - [TEST_STEP][PASSED] - click(findTestObject("Object Repository/Page_Element/div_Verify with Security Key")): Object: 'Object Repository/Page_Element/div_Verify with Security Key' is clicked on

2022-01-17 23:30:02 - [MESSAGE][PASSED] - Object: 'Object Repository/Page_Element/div_Verify with Security Key' is clicked on

2022-01-17 23:30:02 - [TEST_STEP][PASSED] - click(findTestObject("Object Repository/Page_Element/div_Upload")): Object: 'Object Repository/Page_Element/div_Upload' is clicked on

2022-01-17 23:30:22 - [MESSAGE][PASSED] - Object: 'Object Repository/Page_Element/div_Upload' is clicked on

2022-01-17 23:30:22 - [TEST_STEP][PASSED] - closeBrowser(): Browser is closed

2022-01-17 23:30:24 - [MESSAGE][PASSED] - Browser is closed]]></system-out>
         <system-err><![CDATA[]]></system-err>
      </testcase>
      <testcase name="Test Cases/67.ExpandSpaceBar" time="33.341" classname="Test Cases/67.ExpandSpaceBar" status="PASSED">
         <system-out><![CDATA[2022-01-17 23:30:24 - [TEST_CASE][PASSED] - Test Cases/67.ExpandSpaceBar: Test Cases/67.ExpandSpaceBar

2022-01-17 23:30:24 - [TEST_STEP][PASSED] - openBrowser(""): Browser is opened with url: ''

2022-01-17 23:30:24 - [MESSAGE][INFO] - Starting 'Chrome' driver

2022-01-17 23:30:24 - [MESSAGE][INFO] - Action delay is set to 1,000 milliseconds

2022-01-17 23:30:26 - [MESSAGE][PASSED] - Browser is opened with url: ''

2022-01-17 23:30:26 - [TEST_STEP][PASSED] - navigateToUrl("http://localhost:8080/"): Navigate to 'http://localhost:8080/' successfully

2022-01-17 23:30:28 - [MESSAGE][PASSED] - Navigate to 'http://localhost:8080/' successfully

2022-01-17 23:30:28 - [TEST_STEP][PASSED] - click(findTestObject("Object Repository/Page_Element/div_Sign In")): Object: 'Object Repository/Page_Element/div_Sign In' is clicked on

2022-01-17 23:30:32 - [MESSAGE][PASSED] - Object: 'Object Repository/Page_Element/div_Sign In' is clicked on

2022-01-17 23:30:32 - [TEST_STEP][PASSED] - setText(findTestObject("Object Repository/Page_Element/input_Sign in with_username"), "ptnha19"): Text 'ptnha19' is set on object 'Object Repository/Page_Element/input_Sign in with_username'

2022-01-17 23:30:35 - [MESSAGE][PASSED] - Text 'ptnha19' is set on object 'Object Repository/Page_Element/input_Sign in with_username'

2022-01-17 23:30:35 - [TEST_STEP][PASSED] - setEncryptedText(findTestObject("Object Repository/Page_Element/input_Username_password"), "5R3Ima4A+eOeCrCDRGMLmJpaGR3V3+YI"): Text ****** has been set on object 'Object Repository/Page_Element/input_Username_password'

2022-01-17 23:30:37 - [MESSAGE][PASSED] - Text ****** has been set on object 'Object Repository/Page_Element/input_Username_password'

2022-01-17 23:30:37 - [TEST_STEP][PASSED] - click(findTestObject("Object Repository/Page_Element/input_Forgot password_mx_Login_submit")): Object: 'Object Repository/Page_Element/input_Forgot password_mx_Login_submit' is clicked on

2022-01-17 23:30:38 - [MESSAGE][PASSED] - Object: 'Object Repository/Page_Element/input_Forgot password_mx_Login_submit' is clicked on

2022-01-17 23:30:38 - [TEST_STEP][PASSED] - click(findTestObject("Object Repository/Page_Element/div_Verify with Security Key")): Object: 'Object Repository/Page_Element/div_Verify with Security Key' is clicked on

2022-01-17 23:30:45 - [MESSAGE][PASSED] - Object: 'Object Repository/Page_Element/div_Verify with Security Key' is clicked on

2022-01-17 23:30:45 - [TEST_STEP][PASSED] - setEncryptedText(findTestObject("Object Repository/Page_Element/input_Security Key_mx_Field_4"), "PF4jXtbe/5x5+S5PgN4Kl/QbANAkWZYKqKaG9gW6gn+Po31AOnak0DX8GoEzAUkskgpeON1UhfEqZG0XXngJPA=="): Text ****** has been set on object 'Object Repository/Page_Element/input_Security Key_mx_Field_4'

2022-01-17 23:30:50 - [MESSAGE][PASSED] - Text ****** has been set on object 'Object Repository/Page_Element/input_Security Key_mx_Field_4'

2022-01-17 23:30:50 - [TEST_STEP][PASSED] - click(findTestObject("Object Repository/Page_Element/button_Continue")): Object: 'Object Repository/Page_Element/button_Continue' is clicked on

2022-01-17 23:30:51 - [MESSAGE][PASSED] - Object: 'Object Repository/Page_Element/button_Continue' is clicked on

2022-01-17 23:30:51 - [TEST_STEP][PASSED] - click(findTestObject("Object Repository/Page_Element/div_Done")): Object: 'Object Repository/Page_Element/div_Done' is clicked on

2022-01-17 23:30:53 - [MESSAGE][PASSED] - Object: 'Object Repository/Page_Element/div_Done' is clicked on

2022-01-17 23:30:53 - [TEST_STEP][PASSED] - click(findTestObject("Object Repository/Page_Element/div_Review_mx_AccessibleButton mx_SpacePane_f02940")): Object: 'Object Repository/Page_Element/div_Review_mx_AccessibleButton mx_SpacePane_f02940' is clicked on

2022-01-17 23:30:55 - [MESSAGE][PASSED] - Object: 'Object Repository/Page_Element/div_Review_mx_AccessibleButton mx_SpacePane_f02940' is clicked on

2022-01-17 23:30:55 - [TEST_STEP][PASSED] - click(findTestObject("Object Repository/Page_Element/span_H")): Object: 'Object Repository/Page_Element/span_H' is clicked on

2022-01-17 23:30:56 - [MESSAGE][PASSED] - Object: 'Object Repository/Page_Element/span_H' is clicked on

2022-01-17 23:30:56 - [TEST_STEP][PASSED] - closeBrowser(): Browser is closed

2022-01-17 23:30:57 - [MESSAGE][PASSED] - Browser is closed]]></system-out>
         <system-err><![CDATA[]]></system-err>
      </testcase>
      <testcase name="Test Cases/71.SpaceSetting" time="61.887" classname="Test Cases/71.SpaceSetting" status="FAILED">
         <failure type="FAILED" message="Test Cases/71.SpaceSetting FAILED.
Reason:
com.kms.katalon.core.exception.StepFailedException: Unable to click on object 'Object Repository/Page_Element  hey ban Khoa/div_Invite_mx_AccessibleButton mx_SpaceRoom_87964d'
	at com.kms.katalon.core.webui.keyword.internal.WebUIKeywordMain.stepFailed(WebUIKeywordMain.groovy:64)
	at com.kms.katalon.core.webui.keyword.internal.WebUIKeywordMain.runKeyword(WebUIKeywordMain.groovy:26)
	at com.kms.katalon.core.webui.keyword.builtin.ClickKeyword.click(ClickKeyword.groovy:74)
	at com.kms.katalon.core.webui.keyword.builtin.ClickKeyword.execute(ClickKeyword.groovy:40)
	at com.kms.katalon.core.keyword.internal.KeywordExecutor.executeKeywordForPlatform(KeywordExecutor.groovy:74)
	at com.kms.katalon.core.webui.keyword.WebUiBuiltInKeywords.click(WebUiBuiltInKeywords.groovy:620)
	at com.kms.katalon.core.webui.keyword.WebUiBuiltInKeywords$click$1.call(Unknown Source)
	at 71.SpaceSetting.run(71.SpaceSetting:44)
	at com.kms.katalon.core.main.ScriptEngine.run(ScriptEngine.java:194)
	at com.kms.katalon.core.main.ScriptEngine.runScriptAsRawText(ScriptEngine.java:119)
	at com.kms.katalon.core.main.TestCaseExecutor.runScript(TestCaseExecutor.java:442)
	at com.kms.katalon.core.main.TestCaseExecutor.doExecute(TestCaseExecutor.java:433)
	at com.kms.katalon.core.main.TestCaseExecutor.processExecutionPhase(TestCaseExecutor.java:412)
	at com.kms.katalon.core.main.TestCaseExecutor.accessMainPhase(TestCaseExecutor.java:404)
	at com.kms.katalon.core.main.TestCaseExecutor.execute(TestCaseExecutor.java:281)
	at com.kms.katalon.core.main.TestSuiteExecutor.accessTestCaseMainPhase(TestSuiteExecutor.java:202)
	at com.kms.katalon.core.main.TestSuiteExecutor.accessTestSuiteMainPhase(TestSuiteExecutor.java:164)
	at com.kms.katalon.core.main.TestSuiteExecutor.execute(TestSuiteExecutor.java:105)
	at com.kms.katalon.core.main.TestCaseMain.startTestSuite(TestCaseMain.java:181)
	at com.kms.katalon.core.main.TestCaseMain$startTestSuite$0.call(Unknown Source)
	at TempTestSuite1642435143013.run(TempTestSuite1642435143013.groovy:36)
Caused by: com.kms.katalon.core.webui.exception.WebElementNotFoundException: Web element with id: 'Object Repository/Page_Element  hey ban Khoa/div_Invite_mx_AccessibleButton mx_SpaceRoom_87964d' located by '//section[@id='matrixchat']/div/div[2]/div[3]/main/div/div/div[3]/div[3]' not found
	at com.kms.katalon.core.webui.common.WebUiCommonHelper.findWebElement(WebUiCommonHelper.java:1368)
	at com.kms.katalon.core.webui.keyword.internal.WebUIAbstractKeyword.findWebElement(WebUIAbstractKeyword.groovy:27)
	at com.kms.katalon.core.webui.keyword.builtin.ClickKeyword$_click_closure1.doCall(ClickKeyword.groovy:65)
	at com.kms.katalon.core.webui.keyword.builtin.ClickKeyword$_click_closure1.call(ClickKeyword.groovy)
	at com.kms.katalon.core.webui.keyword.internal.WebUIKeywordMain.runKeyword(WebUIKeywordMain.groovy:20)
	... 19 more
"/>
         <system-out><![CDATA[2022-01-17 23:30:57 - [TEST_CASE][FAILED] - Test Cases/71.SpaceSetting: Test Cases/71.SpaceSetting FAILED.
Reason:
com.kms.katalon.core.exception.StepFailedException: Unable to click on object 'Object Repository/Page_Element  hey ban Khoa/div_Invite_mx_AccessibleButton mx_SpaceRoom_87964d'
	at com.kms.katalon.core.webui.keyword.internal.WebUIKeywordMain.stepFailed(WebUIKeywordMain.groovy:64)
	at com.kms.katalon.core.webui.keyword.internal.WebUIKeywordMain.runKeyword(WebUIKeywordMain.groovy:26)
	at com.kms.katalon.core.webui.keyword.builtin.ClickKeyword.click(ClickKeyword.groovy:74)
	at com.kms.katalon.core.webui.keyword.builtin.ClickKeyword.execute(ClickKeyword.groovy:40)
	at com.kms.katalon.core.keyword.internal.KeywordExecutor.executeKeywordForPlatform(KeywordExecutor.groovy:74)
	at com.kms.katalon.core.webui.keyword.WebUiBuiltInKeywords.click(WebUiBuiltInKeywords.groovy:620)
	at com.kms.katalon.core.webui.keyword.WebUiBuiltInKeywords$click$1.call(Unknown Source)
	at 71.SpaceSetting.run(71.SpaceSetting:44)
	at com.kms.katalon.core.main.ScriptEngine.run(ScriptEngine.java:194)
	at com.kms.katalon.core.main.ScriptEngine.runScriptAsRawText(ScriptEngine.java:119)
	at com.kms.katalon.core.main.TestCaseExecutor.runScript(TestCaseExecutor.java:442)
	at com.kms.katalon.core.main.TestCaseExecutor.doExecute(TestCaseExecutor.java:433)
	at com.kms.katalon.core.main.TestCaseExecutor.processExecutionPhase(TestCaseExecutor.java:412)
	at com.kms.katalon.core.main.TestCaseExecutor.accessMainPhase(TestCaseExecutor.java:404)
	at com.kms.katalon.core.main.TestCaseExecutor.execute(TestCaseExecutor.java:281)
	at com.kms.katalon.core.main.TestSuiteExecutor.accessTestCaseMainPhase(TestSuiteExecutor.java:202)
	at com.kms.katalon.core.main.TestSuiteExecutor.accessTestSuiteMainPhase(TestSuiteExecutor.java:164)
	at com.kms.katalon.core.main.TestSuiteExecutor.execute(TestSuiteExecutor.java:105)
	at com.kms.katalon.core.main.TestCaseMain.startTestSuite(TestCaseMain.java:181)
	at com.kms.katalon.core.main.TestCaseMain$startTestSuite$0.call(Unknown Source)
	at TempTestSuite1642435143013.run(TempTestSuite1642435143013.groovy:36)
Caused by: com.kms.katalon.core.webui.exception.WebElementNotFoundException: Web element with id: 'Object Repository/Page_Element  hey ban Khoa/div_Invite_mx_AccessibleButton mx_SpaceRoom_87964d' located by '//section[@id='matrixchat']/div/div[2]/div[3]/main/div/div/div[3]/div[3]' not found
	at com.kms.katalon.core.webui.common.WebUiCommonHelper.findWebElement(WebUiCommonHelper.java:1368)
	at com.kms.katalon.core.webui.keyword.internal.WebUIAbstractKeyword.findWebElement(WebUIAbstractKeyword.groovy:27)
	at com.kms.katalon.core.webui.keyword.builtin.ClickKeyword$_click_closure1.doCall(ClickKeyword.groovy:65)
	at com.kms.katalon.core.webui.keyword.builtin.ClickKeyword$_click_closure1.call(ClickKeyword.groovy)
	at com.kms.katalon.core.webui.keyword.internal.WebUIKeywordMain.runKeyword(WebUIKeywordMain.groovy:20)
	... 19 more


2022-01-17 23:30:57 - [TEST_STEP][PASSED] - openBrowser(""): Browser is opened with url: ''

2022-01-17 23:30:57 - [MESSAGE][INFO] - Starting 'Chrome' driver

2022-01-17 23:30:57 - [MESSAGE][INFO] - Action delay is set to 1,000 milliseconds

2022-01-17 23:30:59 - [MESSAGE][PASSED] - Browser is opened with url: ''

2022-01-17 23:30:59 - [TEST_STEP][PASSED] - navigateToUrl("http://localhost:8080/"): Navigate to 'http://localhost:8080/' successfully

2022-01-17 23:31:02 - [MESSAGE][PASSED] - Navigate to 'http://localhost:8080/' successfully

2022-01-17 23:31:02 - [TEST_STEP][PASSED] - click(findTestObject("Object Repository/Page_Element/div_Sign In")): Object: 'Object Repository/Page_Element/div_Sign In' is clicked on

2022-01-17 23:31:05 - [MESSAGE][PASSED] - Object: 'Object Repository/Page_Element/div_Sign In' is clicked on

2022-01-17 23:31:05 - [TEST_STEP][PASSED] - setText(findTestObject("Object Repository/Page_Element/input_Sign in with_username"), "ptnha19"): Text 'ptnha19' is set on object 'Object Repository/Page_Element/input_Sign in with_username'

2022-01-17 23:31:08 - [MESSAGE][PASSED] - Text 'ptnha19' is set on object 'Object Repository/Page_Element/input_Sign in with_username'

2022-01-17 23:31:08 - [TEST_STEP][PASSED] - setEncryptedText(findTestObject("Object Repository/Page_Element/input_Username_password"), "5R3Ima4A+eOeCrCDRGMLmJpaGR3V3+YI"): Text ****** has been set on object 'Object Repository/Page_Element/input_Username_password'

2022-01-17 23:31:11 - [MESSAGE][PASSED] - Text ****** has been set on object 'Object Repository/Page_Element/input_Username_password'

2022-01-17 23:31:11 - [TEST_STEP][PASSED] - click(findTestObject("Object Repository/Page_Element/input_Forgot password_mx_Login_submit")): Object: 'Object Repository/Page_Element/input_Forgot password_mx_Login_submit' is clicked on

2022-01-17 23:31:12 - [MESSAGE][PASSED] - Object: 'Object Repository/Page_Element/input_Forgot password_mx_Login_submit' is clicked on

2022-01-17 23:31:12 - [TEST_STEP][PASSED] - click(findTestObject("Object Repository/Page_Element/div_Verify with Security Key")): Object: 'Object Repository/Page_Element/div_Verify with Security Key' is clicked on

2022-01-17 23:31:18 - [MESSAGE][PASSED] - Object: 'Object Repository/Page_Element/div_Verify with Security Key' is clicked on

2022-01-17 23:31:18 - [TEST_STEP][PASSED] - setEncryptedText(findTestObject("Object Repository/Page_Element/input_Security Key_mx_Field_4"), "PF4jXtbe/5x5+S5PgN4Kl/QbANAkWZYKqKaG9gW6gn+Po31AOnak0DX8GoEzAUkskgpeON1UhfEqZG0XXngJPA=="): Text ****** has been set on object 'Object Repository/Page_Element/input_Security Key_mx_Field_4'

2022-01-17 23:31:22 - [MESSAGE][PASSED] - Text ****** has been set on object 'Object Repository/Page_Element/input_Security Key_mx_Field_4'

2022-01-17 23:31:22 - [TEST_STEP][PASSED] - click(findTestObject("Object Repository/Page_Element/button_Continue")): Object: 'Object Repository/Page_Element/button_Continue' is clicked on

2022-01-17 23:31:23 - [MESSAGE][PASSED] - Object: 'Object Repository/Page_Element/button_Continue' is clicked on

2022-01-17 23:31:23 - [TEST_STEP][PASSED] - click(findTestObject("Object Repository/Page_Element/div_Done")): Object: 'Object Repository/Page_Element/div_Done' is clicked on

2022-01-17 23:31:25 - [MESSAGE][PASSED] - Object: 'Object Repository/Page_Element/div_Done' is clicked on

2022-01-17 23:31:25 - [TEST_STEP][PASSED] - click(findTestObject("Object Repository/Page_Element/div_Review_mx_AccessibleButton mx_SpacePane_f02940")): Object: 'Object Repository/Page_Element/div_Review_mx_AccessibleButton mx_SpacePane_f02940' is clicked on

2022-01-17 23:31:27 - [MESSAGE][PASSED] - Object: 'Object Repository/Page_Element/div_Review_mx_AccessibleButton mx_SpacePane_f02940' is clicked on

2022-01-17 23:31:27 - [TEST_STEP][PASSED] - click(findTestObject("Object Repository/Page_Element/span_hey ban Khoa")): Object: 'Object Repository/Page_Element/span_hey ban Khoa' is clicked on

2022-01-17 23:31:28 - [MESSAGE][PASSED] - Object: 'Object Repository/Page_Element/span_hey ban Khoa' is clicked on

2022-01-17 23:31:28 - [TEST_STEP][FAILED] - click(findTestObject("Object Repository/Page_Element  hey ban Khoa/div_Invite_mx_AccessibleButton mx_SpaceRoom_87964d")): Unable to click on object 'Object Repository/Page_Element  hey ban Khoa/div_Invite_mx_AccessibleButton mx_SpaceRoom_87964d' (Root cause: com.kms.katalon.core.exception.StepFailedException: Unable to click on object 'Object Repository/Page_Element  hey ban Khoa/div_Invite_mx_AccessibleButton mx_SpaceRoom_87964d'
	at com.kms.katalon.core.webui.keyword.internal.WebUIKeywordMain.stepFailed(WebUIKeywordMain.groovy:64)
	at com.kms.katalon.core.webui.keyword.internal.WebUIKeywordMain.runKeyword(WebUIKeywordMain.groovy:26)
	at com.kms.katalon.core.webui.keyword.builtin.ClickKeyword.click(ClickKeyword.groovy:74)
	at com.kms.katalon.core.webui.keyword.builtin.ClickKeyword.execute(ClickKeyword.groovy:40)
	at com.kms.katalon.core.keyword.internal.KeywordExecutor.executeKeywordForPlatform(KeywordExecutor.groovy:74)
	at com.kms.katalon.core.webui.keyword.WebUiBuiltInKeywords.click(WebUiBuiltInKeywords.groovy:620)
	at com.kms.katalon.core.webui.keyword.WebUiBuiltInKeywords$click$1.call(Unknown Source)
	at 71.SpaceSetting.run(71.SpaceSetting:44)
	at com.kms.katalon.core.main.ScriptEngine.run(ScriptEngine.java:194)
	at com.kms.katalon.core.main.ScriptEngine.runScriptAsRawText(ScriptEngine.java:119)
	at com.kms.katalon.core.main.TestCaseExecutor.runScript(TestCaseExecutor.java:442)
	at com.kms.katalon.core.main.TestCaseExecutor.doExecute(TestCaseExecutor.java:433)
	at com.kms.katalon.core.main.TestCaseExecutor.processExecutionPhase(TestCaseExecutor.java:412)
	at com.kms.katalon.core.main.TestCaseExecutor.accessMainPhase(TestCaseExecutor.java:404)
	at com.kms.katalon.core.main.TestCaseExecutor.execute(TestCaseExecutor.java:281)
	at com.kms.katalon.core.main.TestSuiteExecutor.accessTestCaseMainPhase(TestSuiteExecutor.java:202)
	at com.kms.katalon.core.main.TestSuiteExecutor.accessTestSuiteMainPhase(TestSuiteExecutor.java:164)
	at com.kms.katalon.core.main.TestSuiteExecutor.execute(TestSuiteExecutor.java:105)
	at com.kms.katalon.core.main.TestCaseMain.startTestSuite(TestCaseMain.java:181)
	at com.kms.katalon.core.main.TestCaseMain$startTestSuite$0.call(Unknown Source)
	at TempTestSuite1642435143013.run(TempTestSuite1642435143013.groovy:36)
Caused by: com.kms.katalon.core.webui.exception.WebElementNotFoundException: Web element with id: 'Object Repository/Page_Element  hey ban Khoa/div_Invite_mx_AccessibleButton mx_SpaceRoom_87964d' located by '//section[@id='matrixchat']/div/div[2]/div[3]/main/div/div/div[3]/div[3]' not found
	at com.kms.katalon.core.webui.common.WebUiCommonHelper.findWebElement(WebUiCommonHelper.java:1368)
	at com.kms.katalon.core.webui.keyword.internal.WebUIAbstractKeyword.findWebElement(WebUIAbstractKeyword.groovy:27)
	at com.kms.katalon.core.webui.keyword.builtin.ClickKeyword$_click_closure1.doCall(ClickKeyword.groovy:65)
	at com.kms.katalon.core.webui.keyword.builtin.ClickKeyword$_click_closure1.call(ClickKeyword.groovy)
	at com.kms.katalon.core.webui.keyword.internal.WebUIKeywordMain.runKeyword(WebUIKeywordMain.groovy:20)
	at com.kms.katalon.core.webui.keyword.builtin.ClickKeyword.click(ClickKeyword.groovy:74)
	at com.kms.katalon.core.webui.keyword.builtin.ClickKeyword.execute(ClickKeyword.groovy:40)
	at com.kms.katalon.core.keyword.internal.KeywordExecutor.executeKeywordForPlatform(KeywordExecutor.groovy:74)
	at com.kms.katalon.core.webui.keyword.WebUiBuiltInKeywords.click(WebUiBuiltInKeywords.groovy:620)
	at com.kms.katalon.core.webui.keyword.WebUiBuiltInKeywords$click$1.call(Unknown Source)
	at Script1642175990724.run(Script1642175990724.groovy:44)
	... 13 more
)

2022-01-17 23:31:59 - [MESSAGE][INFO] - Unable to find the element located by 'By.xpath: //section[@id='matrixchat']/div/div[2]/div[3]/main/div/div/div[3]/div[3]'. Please recheck the objects properties to make sure the desired element is located. 

2022-01-17 23:31:59 - [MESSAGE][FAILED] - Unable to click on object 'Object Repository/Page_Element  hey ban Khoa/div_Invite_mx_AccessibleButton mx_SpaceRoom_87964d' (Root cause: com.kms.katalon.core.exception.StepFailedException: Unable to click on object 'Object Repository/Page_Element  hey ban Khoa/div_Invite_mx_AccessibleButton mx_SpaceRoom_87964d'
	at com.kms.katalon.core.webui.keyword.internal.WebUIKeywordMain.stepFailed(WebUIKeywordMain.groovy:64)
	at com.kms.katalon.core.webui.keyword.internal.WebUIKeywordMain.runKeyword(WebUIKeywordMain.groovy:26)
	at com.kms.katalon.core.webui.keyword.builtin.ClickKeyword.click(ClickKeyword.groovy:74)
	at com.kms.katalon.core.webui.keyword.builtin.ClickKeyword.execute(ClickKeyword.groovy:40)
	at com.kms.katalon.core.keyword.internal.KeywordExecutor.executeKeywordForPlatform(KeywordExecutor.groovy:74)
	at com.kms.katalon.core.webui.keyword.WebUiBuiltInKeywords.click(WebUiBuiltInKeywords.groovy:620)
	at com.kms.katalon.core.webui.keyword.WebUiBuiltInKeywords$click$1.call(Unknown Source)
	at 71.SpaceSetting.run(71.SpaceSetting:44)
	at com.kms.katalon.core.main.ScriptEngine.run(ScriptEngine.java:194)
	at com.kms.katalon.core.main.ScriptEngine.runScriptAsRawText(ScriptEngine.java:119)
	at com.kms.katalon.core.main.TestCaseExecutor.runScript(TestCaseExecutor.java:442)
	at com.kms.katalon.core.main.TestCaseExecutor.doExecute(TestCaseExecutor.java:433)
	at com.kms.katalon.core.main.TestCaseExecutor.processExecutionPhase(TestCaseExecutor.java:412)
	at com.kms.katalon.core.main.TestCaseExecutor.accessMainPhase(TestCaseExecutor.java:404)
	at com.kms.katalon.core.main.TestCaseExecutor.execute(TestCaseExecutor.java:281)
	at com.kms.katalon.core.main.TestSuiteExecutor.accessTestCaseMainPhase(TestSuiteExecutor.java:202)
	at com.kms.katalon.core.main.TestSuiteExecutor.accessTestSuiteMainPhase(TestSuiteExecutor.java:164)
	at com.kms.katalon.core.main.TestSuiteExecutor.execute(TestSuiteExecutor.java:105)
	at com.kms.katalon.core.main.TestCaseMain.startTestSuite(TestCaseMain.java:181)
	at com.kms.katalon.core.main.TestCaseMain$startTestSuite$0.call(Unknown Source)
	at TempTestSuite1642435143013.run(TempTestSuite1642435143013.groovy:36)
Caused by: com.kms.katalon.core.webui.exception.WebElementNotFoundException: Web element with id: 'Object Repository/Page_Element  hey ban Khoa/div_Invite_mx_AccessibleButton mx_SpaceRoom_87964d' located by '//section[@id='matrixchat']/div/div[2]/div[3]/main/div/div/div[3]/div[3]' not found
	at com.kms.katalon.core.webui.common.WebUiCommonHelper.findWebElement(WebUiCommonHelper.java:1368)
	at com.kms.katalon.core.webui.keyword.internal.WebUIAbstractKeyword.findWebElement(WebUIAbstractKeyword.groovy:27)
	at com.kms.katalon.core.webui.keyword.builtin.ClickKeyword$_click_closure1.doCall(ClickKeyword.groovy:65)
	at com.kms.katalon.core.webui.keyword.builtin.ClickKeyword$_click_closure1.call(ClickKeyword.groovy)
	at com.kms.katalon.core.webui.keyword.internal.WebUIKeywordMain.runKeyword(WebUIKeywordMain.groovy:20)
	at com.kms.katalon.core.webui.keyword.builtin.ClickKeyword.click(ClickKeyword.groovy:74)
	at com.kms.katalon.core.webui.keyword.builtin.ClickKeyword.execute(ClickKeyword.groovy:40)
	at com.kms.katalon.core.keyword.internal.KeywordExecutor.executeKeywordForPlatform(KeywordExecutor.groovy:74)
	at com.kms.katalon.core.webui.keyword.WebUiBuiltInKeywords.click(WebUiBuiltInKeywords.groovy:620)
	at com.kms.katalon.core.webui.keyword.WebUiBuiltInKeywords$click$1.call(Unknown Source)
	at Script1642175990724.run(Script1642175990724.groovy:44)
	... 13 more
)
[[ATTACHMENT|C:\\Users\\ha.pham\\Documents\\GitHub\\Bonus-SE\\Katalon_pj\\Bonus_SE\\Reports\\20220117_225903\\Run all test case\\20220117_225903\\1642437119438.png]]]]></system-out>
         <system-err><![CDATA[2022-01-17 23:30:57 - [TEST_CASE][FAILED] - Test Cases/71.SpaceSetting: Test Cases/71.SpaceSetting FAILED.
Reason:
com.kms.katalon.core.exception.StepFailedException: Unable to click on object 'Object Repository/Page_Element  hey ban Khoa/div_Invite_mx_AccessibleButton mx_SpaceRoom_87964d'
	at com.kms.katalon.core.webui.keyword.internal.WebUIKeywordMain.stepFailed(WebUIKeywordMain.groovy:64)
	at com.kms.katalon.core.webui.keyword.internal.WebUIKeywordMain.runKeyword(WebUIKeywordMain.groovy:26)
	at com.kms.katalon.core.webui.keyword.builtin.ClickKeyword.click(ClickKeyword.groovy:74)
	at com.kms.katalon.core.webui.keyword.builtin.ClickKeyword.execute(ClickKeyword.groovy:40)
	at com.kms.katalon.core.keyword.internal.KeywordExecutor.executeKeywordForPlatform(KeywordExecutor.groovy:74)
	at com.kms.katalon.core.webui.keyword.WebUiBuiltInKeywords.click(WebUiBuiltInKeywords.groovy:620)
	at com.kms.katalon.core.webui.keyword.WebUiBuiltInKeywords$click$1.call(Unknown Source)
	at 71.SpaceSetting.run(71.SpaceSetting:44)
	at com.kms.katalon.core.main.ScriptEngine.run(ScriptEngine.java:194)
	at com.kms.katalon.core.main.ScriptEngine.runScriptAsRawText(ScriptEngine.java:119)
	at com.kms.katalon.core.main.TestCaseExecutor.runScript(TestCaseExecutor.java:442)
	at com.kms.katalon.core.main.TestCaseExecutor.doExecute(TestCaseExecutor.java:433)
	at com.kms.katalon.core.main.TestCaseExecutor.processExecutionPhase(TestCaseExecutor.java:412)
	at com.kms.katalon.core.main.TestCaseExecutor.accessMainPhase(TestCaseExecutor.java:404)
	at com.kms.katalon.core.main.TestCaseExecutor.execute(TestCaseExecutor.java:281)
	at com.kms.katalon.core.main.TestSuiteExecutor.accessTestCaseMainPhase(TestSuiteExecutor.java:202)
	at com.kms.katalon.core.main.TestSuiteExecutor.accessTestSuiteMainPhase(TestSuiteExecutor.java:164)
	at com.kms.katalon.core.main.TestSuiteExecutor.execute(TestSuiteExecutor.java:105)
	at com.kms.katalon.core.main.TestCaseMain.startTestSuite(TestCaseMain.java:181)
	at com.kms.katalon.core.main.TestCaseMain$startTestSuite$0.call(Unknown Source)
	at TempTestSuite1642435143013.run(TempTestSuite1642435143013.groovy:36)
Caused by: com.kms.katalon.core.webui.exception.WebElementNotFoundException: Web element with id: 'Object Repository/Page_Element  hey ban Khoa/div_Invite_mx_AccessibleButton mx_SpaceRoom_87964d' located by '//section[@id='matrixchat']/div/div[2]/div[3]/main/div/div/div[3]/div[3]' not found
	at com.kms.katalon.core.webui.common.WebUiCommonHelper.findWebElement(WebUiCommonHelper.java:1368)
	at com.kms.katalon.core.webui.keyword.internal.WebUIAbstractKeyword.findWebElement(WebUIAbstractKeyword.groovy:27)
	at com.kms.katalon.core.webui.keyword.builtin.ClickKeyword$_click_closure1.doCall(ClickKeyword.groovy:65)
	at com.kms.katalon.core.webui.keyword.builtin.ClickKeyword$_click_closure1.call(ClickKeyword.groovy)
	at com.kms.katalon.core.webui.keyword.internal.WebUIKeywordMain.runKeyword(WebUIKeywordMain.groovy:20)
	... 19 more]]></system-err>
      </testcase>
      <testcase name="Test Cases/73.InviteToSpacec" time="69.738" classname="Test Cases/73.InviteToSpacec" status="FAILED">
         <failure type="FAILED" message="Test Cases/73.InviteToSpacec FAILED.
Reason:
com.kms.katalon.core.exception.StepFailedException: Unable to click on object 'Object Repository/Page_Element  hey ban Khoa/div_Invite'
	at com.kms.katalon.core.webui.keyword.internal.WebUIKeywordMain.stepFailed(WebUIKeywordMain.groovy:64)
	at com.kms.katalon.core.webui.keyword.internal.WebUIKeywordMain.runKeyword(WebUIKeywordMain.groovy:26)
	at com.kms.katalon.core.webui.keyword.builtin.ClickKeyword.click(ClickKeyword.groovy:74)
	at com.kms.katalon.core.webui.keyword.builtin.ClickKeyword.execute(ClickKeyword.groovy:40)
	at com.kms.katalon.core.keyword.internal.KeywordExecutor.executeKeywordForPlatform(KeywordExecutor.groovy:74)
	at com.kms.katalon.core.webui.keyword.WebUiBuiltInKeywords.click(WebUiBuiltInKeywords.groovy:620)
	at com.kms.katalon.core.webui.keyword.WebUiBuiltInKeywords$click$1.call(Unknown Source)
	at 73.InviteToSpacec.run(73.InviteToSpacec:42)
	at com.kms.katalon.core.main.ScriptEngine.run(ScriptEngine.java:194)
	at com.kms.katalon.core.main.ScriptEngine.runScriptAsRawText(ScriptEngine.java:119)
	at com.kms.katalon.core.main.TestCaseExecutor.runScript(TestCaseExecutor.java:442)
	at com.kms.katalon.core.main.TestCaseExecutor.doExecute(TestCaseExecutor.java:433)
	at com.kms.katalon.core.main.TestCaseExecutor.processExecutionPhase(TestCaseExecutor.java:412)
	at com.kms.katalon.core.main.TestCaseExecutor.accessMainPhase(TestCaseExecutor.java:404)
	at com.kms.katalon.core.main.TestCaseExecutor.execute(TestCaseExecutor.java:281)
	at com.kms.katalon.core.main.TestSuiteExecutor.accessTestCaseMainPhase(TestSuiteExecutor.java:202)
	at com.kms.katalon.core.main.TestSuiteExecutor.accessTestSuiteMainPhase(TestSuiteExecutor.java:164)
	at com.kms.katalon.core.main.TestSuiteExecutor.execute(TestSuiteExecutor.java:105)
	at com.kms.katalon.core.main.TestCaseMain.startTestSuite(TestCaseMain.java:181)
	at com.kms.katalon.core.main.TestCaseMain$startTestSuite$0.call(Unknown Source)
	at TempTestSuite1642435143013.run(TempTestSuite1642435143013.groovy:36)
Caused by: com.kms.katalon.core.webui.exception.WebElementNotFoundException: Web element with id: 'Object Repository/Page_Element  hey ban Khoa/div_Invite' located by '//section[@id='matrixchat']/div/div[2]/div[3]/main/div/div/div[3]/div[2]' not found
	at com.kms.katalon.core.webui.common.WebUiCommonHelper.findWebElement(WebUiCommonHelper.java:1368)
	at com.kms.katalon.core.webui.keyword.internal.WebUIAbstractKeyword.findWebElement(WebUIAbstractKeyword.groovy:27)
	at com.kms.katalon.core.webui.keyword.builtin.ClickKeyword$_click_closure1.doCall(ClickKeyword.groovy:65)
	at com.kms.katalon.core.webui.keyword.builtin.ClickKeyword$_click_closure1.call(ClickKeyword.groovy)
	at com.kms.katalon.core.webui.keyword.internal.WebUIKeywordMain.runKeyword(WebUIKeywordMain.groovy:20)
	... 19 more
"/>
         <system-out><![CDATA[2022-01-17 23:31:59 - [TEST_CASE][FAILED] - Test Cases/73.InviteToSpacec: Test Cases/73.InviteToSpacec FAILED.
Reason:
com.kms.katalon.core.exception.StepFailedException: Unable to click on object 'Object Repository/Page_Element  hey ban Khoa/div_Invite'
	at com.kms.katalon.core.webui.keyword.internal.WebUIKeywordMain.stepFailed(WebUIKeywordMain.groovy:64)
	at com.kms.katalon.core.webui.keyword.internal.WebUIKeywordMain.runKeyword(WebUIKeywordMain.groovy:26)
	at com.kms.katalon.core.webui.keyword.builtin.ClickKeyword.click(ClickKeyword.groovy:74)
	at com.kms.katalon.core.webui.keyword.builtin.ClickKeyword.execute(ClickKeyword.groovy:40)
	at com.kms.katalon.core.keyword.internal.KeywordExecutor.executeKeywordForPlatform(KeywordExecutor.groovy:74)
	at com.kms.katalon.core.webui.keyword.WebUiBuiltInKeywords.click(WebUiBuiltInKeywords.groovy:620)
	at com.kms.katalon.core.webui.keyword.WebUiBuiltInKeywords$click$1.call(Unknown Source)
	at 73.InviteToSpacec.run(73.InviteToSpacec:42)
	at com.kms.katalon.core.main.ScriptEngine.run(ScriptEngine.java:194)
	at com.kms.katalon.core.main.ScriptEngine.runScriptAsRawText(ScriptEngine.java:119)
	at com.kms.katalon.core.main.TestCaseExecutor.runScript(TestCaseExecutor.java:442)
	at com.kms.katalon.core.main.TestCaseExecutor.doExecute(TestCaseExecutor.java:433)
	at com.kms.katalon.core.main.TestCaseExecutor.processExecutionPhase(TestCaseExecutor.java:412)
	at com.kms.katalon.core.main.TestCaseExecutor.accessMainPhase(TestCaseExecutor.java:404)
	at com.kms.katalon.core.main.TestCaseExecutor.execute(TestCaseExecutor.java:281)
	at com.kms.katalon.core.main.TestSuiteExecutor.accessTestCaseMainPhase(TestSuiteExecutor.java:202)
	at com.kms.katalon.core.main.TestSuiteExecutor.accessTestSuiteMainPhase(TestSuiteExecutor.java:164)
	at com.kms.katalon.core.main.TestSuiteExecutor.execute(TestSuiteExecutor.java:105)
	at com.kms.katalon.core.main.TestCaseMain.startTestSuite(TestCaseMain.java:181)
	at com.kms.katalon.core.main.TestCaseMain$startTestSuite$0.call(Unknown Source)
	at TempTestSuite1642435143013.run(TempTestSuite1642435143013.groovy:36)
Caused by: com.kms.katalon.core.webui.exception.WebElementNotFoundException: Web element with id: 'Object Repository/Page_Element  hey ban Khoa/div_Invite' located by '//section[@id='matrixchat']/div/div[2]/div[3]/main/div/div/div[3]/div[2]' not found
	at com.kms.katalon.core.webui.common.WebUiCommonHelper.findWebElement(WebUiCommonHelper.java:1368)
	at com.kms.katalon.core.webui.keyword.internal.WebUIAbstractKeyword.findWebElement(WebUIAbstractKeyword.groovy:27)
	at com.kms.katalon.core.webui.keyword.builtin.ClickKeyword$_click_closure1.doCall(ClickKeyword.groovy:65)
	at com.kms.katalon.core.webui.keyword.builtin.ClickKeyword$_click_closure1.call(ClickKeyword.groovy)
	at com.kms.katalon.core.webui.keyword.internal.WebUIKeywordMain.runKeyword(WebUIKeywordMain.groovy:20)
	... 19 more


2022-01-17 23:31:59 - [TEST_STEP][PASSED] - openBrowser(""): Browser is opened with url: ''

2022-01-17 23:31:59 - [MESSAGE][WARNING] - A browser is already opened. Closing browser and opening a new one

2022-01-17 23:32:01 - [MESSAGE][INFO] - Starting 'Chrome' driver

2022-01-17 23:32:01 - [MESSAGE][INFO] - Action delay is set to 1,000 milliseconds

2022-01-17 23:32:02 - [MESSAGE][PASSED] - Browser is opened with url: ''

2022-01-17 23:32:02 - [TEST_STEP][PASSED] - navigateToUrl("http://localhost:8080/"): Navigate to 'http://localhost:8080/' successfully

2022-01-17 23:32:05 - [MESSAGE][PASSED] - Navigate to 'http://localhost:8080/' successfully

2022-01-17 23:32:05 - [TEST_STEP][PASSED] - click(findTestObject("Object Repository/Page_Element/div_Sign In")): Object: 'Object Repository/Page_Element/div_Sign In' is clicked on

2022-01-17 23:32:08 - [MESSAGE][PASSED] - Object: 'Object Repository/Page_Element/div_Sign In' is clicked on

2022-01-17 23:32:08 - [TEST_STEP][PASSED] - setText(findTestObject("Object Repository/Page_Element/input_Sign in with_username"), "ptnha19"): Text 'ptnha19' is set on object 'Object Repository/Page_Element/input_Sign in with_username'

2022-01-17 23:32:11 - [MESSAGE][PASSED] - Text 'ptnha19' is set on object 'Object Repository/Page_Element/input_Sign in with_username'

2022-01-17 23:32:11 - [TEST_STEP][PASSED] - setEncryptedText(findTestObject("Object Repository/Page_Element/input_Username_password"), "5R3Ima4A+eOeCrCDRGMLmJpaGR3V3+YI"): Text ****** has been set on object 'Object Repository/Page_Element/input_Username_password'

2022-01-17 23:32:14 - [MESSAGE][PASSED] - Text ****** has been set on object 'Object Repository/Page_Element/input_Username_password'

2022-01-17 23:32:14 - [TEST_STEP][PASSED] - click(findTestObject("Object Repository/Page_Element/input_Forgot password_mx_Login_submit")): Object: 'Object Repository/Page_Element/input_Forgot password_mx_Login_submit' is clicked on

2022-01-17 23:32:15 - [MESSAGE][PASSED] - Object: 'Object Repository/Page_Element/input_Forgot password_mx_Login_submit' is clicked on

2022-01-17 23:32:15 - [TEST_STEP][PASSED] - click(findTestObject("Object Repository/Page_Element/div_Verify with Security Key")): Object: 'Object Repository/Page_Element/div_Verify with Security Key' is clicked on

2022-01-17 23:32:30 - [MESSAGE][PASSED] - Object: 'Object Repository/Page_Element/div_Verify with Security Key' is clicked on

2022-01-17 23:32:30 - [TEST_STEP][PASSED] - click(findTestObject("Object Repository/Page_Element/button_Go Back")): Object: 'Object Repository/Page_Element/button_Go Back' is clicked on

2022-01-17 23:32:34 - [MESSAGE][PASSED] - Object: 'Object Repository/Page_Element/button_Go Back' is clicked on

2022-01-17 23:32:34 - [TEST_STEP][PASSED] - click(findTestObject("Object Repository/Page_Element/div_Verify this device_mx_AccessibleButton _90ce45")): Object: 'Object Repository/Page_Element/div_Verify this device_mx_AccessibleButton _90ce45' is clicked on

2022-01-17 23:32:35 - [MESSAGE][PASSED] - Object: 'Object Repository/Page_Element/div_Verify this device_mx_AccessibleButton _90ce45' is clicked on

2022-01-17 23:32:35 - [TEST_STEP][PASSED] - click(findTestObject("Object Repository/Page_Element/div_Ill verify later")): Object: 'Object Repository/Page_Element/div_Ill verify later' is clicked on

2022-01-17 23:32:36 - [MESSAGE][PASSED] - Object: 'Object Repository/Page_Element/div_Ill verify later' is clicked on

2022-01-17 23:32:36 - [TEST_STEP][PASSED] - click(findTestObject("Object Repository/Page_Element/span_H")): Object: 'Object Repository/Page_Element/span_H' is clicked on

2022-01-17 23:32:38 - [MESSAGE][PASSED] - Object: 'Object Repository/Page_Element/span_H' is clicked on

2022-01-17 23:32:38 - [TEST_STEP][FAILED] - click(findTestObject("Object Repository/Page_Element  hey ban Khoa/div_Invite")): Unable to click on object 'Object Repository/Page_Element  hey ban Khoa/div_Invite' (Root cause: com.kms.katalon.core.exception.StepFailedException: Unable to click on object 'Object Repository/Page_Element  hey ban Khoa/div_Invite'
	at com.kms.katalon.core.webui.keyword.internal.WebUIKeywordMain.stepFailed(WebUIKeywordMain.groovy:64)
	at com.kms.katalon.core.webui.keyword.internal.WebUIKeywordMain.runKeyword(WebUIKeywordMain.groovy:26)
	at com.kms.katalon.core.webui.keyword.builtin.ClickKeyword.click(ClickKeyword.groovy:74)
	at com.kms.katalon.core.webui.keyword.builtin.ClickKeyword.execute(ClickKeyword.groovy:40)
	at com.kms.katalon.core.keyword.internal.KeywordExecutor.executeKeywordForPlatform(KeywordExecutor.groovy:74)
	at com.kms.katalon.core.webui.keyword.WebUiBuiltInKeywords.click(WebUiBuiltInKeywords.groovy:620)
	at com.kms.katalon.core.webui.keyword.WebUiBuiltInKeywords$click$1.call(Unknown Source)
	at 73.InviteToSpacec.run(73.InviteToSpacec:42)
	at com.kms.katalon.core.main.ScriptEngine.run(ScriptEngine.java:194)
	at com.kms.katalon.core.main.ScriptEngine.runScriptAsRawText(ScriptEngine.java:119)
	at com.kms.katalon.core.main.TestCaseExecutor.runScript(TestCaseExecutor.java:442)
	at com.kms.katalon.core.main.TestCaseExecutor.doExecute(TestCaseExecutor.java:433)
	at com.kms.katalon.core.main.TestCaseExecutor.processExecutionPhase(TestCaseExecutor.java:412)
	at com.kms.katalon.core.main.TestCaseExecutor.accessMainPhase(TestCaseExecutor.java:404)
	at com.kms.katalon.core.main.TestCaseExecutor.execute(TestCaseExecutor.java:281)
	at com.kms.katalon.core.main.TestSuiteExecutor.accessTestCaseMainPhase(TestSuiteExecutor.java:202)
	at com.kms.katalon.core.main.TestSuiteExecutor.accessTestSuiteMainPhase(TestSuiteExecutor.java:164)
	at com.kms.katalon.core.main.TestSuiteExecutor.execute(TestSuiteExecutor.java:105)
	at com.kms.katalon.core.main.TestCaseMain.startTestSuite(TestCaseMain.java:181)
	at com.kms.katalon.core.main.TestCaseMain$startTestSuite$0.call(Unknown Source)
	at TempTestSuite1642435143013.run(TempTestSuite1642435143013.groovy:36)
Caused by: com.kms.katalon.core.webui.exception.WebElementNotFoundException: Web element with id: 'Object Repository/Page_Element  hey ban Khoa/div_Invite' located by '//section[@id='matrixchat']/div/div[2]/div[3]/main/div/div/div[3]/div[2]' not found
	at com.kms.katalon.core.webui.common.WebUiCommonHelper.findWebElement(WebUiCommonHelper.java:1368)
	at com.kms.katalon.core.webui.keyword.internal.WebUIAbstractKeyword.findWebElement(WebUIAbstractKeyword.groovy:27)
	at com.kms.katalon.core.webui.keyword.builtin.ClickKeyword$_click_closure1.doCall(ClickKeyword.groovy:65)
	at com.kms.katalon.core.webui.keyword.builtin.ClickKeyword$_click_closure1.call(ClickKeyword.groovy)
	at com.kms.katalon.core.webui.keyword.internal.WebUIKeywordMain.runKeyword(WebUIKeywordMain.groovy:20)
	at com.kms.katalon.core.webui.keyword.builtin.ClickKeyword.click(ClickKeyword.groovy:74)
	at com.kms.katalon.core.webui.keyword.builtin.ClickKeyword.execute(ClickKeyword.groovy:40)
	at com.kms.katalon.core.keyword.internal.KeywordExecutor.executeKeywordForPlatform(KeywordExecutor.groovy:74)
	at com.kms.katalon.core.webui.keyword.WebUiBuiltInKeywords.click(WebUiBuiltInKeywords.groovy:620)
	at com.kms.katalon.core.webui.keyword.WebUiBuiltInKeywords$click$1.call(Unknown Source)
	at Script1642176382570.run(Script1642176382570.groovy:42)
	... 13 more
)

2022-01-17 23:33:09 - [MESSAGE][INFO] - Unable to find the element located by 'By.xpath: //section[@id='matrixchat']/div/div[2]/div[3]/main/div/div/div[3]/div[2]'. Please recheck the objects properties to make sure the desired element is located. 

2022-01-17 23:33:09 - [MESSAGE][FAILED] - Unable to click on object 'Object Repository/Page_Element  hey ban Khoa/div_Invite' (Root cause: com.kms.katalon.core.exception.StepFailedException: Unable to click on object 'Object Repository/Page_Element  hey ban Khoa/div_Invite'
	at com.kms.katalon.core.webui.keyword.internal.WebUIKeywordMain.stepFailed(WebUIKeywordMain.groovy:64)
	at com.kms.katalon.core.webui.keyword.internal.WebUIKeywordMain.runKeyword(WebUIKeywordMain.groovy:26)
	at com.kms.katalon.core.webui.keyword.builtin.ClickKeyword.click(ClickKeyword.groovy:74)
	at com.kms.katalon.core.webui.keyword.builtin.ClickKeyword.execute(ClickKeyword.groovy:40)
	at com.kms.katalon.core.keyword.internal.KeywordExecutor.executeKeywordForPlatform(KeywordExecutor.groovy:74)
	at com.kms.katalon.core.webui.keyword.WebUiBuiltInKeywords.click(WebUiBuiltInKeywords.groovy:620)
	at com.kms.katalon.core.webui.keyword.WebUiBuiltInKeywords$click$1.call(Unknown Source)
	at 73.InviteToSpacec.run(73.InviteToSpacec:42)
	at com.kms.katalon.core.main.ScriptEngine.run(ScriptEngine.java:194)
	at com.kms.katalon.core.main.ScriptEngine.runScriptAsRawText(ScriptEngine.java:119)
	at com.kms.katalon.core.main.TestCaseExecutor.runScript(TestCaseExecutor.java:442)
	at com.kms.katalon.core.main.TestCaseExecutor.doExecute(TestCaseExecutor.java:433)
	at com.kms.katalon.core.main.TestCaseExecutor.processExecutionPhase(TestCaseExecutor.java:412)
	at com.kms.katalon.core.main.TestCaseExecutor.accessMainPhase(TestCaseExecutor.java:404)
	at com.kms.katalon.core.main.TestCaseExecutor.execute(TestCaseExecutor.java:281)
	at com.kms.katalon.core.main.TestSuiteExecutor.accessTestCaseMainPhase(TestSuiteExecutor.java:202)
	at com.kms.katalon.core.main.TestSuiteExecutor.accessTestSuiteMainPhase(TestSuiteExecutor.java:164)
	at com.kms.katalon.core.main.TestSuiteExecutor.execute(TestSuiteExecutor.java:105)
	at com.kms.katalon.core.main.TestCaseMain.startTestSuite(TestCaseMain.java:181)
	at com.kms.katalon.core.main.TestCaseMain$startTestSuite$0.call(Unknown Source)
	at TempTestSuite1642435143013.run(TempTestSuite1642435143013.groovy:36)
Caused by: com.kms.katalon.core.webui.exception.WebElementNotFoundException: Web element with id: 'Object Repository/Page_Element  hey ban Khoa/div_Invite' located by '//section[@id='matrixchat']/div/div[2]/div[3]/main/div/div/div[3]/div[2]' not found
	at com.kms.katalon.core.webui.common.WebUiCommonHelper.findWebElement(WebUiCommonHelper.java:1368)
	at com.kms.katalon.core.webui.keyword.internal.WebUIAbstractKeyword.findWebElement(WebUIAbstractKeyword.groovy:27)
	at com.kms.katalon.core.webui.keyword.builtin.ClickKeyword$_click_closure1.doCall(ClickKeyword.groovy:65)
	at com.kms.katalon.core.webui.keyword.builtin.ClickKeyword$_click_closure1.call(ClickKeyword.groovy)
	at com.kms.katalon.core.webui.keyword.internal.WebUIKeywordMain.runKeyword(WebUIKeywordMain.groovy:20)
	at com.kms.katalon.core.webui.keyword.builtin.ClickKeyword.click(ClickKeyword.groovy:74)
	at com.kms.katalon.core.webui.keyword.builtin.ClickKeyword.execute(ClickKeyword.groovy:40)
	at com.kms.katalon.core.keyword.internal.KeywordExecutor.executeKeywordForPlatform(KeywordExecutor.groovy:74)
	at com.kms.katalon.core.webui.keyword.WebUiBuiltInKeywords.click(WebUiBuiltInKeywords.groovy:620)
	at com.kms.katalon.core.webui.keyword.WebUiBuiltInKeywords$click$1.call(Unknown Source)
	at Script1642176382570.run(Script1642176382570.groovy:42)
	... 13 more
)
[[ATTACHMENT|C:\\Users\\ha.pham\\Documents\\GitHub\\Bonus-SE\\Katalon_pj\\Bonus_SE\\Reports\\20220117_225903\\Run all test case\\20220117_225903\\1642437189149.png]]]]></system-out>
         <system-err><![CDATA[2022-01-17 23:31:59 - [TEST_CASE][FAILED] - Test Cases/73.InviteToSpacec: Test Cases/73.InviteToSpacec FAILED.
Reason:
com.kms.katalon.core.exception.StepFailedException: Unable to click on object 'Object Repository/Page_Element  hey ban Khoa/div_Invite'
	at com.kms.katalon.core.webui.keyword.internal.WebUIKeywordMain.stepFailed(WebUIKeywordMain.groovy:64)
	at com.kms.katalon.core.webui.keyword.internal.WebUIKeywordMain.runKeyword(WebUIKeywordMain.groovy:26)
	at com.kms.katalon.core.webui.keyword.builtin.ClickKeyword.click(ClickKeyword.groovy:74)
	at com.kms.katalon.core.webui.keyword.builtin.ClickKeyword.execute(ClickKeyword.groovy:40)
	at com.kms.katalon.core.keyword.internal.KeywordExecutor.executeKeywordForPlatform(KeywordExecutor.groovy:74)
	at com.kms.katalon.core.webui.keyword.WebUiBuiltInKeywords.click(WebUiBuiltInKeywords.groovy:620)
	at com.kms.katalon.core.webui.keyword.WebUiBuiltInKeywords$click$1.call(Unknown Source)
	at 73.InviteToSpacec.run(73.InviteToSpacec:42)
	at com.kms.katalon.core.main.ScriptEngine.run(ScriptEngine.java:194)
	at com.kms.katalon.core.main.ScriptEngine.runScriptAsRawText(ScriptEngine.java:119)
	at com.kms.katalon.core.main.TestCaseExecutor.runScript(TestCaseExecutor.java:442)
	at com.kms.katalon.core.main.TestCaseExecutor.doExecute(TestCaseExecutor.java:433)
	at com.kms.katalon.core.main.TestCaseExecutor.processExecutionPhase(TestCaseExecutor.java:412)
	at com.kms.katalon.core.main.TestCaseExecutor.accessMainPhase(TestCaseExecutor.java:404)
	at com.kms.katalon.core.main.TestCaseExecutor.execute(TestCaseExecutor.java:281)
	at com.kms.katalon.core.main.TestSuiteExecutor.accessTestCaseMainPhase(TestSuiteExecutor.java:202)
	at com.kms.katalon.core.main.TestSuiteExecutor.accessTestSuiteMainPhase(TestSuiteExecutor.java:164)
	at com.kms.katalon.core.main.TestSuiteExecutor.execute(TestSuiteExecutor.java:105)
	at com.kms.katalon.core.main.TestCaseMain.startTestSuite(TestCaseMain.java:181)
	at com.kms.katalon.core.main.TestCaseMain$startTestSuite$0.call(Unknown Source)
	at TempTestSuite1642435143013.run(TempTestSuite1642435143013.groovy:36)
Caused by: com.kms.katalon.core.webui.exception.WebElementNotFoundException: Web element with id: 'Object Repository/Page_Element  hey ban Khoa/div_Invite' located by '//section[@id='matrixchat']/div/div[2]/div[3]/main/div/div/div[3]/div[2]' not found
	at com.kms.katalon.core.webui.common.WebUiCommonHelper.findWebElement(WebUiCommonHelper.java:1368)
	at com.kms.katalon.core.webui.keyword.internal.WebUIAbstractKeyword.findWebElement(WebUIAbstractKeyword.groovy:27)
	at com.kms.katalon.core.webui.keyword.builtin.ClickKeyword$_click_closure1.doCall(ClickKeyword.groovy:65)
	at com.kms.katalon.core.webui.keyword.builtin.ClickKeyword$_click_closure1.call(ClickKeyword.groovy)
	at com.kms.katalon.core.webui.keyword.internal.WebUIKeywordMain.runKeyword(WebUIKeywordMain.groovy:20)
	... 19 more]]></system-err>
      </testcase>
      <testcase name="Test Cases/76.AddInvalidPhoneNumber" time="73.923" classname="Test Cases/76.AddInvalidPhoneNumber" status="FAILED">
         <failure type="FAILED" message="Test Cases/76.AddInvalidPhoneNumber FAILED.
Reason:
com.kms.katalon.core.exception.StepFailedException: Unable to click on object 'Object Repository/Page_Element/button_OK'
	at com.kms.katalon.core.webui.keyword.internal.WebUIKeywordMain.stepFailed(WebUIKeywordMain.groovy:64)
	at com.kms.katalon.core.webui.keyword.internal.WebUIKeywordMain.runKeyword(WebUIKeywordMain.groovy:26)
	at com.kms.katalon.core.webui.keyword.builtin.ClickKeyword.click(ClickKeyword.groovy:74)
	at com.kms.katalon.core.webui.keyword.builtin.ClickKeyword.execute(ClickKeyword.groovy:40)
	at com.kms.katalon.core.keyword.internal.KeywordExecutor.executeKeywordForPlatform(KeywordExecutor.groovy:74)
	at com.kms.katalon.core.webui.keyword.WebUiBuiltInKeywords.click(WebUiBuiltInKeywords.groovy:620)
	at com.kms.katalon.core.webui.keyword.WebUiBuiltInKeywords$click$1.call(Unknown Source)
	at 76.AddInvalidPhoneNumber.run(76.AddInvalidPhoneNumber:48)
	at com.kms.katalon.core.main.ScriptEngine.run(ScriptEngine.java:194)
	at com.kms.katalon.core.main.ScriptEngine.runScriptAsRawText(ScriptEngine.java:119)
	at com.kms.katalon.core.main.TestCaseExecutor.runScript(TestCaseExecutor.java:442)
	at com.kms.katalon.core.main.TestCaseExecutor.doExecute(TestCaseExecutor.java:433)
	at com.kms.katalon.core.main.TestCaseExecutor.processExecutionPhase(TestCaseExecutor.java:412)
	at com.kms.katalon.core.main.TestCaseExecutor.accessMainPhase(TestCaseExecutor.java:404)
	at com.kms.katalon.core.main.TestCaseExecutor.execute(TestCaseExecutor.java:281)
	at com.kms.katalon.core.main.TestSuiteExecutor.accessTestCaseMainPhase(TestSuiteExecutor.java:202)
	at com.kms.katalon.core.main.TestSuiteExecutor.accessTestSuiteMainPhase(TestSuiteExecutor.java:164)
	at com.kms.katalon.core.main.TestSuiteExecutor.execute(TestSuiteExecutor.java:105)
	at com.kms.katalon.core.main.TestCaseMain.startTestSuite(TestCaseMain.java:181)
	at com.kms.katalon.core.main.TestCaseMain$startTestSuite$0.call(Unknown Source)
	at TempTestSuite1642435143013.run(TempTestSuite1642435143013.groovy:36)
Caused by: com.kms.katalon.core.webui.exception.WebElementNotFoundException: Web element with id: 'Object Repository/Page_Element/button_OK' located by '//button[@type='button']' not found
	at com.kms.katalon.core.webui.common.WebUiCommonHelper.findWebElement(WebUiCommonHelper.java:1368)
	at com.kms.katalon.core.webui.keyword.internal.WebUIAbstractKeyword.findWebElement(WebUIAbstractKeyword.groovy:27)
	at com.kms.katalon.core.webui.keyword.builtin.ClickKeyword$_click_closure1.doCall(ClickKeyword.groovy:65)
	at com.kms.katalon.core.webui.keyword.builtin.ClickKeyword$_click_closure1.call(ClickKeyword.groovy)
	at com.kms.katalon.core.webui.keyword.internal.WebUIKeywordMain.runKeyword(WebUIKeywordMain.groovy:20)
	... 19 more
"/>
         <system-out><![CDATA[2022-01-17 23:33:09 - [TEST_CASE][FAILED] - Test Cases/76.AddInvalidPhoneNumber: Test Cases/76.AddInvalidPhoneNumber FAILED.
Reason:
com.kms.katalon.core.exception.StepFailedException: Unable to click on object 'Object Repository/Page_Element/button_OK'
	at com.kms.katalon.core.webui.keyword.internal.WebUIKeywordMain.stepFailed(WebUIKeywordMain.groovy:64)
	at com.kms.katalon.core.webui.keyword.internal.WebUIKeywordMain.runKeyword(WebUIKeywordMain.groovy:26)
	at com.kms.katalon.core.webui.keyword.builtin.ClickKeyword.click(ClickKeyword.groovy:74)
	at com.kms.katalon.core.webui.keyword.builtin.ClickKeyword.execute(ClickKeyword.groovy:40)
	at com.kms.katalon.core.keyword.internal.KeywordExecutor.executeKeywordForPlatform(KeywordExecutor.groovy:74)
	at com.kms.katalon.core.webui.keyword.WebUiBuiltInKeywords.click(WebUiBuiltInKeywords.groovy:620)
	at com.kms.katalon.core.webui.keyword.WebUiBuiltInKeywords$click$1.call(Unknown Source)
	at 76.AddInvalidPhoneNumber.run(76.AddInvalidPhoneNumber:48)
	at com.kms.katalon.core.main.ScriptEngine.run(ScriptEngine.java:194)
	at com.kms.katalon.core.main.ScriptEngine.runScriptAsRawText(ScriptEngine.java:119)
	at com.kms.katalon.core.main.TestCaseExecutor.runScript(TestCaseExecutor.java:442)
	at com.kms.katalon.core.main.TestCaseExecutor.doExecute(TestCaseExecutor.java:433)
	at com.kms.katalon.core.main.TestCaseExecutor.processExecutionPhase(TestCaseExecutor.java:412)
	at com.kms.katalon.core.main.TestCaseExecutor.accessMainPhase(TestCaseExecutor.java:404)
	at com.kms.katalon.core.main.TestCaseExecutor.execute(TestCaseExecutor.java:281)
	at com.kms.katalon.core.main.TestSuiteExecutor.accessTestCaseMainPhase(TestSuiteExecutor.java:202)
	at com.kms.katalon.core.main.TestSuiteExecutor.accessTestSuiteMainPhase(TestSuiteExecutor.java:164)
	at com.kms.katalon.core.main.TestSuiteExecutor.execute(TestSuiteExecutor.java:105)
	at com.kms.katalon.core.main.TestCaseMain.startTestSuite(TestCaseMain.java:181)
	at com.kms.katalon.core.main.TestCaseMain$startTestSuite$0.call(Unknown Source)
	at TempTestSuite1642435143013.run(TempTestSuite1642435143013.groovy:36)
Caused by: com.kms.katalon.core.webui.exception.WebElementNotFoundException: Web element with id: 'Object Repository/Page_Element/button_OK' located by '//button[@type='button']' not found
	at com.kms.katalon.core.webui.common.WebUiCommonHelper.findWebElement(WebUiCommonHelper.java:1368)
	at com.kms.katalon.core.webui.keyword.internal.WebUIAbstractKeyword.findWebElement(WebUIAbstractKeyword.groovy:27)
	at com.kms.katalon.core.webui.keyword.builtin.ClickKeyword$_click_closure1.doCall(ClickKeyword.groovy:65)
	at com.kms.katalon.core.webui.keyword.builtin.ClickKeyword$_click_closure1.call(ClickKeyword.groovy)
	at com.kms.katalon.core.webui.keyword.internal.WebUIKeywordMain.runKeyword(WebUIKeywordMain.groovy:20)
	... 19 more


2022-01-17 23:33:09 - [TEST_STEP][PASSED] - openBrowser(""): Browser is opened with url: ''

2022-01-17 23:33:09 - [MESSAGE][WARNING] - A browser is already opened. Closing browser and opening a new one

2022-01-17 23:33:10 - [MESSAGE][INFO] - Starting 'Chrome' driver

2022-01-17 23:33:10 - [MESSAGE][INFO] - Action delay is set to 1,000 milliseconds

2022-01-17 23:33:12 - [MESSAGE][PASSED] - Browser is opened with url: ''

2022-01-17 23:33:12 - [TEST_STEP][PASSED] - navigateToUrl("http://localhost:8080/"): Navigate to 'http://localhost:8080/' successfully

2022-01-17 23:33:15 - [MESSAGE][PASSED] - Navigate to 'http://localhost:8080/' successfully

2022-01-17 23:33:15 - [TEST_STEP][PASSED] - click(findTestObject("Object Repository/Page_Element/a_Sign In")): Object: 'Object Repository/Page_Element/a_Sign In' is clicked on

2022-01-17 23:33:18 - [MESSAGE][PASSED] - Object: 'Object Repository/Page_Element/a_Sign In' is clicked on

2022-01-17 23:33:18 - [TEST_STEP][PASSED] - setText(findTestObject("Object Repository/Page_Element/input_Sign in with_username"), "ptnha19"): Text 'ptnha19' is set on object 'Object Repository/Page_Element/input_Sign in with_username'

2022-01-17 23:33:22 - [MESSAGE][PASSED] - Text 'ptnha19' is set on object 'Object Repository/Page_Element/input_Sign in with_username'

2022-01-17 23:33:22 - [TEST_STEP][PASSED] - setEncryptedText(findTestObject("Object Repository/Page_Element/input_Username_password"), "5R3Ima4A+eOeCrCDRGMLmJpaGR3V3+YI"): Text ****** has been set on object 'Object Repository/Page_Element/input_Username_password'

2022-01-17 23:33:24 - [MESSAGE][PASSED] - Text ****** has been set on object 'Object Repository/Page_Element/input_Username_password'

2022-01-17 23:33:24 - [TEST_STEP][PASSED] - click(findTestObject("Object Repository/Page_Element/input_Forgot password_mx_Login_submit")): Object: 'Object Repository/Page_Element/input_Forgot password_mx_Login_submit' is clicked on

2022-01-17 23:33:25 - [MESSAGE][PASSED] - Object: 'Object Repository/Page_Element/input_Forgot password_mx_Login_submit' is clicked on

2022-01-17 23:33:25 - [TEST_STEP][PASSED] - click(findTestObject("Object Repository/Page_Element/div_Verify with Security Key")): Object: 'Object Repository/Page_Element/div_Verify with Security Key' is clicked on

2022-01-17 23:33:33 - [MESSAGE][PASSED] - Object: 'Object Repository/Page_Element/div_Verify with Security Key' is clicked on

2022-01-17 23:33:33 - [TEST_STEP][PASSED] - setEncryptedText(findTestObject("Object Repository/Page_Element/input_Security Key_mx_Field_4"), "PF4jXtbe/5x5+S5PgN4Kl/QbANAkWZYKqKaG9gW6gn+Po31AOnak0DX8GoEzAUkskgpeON1UhfEqZG0XXngJPA=="): Text ****** has been set on object 'Object Repository/Page_Element/input_Security Key_mx_Field_4'

2022-01-17 23:33:36 - [MESSAGE][PASSED] - Text ****** has been set on object 'Object Repository/Page_Element/input_Security Key_mx_Field_4'

2022-01-17 23:33:36 - [TEST_STEP][PASSED] - click(findTestObject("Object Repository/Page_Element/button_Continue")): Object: 'Object Repository/Page_Element/button_Continue' is clicked on

2022-01-17 23:33:37 - [MESSAGE][PASSED] - Object: 'Object Repository/Page_Element/button_Continue' is clicked on

2022-01-17 23:33:37 - [TEST_STEP][PASSED] - click(findTestObject("Object Repository/Page_Element/div_Done")): Object: 'Object Repository/Page_Element/div_Done' is clicked on

2022-01-17 23:33:40 - [MESSAGE][PASSED] - Object: 'Object Repository/Page_Element/div_Done' is clicked on

2022-01-17 23:33:40 - [TEST_STEP][PASSED] - click(findTestObject("Object Repository/Page_Element/img_Review_mx_BaseAvatar_image")): Object: 'Object Repository/Page_Element/img_Review_mx_BaseAvatar_image' is clicked on

2022-01-17 23:33:41 - [MESSAGE][PASSED] - Object: 'Object Repository/Page_Element/img_Review_mx_BaseAvatar_image' is clicked on

2022-01-17 23:33:41 - [TEST_STEP][PASSED] - click(findTestObject("Object Repository/Page_Element/span_All settings")): Object: 'Object Repository/Page_Element/span_All settings' is clicked on

2022-01-17 23:33:42 - [MESSAGE][PASSED] - Object: 'Object Repository/Page_Element/span_All settings' is clicked on

2022-01-17 23:33:42 - [TEST_STEP][PASSED] - setText(findTestObject("Object Repository/Page_Element/input__mx_Field_11"), "1233333"): Text '1233333' is set on object 'Object Repository/Page_Element/input__mx_Field_11'

2022-01-17 23:33:50 - [MESSAGE][PASSED] - Text '1233333' is set on object 'Object Repository/Page_Element/input__mx_Field_11'

2022-01-17 23:33:50 - [TEST_STEP][PASSED] - click(findTestObject("Object Repository/Page_Element/div_Add")): Object: 'Object Repository/Page_Element/div_Add' is clicked on

2022-01-17 23:33:52 - [MESSAGE][PASSED] - Object: 'Object Repository/Page_Element/div_Add' is clicked on

2022-01-17 23:33:52 - [TEST_STEP][FAILED] - click(findTestObject("Object Repository/Page_Element/button_OK")): Unable to click on object 'Object Repository/Page_Element/button_OK' (Root cause: com.kms.katalon.core.exception.StepFailedException: Unable to click on object 'Object Repository/Page_Element/button_OK'
	at com.kms.katalon.core.webui.keyword.internal.WebUIKeywordMain.stepFailed(WebUIKeywordMain.groovy:64)
	at com.kms.katalon.core.webui.keyword.internal.WebUIKeywordMain.runKeyword(WebUIKeywordMain.groovy:26)
	at com.kms.katalon.core.webui.keyword.builtin.ClickKeyword.click(ClickKeyword.groovy:74)
	at com.kms.katalon.core.webui.keyword.builtin.ClickKeyword.execute(ClickKeyword.groovy:40)
	at com.kms.katalon.core.keyword.internal.KeywordExecutor.executeKeywordForPlatform(KeywordExecutor.groovy:74)
	at com.kms.katalon.core.webui.keyword.WebUiBuiltInKeywords.click(WebUiBuiltInKeywords.groovy:620)
	at com.kms.katalon.core.webui.keyword.WebUiBuiltInKeywords$click$1.call(Unknown Source)
	at 76.AddInvalidPhoneNumber.run(76.AddInvalidPhoneNumber:48)
	at com.kms.katalon.core.main.ScriptEngine.run(ScriptEngine.java:194)
	at com.kms.katalon.core.main.ScriptEngine.runScriptAsRawText(ScriptEngine.java:119)
	at com.kms.katalon.core.main.TestCaseExecutor.runScript(TestCaseExecutor.java:442)
	at com.kms.katalon.core.main.TestCaseExecutor.doExecute(TestCaseExecutor.java:433)
	at com.kms.katalon.core.main.TestCaseExecutor.processExecutionPhase(TestCaseExecutor.java:412)
	at com.kms.katalon.core.main.TestCaseExecutor.accessMainPhase(TestCaseExecutor.java:404)
	at com.kms.katalon.core.main.TestCaseExecutor.execute(TestCaseExecutor.java:281)
	at com.kms.katalon.core.main.TestSuiteExecutor.accessTestCaseMainPhase(TestSuiteExecutor.java:202)
	at com.kms.katalon.core.main.TestSuiteExecutor.accessTestSuiteMainPhase(TestSuiteExecutor.java:164)
	at com.kms.katalon.core.main.TestSuiteExecutor.execute(TestSuiteExecutor.java:105)
	at com.kms.katalon.core.main.TestCaseMain.startTestSuite(TestCaseMain.java:181)
	at com.kms.katalon.core.main.TestCaseMain$startTestSuite$0.call(Unknown Source)
	at TempTestSuite1642435143013.run(TempTestSuite1642435143013.groovy:36)
Caused by: com.kms.katalon.core.webui.exception.WebElementNotFoundException: Web element with id: 'Object Repository/Page_Element/button_OK' located by '//button[@type='button']' not found
	at com.kms.katalon.core.webui.common.WebUiCommonHelper.findWebElement(WebUiCommonHelper.java:1368)
	at com.kms.katalon.core.webui.keyword.internal.WebUIAbstractKeyword.findWebElement(WebUIAbstractKeyword.groovy:27)
	at com.kms.katalon.core.webui.keyword.builtin.ClickKeyword$_click_closure1.doCall(ClickKeyword.groovy:65)
	at com.kms.katalon.core.webui.keyword.builtin.ClickKeyword$_click_closure1.call(ClickKeyword.groovy)
	at com.kms.katalon.core.webui.keyword.internal.WebUIKeywordMain.runKeyword(WebUIKeywordMain.groovy:20)
	at com.kms.katalon.core.webui.keyword.builtin.ClickKeyword.click(ClickKeyword.groovy:74)
	at com.kms.katalon.core.webui.keyword.builtin.ClickKeyword.execute(ClickKeyword.groovy:40)
	at com.kms.katalon.core.keyword.internal.KeywordExecutor.executeKeywordForPlatform(KeywordExecutor.groovy:74)
	at com.kms.katalon.core.webui.keyword.WebUiBuiltInKeywords.click(WebUiBuiltInKeywords.groovy:620)
	at com.kms.katalon.core.webui.keyword.WebUiBuiltInKeywords$click$1.call(Unknown Source)
	at Script1642177017481.run(Script1642177017481.groovy:48)
	... 13 more
)

2022-01-17 23:34:23 - [MESSAGE][INFO] - Unable to find the element located by 'By.xpath: //button[@type='button']'. Please recheck the objects properties to make sure the desired element is located. 

2022-01-17 23:34:23 - [MESSAGE][FAILED] - Unable to click on object 'Object Repository/Page_Element/button_OK' (Root cause: com.kms.katalon.core.exception.StepFailedException: Unable to click on object 'Object Repository/Page_Element/button_OK'
	at com.kms.katalon.core.webui.keyword.internal.WebUIKeywordMain.stepFailed(WebUIKeywordMain.groovy:64)
	at com.kms.katalon.core.webui.keyword.internal.WebUIKeywordMain.runKeyword(WebUIKeywordMain.groovy:26)
	at com.kms.katalon.core.webui.keyword.builtin.ClickKeyword.click(ClickKeyword.groovy:74)
	at com.kms.katalon.core.webui.keyword.builtin.ClickKeyword.execute(ClickKeyword.groovy:40)
	at com.kms.katalon.core.keyword.internal.KeywordExecutor.executeKeywordForPlatform(KeywordExecutor.groovy:74)
	at com.kms.katalon.core.webui.keyword.WebUiBuiltInKeywords.click(WebUiBuiltInKeywords.groovy:620)
	at com.kms.katalon.core.webui.keyword.WebUiBuiltInKeywords$click$1.call(Unknown Source)
	at 76.AddInvalidPhoneNumber.run(76.AddInvalidPhoneNumber:48)
	at com.kms.katalon.core.main.ScriptEngine.run(ScriptEngine.java:194)
	at com.kms.katalon.core.main.ScriptEngine.runScriptAsRawText(ScriptEngine.java:119)
	at com.kms.katalon.core.main.TestCaseExecutor.runScript(TestCaseExecutor.java:442)
	at com.kms.katalon.core.main.TestCaseExecutor.doExecute(TestCaseExecutor.java:433)
	at com.kms.katalon.core.main.TestCaseExecutor.processExecutionPhase(TestCaseExecutor.java:412)
	at com.kms.katalon.core.main.TestCaseExecutor.accessMainPhase(TestCaseExecutor.java:404)
	at com.kms.katalon.core.main.TestCaseExecutor.execute(TestCaseExecutor.java:281)
	at com.kms.katalon.core.main.TestSuiteExecutor.accessTestCaseMainPhase(TestSuiteExecutor.java:202)
	at com.kms.katalon.core.main.TestSuiteExecutor.accessTestSuiteMainPhase(TestSuiteExecutor.java:164)
	at com.kms.katalon.core.main.TestSuiteExecutor.execute(TestSuiteExecutor.java:105)
	at com.kms.katalon.core.main.TestCaseMain.startTestSuite(TestCaseMain.java:181)
	at com.kms.katalon.core.main.TestCaseMain$startTestSuite$0.call(Unknown Source)
	at TempTestSuite1642435143013.run(TempTestSuite1642435143013.groovy:36)
Caused by: com.kms.katalon.core.webui.exception.WebElementNotFoundException: Web element with id: 'Object Repository/Page_Element/button_OK' located by '//button[@type='button']' not found
	at com.kms.katalon.core.webui.common.WebUiCommonHelper.findWebElement(WebUiCommonHelper.java:1368)
	at com.kms.katalon.core.webui.keyword.internal.WebUIAbstractKeyword.findWebElement(WebUIAbstractKeyword.groovy:27)
	at com.kms.katalon.core.webui.keyword.builtin.ClickKeyword$_click_closure1.doCall(ClickKeyword.groovy:65)
	at com.kms.katalon.core.webui.keyword.builtin.ClickKeyword$_click_closure1.call(ClickKeyword.groovy)
	at com.kms.katalon.core.webui.keyword.internal.WebUIKeywordMain.runKeyword(WebUIKeywordMain.groovy:20)
	at com.kms.katalon.core.webui.keyword.builtin.ClickKeyword.click(ClickKeyword.groovy:74)
	at com.kms.katalon.core.webui.keyword.builtin.ClickKeyword.execute(ClickKeyword.groovy:40)
	at com.kms.katalon.core.keyword.internal.KeywordExecutor.executeKeywordForPlatform(KeywordExecutor.groovy:74)
	at com.kms.katalon.core.webui.keyword.WebUiBuiltInKeywords.click(WebUiBuiltInKeywords.groovy:620)
	at com.kms.katalon.core.webui.keyword.WebUiBuiltInKeywords$click$1.call(Unknown Source)
	at Script1642177017481.run(Script1642177017481.groovy:48)
	... 13 more
)
[[ATTACHMENT|C:\\Users\\ha.pham\\Documents\\GitHub\\Bonus-SE\\Katalon_pj\\Bonus_SE\\Reports\\20220117_225903\\Run all test case\\20220117_225903\\1642437263117.png]]]]></system-out>
         <system-err><![CDATA[2022-01-17 23:33:09 - [TEST_CASE][FAILED] - Test Cases/76.AddInvalidPhoneNumber: Test Cases/76.AddInvalidPhoneNumber FAILED.
Reason:
com.kms.katalon.core.exception.StepFailedException: Unable to click on object 'Object Repository/Page_Element/button_OK'
	at com.kms.katalon.core.webui.keyword.internal.WebUIKeywordMain.stepFailed(WebUIKeywordMain.groovy:64)
	at com.kms.katalon.core.webui.keyword.internal.WebUIKeywordMain.runKeyword(WebUIKeywordMain.groovy:26)
	at com.kms.katalon.core.webui.keyword.builtin.ClickKeyword.click(ClickKeyword.groovy:74)
	at com.kms.katalon.core.webui.keyword.builtin.ClickKeyword.execute(ClickKeyword.groovy:40)
	at com.kms.katalon.core.keyword.internal.KeywordExecutor.executeKeywordForPlatform(KeywordExecutor.groovy:74)
	at com.kms.katalon.core.webui.keyword.WebUiBuiltInKeywords.click(WebUiBuiltInKeywords.groovy:620)
	at com.kms.katalon.core.webui.keyword.WebUiBuiltInKeywords$click$1.call(Unknown Source)
	at 76.AddInvalidPhoneNumber.run(76.AddInvalidPhoneNumber:48)
	at com.kms.katalon.core.main.ScriptEngine.run(ScriptEngine.java:194)
	at com.kms.katalon.core.main.ScriptEngine.runScriptAsRawText(ScriptEngine.java:119)
	at com.kms.katalon.core.main.TestCaseExecutor.runScript(TestCaseExecutor.java:442)
	at com.kms.katalon.core.main.TestCaseExecutor.doExecute(TestCaseExecutor.java:433)
	at com.kms.katalon.core.main.TestCaseExecutor.processExecutionPhase(TestCaseExecutor.java:412)
	at com.kms.katalon.core.main.TestCaseExecutor.accessMainPhase(TestCaseExecutor.java:404)
	at com.kms.katalon.core.main.TestCaseExecutor.execute(TestCaseExecutor.java:281)
	at com.kms.katalon.core.main.TestSuiteExecutor.accessTestCaseMainPhase(TestSuiteExecutor.java:202)
	at com.kms.katalon.core.main.TestSuiteExecutor.accessTestSuiteMainPhase(TestSuiteExecutor.java:164)
	at com.kms.katalon.core.main.TestSuiteExecutor.execute(TestSuiteExecutor.java:105)
	at com.kms.katalon.core.main.TestCaseMain.startTestSuite(TestCaseMain.java:181)
	at com.kms.katalon.core.main.TestCaseMain$startTestSuite$0.call(Unknown Source)
	at TempTestSuite1642435143013.run(TempTestSuite1642435143013.groovy:36)
Caused by: com.kms.katalon.core.webui.exception.WebElementNotFoundException: Web element with id: 'Object Repository/Page_Element/button_OK' located by '//button[@type='button']' not found
	at com.kms.katalon.core.webui.common.WebUiCommonHelper.findWebElement(WebUiCommonHelper.java:1368)
	at com.kms.katalon.core.webui.keyword.internal.WebUIAbstractKeyword.findWebElement(WebUIAbstractKeyword.groovy:27)
	at com.kms.katalon.core.webui.keyword.builtin.ClickKeyword$_click_closure1.doCall(ClickKeyword.groovy:65)
	at com.kms.katalon.core.webui.keyword.builtin.ClickKeyword$_click_closure1.call(ClickKeyword.groovy)
	at com.kms.katalon.core.webui.keyword.internal.WebUIKeywordMain.runKeyword(WebUIKeywordMain.groovy:20)
	... 19 more]]></system-err>
      </testcase>
      <testcase name="Test Cases/79.InvitePeopleToSpace_RightClick" time="34.0" classname="Test Cases/79.InvitePeopleToSpace_RightClick" status="PASSED">
         <system-out><![CDATA[2022-01-17 23:34:23 - [TEST_CASE][PASSED] - Test Cases/79.InvitePeopleToSpace_RightClick: Test Cases/79.InvitePeopleToSpace_RightClick

2022-01-17 23:34:23 - [TEST_STEP][PASSED] - openBrowser(""): Browser is opened with url: ''

2022-01-17 23:34:23 - [MESSAGE][WARNING] - A browser is already opened. Closing browser and opening a new one

2022-01-17 23:34:24 - [MESSAGE][INFO] - Starting 'Chrome' driver

2022-01-17 23:34:24 - [MESSAGE][INFO] - Action delay is set to 1,000 milliseconds

2022-01-17 23:34:26 - [MESSAGE][PASSED] - Browser is opened with url: ''

2022-01-17 23:34:26 - [TEST_STEP][PASSED] - navigateToUrl("http://localhost:8080/"): Navigate to 'http://localhost:8080/' successfully

2022-01-17 23:34:29 - [MESSAGE][PASSED] - Navigate to 'http://localhost:8080/' successfully

2022-01-17 23:34:29 - [TEST_STEP][PASSED] - click(findTestObject("Object Repository/Page_Element/div_Sign In")): Object: 'Object Repository/Page_Element/div_Sign In' is clicked on

2022-01-17 23:34:32 - [MESSAGE][PASSED] - Object: 'Object Repository/Page_Element/div_Sign In' is clicked on

2022-01-17 23:34:32 - [TEST_STEP][PASSED] - setText(findTestObject("Object Repository/Page_Element/input_Sign in with_username"), "ptnha19"): Text 'ptnha19' is set on object 'Object Repository/Page_Element/input_Sign in with_username'

2022-01-17 23:34:35 - [MESSAGE][PASSED] - Text 'ptnha19' is set on object 'Object Repository/Page_Element/input_Sign in with_username'

2022-01-17 23:34:35 - [TEST_STEP][PASSED] - setEncryptedText(findTestObject("Object Repository/Page_Element/input_Username_password"), "5R3Ima4A+eOeCrCDRGMLmJpaGR3V3+YI"): Text ****** has been set on object 'Object Repository/Page_Element/input_Username_password'

2022-01-17 23:34:38 - [MESSAGE][PASSED] - Text ****** has been set on object 'Object Repository/Page_Element/input_Username_password'

2022-01-17 23:34:38 - [TEST_STEP][PASSED] - click(findTestObject("Object Repository/Page_Element/input_Forgot password_mx_Login_submit")): Object: 'Object Repository/Page_Element/input_Forgot password_mx_Login_submit' is clicked on

2022-01-17 23:34:39 - [MESSAGE][PASSED] - Object: 'Object Repository/Page_Element/input_Forgot password_mx_Login_submit' is clicked on

2022-01-17 23:34:39 - [TEST_STEP][PASSED] - click(findTestObject("Object Repository/Page_Element/div_Verify with Security Key")): Object: 'Object Repository/Page_Element/div_Verify with Security Key' is clicked on

2022-01-17 23:34:46 - [MESSAGE][PASSED] - Object: 'Object Repository/Page_Element/div_Verify with Security Key' is clicked on

2022-01-17 23:34:46 - [TEST_STEP][PASSED] - setEncryptedText(findTestObject("Object Repository/Page_Element/input_Security Key_mx_Field_4"), "PF4jXtbe/5x5+S5PgN4Kl/QbANAkWZYKqKaG9gW6gn+Po31AOnak0DX8GoEzAUkskgpeON1UhfEqZG0XXngJPA=="): Text ****** has been set on object 'Object Repository/Page_Element/input_Security Key_mx_Field_4'

2022-01-17 23:34:49 - [MESSAGE][PASSED] - Text ****** has been set on object 'Object Repository/Page_Element/input_Security Key_mx_Field_4'

2022-01-17 23:34:49 - [TEST_STEP][PASSED] - click(findTestObject("Object Repository/Page_Element/button_Continue")): Object: 'Object Repository/Page_Element/button_Continue' is clicked on

2022-01-17 23:34:50 - [MESSAGE][PASSED] - Object: 'Object Repository/Page_Element/button_Continue' is clicked on

2022-01-17 23:34:50 - [TEST_STEP][PASSED] - click(findTestObject("Object Repository/Page_Element/div_Done")): Object: 'Object Repository/Page_Element/div_Done' is clicked on

2022-01-17 23:34:53 - [MESSAGE][PASSED] - Object: 'Object Repository/Page_Element/div_Done' is clicked on

2022-01-17 23:34:53 - [TEST_STEP][PASSED] - rightClick(findTestObject("Object Repository/Page_Element/span_H")): Object: 'Object Repository/Page_Element/span_H' is right clicked on

2022-01-17 23:34:53 - [MESSAGE][PASSED] - Object: 'Object Repository/Page_Element/span_H' is right clicked on

2022-01-17 23:34:53 - [TEST_STEP][PASSED] - click(findTestObject("Object Repository/Page_Element/span_Invite")): Object: 'Object Repository/Page_Element/span_Invite' is clicked on

2022-01-17 23:34:54 - [MESSAGE][PASSED] - Object: 'Object Repository/Page_Element/span_Invite' is clicked on

2022-01-17 23:34:54 - [TEST_STEP][PASSED] - click(findTestObject("Object Repository/Page_Element/input_share this space_focus-visible")): Object: 'Object Repository/Page_Element/input_share this space_focus-visible' is clicked on

2022-01-17 23:34:55 - [MESSAGE][PASSED] - Object: 'Object Repository/Page_Element/input_share this space_focus-visible' is clicked on

2022-01-17 23:34:55 - [TEST_STEP][PASSED] - closeBrowser(): Browser is closed

2022-01-17 23:34:57 - [MESSAGE][PASSED] - Browser is closed]]></system-out>
         <system-err><![CDATA[]]></system-err>
      </testcase>
      <testcase name="Test Cases/81.SettingSpace_RightClick" time="36.601" classname="Test Cases/81.SettingSpace_RightClick" status="PASSED">
         <system-out><![CDATA[2022-01-17 23:34:57 - [TEST_CASE][PASSED] - Test Cases/81.SettingSpace_RightClick: Test Cases/81.SettingSpace_RightClick

2022-01-17 23:34:57 - [TEST_STEP][PASSED] - openBrowser(""): Browser is opened with url: ''

2022-01-17 23:34:57 - [MESSAGE][INFO] - Starting 'Chrome' driver

2022-01-17 23:34:57 - [MESSAGE][INFO] - Action delay is set to 1,000 milliseconds

2022-01-17 23:34:59 - [MESSAGE][PASSED] - Browser is opened with url: ''

2022-01-17 23:34:59 - [TEST_STEP][PASSED] - navigateToUrl("http://localhost:8080/"): Navigate to 'http://localhost:8080/' successfully

2022-01-17 23:35:01 - [MESSAGE][PASSED] - Navigate to 'http://localhost:8080/' successfully

2022-01-17 23:35:01 - [TEST_STEP][PASSED] - click(findTestObject("Object Repository/Page_Element/div_Sign In")): Object: 'Object Repository/Page_Element/div_Sign In' is clicked on

2022-01-17 23:35:06 - [MESSAGE][PASSED] - Object: 'Object Repository/Page_Element/div_Sign In' is clicked on

2022-01-17 23:35:06 - [TEST_STEP][PASSED] - setText(findTestObject("Object Repository/Page_Element/input_Sign in with_username"), "ptnha19"): Text 'ptnha19' is set on object 'Object Repository/Page_Element/input_Sign in with_username'

2022-01-17 23:35:09 - [MESSAGE][PASSED] - Text 'ptnha19' is set on object 'Object Repository/Page_Element/input_Sign in with_username'

2022-01-17 23:35:09 - [TEST_STEP][PASSED] - setEncryptedText(findTestObject("Object Repository/Page_Element/input_Username_password"), "5R3Ima4A+eOeCrCDRGMLmJpaGR3V3+YI"): Text ****** has been set on object 'Object Repository/Page_Element/input_Username_password'

2022-01-17 23:35:11 - [MESSAGE][PASSED] - Text ****** has been set on object 'Object Repository/Page_Element/input_Username_password'

2022-01-17 23:35:11 - [TEST_STEP][PASSED] - click(findTestObject("Object Repository/Page_Element/input_Forgot password_mx_Login_submit")): Object: 'Object Repository/Page_Element/input_Forgot password_mx_Login_submit' is clicked on

2022-01-17 23:35:13 - [MESSAGE][PASSED] - Object: 'Object Repository/Page_Element/input_Forgot password_mx_Login_submit' is clicked on

2022-01-17 23:35:13 - [TEST_STEP][PASSED] - click(findTestObject("Object Repository/Page_Element/div_Verify with Security Key")): Object: 'Object Repository/Page_Element/div_Verify with Security Key' is clicked on

2022-01-17 23:35:22 - [MESSAGE][PASSED] - Object: 'Object Repository/Page_Element/div_Verify with Security Key' is clicked on

2022-01-17 23:35:22 - [TEST_STEP][PASSED] - setEncryptedText(findTestObject("Object Repository/Page_Element/input_Security Key_mx_Field_4"), "PF4jXtbe/5x5+S5PgN4Kl/QbANAkWZYKqKaG9gW6gn+Po31AOnak0DX8GoEzAUkskgpeON1UhfEqZG0XXngJPA=="): Text ****** has been set on object 'Object Repository/Page_Element/input_Security Key_mx_Field_4'

2022-01-17 23:35:26 - [MESSAGE][PASSED] - Text ****** has been set on object 'Object Repository/Page_Element/input_Security Key_mx_Field_4'

2022-01-17 23:35:26 - [TEST_STEP][PASSED] - click(findTestObject("Object Repository/Page_Element/button_Continue")): Object: 'Object Repository/Page_Element/button_Continue' is clicked on

2022-01-17 23:35:27 - [MESSAGE][PASSED] - Object: 'Object Repository/Page_Element/button_Continue' is clicked on

2022-01-17 23:35:27 - [TEST_STEP][PASSED] - click(findTestObject("Object Repository/Page_Element/div_Done")): Object: 'Object Repository/Page_Element/div_Done' is clicked on

2022-01-17 23:35:29 - [MESSAGE][PASSED] - Object: 'Object Repository/Page_Element/div_Done' is clicked on

2022-01-17 23:35:29 - [TEST_STEP][PASSED] - rightClick(findTestObject("Object Repository/Page_Element/span_H")): Object: 'Object Repository/Page_Element/span_H' is right clicked on

2022-01-17 23:35:30 - [MESSAGE][PASSED] - Object: 'Object Repository/Page_Element/span_H' is right clicked on

2022-01-17 23:35:30 - [TEST_STEP][PASSED] - click(findTestObject("Object Repository/Page_Element/span_Settings")): Object: 'Object Repository/Page_Element/span_Settings' is clicked on

2022-01-17 23:35:31 - [MESSAGE][PASSED] - Object: 'Object Repository/Page_Element/span_Settings' is clicked on

2022-01-17 23:35:31 - [TEST_STEP][PASSED] - click(findTestObject("Object Repository/Page_Element/input_Upload_spaceName")): Object: 'Object Repository/Page_Element/input_Upload_spaceName' is clicked on

2022-01-17 23:35:32 - [MESSAGE][PASSED] - Object: 'Object Repository/Page_Element/input_Upload_spaceName' is clicked on

2022-01-17 23:35:32 - [TEST_STEP][PASSED] - closeBrowser(): Browser is closed

2022-01-17 23:35:33 - [MESSAGE][PASSED] - Browser is closed]]></system-out>
         <system-err><![CDATA[]]></system-err>
      </testcase>
      <testcase name="Test Cases/84.CreateNewRoomThroughExploreRoom" time="46.779" classname="Test Cases/84.CreateNewRoomThroughExploreRoom" status="PASSED">
         <system-out><![CDATA[2022-01-17 23:35:33 - [TEST_CASE][PASSED] - Test Cases/84.CreateNewRoomThroughExploreRoom: Test Cases/84.CreateNewRoomThroughExploreRoom

2022-01-17 23:35:34 - [TEST_STEP][PASSED] - openBrowser(""): Browser is opened with url: ''

2022-01-17 23:35:34 - [MESSAGE][INFO] - Starting 'Chrome' driver

2022-01-17 23:35:34 - [MESSAGE][INFO] - Action delay is set to 1,000 milliseconds

2022-01-17 23:35:36 - [MESSAGE][PASSED] - Browser is opened with url: ''

2022-01-17 23:35:36 - [TEST_STEP][PASSED] - navigateToUrl("http://localhost:8080/"): Navigate to 'http://localhost:8080/' successfully

2022-01-17 23:35:38 - [MESSAGE][PASSED] - Navigate to 'http://localhost:8080/' successfully

2022-01-17 23:35:38 - [TEST_STEP][PASSED] - click(findTestObject("Object Repository/Page_Element/div_Sign In")): Object: 'Object Repository/Page_Element/div_Sign In' is clicked on

2022-01-17 23:35:42 - [MESSAGE][PASSED] - Object: 'Object Repository/Page_Element/div_Sign In' is clicked on

2022-01-17 23:35:42 - [TEST_STEP][PASSED] - setText(findTestObject("Object Repository/Page_Element/input_Sign in with_username"), "ptnha19"): Text 'ptnha19' is set on object 'Object Repository/Page_Element/input_Sign in with_username'

2022-01-17 23:35:46 - [MESSAGE][PASSED] - Text 'ptnha19' is set on object 'Object Repository/Page_Element/input_Sign in with_username'

2022-01-17 23:35:46 - [TEST_STEP][PASSED] - setEncryptedText(findTestObject("Object Repository/Page_Element/input_Username_password"), "5R3Ima4A+eOeCrCDRGMLmJpaGR3V3+YI"): Text ****** has been set on object 'Object Repository/Page_Element/input_Username_password'

2022-01-17 23:35:48 - [MESSAGE][PASSED] - Text ****** has been set on object 'Object Repository/Page_Element/input_Username_password'

2022-01-17 23:35:48 - [TEST_STEP][PASSED] - click(findTestObject("Object Repository/Page_Element/input_Forgot password_mx_Login_submit")): Object: 'Object Repository/Page_Element/input_Forgot password_mx_Login_submit' is clicked on

2022-01-17 23:35:49 - [MESSAGE][PASSED] - Object: 'Object Repository/Page_Element/input_Forgot password_mx_Login_submit' is clicked on

2022-01-17 23:35:49 - [TEST_STEP][PASSED] - click(findTestObject("Object Repository/Page_Element/div_Verify with Security Key")): Object: 'Object Repository/Page_Element/div_Verify with Security Key' is clicked on

2022-01-17 23:36:02 - [MESSAGE][PASSED] - Object: 'Object Repository/Page_Element/div_Verify with Security Key' is clicked on

2022-01-17 23:36:02 - [TEST_STEP][PASSED] - setEncryptedText(findTestObject("Object Repository/Page_Element/input_Security Key_mx_Field_4"), "PF4jXtbe/5x5+S5PgN4Kl/QbANAkWZYKqKaG9gW6gn+Po31AOnak0DX8GoEzAUkskgpeON1UhfEqZG0XXngJPA=="): Text ****** has been set on object 'Object Repository/Page_Element/input_Security Key_mx_Field_4'

2022-01-17 23:36:08 - [MESSAGE][PASSED] - Text ****** has been set on object 'Object Repository/Page_Element/input_Security Key_mx_Field_4'

2022-01-17 23:36:08 - [TEST_STEP][PASSED] - click(findTestObject("Object Repository/Page_Element/button_Continue")): Object: 'Object Repository/Page_Element/button_Continue' is clicked on

2022-01-17 23:36:09 - [MESSAGE][PASSED] - Object: 'Object Repository/Page_Element/button_Continue' is clicked on

2022-01-17 23:36:09 - [TEST_STEP][PASSED] - click(findTestObject("Object Repository/Page_Element/div_Done")): Object: 'Object Repository/Page_Element/div_Done' is clicked on

2022-01-17 23:36:12 - [MESSAGE][PASSED] - Object: 'Object Repository/Page_Element/div_Done' is clicked on

2022-01-17 23:36:12 - [TEST_STEP][PASSED] - click(findTestObject("Object Repository/Page_Element/div_Ctrl K_mx_AccessibleButton mx_LeftPanel_88084c")): Object: 'Object Repository/Page_Element/div_Ctrl K_mx_AccessibleButton mx_LeftPanel_88084c' is clicked on

2022-01-17 23:36:13 - [MESSAGE][PASSED] - Object: 'Object Repository/Page_Element/div_Ctrl K_mx_AccessibleButton mx_LeftPanel_88084c' is clicked on

2022-01-17 23:36:13 - [TEST_STEP][PASSED] - click(findTestObject("Object Repository/Page_Element/div_Create a new room")): Object: 'Object Repository/Page_Element/div_Create a new room' is clicked on

2022-01-17 23:36:14 - [MESSAGE][PASSED] - Object: 'Object Repository/Page_Element/div_Create a new room' is clicked on

2022-01-17 23:36:14 - [TEST_STEP][PASSED] - setText(findTestObject("Object Repository/Page_Element/input_Create a public room_mx_Field_5"), "abc"): Text 'abc' is set on object 'Object Repository/Page_Element/input_Create a public room_mx_Field_5'

2022-01-17 23:36:17 - [MESSAGE][PASSED] - Text 'abc' is set on object 'Object Repository/Page_Element/input_Create a public room_mx_Field_5'

2022-01-17 23:36:17 - [TEST_STEP][PASSED] - click(findTestObject("Object Repository/Page_Element/button_Cancel")): Object: 'Object Repository/Page_Element/button_Cancel' is clicked on

2022-01-17 23:36:19 - [MESSAGE][PASSED] - Object: 'Object Repository/Page_Element/button_Cancel' is clicked on

2022-01-17 23:36:19 - [TEST_STEP][PASSED] - closeBrowser(): Browser is closed

2022-01-17 23:36:20 - [MESSAGE][PASSED] - Browser is closed]]></system-out>
         <system-err><![CDATA[]]></system-err>
      </testcase>
      <testcase name="Test Cases/87.CreateRoomShowAdvanced" time="41.683" classname="Test Cases/87.CreateRoomShowAdvanced" status="PASSED">
         <system-out><![CDATA[2022-01-17 23:36:20 - [TEST_CASE][PASSED] - Test Cases/87.CreateRoomShowAdvanced: Test Cases/87.CreateRoomShowAdvanced

2022-01-17 23:36:20 - [TEST_STEP][PASSED] - openBrowser(""): Browser is opened with url: ''

2022-01-17 23:36:20 - [MESSAGE][INFO] - Starting 'Chrome' driver

2022-01-17 23:36:20 - [MESSAGE][INFO] - Action delay is set to 1,000 milliseconds

2022-01-17 23:36:22 - [MESSAGE][PASSED] - Browser is opened with url: ''

2022-01-17 23:36:22 - [TEST_STEP][PASSED] - navigateToUrl("http://localhost:8080/"): Navigate to 'http://localhost:8080/' successfully

2022-01-17 23:36:25 - [MESSAGE][PASSED] - Navigate to 'http://localhost:8080/' successfully

2022-01-17 23:36:25 - [TEST_STEP][PASSED] - click(findTestObject("Object Repository/Page_Element/div_Sign In")): Object: 'Object Repository/Page_Element/div_Sign In' is clicked on

2022-01-17 23:36:29 - [MESSAGE][PASSED] - Object: 'Object Repository/Page_Element/div_Sign In' is clicked on

2022-01-17 23:36:29 - [TEST_STEP][PASSED] - setText(findTestObject("Object Repository/Page_Element/input_Sign in with_username"), "ptnha19"): Text 'ptnha19' is set on object 'Object Repository/Page_Element/input_Sign in with_username'

2022-01-17 23:36:33 - [MESSAGE][PASSED] - Text 'ptnha19' is set on object 'Object Repository/Page_Element/input_Sign in with_username'

2022-01-17 23:36:33 - [TEST_STEP][PASSED] - setEncryptedText(findTestObject("Object Repository/Page_Element/input_Username_password"), "5R3Ima4A+eOeCrCDRGMLmJpaGR3V3+YI"): Text ****** has been set on object 'Object Repository/Page_Element/input_Username_password'

2022-01-17 23:36:35 - [MESSAGE][PASSED] - Text ****** has been set on object 'Object Repository/Page_Element/input_Username_password'

2022-01-17 23:36:35 - [TEST_STEP][PASSED] - click(findTestObject("Object Repository/Page_Element/input_Forgot password_mx_Login_submit")): Object: 'Object Repository/Page_Element/input_Forgot password_mx_Login_submit' is clicked on

2022-01-17 23:36:36 - [MESSAGE][PASSED] - Object: 'Object Repository/Page_Element/input_Forgot password_mx_Login_submit' is clicked on

2022-01-17 23:36:36 - [TEST_STEP][PASSED] - click(findTestObject("Object Repository/Page_Element/div_Verify with Security Key")): Object: 'Object Repository/Page_Element/div_Verify with Security Key' is clicked on

2022-01-17 23:36:45 - [MESSAGE][PASSED] - Object: 'Object Repository/Page_Element/div_Verify with Security Key' is clicked on

2022-01-17 23:36:45 - [TEST_STEP][PASSED] - setEncryptedText(findTestObject("Object Repository/Page_Element/input_Security Key_mx_Field_4"), "PF4jXtbe/5x5+S5PgN4Kl/QbANAkWZYKqKaG9gW6gn+Po31AOnak0DX8GoEzAUkskgpeON1UhfEqZG0XXngJPA=="): Text ****** has been set on object 'Object Repository/Page_Element/input_Security Key_mx_Field_4'

2022-01-17 23:36:50 - [MESSAGE][PASSED] - Text ****** has been set on object 'Object Repository/Page_Element/input_Security Key_mx_Field_4'

2022-01-17 23:36:50 - [TEST_STEP][PASSED] - click(findTestObject("Object Repository/Page_Element/button_Continue")): Object: 'Object Repository/Page_Element/button_Continue' is clicked on

2022-01-17 23:36:51 - [MESSAGE][PASSED] - Object: 'Object Repository/Page_Element/button_Continue' is clicked on

2022-01-17 23:36:51 - [TEST_STEP][PASSED] - click(findTestObject("Object Repository/Page_Element/div_Done")): Object: 'Object Repository/Page_Element/div_Done' is clicked on

2022-01-17 23:36:54 - [MESSAGE][PASSED] - Object: 'Object Repository/Page_Element/div_Done' is clicked on

2022-01-17 23:36:54 - [TEST_STEP][PASSED] - click(findTestObject("Object Repository/Page_Element/div_Create a Group Chat")): Object: 'Object Repository/Page_Element/div_Create a Group Chat' is clicked on

2022-01-17 23:36:55 - [MESSAGE][PASSED] - Object: 'Object Repository/Page_Element/div_Create a Group Chat' is clicked on

2022-01-17 23:36:55 - [TEST_STEP][PASSED] - click(findTestObject("Object Repository/Page_Element/summary_Show advanced")): Object: 'Object Repository/Page_Element/summary_Show advanced' is clicked on

2022-01-17 23:36:56 - [MESSAGE][PASSED] - Object: 'Object Repository/Page_Element/summary_Show advanced' is clicked on

2022-01-17 23:36:56 - [TEST_STEP][PASSED] - setText(findTestObject("Object Repository/Page_Element/input_Name_mx_Field_6"), "abc"): Text 'abc' is set on object 'Object Repository/Page_Element/input_Name_mx_Field_6'

2022-01-17 23:36:59 - [MESSAGE][PASSED] - Text 'abc' is set on object 'Object Repository/Page_Element/input_Name_mx_Field_6'

2022-01-17 23:36:59 - [TEST_STEP][PASSED] - click(findTestObject("Object Repository/Page_Element/button_Cancel")): Object: 'Object Repository/Page_Element/button_Cancel' is clicked on

2022-01-17 23:37:00 - [MESSAGE][PASSED] - Object: 'Object Repository/Page_Element/button_Cancel' is clicked on

2022-01-17 23:37:00 - [TEST_STEP][PASSED] - closeBrowser(): Browser is closed

2022-01-17 23:37:02 - [MESSAGE][PASSED] - Browser is closed]]></system-out>
         <system-err><![CDATA[]]></system-err>
      </testcase>
      <testcase name="Test Cases/89.SendMessageExploreRoom" time="61.098" classname="Test Cases/89.SendMessageExploreRoom" status="FAILED">
         <failure type="FAILED" message="Test Cases/89.SendMessageExploreRoom FAILED.
Reason:
com.kms.katalon.core.exception.StepFailedException: Unable to click on object 'Object Repository/Page_Element/span_Send a Direct Message'
	at com.kms.katalon.core.webui.keyword.internal.WebUIKeywordMain.stepFailed(WebUIKeywordMain.groovy:64)
	at com.kms.katalon.core.webui.keyword.internal.WebUIKeywordMain.runKeyword(WebUIKeywordMain.groovy:26)
	at com.kms.katalon.core.webui.keyword.builtin.ClickKeyword.click(ClickKeyword.groovy:74)
	at com.kms.katalon.core.webui.keyword.builtin.ClickKeyword.execute(ClickKeyword.groovy:40)
	at com.kms.katalon.core.keyword.internal.KeywordExecutor.executeKeywordForPlatform(KeywordExecutor.groovy:74)
	at com.kms.katalon.core.webui.keyword.WebUiBuiltInKeywords.click(WebUiBuiltInKeywords.groovy:620)
	at com.kms.katalon.core.webui.keyword.WebUiBuiltInKeywords$click$1.call(Unknown Source)
	at 89.SendMessageExploreRoom.run(89.SendMessageExploreRoom:40)
	at com.kms.katalon.core.main.ScriptEngine.run(ScriptEngine.java:194)
	at com.kms.katalon.core.main.ScriptEngine.runScriptAsRawText(ScriptEngine.java:119)
	at com.kms.katalon.core.main.TestCaseExecutor.runScript(TestCaseExecutor.java:442)
	at com.kms.katalon.core.main.TestCaseExecutor.doExecute(TestCaseExecutor.java:433)
	at com.kms.katalon.core.main.TestCaseExecutor.processExecutionPhase(TestCaseExecutor.java:412)
	at com.kms.katalon.core.main.TestCaseExecutor.accessMainPhase(TestCaseExecutor.java:404)
	at com.kms.katalon.core.main.TestCaseExecutor.execute(TestCaseExecutor.java:281)
	at com.kms.katalon.core.main.TestSuiteExecutor.accessTestCaseMainPhase(TestSuiteExecutor.java:202)
	at com.kms.katalon.core.main.TestSuiteExecutor.accessTestSuiteMainPhase(TestSuiteExecutor.java:164)
	at com.kms.katalon.core.main.TestSuiteExecutor.execute(TestSuiteExecutor.java:105)
	at com.kms.katalon.core.main.TestCaseMain.startTestSuite(TestCaseMain.java:181)
	at com.kms.katalon.core.main.TestCaseMain$startTestSuite$0.call(Unknown Source)
	at TempTestSuite1642435143013.run(TempTestSuite1642435143013.groovy:36)
Caused by: com.kms.katalon.core.webui.exception.WebElementNotFoundException: Web element with id: 'Object Repository/Page_Element/span_Send a Direct Message' located by '//section[@id='matrixchat']/div/div[2]/div[3]/div/div/div/div/span' not found
	at com.kms.katalon.core.webui.common.WebUiCommonHelper.findWebElement(WebUiCommonHelper.java:1368)
	at com.kms.katalon.core.webui.keyword.internal.WebUIAbstractKeyword.findWebElement(WebUIAbstractKeyword.groovy:27)
	at com.kms.katalon.core.webui.keyword.builtin.ClickKeyword$_click_closure1.doCall(ClickKeyword.groovy:65)
	at com.kms.katalon.core.webui.keyword.builtin.ClickKeyword$_click_closure1.call(ClickKeyword.groovy)
	at com.kms.katalon.core.webui.keyword.internal.WebUIKeywordMain.runKeyword(WebUIKeywordMain.groovy:20)
	... 19 more
"/>
         <system-out><![CDATA[2022-01-17 23:37:02 - [TEST_CASE][FAILED] - Test Cases/89.SendMessageExploreRoom: Test Cases/89.SendMessageExploreRoom FAILED.
Reason:
com.kms.katalon.core.exception.StepFailedException: Unable to click on object 'Object Repository/Page_Element/span_Send a Direct Message'
	at com.kms.katalon.core.webui.keyword.internal.WebUIKeywordMain.stepFailed(WebUIKeywordMain.groovy:64)
	at com.kms.katalon.core.webui.keyword.internal.WebUIKeywordMain.runKeyword(WebUIKeywordMain.groovy:26)
	at com.kms.katalon.core.webui.keyword.builtin.ClickKeyword.click(ClickKeyword.groovy:74)
	at com.kms.katalon.core.webui.keyword.builtin.ClickKeyword.execute(ClickKeyword.groovy:40)
	at com.kms.katalon.core.keyword.internal.KeywordExecutor.executeKeywordForPlatform(KeywordExecutor.groovy:74)
	at com.kms.katalon.core.webui.keyword.WebUiBuiltInKeywords.click(WebUiBuiltInKeywords.groovy:620)
	at com.kms.katalon.core.webui.keyword.WebUiBuiltInKeywords$click$1.call(Unknown Source)
	at 89.SendMessageExploreRoom.run(89.SendMessageExploreRoom:40)
	at com.kms.katalon.core.main.ScriptEngine.run(ScriptEngine.java:194)
	at com.kms.katalon.core.main.ScriptEngine.runScriptAsRawText(ScriptEngine.java:119)
	at com.kms.katalon.core.main.TestCaseExecutor.runScript(TestCaseExecutor.java:442)
	at com.kms.katalon.core.main.TestCaseExecutor.doExecute(TestCaseExecutor.java:433)
	at com.kms.katalon.core.main.TestCaseExecutor.processExecutionPhase(TestCaseExecutor.java:412)
	at com.kms.katalon.core.main.TestCaseExecutor.accessMainPhase(TestCaseExecutor.java:404)
	at com.kms.katalon.core.main.TestCaseExecutor.execute(TestCaseExecutor.java:281)
	at com.kms.katalon.core.main.TestSuiteExecutor.accessTestCaseMainPhase(TestSuiteExecutor.java:202)
	at com.kms.katalon.core.main.TestSuiteExecutor.accessTestSuiteMainPhase(TestSuiteExecutor.java:164)
	at com.kms.katalon.core.main.TestSuiteExecutor.execute(TestSuiteExecutor.java:105)
	at com.kms.katalon.core.main.TestCaseMain.startTestSuite(TestCaseMain.java:181)
	at com.kms.katalon.core.main.TestCaseMain$startTestSuite$0.call(Unknown Source)
	at TempTestSuite1642435143013.run(TempTestSuite1642435143013.groovy:36)
Caused by: com.kms.katalon.core.webui.exception.WebElementNotFoundException: Web element with id: 'Object Repository/Page_Element/span_Send a Direct Message' located by '//section[@id='matrixchat']/div/div[2]/div[3]/div/div/div/div/span' not found
	at com.kms.katalon.core.webui.common.WebUiCommonHelper.findWebElement(WebUiCommonHelper.java:1368)
	at com.kms.katalon.core.webui.keyword.internal.WebUIAbstractKeyword.findWebElement(WebUIAbstractKeyword.groovy:27)
	at com.kms.katalon.core.webui.keyword.builtin.ClickKeyword$_click_closure1.doCall(ClickKeyword.groovy:65)
	at com.kms.katalon.core.webui.keyword.builtin.ClickKeyword$_click_closure1.call(ClickKeyword.groovy)
	at com.kms.katalon.core.webui.keyword.internal.WebUIKeywordMain.runKeyword(WebUIKeywordMain.groovy:20)
	... 19 more


2022-01-17 23:37:02 - [TEST_STEP][PASSED] - openBrowser(""): Browser is opened with url: ''

2022-01-17 23:37:02 - [MESSAGE][INFO] - Starting 'Chrome' driver

2022-01-17 23:37:02 - [MESSAGE][INFO] - Action delay is set to 1,000 milliseconds

2022-01-17 23:37:04 - [MESSAGE][PASSED] - Browser is opened with url: ''

2022-01-17 23:37:04 - [TEST_STEP][PASSED] - navigateToUrl("http://localhost:8080/"): Navigate to 'http://localhost:8080/' successfully

2022-01-17 23:37:07 - [MESSAGE][PASSED] - Navigate to 'http://localhost:8080/' successfully

2022-01-17 23:37:07 - [TEST_STEP][PASSED] - click(findTestObject("Object Repository/Page_Element/div_Sign In")): Object: 'Object Repository/Page_Element/div_Sign In' is clicked on

2022-01-17 23:37:10 - [MESSAGE][PASSED] - Object: 'Object Repository/Page_Element/div_Sign In' is clicked on

2022-01-17 23:37:10 - [TEST_STEP][PASSED] - setText(findTestObject("Object Repository/Page_Element/input_Sign in with_username"), "ptnha19"): Text 'ptnha19' is set on object 'Object Repository/Page_Element/input_Sign in with_username'

2022-01-17 23:37:13 - [MESSAGE][PASSED] - Text 'ptnha19' is set on object 'Object Repository/Page_Element/input_Sign in with_username'

2022-01-17 23:37:13 - [TEST_STEP][PASSED] - setEncryptedText(findTestObject("Object Repository/Page_Element/input_Username_password"), "5R3Ima4A+eOeCrCDRGMLmJpaGR3V3+YI"): Text ****** has been set on object 'Object Repository/Page_Element/input_Username_password'

2022-01-17 23:37:15 - [MESSAGE][PASSED] - Text ****** has been set on object 'Object Repository/Page_Element/input_Username_password'

2022-01-17 23:37:15 - [TEST_STEP][PASSED] - click(findTestObject("Object Repository/Page_Element/input_Forgot password_mx_Login_submit")): Object: 'Object Repository/Page_Element/input_Forgot password_mx_Login_submit' is clicked on

2022-01-17 23:37:16 - [MESSAGE][PASSED] - Object: 'Object Repository/Page_Element/input_Forgot password_mx_Login_submit' is clicked on

2022-01-17 23:37:16 - [TEST_STEP][PASSED] - click(findTestObject("Object Repository/Page_Element/div_Verify with Security Key")): Object: 'Object Repository/Page_Element/div_Verify with Security Key' is clicked on

2022-01-17 23:37:24 - [MESSAGE][PASSED] - Object: 'Object Repository/Page_Element/div_Verify with Security Key' is clicked on

2022-01-17 23:37:24 - [TEST_STEP][PASSED] - setEncryptedText(findTestObject("Object Repository/Page_Element/input_Security Key_mx_Field_4"), "PF4jXtbe/5x5+S5PgN4Kl/QbANAkWZYKqKaG9gW6gn+Po31AOnak0DX8GoEzAUkskgpeON1UhfEqZG0XXngJPA=="): Text ****** has been set on object 'Object Repository/Page_Element/input_Security Key_mx_Field_4'

2022-01-17 23:37:28 - [MESSAGE][PASSED] - Text ****** has been set on object 'Object Repository/Page_Element/input_Security Key_mx_Field_4'

2022-01-17 23:37:28 - [TEST_STEP][PASSED] - click(findTestObject("Object Repository/Page_Element/button_Continue")): Object: 'Object Repository/Page_Element/button_Continue' is clicked on

2022-01-17 23:37:29 - [MESSAGE][PASSED] - Object: 'Object Repository/Page_Element/button_Continue' is clicked on

2022-01-17 23:37:29 - [TEST_STEP][PASSED] - click(findTestObject("Object Repository/Page_Element/div_Done")): Object: 'Object Repository/Page_Element/div_Done' is clicked on

2022-01-17 23:37:32 - [MESSAGE][PASSED] - Object: 'Object Repository/Page_Element/div_Done' is clicked on

2022-01-17 23:37:32 - [TEST_STEP][FAILED] - click(findTestObject("Object Repository/Page_Element/span_Send a Direct Message")): Unable to click on object 'Object Repository/Page_Element/span_Send a Direct Message' (Root cause: com.kms.katalon.core.exception.StepFailedException: Unable to click on object 'Object Repository/Page_Element/span_Send a Direct Message'
	at com.kms.katalon.core.webui.keyword.internal.WebUIKeywordMain.stepFailed(WebUIKeywordMain.groovy:64)
	at com.kms.katalon.core.webui.keyword.internal.WebUIKeywordMain.runKeyword(WebUIKeywordMain.groovy:26)
	at com.kms.katalon.core.webui.keyword.builtin.ClickKeyword.click(ClickKeyword.groovy:74)
	at com.kms.katalon.core.webui.keyword.builtin.ClickKeyword.execute(ClickKeyword.groovy:40)
	at com.kms.katalon.core.keyword.internal.KeywordExecutor.executeKeywordForPlatform(KeywordExecutor.groovy:74)
	at com.kms.katalon.core.webui.keyword.WebUiBuiltInKeywords.click(WebUiBuiltInKeywords.groovy:620)
	at com.kms.katalon.core.webui.keyword.WebUiBuiltInKeywords$click$1.call(Unknown Source)
	at 89.SendMessageExploreRoom.run(89.SendMessageExploreRoom:40)
	at com.kms.katalon.core.main.ScriptEngine.run(ScriptEngine.java:194)
	at com.kms.katalon.core.main.ScriptEngine.runScriptAsRawText(ScriptEngine.java:119)
	at com.kms.katalon.core.main.TestCaseExecutor.runScript(TestCaseExecutor.java:442)
	at com.kms.katalon.core.main.TestCaseExecutor.doExecute(TestCaseExecutor.java:433)
	at com.kms.katalon.core.main.TestCaseExecutor.processExecutionPhase(TestCaseExecutor.java:412)
	at com.kms.katalon.core.main.TestCaseExecutor.accessMainPhase(TestCaseExecutor.java:404)
	at com.kms.katalon.core.main.TestCaseExecutor.execute(TestCaseExecutor.java:281)
	at com.kms.katalon.core.main.TestSuiteExecutor.accessTestCaseMainPhase(TestSuiteExecutor.java:202)
	at com.kms.katalon.core.main.TestSuiteExecutor.accessTestSuiteMainPhase(TestSuiteExecutor.java:164)
	at com.kms.katalon.core.main.TestSuiteExecutor.execute(TestSuiteExecutor.java:105)
	at com.kms.katalon.core.main.TestCaseMain.startTestSuite(TestCaseMain.java:181)
	at com.kms.katalon.core.main.TestCaseMain$startTestSuite$0.call(Unknown Source)
	at TempTestSuite1642435143013.run(TempTestSuite1642435143013.groovy:36)
Caused by: com.kms.katalon.core.webui.exception.WebElementNotFoundException: Web element with id: 'Object Repository/Page_Element/span_Send a Direct Message' located by '//section[@id='matrixchat']/div/div[2]/div[3]/div/div/div/div/span' not found
	at com.kms.katalon.core.webui.common.WebUiCommonHelper.findWebElement(WebUiCommonHelper.java:1368)
	at com.kms.katalon.core.webui.keyword.internal.WebUIAbstractKeyword.findWebElement(WebUIAbstractKeyword.groovy:27)
	at com.kms.katalon.core.webui.keyword.builtin.ClickKeyword$_click_closure1.doCall(ClickKeyword.groovy:65)
	at com.kms.katalon.core.webui.keyword.builtin.ClickKeyword$_click_closure1.call(ClickKeyword.groovy)
	at com.kms.katalon.core.webui.keyword.internal.WebUIKeywordMain.runKeyword(WebUIKeywordMain.groovy:20)
	at com.kms.katalon.core.webui.keyword.builtin.ClickKeyword.click(ClickKeyword.groovy:74)
	at com.kms.katalon.core.webui.keyword.builtin.ClickKeyword.execute(ClickKeyword.groovy:40)
	at com.kms.katalon.core.keyword.internal.KeywordExecutor.executeKeywordForPlatform(KeywordExecutor.groovy:74)
	at com.kms.katalon.core.webui.keyword.WebUiBuiltInKeywords.click(WebUiBuiltInKeywords.groovy:620)
	at com.kms.katalon.core.webui.keyword.WebUiBuiltInKeywords$click$1.call(Unknown Source)
	at Script1642354217442.run(Script1642354217442.groovy:40)
	... 13 more
)

2022-01-17 23:38:03 - [MESSAGE][INFO] - Unable to find the element located by 'By.xpath: //section[@id='matrixchat']/div/div[2]/div[3]/div/div/div/div/span'. Please recheck the objects properties to make sure the desired element is located. 

2022-01-17 23:38:03 - [MESSAGE][FAILED] - Unable to click on object 'Object Repository/Page_Element/span_Send a Direct Message' (Root cause: com.kms.katalon.core.exception.StepFailedException: Unable to click on object 'Object Repository/Page_Element/span_Send a Direct Message'
	at com.kms.katalon.core.webui.keyword.internal.WebUIKeywordMain.stepFailed(WebUIKeywordMain.groovy:64)
	at com.kms.katalon.core.webui.keyword.internal.WebUIKeywordMain.runKeyword(WebUIKeywordMain.groovy:26)
	at com.kms.katalon.core.webui.keyword.builtin.ClickKeyword.click(ClickKeyword.groovy:74)
	at com.kms.katalon.core.webui.keyword.builtin.ClickKeyword.execute(ClickKeyword.groovy:40)
	at com.kms.katalon.core.keyword.internal.KeywordExecutor.executeKeywordForPlatform(KeywordExecutor.groovy:74)
	at com.kms.katalon.core.webui.keyword.WebUiBuiltInKeywords.click(WebUiBuiltInKeywords.groovy:620)
	at com.kms.katalon.core.webui.keyword.WebUiBuiltInKeywords$click$1.call(Unknown Source)
	at 89.SendMessageExploreRoom.run(89.SendMessageExploreRoom:40)
	at com.kms.katalon.core.main.ScriptEngine.run(ScriptEngine.java:194)
	at com.kms.katalon.core.main.ScriptEngine.runScriptAsRawText(ScriptEngine.java:119)
	at com.kms.katalon.core.main.TestCaseExecutor.runScript(TestCaseExecutor.java:442)
	at com.kms.katalon.core.main.TestCaseExecutor.doExecute(TestCaseExecutor.java:433)
	at com.kms.katalon.core.main.TestCaseExecutor.processExecutionPhase(TestCaseExecutor.java:412)
	at com.kms.katalon.core.main.TestCaseExecutor.accessMainPhase(TestCaseExecutor.java:404)
	at com.kms.katalon.core.main.TestCaseExecutor.execute(TestCaseExecutor.java:281)
	at com.kms.katalon.core.main.TestSuiteExecutor.accessTestCaseMainPhase(TestSuiteExecutor.java:202)
	at com.kms.katalon.core.main.TestSuiteExecutor.accessTestSuiteMainPhase(TestSuiteExecutor.java:164)
	at com.kms.katalon.core.main.TestSuiteExecutor.execute(TestSuiteExecutor.java:105)
	at com.kms.katalon.core.main.TestCaseMain.startTestSuite(TestCaseMain.java:181)
	at com.kms.katalon.core.main.TestCaseMain$startTestSuite$0.call(Unknown Source)
	at TempTestSuite1642435143013.run(TempTestSuite1642435143013.groovy:36)
Caused by: com.kms.katalon.core.webui.exception.WebElementNotFoundException: Web element with id: 'Object Repository/Page_Element/span_Send a Direct Message' located by '//section[@id='matrixchat']/div/div[2]/div[3]/div/div/div/div/span' not found
	at com.kms.katalon.core.webui.common.WebUiCommonHelper.findWebElement(WebUiCommonHelper.java:1368)
	at com.kms.katalon.core.webui.keyword.internal.WebUIAbstractKeyword.findWebElement(WebUIAbstractKeyword.groovy:27)
	at com.kms.katalon.core.webui.keyword.builtin.ClickKeyword$_click_closure1.doCall(ClickKeyword.groovy:65)
	at com.kms.katalon.core.webui.keyword.builtin.ClickKeyword$_click_closure1.call(ClickKeyword.groovy)
	at com.kms.katalon.core.webui.keyword.internal.WebUIKeywordMain.runKeyword(WebUIKeywordMain.groovy:20)
	at com.kms.katalon.core.webui.keyword.builtin.ClickKeyword.click(ClickKeyword.groovy:74)
	at com.kms.katalon.core.webui.keyword.builtin.ClickKeyword.execute(ClickKeyword.groovy:40)
	at com.kms.katalon.core.keyword.internal.KeywordExecutor.executeKeywordForPlatform(KeywordExecutor.groovy:74)
	at com.kms.katalon.core.webui.keyword.WebUiBuiltInKeywords.click(WebUiBuiltInKeywords.groovy:620)
	at com.kms.katalon.core.webui.keyword.WebUiBuiltInKeywords$click$1.call(Unknown Source)
	at Script1642354217442.run(Script1642354217442.groovy:40)
	... 13 more
)
[[ATTACHMENT|C:\\Users\\ha.pham\\Documents\\GitHub\\Bonus-SE\\Katalon_pj\\Bonus_SE\\Reports\\20220117_225903\\Run all test case\\20220117_225903\\1642437483286.png]]]]></system-out>
         <system-err><![CDATA[2022-01-17 23:37:02 - [TEST_CASE][FAILED] - Test Cases/89.SendMessageExploreRoom: Test Cases/89.SendMessageExploreRoom FAILED.
Reason:
com.kms.katalon.core.exception.StepFailedException: Unable to click on object 'Object Repository/Page_Element/span_Send a Direct Message'
	at com.kms.katalon.core.webui.keyword.internal.WebUIKeywordMain.stepFailed(WebUIKeywordMain.groovy:64)
	at com.kms.katalon.core.webui.keyword.internal.WebUIKeywordMain.runKeyword(WebUIKeywordMain.groovy:26)
	at com.kms.katalon.core.webui.keyword.builtin.ClickKeyword.click(ClickKeyword.groovy:74)
	at com.kms.katalon.core.webui.keyword.builtin.ClickKeyword.execute(ClickKeyword.groovy:40)
	at com.kms.katalon.core.keyword.internal.KeywordExecutor.executeKeywordForPlatform(KeywordExecutor.groovy:74)
	at com.kms.katalon.core.webui.keyword.WebUiBuiltInKeywords.click(WebUiBuiltInKeywords.groovy:620)
	at com.kms.katalon.core.webui.keyword.WebUiBuiltInKeywords$click$1.call(Unknown Source)
	at 89.SendMessageExploreRoom.run(89.SendMessageExploreRoom:40)
	at com.kms.katalon.core.main.ScriptEngine.run(ScriptEngine.java:194)
	at com.kms.katalon.core.main.ScriptEngine.runScriptAsRawText(ScriptEngine.java:119)
	at com.kms.katalon.core.main.TestCaseExecutor.runScript(TestCaseExecutor.java:442)
	at com.kms.katalon.core.main.TestCaseExecutor.doExecute(TestCaseExecutor.java:433)
	at com.kms.katalon.core.main.TestCaseExecutor.processExecutionPhase(TestCaseExecutor.java:412)
	at com.kms.katalon.core.main.TestCaseExecutor.accessMainPhase(TestCaseExecutor.java:404)
	at com.kms.katalon.core.main.TestCaseExecutor.execute(TestCaseExecutor.java:281)
	at com.kms.katalon.core.main.TestSuiteExecutor.accessTestCaseMainPhase(TestSuiteExecutor.java:202)
	at com.kms.katalon.core.main.TestSuiteExecutor.accessTestSuiteMainPhase(TestSuiteExecutor.java:164)
	at com.kms.katalon.core.main.TestSuiteExecutor.execute(TestSuiteExecutor.java:105)
	at com.kms.katalon.core.main.TestCaseMain.startTestSuite(TestCaseMain.java:181)
	at com.kms.katalon.core.main.TestCaseMain$startTestSuite$0.call(Unknown Source)
	at TempTestSuite1642435143013.run(TempTestSuite1642435143013.groovy:36)
Caused by: com.kms.katalon.core.webui.exception.WebElementNotFoundException: Web element with id: 'Object Repository/Page_Element/span_Send a Direct Message' located by '//section[@id='matrixchat']/div/div[2]/div[3]/div/div/div/div/span' not found
	at com.kms.katalon.core.webui.common.WebUiCommonHelper.findWebElement(WebUiCommonHelper.java:1368)
	at com.kms.katalon.core.webui.keyword.internal.WebUIAbstractKeyword.findWebElement(WebUIAbstractKeyword.groovy:27)
	at com.kms.katalon.core.webui.keyword.builtin.ClickKeyword$_click_closure1.doCall(ClickKeyword.groovy:65)
	at com.kms.katalon.core.webui.keyword.builtin.ClickKeyword$_click_closure1.call(ClickKeyword.groovy)
	at com.kms.katalon.core.webui.keyword.internal.WebUIKeywordMain.runKeyword(WebUIKeywordMain.groovy:20)
	... 19 more]]></system-err>
      </testcase>
      <testcase name="Test Cases/20.Set_favorate_room" time="40.391" classname="Test Cases/20.Set_favorate_room" status="PASSED">
         <system-out><![CDATA[2022-01-17 23:38:03 - [TEST_CASE][PASSED] - Test Cases/20.Set_favorate_room: Test Cases/20.Set_favorate_room

2022-01-17 23:38:03 - [TEST_STEP][PASSED] - openBrowser(""): Browser is opened with url: ''

2022-01-17 23:38:03 - [MESSAGE][WARNING] - A browser is already opened. Closing browser and opening a new one

2022-01-17 23:38:05 - [MESSAGE][INFO] - Starting 'Chrome' driver

2022-01-17 23:38:05 - [MESSAGE][INFO] - Action delay is set to 1,000 milliseconds

2022-01-17 23:38:07 - [MESSAGE][PASSED] - Browser is opened with url: ''

2022-01-17 23:38:07 - [TEST_STEP][PASSED] - navigateToUrl("http://localhost:8080/"): Navigate to 'http://localhost:8080/' successfully

2022-01-17 23:38:09 - [MESSAGE][PASSED] - Navigate to 'http://localhost:8080/' successfully

2022-01-17 23:38:09 - [TEST_STEP][PASSED] - click(findTestObject("Object Repository/Page_Element/div_Sign In")): Object: 'Object Repository/Page_Element/div_Sign In' is clicked on

2022-01-17 23:38:13 - [MESSAGE][PASSED] - Object: 'Object Repository/Page_Element/div_Sign In' is clicked on

2022-01-17 23:38:13 - [TEST_STEP][PASSED] - setText(findTestObject("Object Repository/Page_Element/input_Sign in with_username"), "ptnha19"): Text 'ptnha19' is set on object 'Object Repository/Page_Element/input_Sign in with_username'

2022-01-17 23:38:17 - [MESSAGE][PASSED] - Text 'ptnha19' is set on object 'Object Repository/Page_Element/input_Sign in with_username'

2022-01-17 23:38:17 - [TEST_STEP][PASSED] - setEncryptedText(findTestObject("Object Repository/Page_Element/input_Username_password"), "5R3Ima4A+eOeCrCDRGMLmJpaGR3V3+YI"): Text ****** has been set on object 'Object Repository/Page_Element/input_Username_password'

2022-01-17 23:38:19 - [MESSAGE][PASSED] - Text ****** has been set on object 'Object Repository/Page_Element/input_Username_password'

2022-01-17 23:38:19 - [TEST_STEP][PASSED] - click(findTestObject("Object Repository/Page_Element/input_Forgot password_mx_Login_submit")): Object: 'Object Repository/Page_Element/input_Forgot password_mx_Login_submit' is clicked on

2022-01-17 23:38:20 - [MESSAGE][PASSED] - Object: 'Object Repository/Page_Element/input_Forgot password_mx_Login_submit' is clicked on

2022-01-17 23:38:20 - [TEST_STEP][PASSED] - click(findTestObject("Object Repository/Page_Element/div_Verify with Security Key")): Object: 'Object Repository/Page_Element/div_Verify with Security Key' is clicked on

2022-01-17 23:38:29 - [MESSAGE][PASSED] - Object: 'Object Repository/Page_Element/div_Verify with Security Key' is clicked on

2022-01-17 23:38:29 - [TEST_STEP][PASSED] - setEncryptedText(findTestObject("Object Repository/Page_Element/input_Security Key_mx_Field_4"), "PF4jXtbe/5x5+S5PgN4Kl/QbANAkWZYKqKaG9gW6gn+Po31AOnak0DX8GoEzAUkskgpeON1UhfEqZG0XXngJPA=="): Text ****** has been set on object 'Object Repository/Page_Element/input_Security Key_mx_Field_4'

2022-01-17 23:38:34 - [MESSAGE][PASSED] - Text ****** has been set on object 'Object Repository/Page_Element/input_Security Key_mx_Field_4'

2022-01-17 23:38:34 - [TEST_STEP][PASSED] - click(findTestObject("Object Repository/Page_Element/button_Continue")): Object: 'Object Repository/Page_Element/button_Continue' is clicked on

2022-01-17 23:38:35 - [MESSAGE][PASSED] - Object: 'Object Repository/Page_Element/button_Continue' is clicked on

2022-01-17 23:38:35 - [TEST_STEP][PASSED] - click(findTestObject("Object Repository/Page_Element/div_Done")): Object: 'Object Repository/Page_Element/div_Done' is clicked on

2022-01-17 23:38:37 - [MESSAGE][PASSED] - Object: 'Object Repository/Page_Element/div_Done' is clicked on

2022-01-17 23:38:37 - [TEST_STEP][PASSED] - click(findTestObject("Object Repository/Page_Element/div_hehe")): Object: 'Object Repository/Page_Element/div_hehe' is clicked on

2022-01-17 23:38:38 - [MESSAGE][PASSED] - Object: 'Object Repository/Page_Element/div_hehe' is clicked on

2022-01-17 23:38:38 - [TEST_STEP][PASSED] - click(findTestObject("Object Repository/Page_Element  hehe/div_hehe_mx_RoomHeader_chevron")): Object: 'Object Repository/Page_Element  hehe/div_hehe_mx_RoomHeader_chevron' is clicked on

2022-01-17 23:38:40 - [MESSAGE][PASSED] - Object: 'Object Repository/Page_Element  hehe/div_hehe_mx_RoomHeader_chevron' is clicked on

2022-01-17 23:38:40 - [TEST_STEP][PASSED] - click(findTestObject("Object Repository/Page_Element  hehe/div_Favorite")): Object: 'Object Repository/Page_Element  hehe/div_Favorite' is clicked on

2022-01-17 23:38:41 - [MESSAGE][PASSED] - Object: 'Object Repository/Page_Element  hehe/div_Favorite' is clicked on

2022-01-17 23:38:41 - [TEST_STEP][PASSED] - click(findTestObject("Object Repository/Page_Element  hehe/div_This room is public_mx_ContextualMenu_b_fc4f75")): Object: 'Object Repository/Page_Element  hehe/div_This room is public_mx_ContextualMenu_b_fc4f75' is clicked on

2022-01-17 23:38:42 - [MESSAGE][PASSED] - Object: 'Object Repository/Page_Element  hehe/div_This room is public_mx_ContextualMenu_b_fc4f75' is clicked on

2022-01-17 23:38:42 - [TEST_STEP][PASSED] - closeBrowser(): Browser is closed

2022-01-17 23:38:43 - [MESSAGE][PASSED] - Browser is closed]]></system-out>
         <system-err><![CDATA[]]></system-err>
      </testcase>
      <system-out><![CDATA[2022-01-17 22:59:13 - [TEST_SUITE][FAILED] - Run all test case: Test Cases/78.RightClickSpace FAILED.
Reason:
com.kms.katalon.core.exception.StepFailedException: Unable to set text 'abc' of object 'Object Repository/Page_Element  hey ban Khoa/input_This is a test space_mx_textinput_ico_852234'
	at com.kms.katalon.core.webui.keyword.internal.WebUIKeywordMain.stepFailed(WebUIKeywordMain.groovy:64)
	at com.kms.katalon.core.webui.keyword.internal.WebUIKeywordMain.runKeyword(WebUIKeywordMain.groovy:26)
	at com.kms.katalon.core.webui.keyword.builtin.SetTextKeyword.setText(SetTextKeyword.groovy:66)
	at com.kms.katalon.core.webui.keyword.builtin.SetTextKeyword.execute(SetTextKeyword.groovy:37)
	at com.kms.katalon.core.keyword.internal.KeywordExecutor.executeKeywordForPlatform(KeywordExecutor.groovy:74)
	at com.kms.katalon.core.webui.keyword.WebUiBuiltInKeywords.setText(WebUiBuiltInKeywords.groovy:980)
	at com.kms.katalon.core.webui.keyword.WebUiBuiltInKeywords$setText$2.call(Unknown Source)
	at 78.RightClickSpace.run(78.RightClickSpace:44)
	at com.kms.katalon.core.main.ScriptEngine.run(ScriptEngine.java:194)
	at com.kms.katalon.core.main.ScriptEngine.runScriptAsRawText(ScriptEngine.java:119)
	at com.kms.katalon.core.main.TestCaseExecutor.runScript(TestCaseExecutor.java:442)
	at com.kms.katalon.core.main.TestCaseExecutor.doExecute(TestCaseExecutor.java:433)
	at com.kms.katalon.core.main.TestCaseExecutor.processExecutionPhase(TestCaseExecutor.java:412)
	at com.kms.katalon.core.main.TestCaseExecutor.accessMainPhase(TestCaseExecutor.java:404)
	at com.kms.katalon.core.main.TestCaseExecutor.execute(TestCaseExecutor.java:281)
	at com.kms.katalon.core.main.TestSuiteExecutor.accessTestCaseMainPhase(TestSuiteExecutor.java:202)
	at com.kms.katalon.core.main.TestSuiteExecutor.accessTestSuiteMainPhase(TestSuiteExecutor.java:164)
	at com.kms.katalon.core.main.TestSuiteExecutor.execute(TestSuiteExecutor.java:105)
	at com.kms.katalon.core.main.TestCaseMain.startTestSuite(TestCaseMain.java:181)
	at com.kms.katalon.core.main.TestCaseMain$startTestSuite$0.call(Unknown Source)
	at TempTestSuite1642435143013.run(TempTestSuite1642435143013.groovy:36)
Caused by: com.kms.katalon.core.webui.exception.WebElementNotFoundException: Web element with id: 'Object Repository/Page_Element  hey ban Khoa/input_This is a test space_mx_textinput_ico_852234' located by '(//input[@value=''])[2]' not found
	at com.kms.katalon.core.webui.common.WebUiCommonHelper.findWebElement(WebUiCommonHelper.java:1368)
	at com.kms.katalon.core.webui.keyword.internal.WebUIAbstractKeyword.findWebElement(WebUIAbstractKeyword.groovy:27)
	at com.kms.katalon.core.webui.keyword.internal.WebUIAbstractKeyword.findWebElement(WebUIAbstractKeyword.groovy:26)
	at com.kms.katalon.core.webui.keyword.builtin.SetTextKeyword$_setText_closure1.doCall(SetTextKeyword.groovy:51)
	at com.kms.katalon.core.webui.keyword.builtin.SetTextKeyword$_setText_closure1.call(SetTextKeyword.groovy)
	at com.kms.katalon.core.webui.keyword.internal.WebUIKeywordMain.runKeyword(WebUIKeywordMain.groovy:20)
	... 19 more]]></system-out>
      <system-err><![CDATA[2022-01-17 22:59:13 - [TEST_SUITE][FAILED] - Run all test case: Test Cases/78.RightClickSpace FAILED.
Reason:
com.kms.katalon.core.exception.StepFailedException: Unable to set text 'abc' of object 'Object Repository/Page_Element  hey ban Khoa/input_This is a test space_mx_textinput_ico_852234'
	at com.kms.katalon.core.webui.keyword.internal.WebUIKeywordMain.stepFailed(WebUIKeywordMain.groovy:64)
	at com.kms.katalon.core.webui.keyword.internal.WebUIKeywordMain.runKeyword(WebUIKeywordMain.groovy:26)
	at com.kms.katalon.core.webui.keyword.builtin.SetTextKeyword.setText(SetTextKeyword.groovy:66)
	at com.kms.katalon.core.webui.keyword.builtin.SetTextKeyword.execute(SetTextKeyword.groovy:37)
	at com.kms.katalon.core.keyword.internal.KeywordExecutor.executeKeywordForPlatform(KeywordExecutor.groovy:74)
	at com.kms.katalon.core.webui.keyword.WebUiBuiltInKeywords.setText(WebUiBuiltInKeywords.groovy:980)
	at com.kms.katalon.core.webui.keyword.WebUiBuiltInKeywords$setText$2.call(Unknown Source)
	at 78.RightClickSpace.run(78.RightClickSpace:44)
	at com.kms.katalon.core.main.ScriptEngine.run(ScriptEngine.java:194)
	at com.kms.katalon.core.main.ScriptEngine.runScriptAsRawText(ScriptEngine.java:119)
	at com.kms.katalon.core.main.TestCaseExecutor.runScript(TestCaseExecutor.java:442)
	at com.kms.katalon.core.main.TestCaseExecutor.doExecute(TestCaseExecutor.java:433)
	at com.kms.katalon.core.main.TestCaseExecutor.processExecutionPhase(TestCaseExecutor.java:412)
	at com.kms.katalon.core.main.TestCaseExecutor.accessMainPhase(TestCaseExecutor.java:404)
	at com.kms.katalon.core.main.TestCaseExecutor.execute(TestCaseExecutor.java:281)
	at com.kms.katalon.core.main.TestSuiteExecutor.accessTestCaseMainPhase(TestSuiteExecutor.java:202)
	at com.kms.katalon.core.main.TestSuiteExecutor.accessTestSuiteMainPhase(TestSuiteExecutor.java:164)
	at com.kms.katalon.core.main.TestSuiteExecutor.execute(TestSuiteExecutor.java:105)
	at com.kms.katalon.core.main.TestCaseMain.startTestSuite(TestCaseMain.java:181)
	at com.kms.katalon.core.main.TestCaseMain$startTestSuite$0.call(Unknown Source)
	at TempTestSuite1642435143013.run(TempTestSuite1642435143013.groovy:36)
Caused by: com.kms.katalon.core.webui.exception.WebElementNotFoundException: Web element with id: 'Object Repository/Page_Element  hey ban Khoa/input_This is a test space_mx_textinput_ico_852234' located by '(//input[@value=''])[2]' not found
	at com.kms.katalon.core.webui.common.WebUiCommonHelper.findWebElement(WebUiCommonHelper.java:1368)
	at com.kms.katalon.core.webui.keyword.internal.WebUIAbstractKeyword.findWebElement(WebUIAbstractKeyword.groovy:27)
	at com.kms.katalon.core.webui.keyword.internal.WebUIAbstractKeyword.findWebElement(WebUIAbstractKeyword.groovy:26)
	at com.kms.katalon.core.webui.keyword.builtin.SetTextKeyword$_setText_closure1.doCall(SetTextKeyword.groovy:51)
	at com.kms.katalon.core.webui.keyword.builtin.SetTextKeyword$_setText_closure1.call(SetTextKeyword.groovy)
	at com.kms.katalon.core.webui.keyword.internal.WebUIKeywordMain.runKeyword(WebUIKeywordMain.groovy:20)
	... 19 more]]></system-err>
   </testsuite>
</testsuites>
